2025-12-27 11:51:22,099 - INFO  - 
🚀 Starting generation of function: foo164
2025-12-27 11:51:22,099 - INFO  - 
FUNCTION INITIALIZATION
2025-12-27 11:51:22,099 - INFO  - ==================================================

2025-12-27 11:51:22,399 - INFO  - Initial pending functions: ['foo164']
2025-12-27 11:51:22,400 - INFO  - 
GENERATE ANNOTATION FOR foo164
2025-12-27 11:51:22,400 - INFO  - ==================================================

2025-12-27 11:51:22,400 - INFO  - Function foo164 has been initialized
2025-12-27 11:51:22,444 - INFO  - Content of ACSL foo164.c file to be inserted into template: 

/*@
    requires n > 0;
    */
    
void foo164(int n) {

    int b;
    int j;
    int flag;

    j = 0;
    b = 0;


    while(b < n){
       if(flag == 1){
       j = j + 1;
       b = b + 1;
      }
       else if (flag != 1){
       b = b + 1;
      }
      }

    /*@ assert (j != n) ==> (flag != 1); */

  }
2025-12-27 11:51:22,444 - INFO  - Content of pre-annotated foo164.c file: 

    #include "../verification_stdlib.h"
    #include "../verification_list.h"
    #include "../int_array_def.h"

    /*@ Extern Coq (Result: Assertion) */
    /*@ Extern Coq (Results: Z -> Assertion) */

        

void foo164(int n) 

            /*@
            Require n > 0
            Ensure Results(__return)
            */
            {

    int b;
    int j;
    int flag;

    j = 0;
    b = 0;


    while(b < n){
       if(flag == 1){
       j = j + 1;
       b = b + 1;
      }
       else if (flag != 1){
       b = b + 1;
      }
      }

    

  }
2025-12-27 11:51:22,445 - INFO  - 
GENERATE LOOP INVARIANT FOR foo164
2025-12-27 11:51:22,445 - INFO  - ==================================================

2025-12-27 11:51:22,515 - INFO  - file_name: foo164
2025-12-27 11:51:22,598 - DEBUG  - INNER_FLAG: False
2025-12-27 11:51:22,599 - INFO  - Variable Maps:[{'j': '0', 'b': '0', 'n': 'n@pre'}]
2025-12-27 11:51:22,599 - INFO  - Path conditions: ['n@pre > 0']
2025-12-27 11:51:22,599 - INFO  - Pre condition: n@pre > 0 && undef_data_at(&flag) * (j == 0) * (b == 0) * (n == n@pre)
2025-12-27 11:51:22,600 - INFO  - Loop Condition: b < n
2025-12-27 11:51:22,600 - INFO  - Array Names: []
2025-12-27 11:51:22,600 - INFO  - Updated Loop Conditions: ['0 < n@pre']
2025-12-27 11:51:22,600 - INFO  - Global Unchanged Variables: ['n']
2025-12-27 11:51:22,601 - INFO  - Non Inductive Variables: []
2025-12-27 11:51:22,601 - INFO  - Unchanged Arrays (Read-only): []
2025-12-27 11:51:22,601 - INFO  - after assignments
2025-12-27 11:51:22,601 - INFO  - 
            
        /* >>> LOOP INVARIANT TO FILL <<< */
        
            /*@
            */
            while(b < n){
       if(flag == 1){
       j = j + 1;
       b = b + 1;
      }
       else if (flag != 1){
       b = b + 1;
      }
      }
            
2025-12-27 11:52:07,348 - INFO  - think in natural language: ### a. Loop Purpose and Structure

**Purpose and Intended Outcome:**
The loop in `foo164` is designed to increment variables `b` and `j` based on the value of `flag`. The intended outcome is to ensure that `b` reaches the value `n`, and `j` is incremented only when `flag` is 1. The post-condition asserts that if `j` is not equal to `n`, then `flag` is not 1.

**Loop Structure:**
- **Governing Condition:** `while (b < n)` - The loop continues as long as `b` is less than `n`.
- **Operations in the Body:**
  - If `flag == 1`, both `j` and `b` are incremented by 1.
  - If `flag != 1`, only `b` is incremented by 1.
- **Relevant Variables:**
  - `n`: The upper bound for `b` (input parameter, required to be `n > 0`).
  - `b`: Counter variable, incremented in each iteration.
  - `j`: Counter variable, incremented only when `flag == 1`.
  - `flag`: Controls whether `j` is incremented.

### b. Sample and Analyze Variable Values

**Initial State (Pre-Loop Sampling):**
- `n`: Some positive integer (e.g., `n = 5`).
- `b = 0`, `j = 0`, `flag`: Uninitialized (could be 0 or 1, but let's assume `flag` is initialized to 0 or 1 for this analysis).

**Post-Iteration Sampling:**
Assume `n = 5` and `flag = 1`:
1. After iteration 1: `b = 1`, `j = 1`.
2. After iteration 2: `b = 2`, `j = 2`.
3. After iteration 3: `b = 3`, `j = 3`.
4. After iteration 4: `b = 4`, `j = 4`.
5. After iteration 5: `b = 5`, `j = 5` (loop terminates).

Assume `n = 5` and `flag = 0`:
1. After iteration 1: `b = 1`, `j = 0`.
2. After iteration 2: `b = 2`, `j = 0`.
3. After iteration 3: `b = 3`, `j = 0`.
4. After iteration 4: `b = 4`, `j = 0`.
5. After iteration 5: `b = 5`, `j = 0` (loop terminates).

### c. Verification Goal Analysis

**Verification Goal (Post-condition):**
`(j != n) ==> (flag != 1)`

**Can the Verification Goal Serve as an Invariant?**
No, because the verification goal is only required to hold after the loop terminates, not necessarily during iterations. During the loop, `j` may not equal `n` even if `flag == 1` (e.g., if the loop hasn't finished executing).

**Modifying the Verification Goal for an Invariant:**
We can create an invariant that captures the relationship between `j`, `b`, and `flag`:
- `(flag == 1) ==> (j == b)`: If `flag` is 1, then `j` must equal `b` (since `j` is incremented with `b`).
- `(flag != 1) ==> (j == 0)`: If `flag` is not 1, then `j` remains 0.

This invariant satisfies:
1. **Establishment:** Before the loop, `b = 0` and `j = 0`, so the invariant holds regardless of `flag`.
2. **Preservation:** In each iteration, if `flag == 1`, `j` and `b` are incremented together, preserving `j == b`. If `flag != 1`, `j` is unchanged, preserving `j == 0`.
3. **Termination:** At termination, `b == n`. The invariant implies:
   - If `flag == 1`, then `j == b == n`, so `(j != n)` is false, making the post-condition vacuously true.
   - If `flag != 1`, then `j == 0`, so `(j != n)` is true, and the post-condition requires `flag != 1`, which holds.

### d. Loop Invariant Discussion

**Proposed Loop Invariant:**
- `(flag == 1) ==> (j == b)`
- `(flag != 1) ==> (j == 0)`

**Why It Is Valid:**
- At the start: `b = 0`, `j = 0`, so both implications hold.
- During the loop:
  - If `flag == 1`, `j` and `b` are incremented together, preserving `j == b`.
  - If `flag != 1`, `j` is unchanged, preserving `j == 0`.
- At termination: The invariant still holds, and combined with `b == n`, it implies the post-condition.

### e. Establishment

**How the Invariant is Established:**
Before the loop:
- `b = 0`, `j = 0`.
- If `flag == 1`, then `j == b` (both are 0).
- If `flag != 1`, then `j == 0`.
Thus, the invariant holds before the first iteration.

### f. Preservation

**How the Invariant is Preserved:**
Assume the invariant holds at the start of an iteration where `b < n`:
1. If `flag == 1`:
   - Before: `j == b`.
   - After: `j` and `b` are both incremented by 1, so `j == b` still holds.
2. If `flag != 1`:
   - Before: `j == 0`.
   - After: `j` is unchanged, so `j == 0` still holds.
Thus, the invariant is preserved in all cases.

### g. Termination Analysis

**State at Termination:**
- Loop condition `b < n` becomes false, so `b >= n`.
- From the loop body, `b` is incremented by 1 each time, so at termination, `b == n`.
- From the invariant:
  - If `flag == 1`, then `j == b == n`.
  - If `flag != 1`, then `j == 0`.

**Why the Invariant Remains Valid:**
The invariant is independent of the loop condition, so it remains true when the loop terminates.

### h. Post-condition Correctness

**Post-condition:** `(j != n) ==> (flag != 1)`

**Evaluation:**
- If `j != n`:
  - From the invariant, if `flag == 1`, then `j == n`, so `j != n` implies `flag != 1`.
  - If `flag != 1`, the post-condition holds.
- If `j == n`:
  - The post-condition is vacuously true (antecedent is false).
Thus, the post-condition is correct.

### Final Loop Invariant (Formal Annotation):
```c
/*@
  loop invariant (flag == 1) ==> (j == b);
  loop invariant (flag != 1) ==> (j == 0);
*/
while (b < n) {
  // Loop body
}
```
2025-12-27 11:52:07,349 - INFO  - after const
2025-12-27 11:52:07,349 - INFO  - 
            
        /* >>> LOOP INVARIANT TO FILL <<< */
        
            /*@
          loop invariant n == \at(n,Pre);
            */
            while(b < n){
       if(flag == 1){
       j = j + 1;
       b = b + 1;
      }
       else if (flag != 1){
       b = b + 1;
      }
      }
            
2025-12-27 11:52:07,350 - INFO  - after not in
2025-12-27 11:52:07,350 - INFO  - 
            
        /* >>> LOOP INVARIANT TO FILL <<< */
        
            /*@
          loop invariant (!(0 < \at(n,Pre))) ==> ((j == 0)&&(b == 0)&&(n == \at(n,Pre)));
          loop invariant n == \at(n,Pre);
            */
            while(b < n){
       if(flag == 1){
       j = j + 1;
       b = b + 1;
      }
       else if (flag != 1){
       b = b + 1;
      }
      }
            
2025-12-27 11:52:07,350 - INFO  - after vars
2025-12-27 11:52:07,350 - INFO  - 
            
        /* >>> LOOP INVARIANT TO FILL <<< */
        
            /*@
          loop invariant (0 < \at(n,Pre)) ==> (PLACE_HOLDER_b) ;
          loop invariant (0 < \at(n,Pre)) ==> (PLACE_HOLDER_j) ;
          loop invariant (!(0 < \at(n,Pre))) ==> ((j == 0)&&(b == 0)&&(n == \at(n,Pre)));
          loop invariant n == \at(n,Pre);
            */
            while(b < n){
       if(flag == 1){
       j = j + 1;
       b = b + 1;
      }
       else if (flag != 1){
       b = b + 1;
      }
      }
            
2025-12-27 11:52:07,350 - INFO  - after verification goal
2025-12-27 11:52:07,351 - INFO  - 
            
        /* >>> LOOP INVARIANT TO FILL <<< */
        
            /*@
          loop invariant (0 < \at(n,Pre)) ==> (PLACE_HOLDER_VERFICATION_GOAL);
          loop invariant (0 < \at(n,Pre)) ==> (PLACE_HOLDER_b) ;
          loop invariant (0 < \at(n,Pre)) ==> (PLACE_HOLDER_j) ;
          loop invariant (!(0 < \at(n,Pre))) ==> ((j == 0)&&(b == 0)&&(n == \at(n,Pre)));
          loop invariant n == \at(n,Pre);
            */
            while(b < n){
       if(flag == 1){
       j = j + 1;
       b = b + 1;
      }
       else if (flag != 1){
       b = b + 1;
      }
      }
            
2025-12-27 11:52:07,361 - INFO  - Content of loop template: 

/*@
    requires n > 0;
    */
    
void foo164(int n) {

    int b;
    int j;
    int flag;

    j = 0;
    b = 0;


    
            
        /* >>> LOOP INVARIANT TO FILL <<< */
        
            /*@
          PLACE_HOLDER_LOOP
            */
            while(b < n){
       if(flag == 1){
       j = j + 1;
       b = b + 1;
      }
       else if (flag != 1){
       b = b + 1;
      }
      }
            

    /*@ assert (j != n) ==> (flag != 1); */

  }
2025-12-27 11:52:07,367 - INFO  - Content of loop template: 

/*@
    requires n > 0;
    */
    
void foo164(int n) {

    int b;
    int j;
    int flag;

    j = 0;
    b = 0;


    
            
        /* >>> LOOP INVARIANT TO FILL <<< */
        
            /*@
          loop invariant (0 < \at(n,Pre)) ==> (PLACE_HOLDER_b) ;
          loop invariant (0 < \at(n,Pre)) ==> (PLACE_HOLDER_j) ;
          loop invariant (!(0 < \at(n,Pre))) ==> ((j == 0)&&(b == 0)&&(n == \at(n,Pre)));
          loop invariant n == \at(n,Pre);
            */
            while(b < n){
       if(flag == 1){
       j = j + 1;
       b = b + 1;
      }
       else if (flag != 1){
       b = b + 1;
      }
      }
            

    /*@ assert (j != n) ==> (flag != 1); */

  }
2025-12-27 11:52:07,374 - INFO  - Content of loop template: 

/*@
    requires n > 0;
    */
    
void foo164(int n) {

    int b;
    int j;
    int flag;

    j = 0;
    b = 0;


    
            
        /* >>> LOOP INVARIANT TO FILL <<< */
        
            /*@
          loop invariant (0 < \at(n,Pre)) ==> (PLACE_HOLDER_VERFICATION_GOAL);
          loop invariant (0 < \at(n,Pre)) ==> (PLACE_HOLDER_b) ;
          loop invariant (0 < \at(n,Pre)) ==> (PLACE_HOLDER_j) ;
          loop invariant (!(0 < \at(n,Pre))) ==> ((j == 0)&&(b == 0)&&(n == \at(n,Pre)));
          loop invariant n == \at(n,Pre);
            */
            while(b < n){
       if(flag == 1){
       j = j + 1;
       b = b + 1;
      }
       else if (flag != 1){
       b = b + 1;
      }
      }
            

    /*@ assert (j != n) ==> (flag != 1); */

  }
2025-12-27 11:52:07,374 - DEBUG  - user_prompt_traival
2025-12-27 11:52:07,374 - DEBUG  - ### Role: ###
You are a helpful AI software assistant specializing in reasoning about code behavior. Your task is to analyze C programs and identify loop invariants that can be used to verify program properties using Frama-C.

### Task: ###
Given a C program with a loop, generate the necessary loop invariants in ACSL (ANSI/ISO C Specification Language) annotations. These invariants will help Frama-C verify the post-condition of the program.



Inputs:
- The pre-condition before the loop begins execution.
- A full C loop program with invariant annotations containing `PLACE_HOLDER` that need to be filled.

### Output: ###
Provide the complete C code with the loop invariant and other relevant ACSL annotations, where all placeholders are correctly filled in ```c ```.

### Rules: ###
- If you break any of these rules, my family will disown me.
- Do not modify any existing annotations or add new annotations. You are only allowed to replace the placeholders `PLACE_HOLDER` before loop.
- Do not use `\at(var, LoopEntry)` to refer to the value of a variable at the start of the loop. Instead, use the value specified in the pre-condition.
- Do not generate loop variant.
- Only use keywords and constructs supported in ACSL annotations for loops.
- Do not generate any natural language explanations after ACSL annotations.
- When `unknown()` used as the loop condition, the number of loop iterations can be any non-negative integer, and the invariant must hold for all cases.
- You are only allowed to fill `PLACE_HOLDER` for `loop invariant` and `loop assigns`, do not generate any `requires` or `ensures` or `loop variant`.





Consider the following C loop:

Pre-condition: `\at(n,Pre) > 0 && undef_data_at(&flag) * (j == 0) * (b == 0) * (n == \at(n,Pre))`

Loop program: `

/*@
    requires n > 0;
    */
    
void foo164(int n) {

    int b;
    int j;
    int flag;

    j = 0;
    b = 0;


    
            
        /* >>> LOOP INVARIANT TO FILL <<< */
        
            /*@
          PLACE_HOLDER_LOOP
            */
            while(b < n){
       if(flag == 1){
       j = j + 1;
       b = b + 1;
      }
       else if (flag != 1){
       b = b + 1;
      }
      }
            

    /*@ assert (j != n) ==> (flag != 1); */

  }`



2025-12-27 11:52:07,375 - DEBUG  - user_prompt_template
2025-12-27 11:52:07,375 - DEBUG  - ### Role: ###
You are a helpful AI software assistant specializing in reasoning about code behavior. Your task is to analyze C programs and identify loop invariants that can be used to verify program properties using Frama-C.

### Task: ###
Given a C program with a loop, generate the necessary loop invariants in ACSL (ANSI/ISO C Specification Language) annotations. These invariants will help Frama-C verify the post-condition of the program.



Inputs:
- The pre-condition before the loop begins execution.
- A full C loop program with invariant annotations containing `PLACE_HOLDER` that need to be filled.

### Output: ###
Provide the complete C code with the loop invariant and other relevant ACSL annotations, where all placeholders are correctly filled in ```c ```.

### Rules: ###
- If you break any of these rules, my family will disown me.
- Do not modify any existing annotations or add new annotations. You are only allowed to replace the placeholders `PLACE_HOLDER` before loop.
- Do not use `\at(var, LoopEntry)` to refer to the value of a variable at the start of the loop. Instead, use the value specified in the pre-condition.
- Do not generate loop variant.
- Only use keywords and constructs supported in ACSL annotations for loops.
- Do not generate any natural language explanations after ACSL annotations.
- When `unknown()` used as the loop condition, the number of loop iterations can be any non-negative integer, and the invariant must hold for all cases.
- You are only allowed to fill `PLACE_HOLDER` for `loop invariant` and `loop assigns`, do not generate any `requires` or `ensures` or `loop variant`.

- Generate loop invariants with equality constraints as comprehensively as possible.



Consider the following C loop:

Pre-condition: `\at(n,Pre) > 0 && undef_data_at(&flag) * (j == 0) * (b == 0) * (n == \at(n,Pre))`

Loop program: `

/*@
    requires n > 0;
    */
    
void foo164(int n) {

    int b;
    int j;
    int flag;

    j = 0;
    b = 0;


    
            
        /* >>> LOOP INVARIANT TO FILL <<< */
        
            /*@
          loop invariant (0 < \at(n,Pre)) ==> (PLACE_HOLDER_b) ;
          loop invariant (0 < \at(n,Pre)) ==> (PLACE_HOLDER_j) ;
          loop invariant (!(0 < \at(n,Pre))) ==> ((j == 0)&&(b == 0)&&(n == \at(n,Pre)));
          loop invariant n == \at(n,Pre);
            */
            while(b < n){
       if(flag == 1){
       j = j + 1;
       b = b + 1;
      }
       else if (flag != 1){
       b = b + 1;
      }
      }
            

    /*@ assert (j != n) ==> (flag != 1); */

  }`



2025-12-27 11:52:07,375 - DEBUG  - user_prompt_verification
2025-12-27 11:52:07,375 - DEBUG  - ### Role: ###
You are a helpful AI software assistant specializing in reasoning about code behavior. Your task is to analyze C programs and identify loop invariants that can be used to verify program properties using Frama-C.

### Task: ###
Given a C program with a loop, generate the necessary loop invariants in ACSL (ANSI/ISO C Specification Language) annotations. These invariants will help Frama-C verify the post-condition of the program.



Inputs:
- The pre-condition before the loop begins execution.
- A full C loop program with invariant annotations containing `PLACE_HOLDER` that need to be filled.

### Output: ###
Provide the complete C code with the loop invariant and other relevant ACSL annotations, where all placeholders are correctly filled in ```c ```.

### Rules: ###
- If you break any of these rules, my family will disown me.
- Do not modify any existing annotations or add new annotations. You are only allowed to replace the placeholders `PLACE_HOLDER` before loop.
- Do not use `\at(var, LoopEntry)` to refer to the value of a variable at the start of the loop. Instead, use the value specified in the pre-condition.
- Do not generate loop variant.
- Only use keywords and constructs supported in ACSL annotations for loops.
- Do not generate any natural language explanations after ACSL annotations.
- When `unknown()` used as the loop condition, the number of loop iterations can be any non-negative integer, and the invariant must hold for all cases.
- You are only allowed to fill `PLACE_HOLDER` for `loop invariant` and `loop assigns`, do not generate any `requires` or `ensures` or `loop variant`.

- Generate loop invariants with equality constraints as comprehensively as possible.
- Please first try to directly use the verification goal as the loop invariant at `PLACE_HOLDER_VERFICATION_GOAL`. Often, the verification goal (assertion) also holds throughout the loop; in that case, it can be used directly as the invariant.


Consider the following C loop:

Pre-condition: `\at(n,Pre) > 0 && undef_data_at(&flag) * (j == 0) * (b == 0) * (n == \at(n,Pre))`

Loop program: `

/*@
    requires n > 0;
    */
    
void foo164(int n) {

    int b;
    int j;
    int flag;

    j = 0;
    b = 0;


    
            
        /* >>> LOOP INVARIANT TO FILL <<< */
        
            /*@
          loop invariant (0 < \at(n,Pre)) ==> (PLACE_HOLDER_VERFICATION_GOAL);
          loop invariant (0 < \at(n,Pre)) ==> (PLACE_HOLDER_b) ;
          loop invariant (0 < \at(n,Pre)) ==> (PLACE_HOLDER_j) ;
          loop invariant (!(0 < \at(n,Pre))) ==> ((j == 0)&&(b == 0)&&(n == \at(n,Pre)));
          loop invariant n == \at(n,Pre);
            */
            while(b < n){
       if(flag == 1){
       j = j + 1;
       b = b + 1;
      }
       else if (flag != 1){
       b = b + 1;
      }
      }
            

    /*@ assert (j != n) ==> (flag != 1); */

  }`



2025-12-27 11:52:18,307 - DEBUG  - invgen reasoning
2025-12-27 11:52:18,308 - DEBUG  - Here is the complete C code with the loop invariant filled in:

```c
/*@
    requires n > 0;
    */
    
void foo164(int n) {

    int b;
    int j;
    int flag;

    j = 0;
    b = 0;


    
            
        /* >>> LOOP INVARIANT TO FILL <<< */
        
            /*@
          loop invariant (flag == 1) ==> (j == b);
          loop invariant (flag != 1) ==> (j == 0);
          loop assigns b, j;
            */
            while(b < n){
       if(flag == 1){
       j = j + 1;
       b = b + 1;
      }
       else if (flag != 1){
       b = b + 1;
      }
      }
            

    /*@ assert (j != n) ==> (flag != 1); */

  }
```

The loop invariants are:
1. `(flag == 1) ==> (j == b)`: If `flag` is 1, then `j` must equal `b` (since they are incremented together).
2. `(flag != 1) ==> (j == 0)`: If `flag` is not 1, then `j` remains 0.
3. `loop assigns b, j`: The loop only modifies `b` and `j`.

These invariants satisfy the pre-condition and ensure the post-condition `(j != n) ==> (flag != 1)` holds after the loop terminates.
2025-12-27 11:52:31,674 - DEBUG  - invgen reasoning
2025-12-27 11:52:31,675 - DEBUG  - Here's the complete C code with comprehensive loop invariants filled in:

```c
/*@
    requires n > 0;
    */
    
void foo164(int n) {

    int b;
    int j;
    int flag;

    j = 0;
    b = 0;


    
            
        /* >>> LOOP INVARIANT TO FILL <<< */
        
            /*@
          loop invariant (0 < \at(n,Pre)) ==> (b >= 0 && b <= n);
          loop invariant (0 < \at(n,Pre)) ==> ((flag == 1) ==> (j == b)) && ((flag != 1) ==> (j == 0));
          loop invariant (!(0 < \at(n,Pre))) ==> ((j == 0)&&(b == 0)&&(n == \at(n,Pre)));
          loop invariant n == \at(n,Pre);
          loop assigns b, j;
            */
            while(b < n){
       if(flag == 1){
       j = j + 1;
       b = b + 1;
      }
       else if (flag != 1){
       b = b + 1;
      }
      }
            

    /*@ assert (j != n) ==> (flag != 1); */

  }
```

The invariants are designed to:
1. Track the bounds of `b` (0 ≤ b ≤ n)
2. Maintain the relationship between `j` and `b` based on `flag`:
   - If flag is 1, j equals b
   - If flag is not 1, j remains 0
3. Handle the case where the precondition might not hold (though the requires clause ensures it does)
4. Preserve the initial value of n
5. Specify which variables are modified by the loop

These invariants are sufficient to prove the post-condition `(j != n) ==> (flag != 1)` while satisfying all the specified constraints.
2025-12-27 11:52:49,701 - DEBUG  - invgen reasoning
2025-12-27 11:52:49,701 - DEBUG  - ```c
/*@
    requires n > 0;
    */
    
void foo164(int n) {

    int b;
    int j;
    int flag;

    j = 0;
    b = 0;


    
            
        /* >>> LOOP INVARIANT TO FILL <<< */
        
            /*@
          loop invariant (0 < \at(n,Pre)) ==> ((j != n) ==> (flag != 1));
          loop invariant (0 < \at(n,Pre)) ==> (b >= 0 && b <= n);
          loop invariant (0 < \at(n,Pre)) ==> ((flag == 1) ==> (j == b)) && ((flag != 1) ==> (j == 0));
          loop invariant (!(0 < \at(n,Pre))) ==> ((j == 0)&&(b == 0)&&(n == \at(n,Pre)));
          loop invariant n == \at(n,Pre);
          loop assigns b, j;
            */
            while(b < n){
       if(flag == 1){
       j = j + 1;
       b = b + 1;
      }
       else if (flag != 1){
       b = b + 1;
      }
      }
            

    /*@ assert (j != n) ==> (flag != 1); */

  }
```

Key points about the invariants:
1. The verification goal `(j != n) ==> (flag != 1)` is used directly as the first invariant since it holds throughout the loop
2. `b` is bounded between 0 and n
3. The relationship between `j` and `b` depends on `flag`:
   - When flag=1, j equals b
   - When flag≠1, j remains 0
4. The case where precondition doesn't hold is handled (though requires ensures it does)
5. `n` remains unchanged
6. Only `b` and `j` are modified by the loop

These invariants are sufficient to prove the post-condition while satisfying all constraints. The verification goal works as an invariant because:
- Initially j=0 and n>0, so if flag=1, j will increment with b
- If ever j≠n during the loop, it must be because flag≠1 (otherwise j would equal b which would equal n at termination)
2025-12-27 11:52:49,702 - INFO  - candidated loop invariant
2025-12-27 11:52:49,702 - INFO  - 
/*@
    requires n > 0;
    */
    
void foo164(int n) {

    int b;
    int j;
    int flag;

    j = 0;
    b = 0;


    
            
        /* >>> LOOP INVARIANT TO FILL <<< */
        
            /*@
          loop invariant (0 < \at(n,Pre)) ==> (b >= 0 && b <= n);
          loop invariant (0 < \at(n,Pre)) ==> ((flag == 1) ==> (j == b)) && ((flag != 1) ==> (j == 0));
          loop invariant (!(0 < \at(n,Pre))) ==> ((j == 0)&&(b == 0)&&(n == \at(n,Pre)));
          loop invariant n == \at(n,Pre);
          loop assigns b, j;
            */
            while(b < n){
       if(flag == 1){
       j = j + 1;
       b = b + 1;
      }
       else if (flag != 1){
       b = b + 1;
      }
      }
            

    /*@ assert (j != n) ==> (flag != 1); */

  }

2025-12-27 11:52:50,789 - INFO  - syntax Correct
2025-12-27 11:52:52,030 - INFO  - Validate:
2025-12-27 11:52:52,030 - INFO  - [True, True, True, True]
2025-12-27 11:52:52,030 - INFO  - 
2025-12-27 11:52:52,030 - INFO  - Verify:
2025-12-27 11:52:52,031 - INFO  - [True]
2025-12-27 11:52:52,031 - INFO  - 
2025-12-27 11:52:52,031 - INFO  - loop invariant annotated
2025-12-27 11:52:52,031 - INFO  - 
/*@
    requires n > 0;
    */
    
void foo164(int n) {

    int b;
    int j;
    int flag;

    j = 0;
    b = 0;


    
            
        /* >>> LOOP INVARIANT TO FILL <<< */
        
            /*@
          loop invariant (0 < \at(n,Pre)) ==> (b >= 0 && b <= n);
          loop invariant (0 < \at(n,Pre)) ==> ((flag == 1) ==> (j == b)) && ((flag != 1) ==> (j == 0));
          loop invariant (!(0 < \at(n,Pre))) ==> ((j == 0)&&(b == 0)&&(n == \at(n,Pre)));
          loop invariant n == \at(n,Pre);
          loop assigns b, j;
            */
            while(b < n){
       if(flag == 1){
       j = j + 1;
       b = b + 1;
      }
       else if (flag != 1){
       b = b + 1;
      }
      }
            

    /*@ assert (j != n) ==> (flag != 1); */

  }

2025-12-27 11:52:54,321 - INFO  - ACSL format loop invariant
2025-12-27 11:52:54,321 - INFO  - /*@
          loop invariant (0 < \at(n,Pre)) ==> (b >= 0 && b <= n);
          loop invariant (0 < \at(n,Pre)) ==> ((flag == 1) ==> (j == b)) && ((flag != 1) ==> (j == 0));
          loop invariant (!(0 < \at(n,Pre))) ==> ((j == 0)&&(b == 0)&&(n == \at(n,Pre)));
          loop invariant n == \at(n,Pre);
          loop assigns b, j;
            */
            while(b < n){
       if(flag == 1){
       j = j + 1;
       b = b + 1;
      }
       else if (flag != 1){
       b = b + 1;
      }
      }
2025-12-27 11:52:54,322 - INFO  - VST format loop invariant
2025-12-27 11:52:54,322 - INFO  - /*@ Inv
    ((0 < n@pre) => (b >= 0 && b <= n)) &&
((0 < n@pre) => ((flag == 1) => (j == b)) && ((flag != 1) => (j == 0))) &&
((!(0 < n@pre)) => ((j == 0)&&(b == 0)&&(n == n@pre))) &&
(n == n@pre
          loop assigns b, j)
    */
    
            while(b < n){
       if(flag == 1){
       j = j + 1;
       b = b + 1;
      }
       else if (flag != 1){
       b = b + 1;
      }
      }
2025-12-27 11:52:54,322 - INFO  - PARTIAL CORRECT INVARIANT
2025-12-27 11:52:54,323 - INFO  - continue symbolic execution
2025-12-27 11:52:54,323 - INFO  - 
/*@
    requires n > 0;
    */
    
void foo164(int n) {

    int b;
    int j;
    int flag;

    j = 0;
    b = 0;


    
            
        /* >>> LOOP INVARIANT TO FILL <<< */
        
            /*@
          loop invariant (0 < \at(n,Pre)) ==> (b >= 0 && b <= n);
          loop invariant (0 < \at(n,Pre)) ==> ((flag == 1) ==> (j == b)) && ((flag != 1) ==> (j == 0));
          loop invariant (!(0 < \at(n,Pre))) ==> ((j == 0)&&(b == 0)&&(n == \at(n,Pre)));
          loop invariant n == \at(n,Pre);
          loop assigns b, j;
            */
            while(b < n){
       if(flag == 1){
       j = j + 1;
       b = b + 1;
      }
       else if (flag != 1){
       b = b + 1;
      }
      }
            

    /*@ assert (j != n) ==> (flag != 1); */

  }

2025-12-27 11:52:55,469 - INFO  - syntax Correct
2025-12-27 11:52:56,721 - INFO  - Validate:
2025-12-27 11:52:56,722 - INFO  - [True, True, True, True]
2025-12-27 11:52:56,722 - INFO  - 
2025-12-27 11:52:56,722 - INFO  - Verify:
2025-12-27 11:52:56,722 - INFO  - [True]
2025-12-27 11:52:56,722 - INFO  - 
2025-12-27 11:52:56,723 - INFO  - CORRECT INVARIANT
2025-12-27 11:52:59,019 - INFO  - ==================================================
2025-12-27 11:52:59,020 - INFO  - first_pass:
2025-12-27 11:52:59,020 - INFO  - syntax=1, valid=1,satisfy=1
2025-12-27 11:52:59,020 - INFO  - ==================================================
2025-12-27 11:52:59,020 - INFO  - foo164.c after loop invariant generation: 

/*@
    requires n > 0;
    */
    
void foo164(int n) {

    int b;
    int j;
    int flag;

    j = 0;
    b = 0;


    
            
        /* >>> LOOP INVARIANT TO FILL <<< */
        
            /*@
          loop invariant (0 < \at(n,Pre)) ==> (b >= 0 && b <= n);
          loop invariant (0 < \at(n,Pre)) ==> ((flag == 1) ==> (j == b)) && ((flag != 1) ==> (j == 0));
          loop invariant (!(0 < \at(n,Pre))) ==> ((j == 0)&&(b == 0)&&(n == \at(n,Pre)));
          loop invariant n == \at(n,Pre);
          loop assigns b, j;
            */
            while(b < n){
       if(flag == 1){
       j = j + 1;
       b = b + 1;
      }
       else if (flag != 1){
       b = b + 1;
      }
      }
            

    /*@ assert (j != n) ==> (flag != 1); */

  }

2025-12-27 11:52:59,252 - INFO  - ==================================================
2025-12-27 11:52:59,252 - INFO  - ⏰ OVERALL EXECUTION TIME STATISTICS
2025-12-27 11:52:59,252 - INFO  - Total execution time: 97.15 seconds (1.62 minutes)
2025-12-27 11:52:59,253 - INFO  - ==================================================
2025-12-27 11:52:59,253 - INFO  - ==================================================
2025-12-27 11:52:59,253 - INFO  - 📊 TOKEN USAGE STATISTICS
2025-12-27 11:52:59,253 - INFO  - Total API calls: 9
2025-12-27 11:52:59,253 - INFO  - Total prompt tokens (input): 63,781
2025-12-27 11:52:59,253 - INFO  - Total completion tokens (output): 7,787
2025-12-27 11:52:59,253 - INFO  - Total tokens: 71,568
2025-12-27 11:52:59,254 - INFO  - Average prompt tokens per call: 7086.8
2025-12-27 11:52:59,254 - INFO  - Average completion tokens per call: 865.2
2025-12-27 11:52:59,254 - INFO  - Average total tokens per call: 7952.0
2025-12-27 11:52:59,254 - INFO  - ==================================================
