2025-12-27 11:54:20,442 - INFO  - 
🚀 Starting generation of function: foo189
2025-12-27 11:54:20,443 - INFO  - 
FUNCTION INITIALIZATION
2025-12-27 11:54:20,443 - INFO  - ==================================================

2025-12-27 11:54:20,747 - INFO  - Initial pending functions: ['foo189']
2025-12-27 11:54:20,747 - INFO  - 
GENERATE ANNOTATION FOR foo189
2025-12-27 11:54:20,747 - INFO  - ==================================================

2025-12-27 11:54:20,747 - INFO  - Function foo189 has been initialized
2025-12-27 11:54:20,789 - INFO  - Content of ACSL foo189.c file to be inserted into template: 


void foo189() {

    int x;
    int y;

    x = 0;
    y = 50;


    while(x < 100){
       if(x < 50){
       x = x + 1;
      }
       else{
       x = x + 1;
       y = y + 1;
      }
      }

    /*@ assert y == 100; */

  }
2025-12-27 11:54:20,790 - INFO  - Content of pre-annotated foo189.c file: 

    #include "../verification_stdlib.h"
    #include "../verification_list.h"
    #include "../int_array_def.h"

    /*@ Extern Coq (Result: Assertion) */
    /*@ Extern Coq (Results: Z -> Assertion) */

        

void foo189() 

            /*@
            Require emp
            Ensure Results(__return)
            */
            {

    int x;
    int y;

    x = 0;
    y = 50;


    while(x < 100){
       if(x < 50){
       x = x + 1;
      }
       else{
       x = x + 1;
       y = y + 1;
      }
      }

    

  }
2025-12-27 11:54:20,791 - INFO  - 
GENERATE LOOP INVARIANT FOR foo189
2025-12-27 11:54:20,791 - INFO  - ==================================================

2025-12-27 11:54:20,854 - INFO  - file_name: foo189
2025-12-27 11:54:20,938 - DEBUG  - INNER_FLAG: False
2025-12-27 11:54:20,939 - INFO  - Variable Maps:[{'y': '50', 'x': '0'}]
2025-12-27 11:54:20,939 - INFO  - Path conditions: [None]
2025-12-27 11:54:20,940 - INFO  - Pre condition: (y == 50) * (x == 0)
2025-12-27 11:54:20,940 - INFO  - Loop Condition: x < 100
2025-12-27 11:54:20,940 - INFO  - Array Names: []
2025-12-27 11:54:20,940 - INFO  - Updated Loop Conditions: ['0 < 100']
2025-12-27 11:54:20,941 - INFO  - Global Unchanged Variables: []
2025-12-27 11:54:20,941 - INFO  - Non Inductive Variables: []
2025-12-27 11:54:20,941 - INFO  - Unchanged Arrays (Read-only): []
2025-12-27 11:54:20,942 - INFO  - after assignments
2025-12-27 11:54:20,942 - INFO  - 
            
        /* >>> LOOP INVARIANT TO FILL <<< */
        
            /*@
            */
            while(x < 100){
       if(x < 50){
       x = x + 1;
      }
       else{
       x = x + 1;
       y = y + 1;
      }
      }
            
2025-12-27 11:54:59,304 - INFO  - think in natural language: ### **Loop Verification Analysis**

---

#### **a. Loop Purpose and Structure**

- **Purpose**: The loop increments `x` from `0` to `100`. While `x < 50`, only `x` is incremented. Once `x >= 50`, both `x` and `y` are incremented until `x` reaches `100`.
- **Outcome**: At termination, `x = 100` and `y = 100` (since `y` starts at `50` and is incremented `50` times).
- **Structure**:
  - **Loop Condition**: `while (x < 100)`
  - **Body**:
    - If `x < 50`: `x = x + 1`
    - Else: `x = x + 1` and `y = y + 1`
  - **Variables**: `x` (initially `0`), `y` (initially `50`).

---

#### **b. Sample and Analyze Variable Values**

| Iteration | Pre-Loop/Post-Iteration | `x` | `y` |
|-----------|-------------------------|-----|-----|
| -         | Pre-Loop                | 0   | 50  |
| 1         | Post-Iteration          | 1   | 50  |
| 2         | Post-Iteration          | 2   | 50  |
| ...       | ...                     | ... | ... |
| 50        | Post-Iteration          | 50  | 50  |
| 51        | Post-Iteration          | 51  | 51  |
| 52        | Post-Iteration          | 52  | 52  |
| ...       | ...                     | ... | ... |
| 100       | Post-Loop (Termination) | 100 | 100 |

- **Observations**:
  - For `x < 50`, `y` remains `50`.
  - For `x >= 50`, `y` increments in lockstep with `x`.

---

#### **c. Verification Goal Analysis**

- **Post-condition**: `assert y == 100;`
- **Can it be an invariant?**  
  - **NO**: `y == 100` is only true at termination, not during iterations (e.g., `y = 50` initially).
- **Modified Invariant**:  
  - **Proposal**: `y == 50 + max(0, x - 50)`  
    - **Explanation**: 
      - For `x < 50`, `y = 50`.
      - For `x >= 50`, `y = 50 + (x - 50) = x`.
    - **Satisfies**:
      - **Establishment**: Holds initially (`x=0`, `y=50`).
      - **Preservation**: Maintained in both branches of the loop body.
      - **Termination**: At `x=100`, `y=100` implies the post-condition.

---

#### **d. Loop Invariant Discussion**

- **Invariant**:  
  `y == 50 + max(0, x - 50)`  
  - **Natural Language**:  
    "`y` equals `50` plus the excess of `x` over `50` (if `x >= 50`), otherwise `y` remains `50`."
- **Validity**:
  - **Initialization**: `x=0`, `y=50` → `max(0, -50)=0` → `y=50` ✔️.
  - **Preservation**:
    - If `x < 50`: `x` increments, `y` unchanged → invariant holds.
    - If `x >= 50`: Both `x` and `y` increment → `(x+1) - 50 = (x - 50) + 1` → `y` increments by `1` ✔️.

---

#### **e. Establishment**

- **Pre-condition**: `x = 0`, `y = 50`.
- **Invariant Holds**:  
  `max(0, 0 - 50) = 0` → `y = 50 + 0 = 50` ✔️.

---

#### **f. Preservation**

1. **Case 1 (`x < 50`)**:
   - **Before**: `x = k`, `y = 50` (since `k < 50`).
   - **After**: `x = k + 1`, `y = 50`.
   - **Check**: `max(0, (k+1) - 50) = 0` (if `k+1 < 50`) → `y = 50` ✔️.

2. **Case 2 (`x >= 50`)**:
   - **Before**: `x = k`, `y = k` (since `k >= 50`).
   - **After**: `x = k + 1`, `y = k + 1`.
   - **Check**: `max(0, (k+1) - 50) = (k+1) - 50` → `y = 50 + (k+1 - 50) = k+1` ✔️.

---

#### **g. Termination Analysis**

- **Termination Condition**: `x >= 100`.
- **Final State**: `x = 100`, `y = 50 + (100 - 50) = 100`.
- **Invariant Holds**:  
  `y = 100` matches the post-condition.

---

#### **h. Post-condition Correctness**

- **Post-condition**: `y == 100` is **correct**.
- **Proof**:
  - **Invariant at Termination**: `y = 50 + (x - 50)` with `x = 100` → `y = 100`.
  - **Negation of Loop Condition**: `x >= 100` ensures the invariant implies the post-condition.

---

### **Final Answer**

The loop invariant `y == 50 + max(0, x - 50)` is valid, and the post-condition `y == 100` is correctly satisfied upon termination. The invariant holds throughout the loop's execution and ensures the desired outcome.
2025-12-27 11:54:59,305 - INFO  - after const
2025-12-27 11:54:59,305 - INFO  - 
            
        /* >>> LOOP INVARIANT TO FILL <<< */
        
            /*@
            */
            while(x < 100){
       if(x < 50){
       x = x + 1;
      }
       else{
       x = x + 1;
       y = y + 1;
      }
      }
            
2025-12-27 11:54:59,305 - INFO  - after not in
2025-12-27 11:54:59,305 - INFO  - 
            
        /* >>> LOOP INVARIANT TO FILL <<< */
        
            /*@
            */
            while(x < 100){
       if(x < 50){
       x = x + 1;
      }
       else{
       x = x + 1;
       y = y + 1;
      }
      }
            
2025-12-27 11:54:59,306 - INFO  - after vars
2025-12-27 11:54:59,306 - INFO  - 
            
        /* >>> LOOP INVARIANT TO FILL <<< */
        
            /*@
          loop invariant  PLACE_HOLDER_x ;
          loop invariant  PLACE_HOLDER_y ;
            */
            while(x < 100){
       if(x < 50){
       x = x + 1;
      }
       else{
       x = x + 1;
       y = y + 1;
      }
      }
            
2025-12-27 11:54:59,306 - INFO  - after verification goal
2025-12-27 11:54:59,306 - INFO  - 
            
        /* >>> LOOP INVARIANT TO FILL <<< */
        
            /*@
          loop invariant  PLACE_HOLDER_VERFICATION_GOAL ;
          loop invariant  PLACE_HOLDER_x ;
          loop invariant  PLACE_HOLDER_y ;
            */
            while(x < 100){
       if(x < 50){
       x = x + 1;
      }
       else{
       x = x + 1;
       y = y + 1;
      }
      }
            
2025-12-27 11:54:59,317 - INFO  - Content of loop template: 

void foo189() {

    int x;
    int y;

    x = 0;
    y = 50;


    
            
        /* >>> LOOP INVARIANT TO FILL <<< */
        
            /*@
          PLACE_HOLDER_LOOP
            */
            while(x < 100){
       if(x < 50){
       x = x + 1;
      }
       else{
       x = x + 1;
       y = y + 1;
      }
      }
            

    /*@ assert y == 100; */

  }
2025-12-27 11:54:59,323 - INFO  - Content of loop template: 

void foo189() {

    int x;
    int y;

    x = 0;
    y = 50;


    
            
        /* >>> LOOP INVARIANT TO FILL <<< */
        
            /*@
          loop invariant  PLACE_HOLDER_x ;
          loop invariant  PLACE_HOLDER_y ;
            */
            while(x < 100){
       if(x < 50){
       x = x + 1;
      }
       else{
       x = x + 1;
       y = y + 1;
      }
      }
            

    /*@ assert y == 100; */

  }
2025-12-27 11:54:59,329 - INFO  - Content of loop template: 

void foo189() {

    int x;
    int y;

    x = 0;
    y = 50;


    
            
        /* >>> LOOP INVARIANT TO FILL <<< */
        
            /*@
          loop invariant  PLACE_HOLDER_VERFICATION_GOAL ;
          loop invariant  PLACE_HOLDER_x ;
          loop invariant  PLACE_HOLDER_y ;
            */
            while(x < 100){
       if(x < 50){
       x = x + 1;
      }
       else{
       x = x + 1;
       y = y + 1;
      }
      }
            

    /*@ assert y == 100; */

  }
2025-12-27 11:54:59,330 - DEBUG  - user_prompt_traival
2025-12-27 11:54:59,330 - DEBUG  - ### Role: ###
You are a helpful AI software assistant specializing in reasoning about code behavior. Your task is to analyze C programs and identify loop invariants that can be used to verify program properties using Frama-C.

### Task: ###
Given a C program with a loop, generate the necessary loop invariants in ACSL (ANSI/ISO C Specification Language) annotations. These invariants will help Frama-C verify the post-condition of the program.



Inputs:
- The pre-condition before the loop begins execution.
- A full C loop program with invariant annotations containing `PLACE_HOLDER` that need to be filled.

### Output: ###
Provide the complete C code with the loop invariant and other relevant ACSL annotations, where all placeholders are correctly filled in ```c ```.

### Rules: ###
- If you break any of these rules, my family will disown me.
- Do not modify any existing annotations or add new annotations. You are only allowed to replace the placeholders `PLACE_HOLDER` before loop.
- Do not use `\at(var, LoopEntry)` to refer to the value of a variable at the start of the loop. Instead, use the value specified in the pre-condition.
- Do not generate loop variant.
- Only use keywords and constructs supported in ACSL annotations for loops.
- Do not generate any natural language explanations after ACSL annotations.
- When `unknown()` used as the loop condition, the number of loop iterations can be any non-negative integer, and the invariant must hold for all cases.
- You are only allowed to fill `PLACE_HOLDER` for `loop invariant` and `loop assigns`, do not generate any `requires` or `ensures` or `loop variant`.





Consider the following C loop:

Pre-condition: `(y == 50) * (x == 0)`

Loop program: `

void foo189() {

    int x;
    int y;

    x = 0;
    y = 50;


    
            
        /* >>> LOOP INVARIANT TO FILL <<< */
        
            /*@
          PLACE_HOLDER_LOOP
            */
            while(x < 100){
       if(x < 50){
       x = x + 1;
      }
       else{
       x = x + 1;
       y = y + 1;
      }
      }
            

    /*@ assert y == 100; */

  }`



2025-12-27 11:54:59,330 - DEBUG  - user_prompt_template
2025-12-27 11:54:59,330 - DEBUG  - ### Role: ###
You are a helpful AI software assistant specializing in reasoning about code behavior. Your task is to analyze C programs and identify loop invariants that can be used to verify program properties using Frama-C.

### Task: ###
Given a C program with a loop, generate the necessary loop invariants in ACSL (ANSI/ISO C Specification Language) annotations. These invariants will help Frama-C verify the post-condition of the program.



Inputs:
- The pre-condition before the loop begins execution.
- A full C loop program with invariant annotations containing `PLACE_HOLDER` that need to be filled.

### Output: ###
Provide the complete C code with the loop invariant and other relevant ACSL annotations, where all placeholders are correctly filled in ```c ```.

### Rules: ###
- If you break any of these rules, my family will disown me.
- Do not modify any existing annotations or add new annotations. You are only allowed to replace the placeholders `PLACE_HOLDER` before loop.
- Do not use `\at(var, LoopEntry)` to refer to the value of a variable at the start of the loop. Instead, use the value specified in the pre-condition.
- Do not generate loop variant.
- Only use keywords and constructs supported in ACSL annotations for loops.
- Do not generate any natural language explanations after ACSL annotations.
- When `unknown()` used as the loop condition, the number of loop iterations can be any non-negative integer, and the invariant must hold for all cases.
- You are only allowed to fill `PLACE_HOLDER` for `loop invariant` and `loop assigns`, do not generate any `requires` or `ensures` or `loop variant`.

- Generate loop invariants with equality constraints as comprehensively as possible.



Consider the following C loop:

Pre-condition: `(y == 50) * (x == 0)`

Loop program: `

void foo189() {

    int x;
    int y;

    x = 0;
    y = 50;


    
            
        /* >>> LOOP INVARIANT TO FILL <<< */
        
            /*@
          loop invariant  PLACE_HOLDER_x ;
          loop invariant  PLACE_HOLDER_y ;
            */
            while(x < 100){
       if(x < 50){
       x = x + 1;
      }
       else{
       x = x + 1;
       y = y + 1;
      }
      }
            

    /*@ assert y == 100; */

  }`



2025-12-27 11:54:59,331 - DEBUG  - user_prompt_verification
2025-12-27 11:54:59,331 - DEBUG  - ### Role: ###
You are a helpful AI software assistant specializing in reasoning about code behavior. Your task is to analyze C programs and identify loop invariants that can be used to verify program properties using Frama-C.

### Task: ###
Given a C program with a loop, generate the necessary loop invariants in ACSL (ANSI/ISO C Specification Language) annotations. These invariants will help Frama-C verify the post-condition of the program.



Inputs:
- The pre-condition before the loop begins execution.
- A full C loop program with invariant annotations containing `PLACE_HOLDER` that need to be filled.

### Output: ###
Provide the complete C code with the loop invariant and other relevant ACSL annotations, where all placeholders are correctly filled in ```c ```.

### Rules: ###
- If you break any of these rules, my family will disown me.
- Do not modify any existing annotations or add new annotations. You are only allowed to replace the placeholders `PLACE_HOLDER` before loop.
- Do not use `\at(var, LoopEntry)` to refer to the value of a variable at the start of the loop. Instead, use the value specified in the pre-condition.
- Do not generate loop variant.
- Only use keywords and constructs supported in ACSL annotations for loops.
- Do not generate any natural language explanations after ACSL annotations.
- When `unknown()` used as the loop condition, the number of loop iterations can be any non-negative integer, and the invariant must hold for all cases.
- You are only allowed to fill `PLACE_HOLDER` for `loop invariant` and `loop assigns`, do not generate any `requires` or `ensures` or `loop variant`.

- Generate loop invariants with equality constraints as comprehensively as possible.
- Please first try to directly use the verification goal as the loop invariant at `PLACE_HOLDER_VERFICATION_GOAL`. Often, the verification goal (assertion) also holds throughout the loop; in that case, it can be used directly as the invariant.


Consider the following C loop:

Pre-condition: `(y == 50) * (x == 0)`

Loop program: `

void foo189() {

    int x;
    int y;

    x = 0;
    y = 50;


    
            
        /* >>> LOOP INVARIANT TO FILL <<< */
        
            /*@
          loop invariant  PLACE_HOLDER_VERFICATION_GOAL ;
          loop invariant  PLACE_HOLDER_x ;
          loop invariant  PLACE_HOLDER_y ;
            */
            while(x < 100){
       if(x < 50){
       x = x + 1;
      }
       else{
       x = x + 1;
       y = y + 1;
      }
      }
            

    /*@ assert y == 100; */

  }`



2025-12-27 11:55:04,607 - DEBUG  - invgen reasoning
2025-12-27 11:55:04,607 - DEBUG  - ```c
void foo189() {
    int x;
    int y;

    x = 0;
    y = 50;

    /*@
      loop invariant 0 <= x <= 100;
      loop invariant y == 50 + (x >= 50 ? x - 50 : 0);
      loop assigns x, y;
    */
    while(x < 100) {
        if(x < 50) {
            x = x + 1;
        }
        else {
            x = x + 1;
            y = y + 1;
        }
    }

    /*@ assert y == 100; */
}
```
2025-12-27 11:55:19,702 - DEBUG  - invgen reasoning
2025-12-27 11:55:19,702 - DEBUG  - ```c
void foo189() {
    int x;
    int y;

    x = 0;
    y = 50;

    /*@
      loop invariant x == \at(x, Pre) + \count;
      loop invariant y == 50 + (x >= 50 ? x - 50 : 0);
      loop assigns x, y;
    */
    while(x < 100) {
        if(x < 50) {
            x = x + 1;
        }
        else {
            x = x + 1;
            y = y + 1;
        }
    }

    /*@ assert y == 100; */
}
```

Note: I've used `\at(x, Pre)` to refer to the initial value of x (which is 0 according to the pre-condition) and `\count` as a conceptual counter for iterations (though ACSL doesn't actually have a `\count` construct - this is just illustrative). The second invariant precisely tracks how y evolves based on x's value. In practice, you might need to express this differently in actual ACSL since it doesn't have iteration counters.

Would you like me to provide an alternative version that uses only basic ACSL constructs without relying on `\count`?
2025-12-27 11:55:33,882 - DEBUG  - invgen reasoning
2025-12-27 11:55:33,882 - DEBUG  - ```c
void foo189() {
    int x;
    int y;

    x = 0;
    y = 50;

    /*@
      loop invariant y == 100 - (100 - x) + (x >= 50 ? 0 : 50 - x);
      loop invariant 0 <= x <= 100;
      loop invariant (x <= 50 ==> y == 50) && (x > 50 ==> y == x);
      loop assigns x, y;
    */
    while(x < 100) {
        if(x < 50) {
            x = x + 1;
        }
        else {
            x = x + 1;
            y = y + 1;
        }
    }

    /*@ assert y == 100; */
}
```

Note: The first invariant is structured to show how the verification goal (y == 100) relates to the loop progress, though it's more complex than necessary. The second and third invariants provide the essential constraints:
1. x is always between 0 and 100
2. y maintains its relationship with x (50 when x ≤ 50, equals x when x > 50)

The verification goal (y == 100) cannot be used directly as an invariant since it's only true at termination, not during execution. The invariants instead track the precise relationship between x and y that leads to the final condition.
2025-12-27 11:55:33,883 - INFO  - candidated loop invariant
2025-12-27 11:55:33,883 - INFO  - 
void foo189() {
    int x;
    int y;

    x = 0;
    y = 50;

    /*@
      loop invariant x == \at(x, Pre) + \count;
      loop invariant y == 50 + (x >= 50 ? x - 50 : 0);
      loop assigns x, y;
    */
    while(x < 100) {
        if(x < 50) {
            x = x + 1;
        }
        else {
            x = x + 1;
            y = y + 1;
        }
    }

    /*@ assert y == 100; */
}

2025-12-27 11:55:34,308 - INFO  - syntax Error
[kernel] Parsing 3_output/linear/foo189.c (with preprocessing)
[kernel:annot-error] 3_output/linear/foo189.c:10: Warning: 
  unbound logic variable x. Ignoring loop annotation
[kernel] User Error: warning annot-error treated as fatal error.
[kernel] User Error: stopping on file "3_output/linear/foo189.c" that has errors. Add
  '-kernel-msg-key pp' for preprocessing command.
[kernel] Frama-C aborted: invalid user input.

2025-12-27 11:55:49,812 - INFO  - after repair
2025-12-27 11:55:49,812 - INFO  - 
void foo189() {
    int x;
    int y;

    x = 0;
    y = 50;

    /*@
      loop invariant 0 <= x <= 100;
      loop invariant (x <= 50 ==> y == 50) && (x > 50 ==> y == x);
      loop assigns x, y;
    */
    while(x < 100) {
        if(x < 50) {
            x = x + 1;
        }
        else {
            x = x + 1;
            y = y + 1;
        }
    }

    /*@ assert y == 100; */
}

2025-12-27 11:55:51,957 - INFO  - after hudini
2025-12-27 11:55:51,957 - INFO  - 
void foo189() {
    int x;
    int y;

    x = 0;
    y = 50;

    /*@
      loop invariant 0 <= x <= 100;
      loop invariant (x <= 50 ==> y == 50) && (x > 50 ==> y == x);
      loop assigns x, y;
    */
    while(x < 100) {
        if(x < 50) {
            x = x + 1;
        }
        else {
            x = x + 1;
            y = y + 1;
        }
    }

    /*@ assert y == 100; */
}

2025-12-27 11:55:52,925 - INFO  - syntax Correct
2025-12-27 11:55:54,078 - INFO  - Validate:
2025-12-27 11:55:54,079 - INFO  - [True, True]
2025-12-27 11:55:54,079 - INFO  - 
2025-12-27 11:55:54,079 - INFO  - Verify:
2025-12-27 11:55:54,079 - INFO  - [True]
2025-12-27 11:55:54,079 - INFO  - 
2025-12-27 11:55:54,080 - INFO  - loop invariant annotated
2025-12-27 11:55:54,080 - INFO  - 
void foo189() {
    int x;
    int y;

    x = 0;
    y = 50;

    /*@
      loop invariant 0 <= x <= 100;
      loop invariant (x <= 50 ==> y == 50) && (x > 50 ==> y == x);
      loop assigns x, y;
    */
    while(x < 100) {
        if(x < 50) {
            x = x + 1;
        }
        else {
            x = x + 1;
            y = y + 1;
        }
    }

    /*@ assert y == 100; */
}

2025-12-27 11:55:56,348 - INFO  - ACSL format loop invariant
2025-12-27 11:55:56,348 - INFO  - /*@
      loop invariant 0 <= x <= 100;
      loop invariant (x <= 50 ==> y == 50) && (x > 50 ==> y == x);
      loop assigns x, y;
    */
    while(x < 100) {
        if(x < 50) {
            x = x + 1;
        }
        else {
            x = x + 1;
            y = y + 1;
        }
    }
2025-12-27 11:55:56,349 - INFO  - VST format loop invariant
2025-12-27 11:55:56,349 - INFO  - /*@ Inv
    (0 <= x && x <= 100) &&
((x <= 50 => y == 50) && (x > 50 => y == x)
      loop assigns x, y)
    */
    
    while(x < 100) {
        if(x < 50) {
            x = x + 1;
        }
        else {
            x = x + 1;
            y = y + 1;
        }
    }
2025-12-27 11:55:56,349 - INFO  - PARTIAL CORRECT INVARIANT
2025-12-27 11:55:56,350 - INFO  - continue symbolic execution
2025-12-27 11:55:56,350 - INFO  - 
void foo189() {
    int x;
    int y;

    x = 0;
    y = 50;

    /*@
      loop invariant 0 <= x <= 100;
      loop invariant (x <= 50 ==> y == 50) && (x > 50 ==> y == x);
      loop assigns x, y;
    */
    while(x < 100) {
        if(x < 50) {
            x = x + 1;
        }
        else {
            x = x + 1;
            y = y + 1;
        }
    }

    /*@ assert y == 100; */
}

2025-12-27 11:55:57,436 - INFO  - syntax Correct
2025-12-27 11:55:58,616 - INFO  - Validate:
2025-12-27 11:55:58,616 - INFO  - [True, True]
2025-12-27 11:55:58,616 - INFO  - 
2025-12-27 11:55:58,617 - INFO  - Verify:
2025-12-27 11:55:58,617 - INFO  - [True]
2025-12-27 11:55:58,617 - INFO  - 
2025-12-27 11:55:58,617 - INFO  - CORRECT INVARIANT
2025-12-27 11:56:00,961 - INFO  - ==================================================
2025-12-27 11:56:00,962 - INFO  - first_pass:
2025-12-27 11:56:00,962 - INFO  - syntax=1, valid=1,satisfy=1
2025-12-27 11:56:00,962 - INFO  - ==================================================
2025-12-27 11:56:00,963 - INFO  - foo189.c after loop invariant generation: 

void foo189() {
    int x;
    int y;

    x = 0;
    y = 50;

    /*@
      loop invariant 0 <= x <= 100;
      loop invariant (x <= 50 ==> y == 50) && (x > 50 ==> y == x);
      loop assigns x, y;
    */
    while(x < 100) {
        if(x < 50) {
            x = x + 1;
        }
        else {
            x = x + 1;
            y = y + 1;
        }
    }

    /*@ assert y == 100; */
}

2025-12-27 11:56:01,205 - INFO  - ==================================================
2025-12-27 11:56:01,211 - INFO  - ⏰ OVERALL EXECUTION TIME STATISTICS
2025-12-27 11:56:01,211 - INFO  - Total execution time: 100.76 seconds (1.68 minutes)
2025-12-27 11:56:01,211 - INFO  - ==================================================
2025-12-27 11:56:01,211 - INFO  - ==================================================
2025-12-27 11:56:01,211 - INFO  - 📊 TOKEN USAGE STATISTICS
2025-12-27 11:56:01,212 - INFO  - Total API calls: 9
2025-12-27 11:56:01,212 - INFO  - Total prompt tokens (input): 82,240
2025-12-27 11:56:01,212 - INFO  - Total completion tokens (output): 4,957
2025-12-27 11:56:01,212 - INFO  - Total tokens: 87,197
2025-12-27 11:56:01,212 - INFO  - Average prompt tokens per call: 9137.8
2025-12-27 11:56:01,212 - INFO  - Average completion tokens per call: 550.8
2025-12-27 11:56:01,213 - INFO  - Average total tokens per call: 9688.6
2025-12-27 11:56:01,213 - INFO  - ==================================================
