2025-12-27 18:11:01,859 - INFO  - 
ðŸš€ Starting generation of function: foo203
2025-12-27 18:11:01,859 - INFO  - 
FUNCTION INITIALIZATION
2025-12-27 18:11:01,860 - INFO  - ==================================================

2025-12-27 18:11:02,953 - INFO  - Initial pending functions: ['foo203', 'unknown']
2025-12-27 18:11:02,954 - INFO  - Now processing function unknown

2025-12-27 18:11:02,954 - INFO  - 
GENERATE ANNOTATION FOR foo203
2025-12-27 18:11:02,954 - INFO  - ==================================================

2025-12-27 18:11:02,954 - INFO  - Function foo203 has been initialized
2025-12-27 18:11:02,996 - INFO  - Content of ACSL foo203.c file to be inserted into template: 


/*@
    requires x <= 1 && x >= 0;
    */
    
void foo203(int x) {

    int y;

    y = -3;


    while(unknown()){
       if(x - y < 2){
       x = x - 1;
       y = y + 2;
      }
       else if(x - y >= 2){
       y = y + 1;
      }
      }

    /*@ assert x <= 1; */

  }
2025-12-27 18:11:02,996 - INFO  - Content of pre-annotated foo203.c file: 

    #include "../verification_stdlib.h"
    #include "../verification_list.h"
    #include "../int_array_def.h"

    /*@ Extern Coq (Result: Assertion) */
    /*@ Extern Coq (Results: Z -> Assertion) */

        


void foo203(int x) 

            /*@
            Require x <= 1 && x >= 0
            Ensure Results(__return)
            */
            {

    int y;

    y = -3;


    while(unknown()){
       if(x - y < 2){
       x = x - 1;
       y = y + 2;
      }
       else if(x - y >= 2){
       y = y + 1;
      }
      }

    

  }
2025-12-27 18:11:02,997 - INFO  - 
GENERATE LOOP INVARIANT FOR foo203
2025-12-27 18:11:02,997 - INFO  - ==================================================

2025-12-27 18:11:03,060 - INFO  - file_name: foo203
2025-12-27 18:11:03,168 - DEBUG  - INNER_FLAG: False
2025-12-27 18:11:03,169 - INFO  - Variable Maps:[{'y': '-3', 'x': 'x@pre'}]
2025-12-27 18:11:03,169 - INFO  - Path conditions: ['x@pre <= 1 && x@pre >= 0']
2025-12-27 18:11:03,169 - INFO  - Pre condition: x@pre <= 1 && x@pre >= 0 && (y == -3) * (x == x@pre)
2025-12-27 18:11:03,170 - INFO  - Loop Condition: unknown()
2025-12-27 18:11:03,170 - INFO  - Array Names: []
2025-12-27 18:11:03,170 - INFO  - Updated Loop Conditions: ['unknown()']
2025-12-27 18:11:03,170 - INFO  - Global Unchanged Variables: []
2025-12-27 18:11:03,171 - INFO  - Non Inductive Variables: []
2025-12-27 18:11:03,171 - INFO  - Unchanged Arrays (Read-only): []
2025-12-27 18:11:03,171 - INFO  - after assignments
2025-12-27 18:11:03,171 - INFO  - 
            
        /* >>> LOOP INVARIANT TO FILL <<< */
        
            /*@
            */
            while(unknown()){
       if(x - y < 2){
       x = x - 1;
       y = y + 2;
      }
       else if(x - y >= 2){
       y = y + 1;
      }
      }
            
2025-12-27 18:11:46,136 - INFO  - think in natural language: ### **Loop Verification Analysis**

---

#### **a. Loop Purpose and Structure**

- **Purpose**: The loop appears to adjust the values of `x` and `y` based on the condition `x - y < 2` or `x - y >= 2`. The loop continues as long as `unknown()` returns a non-zero value (i.e., it is non-deterministic). The post-condition (`x <= 1`) suggests that the loop should ensure `x` does not exceed 1 upon termination.
  
- **Structure**:
  - **Governing Condition**: `while(unknown())` (loop runs as long as `unknown()` is true).
  - **Loop Body**:
    - If `x - y < 2`, decrement `x` by 1 and increment `y` by 2.
    - Else if `x - y >= 2`, increment `y` by 1.
  - **Relevant Variables**: `x` (input, initially between 0 and 1), `y` (initialized to -3).

---

#### **b. Sample and Analyze Variable Values**

- **Pre-Loop Sampling**:
  - `x = 0` or `1` (from pre-condition `0 <= x <= 1`).
  - `y = -3` (initialized).

- **Post-Iteration Sampling** (assuming `x = 1` initially):
  1. **Iteration 1**:
     - `x - y = 1 - (-3) = 4 >= 2` â†’ `y = y + 1 = -2`.
     - State: `x = 1`, `y = -2`.
  2. **Iteration 2**:
     - `x - y = 1 - (-2) = 3 >= 2` â†’ `y = y + 1 = -1`.
     - State: `x = 1`, `y = -1`.
  3. **Iteration 3**:
     - `x - y = 1 - (-1) = 2 >= 2` â†’ `y = y + 1 = 0`.
     - State: `x = 1`, `y = 0`.
  4. **Iteration 4**:
     - `x - y = 1 - 0 = 1 < 2` â†’ `x = x - 1 = 0`, `y = y + 2 = 2`.
     - State: `x = 0`, `y = 2`.
  5. **Iteration 5**:
     - `x - y = 0 - 2 = -2 < 2` â†’ `x = x - 1 = -1`, `y = y + 2 = 4`.
     - State: `x = -1`, `y = 4`.

- **Post-Loop Sampling** (if loop terminates after 5 iterations):
  - Final state: `x = -1`, `y = 4`.

---

#### **c. Verification Goal Analysis**

- **Verification Goal**: `x <= 1` (post-condition).
- **Can the Verification Goal Be an Invariant?**
  - **NO**, because `x` can temporarily exceed 1 during the loop (e.g., if `x` starts at 1 and `y` is adjusted such that `x - y < 2` is not triggered early enough). The post-condition is only guaranteed at termination, not during iterations.
- **Modified Invariant Proposal**:
  - The invariant should capture the relationship between `x` and `y` that ensures `x` cannot grow beyond 1. A possible invariant is:
    - `x <= 1 && (x - y <= 4)` (explained later).

---

#### **d. Loop Invariant Discussion**

- **Proposed Invariant**:
  - `x <= 1 && (x - y <= 4)`.
- **Explanation**:
  - `x <= 1`: Ensures `x` never exceeds 1 (matches post-condition).
  - `x - y <= 4`: Ensures the difference between `x` and `y` does not grow too large, preventing `x` from being decremented excessively.
  - This holds in all sampled iterations:
    - Pre-loop: `x = 1`, `y = -3` â†’ `x - y = 4 <= 4`.
    - Iteration 5: `x = -1`, `y = 4` â†’ `x - y = -5 <= 4` (still holds).

---

#### **e. Establishment**

- **Pre-condition**: `x` is between 0 and 1, and `y = -3`.
  - `x <= 1` is true (from pre-condition).
  - `x - y <= 4`: Since `x <= 1` and `y = -3`, `x - y <= 1 - (-3) = 4`.
- Thus, the invariant holds before the first iteration.

---

#### **f. Preservation**

Assume the invariant holds at the start of an iteration (`x <= 1 && x - y <= 4`) and `unknown()` is true. We check both branches:
1. **If `x - y < 2`**:
   - `x` decreases by 1, `y` increases by 2.
   - New `x' = x - 1 <= 0` (since `x <= 1`), so `x' <= 1` holds.
   - New `x' - y' = (x - 1) - (y + 2) = (x - y) - 3`.
     - Since `x - y < 2`, `x' - y' < -1 <= 4` (still holds).
2. **If `x - y >= 2`**:
   - `y` increases by 1.
   - `x` is unchanged, so `x <= 1` still holds.
   - New `x - y' = x - (y + 1) = (x - y) - 1`.
     - Since `x - y >= 2`, `x - y' >= 1 <= 4` (holds).
- Thus, the invariant is preserved.

---

#### **g. Termination Analysis**

- When the loop terminates (`unknown()` is false), the invariant `x <= 1 && x - y <= 4` still holds.
- The post-condition `x <= 1` is directly implied by the invariant.

---

#### **h. Post-condition Correctness**

- The post-condition `x <= 1` is correct because:
  1. The invariant `x <= 1` is preserved throughout the loop.
  2. At termination, the invariant still holds, so `x <= 1` is true.
- No modification to the post-condition is needed.

---

### **Final Answer: Loop Invariant**

The loop invariant is:
```c
/*@ loop invariant x <= 1 && x - y <= 4; */
```

This ensures:
1. `x` never exceeds 1 (matches post-condition).
2. The difference `x - y` is bounded, preventing `x` from being decremented excessively. The invariant holds at establishment, preservation, and termination.
2025-12-27 18:11:46,136 - INFO  - after const
2025-12-27 18:11:46,136 - INFO  - 
            
        /* >>> LOOP INVARIANT TO FILL <<< */
        
            /*@
            */
            while(unknown()){
       if(x - y < 2){
       x = x - 1;
       y = y + 2;
      }
       else if(x - y >= 2){
       y = y + 1;
      }
      }
            
2025-12-27 18:11:46,137 - INFO  - after not in
2025-12-27 18:11:46,137 - INFO  - 
            
        /* >>> LOOP INVARIANT TO FILL <<< */
        
            /*@
            */
            while(unknown()){
       if(x - y < 2){
       x = x - 1;
       y = y + 2;
      }
       else if(x - y >= 2){
       y = y + 1;
      }
      }
            
2025-12-27 18:11:46,137 - INFO  - after vars
2025-12-27 18:11:46,137 - INFO  - 
            
        /* >>> LOOP INVARIANT TO FILL <<< */
        
            /*@
          loop invariant  PLACE_HOLDER_x ;
          loop invariant  PLACE_HOLDER_y ;
            */
            while(unknown()){
       if(x - y < 2){
       x = x - 1;
       y = y + 2;
      }
       else if(x - y >= 2){
       y = y + 1;
      }
      }
            
2025-12-27 18:11:46,137 - INFO  - after verification goal
2025-12-27 18:11:46,137 - INFO  - 
            
        /* >>> LOOP INVARIANT TO FILL <<< */
        
            /*@
          loop invariant  PLACE_HOLDER_VERFICATION_GOAL ;
          loop invariant  PLACE_HOLDER_x ;
          loop invariant  PLACE_HOLDER_y ;
            */
            while(unknown()){
       if(x - y < 2){
       x = x - 1;
       y = y + 2;
      }
       else if(x - y >= 2){
       y = y + 1;
      }
      }
            
2025-12-27 18:11:46,138 - INFO  - annotated_callee_str: 


2025-12-27 18:11:46,146 - INFO  - Content of loop template: 


/*@
    requires x <= 1 && x >= 0;
    */
    
void foo203(int x) {

    int y;

    y = -3;


    
            
        /* >>> LOOP INVARIANT TO FILL <<< */
        
            /*@
          PLACE_HOLDER_LOOP
            */
            while(unknown()){
       if(x - y < 2){
       x = x - 1;
       y = y + 2;
      }
       else if(x - y >= 2){
       y = y + 1;
      }
      }
            

    /*@ assert x <= 1; */

  }
2025-12-27 18:11:46,147 - INFO  - annotated_callee_str: 


2025-12-27 18:11:46,153 - INFO  - Content of loop template: 


/*@
    requires x <= 1 && x >= 0;
    */
    
void foo203(int x) {

    int y;

    y = -3;


    
            
        /* >>> LOOP INVARIANT TO FILL <<< */
        
            /*@
          loop invariant  PLACE_HOLDER_x ;
          loop invariant  PLACE_HOLDER_y ;
            */
            while(unknown()){
       if(x - y < 2){
       x = x - 1;
       y = y + 2;
      }
       else if(x - y >= 2){
       y = y + 1;
      }
      }
            

    /*@ assert x <= 1; */

  }
2025-12-27 18:11:46,153 - INFO  - annotated_callee_str: 


2025-12-27 18:11:46,160 - INFO  - Content of loop template: 


/*@
    requires x <= 1 && x >= 0;
    */
    
void foo203(int x) {

    int y;

    y = -3;


    
            
        /* >>> LOOP INVARIANT TO FILL <<< */
        
            /*@
          loop invariant  PLACE_HOLDER_VERFICATION_GOAL ;
          loop invariant  PLACE_HOLDER_x ;
          loop invariant  PLACE_HOLDER_y ;
            */
            while(unknown()){
       if(x - y < 2){
       x = x - 1;
       y = y + 2;
      }
       else if(x - y >= 2){
       y = y + 1;
      }
      }
            

    /*@ assert x <= 1; */

  }
2025-12-27 18:11:46,160 - DEBUG  - user_prompt_traival
2025-12-27 18:11:46,160 - DEBUG  - ### Role: ###
You are a helpful AI software assistant specializing in reasoning about code behavior. Your task is to analyze C programs and identify loop invariants that can be used to verify program properties using Frama-C.

### Task: ###
Given a C program with a loop, generate the necessary loop invariants in ACSL (ANSI/ISO C Specification Language) annotations. These invariants will help Frama-C verify the post-condition of the program.



Inputs:
- The pre-condition before the loop begins execution.
- A full C loop program with invariant annotations containing `PLACE_HOLDER` that need to be filled.

### Output: ###
Provide the complete C code with the loop invariant and other relevant ACSL annotations, where all placeholders are correctly filled in ```c ```.

### Rules: ###
- If you break any of these rules, my family will disown me.
- Do not modify any existing annotations or add new annotations. You are only allowed to replace the placeholders `PLACE_HOLDER` before loop.
- Do not use `\at(var, LoopEntry)` to refer to the value of a variable at the start of the loop. Instead, use the value specified in the pre-condition.
- Do not generate loop variant.
- Only use keywords and constructs supported in ACSL annotations for loops.
- Do not generate any natural language explanations after ACSL annotations.
- When `unknown()` used as the loop condition, the number of loop iterations can be any non-negative integer, and the invariant must hold for all cases.
- You are only allowed to fill `PLACE_HOLDER` for `loop invariant` and `loop assigns`, do not generate any `requires` or `ensures` or `loop variant`.





Consider the following C loop:

Pre-condition: `\at(x,Pre) <= 1 && \at(x,Pre) >= 0 && (y == -3) * (x == \at(x,Pre))`

Loop program: `


/*@
    requires x <= 1 && x >= 0;
    */
    
void foo203(int x) {

    int y;

    y = -3;


    
            
        /* >>> LOOP INVARIANT TO FILL <<< */
        
            /*@
          PLACE_HOLDER_LOOP
            */
            while(unknown()){
       if(x - y < 2){
       x = x - 1;
       y = y + 2;
      }
       else if(x - y >= 2){
       y = y + 1;
      }
      }
            

    /*@ assert x <= 1; */

  }`



2025-12-27 18:11:46,160 - DEBUG  - user_prompt_template
2025-12-27 18:11:46,161 - DEBUG  - ### Role: ###
You are a helpful AI software assistant specializing in reasoning about code behavior. Your task is to analyze C programs and identify loop invariants that can be used to verify program properties using Frama-C.

### Task: ###
Given a C program with a loop, generate the necessary loop invariants in ACSL (ANSI/ISO C Specification Language) annotations. These invariants will help Frama-C verify the post-condition of the program.



Inputs:
- The pre-condition before the loop begins execution.
- A full C loop program with invariant annotations containing `PLACE_HOLDER` that need to be filled.

### Output: ###
Provide the complete C code with the loop invariant and other relevant ACSL annotations, where all placeholders are correctly filled in ```c ```.

### Rules: ###
- If you break any of these rules, my family will disown me.
- Do not modify any existing annotations or add new annotations. You are only allowed to replace the placeholders `PLACE_HOLDER` before loop.
- Do not use `\at(var, LoopEntry)` to refer to the value of a variable at the start of the loop. Instead, use the value specified in the pre-condition.
- Do not generate loop variant.
- Only use keywords and constructs supported in ACSL annotations for loops.
- Do not generate any natural language explanations after ACSL annotations.
- When `unknown()` used as the loop condition, the number of loop iterations can be any non-negative integer, and the invariant must hold for all cases.
- You are only allowed to fill `PLACE_HOLDER` for `loop invariant` and `loop assigns`, do not generate any `requires` or `ensures` or `loop variant`.

- Generate loop invariants with equality constraints as comprehensively as possible.



Consider the following C loop:

Pre-condition: `\at(x,Pre) <= 1 && \at(x,Pre) >= 0 && (y == -3) * (x == \at(x,Pre))`

Loop program: `


/*@
    requires x <= 1 && x >= 0;
    */
    
void foo203(int x) {

    int y;

    y = -3;


    
            
        /* >>> LOOP INVARIANT TO FILL <<< */
        
            /*@
          loop invariant  PLACE_HOLDER_x ;
          loop invariant  PLACE_HOLDER_y ;
            */
            while(unknown()){
       if(x - y < 2){
       x = x - 1;
       y = y + 2;
      }
       else if(x - y >= 2){
       y = y + 1;
      }
      }
            

    /*@ assert x <= 1; */

  }`



2025-12-27 18:11:46,161 - DEBUG  - user_prompt_verification
2025-12-27 18:11:46,161 - DEBUG  - ### Role: ###
You are a helpful AI software assistant specializing in reasoning about code behavior. Your task is to analyze C programs and identify loop invariants that can be used to verify program properties using Frama-C.

### Task: ###
Given a C program with a loop, generate the necessary loop invariants in ACSL (ANSI/ISO C Specification Language) annotations. These invariants will help Frama-C verify the post-condition of the program.



Inputs:
- The pre-condition before the loop begins execution.
- A full C loop program with invariant annotations containing `PLACE_HOLDER` that need to be filled.

### Output: ###
Provide the complete C code with the loop invariant and other relevant ACSL annotations, where all placeholders are correctly filled in ```c ```.

### Rules: ###
- If you break any of these rules, my family will disown me.
- Do not modify any existing annotations or add new annotations. You are only allowed to replace the placeholders `PLACE_HOLDER` before loop.
- Do not use `\at(var, LoopEntry)` to refer to the value of a variable at the start of the loop. Instead, use the value specified in the pre-condition.
- Do not generate loop variant.
- Only use keywords and constructs supported in ACSL annotations for loops.
- Do not generate any natural language explanations after ACSL annotations.
- When `unknown()` used as the loop condition, the number of loop iterations can be any non-negative integer, and the invariant must hold for all cases.
- You are only allowed to fill `PLACE_HOLDER` for `loop invariant` and `loop assigns`, do not generate any `requires` or `ensures` or `loop variant`.

- Generate loop invariants with equality constraints as comprehensively as possible.
- Please first try to directly use the verification goal as the loop invariant at `PLACE_HOLDER_VERFICATION_GOAL`. Often, the verification goal (assertion) also holds throughout the loop; in that case, it can be used directly as the invariant.


Consider the following C loop:

Pre-condition: `\at(x,Pre) <= 1 && \at(x,Pre) >= 0 && (y == -3) * (x == \at(x,Pre))`

Loop program: `


/*@
    requires x <= 1 && x >= 0;
    */
    
void foo203(int x) {

    int y;

    y = -3;


    
            
        /* >>> LOOP INVARIANT TO FILL <<< */
        
            /*@
          loop invariant  PLACE_HOLDER_VERFICATION_GOAL ;
          loop invariant  PLACE_HOLDER_x ;
          loop invariant  PLACE_HOLDER_y ;
            */
            while(unknown()){
       if(x - y < 2){
       x = x - 1;
       y = y + 2;
      }
       else if(x - y >= 2){
       y = y + 1;
      }
      }
            

    /*@ assert x <= 1; */

  }`



2025-12-27 18:11:55,882 - DEBUG  - invgen reasoning
2025-12-27 18:11:55,883 - DEBUG  - Here is the complete C code with the loop invariant filled in:

```c
/*@
    requires x <= 1 && x >= 0;
    */
    
void foo203(int x) {

    int y;

    y = -3;


    
            
        /* >>> LOOP INVARIANT TO FILL <<< */
        
            /*@
          loop invariant x <= 1 && x - y <= 4;
          loop assigns x, y;
            */
            while(unknown()){
       if(x - y < 2){
       x = x - 1;
       y = y + 2;
      }
       else if(x - y >= 2){
       y = y + 1;
      }
      }
            

    /*@ assert x <= 1; */

  }
```

The loop invariant `x <= 1 && x - y <= 4` ensures that:
1. `x` never exceeds 1 (which matches the post-condition)
2. The difference between `x` and `y` is bounded to prevent `x` from being decremented excessively

The `loop assigns x, y` annotation specifies that the loop only modifies these two variables. This satisfies all the given rules and requirements.
2025-12-27 18:12:10,995 - DEBUG  - invgen reasoning
2025-12-27 18:12:10,996 - DEBUG  - Here is the complete C code with comprehensive loop invariants filled in:

```c
/*@
    requires x <= 1 && x >= 0;
    */
    
void foo203(int x) {

    int y;

    y = -3;


    
            
        /* >>> LOOP INVARIANT TO FILL <<< */
        
            /*@
          loop invariant x <= 1 && x >= -1;
          loop invariant y >= -3 && (x - y == 4 || x - y <= 3);
          loop assigns x, y;
            */
            while(unknown()){
       if(x - y < 2){
       x = x - 1;
       y = y + 2;
      }
       else if(x - y >= 2){
       y = y + 1;
      }
      }
            

    /*@ assert x <= 1; */

  }
```

The invariants are designed to:
1. Keep `x` bounded between -1 and 1 (stronger than just `x <= 1`)
2. Maintain `y`'s minimum value and the relationship between `x` and `y`
3. The `x - y` relationship captures both possible states from the branching logic
4. The `loop assigns` clause properly declares all modified variables

These invariants are strong enough to prove the post-condition while satisfying all the given constraints. The equality constraints in the second invariant (`x - y == 4 || x - y <= 3`) help capture the precise relationships established by the loop's branching behavior.
2025-12-27 18:12:28,099 - DEBUG  - invgen reasoning
2025-12-27 18:12:28,099 - DEBUG  - Here is the complete C code with comprehensive loop invariants filled in, using the verification goal directly as part of the invariant:

```c
/*@
    requires x <= 1 && x >= 0;
    */
    
void foo203(int x) {

    int y;

    y = -3;


    
            
        /* >>> LOOP INVARIANT TO FILL <<< */
        
            /*@
          loop invariant x <= 1;  // Verification goal as invariant
          loop invariant y >= -3 && (x - y <= 4);
          loop invariant (x - y == 4) || (x - y <= 2);
          loop assigns x, y;
            */
            while(unknown()){
       if(x - y < 2){
       x = x - 1;
       y = y + 2;
      }
       else if(x - y >= 2){
       y = y + 1;
      }
      }
            

    /*@ assert x <= 1; */

  }
```

Key aspects of these invariants:
1. The verification goal `x <= 1` is used directly as the first invariant since it holds throughout the loop
2. `y >= -3` maintains the lower bound of y (from initialization)
3. `x - y <= 4` captures the maximum possible difference
4. The disjunction `(x - y == 4) || (x - y <= 2)` precisely models the two possible states from the branching logic
5. `loop assigns` correctly declares all modified variables

These invariants:
- Are established by the preconditions (xâˆˆ[0,1], y=-3)
- Are preserved by both branches of the loop body
- Are strong enough to prove the post-condition
- Comply with all the specified rules
- Include equality constraints for precise verification
2025-12-27 18:12:28,099 - INFO  - candidated loop invariant
2025-12-27 18:12:28,099 - INFO  - 
/*@
    requires x <= 1 && x >= 0;
    */
    
void foo203(int x) {

    int y;

    y = -3;


    
            
        /* >>> LOOP INVARIANT TO FILL <<< */
        
            /*@
          loop invariant x <= 1 && x >= -1;
          loop invariant y >= -3 && (x - y == 4 || x - y <= 3);
          loop assigns x, y;
            */
            while(unknown()){
       if(x - y < 2){
       x = x - 1;
       y = y + 2;
      }
       else if(x - y >= 2){
       y = y + 1;
      }
      }
            

    /*@ assert x <= 1; */

  }

2025-12-27 18:12:39,318 - INFO  - syntax Correct
2025-12-27 18:12:50,495 - INFO  - Validate:
2025-12-27 18:12:50,495 - INFO  - [False, True]
2025-12-27 18:12:50,496 - INFO  - 
2025-12-27 18:12:50,496 - INFO  - Verify:
2025-12-27 18:12:50,496 - INFO  - [True]
2025-12-27 18:12:50,496 - INFO  - 
2025-12-27 18:12:50,497 - INFO  - after mark
2025-12-27 18:12:50,497 - INFO  - 
/*@
    requires x <= 1 && x >= 0;
    */
    
void foo203(int x) {

    int y;

    y = -3;


    
            
        /* >>> LOOP INVARIANT TO FILL <<< */
        
            /*@
          loop invariant x <= 1 && x >= -1 [INVARIANT FAILED] ;
          loop invariant y >= -3 && (x - y == 4 || x - y <= 3);
          loop assigns x, y;
            */
            while(unknown()){
       if(x - y < 2){
       x = x - 1;
       y = y + 2;
      }
       else if(x - y >= 2){
       y = y + 1;
      }
      }
            

    /*@ assert x <= 1; */

  }

2025-12-27 18:13:06,753 - INFO  - after adjust
2025-12-27 18:13:06,754 - INFO  - 
/*@
    requires x <= 1 && x >= 0;
    */
    
void foo203(int x) {

    int y;

    y = -3;


    
            
        /* >>> LOOP INVARIANT TO FILL <<< */
        
            /*@
          loop invariant x <= 1 && x >= 0;
          loop invariant y >= -3 && (x - y == 4 || x - y <= 3);
          loop assigns x, y;
            */
            while(unknown()){
       if(x - y < 2){
       x = x - 1;
       y = y + 2;
      }
       else if(x - y >= 2){
       y = y + 1;
      }
      }
            

    /*@ assert x <= 1; */

  }

2025-12-27 18:13:29,122 - INFO  - after hudini
2025-12-27 18:13:29,122 - INFO  - 
/*@
    requires x <= 1 && x >= 0;
    */
    
void foo203(int x) {

    int y;

    y = -3;


    
            
        /* >>> LOOP INVARIANT TO FILL <<< */
        
            /*@
          loop invariant y >= -3 && (x - y == 4 || x - y <= 3);
          loop assigns x, y;
            */
            while(unknown()){
       if(x - y < 2){
       x = x - 1;
       y = y + 2;
      }
       else if(x - y >= 2){
       y = y + 1;
      }
      }
            

    /*@ assert x <= 1; */

  }

2025-12-27 18:14:02,617 - INFO  - syntax Correct
2025-12-27 18:14:13,707 - INFO  - Validate:
2025-12-27 18:14:13,707 - INFO  - [True]
2025-12-27 18:14:13,707 - INFO  - 
2025-12-27 18:14:13,708 - INFO  - Verify:
2025-12-27 18:14:13,708 - INFO  - [False]
2025-12-27 18:14:13,708 - INFO  - 
2025-12-27 18:14:34,174 - INFO  - after strength
2025-12-27 18:14:34,175 - INFO  - 
/*@
    requires x <= 1 && x >= 0;
    */
    
void foo203(int x) {

    int y;

    y = -3;


    
            
        /* >>> LOOP INVARIANT TO FILL <<< */
        
            /*@
          loop invariant x <= 1 && x >= -1;
          loop invariant y >= -3 && (x - y == 4 || x - y <= 3);
          loop assigns x, y;
            */
            while(unknown()){
       if(x - y < 2){
       x = x - 1;
       y = y + 2;
      }
       else if(x - y >= 2){
       y = y + 1;
      }
      }
            

    /*@ assert x <= 1; */

  }

2025-12-27 18:14:45,350 - INFO  - syntax Correct
2025-12-27 18:14:56,540 - INFO  - Validate:
2025-12-27 18:14:56,541 - INFO  - [False, True]
2025-12-27 18:14:56,541 - INFO  - 
2025-12-27 18:14:56,541 - INFO  - Verify:
2025-12-27 18:14:56,541 - INFO  - [True]
2025-12-27 18:14:56,542 - INFO  - 
2025-12-27 18:14:56,542 - INFO  - after mark
2025-12-27 18:14:56,542 - INFO  - 
/*@
    requires x <= 1 && x >= 0;
    */
    
void foo203(int x) {

    int y;

    y = -3;


    
            
        /* >>> LOOP INVARIANT TO FILL <<< */
        
            /*@
          loop invariant x <= 1 && x >= -1 [INVARIANT FAILED] ;
          loop invariant y >= -3 && (x - y == 4 || x - y <= 3);
          loop assigns x, y;
            */
            while(unknown()){
       if(x - y < 2){
       x = x - 1;
       y = y + 2;
      }
       else if(x - y >= 2){
       y = y + 1;
      }
      }
            

    /*@ assert x <= 1; */

  }

2025-12-27 18:15:16,889 - INFO  - after adjust
2025-12-27 18:15:16,889 - INFO  - 
/*@
    requires x <= 1 && x >= 0;
    */
    
void foo203(int x) {

    int y;

    y = -3;


    
            
        /* >>> LOOP INVARIANT TO FILL <<< */
        
            /*@
          loop invariant x <= 1 && x >= 0;
          loop invariant y >= -3 && (x - y == 4 || x - y <= 3);
          loop assigns x, y;
            */
            while(unknown()){
       if(x - y < 2){
       x = x - 1;
       y = y + 2;
      }
       else if(x - y >= 2){
       y = y + 1;
      }
      }
            

    /*@ assert x <= 1; */

  }

2025-12-27 18:15:39,254 - INFO  - after hudini
2025-12-27 18:15:39,255 - INFO  - 
/*@
    requires x <= 1 && x >= 0;
    */
    
void foo203(int x) {

    int y;

    y = -3;


    
            
        /* >>> LOOP INVARIANT TO FILL <<< */
        
            /*@
          loop invariant y >= -3 && (x - y == 4 || x - y <= 3);
          loop assigns x, y;
            */
            while(unknown()){
       if(x - y < 2){
       x = x - 1;
       y = y + 2;
      }
       else if(x - y >= 2){
       y = y + 1;
      }
      }
            

    /*@ assert x <= 1; */

  }

2025-12-27 18:16:12,905 - INFO  - syntax Correct
2025-12-27 18:16:23,979 - INFO  - Validate:
2025-12-27 18:16:23,980 - INFO  - [True]
2025-12-27 18:16:23,980 - INFO  - 
2025-12-27 18:16:23,980 - INFO  - Verify:
2025-12-27 18:16:23,980 - INFO  - [False]
2025-12-27 18:16:23,981 - INFO  - 
2025-12-27 18:16:42,310 - INFO  - after strength
2025-12-27 18:16:42,311 - INFO  - 
/*@
    requires x <= 1 && x >= 0;
    */
    
void foo203(int x) {

    int y;

    y = -3;


    
            
        /* >>> LOOP INVARIANT TO FILL <<< */
        
            /*@
          loop invariant x <= 1;
          loop invariant y >= -3 && (x - y == 4 || x - y <= 3);
          loop invariant x >= 0 || (x == -1 && y >= 1);
          loop assigns x, y;
            */
            while(unknown()){
       if(x - y < 2){
       x = x - 1;
       y = y + 2;
      }
       else if(x - y >= 2){
       y = y + 1;
      }
      }
            

    /*@ assert x <= 1; */

  }

2025-12-27 18:16:53,652 - INFO  - syntax Correct
2025-12-27 18:17:04,907 - INFO  - Validate:
2025-12-27 18:17:04,907 - INFO  - [True, True, False]
2025-12-27 18:17:04,907 - INFO  - 
2025-12-27 18:17:04,908 - INFO  - Verify:
2025-12-27 18:17:04,908 - INFO  - [True]
2025-12-27 18:17:04,908 - INFO  - 
2025-12-27 18:17:04,908 - INFO  - after mark
2025-12-27 18:17:04,909 - INFO  - 
/*@
    requires x <= 1 && x >= 0;
    */
    
void foo203(int x) {

    int y;

    y = -3;


    
            
        /* >>> LOOP INVARIANT TO FILL <<< */
        
            /*@
          loop invariant x <= 1;
          loop invariant y >= -3 && (x - y == 4 || x - y <= 3);
          loop invariant x >= 0 || (x == -1 && y >= 1) [INVARIANT FAILED] ;
          loop assigns x, y;
            */
            while(unknown()){
       if(x - y < 2){
       x = x - 1;
       y = y + 2;
      }
       else if(x - y >= 2){
       y = y + 1;
      }
      }
            

    /*@ assert x <= 1; */

  }

2025-12-27 18:17:27,599 - INFO  - after adjust
2025-12-27 18:17:27,599 - INFO  - 
/*@
    requires x <= 1 && x >= 0;
    */
    
void foo203(int x) {

    int y;

    y = -3;


    
            
        /* >>> LOOP INVARIANT TO FILL <<< */
        
            /*@
          loop invariant x <= 1;
          loop invariant y >= -3 && (x - y == 4 || x - y <= 3);
          loop invariant x >= -1 && (x < 0 ==> y >= -2*x + 1);
          loop assigns x, y;
            */
            while(unknown()){
       if(x - y < 2){
       x = x - 1;
       y = y + 2;
      }
       else if(x - y >= 2){
       y = y + 1;
      }
      }
            

    /*@ assert x <= 1; */

  }

2025-12-27 18:17:50,171 - INFO  - after hudini
2025-12-27 18:17:50,172 - INFO  - 
/*@
    requires x <= 1 && x >= 0;
    */
    
void foo203(int x) {

    int y;

    y = -3;


    
            
        /* >>> LOOP INVARIANT TO FILL <<< */
        
            /*@
          loop invariant x <= 1;
          loop invariant y >= -3 && (x - y == 4 || x - y <= 3);
          loop assigns x, y;
            */
            while(unknown()){
       if(x - y < 2){
       x = x - 1;
       y = y + 2;
      }
       else if(x - y >= 2){
       y = y + 1;
      }
      }
            

    /*@ assert x <= 1; */

  }

2025-12-27 18:17:52,471 - INFO  - after hudini
2025-12-27 18:17:52,471 - INFO  - 
/*@
    requires x <= 1 && x >= 0;
    */
    
void foo203(int x) {

    int y;

    y = -3;


    
            
        /* >>> LOOP INVARIANT TO FILL <<< */
        
            /*@
          loop invariant x <= 1;
          loop invariant y >= -3 && (x - y == 4 || x - y <= 3);
          loop assigns x, y;
            */
            while(unknown()){
       if(x - y < 2){
       x = x - 1;
       y = y + 2;
      }
       else if(x - y >= 2){
       y = y + 1;
      }
      }
            

    /*@ assert x <= 1; */

  }

2025-12-27 18:17:53,525 - INFO  - syntax Correct
2025-12-27 18:17:54,746 - INFO  - Validate:
2025-12-27 18:17:54,747 - INFO  - [True, True]
2025-12-27 18:17:54,747 - INFO  - 
2025-12-27 18:17:54,747 - INFO  - Verify:
2025-12-27 18:17:54,747 - INFO  - [True]
2025-12-27 18:17:54,747 - INFO  - 
2025-12-27 18:17:54,748 - INFO  - loop invariant annotated
2025-12-27 18:17:54,748 - INFO  - 
/*@
    requires x <= 1 && x >= 0;
    */
    
void foo203(int x) {

    int y;

    y = -3;


    
            
        /* >>> LOOP INVARIANT TO FILL <<< */
        
            /*@
          loop invariant x <= 1;
          loop invariant y >= -3 && (x - y == 4 || x - y <= 3);
          loop assigns x, y;
            */
            while(unknown()){
       if(x - y < 2){
       x = x - 1;
       y = y + 2;
      }
       else if(x - y >= 2){
       y = y + 1;
      }
      }
            

    /*@ assert x <= 1; */

  }

2025-12-27 18:17:56,959 - INFO  - ACSL format loop invariant
2025-12-27 18:17:56,960 - INFO  - /*@
          loop invariant x <= 1;
          loop invariant y >= -3 && (x - y == 4 || x - y <= 3);
          loop assigns x, y;
            */
            while(unknown()){
       if(x - y < 2){
       x = x - 1;
       y = y + 2;
      }
       else if(x - y >= 2){
       y = y + 1;
      }
      }
2025-12-27 18:17:56,961 - INFO  - VST format loop invariant
2025-12-27 18:17:56,961 - INFO  - /*@ Inv
    (x <= 1) &&
(y >= -3 && (x - y == 4 || x - y <= 3)
          loop assigns x, y)
    */
    
            while(unknown()){
       if(x - y < 2){
       x = x - 1;
       y = y + 2;
      }
       else if(x - y >= 2){
       y = y + 1;
      }
      }
2025-12-27 18:17:56,962 - INFO  - PARTIAL CORRECT INVARIANT
2025-12-27 18:17:56,962 - INFO  - continue symbolic execution
2025-12-27 18:17:56,962 - INFO  - 
/*@
    requires x <= 1 && x >= 0;
    */
    
void foo203(int x) {

    int y;

    y = -3;


    
            
        /* >>> LOOP INVARIANT TO FILL <<< */
        
            /*@
          loop invariant x <= 1;
          loop invariant y >= -3 && (x - y == 4 || x - y <= 3);
          loop assigns x, y;
            */
            while(unknown()){
       if(x - y < 2){
       x = x - 1;
       y = y + 2;
      }
       else if(x - y >= 2){
       y = y + 1;
      }
      }
            

    /*@ assert x <= 1; */

  }

2025-12-27 18:17:58,067 - INFO  - syntax Correct
2025-12-27 18:17:59,237 - INFO  - Validate:
2025-12-27 18:17:59,238 - INFO  - [True, True]
2025-12-27 18:17:59,238 - INFO  - 
2025-12-27 18:17:59,238 - INFO  - Verify:
2025-12-27 18:17:59,238 - INFO  - [True]
2025-12-27 18:17:59,238 - INFO  - 
2025-12-27 18:17:59,238 - INFO  - CORRECT INVARIANT
2025-12-27 18:18:01,423 - INFO  - ==================================================
2025-12-27 18:18:01,423 - INFO  - first_pass:
2025-12-27 18:18:01,423 - INFO  - syntax=1, valid=1,satisfy=1
2025-12-27 18:18:01,424 - INFO  - ==================================================
2025-12-27 18:18:01,424 - INFO  - foo203.c after loop invariant generation: 

/*@
    requires x <= 1 && x >= 0;
    */
    
void foo203(int x) {

    int y;

    y = -3;


    
            
        /* >>> LOOP INVARIANT TO FILL <<< */
        
            /*@
          loop invariant x <= 1;
          loop invariant y >= -3 && (x - y == 4 || x - y <= 3);
          loop assigns x, y;
            */
            while(unknown()){
       if(x - y < 2){
       x = x - 1;
       y = y + 2;
      }
       else if(x - y >= 2){
       y = y + 1;
      }
      }
            

    /*@ assert x <= 1; */

  }

2025-12-27 18:18:01,753 - INFO  - ==================================================
2025-12-27 18:18:01,754 - INFO  - â° OVERALL EXECUTION TIME STATISTICS
2025-12-27 18:18:01,754 - INFO  - Total execution time: 419.89 seconds (7.00 minutes)
2025-12-27 18:18:01,754 - INFO  - ==================================================
2025-12-27 18:18:01,754 - INFO  - ==================================================
2025-12-27 18:18:01,754 - INFO  - ðŸ“Š TOKEN USAGE STATISTICS
2025-12-27 18:18:01,754 - INFO  - Total API calls: 11
2025-12-27 18:18:01,755 - INFO  - Total prompt tokens (input): 104,301
2025-12-27 18:18:01,755 - INFO  - Total completion tokens (output): 7,622
2025-12-27 18:18:01,755 - INFO  - Total tokens: 111,923
2025-12-27 18:18:01,755 - INFO  - Average prompt tokens per call: 9481.9
2025-12-27 18:18:01,755 - INFO  - Average completion tokens per call: 692.9
2025-12-27 18:18:01,755 - INFO  - Average total tokens per call: 10174.8
2025-12-27 18:18:01,755 - INFO  - ==================================================
