2025-12-27 19:06:46,473 - INFO  - 
ðŸš€ Starting generation of function: foo276
2025-12-27 19:06:46,473 - INFO  - 
FUNCTION INITIALIZATION
2025-12-27 19:06:46,473 - INFO  - ==================================================

2025-12-27 19:06:47,679 - INFO  - Initial pending functions: ['foo276']
2025-12-27 19:06:47,679 - INFO  - 
GENERATE ANNOTATION FOR foo276
2025-12-27 19:06:47,679 - INFO  - ==================================================

2025-12-27 19:06:47,679 - INFO  - Function foo276 has been initialized
2025-12-27 19:06:47,721 - INFO  - Content of ACSL foo276.c file to be inserted into template: 


void foo276() {

    int i;
    int j;

    i = 0;
    j = 0;


    while (i < 100) {
       j += 2;
       i++;
      }

    /*@ assert j == 200; */

  }
2025-12-27 19:06:47,721 - INFO  - Content of pre-annotated foo276.c file: 

    #include "../verification_stdlib.h"
    #include "../verification_list.h"
    #include "../int_array_def.h"

    /*@ Extern Coq (Result: Assertion) */
    /*@ Extern Coq (Results: Z -> Assertion) */

        

void foo276() 

            /*@
            Require emp
            Ensure Results(__return)
            */
            {

    int i;
    int j;

    i = 0;
    j = 0;


    while (i < 100) {
       j += 2;
       i++;
      }

    

  }
2025-12-27 19:06:47,722 - INFO  - 
GENERATE LOOP INVARIANT FOR foo276
2025-12-27 19:06:47,723 - INFO  - ==================================================

2025-12-27 19:06:47,789 - INFO  - file_name: foo276
2025-12-27 19:06:47,938 - DEBUG  - INNER_FLAG: False
2025-12-27 19:06:47,939 - INFO  - Variable Maps:[{'j': '0', 'i': '0'}]
2025-12-27 19:06:47,939 - INFO  - Path conditions: [None]
2025-12-27 19:06:47,939 - INFO  - Pre condition: (j == 0) * (i == 0)
2025-12-27 19:06:47,940 - INFO  - Loop Condition: i < 100
2025-12-27 19:06:47,940 - INFO  - Array Names: []
2025-12-27 19:06:47,940 - INFO  - Updated Loop Conditions: ['0 < 100']
2025-12-27 19:06:47,940 - INFO  - Global Unchanged Variables: []
2025-12-27 19:06:47,941 - INFO  - Non Inductive Variables: []
2025-12-27 19:06:47,941 - INFO  - Unchanged Arrays (Read-only): []
2025-12-27 19:06:47,941 - INFO  - after assignments
2025-12-27 19:06:47,941 - INFO  - 
            
        /* >>> LOOP INVARIANT TO FILL <<< */
        
            /*@
            */
            while (i < 100) {
       j += 2;
       i++;
      }
            
2025-12-27 19:07:24,182 - INFO  - think in natural language: ### **Loop Verification Analysis**

---

#### **a. Loop Purpose and Structure**

- **Purpose**: The loop increments `i` from `0` to `99` (inclusive) and adds `2` to `j` in each iteration. The intended outcome is that `j` is incremented by `2` for each of the `100` iterations, resulting in `j == 200` at the end of the loop.
- **Structure**:
  - **Governing condition**: `while (i < 100)` (loop runs while `i` is less than `100`).
  - **Operations**:
    - `j += 2;` (add `2` to `j` in each iteration).
    - `i++;` (increment `i` by `1` in each iteration).
  - **Variables**:
    - `i`: Loop counter, initialized to `0`, increments by `1` each iteration.
    - `j`: Accumulator, initialized to `0`, increments by `2` each iteration.

---

#### **b. Sample and Analyze Variable Values**

| Iteration | Pre-Loop (`i`, `j`) | Post-Iteration (`i`, `j`) |
|-----------|---------------------|---------------------------|
| 0         | `(0, 0)`            | `(1, 2)`                  |
| 1         | `(1, 2)`            | `(2, 4)`                  |
| 2         | `(2, 4)`            | `(3, 6)`                  |
| 3         | `(3, 6)`            | `(4, 8)`                  |
| 4         | `(4, 8)`            | `(5, 10)`                 |
| ...       | ...                 | ...                       |
| Post-Loop | `(100, 200)`        | Loop exits                |

Observations:
- `i` starts at `0` and increments by `1` each iteration.
- `j` starts at `0` and increments by `2` each iteration.
- After `100` iterations, `i == 100` (loop exits), and `j == 200`.

---

#### **c. Verification Goal Analysis**

- **Verification goal (post-condition)**: `j == 200` (asserted at the end of the loop).
- **Can the verification goal be an invariant?**  
  - **NO**, because `j == 200` is only true at termination, not during iterations. The invariant must hold at the start and end of every iteration.
- **Modified invariant**:  
  - A valid invariant must relate `j` and `i` such that it holds throughout the loop and implies `j == 200` at termination.
  - Proposed invariant: `j == 2 * i`.  
    - **Establishment**: At loop start (`i = 0`, `j = 0`), `0 == 2 * 0` holds.
    - **Preservation**: If `j == 2 * i` holds at the start of an iteration, then after `j += 2` and `i++`, `j_new = j + 2 = 2*i + 2 = 2*(i + 1) = 2*i_new`, so the invariant holds.
    - **Termination**: When the loop exits (`i == 100`), the invariant implies `j == 2 * 100 == 200`.

---

#### **d. Loop Invariant Discussion**

- **Proposed invariant**: `j == 2 * i`.
- **Explanation**:
  - At loop start: `i = 0`, `j = 0`, so `0 == 2 * 0` holds.
  - During loop: After each iteration, `j` is always twice `i` because `j` increments by `2` and `i` increments by `1`.
  - At termination: `i == 100`, so `j == 200`, satisfying the post-condition.

---

#### **e. Establishment**

- **Pre-condition**: `i = 0`, `j = 0`.
- **Invariant holds initially**: `j == 2 * i` â‡’ `0 == 2 * 0` â‡’ `true`.

---

#### **f. Preservation**

- Assume at the start of an iteration: `j == 2 * i` holds, and `i < 100` (loop condition).
- After iteration:
  - `j_new = j + 2 = 2*i + 2`.
  - `i_new = i + 1`.
  - Thus, `j_new == 2 * i_new` â‡’ `2*i + 2 == 2*(i + 1)` â‡’ `true`.
- The invariant is preserved.

---

#### **g. Termination Analysis**

- **Termination condition**: `i >= 100` (negation of `i < 100`).
- At termination:
  - `i == 100` (since `i` increments by `1` from `0` to `100`).
  - From the invariant: `j == 2 * i` â‡’ `j == 200`.
- The invariant holds at termination and implies the post-condition.

---

#### **h. Post-condition Correctness**

- **Post-condition**: `j == 200`.
- **Correctness**:  
  - The invariant `j == 2 * i` holds throughout the loop.
  - At termination, `i == 100`, so `j == 200` follows directly from the invariant.
  - The post-condition is correct.

---

### **Final Answer: Loop Invariant**

The loop invariant is:
```c
/*@ loop invariant j == 2 * i; */
```

This ensures:
1. **Establishment**: `j == 2 * i` holds initially (`i = 0`, `j = 0`).
2. **Preservation**: If `j == 2 * i` holds at the start of an iteration, it holds at the end.
3. **Termination**: When the loop exits (`i == 100`), `j == 200` is guaranteed.
2025-12-27 19:07:24,183 - INFO  - after const
2025-12-27 19:07:24,183 - INFO  - 
            
        /* >>> LOOP INVARIANT TO FILL <<< */
        
            /*@
            */
            while (i < 100) {
       j += 2;
       i++;
      }
            
2025-12-27 19:07:24,183 - INFO  - after not in
2025-12-27 19:07:24,183 - INFO  - 
            
        /* >>> LOOP INVARIANT TO FILL <<< */
        
            /*@
            */
            while (i < 100) {
       j += 2;
       i++;
      }
            
2025-12-27 19:07:24,184 - INFO  - after vars
2025-12-27 19:07:24,184 - INFO  - 
            
        /* >>> LOOP INVARIANT TO FILL <<< */
        
            /*@
          loop invariant  PLACE_HOLDER_i ;
          loop invariant  PLACE_HOLDER_j ;
            */
            while (i < 100) {
       j += 2;
       i++;
      }
            
2025-12-27 19:07:24,184 - INFO  - after verification goal
2025-12-27 19:07:24,184 - INFO  - 
            
        /* >>> LOOP INVARIANT TO FILL <<< */
        
            /*@
          loop invariant  PLACE_HOLDER_VERFICATION_GOAL ;
          loop invariant  PLACE_HOLDER_i ;
          loop invariant  PLACE_HOLDER_j ;
            */
            while (i < 100) {
       j += 2;
       i++;
      }
            
2025-12-27 19:07:24,193 - INFO  - Content of loop template: 

void foo276() {

    int i;
    int j;

    i = 0;
    j = 0;


    
            
        /* >>> LOOP INVARIANT TO FILL <<< */
        
            /*@
          PLACE_HOLDER_LOOP
            */
            while (i < 100) {
       j += 2;
       i++;
      }
            

    /*@ assert j == 200; */

  }
2025-12-27 19:07:24,200 - INFO  - Content of loop template: 

void foo276() {

    int i;
    int j;

    i = 0;
    j = 0;


    
            
        /* >>> LOOP INVARIANT TO FILL <<< */
        
            /*@
          loop invariant  PLACE_HOLDER_i ;
          loop invariant  PLACE_HOLDER_j ;
            */
            while (i < 100) {
       j += 2;
       i++;
      }
            

    /*@ assert j == 200; */

  }
2025-12-27 19:07:24,207 - INFO  - Content of loop template: 

void foo276() {

    int i;
    int j;

    i = 0;
    j = 0;


    
            
        /* >>> LOOP INVARIANT TO FILL <<< */
        
            /*@
          loop invariant  PLACE_HOLDER_VERFICATION_GOAL ;
          loop invariant  PLACE_HOLDER_i ;
          loop invariant  PLACE_HOLDER_j ;
            */
            while (i < 100) {
       j += 2;
       i++;
      }
            

    /*@ assert j == 200; */

  }
2025-12-27 19:07:24,207 - DEBUG  - user_prompt_traival
2025-12-27 19:07:24,207 - DEBUG  - ### Role: ###
You are a helpful AI software assistant specializing in reasoning about code behavior. Your task is to analyze C programs and identify loop invariants that can be used to verify program properties using Frama-C.

### Task: ###
Given a C program with a loop, generate the necessary loop invariants in ACSL (ANSI/ISO C Specification Language) annotations. These invariants will help Frama-C verify the post-condition of the program.



Inputs:
- The pre-condition before the loop begins execution.
- A full C loop program with invariant annotations containing `PLACE_HOLDER` that need to be filled.

### Output: ###
Provide the complete C code with the loop invariant and other relevant ACSL annotations, where all placeholders are correctly filled in ```c ```.

### Rules: ###
- If you break any of these rules, my family will disown me.
- Do not modify any existing annotations or add new annotations. You are only allowed to replace the placeholders `PLACE_HOLDER` before loop.
- Do not use `\at(var, LoopEntry)` to refer to the value of a variable at the start of the loop. Instead, use the value specified in the pre-condition.
- Do not generate loop variant.
- Only use keywords and constructs supported in ACSL annotations for loops.
- Do not generate any natural language explanations after ACSL annotations.
- When `unknown()` used as the loop condition, the number of loop iterations can be any non-negative integer, and the invariant must hold for all cases.
- You are only allowed to fill `PLACE_HOLDER` for `loop invariant` and `loop assigns`, do not generate any `requires` or `ensures` or `loop variant`.





Consider the following C loop:

Pre-condition: `(j == 0) * (i == 0)`

Loop program: `

void foo276() {

    int i;
    int j;

    i = 0;
    j = 0;


    
            
        /* >>> LOOP INVARIANT TO FILL <<< */
        
            /*@
          PLACE_HOLDER_LOOP
            */
            while (i < 100) {
       j += 2;
       i++;
      }
            

    /*@ assert j == 200; */

  }`



2025-12-27 19:07:24,208 - DEBUG  - user_prompt_template
2025-12-27 19:07:24,208 - DEBUG  - ### Role: ###
You are a helpful AI software assistant specializing in reasoning about code behavior. Your task is to analyze C programs and identify loop invariants that can be used to verify program properties using Frama-C.

### Task: ###
Given a C program with a loop, generate the necessary loop invariants in ACSL (ANSI/ISO C Specification Language) annotations. These invariants will help Frama-C verify the post-condition of the program.



Inputs:
- The pre-condition before the loop begins execution.
- A full C loop program with invariant annotations containing `PLACE_HOLDER` that need to be filled.

### Output: ###
Provide the complete C code with the loop invariant and other relevant ACSL annotations, where all placeholders are correctly filled in ```c ```.

### Rules: ###
- If you break any of these rules, my family will disown me.
- Do not modify any existing annotations or add new annotations. You are only allowed to replace the placeholders `PLACE_HOLDER` before loop.
- Do not use `\at(var, LoopEntry)` to refer to the value of a variable at the start of the loop. Instead, use the value specified in the pre-condition.
- Do not generate loop variant.
- Only use keywords and constructs supported in ACSL annotations for loops.
- Do not generate any natural language explanations after ACSL annotations.
- When `unknown()` used as the loop condition, the number of loop iterations can be any non-negative integer, and the invariant must hold for all cases.
- You are only allowed to fill `PLACE_HOLDER` for `loop invariant` and `loop assigns`, do not generate any `requires` or `ensures` or `loop variant`.

- Generate loop invariants with equality constraints as comprehensively as possible.



Consider the following C loop:

Pre-condition: `(j == 0) * (i == 0)`

Loop program: `

void foo276() {

    int i;
    int j;

    i = 0;
    j = 0;


    
            
        /* >>> LOOP INVARIANT TO FILL <<< */
        
            /*@
          loop invariant  PLACE_HOLDER_i ;
          loop invariant  PLACE_HOLDER_j ;
            */
            while (i < 100) {
       j += 2;
       i++;
      }
            

    /*@ assert j == 200; */

  }`



2025-12-27 19:07:24,208 - DEBUG  - user_prompt_verification
2025-12-27 19:07:24,208 - DEBUG  - ### Role: ###
You are a helpful AI software assistant specializing in reasoning about code behavior. Your task is to analyze C programs and identify loop invariants that can be used to verify program properties using Frama-C.

### Task: ###
Given a C program with a loop, generate the necessary loop invariants in ACSL (ANSI/ISO C Specification Language) annotations. These invariants will help Frama-C verify the post-condition of the program.



Inputs:
- The pre-condition before the loop begins execution.
- A full C loop program with invariant annotations containing `PLACE_HOLDER` that need to be filled.

### Output: ###
Provide the complete C code with the loop invariant and other relevant ACSL annotations, where all placeholders are correctly filled in ```c ```.

### Rules: ###
- If you break any of these rules, my family will disown me.
- Do not modify any existing annotations or add new annotations. You are only allowed to replace the placeholders `PLACE_HOLDER` before loop.
- Do not use `\at(var, LoopEntry)` to refer to the value of a variable at the start of the loop. Instead, use the value specified in the pre-condition.
- Do not generate loop variant.
- Only use keywords and constructs supported in ACSL annotations for loops.
- Do not generate any natural language explanations after ACSL annotations.
- When `unknown()` used as the loop condition, the number of loop iterations can be any non-negative integer, and the invariant must hold for all cases.
- You are only allowed to fill `PLACE_HOLDER` for `loop invariant` and `loop assigns`, do not generate any `requires` or `ensures` or `loop variant`.

- Generate loop invariants with equality constraints as comprehensively as possible.
- Please first try to directly use the verification goal as the loop invariant at `PLACE_HOLDER_VERFICATION_GOAL`. Often, the verification goal (assertion) also holds throughout the loop; in that case, it can be used directly as the invariant.


Consider the following C loop:

Pre-condition: `(j == 0) * (i == 0)`

Loop program: `

void foo276() {

    int i;
    int j;

    i = 0;
    j = 0;


    
            
        /* >>> LOOP INVARIANT TO FILL <<< */
        
            /*@
          loop invariant  PLACE_HOLDER_VERFICATION_GOAL ;
          loop invariant  PLACE_HOLDER_i ;
          loop invariant  PLACE_HOLDER_j ;
            */
            while (i < 100) {
       j += 2;
       i++;
      }
            

    /*@ assert j == 200; */

  }`



2025-12-27 19:07:28,283 - DEBUG  - invgen reasoning
2025-12-27 19:07:28,283 - DEBUG  - ```c
void foo276() {
    int i;
    int j;

    i = 0;
    j = 0;

    /*@
      loop invariant j == 2 * i;
      loop assigns j, i;
    */
    while (i < 100) {
       j += 2;
       i++;
    }

    /*@ assert j == 200; */
}
```
2025-12-27 19:07:33,316 - DEBUG  - invgen reasoning
2025-12-27 19:07:33,316 - DEBUG  - ```c
void foo276() {
    int i;
    int j;

    i = 0;
    j = 0;

    /*@
      loop invariant i >= 0 && i <= 100;
      loop invariant j == 2 * i;
      loop assigns i, j;
    */
    while (i < 100) {
       j += 2;
       i++;
    }

    /*@ assert j == 200; */
}
```
2025-12-27 19:07:55,224 - DEBUG  - invgen reasoning
2025-12-27 19:07:55,225 - DEBUG  - ```c
void foo276() {
    int i;
    int j;

    i = 0;
    j = 0;

    /*@
      loop invariant j == 200 - 2*(100 - i);
      loop invariant 0 <= i <= 100;
      loop invariant j == 2*i;
      loop assigns i, j;
    */
    while (i < 100) {
       j += 2;
       i++;
    }

    /*@ assert j == 200; */
}
```

The verification goal `j == 200` cannot be used directly as an invariant since it's only true at termination. Instead, I've provided three comprehensive invariants:

1. `j == 200 - 2*(100 - i)` - This shows the relationship between j and remaining iterations
2. `0 <= i <= 100` - Bounds on the loop counter
3. `j == 2*i` - The direct relationship between j and i that holds throughout

The `loop assigns` clause specifies which variables are modified by the loop. All invariants are established by the preconditions `i == 0` and `j == 0`, and preserved through each iteration. At termination when `i == 100`, all invariants hold and imply the post-condition `j == 200`.
2025-12-27 19:07:55,225 - INFO  - candidated loop invariant
2025-12-27 19:07:55,225 - INFO  - 
void foo276() {
    int i;
    int j;

    i = 0;
    j = 0;

    /*@
      loop invariant i >= 0 && i <= 100;
      loop invariant j == 2 * i;
      loop assigns i, j;
    */
    while (i < 100) {
       j += 2;
       i++;
    }

    /*@ assert j == 200; */
}

2025-12-27 19:07:55,821 - INFO  - syntax Correct
2025-12-27 19:07:56,419 - INFO  - Validate:
2025-12-27 19:07:56,419 - INFO  - [True, True]
2025-12-27 19:07:56,420 - INFO  - 
2025-12-27 19:07:56,420 - INFO  - Verify:
2025-12-27 19:07:56,420 - INFO  - [True]
2025-12-27 19:07:56,420 - INFO  - 
2025-12-27 19:07:56,420 - INFO  - loop invariant annotated
2025-12-27 19:07:56,420 - INFO  - 
void foo276() {
    int i;
    int j;

    i = 0;
    j = 0;

    /*@
      loop invariant i >= 0 && i <= 100;
      loop invariant j == 2 * i;
      loop assigns i, j;
    */
    while (i < 100) {
       j += 2;
       i++;
    }

    /*@ assert j == 200; */
}

2025-12-27 19:07:57,652 - INFO  - ACSL format loop invariant
2025-12-27 19:07:57,653 - INFO  - /*@
      loop invariant i >= 0 && i <= 100;
      loop invariant j == 2 * i;
      loop assigns i, j;
    */
    while (i < 100) {
       j += 2;
       i++;
    }
2025-12-27 19:07:57,654 - INFO  - VST format loop invariant
2025-12-27 19:07:57,654 - INFO  - /*@ Inv
    (i >= 0 && i <= 100) &&
(j == 2 * i
      loop assigns i, j)
    */
    
    while (i < 100) {
       j += 2;
       i++;
    }
2025-12-27 19:07:57,654 - INFO  - PARTIAL CORRECT INVARIANT
2025-12-27 19:07:57,655 - INFO  - continue symbolic execution
2025-12-27 19:07:57,655 - INFO  - 
void foo276() {
    int i;
    int j;

    i = 0;
    j = 0;

    /*@
      loop invariant i >= 0 && i <= 100;
      loop invariant j == 2 * i;
      loop assigns i, j;
    */
    while (i < 100) {
       j += 2;
       i++;
    }

    /*@ assert j == 200; */
}

2025-12-27 19:07:58,365 - INFO  - syntax Correct
2025-12-27 19:07:59,002 - INFO  - Validate:
2025-12-27 19:07:59,003 - INFO  - [True, True]
2025-12-27 19:07:59,003 - INFO  - 
2025-12-27 19:07:59,003 - INFO  - Verify:
2025-12-27 19:07:59,003 - INFO  - [True]
2025-12-27 19:07:59,004 - INFO  - 
2025-12-27 19:07:59,004 - INFO  - CORRECT INVARIANT
2025-12-27 19:08:00,245 - INFO  - ==================================================
2025-12-27 19:08:00,245 - INFO  - first_pass:
2025-12-27 19:08:00,245 - INFO  - syntax=1, valid=1,satisfy=1
2025-12-27 19:08:00,245 - INFO  - ==================================================
2025-12-27 19:08:00,246 - INFO  - foo276.c after loop invariant generation: 

void foo276() {
    int i;
    int j;

    i = 0;
    j = 0;

    /*@
      loop invariant i >= 0 && i <= 100;
      loop invariant j == 2 * i;
      loop assigns i, j;
    */
    while (i < 100) {
       j += 2;
       i++;
    }

    /*@ assert j == 200; */
}

2025-12-27 19:08:00,540 - INFO  - ==================================================
2025-12-27 19:08:00,542 - INFO  - â° OVERALL EXECUTION TIME STATISTICS
2025-12-27 19:08:00,542 - INFO  - Total execution time: 74.07 seconds (1.23 minutes)
2025-12-27 19:08:00,543 - INFO  - ==================================================
2025-12-27 19:08:00,543 - INFO  - ==================================================
2025-12-27 19:08:00,543 - INFO  - ðŸ“Š TOKEN USAGE STATISTICS
2025-12-27 19:08:00,543 - INFO  - Total API calls: 1
2025-12-27 19:08:00,543 - INFO  - Total prompt tokens (input): 3,933
2025-12-27 19:08:00,543 - INFO  - Total completion tokens (output): 275
2025-12-27 19:08:00,544 - INFO  - Total tokens: 4,208
2025-12-27 19:08:00,544 - INFO  - Average prompt tokens per call: 3933.0
2025-12-27 19:08:00,544 - INFO  - Average completion tokens per call: 275.0
2025-12-27 19:08:00,544 - INFO  - Average total tokens per call: 4208.0
2025-12-27 19:08:00,544 - INFO  - ==================================================
