2025-12-27 15:54:45,280 - INFO  - 
🚀 Starting generation of function: foo282
2025-12-27 15:54:45,280 - INFO  - 
FUNCTION INITIALIZATION
2025-12-27 15:54:45,280 - INFO  - ==================================================

2025-12-27 15:54:46,090 - INFO  - Initial pending functions: ['foo282']
2025-12-27 15:54:46,090 - INFO  - 
GENERATE ANNOTATION FOR foo282
2025-12-27 15:54:46,090 - INFO  - ==================================================

2025-12-27 15:54:46,090 - INFO  - Function foo282 has been initialized
2025-12-27 15:54:46,130 - INFO  - Content of ACSL foo282.c file to be inserted into template: 

/*@
    requires n > 0;
    */
    
void foo282(int n) {

    int i;
    int k;

    i = 0;
    k = n;


    while (i < n && n > 0) {
       k--;
       i++;
      }

    /*@ assert k == 0; */

  }
2025-12-27 15:54:46,131 - INFO  - Content of pre-annotated foo282.c file: 

    #include "../verification_stdlib.h"
    #include "../verification_list.h"
    #include "../int_array_def.h"

    /*@ Extern Coq (Result: Assertion) */
    /*@ Extern Coq (Results: Z -> Assertion) */

        

void foo282(int n) 

            /*@
            Require n > 0
            Ensure Results(__return)
            */
            {

    int i;
    int k;

    i = 0;
    k = n;


    while (i < n && n > 0) {
       k--;
       i++;
      }

    

  }
2025-12-27 15:54:46,132 - INFO  - 
GENERATE LOOP INVARIANT FOR foo282
2025-12-27 15:54:46,132 - INFO  - ==================================================

2025-12-27 15:54:46,194 - INFO  - file_name: foo282
2025-12-27 15:54:46,288 - DEBUG  - INNER_FLAG: False
2025-12-27 15:54:46,289 - INFO  - Variable Maps:[{'k': 'n@pre', 'i': '0', 'n': 'n@pre'}]
2025-12-27 15:54:46,289 - INFO  - Path conditions: ['n@pre > 0']
2025-12-27 15:54:46,289 - INFO  - Pre condition: n@pre > 0 && (k == n@pre) * (i == 0) * (n == n@pre)
2025-12-27 15:54:46,290 - INFO  - Loop Condition: i < n && n > 0
2025-12-27 15:54:46,290 - INFO  - Array Names: []
2025-12-27 15:54:46,290 - INFO  - Updated Loop Conditions: ['0 < n@pre && n@pre > 0']
2025-12-27 15:54:46,290 - INFO  - Global Unchanged Variables: ['n']
2025-12-27 15:54:46,291 - INFO  - Non Inductive Variables: []
2025-12-27 15:54:46,291 - INFO  - Unchanged Arrays (Read-only): []
2025-12-27 15:54:46,291 - INFO  - after assignments
2025-12-27 15:54:46,291 - INFO  - 
            
        /* >>> LOOP INVARIANT TO FILL <<< */
        
            /*@
            */
            while (i < n && n > 0) {
       k--;
       i++;
      }
            
2025-12-27 15:55:24,908 - INFO  - think in natural language: ### a. Loop Purpose and Structure

**Purpose:**
The loop in `foo282` is designed to decrement `k` and increment `i` until `i` reaches `n` (or `n` is no longer positive, though the pre-condition ensures `n > 0`). The intended outcome is to have `k` decremented from `n` to `0` as `i` is incremented from `0` to `n`. The post-condition asserts that `k == 0` upon loop termination.

**Structure:**
- **Governing condition:** `while (i < n && n > 0)`
  - The loop continues as long as `i` is less than `n` and `n` is positive. The pre-condition `n > 0` ensures the second part of the condition is always true initially.
- **Operations in the body:**
  - `k--;`: Decrements `k` by 1.
  - `i++;`: Increments `i` by 1.
- **Relevant variables:**
  - `n`: Input parameter, remains constant (no modifications in the loop).
  - `i`: Loop counter, initialized to `0`, incremented by `1` each iteration.
  - `k`: Initialized to `n`, decremented by `1` each iteration.

### b. Sample and Analyze Variable Values

Assume `n = 5` for sampling (since `n > 0` is required):

1. **Pre-Loop Sampling:**
   - `i = 0`, `k = 5`, `n = 5`

2. **Post-Iteration Sampling:**
   - After iteration 1: `i = 1`, `k = 4`
   - After iteration 2: `i = 2`, `k = 3`
   - After iteration 3: `i = 3`, `k = 2`
   - After iteration 4: `i = 4`, `k = 1`
   - After iteration 5: `i = 5`, `k = 0`

3. **Post-Loop Sampling:**
   - Loop terminates after iteration 5 (since `i == n`). Final state: `i = 5`, `k = 0`, `n = 5`.

### c. Verification Goal Analysis

**Verification goal (post-condition):** `k == 0`

**Can the verification goal be part of the loop invariant?**
- No, because `k == 0` is only true at termination, not during iterations. During the loop, `k` ranges from `n` down to `0`.

**Modifying the verification goal to create a valid invariant:**
- The invariant should relate `i`, `k`, and `n` in a way that is true throughout the loop and implies `k == 0` at termination.
- A suitable invariant is `k == n - i`. This holds:
  - **Establishment:** Before the loop, `i = 0` and `k = n`, so `k == n - 0` holds.
  - **Preservation:** Each iteration increments `i` by 1 and decrements `k` by 1, so `k == n - i` remains true.
  - **Termination:** At termination, `i == n` (since `i < n` becomes false), so `k == n - n == 0`.

### d. Loop Invariant Discussion

**Proposed loop invariant (in natural language):**
"At the start and end of every iteration, the value of `k` is equal to `n` minus the value of `i`."

**Why this invariant is valid:**
- It captures the relationship between `k` and `i` throughout the loop.
- It is true initially (`k = n`, `i = 0`).
- Each iteration preserves it (`k` decreases by 1, `i` increases by 1, so `n - i` decreases by 1, matching `k`).
- At termination, it implies the post-condition (`k == 0` when `i == n`).

### e. Establishment

**How the invariant is established:**
- Before the loop, `i` is initialized to `0` and `k` to `n`.
- The invariant `k == n - i` becomes `n == n - 0`, which simplifies to `n == n` (true).
- The pre-condition `n > 0` ensures `n` is valid for the initialization.

### f. Preservation

**How the invariant is preserved:**
- Assume at the start of an iteration, `k == n - i` holds.
- The loop body executes `k--` and `i++`, so:
  - New `k` = `k_old - 1` = `(n - i_old) - 1` = `n - (i_old + 1)`.
  - New `i` = `i_old + 1`.
  - Thus, `k_new == n - i_new`, so the invariant holds after the iteration.

### g. Termination Analysis

**State at termination:**
- The loop condition `i < n && n > 0` becomes false. Since `n > 0` is always true (pre-condition), `i < n` must be false, so `i >= n`.
- From the loop body, `i` increments by 1 each iteration, so termination occurs when `i == n`.
- From the invariant `k == n - i`, at termination `k == n - n == 0`.

**Why the invariant remains valid:**
- The invariant is preserved up to the point where `i == n`, so it holds when the loop terminates.

### h. Post-condition Correctness

**Provided post-condition:** `k == 0`

**Evaluation:**
- The post-condition is correct.
- At termination, the invariant `k == n - i` holds, and `i == n` (from termination analysis).
- Thus, `k == n - n == 0`, satisfying the post-condition.

### Final Answer: Loop Invariant

The loop invariant is:
```c
/*@ loop invariant k == n - i; */
```

This invariant satisfies all conditions (establishment, preservation, termination) and implies the post-condition `k == 0`.
2025-12-27 15:55:24,908 - INFO  - after const
2025-12-27 15:55:24,909 - INFO  - 
            
        /* >>> LOOP INVARIANT TO FILL <<< */
        
            /*@
          loop invariant n == \at(n,Pre);
            */
            while (i < n && n > 0) {
       k--;
       i++;
      }
            
2025-12-27 15:55:24,909 - INFO  - after not in
2025-12-27 15:55:24,909 - INFO  - 
            
        /* >>> LOOP INVARIANT TO FILL <<< */
        
            /*@
          loop invariant (!(0 < \at(n,Pre) && \at(n,Pre) > 0)) ==> ((k == \at(n,Pre))&&(i == 0)&&(n == \at(n,Pre)));
          loop invariant n == \at(n,Pre);
            */
            while (i < n && n > 0) {
       k--;
       i++;
      }
            
2025-12-27 15:55:24,909 - INFO  - after vars
2025-12-27 15:55:24,909 - INFO  - 
            
        /* >>> LOOP INVARIANT TO FILL <<< */
        
            /*@
          loop invariant (0 < \at(n,Pre) && \at(n,Pre) > 0) ==> (PLACE_HOLDER_i) ;
          loop invariant (0 < \at(n,Pre) && \at(n,Pre) > 0) ==> (PLACE_HOLDER_k) ;
          loop invariant (!(0 < \at(n,Pre) && \at(n,Pre) > 0)) ==> ((k == \at(n,Pre))&&(i == 0)&&(n == \at(n,Pre)));
          loop invariant n == \at(n,Pre);
            */
            while (i < n && n > 0) {
       k--;
       i++;
      }
            
2025-12-27 15:55:24,910 - INFO  - after verification goal
2025-12-27 15:55:24,910 - INFO  - 
            
        /* >>> LOOP INVARIANT TO FILL <<< */
        
            /*@
          loop invariant (0 < \at(n,Pre) && \at(n,Pre) > 0) ==> (PLACE_HOLDER_VERFICATION_GOAL);
          loop invariant (0 < \at(n,Pre) && \at(n,Pre) > 0) ==> (PLACE_HOLDER_i) ;
          loop invariant (0 < \at(n,Pre) && \at(n,Pre) > 0) ==> (PLACE_HOLDER_k) ;
          loop invariant (!(0 < \at(n,Pre) && \at(n,Pre) > 0)) ==> ((k == \at(n,Pre))&&(i == 0)&&(n == \at(n,Pre)));
          loop invariant n == \at(n,Pre);
            */
            while (i < n && n > 0) {
       k--;
       i++;
      }
            
2025-12-27 15:55:24,918 - INFO  - Content of loop template: 

/*@
    requires n > 0;
    */
    
void foo282(int n) {

    int i;
    int k;

    i = 0;
    k = n;


    
            
        /* >>> LOOP INVARIANT TO FILL <<< */
        
            /*@
          PLACE_HOLDER_LOOP
            */
            while (i < n && n > 0) {
       k--;
       i++;
      }
            

    /*@ assert k == 0; */

  }
2025-12-27 15:55:24,925 - INFO  - Content of loop template: 

/*@
    requires n > 0;
    */
    
void foo282(int n) {

    int i;
    int k;

    i = 0;
    k = n;


    
            
        /* >>> LOOP INVARIANT TO FILL <<< */
        
            /*@
          loop invariant (0 < \at(n,Pre) && \at(n,Pre) > 0) ==> (PLACE_HOLDER_i) ;
          loop invariant (0 < \at(n,Pre) && \at(n,Pre) > 0) ==> (PLACE_HOLDER_k) ;
          loop invariant (!(0 < \at(n,Pre) && \at(n,Pre) > 0)) ==> ((k == \at(n,Pre))&&(i == 0)&&(n == \at(n,Pre)));
          loop invariant n == \at(n,Pre);
            */
            while (i < n && n > 0) {
       k--;
       i++;
      }
            

    /*@ assert k == 0; */

  }
2025-12-27 15:55:24,932 - INFO  - Content of loop template: 

/*@
    requires n > 0;
    */
    
void foo282(int n) {

    int i;
    int k;

    i = 0;
    k = n;


    
            
        /* >>> LOOP INVARIANT TO FILL <<< */
        
            /*@
          loop invariant (0 < \at(n,Pre) && \at(n,Pre) > 0) ==> (PLACE_HOLDER_VERFICATION_GOAL);
          loop invariant (0 < \at(n,Pre) && \at(n,Pre) > 0) ==> (PLACE_HOLDER_i) ;
          loop invariant (0 < \at(n,Pre) && \at(n,Pre) > 0) ==> (PLACE_HOLDER_k) ;
          loop invariant (!(0 < \at(n,Pre) && \at(n,Pre) > 0)) ==> ((k == \at(n,Pre))&&(i == 0)&&(n == \at(n,Pre)));
          loop invariant n == \at(n,Pre);
            */
            while (i < n && n > 0) {
       k--;
       i++;
      }
            

    /*@ assert k == 0; */

  }
2025-12-27 15:55:24,932 - DEBUG  - user_prompt_traival
2025-12-27 15:55:24,933 - DEBUG  - ### Role: ###
You are a helpful AI software assistant specializing in reasoning about code behavior. Your task is to analyze C programs and identify loop invariants that can be used to verify program properties using Frama-C.

### Task: ###
Given a C program with a loop, generate the necessary loop invariants in ACSL (ANSI/ISO C Specification Language) annotations. These invariants will help Frama-C verify the post-condition of the program.



Inputs:
- The pre-condition before the loop begins execution.
- A full C loop program with invariant annotations containing `PLACE_HOLDER` that need to be filled.

### Output: ###
Provide the complete C code with the loop invariant and other relevant ACSL annotations, where all placeholders are correctly filled in ```c ```.

### Rules: ###
- If you break any of these rules, my family will disown me.
- Do not modify any existing annotations or add new annotations. You are only allowed to replace the placeholders `PLACE_HOLDER` before loop.
- Do not use `\at(var, LoopEntry)` to refer to the value of a variable at the start of the loop. Instead, use the value specified in the pre-condition.
- Do not generate loop variant.
- Only use keywords and constructs supported in ACSL annotations for loops.
- Do not generate any natural language explanations after ACSL annotations.
- When `unknown()` used as the loop condition, the number of loop iterations can be any non-negative integer, and the invariant must hold for all cases.
- You are only allowed to fill `PLACE_HOLDER` for `loop invariant` and `loop assigns`, do not generate any `requires` or `ensures` or `loop variant`.





Consider the following C loop:

Pre-condition: `\at(n,Pre) > 0 && (k == \at(n,Pre)) * (i == 0) * (n == \at(n,Pre))`

Loop program: `

/*@
    requires n > 0;
    */
    
void foo282(int n) {

    int i;
    int k;

    i = 0;
    k = n;


    
            
        /* >>> LOOP INVARIANT TO FILL <<< */
        
            /*@
          PLACE_HOLDER_LOOP
            */
            while (i < n && n > 0) {
       k--;
       i++;
      }
            

    /*@ assert k == 0; */

  }`



2025-12-27 15:55:24,933 - DEBUG  - user_prompt_template
2025-12-27 15:55:24,933 - DEBUG  - ### Role: ###
You are a helpful AI software assistant specializing in reasoning about code behavior. Your task is to analyze C programs and identify loop invariants that can be used to verify program properties using Frama-C.

### Task: ###
Given a C program with a loop, generate the necessary loop invariants in ACSL (ANSI/ISO C Specification Language) annotations. These invariants will help Frama-C verify the post-condition of the program.



Inputs:
- The pre-condition before the loop begins execution.
- A full C loop program with invariant annotations containing `PLACE_HOLDER` that need to be filled.

### Output: ###
Provide the complete C code with the loop invariant and other relevant ACSL annotations, where all placeholders are correctly filled in ```c ```.

### Rules: ###
- If you break any of these rules, my family will disown me.
- Do not modify any existing annotations or add new annotations. You are only allowed to replace the placeholders `PLACE_HOLDER` before loop.
- Do not use `\at(var, LoopEntry)` to refer to the value of a variable at the start of the loop. Instead, use the value specified in the pre-condition.
- Do not generate loop variant.
- Only use keywords and constructs supported in ACSL annotations for loops.
- Do not generate any natural language explanations after ACSL annotations.
- When `unknown()` used as the loop condition, the number of loop iterations can be any non-negative integer, and the invariant must hold for all cases.
- You are only allowed to fill `PLACE_HOLDER` for `loop invariant` and `loop assigns`, do not generate any `requires` or `ensures` or `loop variant`.

- Generate loop invariants with equality constraints as comprehensively as possible.



Consider the following C loop:

Pre-condition: `\at(n,Pre) > 0 && (k == \at(n,Pre)) * (i == 0) * (n == \at(n,Pre))`

Loop program: `

/*@
    requires n > 0;
    */
    
void foo282(int n) {

    int i;
    int k;

    i = 0;
    k = n;


    
            
        /* >>> LOOP INVARIANT TO FILL <<< */
        
            /*@
          loop invariant (0 < \at(n,Pre) && \at(n,Pre) > 0) ==> (PLACE_HOLDER_i) ;
          loop invariant (0 < \at(n,Pre) && \at(n,Pre) > 0) ==> (PLACE_HOLDER_k) ;
          loop invariant (!(0 < \at(n,Pre) && \at(n,Pre) > 0)) ==> ((k == \at(n,Pre))&&(i == 0)&&(n == \at(n,Pre)));
          loop invariant n == \at(n,Pre);
            */
            while (i < n && n > 0) {
       k--;
       i++;
      }
            

    /*@ assert k == 0; */

  }`



2025-12-27 15:55:24,933 - DEBUG  - user_prompt_verification
2025-12-27 15:55:24,933 - DEBUG  - ### Role: ###
You are a helpful AI software assistant specializing in reasoning about code behavior. Your task is to analyze C programs and identify loop invariants that can be used to verify program properties using Frama-C.

### Task: ###
Given a C program with a loop, generate the necessary loop invariants in ACSL (ANSI/ISO C Specification Language) annotations. These invariants will help Frama-C verify the post-condition of the program.



Inputs:
- The pre-condition before the loop begins execution.
- A full C loop program with invariant annotations containing `PLACE_HOLDER` that need to be filled.

### Output: ###
Provide the complete C code with the loop invariant and other relevant ACSL annotations, where all placeholders are correctly filled in ```c ```.

### Rules: ###
- If you break any of these rules, my family will disown me.
- Do not modify any existing annotations or add new annotations. You are only allowed to replace the placeholders `PLACE_HOLDER` before loop.
- Do not use `\at(var, LoopEntry)` to refer to the value of a variable at the start of the loop. Instead, use the value specified in the pre-condition.
- Do not generate loop variant.
- Only use keywords and constructs supported in ACSL annotations for loops.
- Do not generate any natural language explanations after ACSL annotations.
- When `unknown()` used as the loop condition, the number of loop iterations can be any non-negative integer, and the invariant must hold for all cases.
- You are only allowed to fill `PLACE_HOLDER` for `loop invariant` and `loop assigns`, do not generate any `requires` or `ensures` or `loop variant`.

- Generate loop invariants with equality constraints as comprehensively as possible.
- Please first try to directly use the verification goal as the loop invariant at `PLACE_HOLDER_VERFICATION_GOAL`. Often, the verification goal (assertion) also holds throughout the loop; in that case, it can be used directly as the invariant.


Consider the following C loop:

Pre-condition: `\at(n,Pre) > 0 && (k == \at(n,Pre)) * (i == 0) * (n == \at(n,Pre))`

Loop program: `

/*@
    requires n > 0;
    */
    
void foo282(int n) {

    int i;
    int k;

    i = 0;
    k = n;


    
            
        /* >>> LOOP INVARIANT TO FILL <<< */
        
            /*@
          loop invariant (0 < \at(n,Pre) && \at(n,Pre) > 0) ==> (PLACE_HOLDER_VERFICATION_GOAL);
          loop invariant (0 < \at(n,Pre) && \at(n,Pre) > 0) ==> (PLACE_HOLDER_i) ;
          loop invariant (0 < \at(n,Pre) && \at(n,Pre) > 0) ==> (PLACE_HOLDER_k) ;
          loop invariant (!(0 < \at(n,Pre) && \at(n,Pre) > 0)) ==> ((k == \at(n,Pre))&&(i == 0)&&(n == \at(n,Pre)));
          loop invariant n == \at(n,Pre);
            */
            while (i < n && n > 0) {
       k--;
       i++;
      }
            

    /*@ assert k == 0; */

  }`



2025-12-27 15:55:32,551 - DEBUG  - invgen reasoning
2025-12-27 15:55:32,551 - DEBUG  - Here is the complete C code with the correct loop invariant filled in:

```c
/*@
    requires n > 0;
    */
    
void foo282(int n) {

    int i;
    int k;

    i = 0;
    k = n;


    
            
        /* >>> LOOP INVARIANT TO FILL <<< */
        
            /*@
          loop invariant k == n - i;
          loop assigns k, i;
            */
            while (i < n && n > 0) {
       k--;
       i++;
      }
            

    /*@ assert k == 0; */

  }
```

The loop invariant `k == n - i` satisfies all the requirements:
1. It holds initially (when `i=0` and `k=n`)
2. It is preserved by each iteration (both `k` and `n-i` decrease by 1)
3. At termination (when `i == n`), it implies the post-condition `k == 0`

The `loop assigns` clause specifies that only `k` and `i` are modified by the loop.
2025-12-27 15:55:47,071 - DEBUG  - invgen reasoning
2025-12-27 15:55:47,071 - DEBUG  - Here is the complete C code with comprehensive loop invariants filled in:

```c
/*@
    requires n > 0;
    */
    
void foo282(int n) {

    int i;
    int k;

    i = 0;
    k = n;


    
            
        /* >>> LOOP INVARIANT TO FILL <<< */
        
            /*@
          loop invariant (0 < \at(n,Pre) && \at(n,Pre) > 0) ==> (i >= 0 && i <= \at(n,Pre)) ;
          loop invariant (0 < \at(n,Pre) && \at(n,Pre) > 0) ==> (k == \at(n,Pre) - i) ;
          loop invariant (!(0 < \at(n,Pre) && \at(n,Pre) > 0)) ==> ((k == \at(n,Pre))&&(i == 0)&&(n == \at(n,Pre)));
          loop invariant n == \at(n,Pre);
          loop assigns k, i;
            */
            while (i < n && n > 0) {
       k--;
       i++;
      }
            

    /*@ assert k == 0; */

  }
```

The invariants satisfy all requirements:
1. `i` is bounded between 0 and initial `n`
2. `k` maintains the relationship `k == initial_n - i`
3. The case where the pre-condition doesn't hold preserves initial values
4. `n` remains unchanged throughout
5. The loop only modifies `k` and `i`

These invariants will allow Frama-C to verify the post-condition `k == 0` when the loop terminates.
2025-12-27 15:56:01,220 - DEBUG  - invgen reasoning
2025-12-27 15:56:01,220 - DEBUG  - Here's the complete C code with the loop invariants filled in:

```c
/*@
    requires n > 0;
    */
    
void foo282(int n) {

    int i;
    int k;

    i = 0;
    k = n;


    
            
        /* >>> LOOP INVARIANT TO FILL <<< */
        
            /*@
          loop invariant (0 < \at(n,Pre) && \at(n,Pre) > 0) ==> (k == 0 || i < n);
          loop invariant (0 < \at(n,Pre) && \at(n,Pre) > 0) ==> (i >= 0 && i <= n);
          loop invariant (0 < \at(n,Pre) && \at(n,Pre) > 0) ==> (k == n - i);
          loop invariant (!(0 < \at(n,Pre) && \at(n,Pre) > 0)) ==> ((k == \at(n,Pre))&&(i == 0)&&(n == \at(n,Pre)));
          loop invariant n == \at(n,Pre);
          loop assigns k, i;
            */
            while (i < n && n > 0) {
       k--;
       i++;
      }
            

    /*@ assert k == 0; */

  }
```

Key points about the invariants:
1. The verification goal `k == 0` is incorporated in the first invariant (`k == 0 || i < n`) which holds throughout the loop
2. `i` is bounded between 0 and `n` (second invariant)
3. The key relationship `k == n - i` is maintained (third invariant)
4. The case where pre-conditions don't hold preserves initial values
5. `n` remains constant
6. Only `k` and `i` are modified

These invariants will allow Frama-C to verify that:
- The loop maintains correct relationships between variables
- The post-condition `k == 0` holds at termination
- The program behaves correctly even if pre-conditions aren't met
2025-12-27 15:56:01,222 - INFO  - candidated loop invariant
2025-12-27 15:56:01,223 - INFO  - 
/*@
    requires n > 0;
    */
    
void foo282(int n) {

    int i;
    int k;

    i = 0;
    k = n;


    
            
        /* >>> LOOP INVARIANT TO FILL <<< */
        
            /*@
          loop invariant (0 < \at(n,Pre) && \at(n,Pre) > 0) ==> (i >= 0 && i <= \at(n,Pre)) ;
          loop invariant (0 < \at(n,Pre) && \at(n,Pre) > 0) ==> (k == \at(n,Pre) - i) ;
          loop invariant (!(0 < \at(n,Pre) && \at(n,Pre) > 0)) ==> ((k == \at(n,Pre))&&(i == 0)&&(n == \at(n,Pre)));
          loop invariant n == \at(n,Pre);
          loop assigns k, i;
            */
            while (i < n && n > 0) {
       k--;
       i++;
      }
            

    /*@ assert k == 0; */

  }

2025-12-27 15:56:01,850 - INFO  - syntax Correct
2025-12-27 15:56:02,462 - INFO  - Validate:
2025-12-27 15:56:02,463 - INFO  - [True, True, True, True]
2025-12-27 15:56:02,463 - INFO  - 
2025-12-27 15:56:02,463 - INFO  - Verify:
2025-12-27 15:56:02,463 - INFO  - [True]
2025-12-27 15:56:02,463 - INFO  - 
2025-12-27 15:56:02,464 - INFO  - loop invariant annotated
2025-12-27 15:56:02,464 - INFO  - 
/*@
    requires n > 0;
    */
    
void foo282(int n) {

    int i;
    int k;

    i = 0;
    k = n;


    
            
        /* >>> LOOP INVARIANT TO FILL <<< */
        
            /*@
          loop invariant (0 < \at(n,Pre) && \at(n,Pre) > 0) ==> (i >= 0 && i <= \at(n,Pre)) ;
          loop invariant (0 < \at(n,Pre) && \at(n,Pre) > 0) ==> (k == \at(n,Pre) - i) ;
          loop invariant (!(0 < \at(n,Pre) && \at(n,Pre) > 0)) ==> ((k == \at(n,Pre))&&(i == 0)&&(n == \at(n,Pre)));
          loop invariant n == \at(n,Pre);
          loop assigns k, i;
            */
            while (i < n && n > 0) {
       k--;
       i++;
      }
            

    /*@ assert k == 0; */

  }

2025-12-27 15:56:03,697 - INFO  - ACSL format loop invariant
2025-12-27 15:56:03,698 - INFO  - /*@
          loop invariant (0 < \at(n,Pre) && \at(n,Pre) > 0) ==> (i >= 0 && i <= \at(n,Pre)) ;
          loop invariant (0 < \at(n,Pre) && \at(n,Pre) > 0) ==> (k == \at(n,Pre) - i) ;
          loop invariant (!(0 < \at(n,Pre) && \at(n,Pre) > 0)) ==> ((k == \at(n,Pre))&&(i == 0)&&(n == \at(n,Pre)));
          loop invariant n == \at(n,Pre);
          loop assigns k, i;
            */
            while (i < n && n > 0) {
       k--;
       i++;
      }
2025-12-27 15:56:03,698 - INFO  - VST format loop invariant
2025-12-27 15:56:03,698 - INFO  - /*@ Inv
    ((0 < n@pre && n@pre > 0) => (i >= 0 && i <= n@pre) ) &&
((0 < n@pre && n@pre > 0) => (k == n@pre - i) ) &&
((!(0 < n@pre && n@pre > 0)) => ((k == n@pre)&&(i == 0)&&(n == n@pre))) &&
(n == n@pre
          loop assigns k, i)
    */
    
            while (i < n && n > 0) {
       k--;
       i++;
      }
2025-12-27 15:56:03,699 - INFO  - PARTIAL CORRECT INVARIANT
2025-12-27 15:56:03,699 - INFO  - continue symbolic execution
2025-12-27 15:56:03,699 - INFO  - 
/*@
    requires n > 0;
    */
    
void foo282(int n) {

    int i;
    int k;

    i = 0;
    k = n;


    
            
        /* >>> LOOP INVARIANT TO FILL <<< */
        
            /*@
          loop invariant (0 < \at(n,Pre) && \at(n,Pre) > 0) ==> (i >= 0 && i <= \at(n,Pre)) ;
          loop invariant (0 < \at(n,Pre) && \at(n,Pre) > 0) ==> (k == \at(n,Pre) - i) ;
          loop invariant (!(0 < \at(n,Pre) && \at(n,Pre) > 0)) ==> ((k == \at(n,Pre))&&(i == 0)&&(n == \at(n,Pre)));
          loop invariant n == \at(n,Pre);
          loop assigns k, i;
            */
            while (i < n && n > 0) {
       k--;
       i++;
      }
            

    /*@ assert k == 0; */

  }

2025-12-27 15:56:04,396 - INFO  - syntax Correct
2025-12-27 15:56:05,058 - INFO  - Validate:
2025-12-27 15:56:05,058 - INFO  - [True, True, True, True]
2025-12-27 15:56:05,058 - INFO  - 
2025-12-27 15:56:05,058 - INFO  - Verify:
2025-12-27 15:56:05,059 - INFO  - [True]
2025-12-27 15:56:05,059 - INFO  - 
2025-12-27 15:56:05,059 - INFO  - CORRECT INVARIANT
2025-12-27 15:56:06,355 - INFO  - ==================================================
2025-12-27 15:56:06,356 - INFO  - first_pass:
2025-12-27 15:56:06,356 - INFO  - syntax=1, valid=1,satisfy=1
2025-12-27 15:56:06,356 - INFO  - ==================================================
2025-12-27 15:56:06,357 - INFO  - foo282.c after loop invariant generation: 

/*@
    requires n > 0;
    */
    
void foo282(int n) {

    int i;
    int k;

    i = 0;
    k = n;


    
            
        /* >>> LOOP INVARIANT TO FILL <<< */
        
            /*@
          loop invariant (0 < \at(n,Pre) && \at(n,Pre) > 0) ==> (i >= 0 && i <= \at(n,Pre)) ;
          loop invariant (0 < \at(n,Pre) && \at(n,Pre) > 0) ==> (k == \at(n,Pre) - i) ;
          loop invariant (!(0 < \at(n,Pre) && \at(n,Pre) > 0)) ==> ((k == \at(n,Pre))&&(i == 0)&&(n == \at(n,Pre)));
          loop invariant n == \at(n,Pre);
          loop assigns k, i;
            */
            while (i < n && n > 0) {
       k--;
       i++;
      }
            

    /*@ assert k == 0; */

  }

2025-12-27 15:56:06,618 - INFO  - ==================================================
2025-12-27 15:56:06,620 - INFO  - ⏰ OVERALL EXECUTION TIME STATISTICS
2025-12-27 15:56:06,620 - INFO  - Total execution time: 81.34 seconds (1.36 minutes)
2025-12-27 15:56:06,620 - INFO  - ==================================================
2025-12-27 15:56:06,621 - INFO  - ==================================================
2025-12-27 15:56:06,621 - INFO  - 📊 TOKEN USAGE STATISTICS
2025-12-27 15:56:06,621 - INFO  - Total API calls: 1
2025-12-27 15:56:06,621 - INFO  - Total prompt tokens (input): 4,747
2025-12-27 15:56:06,621 - INFO  - Total completion tokens (output): 445
2025-12-27 15:56:06,621 - INFO  - Total tokens: 5,192
2025-12-27 15:56:06,621 - INFO  - Average prompt tokens per call: 4747.0
2025-12-27 15:56:06,621 - INFO  - Average completion tokens per call: 445.0
2025-12-27 15:56:06,622 - INFO  - Average total tokens per call: 5192.0
2025-12-27 15:56:06,622 - INFO  - ==================================================
