2025-12-27 11:05:22,813 - INFO  - 
🚀 Starting generation of function: foo42
2025-12-27 11:05:22,813 - INFO  - 
FUNCTION INITIALIZATION
2025-12-27 11:05:22,813 - INFO  - ==================================================

2025-12-27 11:05:22,973 - INFO  - Initial pending functions: ['foo42', 'unknown']
2025-12-27 11:05:22,974 - INFO  - Now processing function unknown

2025-12-27 11:05:22,974 - INFO  - 
GENERATE ANNOTATION FOR foo42
2025-12-27 11:05:22,974 - INFO  - ==================================================

2025-12-27 11:05:22,974 - INFO  - Function foo42 has been initialized
2025-12-27 11:05:23,173 - INFO  - Content of ACSL foo42.c file to be inserted into template: 


/*@
    requires n > 0;
    */
    
void foo42(int n) {

    int c = 0;

    while (unknown()) {
        {
          if (unknown()) {
            if ( c > n )
            {
            c  = c + 1;
            }
          } else {
            if (c == n) 
            {
            c  = 1;
            }
          }
    
        }
    
    }
           
    /*@ assert ((c < 0)&& (c > n)) ==> (c == n); */
    

}
2025-12-27 11:05:23,174 - INFO  - Content of pre-annotated foo42.c file: 

    #include "../verification_stdlib.h"
    #include "../verification_list.h"
    #include "../int_array_def.h"

    /*@ Extern Coq (Result: Assertion) */
    /*@ Extern Coq (Results: Z -> Assertion) */

        


void foo42(int n) 

            /*@
            Require n > 0
            Ensure Results(__return)
            */
            {

    int c = 0;

    while (unknown()) {
        {
          if (unknown()) {
            if ( c > n )
            {
            c  = c + 1;
            }
          } else {
            if (c == n) 
            {
            c  = 1;
            }
          }
    
        }
    
    }
           
    
    

}
2025-12-27 11:05:23,175 - INFO  - 
GENERATE LOOP INVARIANT FOR foo42
2025-12-27 11:05:23,175 - INFO  - ==================================================

2025-12-27 11:05:23,239 - INFO  - file_name: foo42
2025-12-27 11:05:23,313 - DEBUG  - INNER_FLAG: False
2025-12-27 11:05:23,315 - INFO  - Variable Maps:[{'c': '0', 'n': 'n@pre'}]
2025-12-27 11:05:23,315 - INFO  - Path conditions: ['n@pre > 0']
2025-12-27 11:05:23,316 - INFO  - Pre condition: n@pre > 0 && (c == 0) * (n == n@pre)
2025-12-27 11:05:23,316 - INFO  - Loop Condition: unknown()
2025-12-27 11:05:23,317 - INFO  - Array Names: []
2025-12-27 11:05:23,317 - INFO  - Updated Loop Conditions: ['unknown()']
2025-12-27 11:05:23,317 - INFO  - Global Unchanged Variables: ['n']
2025-12-27 11:05:23,318 - INFO  - Non Inductive Variables: ['c']
2025-12-27 11:05:23,318 - INFO  - Unchanged Arrays (Read-only): []
2025-12-27 11:05:23,319 - INFO  - after assignments
2025-12-27 11:05:23,319 - INFO  - 
            
        /* >>> LOOP INVARIANT TO FILL <<< */
        
            /*@
            */
            while (unknown()) {
        {
          if (unknown()) {
            if ( c > n )
            {
            c  = c + 1;
            }
          } else {
            if (c == n) 
            {
            c  = 1;
            }
          }
    
        }
    
    }
            
2025-12-27 11:06:00,846 - INFO  - think in natural language: # Loop Verification Analysis for `foo42`

## a. Loop Purpose and Structure

**Purpose:** The loop appears to be a non-deterministic counter that may increment `c` or reset it to 1 based on unknown conditions. The exact purpose is unclear due to the use of `unknown()` functions, but it seems to be managing the value of `c` in relation to `n`.

**Structure:**
- Governing condition: `while(unknown())` - loop continues based on an unknown condition
- Loop body contains:
  - An `if(unknown())` branch:
    - If true and `c > n`, increments `c` by 1
  - An `else` branch:
    - If `c == n`, resets `c` to 1
- Variables:
  - `c`: The counter being modified (initialized to 0)
  - `n`: An input parameter (required to be > 0 by the precondition)

## b. Sample and Analyze Variable Values

Given the non-deterministic nature of `unknown()`, we can only describe possible behaviors:

**Pre-Loop Sampling:**
- `c = 0`, `n > 0` (from precondition)

**Possible Post-Iteration Samples:**
1. Case 1: First `unknown()` true, second `unknown()` true, `c > n` false → no change
   - `c` remains 0
2. Case 2: First `unknown()` true, second `unknown()` true, `c > n` true → increment
   - `c` becomes 1 (but couldn't be >n initially)
3. Case 3: First `unknown()` false, `c == n` true → reset
   - `c` becomes 1
4. Case 4: First `unknown()` false, `c == n` false → no change
   - `c` remains 0
5. Case 5: Mixed behavior across iterations

## c. Verification Goal Analysis

**Post-condition:** `((c < 0) && (c > n)) ==> (c == n)`

This is a vacuous implication because the antecedent `(c < 0 && c > n)` can never be true (since `n > 0` by precondition, making `c > n` require `c > 0`, contradicting `c < 0`).

**As an invariant:** This cannot serve as a loop invariant because:
1. It's only meaningful at termination (if at all)
2. It doesn't describe any property maintained during loop execution
3. The implication structure isn't helpful for preservation

**Modified invariant proposal:** A better invariant would describe bounds on `c`:
`0 <= c <= max(n, 1)`

## d. Loop Invariant Discussion

**Proposed invariant:** `0 <= c <= max(n, 1)`

**Validity:**
1. Initially `c = 0` satisfies `0 <= c`
2. The maximum value `c` can reach is either:
   - `n` (if reset when `c == n`)
   - Or 1 (from the reset)
   - Or previous value +1, but bounded by the reset condition
3. The invariant holds because:
   - Increment only happens if `c > n`, but the invariant prevents this
   - Reset sets `c` to 1 which satisfies the upper bound
   - Otherwise `c` remains unchanged

## e. Establishment

**Precondition:** `n > 0`

**Initial state:** `c = 0`

**Invariant holds because:**
- `0 <= 0` is true
- `0 <= max(n, 1)` is true since `n > 0`

## f. Preservation

Assume invariant holds at start of iteration (`0 <= c <= max(n, 1)`), and loop condition is true:

**Case 1:** `unknown()` is true:
- If `c > n`: But invariant says `c <= max(n,1)`, and since `n > 0`, `max(n,1) = n` when `n >= 1`
  - So `c > n` can't be true when invariant holds
  - Thus this branch is unreachable while invariant holds
- Therefore `c` remains unchanged

**Case 2:** `unknown()` is false:
- If `c == n`: `c` set to 1
  - `0 <= 1 <= max(n,1)` holds
- Else: `c` unchanged, so invariant preserved

## g. Termination Analysis

When loop terminates (`unknown()` returns false):
- The invariant still holds (as preservation shows)
- The post-condition is vacuously true as discussed
- Final value of `c` will be either:
  - 0 (never entered loop or no modifications)
  - 1 (if reset occurred)
  - Or unchanged from previous valid state

## h. Post-condition Correctness

The given post-condition `((c < 0) && (c > n)) ==> (c == n)` is:
- Technically correct (as the implication is vacuously true)
- But useless for verification purposes
- Doesn't capture any meaningful program property

A more useful post-condition would be `0 <= c <= max(n,1)`, which follows from our invariant and termination.

## Final Answer: Loop Invariant

The most appropriate loop invariant for this code is:

```c
/*@ loop invariant 0 <= c <= max(n, 1); */
```

This invariant:
1. Is established before the loop starts (`c = 0`)
2. Is preserved through all possible loop iterations
3. Combined with termination, implies reasonable bounds on `c`
4. Is strong enough to prove that `c` never becomes negative or exceeds reasonable bounds
5. Makes the given post-condition vacuously true (though the post-condition itself isn't useful)
2025-12-27 11:06:00,847 - INFO  - after const
2025-12-27 11:06:00,847 - INFO  - 
            
        /* >>> LOOP INVARIANT TO FILL <<< */
        
            /*@
          loop invariant n == \at(n,Pre);
            */
            while (unknown()) {
        {
          if (unknown()) {
            if ( c > n )
            {
            c  = c + 1;
            }
          } else {
            if (c == n) 
            {
            c  = 1;
            }
          }
    
        }
    
    }
            
2025-12-27 11:06:00,847 - INFO  - after not in
2025-12-27 11:06:00,847 - INFO  - 
            
        /* >>> LOOP INVARIANT TO FILL <<< */
        
            /*@
          loop invariant n == \at(n,Pre);
            */
            while (unknown()) {
        {
          if (unknown()) {
            if ( c > n )
            {
            c  = c + 1;
            }
          } else {
            if (c == n) 
            {
            c  = 1;
            }
          }
    
        }
    
    }
            
2025-12-27 11:06:00,848 - INFO  - after vars
2025-12-27 11:06:00,848 - INFO  - 
            
        /* >>> LOOP INVARIANT TO FILL <<< */
        
            /*@
          loop invariant  ((c == 0)&&(n == \at(n,Pre))) || (PLACE_HOLDER_c) ;
          loop invariant n == \at(n,Pre);
            */
            while (unknown()) {
        {
          if (unknown()) {
            if ( c > n )
            {
            c  = c + 1;
            }
          } else {
            if (c == n) 
            {
            c  = 1;
            }
          }
    
        }
    
    }
            
2025-12-27 11:06:00,848 - INFO  - after verification goal
2025-12-27 11:06:00,848 - INFO  - 
            
        /* >>> LOOP INVARIANT TO FILL <<< */
        
            /*@
          loop invariant  PLACE_HOLDER_VERFICATION_GOAL ;
          loop invariant  ((c == 0)&&(n == \at(n,Pre))) || (PLACE_HOLDER_c) ;
          loop invariant n == \at(n,Pre);
            */
            while (unknown()) {
        {
          if (unknown()) {
            if ( c > n )
            {
            c  = c + 1;
            }
          } else {
            if (c == n) 
            {
            c  = 1;
            }
          }
    
        }
    
    }
            
2025-12-27 11:06:00,849 - INFO  - annotated_callee_str: 


2025-12-27 11:06:00,860 - INFO  - Content of loop template: 


/*@
    requires n > 0;
    */
    
void foo42(int n) {

    int c = 0;

    
            
        /* >>> LOOP INVARIANT TO FILL <<< */
        
            /*@
          PLACE_HOLDER_LOOP
            */
            while (unknown()) {
        {
          if (unknown()) {
            if ( c > n )
            {
            c  = c + 1;
            }
          } else {
            if (c == n) 
            {
            c  = 1;
            }
          }
    
        }
    
    }
            
           
    /*@ assert ((c < 0)&& (c > n)) ==> (c == n); */
    

}
2025-12-27 11:06:00,861 - INFO  - annotated_callee_str: 


2025-12-27 11:06:00,868 - INFO  - Content of loop template: 


/*@
    requires n > 0;
    */
    
void foo42(int n) {

    int c = 0;

    
            
        /* >>> LOOP INVARIANT TO FILL <<< */
        
            /*@
          loop invariant  ((c == 0)&&(n == \at(n,Pre))) || (PLACE_HOLDER_c) ;
          loop invariant n == \at(n,Pre);
            */
            while (unknown()) {
        {
          if (unknown()) {
            if ( c > n )
            {
            c  = c + 1;
            }
          } else {
            if (c == n) 
            {
            c  = 1;
            }
          }
    
        }
    
    }
            
           
    /*@ assert ((c < 0)&& (c > n)) ==> (c == n); */
    

}
2025-12-27 11:06:00,868 - INFO  - annotated_callee_str: 


2025-12-27 11:06:00,875 - INFO  - Content of loop template: 


/*@
    requires n > 0;
    */
    
void foo42(int n) {

    int c = 0;

    
            
        /* >>> LOOP INVARIANT TO FILL <<< */
        
            /*@
          loop invariant  PLACE_HOLDER_VERFICATION_GOAL ;
          loop invariant  ((c == 0)&&(n == \at(n,Pre))) || (PLACE_HOLDER_c) ;
          loop invariant n == \at(n,Pre);
            */
            while (unknown()) {
        {
          if (unknown()) {
            if ( c > n )
            {
            c  = c + 1;
            }
          } else {
            if (c == n) 
            {
            c  = 1;
            }
          }
    
        }
    
    }
            
           
    /*@ assert ((c < 0)&& (c > n)) ==> (c == n); */
    

}
2025-12-27 11:06:00,875 - DEBUG  - user_prompt_traival
2025-12-27 11:06:00,876 - DEBUG  - ### Role: ###
You are a helpful AI software assistant specializing in reasoning about code behavior. Your task is to analyze C programs and identify loop invariants that can be used to verify program properties using Frama-C.

### Task: ###
Given a C program with a loop, generate the necessary loop invariants in ACSL (ANSI/ISO C Specification Language) annotations. These invariants will help Frama-C verify the post-condition of the program.



Inputs:
- The pre-condition before the loop begins execution.
- A full C loop program with invariant annotations containing `PLACE_HOLDER` that need to be filled.

### Output: ###
Provide the complete C code with the loop invariant and other relevant ACSL annotations, where all placeholders are correctly filled in ```c ```.

### Rules: ###
- If you break any of these rules, my family will disown me.
- Do not modify any existing annotations or add new annotations. You are only allowed to replace the placeholders `PLACE_HOLDER` before loop.
- Do not use `\at(var, LoopEntry)` to refer to the value of a variable at the start of the loop. Instead, use the value specified in the pre-condition.
- Do not generate loop variant.
- Only use keywords and constructs supported in ACSL annotations for loops.
- Do not generate any natural language explanations after ACSL annotations.
- When `unknown()` used as the loop condition, the number of loop iterations can be any non-negative integer, and the invariant must hold for all cases.
- You are only allowed to fill `PLACE_HOLDER` for `loop invariant` and `loop assigns`, do not generate any `requires` or `ensures` or `loop variant`.





Consider the following C loop:

Pre-condition: `\at(n,Pre) > 0 && (c == 0) * (n == \at(n,Pre))`

Loop program: `


/*@
    requires n > 0;
    */
    
void foo42(int n) {

    int c = 0;

    
            
        /* >>> LOOP INVARIANT TO FILL <<< */
        
            /*@
          PLACE_HOLDER_LOOP
            */
            while (unknown()) {
        {
          if (unknown()) {
            if ( c > n )
            {
            c  = c + 1;
            }
          } else {
            if (c == n) 
            {
            c  = 1;
            }
          }
    
        }
    
    }
            
           
    /*@ assert ((c < 0)&& (c > n)) ==> (c == n); */
    

}`



2025-12-27 11:06:00,876 - DEBUG  - user_prompt_template
2025-12-27 11:06:00,876 - DEBUG  - ### Role: ###
You are a helpful AI software assistant specializing in reasoning about code behavior. Your task is to analyze C programs and identify loop invariants that can be used to verify program properties using Frama-C.

### Task: ###
Given a C program with a loop, generate the necessary loop invariants in ACSL (ANSI/ISO C Specification Language) annotations. These invariants will help Frama-C verify the post-condition of the program.



Inputs:
- The pre-condition before the loop begins execution.
- A full C loop program with invariant annotations containing `PLACE_HOLDER` that need to be filled.

### Output: ###
Provide the complete C code with the loop invariant and other relevant ACSL annotations, where all placeholders are correctly filled in ```c ```.

### Rules: ###
- If you break any of these rules, my family will disown me.
- Do not modify any existing annotations or add new annotations. You are only allowed to replace the placeholders `PLACE_HOLDER` before loop.
- Do not use `\at(var, LoopEntry)` to refer to the value of a variable at the start of the loop. Instead, use the value specified in the pre-condition.
- Do not generate loop variant.
- Only use keywords and constructs supported in ACSL annotations for loops.
- Do not generate any natural language explanations after ACSL annotations.
- When `unknown()` used as the loop condition, the number of loop iterations can be any non-negative integer, and the invariant must hold for all cases.
- You are only allowed to fill `PLACE_HOLDER` for `loop invariant` and `loop assigns`, do not generate any `requires` or `ensures` or `loop variant`.

- Generate loop invariants with equality constraints as comprehensively as possible.



Consider the following C loop:

Pre-condition: `\at(n,Pre) > 0 && (c == 0) * (n == \at(n,Pre))`

Loop program: `


/*@
    requires n > 0;
    */
    
void foo42(int n) {

    int c = 0;

    
            
        /* >>> LOOP INVARIANT TO FILL <<< */
        
            /*@
          loop invariant  ((c == 0)&&(n == \at(n,Pre))) || (PLACE_HOLDER_c) ;
          loop invariant n == \at(n,Pre);
            */
            while (unknown()) {
        {
          if (unknown()) {
            if ( c > n )
            {
            c  = c + 1;
            }
          } else {
            if (c == n) 
            {
            c  = 1;
            }
          }
    
        }
    
    }
            
           
    /*@ assert ((c < 0)&& (c > n)) ==> (c == n); */
    

}`



2025-12-27 11:06:00,876 - DEBUG  - user_prompt_verification
2025-12-27 11:06:00,876 - DEBUG  - ### Role: ###
You are a helpful AI software assistant specializing in reasoning about code behavior. Your task is to analyze C programs and identify loop invariants that can be used to verify program properties using Frama-C.

### Task: ###
Given a C program with a loop, generate the necessary loop invariants in ACSL (ANSI/ISO C Specification Language) annotations. These invariants will help Frama-C verify the post-condition of the program.



Inputs:
- The pre-condition before the loop begins execution.
- A full C loop program with invariant annotations containing `PLACE_HOLDER` that need to be filled.

### Output: ###
Provide the complete C code with the loop invariant and other relevant ACSL annotations, where all placeholders are correctly filled in ```c ```.

### Rules: ###
- If you break any of these rules, my family will disown me.
- Do not modify any existing annotations or add new annotations. You are only allowed to replace the placeholders `PLACE_HOLDER` before loop.
- Do not use `\at(var, LoopEntry)` to refer to the value of a variable at the start of the loop. Instead, use the value specified in the pre-condition.
- Do not generate loop variant.
- Only use keywords and constructs supported in ACSL annotations for loops.
- Do not generate any natural language explanations after ACSL annotations.
- When `unknown()` used as the loop condition, the number of loop iterations can be any non-negative integer, and the invariant must hold for all cases.
- You are only allowed to fill `PLACE_HOLDER` for `loop invariant` and `loop assigns`, do not generate any `requires` or `ensures` or `loop variant`.

- Generate loop invariants with equality constraints as comprehensively as possible.
- Please first try to directly use the verification goal as the loop invariant at `PLACE_HOLDER_VERFICATION_GOAL`. Often, the verification goal (assertion) also holds throughout the loop; in that case, it can be used directly as the invariant.


Consider the following C loop:

Pre-condition: `\at(n,Pre) > 0 && (c == 0) * (n == \at(n,Pre))`

Loop program: `


/*@
    requires n > 0;
    */
    
void foo42(int n) {

    int c = 0;

    
            
        /* >>> LOOP INVARIANT TO FILL <<< */
        
            /*@
          loop invariant  PLACE_HOLDER_VERFICATION_GOAL ;
          loop invariant  ((c == 0)&&(n == \at(n,Pre))) || (PLACE_HOLDER_c) ;
          loop invariant n == \at(n,Pre);
            */
            while (unknown()) {
        {
          if (unknown()) {
            if ( c > n )
            {
            c  = c + 1;
            }
          } else {
            if (c == n) 
            {
            c  = 1;
            }
          }
    
        }
    
    }
            
           
    /*@ assert ((c < 0)&& (c > n)) ==> (c == n); */
    

}`



2025-12-27 11:06:17,723 - DEBUG  - invgen reasoning
2025-12-27 11:06:17,724 - DEBUG  - Here is the complete C code with the loop invariant filled in:

```c
/*@
    requires n > 0;
    */
    
void foo42(int n) {

    int c = 0;

    
            
        /* >>> LOOP INVARIANT TO FILL <<< */
        
            /*@
          loop invariant 0 <= c <= n;
          loop assigns c;
            */
            while (unknown()) {
        {
          if (unknown()) {
            if ( c > n )
            {
            c  = c + 1;
            }
          } else {
            if (c == n) 
            {
            c  = 1;
            }
          }
    
        }
    
    }
            
           
    /*@ assert ((c < 0)&& (c > n)) ==> (c == n); */
    

}
```

The loop invariant `0 <= c <= n` is chosen because:
1. It is established initially (c = 0 and n > 0)
2. It is preserved through all possible loop iterations:
   - The increment case (c > n) cannot occur when the invariant holds
   - The reset case (c == n) sets c to 1, which satisfies the invariant since n > 0
3. It is strong enough to prove the post-condition (which is vacuously true when the invariant holds)
4. The `loop assigns c` annotation specifies that only c is modified by the loop
2025-12-27 11:06:32,862 - DEBUG  - invgen reasoning
2025-12-27 11:06:32,863 - DEBUG  - Here is the complete C code with the loop invariant filled in:

```c
/*@
    requires n > 0;
    */
    
void foo42(int n) {

    int c = 0;

    
            
        /* >>> LOOP INVARIANT TO FILL <<< */
        
            /*@
          loop invariant ((c == 0)&&(n == \at(n,Pre))) || (c == 1);
          loop invariant n == \at(n,Pre);
          loop assigns c;
            */
            while (unknown()) {
        {
          if (unknown()) {
            if ( c > n )
            {
            c  = c + 1;
            }
          } else {
            if (c == n) 
            {
            c  = 1;
            }
          }
    
        }
    
    }
            
           
    /*@ assert ((c < 0)&& (c > n)) ==> (c == n); */
    

}
```

The loop invariant `((c == 0)&&(n == \at(n,Pre))) || (c == 1)` captures:
1. The initial state where c == 0 and n equals its initial value
2. The only other possible state where c can be set to 1 (when c == n)
3. The case where c > n cannot occur because:
   - Initially c == 0 and n > 0
   - The only modification that could make c > n is the increment, but that branch is guarded by c > n which would violate the invariant
4. The second invariant `n == \at(n,Pre)` ensures n remains constant
5. `loop assigns c` specifies that only c is modified by the loop

This invariant is:
- Established initially (first disjunct holds)
- Preserved through all iterations:
  - If c == 0, it can either stay 0 or become 1
  - If c == 1, it remains 1 (since c == n would require n == 1, making the reset set c to 1 again)
- Strong enough to prove the post-condition (which is vacuously true since c can never be both <0 and >n)
2025-12-27 11:06:52,365 - DEBUG  - invgen reasoning
2025-12-27 11:06:52,366 - DEBUG  - Here is the complete C code with the loop invariants filled in:

```c
/*@
    requires n > 0;
    */
    
void foo42(int n) {

    int c = 0;

            /*@
          loop invariant ((c < 0) && (c > n)) ==> (c == n);
          loop invariant ((c == 0) && (n == \at(n,Pre))) || (c == 1);
          loop invariant n == \at(n,Pre);
          loop assigns c;
            */
            while (unknown()) {
        {
          if (unknown()) {
            if ( c > n )
            {
            c  = c + 1;
            }
          } else {
            if (c == n) 
            {
            c  = 1;
            }
          }
    
        }
    
    }
            
    /*@ assert ((c < 0)&& (c > n)) ==> (c == n); */
    

}
```

Key points about the invariants:

1. The verification goal `((c < 0) && (c > n)) ==> (c == n)` is used directly as the first invariant since:
   - It holds initially (c=0 makes antecedent false)
   - It is preserved because:
     * The increment case cannot make c both <0 and >n
     * The reset case maintains c=1 which cannot be <0 when n>0

2. The second invariant `((c == 0) && (n == \at(n,Pre))) || (c == 1)` captures:
   - Initial state (c=0)
   - The only other reachable state (c=1)

3. The third invariant `n == \at(n,Pre)` ensures n remains constant

4. `loop assigns c` specifies only c is modified

The verification goal works as an invariant because:
- The implication is vacuously true in all reachable states (c can never be both <0 and >n)
- It subsumes the post-condition
- It holds throughout loop execution, not just at termination
2025-12-27 11:06:52,366 - INFO  - candidated loop invariant
2025-12-27 11:06:52,366 - INFO  - 
/*@
    requires n > 0;
    */
    
void foo42(int n) {

    int c = 0;

    
            
        /* >>> LOOP INVARIANT TO FILL <<< */
        
            /*@
          loop invariant ((c == 0)&&(n == \at(n,Pre))) || (c == 1);
          loop invariant n == \at(n,Pre);
          loop assigns c;
            */
            while (unknown()) {
        {
          if (unknown()) {
            if ( c > n )
            {
            c  = c + 1;
            }
          } else {
            if (c == n) 
            {
            c  = 1;
            }
          }
    
        }
    
    }
            
           
    /*@ assert ((c < 0)&& (c > n)) ==> (c == n); */
    

}

2025-12-27 11:06:53,357 - INFO  - syntax Correct
2025-12-27 11:06:54,476 - INFO  - Validate:
2025-12-27 11:06:54,476 - INFO  - [True, True]
2025-12-27 11:06:54,477 - INFO  - 
2025-12-27 11:06:54,477 - INFO  - Verify:
2025-12-27 11:06:54,477 - INFO  - [True]
2025-12-27 11:06:54,477 - INFO  - 
2025-12-27 11:06:54,477 - INFO  - loop invariant annotated
2025-12-27 11:06:54,477 - INFO  - 
/*@
    requires n > 0;
    */
    
void foo42(int n) {

    int c = 0;

    
            
        /* >>> LOOP INVARIANT TO FILL <<< */
        
            /*@
          loop invariant ((c == 0)&&(n == \at(n,Pre))) || (c == 1);
          loop invariant n == \at(n,Pre);
          loop assigns c;
            */
            while (unknown()) {
        {
          if (unknown()) {
            if ( c > n )
            {
            c  = c + 1;
            }
          } else {
            if (c == n) 
            {
            c  = 1;
            }
          }
    
        }
    
    }
            
           
    /*@ assert ((c < 0)&& (c > n)) ==> (c == n); */
    

}

2025-12-27 11:06:56,420 - INFO  - ACSL format loop invariant
2025-12-27 11:06:56,421 - INFO  - /*@
          loop invariant ((c == 0)&&(n == \at(n,Pre))) || (c == 1);
          loop invariant n == \at(n,Pre);
          loop assigns c;
            */
            while (unknown()) {
        {
          if (unknown()) {
            if ( c > n )
            {
            c  = c + 1;
            }
          } else {
            if (c == n) 
            {
            c  = 1;
            }
          }
    
        }
    
    }
2025-12-27 11:06:56,421 - INFO  - VST format loop invariant
2025-12-27 11:06:56,421 - INFO  - /*@ Inv
    (((c == 0)&&(n == n@pre)) || (c == 1)) &&
(n == n@pre
          loop assigns c)
    */
    
            while (unknown()) {
        {
          if (unknown()) {
            if ( c > n )
            {
            c  = c + 1;
            }
          } else {
            if (c == n) 
            {
            c  = 1;
            }
          }
    
        }
    
    }
2025-12-27 11:06:56,422 - INFO  - PARTIAL CORRECT INVARIANT
2025-12-27 11:06:56,422 - INFO  - continue symbolic execution
2025-12-27 11:06:56,422 - INFO  - 
/*@
    requires n > 0;
    */
    
void foo42(int n) {

    int c = 0;

    
            
        /* >>> LOOP INVARIANT TO FILL <<< */
        
            /*@
          loop invariant ((c == 0)&&(n == \at(n,Pre))) || (c == 1);
          loop invariant n == \at(n,Pre);
          loop assigns c;
            */
            while (unknown()) {
        {
          if (unknown()) {
            if ( c > n )
            {
            c  = c + 1;
            }
          } else {
            if (c == n) 
            {
            c  = 1;
            }
          }
    
        }
    
    }
            
           
    /*@ assert ((c < 0)&& (c > n)) ==> (c == n); */
    

}

2025-12-27 11:06:57,371 - INFO  - syntax Correct
2025-12-27 11:06:58,461 - INFO  - Validate:
2025-12-27 11:06:58,462 - INFO  - [True, True]
2025-12-27 11:06:58,462 - INFO  - 
2025-12-27 11:06:58,462 - INFO  - Verify:
2025-12-27 11:06:58,462 - INFO  - [True]
2025-12-27 11:06:58,462 - INFO  - 
2025-12-27 11:06:58,462 - INFO  - CORRECT INVARIANT
2025-12-27 11:07:00,433 - INFO  - ==================================================
2025-12-27 11:07:00,433 - INFO  - first_pass:
2025-12-27 11:07:00,434 - INFO  - syntax=1, valid=1,satisfy=1
2025-12-27 11:07:00,434 - INFO  - ==================================================
2025-12-27 11:07:00,434 - INFO  - foo42.c after loop invariant generation: 

/*@
    requires n > 0;
    */
    
void foo42(int n) {

    int c = 0;

    
            
        /* >>> LOOP INVARIANT TO FILL <<< */
        
            /*@
          loop invariant ((c == 0)&&(n == \at(n,Pre))) || (c == 1);
          loop invariant n == \at(n,Pre);
          loop assigns c;
            */
            while (unknown()) {
        {
          if (unknown()) {
            if ( c > n )
            {
            c  = c + 1;
            }
          } else {
            if (c == n) 
            {
            c  = 1;
            }
          }
    
        }
    
    }
            
           
    /*@ assert ((c < 0)&& (c > n)) ==> (c == n); */
    

}

2025-12-27 11:07:00,641 - INFO  - ==================================================
2025-12-27 11:07:00,642 - INFO  - ⏰ OVERALL EXECUTION TIME STATISTICS
2025-12-27 11:07:00,642 - INFO  - Total execution time: 97.83 seconds (1.63 minutes)
2025-12-27 11:07:00,642 - INFO  - ==================================================
2025-12-27 11:07:00,642 - INFO  - ==================================================
2025-12-27 11:07:00,642 - INFO  - 📊 TOKEN USAGE STATISTICS
2025-12-27 11:07:00,642 - INFO  - Total API calls: 11
2025-12-27 11:07:00,643 - INFO  - Total prompt tokens (input): 61,661
2025-12-27 11:07:00,643 - INFO  - Total completion tokens (output): 6,901
2025-12-27 11:07:00,643 - INFO  - Total tokens: 68,562
2025-12-27 11:07:00,643 - INFO  - Average prompt tokens per call: 5605.5
2025-12-27 11:07:00,643 - INFO  - Average completion tokens per call: 627.4
2025-12-27 11:07:00,643 - INFO  - Average total tokens per call: 6232.9
2025-12-27 11:07:00,643 - INFO  - ==================================================
