2025-12-27 15:04:59,569 - INFO  - 
🚀 Starting generation of function: foo58
2025-12-27 15:04:59,569 - INFO  - 
FUNCTION INITIALIZATION
2025-12-27 15:04:59,570 - INFO  - ==================================================

2025-12-27 15:05:00,392 - INFO  - Initial pending functions: ['foo58', 'unknown']
2025-12-27 15:05:00,393 - INFO  - Now processing function unknown

2025-12-27 15:05:00,393 - INFO  - 
GENERATE ANNOTATION FOR foo58
2025-12-27 15:05:00,393 - INFO  - ==================================================

2025-12-27 15:05:00,393 - INFO  - Function foo58 has been initialized
2025-12-27 15:05:00,436 - INFO  - Content of ACSL foo58.c file to be inserted into template: 


/*@
    requires n > 0;
    */
    
void foo58(int n,int v1,int v2,int v3) {

    int c = 0;

    while (unknown()) {
        {
          if (unknown()) {
            if ( c > n )
            {
            c  = c + 1;
            }
          } else {
            if (c == n) 
            {
            c  = 1;
            }
          }
    
        }
    
    }
   
           
    /*@ assert (c != n) ==> (c >= 0); */


}
2025-12-27 15:05:00,437 - INFO  - Content of pre-annotated foo58.c file: 

    #include "../verification_stdlib.h"
    #include "../verification_list.h"
    #include "../int_array_def.h"

    /*@ Extern Coq (Result: Assertion) */
    /*@ Extern Coq (Results: Z -> Assertion) */

        


void foo58(int n,int v1,int v2,int v3) 

            /*@
            Require n > 0
            Ensure Results(__return)
            */
            {

    int c = 0;

    while (unknown()) {
        {
          if (unknown()) {
            if ( c > n )
            {
            c  = c + 1;
            }
          } else {
            if (c == n) 
            {
            c  = 1;
            }
          }
    
        }
    
    }
   
           
    


}
2025-12-27 15:05:00,438 - INFO  - 
GENERATE LOOP INVARIANT FOR foo58
2025-12-27 15:05:00,438 - INFO  - ==================================================

2025-12-27 15:05:00,502 - INFO  - file_name: foo58
2025-12-27 15:05:00,595 - DEBUG  - INNER_FLAG: False
2025-12-27 15:05:00,596 - INFO  - Variable Maps:[{'c': '0', 'v3': 'v3@pre', 'v2': 'v2@pre', 'v1': 'v1@pre', 'n': 'n@pre'}]
2025-12-27 15:05:00,596 - INFO  - Path conditions: ['n@pre > 0']
2025-12-27 15:05:00,597 - INFO  - Pre condition: n@pre > 0 && (c == 0) * (v3 == v3@pre) * (v2 == v2@pre) * (v1 == v1@pre) * (n == n@pre)
2025-12-27 15:05:00,597 - INFO  - Loop Condition: unknown()
2025-12-27 15:05:00,597 - INFO  - Array Names: []
2025-12-27 15:05:00,597 - INFO  - Updated Loop Conditions: ['unknown()']
2025-12-27 15:05:00,598 - INFO  - Global Unchanged Variables: ['v3', 'v2', 'v1', 'n']
2025-12-27 15:05:00,598 - INFO  - Non Inductive Variables: ['c']
2025-12-27 15:05:00,598 - INFO  - Unchanged Arrays (Read-only): []
2025-12-27 15:05:00,599 - INFO  - after assignments
2025-12-27 15:05:00,599 - INFO  - 
            
        /* >>> LOOP INVARIANT TO FILL <<< */
        
            /*@
            */
            while (unknown()) {
        {
          if (unknown()) {
            if ( c > n )
            {
            c  = c + 1;
            }
          } else {
            if (c == n) 
            {
            c  = 1;
            }
          }
    
        }
    
    }
            
2025-12-27 15:05:44,511 - INFO  - think in natural language: ### **Comprehensive Loop Verification Analysis**

---

#### **a. Loop Purpose and Structure**

- **Purpose**: The loop appears to be a non-deterministic state machine that modifies the variable `c` based on two possible conditions (controlled by `unknown()` calls). The exact purpose is unclear due to the non-deterministic nature (`unknown()`), but it seems to be adjusting `c` relative to `n`, possibly to maintain some relationship between them.
  
- **Structure**:
  - **Governing Condition**: `while (unknown())` – The loop continues based on an arbitrary condition (could be true or false at any time).
  - **Operations**:
    1. If `unknown()` is true:
       - If `c > n`, increment `c` by 1.
    2. If `unknown()` is false:
       - If `c == n`, reset `c` to 1.
  - **Relevant Variables**:
    - `n`: Input parameter (must be `> 0` by the precondition).
    - `c`: Counter variable initialized to `0` before the loop.

---

#### **b. Sample and Analyze Variable Values**

Assume `n = 3` for illustration (since `n > 0` is required).

| Iteration | Before Loop/After Iteration | `unknown()` (1st call) | Branch Taken (if applicable) | `unknown()` (2nd call) | Action on `c` | New `c` |
|-----------|-----------------------------|------------------------|------------------------------|------------------------|---------------|---------|
| 0         | Before loop                 | -                      | -                            | -                      | -             | `0`     |
| 1         | After iteration 1           | True                   | `c > n` is false (`0 > 3`?)  | -                      | No action     | `0`     |
| 2         | After iteration 2           | True                   | `c > n` is false (`0 > 3`?)  | -                      | No action     | `0`     |
| 3         | After iteration 3           | False                  | -                            | `c == n` is false (`0 == 3`?) | No action | `0`     |
| 4         | After iteration 4           | True                   | `c > n` is false (`0 > 3`?)  | -                      | No action     | `0`     |
| 5         | After iteration 5           | False                  | -                            | `c == n` is false (`0 == 3`?) | No action | `0`     |

**Observations**:
- In this run, `c` never changes because:
  - `c > n` is never true (`c` starts at `0`, `n = 3`).
  - `c == n` is never true (`c` remains `0`).
- Other runs could behave differently (e.g., if `c` is incremented or reset).

---

#### **c. Verification Goal Analysis**

- **Verification Goal (Post-condition)**: `(c != n) ==> (c >= 0)`
  - "If `c` is not equal to `n`, then `c` must be non-negative."

- **Can the Verification Goal Be an Invariant?**
  - **No**, because:
    - The goal is only about the state at termination (`c != n`), not necessarily during the loop.
    - During the loop, `c` could be negative (though not in this code due to initialization and operations).

- **Modifying the Verification Goal for an Invariant**:
  - A stronger invariant is needed: `c >= 0`.
    - **Establishment**: Holds initially (`c = 0`).
    - **Preservation**:
      - If `c > n` and `c` is incremented: `c` remains non-negative (since `n > 0` and `c` starts at `0`).
      - If `c == n` and `c` is reset to `1`: `1 >= 0`.
    - **Termination**: Combined with `!(unknown())`, the post-condition holds because `c >= 0` is maintained.

---

#### **d. Loop Invariant Discussion**

- **Proposed Invariant**: `c >= 0`
  - **Why Valid?**
    - Initially, `c = 0`, so `c >= 0` holds.
    - During the loop:
      - If `c > n` and `c` is incremented: `c` was already `>= 0`, and `n > 0` ensures `c` cannot wrap to negative.
      - If `c == n` and `c` is reset to `1`: `1 >= 0`.
    - At termination: Still holds.

---

#### **e. Establishment**

- Before the loop, `c` is initialized to `0`, and `n > 0` (precondition).
- Thus, `c >= 0` is trivially true before the first iteration.

---

#### **f. Preservation**

Assume the invariant holds at the start of an iteration (`c >= 0`). Show it holds at the end:
1. If `unknown()` is true:
   - If `c > n`: `c` is incremented. Since `n > 0` and `c >= 0`, `c` remains `>= 0`.
   - Else: `c` is unchanged, so `c >= 0` still holds.
2. If `unknown()` is false:
   - If `c == n`: `c` is set to `1`, which is `>= 0`.
   - Else: `c` is unchanged, so `c >= 0` holds.

---

#### **g. Termination Analysis**

- When the loop terminates (`unknown()` is false), the invariant `c >= 0` still holds (from preservation).
- The post-condition `(c != n) ==> (c >= 0)` is satisfied because:
  - If `c != n`, the invariant ensures `c >= 0`.
  - If `c == n`, the post-condition is vacuously true.

---

#### **h. Post-condition Correctness**

- The post-condition is **correct** because:
  - The invariant `c >= 0` is maintained throughout.
  - At termination, if `c != n`, the invariant directly implies `c >= 0`.
  - The only way `c` could be negative is if the loop body violated the invariant, which it does not.

---

### **Final Answer: Loop Invariant**

```c
/*@ loop invariant c >= 0; */
while (unknown()) {
    // Loop body as given
}
```

**Explanation**:
- The invariant `c >= 0` holds initially, is preserved in all cases, and ensures the post-condition is met.
2025-12-27 15:05:44,512 - INFO  - after const
2025-12-27 15:05:44,512 - INFO  - 
            
        /* >>> LOOP INVARIANT TO FILL <<< */
        
            /*@
          loop invariant v3 == \at(v3,Pre);
          loop invariant v2 == \at(v2,Pre);
          loop invariant v1 == \at(v1,Pre);
          loop invariant n == \at(n,Pre);
            */
            while (unknown()) {
        {
          if (unknown()) {
            if ( c > n )
            {
            c  = c + 1;
            }
          } else {
            if (c == n) 
            {
            c  = 1;
            }
          }
    
        }
    
    }
            
2025-12-27 15:05:44,512 - INFO  - after not in
2025-12-27 15:05:44,513 - INFO  - 
            
        /* >>> LOOP INVARIANT TO FILL <<< */
        
            /*@
          loop invariant v3 == \at(v3,Pre);
          loop invariant v2 == \at(v2,Pre);
          loop invariant v1 == \at(v1,Pre);
          loop invariant n == \at(n,Pre);
            */
            while (unknown()) {
        {
          if (unknown()) {
            if ( c > n )
            {
            c  = c + 1;
            }
          } else {
            if (c == n) 
            {
            c  = 1;
            }
          }
    
        }
    
    }
            
2025-12-27 15:05:44,513 - INFO  - after vars
2025-12-27 15:05:44,513 - INFO  - 
            
        /* >>> LOOP INVARIANT TO FILL <<< */
        
            /*@
          loop invariant  ((c == 0)&&(v3 == \at(v3,Pre))&&(v2 == \at(v2,Pre))&&(v1 == \at(v1,Pre))&&(n == \at(n,Pre))) || (PLACE_HOLDER_c) ;
          loop invariant v3 == \at(v3,Pre);
          loop invariant v2 == \at(v2,Pre);
          loop invariant v1 == \at(v1,Pre);
          loop invariant n == \at(n,Pre);
            */
            while (unknown()) {
        {
          if (unknown()) {
            if ( c > n )
            {
            c  = c + 1;
            }
          } else {
            if (c == n) 
            {
            c  = 1;
            }
          }
    
        }
    
    }
            
2025-12-27 15:05:44,513 - INFO  - after verification goal
2025-12-27 15:05:44,514 - INFO  - 
            
        /* >>> LOOP INVARIANT TO FILL <<< */
        
            /*@
          loop invariant  PLACE_HOLDER_VERFICATION_GOAL ;
          loop invariant  ((c == 0)&&(v3 == \at(v3,Pre))&&(v2 == \at(v2,Pre))&&(v1 == \at(v1,Pre))&&(n == \at(n,Pre))) || (PLACE_HOLDER_c) ;
          loop invariant v3 == \at(v3,Pre);
          loop invariant v2 == \at(v2,Pre);
          loop invariant v1 == \at(v1,Pre);
          loop invariant n == \at(n,Pre);
            */
            while (unknown()) {
        {
          if (unknown()) {
            if ( c > n )
            {
            c  = c + 1;
            }
          } else {
            if (c == n) 
            {
            c  = 1;
            }
          }
    
        }
    
    }
            
2025-12-27 15:05:44,514 - INFO  - annotated_callee_str: 


2025-12-27 15:05:44,522 - INFO  - Content of loop template: 


/*@
    requires n > 0;
    */
    
void foo58(int n,int v1,int v2,int v3) {

    int c = 0;

    
            
        /* >>> LOOP INVARIANT TO FILL <<< */
        
            /*@
          PLACE_HOLDER_LOOP
            */
            while (unknown()) {
        {
          if (unknown()) {
            if ( c > n )
            {
            c  = c + 1;
            }
          } else {
            if (c == n) 
            {
            c  = 1;
            }
          }
    
        }
    
    }
            
   
           
    /*@ assert (c != n) ==> (c >= 0); */


}
2025-12-27 15:05:44,523 - INFO  - annotated_callee_str: 


2025-12-27 15:05:44,529 - INFO  - Content of loop template: 


/*@
    requires n > 0;
    */
    
void foo58(int n,int v1,int v2,int v3) {

    int c = 0;

    
            
        /* >>> LOOP INVARIANT TO FILL <<< */
        
            /*@
          loop invariant  ((c == 0)&&(v3 == \at(v3,Pre))&&(v2 == \at(v2,Pre))&&(v1 == \at(v1,Pre))&&(n == \at(n,Pre))) || (PLACE_HOLDER_c) ;
          loop invariant v3 == \at(v3,Pre);
          loop invariant v2 == \at(v2,Pre);
          loop invariant v1 == \at(v1,Pre);
          loop invariant n == \at(n,Pre);
            */
            while (unknown()) {
        {
          if (unknown()) {
            if ( c > n )
            {
            c  = c + 1;
            }
          } else {
            if (c == n) 
            {
            c  = 1;
            }
          }
    
        }
    
    }
            
   
           
    /*@ assert (c != n) ==> (c >= 0); */


}
2025-12-27 15:05:44,530 - INFO  - annotated_callee_str: 


2025-12-27 15:05:44,537 - INFO  - Content of loop template: 


/*@
    requires n > 0;
    */
    
void foo58(int n,int v1,int v2,int v3) {

    int c = 0;

    
            
        /* >>> LOOP INVARIANT TO FILL <<< */
        
            /*@
          loop invariant  PLACE_HOLDER_VERFICATION_GOAL ;
          loop invariant  ((c == 0)&&(v3 == \at(v3,Pre))&&(v2 == \at(v2,Pre))&&(v1 == \at(v1,Pre))&&(n == \at(n,Pre))) || (PLACE_HOLDER_c) ;
          loop invariant v3 == \at(v3,Pre);
          loop invariant v2 == \at(v2,Pre);
          loop invariant v1 == \at(v1,Pre);
          loop invariant n == \at(n,Pre);
            */
            while (unknown()) {
        {
          if (unknown()) {
            if ( c > n )
            {
            c  = c + 1;
            }
          } else {
            if (c == n) 
            {
            c  = 1;
            }
          }
    
        }
    
    }
            
   
           
    /*@ assert (c != n) ==> (c >= 0); */


}
2025-12-27 15:05:44,537 - DEBUG  - user_prompt_traival
2025-12-27 15:05:44,537 - DEBUG  - ### Role: ###
You are a helpful AI software assistant specializing in reasoning about code behavior. Your task is to analyze C programs and identify loop invariants that can be used to verify program properties using Frama-C.

### Task: ###
Given a C program with a loop, generate the necessary loop invariants in ACSL (ANSI/ISO C Specification Language) annotations. These invariants will help Frama-C verify the post-condition of the program.



Inputs:
- The pre-condition before the loop begins execution.
- A full C loop program with invariant annotations containing `PLACE_HOLDER` that need to be filled.

### Output: ###
Provide the complete C code with the loop invariant and other relevant ACSL annotations, where all placeholders are correctly filled in ```c ```.

### Rules: ###
- If you break any of these rules, my family will disown me.
- Do not modify any existing annotations or add new annotations. You are only allowed to replace the placeholders `PLACE_HOLDER` before loop.
- Do not use `\at(var, LoopEntry)` to refer to the value of a variable at the start of the loop. Instead, use the value specified in the pre-condition.
- Do not generate loop variant.
- Only use keywords and constructs supported in ACSL annotations for loops.
- Do not generate any natural language explanations after ACSL annotations.
- When `unknown()` used as the loop condition, the number of loop iterations can be any non-negative integer, and the invariant must hold for all cases.
- You are only allowed to fill `PLACE_HOLDER` for `loop invariant` and `loop assigns`, do not generate any `requires` or `ensures` or `loop variant`.





Consider the following C loop:

Pre-condition: `\at(n,Pre) > 0 && (c == 0) * (v3 == \at(v3,Pre)) * (v2 == \at(v2,Pre)) * (v1 == \at(v1,Pre)) * (n == \at(n,Pre))`

Loop program: `


/*@
    requires n > 0;
    */
    
void foo58(int n,int v1,int v2,int v3) {

    int c = 0;

    
            
        /* >>> LOOP INVARIANT TO FILL <<< */
        
            /*@
          PLACE_HOLDER_LOOP
            */
            while (unknown()) {
        {
          if (unknown()) {
            if ( c > n )
            {
            c  = c + 1;
            }
          } else {
            if (c == n) 
            {
            c  = 1;
            }
          }
    
        }
    
    }
            
   
           
    /*@ assert (c != n) ==> (c >= 0); */


}`



2025-12-27 15:05:44,537 - DEBUG  - user_prompt_template
2025-12-27 15:05:44,538 - DEBUG  - ### Role: ###
You are a helpful AI software assistant specializing in reasoning about code behavior. Your task is to analyze C programs and identify loop invariants that can be used to verify program properties using Frama-C.

### Task: ###
Given a C program with a loop, generate the necessary loop invariants in ACSL (ANSI/ISO C Specification Language) annotations. These invariants will help Frama-C verify the post-condition of the program.



Inputs:
- The pre-condition before the loop begins execution.
- A full C loop program with invariant annotations containing `PLACE_HOLDER` that need to be filled.

### Output: ###
Provide the complete C code with the loop invariant and other relevant ACSL annotations, where all placeholders are correctly filled in ```c ```.

### Rules: ###
- If you break any of these rules, my family will disown me.
- Do not modify any existing annotations or add new annotations. You are only allowed to replace the placeholders `PLACE_HOLDER` before loop.
- Do not use `\at(var, LoopEntry)` to refer to the value of a variable at the start of the loop. Instead, use the value specified in the pre-condition.
- Do not generate loop variant.
- Only use keywords and constructs supported in ACSL annotations for loops.
- Do not generate any natural language explanations after ACSL annotations.
- When `unknown()` used as the loop condition, the number of loop iterations can be any non-negative integer, and the invariant must hold for all cases.
- You are only allowed to fill `PLACE_HOLDER` for `loop invariant` and `loop assigns`, do not generate any `requires` or `ensures` or `loop variant`.

- Generate loop invariants with equality constraints as comprehensively as possible.



Consider the following C loop:

Pre-condition: `\at(n,Pre) > 0 && (c == 0) * (v3 == \at(v3,Pre)) * (v2 == \at(v2,Pre)) * (v1 == \at(v1,Pre)) * (n == \at(n,Pre))`

Loop program: `


/*@
    requires n > 0;
    */
    
void foo58(int n,int v1,int v2,int v3) {

    int c = 0;

    
            
        /* >>> LOOP INVARIANT TO FILL <<< */
        
            /*@
          loop invariant  ((c == 0)&&(v3 == \at(v3,Pre))&&(v2 == \at(v2,Pre))&&(v1 == \at(v1,Pre))&&(n == \at(n,Pre))) || (PLACE_HOLDER_c) ;
          loop invariant v3 == \at(v3,Pre);
          loop invariant v2 == \at(v2,Pre);
          loop invariant v1 == \at(v1,Pre);
          loop invariant n == \at(n,Pre);
            */
            while (unknown()) {
        {
          if (unknown()) {
            if ( c > n )
            {
            c  = c + 1;
            }
          } else {
            if (c == n) 
            {
            c  = 1;
            }
          }
    
        }
    
    }
            
   
           
    /*@ assert (c != n) ==> (c >= 0); */


}`



2025-12-27 15:05:44,538 - DEBUG  - user_prompt_verification
2025-12-27 15:05:44,538 - DEBUG  - ### Role: ###
You are a helpful AI software assistant specializing in reasoning about code behavior. Your task is to analyze C programs and identify loop invariants that can be used to verify program properties using Frama-C.

### Task: ###
Given a C program with a loop, generate the necessary loop invariants in ACSL (ANSI/ISO C Specification Language) annotations. These invariants will help Frama-C verify the post-condition of the program.



Inputs:
- The pre-condition before the loop begins execution.
- A full C loop program with invariant annotations containing `PLACE_HOLDER` that need to be filled.

### Output: ###
Provide the complete C code with the loop invariant and other relevant ACSL annotations, where all placeholders are correctly filled in ```c ```.

### Rules: ###
- If you break any of these rules, my family will disown me.
- Do not modify any existing annotations or add new annotations. You are only allowed to replace the placeholders `PLACE_HOLDER` before loop.
- Do not use `\at(var, LoopEntry)` to refer to the value of a variable at the start of the loop. Instead, use the value specified in the pre-condition.
- Do not generate loop variant.
- Only use keywords and constructs supported in ACSL annotations for loops.
- Do not generate any natural language explanations after ACSL annotations.
- When `unknown()` used as the loop condition, the number of loop iterations can be any non-negative integer, and the invariant must hold for all cases.
- You are only allowed to fill `PLACE_HOLDER` for `loop invariant` and `loop assigns`, do not generate any `requires` or `ensures` or `loop variant`.

- Generate loop invariants with equality constraints as comprehensively as possible.
- Please first try to directly use the verification goal as the loop invariant at `PLACE_HOLDER_VERFICATION_GOAL`. Often, the verification goal (assertion) also holds throughout the loop; in that case, it can be used directly as the invariant.


Consider the following C loop:

Pre-condition: `\at(n,Pre) > 0 && (c == 0) * (v3 == \at(v3,Pre)) * (v2 == \at(v2,Pre)) * (v1 == \at(v1,Pre)) * (n == \at(n,Pre))`

Loop program: `


/*@
    requires n > 0;
    */
    
void foo58(int n,int v1,int v2,int v3) {

    int c = 0;

    
            
        /* >>> LOOP INVARIANT TO FILL <<< */
        
            /*@
          loop invariant  PLACE_HOLDER_VERFICATION_GOAL ;
          loop invariant  ((c == 0)&&(v3 == \at(v3,Pre))&&(v2 == \at(v2,Pre))&&(v1 == \at(v1,Pre))&&(n == \at(n,Pre))) || (PLACE_HOLDER_c) ;
          loop invariant v3 == \at(v3,Pre);
          loop invariant v2 == \at(v2,Pre);
          loop invariant v1 == \at(v1,Pre);
          loop invariant n == \at(n,Pre);
            */
            while (unknown()) {
        {
          if (unknown()) {
            if ( c > n )
            {
            c  = c + 1;
            }
          } else {
            if (c == n) 
            {
            c  = 1;
            }
          }
    
        }
    
    }
            
   
           
    /*@ assert (c != n) ==> (c >= 0); */


}`



2025-12-27 15:05:54,199 - DEBUG  - invgen reasoning
2025-12-27 15:05:54,199 - DEBUG  - Here is the complete C code with the loop invariant filled in:

```c
/*@
    requires n > 0;
    */
    
void foo58(int n,int v1,int v2,int v3) {

    int c = 0;

    
            
        /* >>> LOOP INVARIANT TO FILL <<< */
        
            /*@
          loop invariant c >= 0;
          loop assigns c;
            */
            while (unknown()) {
        {
          if (unknown()) {
            if ( c > n )
            {
            c  = c + 1;
            }
          } else {
            if (c == n) 
            {
            c  = 1;
            }
          }
    
        }
    
    }
            
   
           
    /*@ assert (c != n) ==> (c >= 0); */


}
```

The loop invariant `c >= 0` is sufficient because:
1. It holds initially (c = 0)
2. It is preserved by all possible loop body executions (c can only be incremented from a positive value or set to 1)
3. It implies the post-condition when combined with the loop exit condition

The `loop assigns c` annotation specifies that `c` is the only variable modified by the loop.
2025-12-27 15:06:16,767 - DEBUG  - invgen reasoning
2025-12-27 15:06:16,767 - DEBUG  - Here is the complete C code with the loop invariants filled in according to the rules:

```c
/*@
    requires n > 0;
    */
    
void foo58(int n,int v1,int v2,int v3) {

    int c = 0;

    
            /*@
          loop invariant ((c == 0)&&(v3 == \at(v3,Pre))&&(v2 == \at(v2,Pre))&&(v1 == \at(v1,Pre))&&(n == \at(n,Pre))) || 
                         ((c >= 0) && (c <= n+1) && (v3 == \at(v3,Pre)) && (v2 == \at(v2,Pre)) && (v1 == \at(v1,Pre)) && (n == \at(n,Pre)));
          loop invariant v3 == \at(v3,Pre);
          loop invariant v2 == \at(v2,Pre);
          loop invariant v1 == \at(v1,Pre);
          loop invariant n == \at(n,Pre);
          loop assigns c;
            */
            while (unknown()) {
        {
          if (unknown()) {
            if ( c > n )
            {
            c  = c + 1;
            }
          } else {
            if (c == n) 
            {
            c  = 1;
            }
          }
    
        }
    
    }
            
    /*@ assert (c != n) ==> (c >= 0); */
}
```

Key points about the invariants:
1. The first invariant covers both the initial state (c == 0) and all possible states during execution (c >= 0 && c <= n+1)
2. The additional invariants maintain that v1, v2, v3, and n remain unchanged
3. The loop assigns clause specifies that only c is modified
4. The invariants are strong enough to prove the post-condition (c != n) ==> (c >= 0)
5. All constraints use only equality and inequality relations as required
6. No \at() expressions reference LoopEntry - only Pre state as specified in the rules
2025-12-27 15:06:35,312 - DEBUG  - invgen reasoning
2025-12-27 15:06:35,312 - DEBUG  - Here is the complete C code with the loop invariants filled in according to all specified rules:

```c
/*@
    requires n > 0;
    */
    
void foo58(int n,int v1,int v2,int v3) {

    int c = 0;

            /*@
          loop invariant (c != n) ==> (c >= 0);
          loop invariant ((c == 0)&&(v3 == \at(v3,Pre))&&(v2 == \at(v2,Pre))&&(v1 == \at(v1,Pre))&&(n == \at(n,Pre))) || 
                         ((c >= 0) && (c <= n+1) && (v3 == \at(v3,Pre)) && (v2 == \at(v2,Pre)) && (v1 == \at(v1,Pre)) && (n == \at(n,Pre)));
          loop invariant v3 == \at(v3,Pre);
          loop invariant v2 == \at(v2,Pre);
          loop invariant v1 == \at(v1,Pre);
          loop invariant n == \at(n,Pre);
          loop assigns c;
            */
            while (unknown()) {
        {
          if (unknown()) {
            if ( c > n )
            {
            c  = c + 1;
            }
          } else {
            if (c == n) 
            {
            c  = 1;
            }
          }
    
        }
    
    }
            
    /*@ assert (c != n) ==> (c >= 0); */
}
```

Key points about the solution:

1. The verification goal `(c != n) ==> (c >= 0)` is used directly as the first loop invariant since it holds throughout the loop execution.

2. The second invariant maintains:
   - Either the initial state (c == 0 with all other variables unchanged)
   - Or the general case during execution (0 ≤ c ≤ n+1 with all other variables unchanged)

3. Additional invariants ensure v1, v2, v3, and n remain unchanged from their pre-state values.

4. The `loop assigns` clause correctly specifies that only `c` is modified by the loop.

5. All invariants use only equality and inequality relations as required.

6. No `\at()` expressions reference LoopEntry - only Pre state as specified in the rules.

7. The solution fully complies with all the strict requirements specified in the task.
2025-12-27 15:06:35,313 - INFO  - candidated loop invariant
2025-12-27 15:06:35,314 - INFO  - 
/*@
    requires n > 0;
    */
    
void foo58(int n,int v1,int v2,int v3) {

    int c = 0;

    
            /*@
          loop invariant ((c == 0)&&(v3 == \at(v3,Pre))&&(v2 == \at(v2,Pre))&&(v1 == \at(v1,Pre))&&(n == \at(n,Pre))) || 
                         ((c >= 0) && (c <= n+1) && (v3 == \at(v3,Pre)) && (v2 == \at(v2,Pre)) && (v1 == \at(v1,Pre)) && (n == \at(n,Pre)));
          loop invariant v3 == \at(v3,Pre);
          loop invariant v2 == \at(v2,Pre);
          loop invariant v1 == \at(v1,Pre);
          loop invariant n == \at(n,Pre);
          loop assigns c;
            */
            while (unknown()) {
        {
          if (unknown()) {
            if ( c > n )
            {
            c  = c + 1;
            }
          } else {
            if (c == n) 
            {
            c  = 1;
            }
          }
    
        }
    
    }
            
    /*@ assert (c != n) ==> (c >= 0); */
}

2025-12-27 15:06:46,585 - INFO  - syntax Correct
2025-12-27 15:06:57,654 - INFO  - Validate:
2025-12-27 15:06:57,655 - INFO  - [False, True, True, True, True]
2025-12-27 15:06:57,655 - INFO  - 
2025-12-27 15:06:57,655 - INFO  - Verify:
2025-12-27 15:06:57,656 - INFO  - [True]
2025-12-27 15:06:57,656 - INFO  - 
2025-12-27 15:06:57,656 - INFO  - after mark
2025-12-27 15:06:57,656 - INFO  - 
/*@
    requires n > 0;
    */
    
void foo58(int n,int v1,int v2,int v3) {

    int c = 0;

    
            /*@
          loop invariant ((c == 0)&&(v3 == \at(v3,Pre))&&(v2 == \at(v2,Pre))&&(v1 == \at(v1,Pre))&&(n == \at(n,Pre))) || 
                         ((c >= 0) && (c <= n+1) && (v3 == \at(v3,Pre)) && (v2 == \at(v2,Pre)) && (v1 == \at(v1,Pre)) && (n == \at(n,Pre))) [INVARIANT FAILED] ;
          loop invariant v3 == \at(v3,Pre);
          loop invariant v2 == \at(v2,Pre);
          loop invariant v1 == \at(v1,Pre);
          loop invariant n == \at(n,Pre);
          loop assigns c;
            */
            while (unknown()) {
        {
          if (unknown()) {
            if ( c > n )
            {
            c  = c + 1;
            }
          } else {
            if (c == n) 
            {
            c  = 1;
            }
          }
    
        }
    
    }
            
    /*@ assert (c != n) ==> (c >= 0); */
}

2025-12-27 15:07:21,206 - INFO  - after adjust
2025-12-27 15:07:21,207 - INFO  - 
/*@
    requires n > 0;
    */
    
void foo58(int n,int v1,int v2,int v3) {

    int c = 0;

            /*@
          loop invariant (c >= 0) && (v3 == \at(v3,Pre)) && (v2 == \at(v2,Pre)) && (v1 == \at(v1,Pre)) && (n == \at(n,Pre));
          loop invariant v3 == \at(v3,Pre);
          loop invariant v2 == \at(v2,Pre);
          loop invariant v1 == \at(v1,Pre);
          loop invariant n == \at(n,Pre);
          loop assigns c;
            */
            while (unknown()) {
        {
          if (unknown()) {
            if ( c > n )
            {
            c  = c + 1;
            }
          } else {
            if (c == n) 
            {
            c  = 1;
            }
          }
    
        }
    
    }
            
    /*@ assert (c != n) ==> (c >= 0); */
}

2025-12-27 15:07:23,403 - INFO  - after hudini
2025-12-27 15:07:23,403 - INFO  - 
/*@
    requires n > 0;
    */
    
void foo58(int n,int v1,int v2,int v3) {

    int c = 0;

            /*@
          loop invariant (c >= 0) && (v3 == \at(v3,Pre)) && (v2 == \at(v2,Pre)) && (v1 == \at(v1,Pre)) && (n == \at(n,Pre));
          loop invariant v3 == \at(v3,Pre);
          loop invariant v2 == \at(v2,Pre);
          loop invariant v1 == \at(v1,Pre);
          loop invariant n == \at(n,Pre);
          loop assigns c;
            */
            while (unknown()) {
        {
          if (unknown()) {
            if ( c > n )
            {
            c  = c + 1;
            }
          } else {
            if (c == n) 
            {
            c  = 1;
            }
          }
    
        }
    
    }
            
    /*@ assert (c != n) ==> (c >= 0); */
}

2025-12-27 15:07:24,398 - INFO  - syntax Correct
2025-12-27 15:07:25,510 - INFO  - Validate:
2025-12-27 15:07:25,510 - INFO  - [True, True, True, True, True]
2025-12-27 15:07:25,510 - INFO  - 
2025-12-27 15:07:25,510 - INFO  - Verify:
2025-12-27 15:07:25,510 - INFO  - [True]
2025-12-27 15:07:25,511 - INFO  - 
2025-12-27 15:07:25,511 - INFO  - loop invariant annotated
2025-12-27 15:07:25,511 - INFO  - 
/*@
    requires n > 0;
    */
    
void foo58(int n,int v1,int v2,int v3) {

    int c = 0;

            /*@
          loop invariant (c >= 0) && (v3 == \at(v3,Pre)) && (v2 == \at(v2,Pre)) && (v1 == \at(v1,Pre)) && (n == \at(n,Pre));
          loop invariant v3 == \at(v3,Pre);
          loop invariant v2 == \at(v2,Pre);
          loop invariant v1 == \at(v1,Pre);
          loop invariant n == \at(n,Pre);
          loop assigns c;
            */
            while (unknown()) {
        {
          if (unknown()) {
            if ( c > n )
            {
            c  = c + 1;
            }
          } else {
            if (c == n) 
            {
            c  = 1;
            }
          }
    
        }
    
    }
            
    /*@ assert (c != n) ==> (c >= 0); */
}

2025-12-27 15:07:27,712 - INFO  - ACSL format loop invariant
2025-12-27 15:07:27,713 - INFO  - /*@
          loop invariant (c >= 0) && (v3 == \at(v3,Pre)) && (v2 == \at(v2,Pre)) && (v1 == \at(v1,Pre)) && (n == \at(n,Pre));
          loop invariant v3 == \at(v3,Pre);
          loop invariant v2 == \at(v2,Pre);
          loop invariant v1 == \at(v1,Pre);
          loop invariant n == \at(n,Pre);
          loop assigns c;
            */
            while (unknown()) {
        {
          if (unknown()) {
            if ( c > n )
            {
            c  = c + 1;
            }
          } else {
            if (c == n) 
            {
            c  = 1;
            }
          }
    
        }
    
    }
2025-12-27 15:07:27,713 - INFO  - VST format loop invariant
2025-12-27 15:07:27,714 - INFO  - /*@ Inv
    ((c >= 0) && (v3 == v3@pre) && (v2 == v2@pre) && (v1 == v1@pre) && (n == n@pre)) &&
(v3 == v3@pre) &&
(v2 == v2@pre) &&
(v1 == v1@pre) &&
(n == n@pre
          loop assigns c)
    */
    
            while (unknown()) {
        {
          if (unknown()) {
            if ( c > n )
            {
            c  = c + 1;
            }
          } else {
            if (c == n) 
            {
            c  = 1;
            }
          }
    
        }
    
    }
2025-12-27 15:07:27,714 - INFO  - PARTIAL CORRECT INVARIANT
2025-12-27 15:07:27,714 - INFO  - continue symbolic execution
2025-12-27 15:07:27,715 - INFO  - 
/*@
    requires n > 0;
    */
    
void foo58(int n,int v1,int v2,int v3) {

    int c = 0;

            /*@
          loop invariant (c >= 0) && (v3 == \at(v3,Pre)) && (v2 == \at(v2,Pre)) && (v1 == \at(v1,Pre)) && (n == \at(n,Pre));
          loop invariant v3 == \at(v3,Pre);
          loop invariant v2 == \at(v2,Pre);
          loop invariant v1 == \at(v1,Pre);
          loop invariant n == \at(n,Pre);
          loop assigns c;
            */
            while (unknown()) {
        {
          if (unknown()) {
            if ( c > n )
            {
            c  = c + 1;
            }
          } else {
            if (c == n) 
            {
            c  = 1;
            }
          }
    
        }
    
    }
            
    /*@ assert (c != n) ==> (c >= 0); */
}

2025-12-27 15:07:28,807 - INFO  - syntax Correct
2025-12-27 15:07:29,914 - INFO  - Validate:
2025-12-27 15:07:29,915 - INFO  - [True, True, True, True, True]
2025-12-27 15:07:29,915 - INFO  - 
2025-12-27 15:07:29,915 - INFO  - Verify:
2025-12-27 15:07:29,916 - INFO  - [True]
2025-12-27 15:07:29,916 - INFO  - 
2025-12-27 15:07:29,916 - INFO  - CORRECT INVARIANT
2025-12-27 15:07:32,011 - INFO  - ==================================================
2025-12-27 15:07:32,012 - INFO  - first_pass:
2025-12-27 15:07:32,012 - INFO  - syntax=1, valid=1,satisfy=1
2025-12-27 15:07:32,012 - INFO  - ==================================================
2025-12-27 15:07:32,013 - INFO  - foo58.c after loop invariant generation: 

/*@
    requires n > 0;
    */
    
void foo58(int n,int v1,int v2,int v3) {

    int c = 0;

            /*@
          loop invariant (c >= 0) && (v3 == \at(v3,Pre)) && (v2 == \at(v2,Pre)) && (v1 == \at(v1,Pre)) && (n == \at(n,Pre));
          loop invariant v3 == \at(v3,Pre);
          loop invariant v2 == \at(v2,Pre);
          loop invariant v1 == \at(v1,Pre);
          loop invariant n == \at(n,Pre);
          loop assigns c;
            */
            while (unknown()) {
        {
          if (unknown()) {
            if ( c > n )
            {
            c  = c + 1;
            }
          } else {
            if (c == n) 
            {
            c  = 1;
            }
          }
    
        }
    
    }
            
    /*@ assert (c != n) ==> (c >= 0); */
}

2025-12-27 15:07:32,279 - INFO  - ==================================================
2025-12-27 15:07:32,281 - INFO  - ⏰ OVERALL EXECUTION TIME STATISTICS
2025-12-27 15:07:32,281 - INFO  - Total execution time: 152.71 seconds (2.55 minutes)
2025-12-27 15:07:32,281 - INFO  - ==================================================
2025-12-27 15:07:32,282 - INFO  - ==================================================
2025-12-27 15:07:32,282 - INFO  - 📊 TOKEN USAGE STATISTICS
2025-12-27 15:07:32,282 - INFO  - Total API calls: 11
2025-12-27 15:07:32,282 - INFO  - Total prompt tokens (input): 68,365
2025-12-27 15:07:32,282 - INFO  - Total completion tokens (output): 6,895
2025-12-27 15:07:32,282 - INFO  - Total tokens: 75,260
2025-12-27 15:07:32,282 - INFO  - Average prompt tokens per call: 6215.0
2025-12-27 15:07:32,282 - INFO  - Average completion tokens per call: 626.8
2025-12-27 15:07:32,283 - INFO  - Average total tokens per call: 6841.8
2025-12-27 15:07:32,283 - INFO  - ==================================================
