2025-12-27 13:08:46,961 - INFO  - 
🚀 Starting generation of function: foo91
2025-12-27 13:08:46,961 - INFO  - 
FUNCTION INITIALIZATION
2025-12-27 13:08:46,961 - INFO  - ==================================================

2025-12-27 13:08:47,483 - INFO  - Initial pending functions: ['foo91']
2025-12-27 13:08:47,483 - INFO  - 
GENERATE ANNOTATION FOR foo91
2025-12-27 13:08:47,483 - INFO  - ==================================================

2025-12-27 13:08:47,484 - INFO  - Function foo91 has been initialized
2025-12-27 13:08:47,523 - INFO  - Content of ACSL foo91.c file to be inserted into template: 


void foo91() {

    int x = 0;
    int y = 0;

    
    while(y >= 0) {
        y = y + x;
    }
    /*@ assert y >= 0;*/

}
2025-12-27 13:08:47,524 - INFO  - Content of pre-annotated foo91.c file: 

    #include "../verification_stdlib.h"
    #include "../verification_list.h"
    #include "../int_array_def.h"

    /*@ Extern Coq (Result: Assertion) */
    /*@ Extern Coq (Results: Z -> Assertion) */

        

void foo91() 

            /*@
            Require emp
            Ensure Results(__return)
            */
            {

    int x = 0;
    int y = 0;

    
    while(y >= 0) {
        y = y + x;
    }
    

}
2025-12-27 13:08:47,525 - INFO  - 
GENERATE LOOP INVARIANT FOR foo91
2025-12-27 13:08:47,525 - INFO  - ==================================================

2025-12-27 13:08:47,588 - INFO  - file_name: foo91
2025-12-27 13:08:47,673 - DEBUG  - INNER_FLAG: False
2025-12-27 13:08:47,674 - INFO  - Variable Maps:[{'y': '0', 'x': '0'}]
2025-12-27 13:08:47,674 - INFO  - Path conditions: [None]
2025-12-27 13:08:47,675 - INFO  - Pre condition: (y == 0) * (x == 0)
2025-12-27 13:08:47,675 - INFO  - Loop Condition: y >= 0
2025-12-27 13:08:47,675 - INFO  - Array Names: []
2025-12-27 13:08:47,675 - INFO  - Updated Loop Conditions: ['0 >= 0']
2025-12-27 13:08:47,676 - INFO  - Global Unchanged Variables: ['x']
2025-12-27 13:08:47,676 - INFO  - Non Inductive Variables: []
2025-12-27 13:08:47,676 - INFO  - Unchanged Arrays (Read-only): []
2025-12-27 13:08:47,676 - INFO  - after assignments
2025-12-27 13:08:47,677 - INFO  - 
            
        /* >>> LOOP INVARIANT TO FILL <<< */
        
            /*@
            */
            while(y >= 0) {
        y = y + x;
    }
            
2025-12-27 13:09:25,017 - INFO  - think in natural language: ### Analysis of the Provided C Code Snippet

#### a. Loop Purpose and Structure
The given code snippet contains a simple `while` loop:
```c
void foo91() {
    int x = 0;
    int y = 0;
    
    while (y >= 0) {
        y = y + x;
    }
    
    assert(y >= 0);
}
```

- **Purpose**: The loop continues to execute as long as `y` is non-negative (`y >= 0`). In each iteration, `y` is updated by adding `x` to it.
- **Structure**:
  - **Loop Condition**: `y >= 0`
  - **Loop Body**: `y = y + x;`
  - **Variables**:
    - `x`: Initialized to `0` and never modified within the loop.
    - `y`: Initialized to `0` and updated in each iteration by adding `x` to it.

#### b. Sample and Analyze Variable Values
- **Pre-Loop Sampling**:
  - `x = 0`, `y = 0`
  
- **Post-Iteration Sampling**:
  - Since `x` is `0`, `y` remains `0` after each iteration:
    - After 1st iteration: `y = 0 + 0 = 0`
    - After 2nd iteration: `y = 0 + 0 = 0`
    - After 3rd iteration: `y = 0 + 0 = 0`
    - After 4th iteration: `y = 0 + 0 = 0`
    - After 5th iteration: `y = 0 + 0 = 0`
  
- **Post-Loop Sampling**:
  - The loop will never terminate because `y` remains `0` (which satisfies `y >= 0`), so the loop condition is always true. Thus, the `assert(y >= 0);` is unreachable in this case.

#### c. Verification Goal Analysis
- **Verification Goal (Post-condition)**: `y >= 0` (as given by the `assert`).
  
- **Can the verification goal be used as an invariant?**
  - **YES**, because:
    - **Establishment**: Before the loop starts, `y = 0`, so `y >= 0` holds.
    - **Preservation**: In each iteration, `y` is updated to `y + x`. Since `x = 0`, `y` remains `0`, so `y >= 0` continues to hold.
    - **Termination**: The loop never terminates (infinite loop), but if it did, `y >= 0` would still hold because `y` never changes.

#### d. Loop Invariant Discussion
- **Proposed Invariant**: `y >= 0 && x == 0`
  - This invariant states that `y` is always non-negative and `x` remains `0` throughout the loop.
  
- **Validity**:
  - **Initialization**: At the start, `y = 0` and `x = 0`, so the invariant holds.
  - **Maintenance**: In each iteration, `y` is updated to `y + x`. Since `x = 0`, `y` does not change, so `y >= 0` continues to hold, and `x` remains `0`.
  - **Termination**: The loop never terminates, but if it did, the invariant would still hold.

#### e. Establishment
- The invariant `y >= 0 && x == 0` is established before the loop starts because:
  - `y` is initialized to `0`, so `y >= 0` is true.
  - `x` is initialized to `0` and never modified, so `x == 0` is true.

#### f. Preservation
- At the start of each iteration, assume `y >= 0 && x == 0` holds.
- The loop body updates `y` to `y + x`. Since `x = 0`, `y` remains unchanged.
- Thus, after the iteration, `y >= 0` still holds, and `x == 0` remains true.
- Therefore, the invariant is preserved.

#### g. Termination Analysis
- The loop condition is `y >= 0`, and the loop body does not modify `y` (since `x = 0`). Thus, the loop condition is always true, and the loop never terminates.
- If the loop were to terminate (e.g., if `x` were positive), the invariant `y >= 0 && x == 0` would still hold, and the post-condition `y >= 0` would be satisfied.

#### h. Post-condition Correctness
- The post-condition `assert(y >= 0);` is correct in the sense that if the loop were to terminate, `y >= 0` would hold because the invariant ensures `y >= 0` at all times.
- However, in this specific code, the loop never terminates, so the `assert` is unreachable. Thus, the post-condition is vacuously correct (it holds in all cases where it is reachable, but it is never reachable here).

### Final Answer
The loop invariant `y >= 0 && x == 0` is valid because:
1. It holds at the start of the loop (establishment).
2. It is preserved by each iteration (preservation).
3. If the loop were to terminate, it would imply the post-condition `y >= 0` (termination).

However, the loop in this code is infinite because `y` never changes (due to `x = 0`), so the post-condition `assert(y >= 0);` is unreachable. The invariant correctly describes the loop's behavior, but the loop itself does not terminate.
2025-12-27 13:09:25,018 - INFO  - after const
2025-12-27 13:09:25,018 - INFO  - 
            
        /* >>> LOOP INVARIANT TO FILL <<< */
        
            /*@
          loop invariant x == 0;
            */
            while(y >= 0) {
        y = y + x;
    }
            
2025-12-27 13:09:25,018 - INFO  - after not in
2025-12-27 13:09:25,018 - INFO  - 
            
        /* >>> LOOP INVARIANT TO FILL <<< */
        
            /*@
          loop invariant x == 0;
            */
            while(y >= 0) {
        y = y + x;
    }
            
2025-12-27 13:09:25,019 - INFO  - after vars
2025-12-27 13:09:25,019 - INFO  - 
            
        /* >>> LOOP INVARIANT TO FILL <<< */
        
            /*@
          loop invariant  PLACE_HOLDER_y ;
          loop invariant x == 0;
            */
            while(y >= 0) {
        y = y + x;
    }
            
2025-12-27 13:09:25,019 - INFO  - after verification goal
2025-12-27 13:09:25,019 - INFO  - 
            
        /* >>> LOOP INVARIANT TO FILL <<< */
        
            /*@
          loop invariant  PLACE_HOLDER_VERFICATION_GOAL ;
          loop invariant  PLACE_HOLDER_y ;
          loop invariant x == 0;
            */
            while(y >= 0) {
        y = y + x;
    }
            
2025-12-27 13:09:25,027 - INFO  - Content of loop template: 

void foo91() {

    int x = 0;
    int y = 0;

    
    
            
        /* >>> LOOP INVARIANT TO FILL <<< */
        
            /*@
          PLACE_HOLDER_LOOP
            */
            while(y >= 0) {
        y = y + x;
    }
            
    /*@ assert y >= 0;*/

}
2025-12-27 13:09:25,034 - INFO  - Content of loop template: 

void foo91() {

    int x = 0;
    int y = 0;

    
    
            
        /* >>> LOOP INVARIANT TO FILL <<< */
        
            /*@
          loop invariant  PLACE_HOLDER_y ;
          loop invariant x == 0;
            */
            while(y >= 0) {
        y = y + x;
    }
            
    /*@ assert y >= 0;*/

}
2025-12-27 13:09:25,040 - INFO  - Content of loop template: 

void foo91() {

    int x = 0;
    int y = 0;

    
    
            
        /* >>> LOOP INVARIANT TO FILL <<< */
        
            /*@
          loop invariant  PLACE_HOLDER_VERFICATION_GOAL ;
          loop invariant  PLACE_HOLDER_y ;
          loop invariant x == 0;
            */
            while(y >= 0) {
        y = y + x;
    }
            
    /*@ assert y >= 0;*/

}
2025-12-27 13:09:25,040 - DEBUG  - user_prompt_traival
2025-12-27 13:09:25,040 - DEBUG  - ### Role: ###
You are a helpful AI software assistant specializing in reasoning about code behavior. Your task is to analyze C programs and identify loop invariants that can be used to verify program properties using Frama-C.

### Task: ###
Given a C program with a loop, generate the necessary loop invariants in ACSL (ANSI/ISO C Specification Language) annotations. These invariants will help Frama-C verify the post-condition of the program.



Inputs:
- The pre-condition before the loop begins execution.
- A full C loop program with invariant annotations containing `PLACE_HOLDER` that need to be filled.

### Output: ###
Provide the complete C code with the loop invariant and other relevant ACSL annotations, where all placeholders are correctly filled in ```c ```.

### Rules: ###
- If you break any of these rules, my family will disown me.
- Do not modify any existing annotations or add new annotations. You are only allowed to replace the placeholders `PLACE_HOLDER` before loop.
- Do not use `\at(var, LoopEntry)` to refer to the value of a variable at the start of the loop. Instead, use the value specified in the pre-condition.
- Do not generate loop variant.
- Only use keywords and constructs supported in ACSL annotations for loops.
- Do not generate any natural language explanations after ACSL annotations.
- When `unknown()` used as the loop condition, the number of loop iterations can be any non-negative integer, and the invariant must hold for all cases.
- You are only allowed to fill `PLACE_HOLDER` for `loop invariant` and `loop assigns`, do not generate any `requires` or `ensures` or `loop variant`.





Consider the following C loop:

Pre-condition: `(y == 0) * (x == 0)`

Loop program: `

void foo91() {

    int x = 0;
    int y = 0;

    
    
            
        /* >>> LOOP INVARIANT TO FILL <<< */
        
            /*@
          PLACE_HOLDER_LOOP
            */
            while(y >= 0) {
        y = y + x;
    }
            
    /*@ assert y >= 0;*/

}`



2025-12-27 13:09:25,040 - DEBUG  - user_prompt_template
2025-12-27 13:09:25,040 - DEBUG  - ### Role: ###
You are a helpful AI software assistant specializing in reasoning about code behavior. Your task is to analyze C programs and identify loop invariants that can be used to verify program properties using Frama-C.

### Task: ###
Given a C program with a loop, generate the necessary loop invariants in ACSL (ANSI/ISO C Specification Language) annotations. These invariants will help Frama-C verify the post-condition of the program.



Inputs:
- The pre-condition before the loop begins execution.
- A full C loop program with invariant annotations containing `PLACE_HOLDER` that need to be filled.

### Output: ###
Provide the complete C code with the loop invariant and other relevant ACSL annotations, where all placeholders are correctly filled in ```c ```.

### Rules: ###
- If you break any of these rules, my family will disown me.
- Do not modify any existing annotations or add new annotations. You are only allowed to replace the placeholders `PLACE_HOLDER` before loop.
- Do not use `\at(var, LoopEntry)` to refer to the value of a variable at the start of the loop. Instead, use the value specified in the pre-condition.
- Do not generate loop variant.
- Only use keywords and constructs supported in ACSL annotations for loops.
- Do not generate any natural language explanations after ACSL annotations.
- When `unknown()` used as the loop condition, the number of loop iterations can be any non-negative integer, and the invariant must hold for all cases.
- You are only allowed to fill `PLACE_HOLDER` for `loop invariant` and `loop assigns`, do not generate any `requires` or `ensures` or `loop variant`.

- Generate loop invariants with equality constraints as comprehensively as possible.



Consider the following C loop:

Pre-condition: `(y == 0) * (x == 0)`

Loop program: `

void foo91() {

    int x = 0;
    int y = 0;

    
    
            
        /* >>> LOOP INVARIANT TO FILL <<< */
        
            /*@
          loop invariant  PLACE_HOLDER_y ;
          loop invariant x == 0;
            */
            while(y >= 0) {
        y = y + x;
    }
            
    /*@ assert y >= 0;*/

}`



2025-12-27 13:09:25,041 - DEBUG  - user_prompt_verification
2025-12-27 13:09:25,041 - DEBUG  - ### Role: ###
You are a helpful AI software assistant specializing in reasoning about code behavior. Your task is to analyze C programs and identify loop invariants that can be used to verify program properties using Frama-C.

### Task: ###
Given a C program with a loop, generate the necessary loop invariants in ACSL (ANSI/ISO C Specification Language) annotations. These invariants will help Frama-C verify the post-condition of the program.



Inputs:
- The pre-condition before the loop begins execution.
- A full C loop program with invariant annotations containing `PLACE_HOLDER` that need to be filled.

### Output: ###
Provide the complete C code with the loop invariant and other relevant ACSL annotations, where all placeholders are correctly filled in ```c ```.

### Rules: ###
- If you break any of these rules, my family will disown me.
- Do not modify any existing annotations or add new annotations. You are only allowed to replace the placeholders `PLACE_HOLDER` before loop.
- Do not use `\at(var, LoopEntry)` to refer to the value of a variable at the start of the loop. Instead, use the value specified in the pre-condition.
- Do not generate loop variant.
- Only use keywords and constructs supported in ACSL annotations for loops.
- Do not generate any natural language explanations after ACSL annotations.
- When `unknown()` used as the loop condition, the number of loop iterations can be any non-negative integer, and the invariant must hold for all cases.
- You are only allowed to fill `PLACE_HOLDER` for `loop invariant` and `loop assigns`, do not generate any `requires` or `ensures` or `loop variant`.

- Generate loop invariants with equality constraints as comprehensively as possible.
- Please first try to directly use the verification goal as the loop invariant at `PLACE_HOLDER_VERFICATION_GOAL`. Often, the verification goal (assertion) also holds throughout the loop; in that case, it can be used directly as the invariant.


Consider the following C loop:

Pre-condition: `(y == 0) * (x == 0)`

Loop program: `

void foo91() {

    int x = 0;
    int y = 0;

    
    
            
        /* >>> LOOP INVARIANT TO FILL <<< */
        
            /*@
          loop invariant  PLACE_HOLDER_VERFICATION_GOAL ;
          loop invariant  PLACE_HOLDER_y ;
          loop invariant x == 0;
            */
            while(y >= 0) {
        y = y + x;
    }
            
    /*@ assert y >= 0;*/

}`



2025-12-27 13:09:31,076 - DEBUG  - invgen reasoning
2025-12-27 13:09:31,077 - DEBUG  - ```c
void foo91() {
    int x = 0;
    int y = 0;

    /*@
      loop invariant y >= 0;
      loop invariant x == 0;
      loop assigns y;
    */
    while(y >= 0) {
        y = y + x;
    }
    
    /*@ assert y >= 0;*/
}
```

The loop invariant `y >= 0 && x == 0` is expressed in ACSL as two separate `loop invariant` clauses. The `loop assigns` annotation specifies that only `y` is modified by the loop. This satisfies all the requirements while maintaining the original program structure and annotations.
2025-12-27 13:09:41,270 - DEBUG  - invgen reasoning
2025-12-27 13:09:41,270 - DEBUG  - ```c
void foo91() {
    int x = 0;
    int y = 0;

    /*@
      loop invariant y == 0;
      loop invariant x == 0;
    */
    while(y >= 0) {
        y = y + x;
    }
    
    /*@ assert y >= 0;*/
}
```

The loop invariant `y == 0` is specified since:
1. Pre-condition establishes `y == 0`
2. Loop body maintains `y == y + x` where `x == 0`
3. Thus `y` remains `0` throughout execution

The invariant `x == 0` is maintained since `x` is never modified. Together these invariants satisfy all ACSL requirements while precisely capturing the loop's behavior.
2025-12-27 13:09:52,019 - DEBUG  - invgen reasoning
2025-12-27 13:09:52,019 - DEBUG  - ```c
void foo91() {
    int x = 0;
    int y = 0;

    /*@
      loop invariant y >= 0;  // Verification goal as invariant
      loop invariant y == 0;  // Derived from pre-condition and loop behavior
      loop invariant x == 0;  // From pre-condition
    */
    while(y >= 0) {
        y = y + x;
    }
    
    /*@ assert y >= 0;*/
}
```

The solution:
1. Directly uses the verification goal `y >= 0` as the first invariant
2. Adds the stronger invariant `y == 0` which holds because:
   - Initially true from pre-condition
   - Maintained since x is 0 (y remains 0)
3. Includes `x == 0` from pre-condition
4. All invariants are maintained throughout execution
5. The post-condition is trivially satisfied by the invariants
2025-12-27 13:09:52,020 - INFO  - candidated loop invariant
2025-12-27 13:09:52,020 - INFO  - 
void foo91() {
    int x = 0;
    int y = 0;

    /*@
      loop invariant y == 0;
      loop invariant x == 0;
    */
    while(y >= 0) {
        y = y + x;
    }
    
    /*@ assert y >= 0;*/
}

2025-12-27 13:09:52,571 - INFO  - syntax Correct
2025-12-27 13:09:53,103 - INFO  - Validate:
2025-12-27 13:09:53,104 - INFO  - [True, True]
2025-12-27 13:09:53,104 - INFO  - 
2025-12-27 13:09:53,104 - INFO  - Verify:
2025-12-27 13:09:53,105 - INFO  - [True]
2025-12-27 13:09:53,105 - INFO  - 
2025-12-27 13:09:53,105 - INFO  - loop invariant annotated
2025-12-27 13:09:53,105 - INFO  - 
void foo91() {
    int x = 0;
    int y = 0;

    /*@
      loop invariant y == 0;
      loop invariant x == 0;
    */
    while(y >= 0) {
        y = y + x;
    }
    
    /*@ assert y >= 0;*/
}

2025-12-27 13:09:54,298 - INFO  - ACSL format loop invariant
2025-12-27 13:09:54,299 - INFO  - /*@
      loop invariant y == 0;
      loop invariant x == 0;
    */
    while(y >= 0) {
        y = y + x;
    }
2025-12-27 13:09:54,299 - INFO  - VST format loop invariant
2025-12-27 13:09:54,300 - INFO  - /*@ Inv
    (y == 0) &&
(x == 0)
    */
    
    while(y >= 0) {
        y = y + x;
    }
2025-12-27 13:09:54,300 - INFO  - PARTIAL CORRECT INVARIANT
2025-12-27 13:09:54,300 - INFO  - continue symbolic execution
2025-12-27 13:09:54,300 - INFO  - 
void foo91() {
    int x = 0;
    int y = 0;

    /*@
      loop invariant y == 0;
      loop invariant x == 0;
    */
    while(y >= 0) {
        y = y + x;
    }
    
    /*@ assert y >= 0;*/
}

2025-12-27 13:09:54,920 - INFO  - syntax Correct
2025-12-27 13:09:55,455 - INFO  - Validate:
2025-12-27 13:09:55,456 - INFO  - [True, True]
2025-12-27 13:09:55,456 - INFO  - 
2025-12-27 13:09:55,456 - INFO  - Verify:
2025-12-27 13:09:55,456 - INFO  - [True]
2025-12-27 13:09:55,456 - INFO  - 
2025-12-27 13:09:55,456 - INFO  - CORRECT INVARIANT
2025-12-27 13:09:56,545 - INFO  - ==================================================
2025-12-27 13:09:56,545 - INFO  - first_pass:
2025-12-27 13:09:56,546 - INFO  - syntax=1, valid=1,satisfy=1
2025-12-27 13:09:56,546 - INFO  - ==================================================
2025-12-27 13:09:56,546 - INFO  - foo91.c after loop invariant generation: 

void foo91() {
    int x = 0;
    int y = 0;

    /*@
      loop invariant y == 0;
      loop invariant x == 0;
    */
    while(y >= 0) {
        y = y + x;
    }
    
    /*@ assert y >= 0;*/
}

2025-12-27 13:09:56,776 - INFO  - ==================================================
2025-12-27 13:09:56,776 - INFO  - ⏰ OVERALL EXECUTION TIME STATISTICS
2025-12-27 13:09:56,777 - INFO  - Total execution time: 69.82 seconds (1.16 minutes)
2025-12-27 13:09:56,777 - INFO  - ==================================================
2025-12-27 13:09:56,777 - INFO  - ==================================================
2025-12-27 13:09:56,777 - INFO  - 📊 TOKEN USAGE STATISTICS
2025-12-27 13:09:56,777 - INFO  - Total API calls: 5
2025-12-27 13:09:56,778 - INFO  - Total prompt tokens (input): 27,080
2025-12-27 13:09:56,778 - INFO  - Total completion tokens (output): 2,247
2025-12-27 13:09:56,778 - INFO  - Total tokens: 29,327
2025-12-27 13:09:56,778 - INFO  - Average prompt tokens per call: 5416.0
2025-12-27 13:09:56,778 - INFO  - Average completion tokens per call: 449.4
2025-12-27 13:09:56,778 - INFO  - Average total tokens per call: 5865.4
2025-12-27 13:09:56,779 - INFO  - ==================================================
