file:001.c
TRY TIME: 0
[(80, 143, 0)]
[(80, 143, 0)]
[(80, 143, 0)]
[(80, 143, 0)]
Loop 0 : Outer
Sorted indices: [0]
File found: ../sac_c_parser/test/../ip_postcond/goal/001_goal.v. Deleting the file.
File found: ../sac_c_parser/test/../ip_postcond/goal/001_proof_auto.v. Deleting the file.
File found: ../sac_c_parser/test/../ip_postcond/goal/001_proof_manual.v. Deleting the file.
LoopEntry_0:
(y == 0) * (x == 1)

[(0, '(y == 0) * (x == 1)')]
Successfully generated loop/001.json
INNER_FLAG: False
Variable Maps: [{'y': '0', 'x': '1'}]
Path conditions: [None]
Pre condition: (y == 0) * (x == 1)
Loop Condition: y < 1000
Updated Loop Conditions: ['0 < 1000']
Global Unchanged Variables []
Non Inductive Variables []
[{'y': '0', 'x': '1'}]
[None]

                
        /* >>> LOOP INVARIANT TO FILL <<< */
        
                /*@
                */
                while (y < 1000 ) {
        x = x + y;
        y = y + 1;
    }
                

                
        /* >>> LOOP INVARIANT TO FILL <<< */
        
                /*@
          loop invariant  ((y == 0)&&(x == 1)) || (PLACE_HOLDER_x) ;
          loop invariant  ((y == 0)&&(x == 1)) || (PLACE_HOLDER_y) ;
                */
                while (y < 1000 ) {
        x = x + y;
        y = y + 1;
    }
                

void foo() {
    int x = 1;
    int y = 0;


    
                
        /* >>> LOOP INVARIANT TO FILL <<< */
        
                /*@
          loop invariant  ((y == 0)&&(x == 1)) || (PLACE_HOLDER_x) ;
          loop invariant  ((y == 0)&&(x == 1)) || (PLACE_HOLDER_y) ;
                */
                while (y < 1000 ) {
        x = x + y;
        y = y + 1;
    }
                
    /*@ assert x >= y;*/

}
Let me analyze this loop and fill in the appropriate loop invariants.

a. Purpose and Structure of the Loop:
- Objective: The loop accumulates the sum of integers from 0 to 999 (since y starts at 0 and increments until it reaches 1000) in variable x.
- Structure:
  - Loop condition: y < 1000
  - Variables: x (accumulator), y (counter)
  - Operations: x = x + y (add current y to x), y = y + 1 (increment y)

b. Discussion of the Loop Invariant:
The invariant needs to capture:
1. The relationship between x and y (x is the sum of integers from 0 to y-1)
2. The bounds of y (0 ≤ y ≤ 1000)

c. Establishment:
Before the loop starts, y == 0 and x == 1 (from pre-condition). The invariant holds because the first part (y == 0 && x == 1) is true.

d. Preservation:
If the invariant holds at start of iteration and y < 1000:
- x becomes x + y (summing all integers up to current y)
- y increments by 1
- The new x will be sum of integers from 0 to (new y)-1
- y remains ≤ 1000

e. Termination Analysis:
When loop terminates, y == 1000 (first time y < 1000 is false)
- x = 1 + sum from 0 to 999 = 1 + 999*1000/2 = 499501
- y = 1000
- Invariant still holds: x = 1 + (y-1)*y/2 and y == 1000

f. Correctness of Post-condition:
Post-condition x ≥ y holds because:
- x = 499501, y = 1000
- 499501 ≥ 1000 is true
- The invariant ensures x grows faster than y

g. Implication of Pre-condition:
Pre-condition (y == 0 && x == 1) directly matches the first part of the invariant, so it's established before loop starts.

Here's the complete program with filled invariants:

```c
void foo() {
    int x = 1;
    int y = 0;


    
                
        /* >>> LOOP INVARIANT TO FILL <<< */
        
                /*@
          loop invariant  ((y == 0)&&(x == 1)) || (x == 1 + (y-1)*y/2) ;
          loop invariant  ((y == 0)&&(x == 1)) || (0 <= y <= 1000) ;
                */
                while (y < 1000 ) {
        x = x + y;
        y = y + 1;
    }
                
    /*@ assert x >= y;*/

}
```

The filled placeholders are:
- PLACE_HOLDER_x: `x == 1 + (y-1)*y/2`
- PLACE_HOLDER_y: `0 <= y <= 1000`

These invariants capture:
1. The mathematical relationship between x and y (x is 1 plus the sum of integers from 0 to y-1)
2. The bounds on y (starts at 0, increments up to 1000)
3. The initial condition when y == 0 and x == 1

void foo() {
    int x = 1;
    int y = 0;


    
                
                /*@
          loop invariant  ((y == 0)&&(x == 1)) || (x == 1 + (y-1)*y/2) ;
          loop invariant  ((y == 0)&&(x == 1)) || (0 <= y <= 1000) ;
                */
                while (y < 1000 ) {
        x = x + y;
        y = y + 1;
    }
                
    /*@ assert x >= y;*/

}


void foo() {
    int x = 1;
    int y = 0;


    
                
                /*@
          loop invariant  ((y == 0)&&(x == 1)) || (x == 1 + (y-1)*y/2) ;
          loop invariant  ((y == 0)&&(x == 1)) || (0 <= y <= 1000) ;
                */
                while (y < 1000 ) {
        x = x + y;
        y = y + 1;
    }
                
    /*@ assert x >= y;*/

}

syntax Correct
Validate:
[True, True]

Verify:
[True]

syntax Correct
Validate:
[True, True]

Verify:
[True]

CORRECT INVARIANT
syntax Correct
Validate:
[True, True]

Verify:
[True]

已移动文件: 001.c -> finish
-----------------------------------------

文件 001.c 处理完成. 总耗时: 68.45052409172058
错误的文件名:
  - 0021.c
  - 0013.c
  - 007.c
  - 0014.c
  - 0019.c
  - 0016.c
  - 006.c
========================================
错误的文件名:
  - 0021.c
  - 0013.c
  - 007.c
  - 0014.c
  - 0019.c
========================================
错误的文件名:
  - 0021.c
  - 0013.c
  - 007.c
  - 0014.c
  - 0019.c
========================================
-----------------------------------------
finshed_files:['003.c', '0017.c', '0021.c', '0013.c', '007.c', '0014.c', '008.c', '0019.c', '0016.c', '0010.c', '006.c', '001.c']
