file:0013.c
TRY TIME: 0
[(483, 556, 0)]
[(483, 556, 0)]
[(483, 556, 0)]
[(483, 556, 0)]
Loop 0 : Outer
Sorted indices: [0]
File found: ../sac_c_parser/test/../ip_postcond/goal/0013_goal.v. Deleting the file.
File found: ../sac_c_parser/test/../ip_postcond/goal/0013_proof_auto.v. Deleting the file.
File found: ../sac_c_parser/test/../ip_postcond/goal/0013_proof_manual.v. Deleting the file.
implicit invariant not supported

['for (k = i; k< j; k++) {\n                /*@ assert k-i <= 2*n; */\n            }']
[]
diff
1
0
[(0, '')]
Successfully generated loop/0013.json
INNER_FLAG: False
Variable Maps: [{}]
Path conditions: [None]
Pre condition: 
Loop Condition: k< j
Updated Loop Conditions: ['k< j']
Global Unchanged Variables []
Non Inductive Variables []
[{}]
[None]

                
        /* >>> LOOP INVARIANT TO FILL <<< */
        
                /*@
                */
                for (; i < n; i++) {
       
        j = 2 * i;
        for (; j < 3 * i; j++) {
            k = i;
            
            for (; k < j; k++) {
                /*@ assert k - i <= 2 * n; */
            }
        }
    }
                

                
        /* >>> LOOP INVARIANT TO FILL <<< */
        
                /*@
          loop invariant (!(k< j)) ==> ();
                */
                for (; i < n; i++) {
       
        j = 2 * i;
        for (; j < 3 * i; j++) {
            k = i;
            
            for (; k < j; k++) {
                /*@ assert k - i <= 2 * n; */
            }
        }
    }
                

#include <limits.h>


/*@
requires INT_MIN < n && n < INT_MAX;
requires INT_MIN < m && m < INT_MAX;
requires INT_MIN < l && l < INT_MAX;
requires 3*n <= m + l;
*/
void foo(int n, int m , int l) {
    int i, j, k;

    i = 0;
    
                
        /* >>> LOOP INVARIANT TO FILL <<< */
        
                /*@
          loop invariant (!(k< j)) ==> ();
                */
                for (; i < n; i++) {
       
        j = 2 * i;
        for (; j < 3 * i; j++) {
            k = i;
            
            for (; k < j; k++) {
                /*@ assert k - i <= 2 * n; */
            }
        }
    }
                
}

Let me analyze this loop and fill in the loop invariants step by step.

a. Purpose and Structure of the Loop:
The loop structure consists of three nested loops:
1. Outer loop: iterates `i` from 0 to `n-1`
2. Middle loop: for each `i`, iterates `j` from `2*i` to `3*i-1`
3. Inner loop: for each `j`, iterates `k` from `i` to `j-1`

The post-condition we need to verify is related to the assertion `k - i <= 2 * n` in the innermost loop.

b. Discussion of the Loop Invariant:
The invariant `(!(k < j)) ==> ()` needs to be filled to ensure the assertion holds. Given the loop structure, we need to establish bounds on `k`, `i`, and `j`.

c. Establishment:
Before the loops start, `i=0`, and the other loops haven't begun, so the invariant should hold trivially.

d. Preservation:
At each iteration, we need to ensure that when `k` reaches `j`, the condition `k - i <= 2 * n` holds.

e. Termination Analysis:
When the loops terminate:
- Outer loop: `i == n`
- Middle loop: `j == 3*i`
- Inner loop: `k == j`

f. Correctness of the Post-condition:
The assertion needs to hold for all possible values of `k` in the inner loop. Given that `i` goes up to `n-1` and `j` goes up to `3*i-1`, the maximum difference `k-i` would be `j-i <= 3*i-1 - i = 2*i-1 <= 2*(n-1)-1 = 2n-3`, which is less than `2*n`.

g. Implication of the Pre-condition:
The pre-conditions ensure no integer overflow and that `3*n <= m + l`, though `m` and `l` aren't used in the loops.

Here's the complete program with filled invariants:

```c
#include <limits.h>


/*@
requires INT_MIN < n && n < INT_MAX;
requires INT_MIN < m && m < INT_MAX;
requires INT_MIN < l && l < INT_MAX;
requires 3*n <= m + l;
*/
void foo(int n, int m , int l) {
    int i, j, k;

    i = 0;
    
                
        /* >>> LOOP INVARIANT TO FILL <<< */
        
                /*@
          loop invariant (!(k< j)) ==> (k - i <= 2 * n);
                */
                for (; i < n; i++) {
       
        j = 2 * i;
        for (; j < 3 * i; j++) {
            k = i;
            
            for (; k < j; k++) {
                /*@ assert k - i <= 2 * n; */
            }
        }
    }
                
}
```

The filled placeholder is `(k - i <= 2 * n)`. This invariant ensures that when the inner loop terminates (when `k` reaches `j`), the difference between `k` and `i` is bounded by `2*n`, which supports the assertion in the inner loop.

#include <limits.h>


/*@
requires INT_MIN < n && n < INT_MAX;
requires INT_MIN < m && m < INT_MAX;
requires INT_MIN < l && l < INT_MAX;
requires 3*n <= m + l;
*/
void foo(int n, int m , int l) {
    int i, j, k;

    i = 0;
    
                
                /*@
          loop invariant (!(k< j)) ==> (k - i <= 2 * n);
                */
                for (; i < n; i++) {
       
        j = 2 * i;
        for (; j < 3 * i; j++) {
            k = i;
            
            for (; k < j; k++) {
                /*@ assert k - i <= 2 * n; */
            }
        }
    }
                
}


#include <limits.h>


/*@
requires INT_MIN < n && n < INT_MAX;
requires INT_MIN < m && m < INT_MAX;
requires INT_MIN < l && l < INT_MAX;
requires 3*n <= m + l;
*/
void foo(int n, int m , int l) {
    int i, j, k;

    i = 0;
    
                
                /*@
          loop invariant (!(k< j)) ==> (k - i <= 2 * n);
                */
                for (; i < n; i++) {
       
        j = 2 * i;
        for (; j < 3 * i; j++) {
            k = i;
            
            for (; k < j; k++) {
                /*@ assert k - i <= 2 * n; */
            }
        }
    }
                
}

syntax Correct
Validate:
[False]

Goal Preservation of Invariant (file output/0013.c, line 18)
Error found in file: output/0013.c at line: 18
Error line content: loop invariant (!(k< j)) ==> (k - i <= 2 * n);

Goal Establishment of Invariant (file output/0013.c, line 18)
Error found in file: output/0013.c at line: 18
Error line content: loop invariant (!(k< j)) ==> (k - i <= 2 * n);

Verify:
[False]

Goal Assertion (file output/0013.c, line 27)
Error found in file: output/0013.c at line: 27
Error line content: /*@ assert k - i <= 2 * n; */


#include <limits.h>


/*@
requires INT_MIN < n && n < INT_MAX;
requires INT_MIN < m && m < INT_MAX;
requires INT_MIN < l && l < INT_MAX;
requires 3*n <= m + l;
*/
void foo(int n, int m , int l) {
    int i, j, k;

    i = 0;
    
                
                /*@
          loop invariant (!(k< j)) ==> (k - i <= 2 * n) [INVARIANT FAILED] ;
                */
                for (; i < n; i++) {
       
        j = 2 * i;
        for (; j < 3 * i; j++) {
            k = i;
            
            for (; k < j; k++) {
                /*@ assert k - i <= 2 * n; */
            }
        }
    }
                
}

### Error Analysis ###

#### a. Goal Establishment of Invariant ####

- **Formula Violated:** `precond ==> Inv(var)`
- **Why Incorrect:** The current invariant `(!(k < j)) ==> (k - i <= 2 * n)` is not established before the loop starts because `k` is not initialized before the loop, and the invariant does not account for the initial state of the variables.
- **How to Modify:** The invariant should be modified to reflect the initial state of the variables and ensure it holds before the loop starts.
- **Rationale:** The invariant needs to be true before the loop begins, which requires considering the initial values of `i`, `j`, and `k`.

#### b. Goal Preservation of Invariant ####

- **Formula Violated:** `Inv(var) ==> Inv(var')`
- **Why Incorrect:** The current invariant `(!(k < j)) ==> (k - i <= 2 * n)` does not account for how `k` and `j` change within the loop. Specifically, `k` is reset to `i` in each iteration of the middle loop, and `j` is updated in the outer loop.
- **How to Modify:** The invariant should be modified to ensure it remains true after each iteration, considering the updates to `k` and `j`.
- **Rationale:** The invariant must be preserved across iterations, which requires accounting for the changes in `k` and `j`.

#### c. Goal Assertion ####

- **Formula Violated:** `Inv(var) && !loopcond ==> postcond`
- **Why the Loop Invariant Can't Verify Postcondition:** The current invariant does not provide enough information to verify the assertion `k - i <= 2 * n` after the loop terminates. The invariant is not strong enough to guarantee this condition.
- **How to Modify the Loop Invariant:** The invariant should be strengthened to ensure that it implies the assertion when the loop terminates.
- **Rationale:** The invariant must be strong enough to ensure the post-condition holds when the loop exits.

### Fixed C Code ###

```c
#include <limits.h>


/*@
requires INT_MIN < n && n < INT_MAX;
requires INT_MIN < m && m < INT_MAX;
requires INT_MIN < l && l < INT_MAX;
requires 3*n <= m + l;
*/
void foo(int n, int m , int l) {
    int i, j, k;

    i = 0;
    
                /*@
          loop invariant 0 <= i <= n;
          loop invariant \forall int x; 0 <= x < i ==> (2 * x <= j <= 3 * x);
          loop invariant \forall int x; 0 <= x < i ==> (\forall int y; x <= y < j ==> (y - x <= 2 * n));
                */
                for (; i < n; i++) {
       
        j = 2 * i;
        for (; j < 3 * i; j++) {
            k = i;
            
            for (; k < j; k++) {
                /*@ assert k - i <= 2 * n; */
            }
        }
    }
                
}
```

### Explanation of the New Invariant ###

1. **`0 <= i <= n;`**: This part of the invariant ensures that `i` is within its valid range, starting from 0 and not exceeding `n`. This is necessary because `i` is the loop counter and must remain within these bounds.

2. **`\forall int x; 0 <= x < i ==> (2 * x <= j <= 3 * x);`**: This part ensures that for all previous iterations of `i`, `j` is within the range `[2 * x, 3 * x]`. This is necessary because `j` is updated in the inner loop, and this invariant ensures `j` remains within its expected bounds.

3. **`\forall int x; 0 <= x < i ==> (\forall int y; x <= y < j ==> (y - x <= 2 * n));`**: This part ensures that for all previous iterations of `i` and for all `y` in the range `[x, j)`, the condition `y - x <= 2 * n` holds. This is necessary to ensure the assertion `k - i <= 2 * n` is valid within the innermost loop.

These invariants together ensure that the loop behaves as expected and that the post-condition is satisfied when the loop terminates.
after regen

#include <limits.h>


/*@
requires INT_MIN < n && n < INT_MAX;
requires INT_MIN < m && m < INT_MAX;
requires INT_MIN < l && l < INT_MAX;
requires 3*n <= m + l;
*/
void foo(int n, int m , int l) {
    int i, j, k;

    i = 0;
    
                /*@
          loop invariant 0 <= i <= n;
          loop invariant \forall int x; 0 <= x < i ==> (2 * x <= j <= 3 * x);
          loop invariant \forall int x; 0 <= x < i ==> (\forall int y; x <= y < j ==> (y - x <= 2 * n));
                */
                for (; i < n; i++) {
       
        j = 2 * i;
        for (; j < 3 * i; j++) {
            k = i;
            
            for (; k < j; k++) {
                /*@ assert k - i <= 2 * n; */
            }
        }
    }
                
}

syntax Correct
Validate:
[False, False, True]

Goal Preservation of Invariant (file output/0013.c, line 17)
Error found in file: output/0013.c at line: 17
Error line content: loop invariant 0 <= i <= n;

Goal Establishment of Invariant (file output/0013.c, line 17)
Error found in file: output/0013.c at line: 17
Error line content: loop invariant 0 <= i <= n;

Goal Preservation of Invariant (file output/0013.c, line 18)
Error found in file: output/0013.c at line: 18
Error line content: loop invariant \forall int x; 0 <= x < i ==> (2 * x <= j <= 3 * x);

Verify:
[False]

Goal Assertion (file output/0013.c, line 28)
Error found in file: output/0013.c at line: 28
Error line content: /*@ assert k - i <= 2 * n; */

after hudini

#include <limits.h>


/*@
requires INT_MIN < n && n < INT_MAX;
requires INT_MIN < m && m < INT_MAX;
requires INT_MIN < l && l < INT_MAX;
requires 3*n <= m + l;
*/
void foo(int n, int m , int l) {
    int i, j, k;

    i = 0;
    
                /*@
          loop invariant \forall int x; 0 <= x < i ==> (\forall int y; x <= y < j ==> (y - x <= 2 * n));
                */
                for (; i < n; i++) {
       
        j = 2 * i;
        for (; j < 3 * i; j++) {
            k = i;
            
            for (; k < j; k++) {
                /*@ assert k - i <= 2 * n; */
            }
        }
    }
                
}

syntax Correct
Validate:
[False]

Goal Preservation of Invariant (file output/0013.c, line 17)
Error found in file: output/0013.c at line: 17
Error line content: loop invariant \forall int x; 0 <= x < i ==> (\forall int y; x <= y < j ==> (y - x <= 2 * n));

Verify:
[False]

Goal Assertion (file output/0013.c, line 26)
Error found in file: output/0013.c at line: 26
Error line content: /*@ assert k - i <= 2 * n; */

syntax Correct
Validate:
[False]

Goal Preservation of Invariant (file output/0013.c, line 17)
Error found in file: output/0013.c at line: 17
Error line content: loop invariant \forall int x; 0 <= x < i ==> (\forall int y; x <= y < j ==> (y - x <= 2 * n));

Verify:
[False]

Goal Assertion (file output/0013.c, line 26)
Error found in file: output/0013.c at line: 26
Error line content: /*@ assert k - i <= 2 * n; */


#include <limits.h>


/*@
requires INT_MIN < n && n < INT_MAX;
requires INT_MIN < m && m < INT_MAX;
requires INT_MIN < l && l < INT_MAX;
requires 3*n <= m + l;
*/
void foo(int n, int m , int l) {
    int i, j, k;

    i = 0;
    
                /*@
          loop invariant \forall int x; 0 <= x < i ==> (\forall int y; x <= y < j ==> (y - x <= 2 * n)) [INVARIANT FAILED] ;
                */
                for (; i < n; i++) {
       
        j = 2 * i;
        for (; j < 3 * i; j++) {
            k = i;
            
            for (; k < j; k++) {
                /*@ assert k - i <= 2 * n; */
            }
        }
    }
                
}

### Error Analysis ###

#### a. Goal Establishment of Invariant ####
- **Formula Violated**: `precond ==> Inv(var)`
- **Why Incorrect**: The initial loop invariant `\forall int x; 0 <= x < i ==> (\forall int y; x <= y < j ==> (y - x <= 2 * n))` fails to hold at the start of the loop. Specifically, when `i = 0`, the condition `0 <= x < 0` is vacuously true, but the invariant does not account for the initial values of `j` and `k`. The invariant assumes relationships between `x`, `y`, and `n` that are not established before the loop starts.
- **How to Modify**: The invariant needs to be adjusted to correctly reflect the initial state of the variables. Specifically, it should account for the fact that `i = 0`, `j = 0`, and `k = 0` at the start of the loop.
- **Rationale**: The invariant must be true before the loop starts, and it should correctly capture the relationships between the variables in their initial state.

#### b. Goal Preservation of Invariant ####
- **Formula Violated**: `Inv(var) ==> Inv(var')`
- **Why Incorrect**: The invariant `\forall int x; 0 <= x < i ==> (\forall int y; x <= y < j ==> (y - x <= 2 * n))` is not preserved across iterations. The loop updates `i`, `j`, and `k` in a way that the invariant does not account for. Specifically, the invariant does not correctly reflect the relationships between `i`, `j`, and `k` after each iteration.
- **How to Modify**: The invariant should be adjusted to ensure that it remains true after each iteration. This involves ensuring that the relationships between `i`, `j`, and `k` are correctly maintained.
- **Rationale**: The invariant must be inductive, meaning that if it is true at the start of an iteration, it should remain true at the end of that iteration.

#### c. Goal Assertion of Invariant ####
- **Formula Violated**: `Inv(var) && !loopcond ==> postcond`
- **Why the Loop Invariant Can't Verify Postcondition**: The invariant `\forall int x; 0 <= x < i ==> (\forall int y; x <= y < j ==> (y - x <= 2 * n))` does not imply the post-condition `k - i <= 2 * n` when the loop terminates. Specifically, the invariant does not correctly capture the relationship between `k` and `i` when the loop exits.
- **How to Modify**: The invariant should be strengthened to ensure that it implies the post-condition when the loop terminates. This involves ensuring that the invariant correctly captures the relationship between `k` and `i`.
- **Rationale**: The invariant, combined with the negation of the loop condition, must imply the post-condition.

### Fixed C Code ###

```c
#include <limits.h>


/*@
requires INT_MIN < n && n < INT_MAX;
requires INT_MIN < m && m < INT_MAX;
requires INT_MIN < l && l < INT_MAX;
requires 3*n <= m + l;
*/
void foo(int n, int m , int l) {
    int i, j, k;

    i = 0;
    
                /*@
          loop invariant 0 <= i <= n && 
                         \forall int x; 0 <= x < i ==> (\forall int y; 2*x <= y < 3*x ==> (y - x <= 2 * n)) ;
                */
                for (; i < n; i++) {
       
        j = 2 * i;
        for (; j < 3 * i; j++) {
            k = i;
            
            for (; k < j; k++) {
                /*@ assert k - i <= 2 * n; */
            }
        }
    }
                
}
```

### Explanation of the Fixed Invariant ###
- The invariant `0 <= i <= n` ensures that `i` is within the valid range.
- The invariant `\forall int x; 0 <= x < i ==> (\forall int y; 2*x <= y < 3*x ==> (y - x <= 2 * n))` ensures that for all `x` from `0` to `i-1`, and for all `y` from `2*x` to `3*x-1`, the condition `y - x <= 2 * n` holds. This correctly captures the relationships between `i`, `j`, and `k` and ensures that the invariant is established, preserved, and implies the post-condition.
after regen

#include <limits.h>


/*@
requires INT_MIN < n && n < INT_MAX;
requires INT_MIN < m && m < INT_MAX;
requires INT_MIN < l && l < INT_MAX;
requires 3*n <= m + l;
*/
void foo(int n, int m , int l) {
    int i, j, k;

    i = 0;
    
                /*@
          loop invariant 0 <= i <= n && 
                         \forall int x; 0 <= x < i ==> (\forall int y; 2*x <= y < 3*x ==> (y - x <= 2 * n)) ;
                */
                for (; i < n; i++) {
       
        j = 2 * i;
        for (; j < 3 * i; j++) {
            k = i;
            
            for (; k < j; k++) {
                /*@ assert k - i <= 2 * n; */
            }
        }
    }
                
}

syntax Correct
Validate:
[False]

Goal Preservation of Invariant (file output/0013.c, line 17)
Error found in file: output/0013.c at line: 17
Error line content: loop invariant 0 <= i <= n &&

Goal Establishment of Invariant (file output/0013.c, line 17)
Error found in file: output/0013.c at line: 17
Error line content: loop invariant 0 <= i <= n &&

Verify:
[False]

Goal Assertion (file output/0013.c, line 27)
Error found in file: output/0013.c at line: 27
Error line content: /*@ assert k - i <= 2 * n; */

syntax Correct
Validate:
[False]

Goal Preservation of Invariant (file output/0013.c, line 17)
Error found in file: output/0013.c at line: 17
Error line content: loop invariant 0 <= i <= n &&

Goal Establishment of Invariant (file output/0013.c, line 17)
Error found in file: output/0013.c at line: 17
Error line content: loop invariant 0 <= i <= n &&

Verify:
[False]

Goal Assertion (file output/0013.c, line 27)
Error found in file: output/0013.c at line: 27
Error line content: /*@ assert k - i <= 2 * n; */


#include <limits.h>


/*@
requires INT_MIN < n && n < INT_MAX;
requires INT_MIN < m && m < INT_MAX;
requires INT_MIN < l && l < INT_MAX;
requires 3*n <= m + l;
*/
void foo(int n, int m , int l) {
    int i, j, k;

    i = 0;
    
                /*@
          loop invariant 0 <= i <= n && 
                         \forall int x; 0 <= x < i ==> (\forall int y; 2*x <= y < 3*x ==> (y - x <= 2 * n))  [INVARIANT FAILED] ;
                */
                for (; i < n; i++) {
       
        j = 2 * i;
        for (; j < 3 * i; j++) {
            k = i;
            
            for (; k < j; k++) {
                /*@ assert k - i <= 2 * n; */
            }
        }
    }
                
}

### Error Analysis ###

#### a. Goal Establishment of Invariant ####
- **Formula Violated**: `precond ==> Inv(var)`
- **Why Incorrect**: The loop invariant `0 <= i <= n && \forall int x; 0 <= x < i ==> (\forall int y; 2*x <= y < 3*x ==> (y - x <= 2 * n))` is not established before the loop starts. Specifically, the inner quantified formula `\forall int x; 0 <= x < i ==> (\forall int y; 2*x <= y < 3*x ==> (y - x <= 2 * n))` cannot be proven true for `i = 0` because there are no values of `x` or `y` to satisfy the condition.
- **How to Modify**: Simplify the invariant to focus on bounds for `i` and `j` and ensure it holds at initialization.
- **Rationale**: The invariant should be trivially true when `i = 0` and should not involve unnecessary quantifiers that cannot be established at the start.

#### b. Goal Preservation of Invariant ####
- **Formula Violated**: `Inv(var) ==> Inv(var')`
- **Why Incorrect**: The invariant fails to be preserved because the inner loops modify `j` and `k`, and the invariant does not account for their changes. The quantified formula `\forall int x; 0 <= x < i ==> (\forall int y; 2*x <= y < 3*x ==> (y - x <= 2 * n))` is too restrictive and does not hold after each iteration.
- **How to Modify**: Replace the quantified formula with a simpler invariant that bounds `k - i` directly.
- **Rationale**: The invariant should focus on the relationship between `k` and `i`, which is the key to proving the post-condition.

#### c. Goal Assertion ####
- **Formula Violated**: `Inv(var) && !loopcond ==> postcond`
- **Why Incorrect**: The assertion `k - i <= 2 * n` cannot be verified because the loop invariant does not provide sufficient constraints on `k` and `i`.
- **How to Modify**: Strengthen the loop invariant to explicitly bound `k - i` and ensure it holds after the loop terminates.
- **Rationale**: The invariant must directly support the assertion by providing bounds on `k - i`.

---

### Fixed C Code ###

```c
#include <limits.h>


/*@
requires INT_MIN < n && n < INT_MAX;
requires INT_MIN < m && m < INT_MAX;
requires INT_MIN < l && l < INT_MAX;
requires 3*n <= m + l;
*/
void foo(int n, int m , int l) {
    int i, j, k;

    i = 0;
    
                /*@
          loop invariant 0 <= i <= n && 
                         0 <= k - i <= 2 * n;
                */
                for (; i < n; i++) {
       
        j = 2 * i;
        for (; j < 3 * i; j++) {
            k = i;
            
            for (; k < j; k++) {
                /*@ assert k - i <= 2 * n; */
            }
        }
    }
                
}
```

---

### Explanation of Fixes ###
1. **Establishment**: The invariant `0 <= i <= n && 0 <= k - i <= 2 * n` is trivially true at the start (`i = 0`, `k = 0`), so it satisfies the establishment condition.
2. **Preservation**: The invariant is preserved because the inner loops ensure `k` increases while maintaining `k - i <= 2 * n`.
3. **Termination**: When the loop terminates (`i = n`), the invariant `0 <= k - i <= 2 * n` still holds, and the post-condition (implied by the assertion) is verified.
after regen

#include <limits.h>


/*@
requires INT_MIN < n && n < INT_MAX;
requires INT_MIN < m && m < INT_MAX;
requires INT_MIN < l && l < INT_MAX;
requires 3*n <= m + l;
*/
void foo(int n, int m , int l) {
    int i, j, k;

    i = 0;
    
                /*@
          loop invariant 0 <= i <= n && 
                         0 <= k - i <= 2 * n;
                */
                for (; i < n; i++) {
       
        j = 2 * i;
        for (; j < 3 * i; j++) {
            k = i;
            
            for (; k < j; k++) {
                /*@ assert k - i <= 2 * n; */
            }
        }
    }
                
}

syntax Correct
Validate:
[False]

Goal Preservation of Invariant (file output/0013.c, line 17)
Error found in file: output/0013.c at line: 17
Error line content: loop invariant 0 <= i <= n &&

Goal Establishment of Invariant (file output/0013.c, line 17)
Error found in file: output/0013.c at line: 17
Error line content: loop invariant 0 <= i <= n &&

Verify:
[False]

Goal Assertion (file output/0013.c, line 27)
Error found in file: output/0013.c at line: 27
Error line content: /*@ assert k - i <= 2 * n; */

syntax Correct
Validate:
[False]

Goal Preservation of Invariant (file output/0013.c, line 17)
Error found in file: output/0013.c at line: 17
Error line content: loop invariant 0 <= i <= n &&

Goal Establishment of Invariant (file output/0013.c, line 17)
Error found in file: output/0013.c at line: 17
Error line content: loop invariant 0 <= i <= n &&

Verify:
[False]

Goal Assertion (file output/0013.c, line 27)
Error found in file: output/0013.c at line: 27
Error line content: /*@ assert k - i <= 2 * n; */

/*@
          loop invariant 0 <= i <= n && 
                         0 <= k - i <= 2 * n;
                */
                for (; i < n; i++) {
       
        j = 2 * i;
        for (; j < 3 * i; j++) {
            k = i;
            
            for (; k < j; k++) {
                /*@ assert k - i <= 2 * n; */
            }
        }
    }
转换后
/*@ Inv
    (0 <= i && i <= n && 
                         0 <= k - i <= 2 * n)
    */
                for (; i < n; i++) {
       
        j = 2 * i;
        for (; j < 3 * i; j++) {
            k = i;
            
            for (; k < j; k++) {
                /*@ Inv
    (assert k - i <= 2 * n)
    */
            }
        }
    }
syntax Correct
Validate:
[False]

Goal Preservation of Invariant (file output/0013.c, line 17)
Error found in file: output/0013.c at line: 17
Error line content: loop invariant 0 <= i <= n &&

Goal Establishment of Invariant (file output/0013.c, line 17)
Error found in file: output/0013.c at line: 17
Error line content: loop invariant 0 <= i <= n &&

Verify:
[False]

Goal Assertion (file output/0013.c, line 27)
Error found in file: output/0013.c at line: 27
Error line content: /*@ assert k - i <= 2 * n; */

syntax Correct
Validate:
[False]

Goal Preservation of Invariant (file output/0013.c, line 17)
Error found in file: output/0013.c at line: 17
Error line content: loop invariant 0 <= i <= n &&

Goal Establishment of Invariant (file output/0013.c, line 17)
Error found in file: output/0013.c at line: 17
Error line content: loop invariant 0 <= i <= n &&

Verify:
[False]

Goal Assertion (file output/0013.c, line 27)
Error found in file: output/0013.c at line: 27
Error line content: /*@ assert k - i <= 2 * n; */

RESULT PASS_1
1
0
0
RESULT PASS_3
1
0
0
RESULT PASS_5
1
0
0
已移动文件: 0013.c -> finish
-----------------------------------------

文件 0013.c 处理完成. 总耗时: 368.095094203949
错误的文件名:
  - 0021.c
  - 0013.c
========================================
错误的文件名:
  - 0021.c
  - 0013.c
========================================
错误的文件名:
  - 0021.c
  - 0013.c
========================================
-----------------------------------------
finshed_files:['0021.c', '0013.c']
