file:007.c
TRY TIME: 0
[(80, 112, 0), (127, 182, 1)]
[(80, 112, 0), (127, 182, 1)]
[(80, 112, 0), (127, 182, 1)]
[(80, 112, 0), (127, 182, 1)]
Loop 0 : Outer
Loop 1 : Outer
Sorted indices: [0, 1]
File found: ../sac_c_parser/test/../ip_postcond/goal/007_goal.v. Deleting the file.
File found: ../sac_c_parser/test/../ip_postcond/goal/007_proof_auto.v. Deleting the file.
File found: ../sac_c_parser/test/../ip_postcond/goal/007_proof_manual.v. Deleting the file.
LoopEntry_0:
0 < n@pre && (i == 0) * (k == 0) * (n == n@pre)
LoopEntry_1:
emp

[(0, '0 < n@pre && (i == 0) * (k == 0) * (n == n@pre)'), (1, 'emp')]
Successfully generated loop/007.json
INNER_FLAG: False
Variable Maps: [{'i': '0', 'k': '0', 'n': 'n@pre'}]
Path conditions: ['0 < n@pre']
Pre condition: 0 < n@pre && (i == 0) * (k == 0) * (n == n@pre)
Loop Condition: i < n
Updated Loop Conditions: ['0 < n@pre']
Global Unchanged Variables ['n']
Non Inductive Variables []
[{'i': '0', 'k': '0', 'n': 'n@pre'}]
['0 < n@pre']

                
        /* >>> LOOP INVARIANT TO FILL <<< */
        
                /*@
          loop invariant n == \at(n, Pre);
                */
                while (i < n) {
        i++;
        k++;
    }
                

                
        /* >>> LOOP INVARIANT TO FILL <<< */
        
                /*@
          loop invariant (0 < \at(n, Pre)) ==> (PLACE_HOLDER_k);
          loop invariant (0 < \at(n, Pre)) ==> (PLACE_HOLDER_i);
          loop invariant (!(0 < \at(n, Pre))) ==> ((i == 0)&&(k == 0)&&(n == \at(n, Pre)));
          loop invariant n == \at(n, Pre);
                */
                while (i < n) {
        i++;
        k++;
    }
                

#include "assert.h"

/*@
requires 0 < n;
*/
void foo(int n) {
    int k = 0;
    int i = 0;


    
                
        /* >>> LOOP INVARIANT TO FILL <<< */
        
                /*@
          loop invariant (0 < \at(n, Pre)) ==> (PLACE_HOLDER_k);
          loop invariant (0 < \at(n, Pre)) ==> (PLACE_HOLDER_i);
          loop invariant (!(0 < \at(n, Pre))) ==> ((i == 0)&&(k == 0)&&(n == \at(n, Pre)));
          loop invariant n == \at(n, Pre);
                */
                while (i < n) {
        i++;
        k++;
    }
                
    int j = n;


    while (j > 0) {
        j--;
        k--;
        /*@ assert k > 0; */
    }

    return 0;
}

### Analysis of the Loop and Invariant

#### a. Purpose and Structure of the Loop
The purpose of the first loop is to increment both `i` and `k` until `i` reaches `n`. The loop condition is `i < n`, and the loop body increments both `i` and `k` by 1 in each iteration. The relevant variables are `i`, `k`, and `n`.

#### b. Discussion of the Loop Invariant
The loop invariant must capture the relationship between `i` and `k` as well as ensure that `n` remains unchanged. The proposed invariant includes:
1. `k == i`: This ensures that `k` and `i` are always incremented together.
2. `0 <= i <= n`: This ensures that `i` starts at 0 and does not exceed `n`.
3. `n == \at(n, Pre)`: This ensures that `n` remains unchanged throughout the loop.

#### c. Establishment
Before the loop starts, `i == 0` and `k == 0`, so `k == i` holds. Also, `0 <= i <= n` holds because `i == 0` and `0 < n`. Finally, `n == \at(n, Pre)` is true by the pre-condition.

#### d. Preservation
At the start of each iteration, if `k == i` and `0 <= i <= n`, then after incrementing both `i` and `k`, `k == i` still holds. Also, `0 <= i <= n` remains true because `i` is incremented by 1 and `i < n` ensures `i` does not exceed `n`. `n == \at(n, Pre)` remains unchanged.

#### e. Termination Analysis of the Loop
When the loop terminates, `i == n` and `k == n`. The invariant `k == i` and `0 <= i <= n` still holds because `i` and `k` both reach `n`.

#### f. Correctness of the Post-condition
After the loop, `k == n` and `i == n`, which aligns with the invariant and the loop condition `i < n` being false. This ensures that the post-condition is met.

#### g. Implication of the Pre-condition
The pre-condition `0 < \at(n, Pre) && (i == 0) * (k == 0) * (n == \at(n, Pre))` implies the invariant because:
- `k == i` holds initially.
- `0 <= i <= n` holds because `i == 0` and `0 < n`.
- `n == \at(n, Pre)` is directly given.

### Filled-in C Loop Program

```c
#include "assert.h"

/*@
requires 0 < n;
*/
void foo(int n) {
    int k = 0;
    int i = 0;

    /*@
      loop invariant (0 < \at(n, Pre)) ==> (k == i);
      loop invariant (0 < \at(n, Pre)) ==> (0 <= i <= n);
      loop invariant (!(0 < \at(n, Pre))) ==> ((i == 0)&&(k == 0)&&(n == \at(n, Pre)));
      loop invariant n == \at(n, Pre);
    */
    while (i < n) {
        i++;
        k++;
    }

    int j = n;

    while (j > 0) {
        j--;
        k--;
        /*@ assert k > 0; */
    }

    return 0;
}
```

#include "assert.h"

/*@
requires 0 < n;
*/
void foo(int n) {
    int k = 0;
    int i = 0;

    /*@
      loop invariant (0 < \at(n, Pre)) ==> (k == i);
      loop invariant (0 < \at(n, Pre)) ==> (0 <= i <= n);
      loop invariant (!(0 < \at(n, Pre))) ==> ((i == 0)&&(k == 0)&&(n == \at(n, Pre)));
      loop invariant n == \at(n, Pre);
    */
    while (i < n) {
        i++;
        k++;
    }

    int j = n;

    while (j > 0) {
        j--;
        k--;
        /*@ assert k > 0; */
    }

    return 0;
}


#include "assert.h"

/*@
requires 0 < n;
*/
void foo(int n) {
    int k = 0;
    int i = 0;

    /*@
      loop invariant (0 < \at(n, Pre)) ==> (k == i);
      loop invariant (0 < \at(n, Pre)) ==> (0 <= i <= n);
      loop invariant (!(0 < \at(n, Pre))) ==> ((i == 0)&&(k == 0)&&(n == \at(n, Pre)));
      loop invariant n == \at(n, Pre);
    */
    while (i < n) {
        i++;
        k++;
    }

    int j = n;

    while (j > 0) {
        j--;
        k--;
        /*@ assert k > 0; */
    }

    return 0;
}

syntax Error
[kernel] Parsing output/007.c (with preprocessing)
[kernel] output/007.c:30: User Error: 
  Return statement with a value in function returning void
[kernel] User Error: stopping on file "output/007.c" that has errors. Add '-kernel-msg-key pp'
  for preprocessing command.
[kernel] Frama-C aborted: invalid user input.

after repair

#include "assert.h"

/*@
requires 0 < n;
*/
void foo(int n) {
    int k = 0;
    int i = 0;

    /*@
      loop invariant (0 < \at(n, Pre)) ==> (k == i);
      loop invariant (0 < \at(n, Pre)) ==> (0 <= i <= n);
      loop invariant (!(0 < \at(n, Pre))) ==> ((i == 0)&&(k == 0)&&(n == \at(n, Pre)));
      loop invariant n == \at(n, Pre);
    */
    while (i < n) {
        i++;
        k++;
    }

    int j = n;

    while (j > 0) {
        j--;
        k--;
        /*@ assert k > 0; */
    }

    return;
}

syntax Correct
Validate:
[True, True, True, True]

Verify:
[False]

Goal Assertion (file output/007.c, line 27)
Error found in file: output/007.c at line: 27
Error line content: /*@ assert k > 0; */

after hudini

#include "assert.h"

/*@
requires 0 < n;
*/
void foo(int n) {
    int k = 0;
    int i = 0;

    /*@
      loop invariant (0 < \at(n, Pre)) ==> (k == i);
      loop invariant (0 < \at(n, Pre)) ==> (0 <= i <= n);
      loop invariant (!(0 < \at(n, Pre))) ==> ((i == 0)&&(k == 0)&&(n == \at(n, Pre)));
      loop invariant n == \at(n, Pre);
    */
    while (i < n) {
        i++;
        k++;
    }

    int j = n;

    while (j > 0) {
        j--;
        k--;
        /*@ assert k > 0; */
    }

    return;
}

syntax Correct
Validate:
[True, True, True, True]

Verify:
[False]

Goal Assertion (file output/007.c, line 27)
Error found in file: output/007.c at line: 27
Error line content: /*@ assert k > 0; */

CORRECT INVARIANT
syntax Correct
Validate:
[True, True, True, True]

Verify:
[False]

Goal Assertion (file output/007.c, line 27)
Error found in file: output/007.c at line: 27
Error line content: /*@ assert k > 0; */

/*@
      loop invariant (0 < \at(n, Pre)) ==> (k == i);
      loop invariant (0 < \at(n, Pre)) ==> (0 <= i <= n);
      loop invariant (!(0 < \at(n, Pre))) ==> ((i == 0)&&(k == 0)&&(n == \at(n, Pre)));
      loop invariant n == \at(n, Pre);
    */
    while (i < n) {
        i++;
        k++;
    }
转换后
/*@ Inv
    ((0 < n@pre) => (k == i)) &&
((0 < n@pre) => (0 <= i && i <= n)) &&
((!(0 < n@pre)) => ((i == 0)&&(k == 0)&&(n == n@pre))) &&
(n == n@pre)
    */
    while (i < n) {
        i++;
        k++;
    }
PARTIAL CORRECT INVARIANT
继续符号执行
/*@ Inv
    ((0 < n@pre) => (k == i)) &&
((0 < n@pre) => (0 <= i && i <= n)) &&
((!(0 < n@pre)) => ((i == 0)&&(k == 0)&&(n == n@pre))) &&
(n == n@pre)
    */
    while (i < n) {
        i++;
        k++;
    }
File found: ../sac_c_parser/test/../ip_postcond/goal/007_goal.v. Deleting the file.
File found: ../sac_c_parser/test/../ip_postcond/goal/007_proof_auto.v. Deleting the file.
File found: ../sac_c_parser/test/../ip_postcond/goal/007_proof_manual.v. Deleting the file.
LoopEntry_0:
0 < n@pre && (i == 0) * (k == 0) * (n == n@pre)
LoopEntry_1:
i >= n@pre && (0 < n@pre => k == i) && (0 < n@pre => 0 <= i && i <= n@pre) && (!(0 < n@pre) => i == 0 && k == 0 && n@pre == n@pre) && 0 < n@pre && (j == n@pre) * (n == n@pre)

[(0, '0 < n@pre && (i == 0) * (k == 0) * (n == n@pre)'), (1, 'i >= n@pre && (0 < n@pre => k == i) && (0 < n@pre => 0 <= i && i <= n@pre) && (!(0 < n@pre) => i == 0 && k == 0 && n@pre == n@pre) && 0 < n@pre && (j == n@pre) * (n == n@pre)')]
Successfully generated loop/007.json
INNER_FLAG: False
Variable Maps: [{'j': 'n@pre', 'n': 'n@pre'}]
Path conditions: ['i >= n@pre && (0 < n@pre => k == i) && (0 < n@pre => 0 <= i && i <= n@pre) && (!(0 < n@pre) => i == 0 && k == 0 && n@pre == n@pre) && 0 < n@pre']
Pre condition: i >= n@pre && (0 < n@pre => k == i) && (0 < n@pre => 0 <= i && i <= n@pre) && (!(0 < n@pre) => i == 0 && k == 0 && n@pre == n@pre) && 0 < n@pre && (j == n@pre) * (n == n@pre)
Loop Condition: j > 0
Updated Loop Conditions: ['n@pre > 0']
Global Unchanged Variables ['n']
Non Inductive Variables []
[{'j': 'n@pre', 'n': 'n@pre'}]
['i >= n@pre && (0 < n@pre => k == i) && (0 < n@pre => 0 <= i && i <= n@pre) && (!(0 < n@pre) => i == 0 && k == 0 && n@pre == n@pre) && 0 < n@pre']

                
        /* >>> LOOP INVARIANT TO FILL <<< */
        
                /*@
          loop invariant n == \at(n, Pre);
                */
                while (j > 0) {
        j--;
        k--;
        /*@ assert k > 0; */
    }
                

                
        /* >>> LOOP INVARIANT TO FILL <<< */
        
                /*@
          loop invariant (\at(n, Pre) > 0) ==> (PLACE_HOLDER_j);
          loop invariant (!(\at(n, Pre) > 0)) ==> ((j == \at(n, Pre))&&(n == \at(n, Pre)));
          loop invariant n == \at(n, Pre);
                */
                while (j > 0) {
        j--;
        k--;
        /*@ assert k > 0; */
    }
                

#include "assert.h"

/*@
requires 0 < n;
*/
void foo(int n) {
    int k = 0;
    int i = 0;

    /*@
      loop invariant (0 < \at(n, Pre)) ==> (k == i);
      loop invariant (0 < \at(n, Pre)) ==> (0 <= i <= n);
      loop invariant (!(0 < \at(n, Pre))) ==> ((i == 0)&&(k == 0)&&(n == \at(n, Pre)));
      loop invariant n == \at(n, Pre);
    */
    while (i < n) {
        i++;
        k++;
    }

    int j = n;

    
                
        /* >>> LOOP INVARIANT TO FILL <<< */
        
                /*@
          loop invariant (\at(n, Pre) > 0) ==> (PLACE_HOLDER_j);
          loop invariant (!(\at(n, Pre) > 0)) ==> ((j == \at(n, Pre))&&(n == \at(n, Pre)));
          loop invariant n == \at(n, Pre);
                */
                while (j > 0) {
        j--;
        k--;
        /*@ assert k > 0; */
    }
                

    return;
}

### Analysis and Corrected Code

#### a. Purpose and Structure of the Loop:
The first loop increments both `i` and `k` until `i` reaches `n`. The second loop decrements both `j` and `k` until `j` reaches `0`. The post-condition ensures that `k` remains positive after the second loop terminates.

#### b. Discussion of the Loop Invariant:
For the second loop, the invariant must ensure that `j` is bounded between `0` and `n` and that `k` is positive. The invariant should also maintain the relationship between `j`, `k`, and `n`.

#### c. Establishment:
Before the second loop starts, `j` is initialized to `n`, and `k` is equal to `n` (since `k` was incremented `n` times in the first loop). Thus, the invariant holds initially.

#### d. Preservation:
During each iteration of the second loop, `j` is decremented by `1`, and `k` is decremented by `1`. Since `j` starts at `n` and decreases to `0`, and `k` starts at `n` and decreases by `1` for each decrement of `j`, the invariant remains true.

#### e. Termination Analysis of the Loop:
When the loop terminates, `j` is `0`, and `k` is `0`. However, the assertion `k > 0` must hold, which implies that the loop must terminate before `k` reaches `0`.

#### f. Correctness of the Post-condition:
The post-condition `k > 0` is ensured by the loop invariant and the assertion. The invariant guarantees that `k` remains positive as long as `j > 0`.

#### g. Implication of the Pre-condition:
The pre-condition ensures that `j` is initialized to `n` and that `k` is equal to `n` before the second loop starts. This guarantees that the invariant is established before the loop begins.

### Corrected C Code with Filled-in Placeholders

```c
#include "assert.h"

/*@
requires 0 < n;
*/
void foo(int n) {
    int k = 0;
    int i = 0;

    /*@
      loop invariant (0 < \at(n, Pre)) ==> (k == i);
      loop invariant (0 < \at(n, Pre)) ==> (0 <= i <= n);
      loop invariant (!(0 < \at(n, Pre))) ==> ((i == 0)&&(k == 0)&&(n == \at(n, Pre)));
      loop invariant n == \at(n, Pre);
    */
    while (i < n) {
        i++;
        k++;
    }

    int j = n;

    /*@
      loop invariant (\at(n, Pre) > 0) ==> (0 <= j <= \at(n, Pre) && k == j);
      loop invariant (!(\at(n, Pre) > 0)) ==> ((j == \at(n, Pre))&&(n == \at(n, Pre)));
      loop invariant n == \at(n, Pre);
    */
    while (j > 0) {
        j--;
        k--;
        /*@ assert k > 0; */
    }

    return;
}
```

### Explanation of the Filled-in Placeholders:
- **`PLACE_HOLDER_j`**: `0 <= j <= \at(n, Pre) && k == j`
  - This ensures that `j` is bounded between `0` and `n`, and that `k` is equal to `j` at each iteration, maintaining the relationship between `j` and `k`.

#include "assert.h"

/*@
requires 0 < n;
*/
void foo(int n) {
    int k = 0;
    int i = 0;

    /*@
      loop invariant (0 < \at(n, Pre)) ==> (k == i);
      loop invariant (0 < \at(n, Pre)) ==> (0 <= i <= n);
      loop invariant (!(0 < \at(n, Pre))) ==> ((i == 0)&&(k == 0)&&(n == \at(n, Pre)));
      loop invariant n == \at(n, Pre);
    */
    while (i < n) {
        i++;
        k++;
    }

    int j = n;

    /*@
      loop invariant (\at(n, Pre) > 0) ==> (0 <= j <= \at(n, Pre) && k == j);
      loop invariant (!(\at(n, Pre) > 0)) ==> ((j == \at(n, Pre))&&(n == \at(n, Pre)));
      loop invariant n == \at(n, Pre);
    */
    while (j > 0) {
        j--;
        k--;
        /*@ assert k > 0; */
    }

    return;
}


#include "assert.h"

/*@
requires 0 < n;
*/
void foo(int n) {
    int k = 0;
    int i = 0;

    /*@
      loop invariant (0 < \at(n, Pre)) ==> (k == i);
      loop invariant (0 < \at(n, Pre)) ==> (0 <= i <= n);
      loop invariant (!(0 < \at(n, Pre))) ==> ((i == 0)&&(k == 0)&&(n == \at(n, Pre)));
      loop invariant n == \at(n, Pre);
    */
    while (i < n) {
        i++;
        k++;
    }

    int j = n;

    /*@
      loop invariant (\at(n, Pre) > 0) ==> (0 <= j <= \at(n, Pre) && k == j);
      loop invariant (!(\at(n, Pre) > 0)) ==> ((j == \at(n, Pre))&&(n == \at(n, Pre)));
      loop invariant n == \at(n, Pre);
    */
    while (j > 0) {
        j--;
        k--;
        /*@ assert k > 0; */
    }

    return;
}

syntax Correct
Validate:
[True, True, True, True, True, True, True]

Verify:
[False]

Goal Assertion (file output/007.c, line 32)
Error found in file: output/007.c at line: 32
Error line content: /*@ assert k > 0; */

### Error Analysis ###

The error occurs at the assertion `/*@ assert k > 0; */` inside the second loop. The assertion `k > 0` is expected to hold during each iteration of the loop, but the current loop invariant does not guarantee this. Specifically, the invariant `(\at(n, Pre) > 0) ==> (0 <= j <= \at(n, Pre) && k == j)` does not provide a lower bound for `k` that ensures `k > 0` throughout the loop.

The formula that is violated is:
```
Inv(var) && !loopcond ==> postcond
```
Here, `Inv(var)` is the loop invariant, `!loopcond` is the negation of the loop condition (`j <= 0`), and `postcond` is the assertion `k > 0`. The current invariant does not ensure that `k > 0` when the loop terminates (`j <= 0`).

The loop invariant needs to be strengthened to include the condition `k > 0` during the loop execution. This will ensure that `k` remains positive throughout the loop and satisfies the assertion `k > 0` at each iteration.

### Fixed C Code ###

```c
#include "assert.h"

/*@
requires 0 < n;
*/
void foo(int n) {
    int k = 0;
    int i = 0;

    /*@
      loop invariant (0 < \at(n, Pre)) ==> (k == i);
      loop invariant (0 < \at(n, Pre)) ==> (0 <= i <= n);
      loop invariant (!(0 < \at(n, Pre))) ==> ((i == 0)&&(k == 0)&&(n == \at(n, Pre)));
      loop invariant n == \at(n, Pre);
    */
    while (i < n) {
        i++;
        k++;
    }

    int j = n;

    /*@
      loop invariant (\at(n, Pre) > 0) ==> (0 <= j <= \at(n, Pre) && k == j && k > 0);
      loop invariant (!(\at(n, Pre) > 0)) ==> ((j == \at(n, Pre))&&(n == \at(n, Pre)));
      loop invariant n == \at(n, Pre);
    */
    while (j > 0) {
        j--;
        k--;
        /*@ assert k > 0; */
    }

    return;
}
```

In the fixed code, the loop invariant for the second loop has been strengthened to include `k > 0`. This ensures that `k` remains positive throughout the loop, which in turn ensures that the assertion `k > 0` holds at each iteration. This modification directly addresses the error by providing the necessary lower bound for `k`.
after strength

#include "assert.h"

/*@
requires 0 < n;
*/
void foo(int n) {
    int k = 0;
    int i = 0;

    /*@
      loop invariant (0 < \at(n, Pre)) ==> (k == i);
      loop invariant (0 < \at(n, Pre)) ==> (0 <= i <= n);
      loop invariant (!(0 < \at(n, Pre))) ==> ((i == 0)&&(k == 0)&&(n == \at(n, Pre)));
      loop invariant n == \at(n, Pre);
    */
    while (i < n) {
        i++;
        k++;
    }

    int j = n;

    /*@
      loop invariant (\at(n, Pre) > 0) ==> (0 <= j <= \at(n, Pre) && k == j && k > 0);
      loop invariant (!(\at(n, Pre) > 0)) ==> ((j == \at(n, Pre))&&(n == \at(n, Pre)));
      loop invariant n == \at(n, Pre);
    */
    while (j > 0) {
        j--;
        k--;
        /*@ assert k > 0; */
    }

    return;
}

syntax Correct
Validate:
[True, True, True, True, True, True, True]

Verify:
[False]

Goal Assertion (file output/007.c, line 32)
Error found in file: output/007.c at line: 32
Error line content: /*@ assert k > 0; */

### Error Analysis

1. **The Formula It Violates**:  
   The assertion `/*@ assert k > 0; */` is violated because the loop invariant does not guarantee that `k > 0` holds at every iteration of the loop. The formula that is violated is:  
   `Inv(var) && !loopcond ==> postcond`, where `postcond` is `k > 0`.

2. **Why the Loop Invariant Can't Verify Postcondition**:  
   The current loop invariant `(\at(n, Pre) > 0) ==> (0 <= j <= \at(n, Pre) && k == j && k > 0)` ensures that `k == j` and `k > 0` only when `j > 0`. However, when `j == 0`, the loop terminates, and the invariant does not guarantee that `k > 0` holds at that point. Specifically, when `j == 0`, `k` could be `0`, which violates the assertion `k > 0`.

3. **How to Modify the Loop Invariant**:  
   To fix this, we need to strengthen the loop invariant to ensure that `k > 0` holds even when `j == 0`. This can be done by explicitly stating that `k > 0` must hold throughout the loop, regardless of the value of `j`.

4. **The Rationale Behind the Modification**:  
   By adding `k > 0` as a separate invariant, we ensure that `k` remains greater than `0` at every iteration, including the final iteration when `j == 0`. This guarantees that the assertion `k > 0` will always hold, thus satisfying the postcondition.

### Fixed C Code

```c
#include "assert.h"

/*@
requires 0 < n;
*/
void foo(int n) {
    int k = 0;
    int i = 0;

    /*@
      loop invariant (0 < \at(n, Pre)) ==> (k == i);
      loop invariant (0 < \at(n, Pre)) ==> (0 <= i <= n);
      loop invariant (!(0 < \at(n, Pre))) ==> ((i == 0)&&(k == 0)&&(n == \at(n, Pre)));
      loop invariant n == \at(n, Pre);
    */
    while (i < n) {
        i++;
        k++;
    }

    int j = n;

    /*@
      loop invariant (\at(n, Pre) > 0) ==> (0 <= j <= \at(n, Pre) && k == j);
      loop invariant (!(\at(n, Pre) > 0)) ==> ((j == \at(n, Pre))&&(n == \at(n, Pre)));
      loop invariant n == \at(n, Pre);
      loop invariant k > 0;
    */
    while (j > 0) {
        j--;
        k--;
        /*@ assert k > 0; */
    }

    return;
}
```

### Explanation of Changes

1. **Added `loop invariant k > 0`**:  
   This ensures that `k` remains greater than `0` throughout the loop, including the final iteration when `j == 0`. This guarantees that the assertion `k > 0` will always hold, satisfying the postcondition.

2. **Preserved Other Invariants**:  
   The existing invariants `(\at(n, Pre) > 0) ==> (0 <= j <= \at(n, Pre) && k == j)` and `(!(\at(n, Pre) > 0)) ==> ((j == \at(n, Pre))&&(n == \at(n, Pre)))` are retained to maintain the correctness of the loop structure.

3. **No Changes to the Code**:  
   The original C code is not modified; only the ACSL annotations are updated to ensure correctness.
after strength

#include "assert.h"

/*@
requires 0 < n;
*/
void foo(int n) {
    int k = 0;
    int i = 0;

    /*@
      loop invariant (0 < \at(n, Pre)) ==> (k == i);
      loop invariant (0 < \at(n, Pre)) ==> (0 <= i <= n);
      loop invariant (!(0 < \at(n, Pre))) ==> ((i == 0)&&(k == 0)&&(n == \at(n, Pre)));
      loop invariant n == \at(n, Pre);
    */
    while (i < n) {
        i++;
        k++;
    }

    int j = n;

    /*@
      loop invariant (\at(n, Pre) > 0) ==> (0 <= j <= \at(n, Pre) && k == j);
      loop invariant (!(\at(n, Pre) > 0)) ==> ((j == \at(n, Pre))&&(n == \at(n, Pre)));
      loop invariant n == \at(n, Pre);
      loop invariant k > 0;
    */
    while (j > 0) {
        j--;
        k--;
        /*@ assert k > 0; */
    }

    return;
}

syntax Correct
Validate:
[True, True, True, True, True, True, True, True]

Verify:
[False]

Goal Assertion (file output/007.c, line 33)
Error found in file: output/007.c at line: 33
Error line content: /*@ assert k > 0; */

### Error Analysis ###

1. **The formula it violates**:  
   The violation occurs because the postcondition `k > 0` is not guaranteed when the loop terminates. Specifically, when the loop condition `j > 0` becomes false (`j == 0`), the invariant does not ensure that `k > 0` holds. The formula violated is:  
   `Inv(var) && !loopcond ==> postcond`

2. **Why the loop invariant can't verify postcondition**:  
   The loop invariant `k > 0` is not sufficient because it does not account for the case when `j == 0`. When the loop terminates, `j == 0`, and the invariant `k > 0` does not hold because `k == j` at the end of the loop. This means that `k == 0`, which contradicts the postcondition `k > 0`.

3. **How to modify the loop invariant**:  
   To fix this, we need to strengthen the loop invariant to ensure that `k > 0` holds at all times, including when the loop terminates. Specifically, we need to ensure that `k > 0` is maintained throughout the loop execution, even when `j == 0`. We can do this by adding a condition that `k > 0` as long as `j > 0`.

4. **The rationale behind the modification**:  
   The modified loop invariant ensures that `k > 0` is preserved during the loop execution and when the loop terminates. This is achieved by explicitly stating that `k > 0` as long as `j > 0`. This ensures that the postcondition `k > 0` is satisfied when the loop terminates.

### Fixed C Code ###

```c
#include "assert.h"

/*@
requires 0 < n;
*/
void foo(int n) {
    int k = 0;
    int i = 0;

    /*@
      loop invariant (0 < \at(n, Pre)) ==> (k == i);
      loop invariant (0 < \at(n, Pre)) ==> (0 <= i <= n);
      loop invariant (!(0 < \at(n, Pre))) ==> ((i == 0)&&(k == 0)&&(n == \at(n, Pre)));
      loop invariant n == \at(n, Pre);
    */
    while (i < n) {
        i++;
        k++;
    }

    int j = n;

    /*@
      loop invariant (\at(n, Pre) > 0) ==> (0 <= j <= \at(n, Pre) && k == j && (j > 0 ==> k > 0));
      loop invariant (!(\at(n, Pre) > 0)) ==> ((j == \at(n, Pre))&&(n == \at(n, Pre)));
      loop invariant n == \at(n, Pre);
    */
    while (j > 0) {
        j--;
        k--;
        /*@ assert k > 0; */
    }

    return;
}
```
after strength

#include "assert.h"

/*@
requires 0 < n;
*/
void foo(int n) {
    int k = 0;
    int i = 0;

    /*@
      loop invariant (0 < \at(n, Pre)) ==> (k == i);
      loop invariant (0 < \at(n, Pre)) ==> (0 <= i <= n);
      loop invariant (!(0 < \at(n, Pre))) ==> ((i == 0)&&(k == 0)&&(n == \at(n, Pre)));
      loop invariant n == \at(n, Pre);
    */
    while (i < n) {
        i++;
        k++;
    }

    int j = n;

    /*@
      loop invariant (\at(n, Pre) > 0) ==> (0 <= j <= \at(n, Pre) && k == j && (j > 0 ==> k > 0));
      loop invariant (!(\at(n, Pre) > 0)) ==> ((j == \at(n, Pre))&&(n == \at(n, Pre)));
      loop invariant n == \at(n, Pre);
    */
    while (j > 0) {
        j--;
        k--;
        /*@ assert k > 0; */
    }

    return;
}

syntax Correct
Validate:
[True, True, True, True, True, True, True]

Verify:
[False]

Goal Assertion (file output/007.c, line 32)
Error found in file: output/007.c at line: 32
Error line content: /*@ assert k > 0; */

/*@
      loop invariant (\at(n, Pre) > 0) ==> (0 <= j <= \at(n, Pre) && k == j && (j > 0 ==> k > 0));
      loop invariant (!(\at(n, Pre) > 0)) ==> ((j == \at(n, Pre))&&(n == \at(n, Pre)));
      loop invariant n == \at(n, Pre);
    */
    while (j > 0) {
        j--;
        k--;
        /*@ assert k > 0; */
    }
转换后
/*@ Inv
    ((n@pre > 0) => (0 <= j && j <= n@pre && k == j && (j > 0 => k > 0))) &&
((!(n@pre > 0)) => ((j == n@pre)&&(n == n@pre))) &&
(n == n@pre)
    */
    while (j > 0) {
        j--;
        k--;
        /*@ Inv
    (assert k > 0)
    */
    }
PARTIAL CORRECT INVARIANT
继续符号执行
/*@ Inv
    ((n@pre > 0) => (0 <= j && j <= n@pre && k == j && (j > 0 => k > 0))) &&
((!(n@pre > 0)) => ((j == n@pre)&&(n == n@pre))) &&
(n == n@pre)
    */
    while (j > 0) {
        j--;
        k--;
        /*@ Inv
    (assert k > 0)
    */
    }
File found: ../sac_c_parser/test/../ip_postcond/goal/007_goal.v. Deleting the file.
File found: ../sac_c_parser/test/../ip_postcond/goal/007_proof_auto.v. Deleting the file.
File found: ../sac_c_parser/test/../ip_postcond/goal/007_proof_manual.v. Deleting the file.
LoopEntry_0:
0 < n@pre && (i == 0) * (k == 0) * (n == n@pre)
LoopEntry_1:
i >= n@pre && (0 < n@pre => k == i) && (0 < n@pre => 0 <= i && i <= n@pre) && (!(0 < n@pre) => i == 0 && k == 0 && n@pre == n@pre) && 0 < n@pre && (j == n@pre) * (n == n@pre)

[(0, '0 < n@pre && (i == 0) * (k == 0) * (n == n@pre)'), (1, 'i >= n@pre && (0 < n@pre => k == i) && (0 < n@pre => 0 <= i && i <= n@pre) && (!(0 < n@pre) => i == 0 && k == 0 && n@pre == n@pre) && 0 < n@pre && (j == n@pre) * (n == n@pre)')]
Successfully generated loop/007.json
syntax Correct
Validate:
[True, True, True, True, True, True, True]

Verify:
[False]

Goal Assertion (file output/007.c, line 32)
Error found in file: output/007.c at line: 32
Error line content: /*@ assert k > 0; */

syntax Correct
Validate:
[True, True, True, True, True, True, True]

Verify:
[False]

Goal Assertion (file output/007.c, line 32)
Error found in file: output/007.c at line: 32
Error line content: /*@ assert k > 0; */

RESULT PASS_1
1
1
0
RESULT PASS_3
1
1
0
RESULT PASS_5
1
1
0
已移动文件: 007.c -> finish
-----------------------------------------

文件 007.c 处理完成. 总耗时: 215.75881171226501
错误的文件名:
  - 0021.c
  - 0013.c
  - 007.c
========================================
错误的文件名:
  - 0021.c
  - 0013.c
  - 007.c
========================================
错误的文件名:
  - 0021.c
  - 0013.c
  - 007.c
========================================
-----------------------------------------
finshed_files:['0021.c', '0013.c', '007.c']
