file:10.c
Successfully generated loop/10.json
INNER_FLAG: False
Variable Maps: [{'y': 'y@pre', 'x': 'x@pre'}]
Path conditions: ['x@pre >= 0 && x@pre <= 2 && y@pre <= 2 && y@pre >= 0']
Pre condition: x@pre >= 0 && x@pre <= 2 && y@pre <= 2 && y@pre >= 0 && (y == y@pre) * (x == x@pre)
Loop Condition: unknown()
Updated Loop Conditions: ['unknown()']
Global Unchanged Variables []
Non Inductive Variables []
[{'y': 'y@pre', 'x': 'x@pre'}]
['x@pre >= 0 && x@pre <= 2 && y@pre <= 2 && y@pre >= 0']

            
    /* >>> LOOP INVARIANT TO FILL <<< 
       >>> PRECONDITION OF THE LOOP : \at(x, Pre) >= 0 && \at(x, Pre) <= 2 && \at(y, Pre) <= 2 && \at(y, Pre) >= 0 && (y == \at(y, Pre)) * (x == \at(x, Pre)) <<< */
    
            /*@
            */
            while (unknown()) {
      
      x  = x + 2;
      y  = y + 2;

    }
            

            
    /* >>> LOOP INVARIANT TO FILL <<< 
       >>> PRECONDITION OF THE LOOP : \at(x, Pre) >= 0 && \at(x, Pre) <= 2 && \at(y, Pre) <= 2 && \at(y, Pre) >= 0 && (y == \at(y, Pre)) * (x == \at(x, Pre)) <<< */
    
            /*@
          loop invariant  (\at(x, Pre) >= 0 && \at(x, Pre) <= 2 && \at(y, Pre) <= 2 && \at(y, Pre) >= 0) ==> (((y == \at(y, Pre))&&(x == \at(x, Pre))) || (PLACE_HOLDER_x)) ;
          loop invariant  (\at(x, Pre) >= 0 && \at(x, Pre) <= 2 && \at(y, Pre) <= 2 && \at(y, Pre) >= 0) ==> (((y == \at(y, Pre))&&(x == \at(x, Pre))) || (PLACE_HOLDER_y)) ;
            */
            while (unknown()) {
      
      x  = x + 2;
      y  = y + 2;

    }
            
int unknown();
/*@ requires x >= 0 && x <= 2 && y <= 2 && y >= 0; */
void foo(int x,int y) {

  
    
            
    /* >>> LOOP INVARIANT TO FILL <<< 
       >>> PRECONDITION OF THE LOOP : \at(x, Pre) >= 0 && \at(x, Pre) <= 2 && \at(y, Pre) <= 2 && \at(y, Pre) >= 0 && (y == \at(y, Pre)) * (x == \at(x, Pre)) <<< */
    
            /*@
          loop invariant  (\at(x, Pre) >= 0 && \at(x, Pre) <= 2 && \at(y, Pre) <= 2 && \at(y, Pre) >= 0) ==> (((y == \at(y, Pre))&&(x == \at(x, Pre))) || (PLACE_HOLDER_x)) ;
          loop invariant  (\at(x, Pre) >= 0 && \at(x, Pre) <= 2 && \at(y, Pre) <= 2 && \at(y, Pre) >= 0) ==> (((y == \at(y, Pre))&&(x == \at(x, Pre))) || (PLACE_HOLDER_y)) ;
            */
            while (unknown()) {
      
      x  = x + 2;
      y  = y + 2;

    }
            
      /*@ assert (y == 0) ==> (x != 4);  */
  
  }
**Analysis**

a. **Purpose and Structure of the Loop:**

- **Objective:** The loop increments the variables `x` and `y` by 2 in each iteration. The purpose is not explicitly defined, but the post-condition suggests a relationship between the values of `x` and `y`.
- **Structure:** The loop condition is governed by the function `unknown()`, which can return any non-negative integer, allowing the loop to iterate an arbitrary number of times.
- **Relevant Variables:** The variables involved are `x` and `y`. Their initial conditions and changes during the loop are relevant to the analysis.

b. **Discussion of Loop Invariant:**

- **Invariant:** The invariant involves maintaining the relationship between the initial and current values of `x` and `y`. It ensures that if the initial values are within specified bounds, then after zero or more iterations, the values of `x` and `y` must satisfy certain conditions.
- **Validity:** The invariant is valid because it accounts for each iteration's effect on `x` and `y`, ensuring the conditions needed for proving the post-condition are maintained.

c. **Establishment:**

- The invariant is established by the pre-condition, which directly states constraints on the initial values of `x` and `y`. These conditions ensure the invariant holds true before the loop begins.

d. **Preservation:**

- The invariant is preserved because each iteration of the loop increases `x` and `y` by 2, maintaining the mathematical relationships between the values. The logical disjunction in the invariant accounts for the possible changes in values and ensures the invariant holds through all iterations.

e. **Termination Analysis of the Loop:**

- Upon termination, the loop condition `unknown()` becomes false, meaning no further iterations occur. The invariant holds as it accounts for any number of increments to `x` and `y` while maintaining the logical structure needed to assert the relationship in the post-condition.

f. **Correctness of the Post-condition:**

- The post-condition `(y == 0) ==> (x != 4)` is correct because the loop invariant indirectly ensures that if `y` has been incremented away from its initial value, `x` has similarly been incremented. The invariant helps maintain the logical relationship necessary for this assertion.

g. **Implication of the Pre-condition:**

- The pre-condition lays out the initial constraints on `x` and `y`, which directly imply the loop invariant by setting bounds on the initial values. It ensures that the invariant is initially true, allowing it to be established before the loop starts.

**Filled C Program with Invariants:**

```c
int unknown();
/*@ requires x >= 0 && x <= 2 && y <= 2 && y >= 0; */
void foo(int x,int y) {

    /* >>> LOOP INVARIANT TO FILL <<< 
       >>> PRECONDITION OF THE LOOP : \at(x, Pre) >= 0 && \at(x, Pre) <= 2 && \at(y, Pre) <= 2 && \at(y, Pre) >= 0 && (y == \at(y, Pre)) * (x == \at(x, Pre)) <<< */
    
            /*@
          loop invariant  (\at(x, Pre) >= 0 && \at(x, Pre) <= 2 && \at(y, Pre) <= 2 && \at(y, Pre) >= 0) ==> (((y == \at(y, Pre))&&(x == \at(x, Pre))) || ((x >= 0 && x <= 2 + 2 * \at(x, Pre))));
          loop invariant  (\at(x, Pre) >= 0 && \at(x, Pre) <= 2 && \at(y, Pre) <= 2 && \at(y, Pre) >= 0) ==> (((y == \at(y, Pre))&&(x == \at(x, Pre))) || ((y >= 0 && y <= 2 + 2 * \at(y, Pre))));
            */
            while (unknown()) {
      
      x  = x + 2;
      y  = y + 2;

    }
            
      /*@ assert (y == 0) ==> (x != 4);  */
  
}
```

int unknown();
/*@ requires x >= 0 && x <= 2 && y <= 2 && y >= 0; */
void foo(int x,int y) {

            /*@
          loop invariant  (\at(x, Pre) >= 0 && \at(x, Pre) <= 2 && \at(y, Pre) <= 2 && \at(y, Pre) >= 0) ==> (((y == \at(y, Pre))&&(x == \at(x, Pre))) || ((x >= 0 && x <= 2 + 2 * \at(x, Pre))));
          loop invariant  (\at(x, Pre) >= 0 && \at(x, Pre) <= 2 && \at(y, Pre) <= 2 && \at(y, Pre) >= 0) ==> (((y == \at(y, Pre))&&(x == \at(x, Pre))) || ((y >= 0 && y <= 2 + 2 * \at(y, Pre))));
            */
            while (unknown()) {
      
      x  = x + 2;
      y  = y + 2;

    }
            
      /*@ assert (y == 0) ==> (x != 4);  */
  
}


int unknown();
/*@ requires x >= 0 && x <= 2 && y <= 2 && y >= 0; */
void foo(int x,int y) {

            /*@
          loop invariant  (\at(x, Pre) >= 0 && \at(x, Pre) <= 2 && \at(y, Pre) <= 2 && \at(y, Pre) >= 0) ==> (((y == \at(y, Pre))&&(x == \at(x, Pre))) || ((x >= 0 && x <= 2 + 2 * \at(x, Pre))));
          loop invariant  (\at(x, Pre) >= 0 && \at(x, Pre) <= 2 && \at(y, Pre) <= 2 && \at(y, Pre) >= 0) ==> (((y == \at(y, Pre))&&(x == \at(x, Pre))) || ((y >= 0 && y <= 2 + 2 * \at(y, Pre))));
            */
            while (unknown()) {
      
      x  = x + 2;
      y  = y + 2;

    }
            
      /*@ assert (y == 0) ==> (x != 4);  */
  
}

syntax Correct
Validate:
[False, False]

Goal Preservation of Invariant (file output/10.c, line 7):
Let x_2 = 2 * x_1.
Let x_3 = 2 + x.
Let x_4 = 2 + y.
Assume {
  Type: is_sint32(tmp_0) /\ is_sint32(x_1) /\ is_sint32(x) /\
      is_sint32(y_1) /\ is_sint32(y) /\ is_sint32(x_3) /\ is_sint32(x_4).
  (* Goal *)
  When: (0 <= x_1) /\ (0 <= y_1) /\ (x_1 <= 2) /\ (y_1 <= 2).
  (* Invariant *)
  Have: ((x = x_1) /\ (y = y_1)) \/ ((0 <= x) /\ (x <= (2 + x_2))).
  (* Invariant *)
  Have: ((x = x_1) /\ (y = y_1)) \/ ((0 <= y) /\ (y <= (2 + (2 * y_1)))).
  (* Then *)
  Have: tmp_0 != 0.
}
Prove: ((x <= x_2) /\ ((-2) <= x)) \/ ((x_3 = x_1) /\ (x_4 = y_1)).
Prover Z3 4.8.12 returns Timeout (Qed:8ms) (3s)
Error found in file: output/10.c at line: 7
Error line content: loop invariant  (\at(x, Pre) >= 0 && \at(x, Pre) <= 2 && \at(y, Pre) <= 2 && \at(y, Pre) >= 0) ==> (((y == \at(y, Pre))&&(x == \at(x, Pre))) || ((x >= 0 && x <= 2 + 2 * \at(x, Pre))));

Goal Preservation of Invariant (file output/10.c, line 8):
Let x_2 = 2 * x_1.
Let x_3 = 2 + x.
Let x_4 = 2 + y.
Let x_5 = 2 * y_1.
Assume {
  Type: is_sint32(tmp_0) /\ is_sint32(x_1) /\ is_sint32(x) /\
      is_sint32(y_1) /\ is_sint32(y) /\ is_sint32(x_3) /\ is_sint32(x_4).
  (* Goal *)
  When: (0 <= x_1) /\ (0 <= y_1) /\ (x_1 <= 2) /\ (y_1 <= 2).
  (* Invariant *)
  Have: ((x = x_1) /\ (y = y_1)) \/ ((0 <= x) /\ (x <= (2 + x_2))).
  (* Invariant *)
  Have: ((x = x_1) /\ (y = y_1)) \/ ((0 <= y) /\ (y <= (2 + x_5))).
  (* Then *)
  Have: tmp_0 != 0.
  (* Invariant *)
  Have: ((x <= x_2) /\ ((-2) <= x)) \/ ((x_3 = x_1) /\ (x_4 = y_1)).
}
Prove: ((y <= x_5) /\ ((-2) <= y)) \/ ((x_3 = x_1) /\ (x_4 = y_1)).
Prover Z3 4.8.12 returns Timeout (Qed:8ms) (3s)
Error found in file: output/10.c at line: 8
Error line content: loop invariant  (\at(x, Pre) >= 0 && \at(x, Pre) <= 2 && \at(y, Pre) <= 2 && \at(y, Pre) >= 0) ==> (((y == \at(y, Pre))&&(x == \at(x, Pre))) || ((y >= 0 && y <= 2 + 2 * \at(y, Pre))));

Verify:
[False]

Goal Assertion (file output/10.c, line 17):
Assume {
  Type: is_sint32(x_1) /\ is_sint32(x) /\ is_sint32(y).
  (* Pre-condition *)
  Have: (0 <= x_1) /\ (0 <= y) /\ (x_1 <= 2) /\ (y <= 2).
  (* Invariant *)
  Have: ((x = x_1) /\ (y = 0)) \/ ((0 <= x) /\ (x <= (2 + (2 * x_1)))).
  (* Invariant *)
  Have: ((-1) <= y) \/ ((x = x_1) /\ (y = 0)).
}
Prove: x != 4.
Prover Z3 4.8.12 returns Timeout (Qed:7ms) (3s)
Error found in file: output/10.c at line: 17
Error line content: /*@ assert (y == 0) ==> (x != 4);  */


int unknown();
/*@ requires x >= 0 && x <= 2 && y <= 2 && y >= 0; */
void foo(int x,int y) {

            /*@
          loop invariant  (\at(x, Pre) >= 0 && \at(x, Pre) <= 2 && \at(y, Pre) <= 2 && \at(y, Pre) >= 0) ==> (((y == \at(y, Pre))&&(x == \at(x, Pre))) || ((x >= 0 && x <= 2 + 2 * \at(x, Pre)))) [INVARIANT FAILED] ;
          loop invariant  (\at(x, Pre) >= 0 && \at(x, Pre) <= 2 && \at(y, Pre) <= 2 && \at(y, Pre) >= 0) ==> (((y == \at(y, Pre))&&(x == \at(x, Pre))) || ((y >= 0 && y <= 2 + 2 * \at(y, Pre)))) [INVARIANT FAILED] ;
            */
            while (unknown()) {
      
      x  = x + 2;
      y  = y + 2;

    }
            
      /*@ assert (y == 0) ==> (x != 4);  */
  
}

### Error Analysis:

1. **Error 1: Goal Preservation of Invariant (line 7):**
   - The invariant failed because it attempts to preserve a relationship between `x` and its initial value that does not hold after the loop operations. The expression `(x >= 0 && x <= 2 + 2 * \at(x, Pre))` does not correctly capture the transformation applied to `x` during each iteration of the loop.

2. **Error 2: Goal Preservation of Invariant (line 8):**
   - Similar to the first error, the invariant for `y` also fails because the expression `(y >= 0 && y <= 2 + 2 * \at(y, Pre))` does not accurately reflect the changes applied to `y` during the loop iterations.

3. **Error 3: Goal Assertion (line 17):**
   - The assertion `(y == 0) ==> (x != 4)` failed because the invariant does not provide sufficient constraints on the values of `x` and `y` after the loop terminates. The assertions need the invariants to ensure that if `y` becomes 0, `x` cannot equal 4, but the invariants do not correctly maintain these constraints throughout the loop.

### Fixed C Code:

```c
int unknown();
/*@ requires x >= 0 && x <= 2 && y <= 2 && y >= 0; */
void foo(int x, int y) {

    /*@
      loop invariant  (x >= \at(x, Pre)) && (y >= \at(y, Pre));
      loop invariant  (x - y == \at(x, Pre) - \at(y, Pre));
      loop invariant  (x <= 2 + 2 * \at(x, Pre)) && (y <= 2 + 2 * \at(y, Pre));
     */
    while (unknown()) {

        x = x + 2;
        y = y + 2;

    }

    /*@ assert (y == 0) ==> (x != 4); */
}
```

### Explanation of the Fixed Code:

- **Loop Invariant 1:** `(x >= \at(x, Pre)) && (y >= \at(y, Pre))`: This invariant ensures that both `x` and `y` remain at least as large as their initial values throughout the loop.

- **Loop Invariant 2:** `(x - y == \at(x, Pre) - \at(y, Pre))`: This invariant maintains the difference between `x` and `y` as a constant, equal to their difference at the start of the loop.

- **Loop Invariant 3:** `(x <= 2 + 2 * \at(x, Pre)) && (y <= 2 + 2 * \at(y, Pre))`: This invariant ensures that `x` and `y` do not exceed certain bounds that reflect the maximum number of iterations (considering they both increase by 2 in each iteration). 

These invariants collectively ensure that if `y` becomes 0, `x` cannot be 4, thus satisfying the post-condition after the loop terminates.
after regen

int unknown();
/*@ requires x >= 0 && x <= 2 && y <= 2 && y >= 0; */
void foo(int x, int y) {

    /*@
      loop invariant  (x >= \at(x, Pre)) && (y >= \at(y, Pre));
      loop invariant  (x - y == \at(x, Pre) - \at(y, Pre));
      loop invariant  (x <= 2 + 2 * \at(x, Pre)) && (y <= 2 + 2 * \at(y, Pre));
     */
    while (unknown()) {

        x = x + 2;
        y = y + 2;

    }

    /*@ assert (y == 0) ==> (x != 4); */
}

syntax Correct
Validate:
[True, True, False]

Goal Preservation of Invariant (file output/10.c, line 9):
Let x_1 = 2 + y.
Let x_2 = 2 * y_1.
Let x_3 = 2 * y.
Let x_4 = x + y_1.
Assume {
  Type: is_sint32(tmp_0) /\ is_sint32(x) /\ is_sint32(y_1) /\ is_sint32(y) /\
      is_sint32(2 + x) /\ is_sint32(x_1) /\ is_sint32(x + y_1 - y).
  (* Pre-condition *)
  Have: (0 <= y_1) /\ (y <= x_4) /\ (y_1 <= 2) /\ (x_4 <= x_1).
  (* Invariant *)
  Have: ((-2) <= y_1) /\ (y <= (2 + x + y_1)).
  (* Invariant *)
  Have: y_1 <= y.
  (* Invariant *)
  Have: (y <= (2 + x_2)) /\ (x_3 <= (2 + x + x_2)).
  (* Then *)
  Have: tmp_0 != 0.
  (* Invariant *)
  Have: y_1 <= x_1.
}
Prove: (y <= x_2) /\ (x_3 <= (x + x_2)).
Prover Z3 4.8.12 returns Timeout (Qed:9ms) (3s)
Error found in file: output/10.c at line: 9
Error line content: loop invariant  (x <= 2 + 2 * \at(x, Pre)) && (y <= 2 + 2 * \at(y, Pre));

Verify:
[True]


int unknown();
/*@ requires x >= 0 && x <= 2 && y <= 2 && y >= 0; */
void foo(int x, int y) {

    /*@
      loop invariant  (x >= \at(x, Pre)) && (y >= \at(y, Pre));
      loop invariant  (x - y == \at(x, Pre) - \at(y, Pre));
      loop invariant  (x <= 2 + 2 * \at(x, Pre)) && (y <= 2 + 2 * \at(y, Pre)) [INVARIANT FAILED] ;
     */
    while (unknown()) {

        x = x + 2;
        y = y + 2;

    }

    /*@ assert (y == 0) ==> (x != 4); */
}

### Error Analysis:

1. **Error Description:**
   - The error pertains to the "Goal Preservation of Invariant," indicating that the existing loop invariant at line 9 cannot be proven to hold after each iteration.
   - The problematic invariant is `(x <= 2 + 2 * \at(x, Pre)) && (y <= 2 + 2 * \at(y, Pre))`, suggesting that the bounds on `x` and `y` after each iteration are incorrect or too strict.

2. **Rationale for Modification:**
   - The loop increments both `x` and `y` by 2 in each iteration. Given the initial conditions on `x` and `y` (both between 0 and 2 inclusive), the maximum values for `x` and `y` after any number of iterations should be bounded by `\at(x, Pre) + 2 * n` and `\at(y, Pre) + 2 * n`, where `n` is the number of iterations. Since the loop condition is unknown, the loop invariant should account for any number of iterations without being too strict.
   - Since equality constraints are consistently failing, replacing them with range constraints is a suitable strategy to weaken the invariant, allowing for successful preservation.

### Fixed C Code:

```c
int unknown();
/*@ requires x >= 0 && x <= 2 && y <= 2 && y >= 0; */
void foo(int x, int y) {

    /*@
      loop invariant  (x >= \at(x, Pre)) && (y >= \at(y, Pre));
      loop invariant  (x - y == \at(x, Pre) - \at(y, Pre));
      loop invariant  (x <= 2 * (\at(x, Pre) + y)) && (y <= 2 * (\at(y, Pre) + x));
     */
    while (unknown()) {

        x = x + 2;
        y = y + 2;

    }

    /*@ assert (y == 0) ==> (x != 4); */
}
```

In this correction, the problematic invariant `(x <= 2 + 2 * \at(x, Pre)) && (y <= 2 + 2 * \at(y, Pre))` was weakened by relaxing the constraints on `x` and `y` to allow for the possibility of more increments, ensuring the invariant holds throughout the loop's execution.
after weaken

int unknown();
/*@ requires x >= 0 && x <= 2 && y <= 2 && y >= 0; */
void foo(int x, int y) {

    /*@
      loop invariant  (x >= \at(x, Pre)) && (y >= \at(y, Pre));
      loop invariant  (x - y == \at(x, Pre) - \at(y, Pre));
      loop invariant  (x <= 2 * (\at(x, Pre) + y)) && (y <= 2 * (\at(y, Pre) + x));
     */
    while (unknown()) {

        x = x + 2;
        y = y + 2;

    }

    /*@ assert (y == 0) ==> (x != 4); */
}

syntax Correct
Validate:
[True, True, True]

Verify:
[True]

CORRECT INVARIANT
syntax Correct
Validate:
[True, True, True]

Verify:
[True]

syntax Correct
Validate:
[True, True, True]

Verify:
[True]

已移动文件: 10.c -> finish
-----------------------------------------

文件 10.c 处理完成. 总耗时: 98.5854742527008
-----------------------------------------
finshed_files:['88.c', '4.c', '114.c', '8.c', '84.c', '83.c', '111.c', '47.c', '14.c', '49.c', '131.c', '119.c', '43.c', '50.c', '56.c', '18.c', '53.c', '35.c', '10.c']
