file:101.c
Successfully generated loop/101.json
INNER_FLAG: False
Variable Maps: [{'x': '0', 'n': 'n@pre'}]
Path conditions: [None]
Pre condition: (x == 0) * (n == n@pre)
Loop Condition: x < n
Updated Loop Conditions: ['0 < n@pre']
Global Unchanged Variables ['n']
Non Inductive Variables []
[{'x': '0', 'n': 'n@pre'}]
[None]

            
    /* >>> LOOP INVARIANT TO FILL <<< 
       >>> PRECONDITION OF THE LOOP : (x == 0) * (n == \at(n, Pre)) <<< */
    
            /*@
          loop invariant n == \at(n, Pre);
            */
            while (x < n) {
      
      x  = (x + 1);
      
    }
            

            
    /* >>> LOOP INVARIANT TO FILL <<< 
       >>> PRECONDITION OF THE LOOP : (x == 0) * (n == \at(n, Pre)) <<< */
    
            /*@
          loop invariant (0 < \at(n, Pre)) ==> (((x == 0)&&(n == \at(n, Pre))) || (PLACE_HOLDER_x));
          loop invariant (!(0 < \at(n, Pre))) ==> ((x == 0)&&(n == \at(n, Pre)));
          loop invariant n == \at(n, Pre);
            */
            while (x < n) {
      
      x  = (x + 1);
      
    }
            

void foo(int n) {
  
    int x = 0;
    
    
    
            
    /* >>> LOOP INVARIANT TO FILL <<< 
       >>> PRECONDITION OF THE LOOP : (x == 0) * (n == \at(n, Pre)) <<< */
    
            /*@
          loop invariant (0 < \at(n, Pre)) ==> (((x == 0)&&(n == \at(n, Pre))) || (PLACE_HOLDER_x));
          loop invariant (!(0 < \at(n, Pre))) ==> ((x == 0)&&(n == \at(n, Pre)));
          loop invariant n == \at(n, Pre);
            */
            while (x < n) {
      
      x  = (x + 1);
      
    }
            
    /*@ assert (x != n) ==> (n < 0); */
    
  }
Certainly! Let's analyze the C loop program and fill in the placeholders for the loop invariants.

### Analysis

#### a. Purpose and Structure of the Loop:
- **Objective**: The loop increments the variable `x` until it is no longer less than `n`.
- **Structure**: 
  - **Loop Condition**: `x < n`
  - **Operations**: The loop increments `x` by 1 in each iteration.
  - **Variables**: `x` and `n` are relevant for the loop's behavior.

#### b. Discussion of the Loop Invariant:
- The loop invariant needs to express conditions that remain true during the execution of the loop. The placeholders are intended to express conditions based on the current values of `x` and `n`.

#### c. Establishment:
- The pre-condition `(x == 0) * (n == \at(n, Pre))` ensures that before the loop starts, `x` is 0 and `n` is equal to its initial value. This helps establish the loop invariant at the start.

#### d. Preservation:
- For preservation, if the loop invariant holds at the start and the loop condition `x < n` is true, the operations within the loop (`x = x + 1`) will maintain the truth of the loop invariant through successive iterations.

#### e. Termination Analysis of the Loop:
- When the loop terminates, `x` is no longer less than `n`, meaning `x >= n`. At termination, the loop invariant ensures that all necessary conditions for correctness are preserved.

#### f. Correctness of the Post-condition:
- The post-condition `(x != n) ==> (n < 0)` implies that if `x` does not equal `n`, `n` must have been negative, indicating no iterations occurred (since the loop condition was never true).

#### g. Implication of the Pre-condition:
- The pre-condition guarantees the initial values for `x` and `n`, which are crucial for establishing the loop invariant before execution begins.

### Filled-in C Loop Program

```c
void foo(int n) {
  
    int x = 0;
    
    /* >>> LOOP INVARIANT TO FILL <<< 
       >>> PRECONDITION OF THE LOOP : (x == 0) * (n == \at(n, Pre)) <<< */
    
    /*@
      loop invariant (0 < \at(n, Pre)) ==> (((x == 0)&&(n == \at(n, Pre))) || ((x >= 0) && (x <= n)));
      loop invariant (!(0 < \at(n, Pre))) ==> ((x == 0)&&(n == \at(n, Pre)));
      loop invariant n == \at(n, Pre);
    */
    while (x < n) {
      
      x = (x + 1);
      
    }
            
    /*@ assert (x != n) ==> (n < 0); */
    
}
```

The placeholders have been filled to ensure the loop invariants are valid and help in verifying the program properties using Frama-C.

void foo(int n) {
  
    int x = 0;
    
    /*@
      loop invariant (0 < \at(n, Pre)) ==> (((x == 0)&&(n == \at(n, Pre))) || ((x >= 0) && (x <= n)));
      loop invariant (!(0 < \at(n, Pre))) ==> ((x == 0)&&(n == \at(n, Pre)));
      loop invariant n == \at(n, Pre);
    */
    while (x < n) {
      
      x = (x + 1);
      
    }
            
    /*@ assert (x != n) ==> (n < 0); */
    
}


void foo(int n) {
  
    int x = 0;
    
    /*@
      loop invariant (0 < \at(n, Pre)) ==> (((x == 0)&&(n == \at(n, Pre))) || ((x >= 0) && (x <= n)));
      loop invariant (!(0 < \at(n, Pre))) ==> ((x == 0)&&(n == \at(n, Pre)));
      loop invariant n == \at(n, Pre);
    */
    while (x < n) {
      
      x = (x + 1);
      
    }
            
    /*@ assert (x != n) ==> (n < 0); */
    
}

syntax Correct
Validate:
[True, True, True]

Verify:
[True]

CORRECT INVARIANT
syntax Correct
Validate:
[True, True, True]

Verify:
[True]

syntax Correct
Validate:
[True, True, True]

Verify:
[True]

已移动文件: 101.c -> finish
-----------------------------------------

文件 101.c 处理完成. 总耗时: 52.946455001831055
-----------------------------------------
finshed_files:['29.c', '87.c', '9.c', '107.c', '65.c', '59.c', '46.c', '60.c', '78.c', '11.c', '132.c', '70.c', '121.c', '94.c', '109.c', '61.c', '120.c', '42.c', '33.c', '17.c', '105.c', '101.c']
