file:105.c
Successfully generated loop/105.json
INNER_FLAG: False
Variable Maps: [{'x': '0', 'v3': 'v3@pre', 'v2': 'v2@pre', 'v1': 'v1@pre', 'n': 'n@pre'}]
Path conditions: [None]
Pre condition: (x == 0) * (v3 == v3@pre) * (v2 == v2@pre) * (v1 == v1@pre) * (n == n@pre)
Loop Condition: x < n
Updated Loop Conditions: ['0 < n@pre']
Global Unchanged Variables ['v3', 'v2', 'v1', 'n']
Non Inductive Variables []
[{'x': '0', 'v3': 'v3@pre', 'v2': 'v2@pre', 'v1': 'v1@pre', 'n': 'n@pre'}]
[None]

            
    /* >>> LOOP INVARIANT TO FILL <<< 
       >>> PRECONDITION OF THE LOOP : (x == 0) * (v3 == \at(v3, Pre)) * (v2 == \at(v2, Pre)) * (v1 == \at(v1, Pre)) * (n == \at(n, Pre)) <<< */
    
            /*@
          loop invariant v3 == \at(v3, Pre);
          loop invariant v2 == \at(v2, Pre);
          loop invariant v1 == \at(v1, Pre);
          loop invariant n == \at(n, Pre);
            */
            while (x < n) {
      
      x  = (x + 1);
      
    }
            

            
    /* >>> LOOP INVARIANT TO FILL <<< 
       >>> PRECONDITION OF THE LOOP : (x == 0) * (v3 == \at(v3, Pre)) * (v2 == \at(v2, Pre)) * (v1 == \at(v1, Pre)) * (n == \at(n, Pre)) <<< */
    
            /*@
          loop invariant (0 < \at(n, Pre)) ==> (((x == 0)&&(v3 == \at(v3, Pre))&&(v2 == \at(v2, Pre))&&(v1 == \at(v1, Pre))&&(n == \at(n, Pre))) || (PLACE_HOLDER_x));
          loop invariant (!(0 < \at(n, Pre))) ==> ((x == 0)&&(v3 == \at(v3, Pre))&&(v2 == \at(v2, Pre))&&(v1 == \at(v1, Pre))&&(n == \at(n, Pre)));
          loop invariant v3 == \at(v3, Pre);
          loop invariant v2 == \at(v2, Pre);
          loop invariant v1 == \at(v1, Pre);
          loop invariant n == \at(n, Pre);
            */
            while (x < n) {
      
      x  = (x + 1);
      
    }
            
void foo(int n,int v1,int v2,int v3) {
  
    int x = 0;
    
    
    
            
    /* >>> LOOP INVARIANT TO FILL <<< 
       >>> PRECONDITION OF THE LOOP : (x == 0) * (v3 == \at(v3, Pre)) * (v2 == \at(v2, Pre)) * (v1 == \at(v1, Pre)) * (n == \at(n, Pre)) <<< */
    
            /*@
          loop invariant (0 < \at(n, Pre)) ==> (((x == 0)&&(v3 == \at(v3, Pre))&&(v2 == \at(v2, Pre))&&(v1 == \at(v1, Pre))&&(n == \at(n, Pre))) || (PLACE_HOLDER_x));
          loop invariant (!(0 < \at(n, Pre))) ==> ((x == 0)&&(v3 == \at(v3, Pre))&&(v2 == \at(v2, Pre))&&(v1 == \at(v1, Pre))&&(n == \at(n, Pre)));
          loop invariant v3 == \at(v3, Pre);
          loop invariant v2 == \at(v2, Pre);
          loop invariant v1 == \at(v1, Pre);
          loop invariant n == \at(n, Pre);
            */
            while (x < n) {
      
      x  = (x + 1);
      
    }
            
    /*@ assert (n >= 0) ==> (x == n); */
    
  }
To analyze the given C program and fill in the placeholders with appropriate loop invariants, let's break down the program and its requirements.

### Analysis

#### a. Purpose and Structure of the Loop

- **Objective**: The loop is designed to increment the variable `x` from its initial value of 0 until it equals `n`.
- **Structure**:
  - **Condition**: `x < n`
  - **Body**: Increment `x` by 1 (`x = x + 1`)
  - **Relevant Variables**: `x` and `n` (other variables `v1`, `v2`, `v3` are unused in the loop body and remain constant)

#### b. Discussion of the Loop Invariant

- **Proposed Loop Invariant**:
  - `0 <= x <= n`: This invariant ensures `x` is always within the bounds from 0 to `n`.
  - The other invariants ensure that `v1`, `v2`, `v3`, and `n` do not change during the loop execution.

#### c. Establishment

- Before the loop starts, `x` is initialized to 0, which satisfies `0 <= x <= n` since `n` is non-negative.

#### d. Preservation

- If `0 <= x < n` holds at the start of the loop iteration and `x` is incremented by 1, the condition `0 <= x + 1 <= n` holds at the end of the iteration as long as `x < n` is true.

#### e. Termination Analysis of the Loop

- The loop terminates when `x` is no longer less than `n`, i.e., `x >= n`. Given the invariant, this implies `x == n` at termination.

#### f. Correctness of the Post-condition

- The post-condition `(n >= 0) ==> (x == n)` is satisfied because, upon loop termination, the loop invariant `0 <= x <= n` combined with the negation of the loop condition (`!(x < n)`) implies `x == n`.

#### g. Implication of the Pre-condition

- The pre-condition `(x == 0) * (v3 == \at(v3, Pre)) * (v2 == \at(v2, Pre)) * (v1 == \at(v1, Pre)) * (n == \at(n, Pre))` ensures that `x` starts at 0 and `n` is unchanged, which establishes the initial state that satisfies the loop invariant.

### Filled C Loop Program with Annotations

```c
void foo(int n,int v1,int v2,int v3) {
  
    int x = 0;
    
    /* >>> LOOP INVARIANT TO FILL <<< 
       >>> PRECONDITION OF THE LOOP : (x == 0) * (v3 == \at(v3, Pre)) * (v2 == \at(v2, Pre)) * (v1 == \at(v1, Pre)) * (n == \at(n, Pre)) <<< */
    
            /*@
          loop invariant (0 < \at(n, Pre)) ==> (((x >= 0) && (x <= n))&&(v3 == \at(v3, Pre))&&(v2 == \at(v2, Pre))&&(v1 == \at(v1, Pre))&&(n == \at(n, Pre)));
          loop invariant (!(0 < \at(n, Pre))) ==> ((x == 0)&&(v3 == \at(v3, Pre))&&(v2 == \at(v2, Pre))&&(v1 == \at(v1, Pre))&&(n == \at(n, Pre)));
          loop invariant v3 == \at(v3, Pre);
          loop invariant v2 == \at(v2, Pre);
          loop invariant v1 == \at(v1, Pre);
          loop invariant n == \at(n, Pre);
            */
            while (x < n) {
      
      x  = (x + 1);
      
    }
            
    /*@ assert (n >= 0) ==> (x == n); */
    
  }
```

This filled invariant ensures that `x` starts at 0 and increments without surpassing `n`, which is crucial to verify the post-condition upon loop termination.

void foo(int n,int v1,int v2,int v3) {
  
    int x = 0;
    
            /*@
          loop invariant (0 < \at(n, Pre)) ==> (((x >= 0) && (x <= n))&&(v3 == \at(v3, Pre))&&(v2 == \at(v2, Pre))&&(v1 == \at(v1, Pre))&&(n == \at(n, Pre)));
          loop invariant (!(0 < \at(n, Pre))) ==> ((x == 0)&&(v3 == \at(v3, Pre))&&(v2 == \at(v2, Pre))&&(v1 == \at(v1, Pre))&&(n == \at(n, Pre)));
          loop invariant v3 == \at(v3, Pre);
          loop invariant v2 == \at(v2, Pre);
          loop invariant v1 == \at(v1, Pre);
          loop invariant n == \at(n, Pre);
            */
            while (x < n) {
      
      x  = (x + 1);
      
    }
            
    /*@ assert (n >= 0) ==> (x == n); */
    
  }


void foo(int n,int v1,int v2,int v3) {
  
    int x = 0;
    
            /*@
          loop invariant (0 < \at(n, Pre)) ==> (((x >= 0) && (x <= n))&&(v3 == \at(v3, Pre))&&(v2 == \at(v2, Pre))&&(v1 == \at(v1, Pre))&&(n == \at(n, Pre)));
          loop invariant (!(0 < \at(n, Pre))) ==> ((x == 0)&&(v3 == \at(v3, Pre))&&(v2 == \at(v2, Pre))&&(v1 == \at(v1, Pre))&&(n == \at(n, Pre)));
          loop invariant v3 == \at(v3, Pre);
          loop invariant v2 == \at(v2, Pre);
          loop invariant v1 == \at(v1, Pre);
          loop invariant n == \at(n, Pre);
            */
            while (x < n) {
      
      x  = (x + 1);
      
    }
            
    /*@ assert (n >= 0) ==> (x == n); */
    
  }

syntax Correct
Validate:
[True, True, True, True, True, True]

Verify:
[True]

CORRECT INVARIANT
syntax Correct
Validate:
[True, True, True, True, True, True]

Verify:
[True]

syntax Correct
Validate:
[True, True, True, True, True, True]

Verify:
[True]

已移动文件: 105.c -> finish
-----------------------------------------

文件 105.c 处理完成. 总耗时: 62.36791396141052
-----------------------------------------
finshed_files:['29.c', '87.c', '9.c', '107.c', '65.c', '59.c', '46.c', '60.c', '78.c', '11.c', '132.c', '70.c', '121.c', '94.c', '109.c', '61.c', '120.c', '42.c', '33.c', '17.c', '105.c']
