file:112.c
Successfully generated loop/112.json
INNER_FLAG: False
Variable Maps: [{'sn': '0', 'i': '1', 'v3': 'v3@pre', 'v2': 'v2@pre', 'v1': 'v1@pre', 'n': 'n@pre'}]
Path conditions: [None]
Pre condition: (sn == 0) * (i == 1) * (v3 == v3@pre) * (v2 == v2@pre) * (v1 == v1@pre) * (n == n@pre)
Loop Condition: i <= n
Updated Loop Conditions: ['1 <= n@pre']
Global Unchanged Variables ['v3', 'v2', 'v1', 'n']
Non Inductive Variables []
[{'sn': '0', 'i': '1', 'v3': 'v3@pre', 'v2': 'v2@pre', 'v1': 'v1@pre', 'n': 'n@pre'}]
[None]

            
    /* >>> LOOP INVARIANT TO FILL <<< 
       >>> PRECONDITION OF THE LOOP : (sn == 0) * (i == 1) * (v3 == \at(v3, Pre)) * (v2 == \at(v2, Pre)) * (v1 == \at(v1, Pre)) * (n == \at(n, Pre)) <<< */
    
            /*@
          loop invariant v3 == \at(v3, Pre);
          loop invariant v2 == \at(v2, Pre);
          loop invariant v1 == \at(v1, Pre);
          loop invariant n == \at(n, Pre);
            */
            while (i <= n) {
      
      i  = (i + 1);
      sn  = (sn + 1);
  
    }
            

            
    /* >>> LOOP INVARIANT TO FILL <<< 
       >>> PRECONDITION OF THE LOOP : (sn == 0) * (i == 1) * (v3 == \at(v3, Pre)) * (v2 == \at(v2, Pre)) * (v1 == \at(v1, Pre)) * (n == \at(n, Pre)) <<< */
    
            /*@
          loop invariant (1 <= \at(n, Pre)) ==> (((sn == 0)&&(i == 1)&&(v3 == \at(v3, Pre))&&(v2 == \at(v2, Pre))&&(v1 == \at(v1, Pre))&&(n == \at(n, Pre))) || (PLACE_HOLDER_i));
          loop invariant (1 <= \at(n, Pre)) ==> (((sn == 0)&&(i == 1)&&(v3 == \at(v3, Pre))&&(v2 == \at(v2, Pre))&&(v1 == \at(v1, Pre))&&(n == \at(n, Pre))) || (PLACE_HOLDER_sn));
          loop invariant (!(1 <= \at(n, Pre))) ==> ((sn == 0)&&(i == 1)&&(v3 == \at(v3, Pre))&&(v2 == \at(v2, Pre))&&(v1 == \at(v1, Pre))&&(n == \at(n, Pre)));
          loop invariant v3 == \at(v3, Pre);
          loop invariant v2 == \at(v2, Pre);
          loop invariant v1 == \at(v1, Pre);
          loop invariant n == \at(n, Pre);
            */
            while (i <= n) {
      
      i  = (i + 1);
      sn  = (sn + 1);
  
    }
            
/*@ requires n >= 1;
*/
void foo(int n,int v1,int v2,int v3) {

    int i = 1;
    int sn = 0;
    
    
    
            
    /* >>> LOOP INVARIANT TO FILL <<< 
       >>> PRECONDITION OF THE LOOP : (sn == 0) * (i == 1) * (v3 == \at(v3, Pre)) * (v2 == \at(v2, Pre)) * (v1 == \at(v1, Pre)) * (n == \at(n, Pre)) <<< */
    
            /*@
          loop invariant (1 <= \at(n, Pre)) ==> (((sn == 0)&&(i == 1)&&(v3 == \at(v3, Pre))&&(v2 == \at(v2, Pre))&&(v1 == \at(v1, Pre))&&(n == \at(n, Pre))) || (PLACE_HOLDER_i));
          loop invariant (1 <= \at(n, Pre)) ==> (((sn == 0)&&(i == 1)&&(v3 == \at(v3, Pre))&&(v2 == \at(v2, Pre))&&(v1 == \at(v1, Pre))&&(n == \at(n, Pre))) || (PLACE_HOLDER_sn));
          loop invariant (!(1 <= \at(n, Pre))) ==> ((sn == 0)&&(i == 1)&&(v3 == \at(v3, Pre))&&(v2 == \at(v2, Pre))&&(v1 == \at(v1, Pre))&&(n == \at(n, Pre)));
          loop invariant v3 == \at(v3, Pre);
          loop invariant v2 == \at(v2, Pre);
          loop invariant v1 == \at(v1, Pre);
          loop invariant n == \at(n, Pre);
            */
            while (i <= n) {
      
      i  = (i + 1);
      sn  = (sn + 1);
  
    }
            
    
    /*@ assert (sn!= n) ==> (sn ==0); */
  
  }
Sure, let's analyze the given loop and fill in the ACSL placeholders.

1. **Purpose and Structure of the Loop:**
   - **Objective:** The loop iterates from `i = 1` to `i = n`, incrementing `sn` by 1 in each iteration. The intended outcome is to have `sn` equal to `n` after the loop finishes.
   - **Structure:**
     - **Condition:** `i <= n`
     - **Operations:** `i` is incremented by 1, and `sn` is incremented by 1 in each iteration.
     - **Relevant Variables:** `i`, `sn`, `n`, `v1`, `v2`, `v3`

2. **Discussion of the Loop Invariant:**
   - The loop invariant needs to express relationships that hold true before and after each iteration of the loop. In this case, it needs to establish the relationship between `sn` and `i` and ensure that the properties of other variables (`v1`, `v2`, `v3`, `n`) remain unchanged.

3. **Establishment:**
   - Before the loop starts, `sn == 0` and `i == 1`, which satisfies the invariant condition.

4. **Preservation:**
   - If the invariant holds at the start of an iteration, after incrementing `i` and `sn`, the invariant will still hold as `sn` will always be `i - 1`.

5. **Termination Analysis of the Loop:**
   - When the loop terminates, `i > n`. At this point, `sn` should be equal to `n` because `sn` is incremented in sync with `i` starting from 0 when `i` was 1.

6. **Correctness of the Post-condition:**
   - After the loop, if `sn != n`, then the post-condition `sn == 0` should hold. This is ensured by the invariant combined with the loop condition.

7. **Implication of the Pre-condition:**
   - The pre-condition `(sn == 0) * (i == 1)` directly implies the loop invariant before the loop begins.

Now, let's fill in the placeholders in the loop invariants.

```c
/*@ requires n >= 1;
*/
void foo(int n,int v1,int v2,int v3) {

    int i = 1;
    int sn = 0;
    
    /*@
      loop invariant (1 <= \at(n, Pre)) ==> (((sn == 0)&&(i == 1)&&(v3 == \at(v3, Pre))&&(v2 == \at(v2, Pre))&&(v1 == \at(v1, Pre))&&(n == \at(n, Pre))) || (sn == i - 1 && 2 <= i && i <= n + 1));
      loop invariant (1 <= \at(n, Pre)) ==> (((sn == 0)&&(i == 1)&&(v3 == \at(v3, Pre))&&(v2 == \at(v2, Pre))&&(v1 == \at(v1, Pre))&&(n == \at(n, Pre))) || (sn == i - 1 && 2 <= i && i <= n + 1 ));
      loop invariant (!(1 <= \at(n, Pre))) ==> ((sn == 0)&&(i == 1)&&(v3 == \at(v3, Pre))&&(v2 == \at(v2, Pre))&&(v1 == \at(v1, Pre))&&(n == \at(n, Pre)));
      loop invariant v3 == \at(v3, Pre);
      loop invariant v2 == \at(v2, Pre);
      loop invariant v1 == \at(v1, Pre);
      loop invariant n == \at(n, Pre);
    */
    while (i <= n) {
        i  = (i + 1);
        sn  = (sn + 1);
    }
    
    /*@ assert (sn!= n) ==> (sn ==0); */
  
}
```

Here, the placeholders `PLACE_HOLDER_i` and `PLACE_HOLDER_sn` are filled with `sn == i - 1 && 2 <= i && i <= n + 1`, which captures the relationship between `sn` and `i` and ensures that `sn` tracks `i - 1` throughout the loop iterations.

/*@ requires n >= 1;
*/
void foo(int n,int v1,int v2,int v3) {

    int i = 1;
    int sn = 0;
    
    /*@
      loop invariant (1 <= \at(n, Pre)) ==> (((sn == 0)&&(i == 1)&&(v3 == \at(v3, Pre))&&(v2 == \at(v2, Pre))&&(v1 == \at(v1, Pre))&&(n == \at(n, Pre))) || (sn == i - 1 && 2 <= i && i <= n + 1));
      loop invariant (1 <= \at(n, Pre)) ==> (((sn == 0)&&(i == 1)&&(v3 == \at(v3, Pre))&&(v2 == \at(v2, Pre))&&(v1 == \at(v1, Pre))&&(n == \at(n, Pre))) || (sn == i - 1 && 2 <= i && i <= n + 1 ));
      loop invariant (!(1 <= \at(n, Pre))) ==> ((sn == 0)&&(i == 1)&&(v3 == \at(v3, Pre))&&(v2 == \at(v2, Pre))&&(v1 == \at(v1, Pre))&&(n == \at(n, Pre)));
      loop invariant v3 == \at(v3, Pre);
      loop invariant v2 == \at(v2, Pre);
      loop invariant v1 == \at(v1, Pre);
      loop invariant n == \at(n, Pre);
    */
    while (i <= n) {
        i  = (i + 1);
        sn  = (sn + 1);
    }
    
    /*@ assert (sn!= n) ==> (sn ==0); */
  
}


/*@ requires n >= 1;
*/
void foo(int n,int v1,int v2,int v3) {

    int i = 1;
    int sn = 0;
    
    /*@
      loop invariant (1 <= \at(n, Pre)) ==> (((sn == 0)&&(i == 1)&&(v3 == \at(v3, Pre))&&(v2 == \at(v2, Pre))&&(v1 == \at(v1, Pre))&&(n == \at(n, Pre))) || (sn == i - 1 && 2 <= i && i <= n + 1));
      loop invariant (1 <= \at(n, Pre)) ==> (((sn == 0)&&(i == 1)&&(v3 == \at(v3, Pre))&&(v2 == \at(v2, Pre))&&(v1 == \at(v1, Pre))&&(n == \at(n, Pre))) || (sn == i - 1 && 2 <= i && i <= n + 1 ));
      loop invariant (!(1 <= \at(n, Pre))) ==> ((sn == 0)&&(i == 1)&&(v3 == \at(v3, Pre))&&(v2 == \at(v2, Pre))&&(v1 == \at(v1, Pre))&&(n == \at(n, Pre)));
      loop invariant v3 == \at(v3, Pre);
      loop invariant v2 == \at(v2, Pre);
      loop invariant v1 == \at(v1, Pre);
      loop invariant n == \at(n, Pre);
    */
    while (i <= n) {
        i  = (i + 1);
        sn  = (sn + 1);
    }
    
    /*@ assert (sn!= n) ==> (sn ==0); */
  
}

syntax Correct
Validate:
[True, True, True, True, True, True, True]

Verify:
[True]

CORRECT INVARIANT
syntax Correct
Validate:
[True, True, True, True, True, True, True]

Verify:
[True]

syntax Correct
Validate:
[True, True, True, True, True, True, True]

Verify:
[True]

已移动文件: 112.c -> finish
-----------------------------------------

文件 112.c 处理完成. 总耗时: 57.7682626247406
-----------------------------------------
finshed_files:['88.c', '4.c', '114.c', '8.c', '84.c', '83.c', '111.c', '47.c', '14.c', '49.c', '131.c', '119.c', '43.c', '50.c', '56.c', '18.c', '53.c', '35.c', '10.c', '28.c', '26.c', '73.c', '89.c', '126.c', '96.c', '57.c', '37.c', '36.c', '92.c', '68.c', '115.c', '71.c', '91.c', '22.c', '19.c', '124.c', '52.c', '100.c', '95.c', '90.c', '86.c', '128.c', '62.c', '77.c', '79.c', '108.c', '129.c', '34.c', '123.c', '98.c', '41.c', '27.c', '106.c', '58.c', '130.c', '20.c', '85.c', '15.c', '75.c', '104.c', '2.c', '82.c', '32.c', '23.c', '117.c', '125.c', '64.c', '6.c', '1.c', '12.c', '45.c', '113.c', '13.c', '31.c', '54.c', '93.c', '3.c', '30.c', '133.c', '112.c']
