file:127.c
Successfully generated loop/127.json
INNER_FLAG: False
Variable Maps: [{'j': 'y@pre', 'i': 'x@pre', 'z3': 'z3@pre', 'z2': 'z2@pre', 'z1': 'z1@pre', 'y': 'y@pre', 'x': 'x@pre'}]
Path conditions: [None]
Pre condition: (j == y@pre) * (i == x@pre) * (z3 == z3@pre) * (z2 == z2@pre) * (z1 == z1@pre) * (y == y@pre) * (x == x@pre)
Loop Condition: x != 0
Updated Loop Conditions: ['x@pre != 0']
Global Unchanged Variables ['j', 'i', 'z3', 'z2', 'z1']
Non Inductive Variables []
[{'j': 'y@pre', 'i': 'x@pre', 'z3': 'z3@pre', 'z2': 'z2@pre', 'z1': 'z1@pre', 'y': 'y@pre', 'x': 'x@pre'}]
[None]

            
    /* >>> LOOP INVARIANT TO FILL <<< 
       >>> PRECONDITION OF THE LOOP : (j == \at(y, Pre)) * (i == \at(x, Pre)) * (z3 == \at(z3, Pre)) * (z2 == \at(z2, Pre)) * (z1 == \at(z1, Pre)) * (y == \at(y, Pre)) * (x == \at(x, Pre)) <<< */
    
            /*@
          loop invariant j == \at(y, Pre);
          loop invariant i == \at(x, Pre);
          loop invariant z3 == \at(z3, Pre);
          loop invariant z2 == \at(z2, Pre);
          loop invariant z1 == \at(z1, Pre);
            */
            while (x != 0) {
  
      x  = x - 1;
      y  = y - 1;
  
    }
            

            
    /* >>> LOOP INVARIANT TO FILL <<< 
       >>> PRECONDITION OF THE LOOP : (j == \at(y, Pre)) * (i == \at(x, Pre)) * (z3 == \at(z3, Pre)) * (z2 == \at(z2, Pre)) * (z1 == \at(z1, Pre)) * (y == \at(y, Pre)) * (x == \at(x, Pre)) <<< */
    
            /*@
          loop invariant (\at(x, Pre) != 0) ==> (((j == \at(y, Pre))&&(i == \at(x, Pre))&&(z3 == \at(z3, Pre))&&(z2 == \at(z2, Pre))&&(z1 == \at(z1, Pre))&&(y == \at(y, Pre))&&(x == \at(x, Pre))) || (PLACE_HOLDER_x));
          loop invariant (\at(x, Pre) != 0) ==> (((j == \at(y, Pre))&&(i == \at(x, Pre))&&(z3 == \at(z3, Pre))&&(z2 == \at(z2, Pre))&&(z1 == \at(z1, Pre))&&(y == \at(y, Pre))&&(x == \at(x, Pre))) || (PLACE_HOLDER_y));
          loop invariant (!(\at(x, Pre) != 0)) ==> ((j == \at(y, Pre))&&(i == \at(x, Pre))&&(z3 == \at(z3, Pre))&&(z2 == \at(z2, Pre))&&(z1 == \at(z1, Pre))&&(y == \at(y, Pre))&&(x == \at(x, Pre)));
          loop invariant j == \at(y, Pre);
          loop invariant i == \at(x, Pre);
          loop invariant z3 == \at(z3, Pre);
          loop invariant z2 == \at(z2, Pre);
          loop invariant z1 == \at(z1, Pre);
            */
            while (x != 0) {
  
      x  = x - 1;
      y  = y - 1;
  
    }
            
void foo(int x, int y,int z1,int z2,int z3) {

    int i = x;
    int j = y;
    
    
    
            
    /* >>> LOOP INVARIANT TO FILL <<< 
       >>> PRECONDITION OF THE LOOP : (j == \at(y, Pre)) * (i == \at(x, Pre)) * (z3 == \at(z3, Pre)) * (z2 == \at(z2, Pre)) * (z1 == \at(z1, Pre)) * (y == \at(y, Pre)) * (x == \at(x, Pre)) <<< */
    
            /*@
          loop invariant (\at(x, Pre) != 0) ==> (((j == \at(y, Pre))&&(i == \at(x, Pre))&&(z3 == \at(z3, Pre))&&(z2 == \at(z2, Pre))&&(z1 == \at(z1, Pre))&&(y == \at(y, Pre))&&(x == \at(x, Pre))) || (PLACE_HOLDER_x));
          loop invariant (\at(x, Pre) != 0) ==> (((j == \at(y, Pre))&&(i == \at(x, Pre))&&(z3 == \at(z3, Pre))&&(z2 == \at(z2, Pre))&&(z1 == \at(z1, Pre))&&(y == \at(y, Pre))&&(x == \at(x, Pre))) || (PLACE_HOLDER_y));
          loop invariant (!(\at(x, Pre) != 0)) ==> ((j == \at(y, Pre))&&(i == \at(x, Pre))&&(z3 == \at(z3, Pre))&&(z2 == \at(z2, Pre))&&(z1 == \at(z1, Pre))&&(y == \at(y, Pre))&&(x == \at(x, Pre)));
          loop invariant j == \at(y, Pre);
          loop invariant i == \at(x, Pre);
          loop invariant z3 == \at(z3, Pre);
          loop invariant z2 == \at(z2, Pre);
          loop invariant z1 == \at(z1, Pre);
            */
            while (x != 0) {
  
      x  = x - 1;
      y  = y - 1;
  
    }
            
  
    /*@ assert (y != 0) ==> (i != j); */
  
  }
To analyze the given C program and fill in the placeholders for the loop invariants, let's first understand the program's structure and intent.

### a. Purpose and Structure of the Loop
**Objective:** The loop is intended to decrement the variables `x` and `y` until `x` becomes zero. This is a simple countdown loop where both variables `x` and `y` are decremented simultaneously.

**Structure:**
- **Loop Condition:** `x != 0`
- **Operations:** `x = x - 1;` and `y = y - 1;`
- **Relevant Variables:** `x`, `y`, `i`, `j`, `z1`, `z2`, `z3`. However, only `x` and `y` are modified in the loop.

### b. Discussion of the Loop Invariant
The loop invariant should capture the relationship between the variables that remains true throughout the loop execution. Given that `x` and `y` are being decremented together, their difference from their initial values will remain constant.

### c. Establishment
Before the loop begins, the invariant is satisfied because `x` and `y` have not been modified, so their relationship as specified by the precondition holds.

### d. Preservation
The invariant is preserved because during each iteration, both `x` and `y` are decremented by 1. Therefore, their relative difference remains constant.

### e. Termination Analysis of the Loop
The loop terminates when `x == 0`, meaning the loop condition `x != 0` is false. At this point, the invariant guarantees that the relationship between the initial and current values of `x` and `y` remains valid.

### f. Correctness of the Post-condition
The post-condition asserts that if `y` is not zero, then `i` is not equal to `j`. Given the loop's operation, if `x` and `y` are both decremented equally until `x` is zero, then `y` must have matched the decrements, unless it started less than `i`. The invariant supports this condition.

### g. Implication of the Pre-condition
The pre-condition simply states the initial values of the variables. These initial values are critical for establishing the invariant upon loop entry.

Now, let's fill in the placeholders in the loop invariants:

```c
void foo(int x, int y, int z1, int z2, int z3) {
    int i = x;
    int j = y;

    /* >>> LOOP INVARIANT TO FILL <<< 
       >>> PRECONDITION OF THE LOOP : (j == \at(y, Pre)) * (i == \at(x, Pre)) * (z3 == \at(z3, Pre)) * (z2 == \at(z2, Pre)) * (z1 == \at(z1, Pre)) * (y == \at(y, Pre)) * (x == \at(x, Pre)) <<< */
    
    /*@
      loop invariant (\at(x, Pre) != 0) ==> (((j == \at(y, Pre))&&(i == \at(x, Pre))&&(z3 == \at(z3, Pre))&&(z2 == \at(z2, Pre))&&(z1 == \at(z1, Pre))&&(y == \at(y, Pre))&&(x == \at(x, Pre))) || (x + y == \at(x, Pre) + \at(y, Pre)));
      loop invariant (\at(x, Pre) != 0) ==> (((j == \at(y, Pre))&&(i == \at(x, Pre))&&(z3 == \at(z3, Pre))&&(z2 == \at(z2, Pre))&&(z1 == \at(z1, Pre))&&(y == \at(y, Pre))&&(x == \at(x, Pre))) || (x + y == \at(x, Pre) + \at(y, Pre)));
      loop invariant (!(\at(x, Pre) != 0)) ==> ((j == \at(y, Pre))&&(i == \at(x, Pre))&&(z3 == \at(z3, Pre))&&(z2 == \at(z2, Pre))&&(z1 == \at(z1, Pre))&&(y == \at(y, Pre))&&(x == \at(x, Pre)));
      loop invariant j == \at(y, Pre);
      loop invariant i == \at(x, Pre);
      loop invariant z3 == \at(z3, Pre);
      loop invariant z2 == \at(z2, Pre);
      loop invariant z1 == \at(z1, Pre);
    */
    while (x != 0) {
        x = x - 1;
        y = y - 1;
    }

    /*@ assert (y != 0) ==> (i != j); */
}
```

The placeholders `PLACE_HOLDER_x` and `PLACE_HOLDER_y` have been filled with `x + y == \at(x, Pre) + \at(y, Pre)`, which represents the constant sum of `x` and `y` throughout the loop (which remains invariant).

void foo(int x, int y, int z1, int z2, int z3) {
    int i = x;
    int j = y;

    /*@
      loop invariant (\at(x, Pre) != 0) ==> (((j == \at(y, Pre))&&(i == \at(x, Pre))&&(z3 == \at(z3, Pre))&&(z2 == \at(z2, Pre))&&(z1 == \at(z1, Pre))&&(y == \at(y, Pre))&&(x == \at(x, Pre))) || (x + y == \at(x, Pre) + \at(y, Pre)));
      loop invariant (\at(x, Pre) != 0) ==> (((j == \at(y, Pre))&&(i == \at(x, Pre))&&(z3 == \at(z3, Pre))&&(z2 == \at(z2, Pre))&&(z1 == \at(z1, Pre))&&(y == \at(y, Pre))&&(x == \at(x, Pre))) || (x + y == \at(x, Pre) + \at(y, Pre)));
      loop invariant (!(\at(x, Pre) != 0)) ==> ((j == \at(y, Pre))&&(i == \at(x, Pre))&&(z3 == \at(z3, Pre))&&(z2 == \at(z2, Pre))&&(z1 == \at(z1, Pre))&&(y == \at(y, Pre))&&(x == \at(x, Pre)));
      loop invariant j == \at(y, Pre);
      loop invariant i == \at(x, Pre);
      loop invariant z3 == \at(z3, Pre);
      loop invariant z2 == \at(z2, Pre);
      loop invariant z1 == \at(z1, Pre);
    */
    while (x != 0) {
        x = x - 1;
        y = y - 1;
    }

    /*@ assert (y != 0) ==> (i != j); */
}


void foo(int x, int y, int z1, int z2, int z3) {
    int i = x;
    int j = y;

    /*@
      loop invariant (\at(x, Pre) != 0) ==> (((j == \at(y, Pre))&&(i == \at(x, Pre))&&(z3 == \at(z3, Pre))&&(z2 == \at(z2, Pre))&&(z1 == \at(z1, Pre))&&(y == \at(y, Pre))&&(x == \at(x, Pre))) || (x + y == \at(x, Pre) + \at(y, Pre)));
      loop invariant (\at(x, Pre) != 0) ==> (((j == \at(y, Pre))&&(i == \at(x, Pre))&&(z3 == \at(z3, Pre))&&(z2 == \at(z2, Pre))&&(z1 == \at(z1, Pre))&&(y == \at(y, Pre))&&(x == \at(x, Pre))) || (x + y == \at(x, Pre) + \at(y, Pre)));
      loop invariant (!(\at(x, Pre) != 0)) ==> ((j == \at(y, Pre))&&(i == \at(x, Pre))&&(z3 == \at(z3, Pre))&&(z2 == \at(z2, Pre))&&(z1 == \at(z1, Pre))&&(y == \at(y, Pre))&&(x == \at(x, Pre)));
      loop invariant j == \at(y, Pre);
      loop invariant i == \at(x, Pre);
      loop invariant z3 == \at(z3, Pre);
      loop invariant z2 == \at(z2, Pre);
      loop invariant z1 == \at(z1, Pre);
    */
    while (x != 0) {
        x = x - 1;
        y = y - 1;
    }

    /*@ assert (y != 0) ==> (i != j); */
}

syntax Correct
Validate:
[False, True, True, True, True, True, True, True]

Goal Preservation of Invariant (file output/127.c, line 7):
Let x_1 = x + y.
Assume {
  Type: is_sint32(i) /\ is_sint32(j) /\ is_sint32(x) /\ is_sint32(y) /\
      is_sint32(x - 1) /\ is_sint32(y - 1).
  (* Goal *)
  When: i != 0.
  (* Invariant *)
  Have: (x_1 = (i + j)) \/ ((x = i) /\ (y = j)).
  (* Then *)
  Have: x != 0.
}
Prove: ((2 + i + j) = x_1) \/ (((1 + i) = x) /\ ((1 + j) = y)).
Prover Z3 4.8.12 returns Timeout (Qed:8ms) (3s)
Error found in file: output/127.c at line: 7
Error line content: loop invariant (\at(x, Pre) != 0) ==> (((j == \at(y, Pre))&&(i == \at(x, Pre))&&(z3 == \at(z3, Pre))&&(z2 == \at(z2, Pre))&&(z1 == \at(z1, Pre))&&(y == \at(y, Pre))&&(x == \at(x, Pre))) || (x + y == \at(x, Pre) + \at(y, Pre)));

Verify:
[False]

Goal Assertion (file output/127.c, line 21):
Assume {
  Type: is_sint32(i) /\ is_sint32(j) /\ is_sint32(y).
  (* Goal *)
  When: y != 0.
  (* Invariant *)
  Have: ((i != 0) -> (((i + j) = y) \/ ((i = 0) /\ (y = j)))).
  (* Invariant *)
  Have: ((i = 0) -> (y = j)).
}
Prove: j != i.
Prover Z3 4.8.12 returns Timeout (Qed:5ms) (3s)
Error found in file: output/127.c at line: 21
Error line content: /*@ assert (y != 0) ==> (i != j); */


void foo(int x, int y, int z1, int z2, int z3) {
    int i = x;
    int j = y;

    /*@
      loop invariant (\at(x, Pre) != 0) ==> (((j == \at(y, Pre))&&(i == \at(x, Pre))&&(z3 == \at(z3, Pre))&&(z2 == \at(z2, Pre))&&(z1 == \at(z1, Pre))&&(y == \at(y, Pre))&&(x == \at(x, Pre))) || (x + y == \at(x, Pre) + \at(y, Pre))) [INVARIANT FAILED] ;
      loop invariant (\at(x, Pre) != 0) ==> (((j == \at(y, Pre))&&(i == \at(x, Pre))&&(z3 == \at(z3, Pre))&&(z2 == \at(z2, Pre))&&(z1 == \at(z1, Pre))&&(y == \at(y, Pre))&&(x == \at(x, Pre))) || (x + y == \at(x, Pre) + \at(y, Pre)));
      loop invariant (!(\at(x, Pre) != 0)) ==> ((j == \at(y, Pre))&&(i == \at(x, Pre))&&(z3 == \at(z3, Pre))&&(z2 == \at(z2, Pre))&&(z1 == \at(z1, Pre))&&(y == \at(y, Pre))&&(x == \at(x, Pre)));
      loop invariant j == \at(y, Pre);
      loop invariant i == \at(x, Pre);
      loop invariant z3 == \at(z3, Pre);
      loop invariant z2 == \at(z2, Pre);
      loop invariant z1 == \at(z1, Pre);
    */
    while (x != 0) {
        x = x - 1;
        y = y - 1;
    }

    /*@ assert (y != 0) ==> (i != j); */
}

### Error Analysis

The errors in the provided ACSL annotations indicate issues with both the establishment and preservation of the loop invariants, as well as the inability to verify the post-condition after the loop completes.

1. **Goal Establishment of Invariant**:
    - The initial invariant does not hold true when the loop is first entered, potentially due to incorrect assumptions about the relationships between `x`, `y`, `i`, and `j`.

2. **Goal Preservation of Invariant**:
    - The invariant does not remain valid after each iteration of the loop, meaning it is not correctly expressing a condition that holds before and after the loop body executes.

3. **Goal Assertion**:
    - The assertion after the loop cannot be verified, suggesting a mismatch between the expected state (i.e., `i != j` when `y != 0`) and the actual state described by the invariants.

The loop decreases both `x` and `y` simultaneously while maintaining their initial values in `i` and `j`. This indicates that the relationship between the decremented values and the initial values should be preserved. The previous invariant incorrectly tried to relate the current `x + y` to their pre-loop values, which doesn't capture the operations performed.

### Fixed C Code

```c
void foo(int x, int y, int z1, int z2, int z3) {
    int i = x;
    int j = y;

    /*@
      loop invariant (\at(x, Pre) != 0) ==> (x + y == i + j);
      loop invariant (\at(x, Pre) != 0) ==> (x + y == i + j);
      loop invariant (!(\at(x, Pre) != 0)) ==> ((j == \at(y, Pre)) && (i == \at(x, Pre)) && (z3 == \at(z3, Pre)) && (z2 == \at(z2, Pre)) && (z1 == \at(z1, Pre)) && (y == \at(y, Pre)) && (x == \at(x, Pre)));
      loop invariant j == \at(y, Pre);
      loop invariant i == \at(x, Pre);
      loop invariant z3 == \at(z3, Pre);
      loop invariant z2 == \at(z2, Pre);
      loop invariant z1 == \at(z1, Pre);
    */
    while (x != 0) {
        x = x - 1;
        y = y - 1;
    }

    /*@ assert (y != 0) ==> (i != j); */
}
```

### Explanation of the Fix

- The regenerated invariant `x + y == i + j` accurately captures the behavior of the loop: the sum of `x` and `y` is preserved as the sum of their initial values `i` and `j`. This is a valid loop invariant because it holds true at the start, remains true after each iteration, and supports the post-condition.

- The assertion `(y != 0) ==> (i != j)` can be verified by the invariant because if `y != 0` after the loop, it implies that the decrements caused `j` to differ from `i`, establishing `i != j`.
after regen

void foo(int x, int y, int z1, int z2, int z3) {
    int i = x;
    int j = y;

    /*@
      loop invariant (\at(x, Pre) != 0) ==> (x + y == i + j);
      loop invariant (\at(x, Pre) != 0) ==> (x + y == i + j);
      loop invariant (!(\at(x, Pre) != 0)) ==> ((j == \at(y, Pre)) && (i == \at(x, Pre)) && (z3 == \at(z3, Pre)) && (z2 == \at(z2, Pre)) && (z1 == \at(z1, Pre)) && (y == \at(y, Pre)) && (x == \at(x, Pre)));
      loop invariant j == \at(y, Pre);
      loop invariant i == \at(x, Pre);
      loop invariant z3 == \at(z3, Pre);
      loop invariant z2 == \at(z2, Pre);
      loop invariant z1 == \at(z1, Pre);
    */
    while (x != 0) {
        x = x - 1;
        y = y - 1;
    }

    /*@ assert (y != 0) ==> (i != j); */
}

syntax Correct
Validate:
[False, True, True, True, True, True, True, True]

Goal Preservation of Invariant (file output/127.c, line 7):
Let x = -y.
Assume {
  Type: is_sint32(i) /\ is_sint32(j) /\ is_sint32(y) /\ is_sint32(y - 1) /\
      is_sint32(i + j - y) /\ is_sint32(i + j - 1 - y).
  (* Goal *)
  When: i != 0.
  (* Then *)
  Have: (i + j) != y.
}
Prove: false.
Prover Z3 4.8.12 returns Timeout (Qed:8ms) (3s)
Error found in file: output/127.c at line: 7
Error line content: loop invariant (\at(x, Pre) != 0) ==> (x + y == i + j);

Verify:
[False]

Goal Assertion (file output/127.c, line 21):
Assume {
  Type: is_sint32(i) /\ is_sint32(j) /\ is_sint32(y).
  (* Goal *)
  When: y != 0.
  (* Invariant *)
  Have: ((i != 0) -> ((i + j) = y)).
  (* Invariant *)
  Have: ((i = 0) -> (y = j)).
}
Prove: j != i.
Prover Z3 4.8.12 returns Timeout (Qed:5ms) (3s)
Error found in file: output/127.c at line: 21
Error line content: /*@ assert (y != 0) ==> (i != j); */


void foo(int x, int y, int z1, int z2, int z3) {
    int i = x;
    int j = y;

    /*@
      loop invariant (\at(x, Pre) != 0) ==> (x + y == i + j) [INVARIANT FAILED] ;
      loop invariant (\at(x, Pre) != 0) ==> (x + y == i + j);
      loop invariant (!(\at(x, Pre) != 0)) ==> ((j == \at(y, Pre)) && (i == \at(x, Pre)) && (z3 == \at(z3, Pre)) && (z2 == \at(z2, Pre)) && (z1 == \at(z1, Pre)) && (y == \at(y, Pre)) && (x == \at(x, Pre)));
      loop invariant j == \at(y, Pre);
      loop invariant i == \at(x, Pre);
      loop invariant z3 == \at(z3, Pre);
      loop invariant z2 == \at(z2, Pre);
      loop invariant z1 == \at(z1, Pre);
    */
    while (x != 0) {
        x = x - 1;
        y = y - 1;
    }

    /*@ assert (y != 0) ==> (i != j); */
}

### Error Analysis:

1. **Goal Establishment of Invariant:**
   - The invariant `(x + y == i + j)` fails to establish properly because, initially, `i` and `j` are set to `x` and `y`, respectively. The condition `(x + y == i + j)` is trivially true at the start, but the problem arises because `x` and `y` change during the loop, potentially breaking this invariant. The invariant doesn't capture the relationship between `i`, `j`, `x`, and `y` effectively, especially since `x` and `y` are decremented during the loop.

2. **Goal Preservation of Invariant:**
   - The invariant fails to be preserved after each loop iteration. This is because the relationship `(x + y == i + j)` doesn't hold after `x` and `y` are both decremented by 1. The invariant needs to account for the fact that `x` and `y` are changing.

3. **Goal Assertion:**
   - The assertion `(y != 0) ==> (i != j)` cannot be verified because the invariant does not adequately constrain the relationship between `i` and `j` as they relate to `x` and `y`. The invariant should reflect how `i` and `j` differ as `x` and `y` are decremented.

### Fixed C Code:

```c
void foo(int x, int y, int z1, int z2, int z3) {
    int i = x;
    int j = y;

    /*@
      loop invariant (\at(x, Pre) != 0) ==> (\at(x, Pre) - x == \at(y, Pre) - y);
      loop invariant (!(\at(x, Pre) != 0)) ==> ((j == \at(y, Pre)) && (i == \at(x, Pre)) && (z3 == \at(z3, Pre)) && (z2 == \at(z2, Pre)) && (z1 == \at(z1, Pre)) && (y == \at(y, Pre)) && (x == \at(x, Pre)));
      loop invariant j == \at(y, Pre);
      loop invariant i == \at(x, Pre);
      loop invariant z3 == \at(z3, Pre);
      loop invariant z2 == \at(z2, Pre);
      loop invariant z1 == \at(z1, Pre);
    */
    while (x != 0) {
        x = x - 1;
        y = y - 1;
    }

    /*@ assert (y != 0) ==> (i != j); */
}
```

### Explanation:

- The newly added invariant `(\at(x, Pre) - x == \at(y, Pre) - y)` reflects the relationship between `x` and `y` as they are decremented together: the difference between their original and current values remains constant throughout the loop. This ensures that the loop invariant is preserved after each iteration.
- This invariant helps establish that as long as `y` is not zero, the difference between `i` and `j` is non-zero, thereby allowing the assertion to be proven after the loop completes.
- By ensuring the invariant holds before the loop starts, is preserved through each iteration, and assists in proving the assertion after the loop, the corrected annotations should now allow Frama-C to verify the postcondition.
after regen

void foo(int x, int y, int z1, int z2, int z3) {
    int i = x;
    int j = y;

    /*@
      loop invariant (\at(x, Pre) != 0) ==> (\at(x, Pre) - x == \at(y, Pre) - y);
      loop invariant (!(\at(x, Pre) != 0)) ==> ((j == \at(y, Pre)) && (i == \at(x, Pre)) && (z3 == \at(z3, Pre)) && (z2 == \at(z2, Pre)) && (z1 == \at(z1, Pre)) && (y == \at(y, Pre)) && (x == \at(x, Pre)));
      loop invariant j == \at(y, Pre);
      loop invariant i == \at(x, Pre);
      loop invariant z3 == \at(z3, Pre);
      loop invariant z2 == \at(z2, Pre);
      loop invariant z1 == \at(z1, Pre);
    */
    while (x != 0) {
        x = x - 1;
        y = y - 1;
    }

    /*@ assert (y != 0) ==> (i != j); */
}

syntax Correct
Validate:
[True, True, True, True, True, True, True]

Verify:
[True]

CORRECT INVARIANT
syntax Correct
Validate:
[True, True, True, True, True, True, True]

Verify:
[True]

syntax Correct
Validate:
[True, True, True, True, True, True, True]

Verify:
[True]

已移动文件: 127.c -> finish
-----------------------------------------

文件 127.c 处理完成. 总耗时: 108.60235571861267
-----------------------------------------
finshed_files:['88.c', '4.c', '114.c', '8.c', '84.c', '83.c', '111.c', '47.c', '14.c', '49.c', '131.c', '119.c', '43.c', '50.c', '56.c', '18.c', '53.c', '35.c', '10.c', '28.c', '26.c', '73.c', '89.c', '126.c', '96.c', '57.c', '37.c', '36.c', '92.c', '68.c', '115.c', '71.c', '91.c', '22.c', '19.c', '124.c', '52.c', '100.c', '95.c', '90.c', '86.c', '128.c', '62.c', '77.c', '79.c', '108.c', '129.c', '34.c', '123.c', '98.c', '41.c', '27.c', '106.c', '58.c', '130.c', '20.c', '85.c', '15.c', '75.c', '104.c', '2.c', '82.c', '32.c', '23.c', '117.c', '125.c', '64.c', '6.c', '1.c', '12.c', '45.c', '113.c', '13.c', '31.c', '54.c', '93.c', '3.c', '30.c', '133.c', '112.c', '103.c', '69.c', '122.c', '44.c', '51.c', '16.c', '74.c', '81.c', '39.c', '116.c', '7.c', '48.c', '21.c', '110.c', '97.c', '5.c', '24.c', '80.c', '63.c', '25.c', '67.c', '99.c', '72.c', '127.c']
