file:129.c
Successfully generated loop/129.json
INNER_FLAG: False
Variable Maps: [{'x': '1', 'z3': 'z3@pre', 'z2': 'z2@pre', 'z1': 'z1@pre', 'y': 'y@pre'}]
Path conditions: [None]
Pre condition: (x == 1) * (z3 == z3@pre) * (z2 == z2@pre) * (z1 == z1@pre) * (y == y@pre)
Loop Condition: x < y
Updated Loop Conditions: ['1 < y@pre']
Global Unchanged Variables ['z3', 'z2', 'z1', 'y']
Non Inductive Variables []
[{'x': '1', 'z3': 'z3@pre', 'z2': 'z2@pre', 'z1': 'z1@pre', 'y': 'y@pre'}]
[None]

            
    /* >>> LOOP INVARIANT TO FILL <<< 
       >>> PRECONDITION OF THE LOOP : (x == 1) * (z3 == \at(z3, Pre)) * (z2 == \at(z2, Pre)) * (z1 == \at(z1, Pre)) * (y == \at(y, Pre)) <<< */
    
            /*@
          loop invariant z3 == \at(z3, Pre);
          loop invariant z2 == \at(z2, Pre);
          loop invariant z1 == \at(z1, Pre);
          loop invariant y == \at(y, Pre);
            */
            while (x < y) {
  
       x  = x + x;
       
    }
            

            
    /* >>> LOOP INVARIANT TO FILL <<< 
       >>> PRECONDITION OF THE LOOP : (x == 1) * (z3 == \at(z3, Pre)) * (z2 == \at(z2, Pre)) * (z1 == \at(z1, Pre)) * (y == \at(y, Pre)) <<< */
    
            /*@
          loop invariant (1 < \at(y, Pre)) ==> (((x == 1)&&(z3 == \at(z3, Pre))&&(z2 == \at(z2, Pre))&&(z1 == \at(z1, Pre))&&(y == \at(y, Pre))) || (PLACE_HOLDER_x));
          loop invariant (!(1 < \at(y, Pre))) ==> ((x == 1)&&(z3 == \at(z3, Pre))&&(z2 == \at(z2, Pre))&&(z1 == \at(z1, Pre))&&(y == \at(y, Pre)));
          loop invariant z3 == \at(z3, Pre);
          loop invariant z2 == \at(z2, Pre);
          loop invariant z1 == \at(z1, Pre);
          loop invariant y == \at(y, Pre);
            */
            while (x < y) {
  
       x  = x + x;
       
    }
            
void foo(int y,int z1,int z2,int z3) {

    int x = 1;
    
    
    
            
    /* >>> LOOP INVARIANT TO FILL <<< 
       >>> PRECONDITION OF THE LOOP : (x == 1) * (z3 == \at(z3, Pre)) * (z2 == \at(z2, Pre)) * (z1 == \at(z1, Pre)) * (y == \at(y, Pre)) <<< */
    
            /*@
          loop invariant (1 < \at(y, Pre)) ==> (((x == 1)&&(z3 == \at(z3, Pre))&&(z2 == \at(z2, Pre))&&(z1 == \at(z1, Pre))&&(y == \at(y, Pre))) || (PLACE_HOLDER_x));
          loop invariant (!(1 < \at(y, Pre))) ==> ((x == 1)&&(z3 == \at(z3, Pre))&&(z2 == \at(z2, Pre))&&(z1 == \at(z1, Pre))&&(y == \at(y, Pre)));
          loop invariant z3 == \at(z3, Pre);
          loop invariant z2 == \at(z2, Pre);
          loop invariant z1 == \at(z1, Pre);
          loop invariant y == \at(y, Pre);
            */
            while (x < y) {
  
       x  = x + x;
       
    }
            
  
    /*@ assert x >= 1;*/
  
  }
Certainly! Let's analyze the given C loop program and provide appropriate loop invariants.

### Analysis

#### a. Purpose and Structure of the Loop:
The objective of this loop is to repeatedly double the value of `x` until it is no longer less than `y`. The loop condition is `x < y`, and the loop body contains a single operation: `x = x + x;`. The relevant variables are `x` and `y`.

#### b. Discussion of the Loop Invariant:
The proposed loop invariant needs to ensure that certain conditions remain true throughout the loop's execution. We need to fill the placeholders with expressions that maintain these conditions.

#### c. Establishment:
The invariant conditions are initially true before the loop starts, as established by the pre-condition.

#### d. Preservation:
The loop invariant must hold true before and after each iteration. The invariants should express that `x` is modified correctly and `y` remains constant.

#### e. Termination Analysis of the Loop:
When the loop terminates, `x` is no longer less than `y`, i.e., `x >= y`. The invariant should reflect this condition to support the post-condition.

#### f. Correctness of the Post-condition:
The post-condition `x >= 1` is trivially satisfied because `x` starts at 1 and is only doubled, never decreased.

#### g. Implication of the Pre-condition:
The pre-condition directly implies the initial truth of the loop invariant, as it matches the starting values of the relevant variables.

### C Loop Program with Filled Invariants

```c
void foo(int y, int z1, int z2, int z3) {
    int x = 1;
    
    /* >>> LOOP INVARIANT TO FILL <<< 
       >>> PRECONDITION OF THE LOOP : (x == 1) * (z3 == \at(z3, Pre)) * (z2 == \at(z2, Pre)) * (z1 == \at(z1, Pre)) * (y == \at(y, Pre)) <<< */
    
    /*@
      loop invariant (1 < \at(y, Pre)) ==> (((x >= 1)&&(x <= \at(y, Pre))&&(z3 == \at(z3, Pre))&&(z2 == \at(z2, Pre))&&(z1 == \at(z1, Pre))&&(y == \at(y, Pre))) || (x == 1));
      loop invariant (!(1 < \at(y, Pre))) ==> ((x == 1)&&(z3 == \at(z3, Pre))&&(z2 == \at(z2, Pre))&&(z1 == \at(z1, Pre))&&(y == \at(y, Pre)));
      loop invariant z3 == \at(z3, Pre);
      loop invariant z2 == \at(z2, Pre);
      loop invariant z1 == \at(z1, Pre);
      loop invariant y == \at(y, Pre);
    */
    while (x < y) {
        x = x + x;
    }
    
    /*@ assert x >= 1;*/
}
```

### Explanation of Filled Invariants:
- The first invariant ensures that if `y > 1`, `x` is between 1 and `\at(y, Pre)` (including the initial state where `x` might still be 1). This maintains the truth of the invariant for all possible values of `x`.
- The second invariant covers the case where `y <= 1`, ensuring that no change occurs, and all variables maintain their pre-condition values.
- The invariants for `z1`, `z2`, `z3`, and `y` ensure that these values remain constant throughout the loop execution.

This setup ensures that the loop can be formally verified using Frama-C, satisfying the post-condition and maintaining the integrity of variable values.

void foo(int y, int z1, int z2, int z3) {
    int x = 1;
    
    /*@
      loop invariant (1 < \at(y, Pre)) ==> (((x >= 1)&&(x <= \at(y, Pre))&&(z3 == \at(z3, Pre))&&(z2 == \at(z2, Pre))&&(z1 == \at(z1, Pre))&&(y == \at(y, Pre))) || (x == 1));
      loop invariant (!(1 < \at(y, Pre))) ==> ((x == 1)&&(z3 == \at(z3, Pre))&&(z2 == \at(z2, Pre))&&(z1 == \at(z1, Pre))&&(y == \at(y, Pre)));
      loop invariant z3 == \at(z3, Pre);
      loop invariant z2 == \at(z2, Pre);
      loop invariant z1 == \at(z1, Pre);
      loop invariant y == \at(y, Pre);
    */
    while (x < y) {
        x = x + x;
    }
    
    /*@ assert x >= 1;*/
}


void foo(int y, int z1, int z2, int z3) {
    int x = 1;
    
    /*@
      loop invariant (1 < \at(y, Pre)) ==> (((x >= 1)&&(x <= \at(y, Pre))&&(z3 == \at(z3, Pre))&&(z2 == \at(z2, Pre))&&(z1 == \at(z1, Pre))&&(y == \at(y, Pre))) || (x == 1));
      loop invariant (!(1 < \at(y, Pre))) ==> ((x == 1)&&(z3 == \at(z3, Pre))&&(z2 == \at(z2, Pre))&&(z1 == \at(z1, Pre))&&(y == \at(y, Pre)));
      loop invariant z3 == \at(z3, Pre);
      loop invariant z2 == \at(z2, Pre);
      loop invariant z1 == \at(z1, Pre);
      loop invariant y == \at(y, Pre);
    */
    while (x < y) {
        x = x + x;
    }
    
    /*@ assert x >= 1;*/
}

syntax Correct
Validate:
[False, True, True, True, True, True]

Goal Preservation of Invariant (file output/129.c, line 6):
Let x_1 = 2 * x.
Assume {
  Type: is_sint32(x) /\ is_sint32(y) /\ is_sint32(x_1).
  (* Goal *)
  When: 2 <= y.
  (* Invariant *)
  Have: (x = 1) \/ ((0 < x) /\ (x <= y)).
  (* Then *)
  Have: x < y.
}
Prove: (0 < x) /\ (x_1 <= y).
Prover Z3 4.8.12 returns Timeout (Qed:5ms) (3s)
Error found in file: output/129.c at line: 6
Error line content: loop invariant (1 < \at(y, Pre)) ==> (((x >= 1)&&(x <= \at(y, Pre))&&(z3 == \at(z3, Pre))&&(z2 == \at(z2, Pre))&&(z1 == \at(z1, Pre))&&(y == \at(y, Pre))) || (x == 1));

Verify:
[True]


void foo(int y, int z1, int z2, int z3) {
    int x = 1;
    
    /*@
      loop invariant (1 < \at(y, Pre)) ==> (((x >= 1)&&(x <= \at(y, Pre))&&(z3 == \at(z3, Pre))&&(z2 == \at(z2, Pre))&&(z1 == \at(z1, Pre))&&(y == \at(y, Pre))) || (x == 1)) [INVARIANT FAILED] ;
      loop invariant (!(1 < \at(y, Pre))) ==> ((x == 1)&&(z3 == \at(z3, Pre))&&(z2 == \at(z2, Pre))&&(z1 == \at(z1, Pre))&&(y == \at(y, Pre)));
      loop invariant z3 == \at(z3, Pre);
      loop invariant z2 == \at(z2, Pre);
      loop invariant z1 == \at(z1, Pre);
      loop invariant y == \at(y, Pre);
    */
    while (x < y) {
        x = x + x;
    }
    
    /*@ assert x >= 1;*/
}

### Error Analysis:

The error message indicates that the loop invariant fails the "Goal Preservation" check. The failed invariant `(1 < \at(y, Pre)) ==> (((x >= 1)&&(x <= \at(y, Pre))&&(z3 == \at(z3, Pre))&&(z2 == \at(z2, Pre))&&(z1 == \at(z1, Pre))&&(y == \at(y, Pre))) || (x == 1))` does not hold after each iteration of the loop, specifically when trying to prove `(0 < x) /\ (x_1 <= y)` where `x_1 = 2 * x`. 

The invariant attempts to establish that `x` is always between 1 and the initial value of `y`. However, the operation `x = x + x` doubles `x` each time, and due to exponential growth, `x` can quickly exceed the initial value of `y`.

To fix this issue, the range constraint on `x` needs to be weakened to accommodate the doubling operation. Instead of constraining `x` to always be less than or equal to `\at(y, Pre)`, we can set a weaker constraint that allows `x` to grow without exceeding the loop condition. This can be done by removing the upper bound constraint on `x` and ensuring that `x` is always positive.

### Fixed C Code:

```c
void foo(int y, int z1, int z2, int z3) {
    int x = 1;
    
    /*@
      loop invariant (1 < \at(y, Pre)) ==> ((x >= 1)&&(z3 == \at(z3, Pre))&&(z2 == \at(z2, Pre))&&(z1 == \at(z1, Pre))&&(y == \at(y, Pre))) || (x == 1);
      loop invariant (!(1 < \at(y, Pre))) ==> ((x == 1)&&(z3 == \at(z3, Pre))&&(z2 == \at(z2, Pre))&&(z1 == \at(z1, Pre))&&(y == \at(y, Pre)));
      loop invariant z3 == \at(z3, Pre);
      loop invariant z2 == \at(z2, Pre);
      loop invariant z1 == \at(z1, Pre);
      loop invariant y == \at(y, Pre);
    */
    while (x < y) {
        x = x + x;
    }
    
    /*@ assert x >= 1;*/
}
```
after weaken

void foo(int y, int z1, int z2, int z3) {
    int x = 1;
    
    /*@
      loop invariant (1 < \at(y, Pre)) ==> ((x >= 1)&&(z3 == \at(z3, Pre))&&(z2 == \at(z2, Pre))&&(z1 == \at(z1, Pre))&&(y == \at(y, Pre))) || (x == 1);
      loop invariant (!(1 < \at(y, Pre))) ==> ((x == 1)&&(z3 == \at(z3, Pre))&&(z2 == \at(z2, Pre))&&(z1 == \at(z1, Pre))&&(y == \at(y, Pre)));
      loop invariant z3 == \at(z3, Pre);
      loop invariant z2 == \at(z2, Pre);
      loop invariant z1 == \at(z1, Pre);
      loop invariant y == \at(y, Pre);
    */
    while (x < y) {
        x = x + x;
    }
    
    /*@ assert x >= 1;*/
}

syntax Correct
Validate:
[True, True, True, True, True, True]

Verify:
[True]

CORRECT INVARIANT
syntax Correct
Validate:
[True, True, True, True, True, True]

Verify:
[True]

syntax Correct
Validate:
[True, True, True, True, True, True]

Verify:
[True]

已移动文件: 129.c -> finish
-----------------------------------------

文件 129.c 处理完成. 总耗时: 75.15711712837219
-----------------------------------------
finshed_files:['88.c', '4.c', '114.c', '8.c', '84.c', '83.c', '111.c', '47.c', '14.c', '49.c', '131.c', '119.c', '43.c', '50.c', '56.c', '18.c', '53.c', '35.c', '10.c', '28.c', '26.c', '73.c', '89.c', '126.c', '96.c', '57.c', '37.c', '36.c', '92.c', '68.c', '115.c', '71.c', '91.c', '22.c', '19.c', '124.c', '52.c', '100.c', '95.c', '90.c', '86.c', '128.c', '62.c', '77.c', '79.c', '108.c', '129.c']
