file:130.c
Successfully generated loop/130.json
INNER_FLAG: False
Variable Maps: [{'x1': '1', 'd3': '1', 'd2': '1', 'd1': '1', 'x3': 'x3@pre', 'x2': 'x2@pre'}]
Path conditions: [None]
Pre condition: (x1 == 1) * (d3 == 1) * (d2 == 1) * (d1 == 1) * (x3 == x3@pre) * (x2 == x2@pre)
Loop Condition: x1 > 0
Updated Loop Conditions: ['1 > 0']
Global Unchanged Variables ['d3', 'd2', 'd1']
Non Inductive Variables []
[{'x1': '1', 'd3': '1', 'd2': '1', 'd1': '1', 'x3': 'x3@pre', 'x2': 'x2@pre'}]
[None]

            
    /* >>> LOOP INVARIANT TO FILL <<< 
       >>> PRECONDITION OF THE LOOP : (x1 == 1) * (d3 == 1) * (d2 == 1) * (d1 == 1) * (x3 == \at(x3, Pre)) * (x2 == \at(x2, Pre)) <<< */
    
            /*@
          loop invariant d3 == 1;
          loop invariant d2 == 1;
          loop invariant d1 == 1;
            */
            while(x1 > 0) {
        if(x2 > 0) {
            if(x3 > 0) {
                x1 = x1 - d1;
                x2 = x2 - d2;
                x3 = x3 - d3;
            }
        }
    }
            

            
    /* >>> LOOP INVARIANT TO FILL <<< 
       >>> PRECONDITION OF THE LOOP : (x1 == 1) * (d3 == 1) * (d2 == 1) * (d1 == 1) * (x3 == \at(x3, Pre)) * (x2 == \at(x2, Pre)) <<< */
    
            /*@
          loop invariant  ((x1 == 1)&&(d3 == 1)&&(d2 == 1)&&(d1 == 1)&&(x3 == \at(x3, Pre))&&(x2 == \at(x2, Pre))) || (PLACE_HOLDER_x2) ;
          loop invariant  ((x1 == 1)&&(d3 == 1)&&(d2 == 1)&&(d1 == 1)&&(x3 == \at(x3, Pre))&&(x2 == \at(x2, Pre))) || (PLACE_HOLDER_x3) ;
          loop invariant  ((x1 == 1)&&(d3 == 1)&&(d2 == 1)&&(d1 == 1)&&(x3 == \at(x3, Pre))&&(x2 == \at(x2, Pre))) || (PLACE_HOLDER_x1) ;
          loop invariant d3 == 1;
          loop invariant d2 == 1;
          loop invariant d1 == 1;
            */
            while(x1 > 0) {
        if(x2 > 0) {
            if(x3 > 0) {
                x1 = x1 - d1;
                x2 = x2 - d2;
                x3 = x3 - d3;
            }
        }
    }
            
void foo(int x2,int x3) {

    int d1 = 1;
    int d2 = 1;
    int d3 = 1;
    int x1 = 1;

    
    
            
    /* >>> LOOP INVARIANT TO FILL <<< 
       >>> PRECONDITION OF THE LOOP : (x1 == 1) * (d3 == 1) * (d2 == 1) * (d1 == 1) * (x3 == \at(x3, Pre)) * (x2 == \at(x2, Pre)) <<< */
    
            /*@
          loop invariant  ((x1 == 1)&&(d3 == 1)&&(d2 == 1)&&(d1 == 1)&&(x3 == \at(x3, Pre))&&(x2 == \at(x2, Pre))) || (PLACE_HOLDER_x2) ;
          loop invariant  ((x1 == 1)&&(d3 == 1)&&(d2 == 1)&&(d1 == 1)&&(x3 == \at(x3, Pre))&&(x2 == \at(x2, Pre))) || (PLACE_HOLDER_x3) ;
          loop invariant  ((x1 == 1)&&(d3 == 1)&&(d2 == 1)&&(d1 == 1)&&(x3 == \at(x3, Pre))&&(x2 == \at(x2, Pre))) || (PLACE_HOLDER_x1) ;
          loop invariant d3 == 1;
          loop invariant d2 == 1;
          loop invariant d1 == 1;
            */
            while(x1 > 0) {
        if(x2 > 0) {
            if(x3 > 0) {
                x1 = x1 - d1;
                x2 = x2 - d2;
                x3 = x3 - d3;
            }
        }
    }
            

    /*@ assert x2 >= 0;*/


}
To analyze and fill in the loop invariants, we first need to understand the purpose and structure of the loop:

### a. Purpose and Structure of the Loop:
- **Objective:** The loop is primarily focused on decrementing the variables `x1`, `x2`, and `x3` based on certain conditions. The loop continues while `x1` is greater than zero.
- **Structure:** The loop condition is `x1 > 0`. Inside the loop, if `x2 > 0` and `x3 > 0` are both true, then `x1`, `x2`, and `x3` are decremented by the values of `d1`, `d2`, and `d3` respectively, all of which are initialized to 1. The loop stops executing once `x1` is no longer greater than 0.
- **Relevant Variables:** The variables `x1`, `x2`, and `x3` are relevant to the loop's behavior. The constants `d1`, `d2`, and `d3` are involved in the decrement operations.

### b. Discussion of the Loop Invariant:
The loop invariant must capture the properties of the variables that remain true across loop iterations. The invariant conditions should reflect how the loop variables evolve with each iteration:

### c. Establishment:
The invariant is established before the loop begins because the pre-condition ensures that `x1 == 1`, `d1 == 1`, `d2 == 1`, `d3 == 1`, and `x2` and `x3` retain their pre-state values.

### d. Preservation:
During each iteration, if the invariant holds and the loop condition (`x1 > 0`) is true, the operations inside the loop maintain the invariant. Adjustments to the invariant placeholders ensure that the properties are preserved through the decrement operations.

### e. Termination Analysis of the Loop:
When the loop terminates (`x1 <= 0`), the invariant still holds true under these conditions because the decrement of `x1` by `d1` results in it reaching 0 or negative, and similarly for `x2` and `x3`.

### f. Correctness of the Post-condition:
The post-condition `x2 >= 0` is satisfied because the loop decrement operations ensure that once the loop terminates, `x2` has not been decremented to a negative value.

### g. Implication of the Pre-condition:
The given pre-condition implies the loop invariant because it sets the initial values of `x1`, `d1`, `d2`, `d3`, and ensures the pre-state values of `x2` and `x3`, which are directly related to the invariant.

Based on this analysis, here is the filled-in C loop program with ACSL annotations:

```c
void foo(int x2,int x3) {
    int d1 = 1;
    int d2 = 1;
    int d3 = 1;
    int x1 = 1;

    /* >>> LOOP INVARIANT TO FILL <<< 
       >>> PRECONDITION OF THE LOOP : (x1 == 1) * (d3 == 1) * (d2 == 1) * (d1 == 1) * (x3 == \at(x3, Pre)) * (x2 == \at(x2, Pre)) <<< */
    
    /*@
      loop invariant  ((x1 == 1)&&(d3 == 1)&&(d2 == 1)&&(d1 == 1)&&(x3 == \at(x3, Pre))&&(x2 == \at(x2, Pre))) || (x2 >= 0) ;
      loop invariant  ((x1 == 1)&&(d3 == 1)&&(d2 == 1)&&(d1 == 1)&&(x3 == \at(x3, Pre))&&(x2 == \at(x2, Pre))) || (x3 >= 0) ;
      loop invariant  ((x1 == 1)&&(d3 == 1)&&(d2 == 1)&&(d1 == 1)&&(x3 == \at(x3, Pre))&&(x2 == \at(x2, Pre))) || (x1 >= 0) ;
      loop invariant d3 == 1;
      loop invariant d2 == 1;
      loop invariant d1 == 1;
    */
    while(x1 > 0) {
        if(x2 > 0) {
            if(x3 > 0) {
                x1 = x1 - d1;
                x2 = x2 - d2;
                x3 = x3 - d3;
            }
        }
    }

    /*@ assert x2 >= 0;*/
}
```

void foo(int x2,int x3) {
    int d1 = 1;
    int d2 = 1;
    int d3 = 1;
    int x1 = 1;

    /*@
      loop invariant  ((x1 == 1)&&(d3 == 1)&&(d2 == 1)&&(d1 == 1)&&(x3 == \at(x3, Pre))&&(x2 == \at(x2, Pre))) || (x2 >= 0) ;
      loop invariant  ((x1 == 1)&&(d3 == 1)&&(d2 == 1)&&(d1 == 1)&&(x3 == \at(x3, Pre))&&(x2 == \at(x2, Pre))) || (x3 >= 0) ;
      loop invariant  ((x1 == 1)&&(d3 == 1)&&(d2 == 1)&&(d1 == 1)&&(x3 == \at(x3, Pre))&&(x2 == \at(x2, Pre))) || (x1 >= 0) ;
      loop invariant d3 == 1;
      loop invariant d2 == 1;
      loop invariant d1 == 1;
    */
    while(x1 > 0) {
        if(x2 > 0) {
            if(x3 > 0) {
                x1 = x1 - d1;
                x2 = x2 - d2;
                x3 = x3 - d3;
            }
        }
    }

    /*@ assert x2 >= 0;*/
}


void foo(int x2,int x3) {
    int d1 = 1;
    int d2 = 1;
    int d3 = 1;
    int x1 = 1;

    /*@
      loop invariant  ((x1 == 1)&&(d3 == 1)&&(d2 == 1)&&(d1 == 1)&&(x3 == \at(x3, Pre))&&(x2 == \at(x2, Pre))) || (x2 >= 0) ;
      loop invariant  ((x1 == 1)&&(d3 == 1)&&(d2 == 1)&&(d1 == 1)&&(x3 == \at(x3, Pre))&&(x2 == \at(x2, Pre))) || (x3 >= 0) ;
      loop invariant  ((x1 == 1)&&(d3 == 1)&&(d2 == 1)&&(d1 == 1)&&(x3 == \at(x3, Pre))&&(x2 == \at(x2, Pre))) || (x1 >= 0) ;
      loop invariant d3 == 1;
      loop invariant d2 == 1;
      loop invariant d1 == 1;
    */
    while(x1 > 0) {
        if(x2 > 0) {
            if(x3 > 0) {
                x1 = x1 - d1;
                x2 = x2 - d2;
                x3 = x3 - d3;
            }
        }
    }

    /*@ assert x2 >= 0;*/
}

syntax Correct
Validate:
[True, True, True, True, True, True]

Verify:
[True]

CORRECT INVARIANT
syntax Correct
Validate:
[True, True, True, True, True, True]

Verify:
[True]

syntax Correct
Validate:
[True, True, True, True, True, True]

Verify:
[True]

已移动文件: 130.c -> finish
-----------------------------------------

文件 130.c 处理完成. 总耗时: 54.96472144126892
-----------------------------------------
finshed_files:['88.c', '4.c', '114.c', '8.c', '84.c', '83.c', '111.c', '47.c', '14.c', '49.c', '131.c', '119.c', '43.c', '50.c', '56.c', '18.c', '53.c', '35.c', '10.c', '28.c', '26.c', '73.c', '89.c', '126.c', '96.c', '57.c', '37.c', '36.c', '92.c', '68.c', '115.c', '71.c', '91.c', '22.c', '19.c', '124.c', '52.c', '100.c', '95.c', '90.c', '86.c', '128.c', '62.c', '77.c', '79.c', '108.c', '129.c', '34.c', '123.c', '98.c', '41.c', '27.c', '106.c', '58.c', '130.c']
