file:16.c
Successfully generated loop/16.json
INNER_FLAG: False
Variable Maps: [{'m': '0', 'x': '0', 'n': 'n@pre'}]
Path conditions: [None]
Pre condition: (m == 0) * (x == 0) * (n == n@pre)
Loop Condition: x < n
Updated Loop Conditions: ['0 < n@pre']
Global Unchanged Variables ['n']
Non Inductive Variables ['m']
[{'m': '0', 'x': '0', 'n': 'n@pre'}]
[None]

            
    /* >>> LOOP INVARIANT TO FILL <<< 
       >>> PRECONDITION OF THE LOOP : (m == 0) * (x == 0) * (n == \at(n, Pre)) <<< */
    
            /*@
          loop invariant n == \at(n, Pre);
            */
            while (x < n) {
        
        if (unknown()) {
            m = x;
        }
        
        x = x + 1;
    }
            

            
    /* >>> LOOP INVARIANT TO FILL <<< 
       >>> PRECONDITION OF THE LOOP : (m == 0) * (x == 0) * (n == \at(n, Pre)) <<< */
    
            /*@
          loop invariant (0 < \at(n, Pre)) ==> (((m == 0)&&(x == 0)&&(n == \at(n, Pre))) || (PLACE_HOLDER_x));
          loop invariant (0 < \at(n, Pre)) ==> (((m == 0)&&(x == 0)&&(n == \at(n, Pre))) || (PLACE_HOLDER_m));
          loop invariant (!(0 < \at(n, Pre))) ==> ((m == 0)&&(x == 0)&&(n == \at(n, Pre)));
          loop invariant n == \at(n, Pre);
            */
            while (x < n) {
        
        if (unknown()) {
            m = x;
        }
        
        x = x + 1;
    }
            
int unknown();
void foo(int n)
{
    int x = 0;
    int m = 0;

    
    
            
    /* >>> LOOP INVARIANT TO FILL <<< 
       >>> PRECONDITION OF THE LOOP : (m == 0) * (x == 0) * (n == \at(n, Pre)) <<< */
    
            /*@
          loop invariant (0 < \at(n, Pre)) ==> (((m == 0)&&(x == 0)&&(n == \at(n, Pre))) || (PLACE_HOLDER_x));
          loop invariant (0 < \at(n, Pre)) ==> (((m == 0)&&(x == 0)&&(n == \at(n, Pre))) || (PLACE_HOLDER_m));
          loop invariant (!(0 < \at(n, Pre))) ==> ((m == 0)&&(x == 0)&&(n == \at(n, Pre)));
          loop invariant n == \at(n, Pre);
            */
            while (x < n) {
        
        if (unknown()) {
            m = x;
        }
        
        x = x + 1;
    }
            

    /*@ assert (n > 0) ==> (m >= 0); */

}
To analyze the given C loop program and provide the appropriate loop invariants, let's go through the steps methodically:

### a. Purpose and Structure of the Loop:
- **Objective**: The loop iterates from `x = 0` to `x < n`. Within the loop, if `unknown()` evaluates to true, `m` is set to `x`. The goal is to ensure that when the loop terminates, if `n > 0`, then `m >= 0`.
- **Structure**:
  - **Condition**: The loop continues while `x < n`.
  - **Operations**: Inside the loop, `m` is conditionally updated to `x`, and `x` is incremented by 1.
  - **Relevant Variables**: `x`, `m`, and `n`.

### b. Discussion of the Loop Invariant:
The loop invariants need to capture the behavior of `x` and `m` throughout the loop execution. Given the pre-condition `(m == 0) * (x == 0) * (n == \at(n, Pre))`, the invariants must ensure that `m` is non-negative once `n > 0`.

### c. Establishment:
Before the loop starts, `x` is initialized to 0, and `m` is initialized to 0. The invariant must reflect this initial state, which is already captured by the pre-condition.

### d. Preservation:
As `x` increments, `m` may be updated to the value of `x` if `unknown()` evaluates to true. The invariants ensure that the state of `m` and `x` is consistently maintained or updated correctly according to the loop behavior.

### e. Termination Analysis of the Loop:
When the loop terminates (`x >= n`), `x` would have been incremented through all values from 0 to `n-1`. If `unknown()` was true for any iteration, `m` would take on the value of `x` at that point, ensuring `m >= 0`.

### f. Correctness of the Post-condition:
The post-condition `(n > 0) ==> (m >= 0)` is satisfied because, during the loop, if `unknown()` evaluates to true even once, `m` will be non-negative due to being set to `x`, which is always non-negative.

### g. Implication of the Pre-condition:
The pre-condition `(m == 0) * (x == 0) * (n == \at(n, Pre))` ensures that the loop begins with `x` and `m` as 0, establishing the base case for the invariants.

### Completed C Loop Program with Loop Invariants:
```c
int unknown();
void foo(int n)
{
    int x = 0;
    int m = 0;
    
    /* >>> LOOP INVARIANT TO FILL <<< 
       >>> PRECONDITION OF THE LOOP : (m == 0) * (x == 0) * (n == \at(n, Pre)) <<< */
    
    /*@
      loop invariant (0 < \at(n, Pre)) ==> (((m == 0)&&(x == 0)&&(n == \at(n, Pre))) || (m >= 0));
      loop invariant (0 < \at(n, Pre)) ==> (((m == 0)&&(x == 0)&&(n == \at(n, Pre))) || (x >= 0));
      loop invariant (!(0 < \at(n, Pre))) ==> ((m == 0)&&(x == 0)&&(n == \at(n, Pre)));
      loop invariant n == \at(n, Pre);
    */
    while (x < n) {
        if (unknown()) {
            m = x;
        }
        x = x + 1;
    }
    
    /*@ assert (n > 0) ==> (m >= 0); */
}
```

The placeholders have been replaced with conditions that ensure `m` and `x` remain non-negative, which is sufficient to prove the post-condition based on the behavior of the loop.

int unknown();
void foo(int n)
{
    int x = 0;
    int m = 0;
    
    /*@
      loop invariant (0 < \at(n, Pre)) ==> (((m == 0)&&(x == 0)&&(n == \at(n, Pre))) || (m >= 0));
      loop invariant (0 < \at(n, Pre)) ==> (((m == 0)&&(x == 0)&&(n == \at(n, Pre))) || (x >= 0));
      loop invariant (!(0 < \at(n, Pre))) ==> ((m == 0)&&(x == 0)&&(n == \at(n, Pre)));
      loop invariant n == \at(n, Pre);
    */
    while (x < n) {
        if (unknown()) {
            m = x;
        }
        x = x + 1;
    }
    
    /*@ assert (n > 0) ==> (m >= 0); */
}


int unknown();
void foo(int n)
{
    int x = 0;
    int m = 0;
    
    /*@
      loop invariant (0 < \at(n, Pre)) ==> (((m == 0)&&(x == 0)&&(n == \at(n, Pre))) || (m >= 0));
      loop invariant (0 < \at(n, Pre)) ==> (((m == 0)&&(x == 0)&&(n == \at(n, Pre))) || (x >= 0));
      loop invariant (!(0 < \at(n, Pre))) ==> ((m == 0)&&(x == 0)&&(n == \at(n, Pre)));
      loop invariant n == \at(n, Pre);
    */
    while (x < n) {
        if (unknown()) {
            m = x;
        }
        x = x + 1;
    }
    
    /*@ assert (n > 0) ==> (m >= 0); */
}

syntax Correct
Validate:
[True, True, True, True]

Verify:
[True]

CORRECT INVARIANT
syntax Correct
Validate:
[True, True, True, True]

Verify:
[True]

syntax Correct
Validate:
[True, True, True, True]

Verify:
[True]

已移动文件: 16.c -> finish
-----------------------------------------

文件 16.c 处理完成. 总耗时: 57.9639208316803
-----------------------------------------
finshed_files:['88.c', '4.c', '114.c', '8.c', '84.c', '83.c', '111.c', '47.c', '14.c', '49.c', '131.c', '119.c', '43.c', '50.c', '56.c', '18.c', '53.c', '35.c', '10.c', '28.c', '26.c', '73.c', '89.c', '126.c', '96.c', '57.c', '37.c', '36.c', '92.c', '68.c', '115.c', '71.c', '91.c', '22.c', '19.c', '124.c', '52.c', '100.c', '95.c', '90.c', '86.c', '128.c', '62.c', '77.c', '79.c', '108.c', '129.c', '34.c', '123.c', '98.c', '41.c', '27.c', '106.c', '58.c', '130.c', '20.c', '85.c', '15.c', '75.c', '104.c', '2.c', '82.c', '32.c', '23.c', '117.c', '125.c', '64.c', '6.c', '1.c', '12.c', '45.c', '113.c', '13.c', '31.c', '54.c', '93.c', '3.c', '30.c', '133.c', '112.c', '103.c', '69.c', '122.c', '44.c', '51.c', '16.c']
