file:3.c
Successfully generated loop/3.json
INNER_FLAG: False
Variable Maps: [{'x': '0', 'z': 'z@pre', 'y': 'y@pre'}]
Path conditions: [None]
Pre condition: (x == 0) * (z == z@pre) * (y == y@pre)
Loop Condition: x < 5
Updated Loop Conditions: ['0 < 5']
Global Unchanged Variables ['z']
Non Inductive Variables ['y']
[{'x': '0', 'z': 'z@pre', 'y': 'y@pre'}]
[None]

            
    /* >>> LOOP INVARIANT TO FILL <<< 
       >>> PRECONDITION OF THE LOOP : (x == 0) * (z == \at(z, Pre)) * (y == \at(y, Pre)) <<< */
    
            /*@
          loop invariant z == \at(z, Pre);
            */
            while(x < 5) {
       x += 1;
       if( z <= y) {
          y = z;
       }
    }
            

            
    /* >>> LOOP INVARIANT TO FILL <<< 
       >>> PRECONDITION OF THE LOOP : (x == 0) * (z == \at(z, Pre)) * (y == \at(y, Pre)) <<< */
    
            /*@
          loop invariant  ((x == 0)&&(z == \at(z, Pre))&&(y == \at(y, Pre))) || (PLACE_HOLDER_y) ;
          loop invariant  ((x == 0)&&(z == \at(z, Pre))&&(y == \at(y, Pre))) || (PLACE_HOLDER_x) ;
          loop invariant z == \at(z, Pre);
            */
            while(x < 5) {
       x += 1;
       if( z <= y) {
          y = z;
       }
    }
            
void foo(int y,int z) {

    int x = 0;
    
    
    
            
    /* >>> LOOP INVARIANT TO FILL <<< 
       >>> PRECONDITION OF THE LOOP : (x == 0) * (z == \at(z, Pre)) * (y == \at(y, Pre)) <<< */
    
            /*@
          loop invariant  ((x == 0)&&(z == \at(z, Pre))&&(y == \at(y, Pre))) || (PLACE_HOLDER_y) ;
          loop invariant  ((x == 0)&&(z == \at(z, Pre))&&(y == \at(y, Pre))) || (PLACE_HOLDER_x) ;
          loop invariant z == \at(z, Pre);
            */
            while(x < 5) {
       x += 1;
       if( z <= y) {
          y = z;
       }
    }
            
   
   /*@ assert z >= y; */
}
To complete this task, we need to analyze the given C loop program and fill in the placeholders in the provided loop invariants. Let's break down the loop and its invariants.

### Analysis of the Loop Program

#### Purpose and Structure of the Loop
- **Objective:** The loop aims to perform exactly 5 iterations (since it runs while `x < 5`), incrementing `x` by 1 each time. Within the loop, an `if` condition checks whether `z` is less than or equal to `y`. If true, `y` is set to `z`.
- **Structure:**
  - **Loop condition:** `x < 5`
  - **Operations:**
    - Increment `x` by 1 (`x += 1`).
    - If `z <= y`, assign `y = z`.
  - **Relevant variables:** `x`, `y`, `z`.

#### Discussion of the Loop Invariant
- **Invariant 1:**
  - `((x == 0) && (z == \at(z, Pre)) && (y == \at(y, Pre))) || (PLACE_HOLDER_y)`
  - This invariant ensures that either the initial conditions are preserved, or a new condition regarding `y` holds.
  
- **Invariant 2:**
  - `((x == 0) && (z == \at(z, Pre)) && (y == \at(y, Pre))) || (PLACE_HOLDER_x)`
  - This invariant ensures that either the initial conditions are preserved, or a new condition regarding `x` holds.

- **Invariant 3:**
  - `z == \at(z, Pre)`
  - This invariant confirms that `z` remains unchanged throughout the loop.

### Establishment, Preservation, and Termination Analysis

#### Establishment
- Before the loop starts, `x == 0`, `z == \at(z, Pre)`, and `y == \at(y, Pre)`. Therefore, the initial part of invariants 1 and 2 hold true.

#### Preservation
- During each iteration:
  - `x` is incremented by 1. The invariant must accommodate this change while ensuring `z` remains unchanged and correctly tracking `y`.
  - If `z <= y`, then `y = z`. Thus, `y` becomes `z`, satisfying the invariant.
  
#### Termination Analysis
- The loop terminates when `x == 5`. At this point, `x` is no longer less than 5, so the loop stops.
- At termination, `z` has remained constant, and `y` is either unchanged or set to `z`. Thus, `z >= y` holds true.

#### Correctness of the Post-condition
- The post-condition `z >= y` is ensured because during the execution, `y` can only be set to `z`, or remain unchanged, meaning `z` is always greater than or equal to `y` by the end of the loop.

#### Implication of the Pre-condition
- The pre-condition `(x == 0) * (z == \at(z, Pre)) * (y == \at(y, Pre))` directly ensures the initial conditions required by the invariants, making them valid before the loop starts.

### Filled Loop Program with Invariants

```c
void foo(int y, int z) {
    int x = 0;

    /* >>> LOOP INVARIANT TO FILL <<< 
       >>> PRECONDITION OF THE LOOP : (x == 0) * (z == \at(z, Pre)) * (y == \at(y, Pre)) <<< */

    /*@
      loop invariant ((x == 0) && (z == \at(z, Pre)) && (y == \at(y, Pre))) || (y == z);
      loop invariant ((x == 0) && (z == \at(z, Pre)) && (y == \at(y, Pre))) || (x >= 0 && x <= 5);
      loop invariant z == \at(z, Pre);
    */
    while(x < 5) {
        x += 1;
        if( z <= y) {
            y = z;
        }
    }

    /*@ assert z >= y; */
}
```

These invariants ensure that the loop behaves correctly according to the given post-condition and the pre-condition.

void foo(int y, int z) {
    int x = 0;

    /* >>> LOOP INVARIANT TO FILL <<< 
       >>> PRECONDITION OF THE LOOP : (x == 0) * (z == \at(z, Pre)) * (y == \at(y, Pre)) <<< */

    /*@
      loop invariant ((x == 0) && (z == \at(z, Pre)) && (y == \at(y, Pre))) || (y == z);
      loop invariant ((x == 0) && (z == \at(z, Pre)) && (y == \at(y, Pre))) || (x >= 0 && x <= 5);
      loop invariant z == \at(z, Pre);
    */
    while(x < 5) {
        x += 1;
        if( z <= y) {
            y = z;
        }
    }

    /*@ assert z >= y; */
}


void foo(int y, int z) {
    int x = 0;

    /* >>> LOOP INVARIANT TO FILL <<< 
       >>> PRECONDITION OF THE LOOP : (x == 0) * (z == \at(z, Pre)) * (y == \at(y, Pre)) <<< */

    /*@
      loop invariant ((x == 0) && (z == \at(z, Pre)) && (y == \at(y, Pre))) || (y == z);
      loop invariant ((x == 0) && (z == \at(z, Pre)) && (y == \at(y, Pre))) || (x >= 0 && x <= 5);
      loop invariant z == \at(z, Pre);
    */
    while(x < 5) {
        x += 1;
        if( z <= y) {
            y = z;
        }
    }

    /*@ assert z >= y; */
}

syntax Correct
Validate:
[False, True, True]

Goal Preservation of Invariant (file output/3.c, line 9):
Assume { Type: is_sint32(y) /\ is_sint32(z). (* Residual *) When: y < z. }
Prove: false.
Prover Z3 4.8.12 returns Timeout (Qed:11ms) (3s)
Error found in file: output/3.c at line: 9
Error line content: loop invariant ((x == 0) && (z == \at(z, Pre)) && (y == \at(y, Pre))) || (y == z);

Verify:
[True]


void foo(int y, int z) {
    int x = 0;

    /* >>> LOOP INVARIANT TO FILL <<< 
       >>> PRECONDITION OF THE LOOP : (x == 0) * (z == \at(z, Pre)) * (y == \at(y, Pre)) <<< */

    /*@
      loop invariant ((x == 0) && (z == \at(z, Pre)) && (y == \at(y, Pre))) || (y == z) [INVARIANT FAILED] ;
      loop invariant ((x == 0) && (z == \at(z, Pre)) && (y == \at(y, Pre))) || (x >= 0 && x <= 5);
      loop invariant z == \at(z, Pre);
    */
    while(x < 5) {
        x += 1;
        if( z <= y) {
            y = z;
        }
    }

    /*@ assert z >= y; */
}

### Error Analysis:

The error message indicates a problem with the "Goal Preservation of Invariant" for the loop invariant `((x == 0) && (z == \at(z, Pre)) && (y == \at(y, Pre))) || (y == z)`. The invariant fails because it does not adequately account for changes to `y` in the loop body when `z <= y`. The current invariant attempts to maintain the condition `y == z`, which is not preserved across iterations due to the assignment `y = z` only happening under specific conditions. 

To fix this, instead of asserting `y == z`, it's better to express a constraint that reflects the relationship between `z` and `y` after the assignment occurs. The post-condition `z >= y` suggests a relationship where `y` is always less than or equal to `z`. Thus, the invariant should express `y <= z` rather than `y == z`.

### Fixed C Code:

```c
void foo(int y, int z) {
    int x = 0;

    /* >>> LOOP INVARIANT TO FILL <<< 
       >>> PRECONDITION OF THE LOOP : (x == 0) * (z == \at(z, Pre)) * (y == \at(y, Pre)) <<< */

    /*@
      loop invariant ((x == 0) && (z == \at(z, Pre)) && (y == \at(y, Pre))) || (y <= z);
      loop invariant ((x == 0) && (z == \at(z, Pre)) && (y == \at(y, Pre))) || (x >= 0 && x <= 5);
      loop invariant z == \at(z, Pre);
    */
    while(x < 5) {
        x += 1;
        if( z <= y) {
            y = z;
        }
    }

    /*@ assert z >= y; */
}
```
after weaken

void foo(int y, int z) {
    int x = 0;

    /* >>> LOOP INVARIANT TO FILL <<< 
       >>> PRECONDITION OF THE LOOP : (x == 0) * (z == \at(z, Pre)) * (y == \at(y, Pre)) <<< */

    /*@
      loop invariant ((x == 0) && (z == \at(z, Pre)) && (y == \at(y, Pre))) || (y <= z);
      loop invariant ((x == 0) && (z == \at(z, Pre)) && (y == \at(y, Pre))) || (x >= 0 && x <= 5);
      loop invariant z == \at(z, Pre);
    */
    while(x < 5) {
        x += 1;
        if( z <= y) {
            y = z;
        }
    }

    /*@ assert z >= y; */
}

syntax Correct
Validate:
[True, True, True]

Verify:
[True]

CORRECT INVARIANT
syntax Correct
Validate:
[True, True, True]

Verify:
[True]

syntax Correct
Validate:
[True, True, True]

Verify:
[True]

已移动文件: 3.c -> finish
-----------------------------------------

文件 3.c 处理完成. 总耗时: 79.8839693069458
-----------------------------------------
finshed_files:['88.c', '4.c', '114.c', '8.c', '84.c', '83.c', '111.c', '47.c', '14.c', '49.c', '131.c', '119.c', '43.c', '50.c', '56.c', '18.c', '53.c', '35.c', '10.c', '28.c', '26.c', '73.c', '89.c', '126.c', '96.c', '57.c', '37.c', '36.c', '92.c', '68.c', '115.c', '71.c', '91.c', '22.c', '19.c', '124.c', '52.c', '100.c', '95.c', '90.c', '86.c', '128.c', '62.c', '77.c', '79.c', '108.c', '129.c', '34.c', '123.c', '98.c', '41.c', '27.c', '106.c', '58.c', '130.c', '20.c', '85.c', '15.c', '75.c', '104.c', '2.c', '82.c', '32.c', '23.c', '117.c', '125.c', '64.c', '6.c', '1.c', '12.c', '45.c', '113.c', '13.c', '31.c', '54.c', '93.c', '3.c']
