file:30.c
Successfully generated loop/30.json
INNER_FLAG: False
Variable Maps: [{'x': '100'}]
Path conditions: [None]
Pre condition: x == 100
Loop Condition: x > 0
Updated Loop Conditions: ['100 > 0']
Global Unchanged Variables []
Non Inductive Variables []
[{'x': '100'}]
[None]

            
    /* >>> LOOP INVARIANT TO FILL <<< 
       >>> PRECONDITION OF THE LOOP : x == 100 <<< */
    
            /*@
            */
            while (x > 0) {
      
      x  = x - 1;
      
    }
            

            
    /* >>> LOOP INVARIANT TO FILL <<< 
       >>> PRECONDITION OF THE LOOP : x == 100 <<< */
    
            /*@
          loop invariant  ((x == 100)) || (PLACE_HOLDER_x) ;
            */
            while (x > 0) {
      
      x  = x - 1;
      
    }
            
void foo() {
    int x = 100;
    
    
    
            
    /* >>> LOOP INVARIANT TO FILL <<< 
       >>> PRECONDITION OF THE LOOP : x == 100 <<< */
    
            /*@
          loop invariant  ((x == 100)) || (PLACE_HOLDER_x) ;
            */
            while (x > 0) {
      
      x  = x - 1;
      
    }
            
  
    /*@ assert x == 0; */
  }
Certainly! Let's analyze the provided C program and loop.

### Analysis

#### a. Purpose and Structure of the Loop:
- **Objective:** The loop decrements the value of `x` from 100 to 0, ensuring that `x` reaches 0 when the loop terminates.
- **Structure:** The loop uses the condition `x > 0` to govern its execution. While this condition is true, the loop decrements `x` by 1. The relevant variable in the loop is `x`.

#### b. Discussion of the Loop Invariant:
- **Proposed Invariant:** The invariant `(x == 100) || (PLACE_HOLDER_x)` needs to be filled such that it holds true throughout the loop iterations. The invariant ensures that at any point during the loop execution, `x` is either equal to 100 (before the loop starts) or correctly reflects the number of iterations that have occurred.

#### c. Establishment:
- Before the loop starts, `x` is initialized to 100, which satisfies the initial part of the invariant `(x == 100)`. Thus, the invariant is established.

#### d. Preservation:
- At the start of each iteration, if the invariant holds and the loop condition `x > 0` is true, decrementing `x` by 1 will still satisfy the invariant `(x >= 0)`.

#### e. Termination Analysis of the Loop:
- The loop terminates when `x == 0`. At this point, the invariant `(x >= 0)` holds true because `x` has been decremented from 100 down to 0.

#### f. Correctness of the Post-condition:
- The post-condition `x == 0` is correct because the invariant `(x >= 0)` together with the negation of the loop condition `x <= 0` implies `x == 0`.

#### g. Implication of the Pre-condition:
- The pre-condition `x == 100` directly implies the establishment of the invariant because it sets the initial value of `x`, which satisfies the invariant before the loop begins.

### Filled-in C Loop Program

```c
void foo() {
    int x = 100;
    
    /* >>> LOOP INVARIANT TO FILL <<< 
       >>> PRECONDITION OF THE LOOP : x == 100 <<< */
    
    /*@
      loop invariant  ((x == 100)) || (x >= 0);
    */
    while (x > 0) {
        x = x - 1;
    }

    /*@ assert x == 0; */
}
```

In the filled invariant, `x >= 0` is used to ensure that `x` remains non-negative throughout the loop execution. This invariant is valid because it satisfies establishment, preservation, and termination conditions, leading to the post-condition `x == 0`.

void foo() {
    int x = 100;
    
    /*@
      loop invariant  ((x == 100)) || (x >= 0);
    */
    while (x > 0) {
        x = x - 1;
    }

    /*@ assert x == 0; */
}


void foo() {
    int x = 100;
    
    /*@
      loop invariant  ((x == 100)) || (x >= 0);
    */
    while (x > 0) {
        x = x - 1;
    }

    /*@ assert x == 0; */
}

syntax Correct
Validate:
[True]

Verify:
[True]

CORRECT INVARIANT
syntax Correct
Validate:
[True]

Verify:
[True]

syntax Correct
Validate:
[True]

Verify:
[True]

已移动文件: 30.c -> finish
-----------------------------------------

文件 30.c 处理完成. 总耗时: 52.550776720047
-----------------------------------------
finshed_files:['88.c', '4.c', '114.c', '8.c', '84.c', '83.c', '111.c', '47.c', '14.c', '49.c', '131.c', '119.c', '43.c', '50.c', '56.c', '18.c', '53.c', '35.c', '10.c', '28.c', '26.c', '73.c', '89.c', '126.c', '96.c', '57.c', '37.c', '36.c', '92.c', '68.c', '115.c', '71.c', '91.c', '22.c', '19.c', '124.c', '52.c', '100.c', '95.c', '90.c', '86.c', '128.c', '62.c', '77.c', '79.c', '108.c', '129.c', '34.c', '123.c', '98.c', '41.c', '27.c', '106.c', '58.c', '130.c', '20.c', '85.c', '15.c', '75.c', '104.c', '2.c', '82.c', '32.c', '23.c', '117.c', '125.c', '64.c', '6.c', '1.c', '12.c', '45.c', '113.c', '13.c', '31.c', '54.c', '93.c', '3.c', '30.c']
