file:32.c
Successfully generated loop/32.json
INNER_FLAG: False
Variable Maps: [{'x': 'n@pre', 'v3': 'v3@pre', 'v2': 'v2@pre', 'v1': 'v1@pre', 'n': 'n@pre'}]
Path conditions: [None]
Pre condition: (x == n@pre) * (v3 == v3@pre) * (v2 == v2@pre) * (v1 == v1@pre) * (n == n@pre)
Loop Condition: x > 1
Updated Loop Conditions: ['n@pre > 1']
Global Unchanged Variables ['v3', 'v2', 'v1', 'n']
Non Inductive Variables []
[{'x': 'n@pre', 'v3': 'v3@pre', 'v2': 'v2@pre', 'v1': 'v1@pre', 'n': 'n@pre'}]
[None]

            
    /* >>> LOOP INVARIANT TO FILL <<< 
       >>> PRECONDITION OF THE LOOP : (x == \at(n, Pre)) * (v3 == \at(v3, Pre)) * (v2 == \at(v2, Pre)) * (v1 == \at(v1, Pre)) * (n == \at(n, Pre)) <<< */
    
            /*@
          loop invariant v3 == \at(v3, Pre);
          loop invariant v2 == \at(v2, Pre);
          loop invariant v1 == \at(v1, Pre);
          loop invariant n == \at(n, Pre);
            */
            while (x > 1) {
      
       x  = x - 1;
  
    }
            

            
    /* >>> LOOP INVARIANT TO FILL <<< 
       >>> PRECONDITION OF THE LOOP : (x == \at(n, Pre)) * (v3 == \at(v3, Pre)) * (v2 == \at(v2, Pre)) * (v1 == \at(v1, Pre)) * (n == \at(n, Pre)) <<< */
    
            /*@
          loop invariant (\at(n, Pre) > 1) ==> (((x == \at(n, Pre))&&(v3 == \at(v3, Pre))&&(v2 == \at(v2, Pre))&&(v1 == \at(v1, Pre))&&(n == \at(n, Pre))) || (PLACE_HOLDER_x));
          loop invariant (!(\at(n, Pre) > 1)) ==> ((x == \at(n, Pre))&&(v3 == \at(v3, Pre))&&(v2 == \at(v2, Pre))&&(v1 == \at(v1, Pre))&&(n == \at(n, Pre)));
          loop invariant v3 == \at(v3, Pre);
          loop invariant v2 == \at(v2, Pre);
          loop invariant v1 == \at(v1, Pre);
          loop invariant n == \at(n, Pre);
            */
            while (x > 1) {
      
       x  = x - 1;
  
    }
            
void foo(int n, int v1,int v2,int v3) {

    int x = n;
    
    
    
            
    /* >>> LOOP INVARIANT TO FILL <<< 
       >>> PRECONDITION OF THE LOOP : (x == \at(n, Pre)) * (v3 == \at(v3, Pre)) * (v2 == \at(v2, Pre)) * (v1 == \at(v1, Pre)) * (n == \at(n, Pre)) <<< */
    
            /*@
          loop invariant (\at(n, Pre) > 1) ==> (((x == \at(n, Pre))&&(v3 == \at(v3, Pre))&&(v2 == \at(v2, Pre))&&(v1 == \at(v1, Pre))&&(n == \at(n, Pre))) || (PLACE_HOLDER_x));
          loop invariant (!(\at(n, Pre) > 1)) ==> ((x == \at(n, Pre))&&(v3 == \at(v3, Pre))&&(v2 == \at(v2, Pre))&&(v1 == \at(v1, Pre))&&(n == \at(n, Pre)));
          loop invariant v3 == \at(v3, Pre);
          loop invariant v2 == \at(v2, Pre);
          loop invariant v1 == \at(v1, Pre);
          loop invariant n == \at(n, Pre);
            */
            while (x > 1) {
      
       x  = x - 1;
  
    }
            
   /*@ assert (n >= 1) ==> (x == 1); */
  }
To analyze the given C program and fill in the placeholders for the loop invariants, let's follow the task instructions step by step.

### Analysis:

#### a. Purpose and Structure of the Loop:
- **Objective**: The loop is intended to decrement the variable `x` until it becomes 1. The post-condition asserts that if `n` is at least 1, then after the loop, `x` should be exactly 1.
- **Structure**: The loop executes while `x > 1`. In each iteration, `x` is decremented by 1. The variables involved are `x`, `n`, `v1`, `v2`, and `v3`. However, only `x` changes within the loop.

#### b. Discussion of the Loop Invariant:
- The invariant must ensure that either the initial condition holds or the correct decrement behavior is observed. Specifically, when the loop starts, `x` is equal to `n`, and as the loop progresses, `x` should eventually reach 1 if `n` is greater than 1.

#### c. Establishment:
- Before the loop begins, the pre-condition states that `x` is initialized to `n`. Therefore, initially, `x == n`, which satisfies the invariant.

#### d. Preservation:
- The invariant must hold at the end of each iteration. If `x > 1`, then `x` is decremented by 1, which continues to satisfy the condition that `x` will eventually reach 1, given `n > 1`.

#### e. Termination Analysis of the Loop:
- The loop terminates when `x <= 1`. At this point, due to the decrement operation, `x` should be exactly 1 if `n` was initially greater than 1.

#### f. Correctness of the Post-condition:
- The post-condition `(n >= 1) ==> (x == 1)` is satisfied because the decrement operation ensures `x` reduces to 1 if `n` is initially greater than 1.

#### g. Implication of the Pre-condition:
- The pre-condition ensures that `x` starts as `n`. If `n > 1`, the invariant correctly manages the decrement process such that `x` becomes 1 when the loop exits.

### Filled C Loop Program:

```c
void foo(int n, int v1, int v2, int v3) {
    int x = n;

    /* >>> LOOP INVARIANT TO FILL <<< 
       >>> PRECONDITION OF THE LOOP : (x == \at(n, Pre)) * (v3 == \at(v3, Pre)) * (v2 == \at(v2, Pre)) * (v1 == \at(v1, Pre)) * (n == \at(n, Pre)) <<< */

    /*@
      loop invariant (\at(n, Pre) > 1) ==> (((x == \at(n, Pre)) && (v3 == \at(v3, Pre)) && (v2 == \at(v2, Pre)) && (v1 == \at(v1, Pre)) && (n == \at(n, Pre))) || (x == \at(n, Pre) - (\at(n, Pre) - x)));
      loop invariant (!(\at(n, Pre) > 1)) ==> ((x == \at(n, Pre)) && (v3 == \at(v3, Pre)) && (v2 == \at(v2, Pre)) && (v1 == \at(v1, Pre)) && (n == \at(n, Pre)));
      loop invariant v3 == \at(v3, Pre);
      loop invariant v2 == \at(v2, Pre);
      loop invariant v1 == \at(v1, Pre);
      loop invariant n == \at(n, Pre);
    */
    while (x > 1) {
        x = x - 1;
    }

    /*@ assert (n >= 1) ==> (x == 1); */
}
```

This filled program uses the decrement logic to ensure `x` eventually reaches 1, corroborating the post-condition when `n ≥ 1`. The invariants reflect the relationship between `x` and `n` throughout the loop's execution.

void foo(int n, int v1, int v2, int v3) {
    int x = n;

    /* >>> LOOP INVARIANT TO FILL <<< 
       >>> PRECONDITION OF THE LOOP : (x == \at(n, Pre)) * (v3 == \at(v3, Pre)) * (v2 == \at(v2, Pre)) * (v1 == \at(v1, Pre)) * (n == \at(n, Pre)) <<< */

    /*@
      loop invariant (\at(n, Pre) > 1) ==> (((x == \at(n, Pre)) && (v3 == \at(v3, Pre)) && (v2 == \at(v2, Pre)) && (v1 == \at(v1, Pre)) && (n == \at(n, Pre))) || (x == \at(n, Pre) - (\at(n, Pre) - x)));
      loop invariant (!(\at(n, Pre) > 1)) ==> ((x == \at(n, Pre)) && (v3 == \at(v3, Pre)) && (v2 == \at(v2, Pre)) && (v1 == \at(v1, Pre)) && (n == \at(n, Pre)));
      loop invariant v3 == \at(v3, Pre);
      loop invariant v2 == \at(v2, Pre);
      loop invariant v1 == \at(v1, Pre);
      loop invariant n == \at(n, Pre);
    */
    while (x > 1) {
        x = x - 1;
    }

    /*@ assert (n >= 1) ==> (x == 1); */
}


void foo(int n, int v1, int v2, int v3) {
    int x = n;

    /* >>> LOOP INVARIANT TO FILL <<< 
       >>> PRECONDITION OF THE LOOP : (x == \at(n, Pre)) * (v3 == \at(v3, Pre)) * (v2 == \at(v2, Pre)) * (v1 == \at(v1, Pre)) * (n == \at(n, Pre)) <<< */

    /*@
      loop invariant (\at(n, Pre) > 1) ==> (((x == \at(n, Pre)) && (v3 == \at(v3, Pre)) && (v2 == \at(v2, Pre)) && (v1 == \at(v1, Pre)) && (n == \at(n, Pre))) || (x == \at(n, Pre) - (\at(n, Pre) - x)));
      loop invariant (!(\at(n, Pre) > 1)) ==> ((x == \at(n, Pre)) && (v3 == \at(v3, Pre)) && (v2 == \at(v2, Pre)) && (v1 == \at(v1, Pre)) && (n == \at(n, Pre)));
      loop invariant v3 == \at(v3, Pre);
      loop invariant v2 == \at(v2, Pre);
      loop invariant v1 == \at(v1, Pre);
      loop invariant n == \at(n, Pre);
    */
    while (x > 1) {
        x = x - 1;
    }

    /*@ assert (n >= 1) ==> (x == 1); */
}

syntax Correct
Validate:
[True, True, True, True, True, True]

Verify:
[False]

Goal Assertion (file output/32.c, line 20):
Assume {
  Type: is_sint32(n) /\ is_sint32(x).
  (* Goal *)
  When: 0 < n.
  (* Invariant *)
  Have: ((n <= 1) -> (x = n)).
  (* Else *)
  Have: x <= 1.
}
Prove: x = 1.
Prover Z3 4.8.12 returns Timeout (Qed:5ms) (3s)
Error found in file: output/32.c at line: 20
Error line content: /*@ assert (n >= 1) ==> (x == 1); */

### Error Analysis ###

The error indicates that the current loop invariant is not strong enough to prove the postcondition `(n >= 1) ==> (x == 1)`. The existing invariant attempts to describe how `x` changes but does not assert that `x` will reach 1 when the loop terminates, especially when `n >= 1`.

To fix this, we need to ensure the invariant captures the relationship between `n` and `x` as the loop progresses, such that when the loop terminates, the condition `x == 1` can be deduced from `n >= 1`.

The current invariant `x == \at(n, Pre) - (\at(n, Pre) - x)` is designed to reflect a decrementing pattern, but it doesn't directly enforce `x == 1` when `n >= 1`. Strengthening the invariant to directly assert that `x` will be equal to 1 when the loop ends and `n` is greater than or equal to 1 will help in proving the postcondition.

### Fixed C Code ###

```c
void foo(int n, int v1, int v2, int v3) {
    int x = n;

    /* >>> LOOP INVARIANT TO FILL <<< 
       >>> PRECONDITION OF THE LOOP : (x == \at(n, Pre)) * (v3 == \at(v3, Pre)) * (v2 == \at(v2, Pre)) * (v1 == \at(v1, Pre)) * (n == \at(n, Pre)) <<< */

    /*@
      loop invariant (\at(n, Pre) > 1) ==> ((x >= 1) && (x <= \at(n, Pre)) && (x == \at(n, Pre) - (\at(n, Pre) - x)));
      loop invariant (!(\at(n, Pre) > 1)) ==> ((x == \at(n, Pre)) && (v3 == \at(v3, Pre)) && (v2 == \at(v2, Pre)) && (v1 == \at(v1, Pre)) && (n == \at(n, Pre)));
      loop invariant v3 == \at(v3, Pre);
      loop invariant v2 == \at(v2, Pre);
      loop invariant v1 == \at(v1, Pre);
      loop invariant n == \at(n, Pre);
    */
    while (x > 1) {
        x = x - 1;
    }

    /*@ assert (n >= 1) ==> (x == 1); */
}
```

The corrected invariant now includes `x >= 1` and `x <= \at(n, Pre)` to ensure the value of `x` is bounded and decreases correctly towards 1, which is necessary for proving the postcondition when `n >= 1`.
after strength

void foo(int n, int v1, int v2, int v3) {
    int x = n;

    /* >>> LOOP INVARIANT TO FILL <<< 
       >>> PRECONDITION OF THE LOOP : (x == \at(n, Pre)) * (v3 == \at(v3, Pre)) * (v2 == \at(v2, Pre)) * (v1 == \at(v1, Pre)) * (n == \at(n, Pre)) <<< */

    /*@
      loop invariant (\at(n, Pre) > 1) ==> ((x >= 1) && (x <= \at(n, Pre)) && (x == \at(n, Pre) - (\at(n, Pre) - x)));
      loop invariant (!(\at(n, Pre) > 1)) ==> ((x == \at(n, Pre)) && (v3 == \at(v3, Pre)) && (v2 == \at(v2, Pre)) && (v1 == \at(v1, Pre)) && (n == \at(n, Pre)));
      loop invariant v3 == \at(v3, Pre);
      loop invariant v2 == \at(v2, Pre);
      loop invariant v1 == \at(v1, Pre);
      loop invariant n == \at(n, Pre);
    */
    while (x > 1) {
        x = x - 1;
    }

    /*@ assert (n >= 1) ==> (x == 1); */
}

syntax Correct
Validate:
[True, True, True, True, True, True]

Verify:
[True]

CORRECT INVARIANT
syntax Correct
Validate:
[True, True, True, True, True, True]

Verify:
[True]

syntax Correct
Validate:
[True, True, True, True, True, True]

Verify:
[True]

已移动文件: 32.c -> finish
-----------------------------------------

文件 32.c 处理完成. 总耗时: 79.44402074813843
-----------------------------------------
finshed_files:['88.c', '4.c', '114.c', '8.c', '84.c', '83.c', '111.c', '47.c', '14.c', '49.c', '131.c', '119.c', '43.c', '50.c', '56.c', '18.c', '53.c', '35.c', '10.c', '28.c', '26.c', '73.c', '89.c', '126.c', '96.c', '57.c', '37.c', '36.c', '92.c', '68.c', '115.c', '71.c', '91.c', '22.c', '19.c', '124.c', '52.c', '100.c', '95.c', '90.c', '86.c', '128.c', '62.c', '77.c', '79.c', '108.c', '129.c', '34.c', '123.c', '98.c', '41.c', '27.c', '106.c', '58.c', '130.c', '20.c', '85.c', '15.c', '75.c', '104.c', '2.c', '82.c', '32.c']
