file:37.c
Successfully generated loop/37.json
INNER_FLAG: False
Variable Maps: [{'c': '0'}]
Path conditions: [None]
Pre condition: c == 0
Loop Condition: unknown()
Updated Loop Conditions: ['unknown()']
Global Unchanged Variables []
Non Inductive Variables ['c']
[{'c': '0'}]
[None]

            
    /* >>> LOOP INVARIANT TO FILL <<< 
       >>> PRECONDITION OF THE LOOP : c == 0 <<< */
    
            /*@
            */
            while (unknown()) {
      if (unknown()) {
        if (c != 40) {
          c  = c + 1;
        }
      } else {
        if (c == 40) {
          c  = 1;
        }
      }
    }
            

            
    /* >>> LOOP INVARIANT TO FILL <<< 
       >>> PRECONDITION OF THE LOOP : c == 0 <<< */
    
            /*@
          loop invariant  ((c == 0)) || (PLACE_HOLDER_c) ;
            */
            while (unknown()) {
      if (unknown()) {
        if (c != 40) {
          c  = c + 1;
        }
      } else {
        if (c == 40) {
          c  = 1;
        }
      }
    }
            
int unknown();

void foo()  
    {
    int c = 0;
  
    
            
    /* >>> LOOP INVARIANT TO FILL <<< 
       >>> PRECONDITION OF THE LOOP : c == 0 <<< */
    
            /*@
          loop invariant  ((c == 0)) || (PLACE_HOLDER_c) ;
            */
            while (unknown()) {
      if (unknown()) {
        if (c != 40) {
          c  = c + 1;
        }
      } else {
        if (c == 40) {
          c  = 1;
        }
      }
    }
            
      /*@ assert ((c < 0) && (c > 40)) ==> (c == 40);*/
  
  }
  
Certainly! Let's analyze the provided C loop and fill in the placeholders with appropriate loop invariants.

### Analysis:

#### a. Purpose and Structure of the Loop:
- **Objective**: The loop modifies the variable `c` under certain conditions. If `c` is not 40, it increments `c` by 1 when a condition is met. If `c` equals 40, it sets `c` to 1 under a different condition.
- **Structure**:
  - **Condition**: The loop runs while `unknown()` returns true.
  - **Operations**: 
    - If `unknown()` returns true and `c` is not 40, `c` is incremented.
    - If `unknown()` returns false and `c` is 40, `c` is reset to 1.
  - **Variables**: `c` is the primary variable involved.

#### b. Discussion of the Loop Invariant:
- **Proposed Invariant**: The invariant states that either `c` is 0 (the initial condition) or `c` is between 1 and 40, inclusive.
- **Reasoning**: This invariant captures the behavior that `c` starts at 0, can increment up to 40, and resets to 1 if it reaches 40.

#### c. Establishment:
- The pre-condition `c == 0` ensures the invariant is true before the loop starts, as `c == 0` satisfies the first part of the invariant.

#### d. Preservation:
- If `c == 0`, it remains true until `c` is incremented.
- If `1 <= c < 40`, `c` can be incremented to stay within `1 <= c <= 40`.
- If `c == 40`, it can be reset to 1, thus maintaining `1 <= c <= 40`.

#### e. Termination Analysis of the Loop:
- Upon loop termination (when `unknown()` becomes false), `c` remains in the range specified by the invariant due to the structure of the operations.

#### f. Correctness of the Post-condition:
- The post-condition `((c < 0) && (c > 40)) ==> (c == 40)` is trivially true because `c` can never be less than 0 or greater than 40 with the given loop operations and invariant.

#### g. Implication of the Pre-condition:
- The pre-condition `c == 0` directly implies the invariant because it is the initial value of `c` and is explicitly covered by the invariant.

### C Loop Program with Invariants:

```c
int unknown();

void foo()  
{
    int c = 0;

    /* >>> LOOP INVARIANT TO FILL <<< 
       >>> PRECONDITION OF THE LOOP : c == 0 <<< */
    
    /*@
      loop invariant ((c == 0)) || ((c >= 1) && (c <= 40));
    */
    while (unknown()) {
      if (unknown()) {
        if (c != 40) {
          c = c + 1;
        }
      } else {
        if (c == 40) {
          c = 1;
        }
      }
    }
            
    /*@ assert ((c < 0) && (c > 40)) ==> (c == 40);*/
}
```

This invariant ensures that the variable `c` remains within the range specified by the operations in the loop, thereby supporting the post-condition.

int unknown();

void foo()  
{
    int c = 0;

    /*@
      loop invariant ((c == 0)) || ((c >= 1) && (c <= 40));
    */
    while (unknown()) {
      if (unknown()) {
        if (c != 40) {
          c = c + 1;
        }
      } else {
        if (c == 40) {
          c = 1;
        }
      }
    }
            
    /*@ assert ((c < 0) && (c > 40)) ==> (c == 40);*/
}


int unknown();

void foo()  
{
    int c = 0;

    /*@
      loop invariant ((c == 0)) || ((c >= 1) && (c <= 40));
    */
    while (unknown()) {
      if (unknown()) {
        if (c != 40) {
          c = c + 1;
        }
      } else {
        if (c == 40) {
          c = 1;
        }
      }
    }
            
    /*@ assert ((c < 0) && (c > 40)) ==> (c == 40);*/
}

syntax Correct
Validate:
[True]

Verify:
[True]

CORRECT INVARIANT
syntax Correct
Validate:
[True]

Verify:
[True]

syntax Correct
Validate:
[True]

Verify:
[True]

已移动文件: 37.c -> finish
-----------------------------------------

文件 37.c 处理完成. 总耗时: 55.778141498565674
-----------------------------------------
finshed_files:['88.c', '4.c', '114.c', '8.c', '84.c', '83.c', '111.c', '47.c', '14.c', '49.c', '131.c', '119.c', '43.c', '50.c', '56.c', '18.c', '53.c', '35.c', '10.c', '28.c', '26.c', '73.c', '89.c', '126.c', '96.c', '57.c', '37.c']
