file:44.c
Successfully generated loop/44.json
INNER_FLAG: False
Variable Maps: [{'c': '0', 'n': 'n@pre'}]
Path conditions: ['n@pre > 0']
Pre condition: n@pre > 0 && (c == 0) * (n == n@pre)
Loop Condition: unknown()
Updated Loop Conditions: ['unknown()']
Global Unchanged Variables ['n']
Non Inductive Variables ['c']
[{'c': '0', 'n': 'n@pre'}]
['n@pre > 0']

            
    /* >>> LOOP INVARIANT TO FILL <<< 
       >>> PRECONDITION OF THE LOOP : \at(n, Pre) > 0 && (c == 0) * (n == \at(n, Pre)) <<< */
    
            /*@
          loop invariant (\at(n, Pre) > 0) ==> (n == \at(n, Pre));
            */
            while (unknown()) {
        {
          if (unknown()) {
            if ( c > n )
            {
            c  = c + 1;
            }
          } else {
            if (c == n) 
            {
            c  = 1;
            }
          }
    
        }
    
    }
            

            
    /* >>> LOOP INVARIANT TO FILL <<< 
       >>> PRECONDITION OF THE LOOP : \at(n, Pre) > 0 && (c == 0) * (n == \at(n, Pre)) <<< */
    
            /*@
          loop invariant  (\at(n, Pre) > 0) ==> (((c == 0)&&(n == \at(n, Pre))) || (PLACE_HOLDER_c)) ;
          loop invariant (\at(n, Pre) > 0) ==> (n == \at(n, Pre));
            */
            while (unknown()) {
        {
          if (unknown()) {
            if ( c > n )
            {
            c  = c + 1;
            }
          } else {
            if (c == n) 
            {
            c  = 1;
            }
          }
    
        }
    
    }
            
int unknown();
/*@ requires n > 0; */
void foo(int n)  {

    int c = 0;

    
            
    /* >>> LOOP INVARIANT TO FILL <<< 
       >>> PRECONDITION OF THE LOOP : \at(n, Pre) > 0 && (c == 0) * (n == \at(n, Pre)) <<< */
    
            /*@
          loop invariant  (\at(n, Pre) > 0) ==> (((c == 0)&&(n == \at(n, Pre))) || (PLACE_HOLDER_c)) ;
          loop invariant (\at(n, Pre) > 0) ==> (n == \at(n, Pre));
            */
            while (unknown()) {
        {
          if (unknown()) {
            if ( c > n )
            {
            c  = c + 1;
            }
          } else {
            if (c == n) 
            {
            c  = 1;
            }
          }
    
        }
    
    }
             
           
     /*@ assert (n <= -1) ==> (c != n ); */
    

  

}
To fill in the loop invariants, we need to analyze the purpose, structure, and behavior of the loop. The loop involves two main operations based on the results of `unknown()` and conditions related to the variable `c` and `n`. 

### Analysis

#### a. Purpose and Structure of the Loop
- **Objective**: The loop modifies the variable `c` depending on the value of `n`. The intended outcome is to maintain certain properties of `c` throughout the loop execution.
- **Structure**: The loop condition is governed by the function `unknown()`, which means the loop can iterate an arbitrary number of times. Inside the loop, there are conditional operations affecting `c` based on comparisons with `n`.
- **Relevant Variables**: The variables `c` and `n` are central to the loop's behavior.

#### b. Discussion of the Loop Invariant
The loop invariants need to capture the relationship between `c` and `n` throughout the execution. Given the pre-condition and operations within the loop, we derive:
- `PLACE_HOLDER_c` should express the conditions under which `c` can change while maintaining the loop's intended properties.

#### c. Establishment
The invariant must hold true before the loop starts. Initially, `c` is set to `0`, and the pre-condition states that `n > 0`.

#### d. Preservation
The invariant must hold true at the start and end of each iteration. Given the operations within the loop, the invariant will ensure that changes to `c` remain consistent with the conditions specified.

#### e. Termination Analysis of the Loop
When the loop terminates, the invariant ensures that `c` has not exceeded `n` in a way that violates the properties specified.

#### f. Correctness of the Post-condition
The post-condition states that if `n <= -1`, then `c != n`. The invariant ensures that `c` either remains less than or equal to `n` or resets to maintain this condition.

#### g. Implication of the Pre-condition
The pre-condition guarantees `n > 0` and `c == 0` initially, which directly supports the establishment of the invariant.

### Filled-in Program with Invariants

```c
int unknown();
/*@ requires n > 0; */
void foo(int n)  {

    int c = 0;

    
            
    /* >>> LOOP INVARIANT TO FILL <<< 
       >>> PRECONDITION OF THE LOOP : \at(n, Pre) > 0 && (c == 0) * (n == \at(n, Pre)) <<< */
    
            /*@
          loop invariant  (\at(n, Pre) > 0) ==> (((c == 0)&&(n == \at(n, Pre))) || (c <= n)) ;
          loop invariant (\at(n, Pre) > 0) ==> (n == \at(n, Pre));
            */
            while (unknown()) {
        {
          if (unknown()) {
            if ( c > n )
            {
            c  = c + 1;
            }
          } else {
            if (c == n) 
            {
            c  = 1;
            }
          }
    
        }
    
    }
             
           
     /*@ assert (n <= -1) ==> (c != n ); */
    

  

}
```

In this solution, `PLACE_HOLDER_c` is filled with `c <= n`, ensuring that the loop invariant captures the intended properties of `c` relative to `n`.

int unknown();
/*@ requires n > 0; */
void foo(int n)  {

    int c = 0;

    
            
            /*@
          loop invariant  (\at(n, Pre) > 0) ==> (((c == 0)&&(n == \at(n, Pre))) || (c <= n)) ;
          loop invariant (\at(n, Pre) > 0) ==> (n == \at(n, Pre));
            */
            while (unknown()) {
        {
          if (unknown()) {
            if ( c > n )
            {
            c  = c + 1;
            }
          } else {
            if (c == n) 
            {
            c  = 1;
            }
          }
    
        }
    
    }
             
           
     /*@ assert (n <= -1) ==> (c != n ); */
    

  

}


int unknown();
/*@ requires n > 0; */
void foo(int n)  {

    int c = 0;

    
            
            /*@
          loop invariant  (\at(n, Pre) > 0) ==> (((c == 0)&&(n == \at(n, Pre))) || (c <= n)) ;
          loop invariant (\at(n, Pre) > 0) ==> (n == \at(n, Pre));
            */
            while (unknown()) {
        {
          if (unknown()) {
            if ( c > n )
            {
            c  = c + 1;
            }
          } else {
            if (c == n) 
            {
            c  = 1;
            }
          }
    
        }
    
    }
             
           
     /*@ assert (n <= -1) ==> (c != n ); */
    

  

}

syntax Correct
Validate:
[True, True]

Verify:
[True]

CORRECT INVARIANT
syntax Correct
Validate:
[True, True]

Verify:
[True]

syntax Correct
Validate:
[True, True]

Verify:
[True]

已移动文件: 44.c -> finish
-----------------------------------------

文件 44.c 处理完成. 总耗时: 57.24100613594055
-----------------------------------------
finshed_files:['88.c', '4.c', '114.c', '8.c', '84.c', '83.c', '111.c', '47.c', '14.c', '49.c', '131.c', '119.c', '43.c', '50.c', '56.c', '18.c', '53.c', '35.c', '10.c', '28.c', '26.c', '73.c', '89.c', '126.c', '96.c', '57.c', '37.c', '36.c', '92.c', '68.c', '115.c', '71.c', '91.c', '22.c', '19.c', '124.c', '52.c', '100.c', '95.c', '90.c', '86.c', '128.c', '62.c', '77.c', '79.c', '108.c', '129.c', '34.c', '123.c', '98.c', '41.c', '27.c', '106.c', '58.c', '130.c', '20.c', '85.c', '15.c', '75.c', '104.c', '2.c', '82.c', '32.c', '23.c', '117.c', '125.c', '64.c', '6.c', '1.c', '12.c', '45.c', '113.c', '13.c', '31.c', '54.c', '93.c', '3.c', '30.c', '133.c', '112.c', '103.c', '69.c', '122.c', '44.c']
