file:47.c
Successfully generated loop/47.json
INNER_FLAG: False
Variable Maps: [{'c': '0', 'n': 'n@pre'}]
Path conditions: ['n@pre > 0']
Pre condition: n@pre > 0 && (c == 0) * (n == n@pre)
Loop Condition: unknown()
Updated Loop Conditions: ['unknown()']
Global Unchanged Variables ['n']
Non Inductive Variables ['c']
[{'c': '0', 'n': 'n@pre'}]
['n@pre > 0']

            
    /* >>> LOOP INVARIANT TO FILL <<< 
       >>> PRECONDITION OF THE LOOP : \at(n, Pre) > 0 && (c == 0) * (n == \at(n, Pre)) <<< */
    
            /*@
          loop invariant (\at(n, Pre) > 0) ==> (n == \at(n, Pre));
            */
            while (unknown()) {
        {
          if (unknown()) {
            if ( c != n )
            {
            c  = c + 1;
            }
          } else {
            if (c == n) 
            {
            c  = 1;
            }
          }
    
        }
    
    }
            

            
    /* >>> LOOP INVARIANT TO FILL <<< 
       >>> PRECONDITION OF THE LOOP : \at(n, Pre) > 0 && (c == 0) * (n == \at(n, Pre)) <<< */
    
            /*@
          loop invariant  (\at(n, Pre) > 0) ==> (((c == 0)&&(n == \at(n, Pre))) || (PLACE_HOLDER_c)) ;
          loop invariant (\at(n, Pre) > 0) ==> (n == \at(n, Pre));
            */
            while (unknown()) {
        {
          if (unknown()) {
            if ( c != n )
            {
            c  = c + 1;
            }
          } else {
            if (c == n) 
            {
            c  = 1;
            }
          }
    
        }
    
    }
            
int unknown();

/*@ requires n > 0; */
void foo(int n)  {

    int c = 0;

    
            
    /* >>> LOOP INVARIANT TO FILL <<< 
       >>> PRECONDITION OF THE LOOP : \at(n, Pre) > 0 && (c == 0) * (n == \at(n, Pre)) <<< */
    
            /*@
          loop invariant  (\at(n, Pre) > 0) ==> (((c == 0)&&(n == \at(n, Pre))) || (PLACE_HOLDER_c)) ;
          loop invariant (\at(n, Pre) > 0) ==> (n == \at(n, Pre));
            */
            while (unknown()) {
        {
          if (unknown()) {
            if ( c != n )
            {
            c  = c + 1;
            }
          } else {
            if (c == n) 
            {
            c  = 1;
            }
          }
    
        }
    
    }
                
    /*@ assert ((c < 0)&& (c > n)) ==> (c == n); */
    

  

}
Certainly! Let's break down the task and fill in the placeholders for the loop invariants in ACSL.

### a. Purpose and Structure of the Loop:
- **Objective:** The loop aims to modify the variable `c` based on certain conditions that cannot be determined from the given code (since `unknown()` is used). The post-condition suggests that it checks whether `c` equals `n` at some point.
- **Structure:**
  - **Loop Condition:** The loop runs while `unknown()` evaluates to true, meaning the number of iterations cannot be predetermined.
  - **Operations:** Within the loop, `c` is either incremented by 1 if `c` is not equal to `n`, or set to 1 if `c` equals `n`. The conditions for these operations depend on another `unknown()` call.
  - **Relevant Variables:** `c`, `n`.

### b. Discussion of the Loop Invariant:
- **Proposed Invariant:** The invariant essentially ensures that `c` starts at 0 and only changes under specific conditions within the loop. It is considered valid because it accounts for all possibilities as the loop progresses, maintaining consistency with the pre-condition and post-condition.

### c. Establishment:
- **Before Loop:** The invariant is established as true initially because `c` starts at 0 and `n` remains constant, satisfying the conditions in the invariant.

### d. Preservation:
- **During Iterations:** If the loop invariant holds at the start of an iteration, the operations within the loop (incrementing `c` or setting it to 1) ensure it remains true, as each operation respects the invariant's logic.

### e. Termination Analysis of the Loop:
- **Termination:** When the loop exits, the invariant still holds because it ensures that either `c` is incrementing towards `n` or reset to 1, aligning with the post-condition requirements.

### f. Correctness of the Post-condition:
- **Post-condition Verification:** The invariant, combined with the negation of the loop condition, guarantees that the post-condition `(c == n)` is valid when the loop terminates, as the operations within the loop are designed to eventually set `c` to `n`.

### g. Implication of the Pre-condition:
- **Pre-condition:** The initial pre-condition (`c == 0` and `n` is positive) establishes the necessary starting point for the invariant, ensuring that `c` begins at 0 and `n` remains unchanged.

Now, let's fill in the placeholders:

```c
int unknown();

/*@ requires n > 0; */
void foo(int n) {

    int c = 0;

    /* >>> LOOP INVARIANT TO FILL <<< 
       >>> PRECONDITION OF THE LOOP : \at(n, Pre) > 0 && (c == 0) * (n == \at(n, Pre)) <<< */
    
    /*@
      loop invariant  (\at(n, Pre) > 0) ==> (((c == 0)&&(n == \at(n, Pre))) || (c >= 0 && c <= n)) ;
      loop invariant (\at(n, Pre) > 0) ==> (n == \at(n, Pre));
    */
    while (unknown()) {
        {
          if (unknown()) {
            if (c != n) {
              c = c + 1;
            }
          } else {
            if (c == n) {
              c = 1;
            }
          }
        }
    }
                
    /*@ assert ((c < 0)&& (c > n)) ==> (c == n); */
}
```

This version maintains the structure and logic of the original program, with placeholders filled to ensure the invariants are meaningful and help verify the post-condition using Frama-C.

int unknown();

/*@ requires n > 0; */
void foo(int n) {

    int c = 0;

    /*@
      loop invariant  (\at(n, Pre) > 0) ==> (((c == 0)&&(n == \at(n, Pre))) || (c >= 0 && c <= n)) ;
      loop invariant (\at(n, Pre) > 0) ==> (n == \at(n, Pre));
    */
    while (unknown()) {
        {
          if (unknown()) {
            if (c != n) {
              c = c + 1;
            }
          } else {
            if (c == n) {
              c = 1;
            }
          }
        }
    }
                
    /*@ assert ((c < 0)&& (c > n)) ==> (c == n); */
}


int unknown();

/*@ requires n > 0; */
void foo(int n) {

    int c = 0;

    /*@
      loop invariant  (\at(n, Pre) > 0) ==> (((c == 0)&&(n == \at(n, Pre))) || (c >= 0 && c <= n)) ;
      loop invariant (\at(n, Pre) > 0) ==> (n == \at(n, Pre));
    */
    while (unknown()) {
        {
          if (unknown()) {
            if (c != n) {
              c = c + 1;
            }
          } else {
            if (c == n) {
              c = 1;
            }
          }
        }
    }
                
    /*@ assert ((c < 0)&& (c > n)) ==> (c == n); */
}

syntax Correct
Validate:
[True, True]

Verify:
[True]

CORRECT INVARIANT
syntax Correct
Validate:
[True, True]

Verify:
[True]

syntax Correct
Validate:
[True, True]

Verify:
[True]

已移动文件: 47.c -> finish
-----------------------------------------

文件 47.c 处理完成. 总耗时: 52.186567068099976
-----------------------------------------
finshed_files:['88.c', '4.c', '114.c', '8.c', '84.c', '83.c', '111.c', '47.c']
