file:56.c
Successfully generated loop/56.json
INNER_FLAG: False
Variable Maps: [{'c': '0', 'v3': 'v3@pre', 'v2': 'v2@pre', 'v1': 'v1@pre', 'n': 'n@pre'}]
Path conditions: ['n@pre > 0']
Pre condition: n@pre > 0 && (c == 0) * (v3 == v3@pre) * (v2 == v2@pre) * (v1 == v1@pre) * (n == n@pre)
Loop Condition: unknown()
Updated Loop Conditions: ['unknown()']
Global Unchanged Variables ['v3', 'v2', 'v1', 'n']
Non Inductive Variables ['c']
[{'c': '0', 'v3': 'v3@pre', 'v2': 'v2@pre', 'v1': 'v1@pre', 'n': 'n@pre'}]
['n@pre > 0']

            
    /* >>> LOOP INVARIANT TO FILL <<< 
       >>> PRECONDITION OF THE LOOP : \at(n, Pre) > 0 && (c == 0) * (v3 == \at(v3, Pre)) * (v2 == \at(v2, Pre)) * (v1 == \at(v1, Pre)) * (n == \at(n, Pre)) <<< */
    
            /*@
          loop invariant (\at(n, Pre) > 0) ==> (v3 == \at(v3, Pre));
          loop invariant (\at(n, Pre) > 0) ==> (v2 == \at(v2, Pre));
          loop invariant (\at(n, Pre) > 0) ==> (v1 == \at(v1, Pre));
          loop invariant (\at(n, Pre) > 0) ==> (n == \at(n, Pre));
            */
            while (unknown()) {
        {
          if (unknown()) {
            if ( c > n )
            {
            c  = c + 1;
            }
          } else {
            if (c == n) 
            {
            c  = 1;
            }
          }
    
        }
    
    }
            

            
    /* >>> LOOP INVARIANT TO FILL <<< 
       >>> PRECONDITION OF THE LOOP : \at(n, Pre) > 0 && (c == 0) * (v3 == \at(v3, Pre)) * (v2 == \at(v2, Pre)) * (v1 == \at(v1, Pre)) * (n == \at(n, Pre)) <<< */
    
            /*@
          loop invariant  (\at(n, Pre) > 0) ==> (((c == 0)&&(v3 == \at(v3, Pre))&&(v2 == \at(v2, Pre))&&(v1 == \at(v1, Pre))&&(n == \at(n, Pre))) || (PLACE_HOLDER_c)) ;
          loop invariant (\at(n, Pre) > 0) ==> (v3 == \at(v3, Pre));
          loop invariant (\at(n, Pre) > 0) ==> (v2 == \at(v2, Pre));
          loop invariant (\at(n, Pre) > 0) ==> (v1 == \at(v1, Pre));
          loop invariant (\at(n, Pre) > 0) ==> (n == \at(n, Pre));
            */
            while (unknown()) {
        {
          if (unknown()) {
            if ( c > n )
            {
            c  = c + 1;
            }
          } else {
            if (c == n) 
            {
            c  = 1;
            }
          }
    
        }
    
    }
            
int unknown();

/*@ requires n > 0; */
void foo(int n,int v1,int v2,int v3)  {

    int c = 0;

    
            
    /* >>> LOOP INVARIANT TO FILL <<< 
       >>> PRECONDITION OF THE LOOP : \at(n, Pre) > 0 && (c == 0) * (v3 == \at(v3, Pre)) * (v2 == \at(v2, Pre)) * (v1 == \at(v1, Pre)) * (n == \at(n, Pre)) <<< */
    
            /*@
          loop invariant  (\at(n, Pre) > 0) ==> (((c == 0)&&(v3 == \at(v3, Pre))&&(v2 == \at(v2, Pre))&&(v1 == \at(v1, Pre))&&(n == \at(n, Pre))) || (PLACE_HOLDER_c)) ;
          loop invariant (\at(n, Pre) > 0) ==> (v3 == \at(v3, Pre));
          loop invariant (\at(n, Pre) > 0) ==> (v2 == \at(v2, Pre));
          loop invariant (\at(n, Pre) > 0) ==> (v1 == \at(v1, Pre));
          loop invariant (\at(n, Pre) > 0) ==> (n == \at(n, Pre));
            */
            while (unknown()) {
        {
          if (unknown()) {
            if ( c > n )
            {
            c  = c + 1;
            }
          } else {
            if (c == n) 
            {
            c  = 1;
            }
          }
    
        }
    
    }
            
           
    /*@ assert (c == n) ==> (n > - 1); */
    
 

}
To analyze the given C loop program and generate the necessary loop invariants, let's follow the outlined steps:

### a. Purpose and Structure of the Loop:
- **Objective:** The loop aims to update the variable `c` based on certain conditions, potentially involving unknown factors (`unknown()` function). The loop operates with checks on `c` and updates it conditionally.
- **Structure:** The loop is governed by the condition `unknown()`, which means the number of iterations can vary. Inside the loop:
  - If `unknown()` is true and `c > n`, `c` is incremented.
  - Else, if `c == n`, `c` is set to `1`.
- **Relevant Variables:** `c`, `n`, `v1`, `v2`, `v3` are involved, with `c` being modified within the loop.

### b. Discussion of the Loop Invariant:
The placeholder `PLACE_HOLDER_c` should be filled to ensure the loop invariant holds true at the start and end of each iteration, capturing the relationship between `c` and `n`.

### c. Establishment:
Before the loop starts, the pre-condition ensures the invariant holds, particularly with `(c == 0)` and other conditions remaining unchanged (`v1`, `v2`, `v3`, and `n` are not modified).

### d. Preservation:
During each iteration, the invariant must accommodate changes to `c`. The invariant should express constraints that are preserved regardless of the loop's logic and execution path (considering changes to `c`).

### e. Termination Analysis of the Loop:
The loop terminates when `unknown()` becomes false. At this point, the invariant should still hold, ensuring that `c` satisfies necessary conditions with respect to `n`.

### f. Correctness of the Post-condition:
The post-condition asserts `(c == n) ==> (n > -1)`. The invariant should ensure that when the loop exits, if `c == n`, then `n > -1` is valid, relying on established constraints.

### g. Implication of the Pre-condition:
The pre-condition directly implies the invariant since it sets `c == 0` initially, and other variables are unchanged, establishing the invariant before the loop begins.

### Filled Loop Program with Invariants:
```c
int unknown();

/*@ requires n > 0; */
void foo(int n, int v1, int v2, int v3) {

    int c = 0;

    /* >>> LOOP INVARIANT TO FILL <<< 
       >>> PRECONDITION OF THE LOOP : \at(n, Pre) > 0 && (c == 0) * (v3 == \at(v3, Pre)) * (v2 == \at(v2, Pre)) * (v1 == \at(v1, Pre)) * (n == \at(n, Pre)) <<< */
    
    /*@
      loop invariant (\at(n, Pre) > 0) ==> (((c == 0)&&(v3 == \at(v3, Pre))&&(v2 == \at(v2, Pre))&&(v1 == \at(v1, Pre))&&(n == \at(n, Pre))) || (c >= 0 && c <= n)) ;
      loop invariant (\at(n, Pre) > 0) ==> (v3 == \at(v3, Pre));
      loop invariant (\at(n, Pre) > 0) ==> (v2 == \at(v2, Pre));
      loop invariant (\at(n, Pre) > 0) ==> (v1 == \at(v1, Pre));
      loop invariant (\at(n, Pre) > 0) ==> (n == \at(n, Pre));
    */
    while (unknown()) {
        {
            if (unknown()) {
                if (c > n) {
                    c = c + 1;
                }
            } else {
                if (c == n) {
                    c = 1;
                }
            }
        }
    }

    /*@ assert (c == n) ==> (n > - 1); */
}
```

Here, `PLACE_HOLDER_c` is replaced with `c >= 0 && c <= n`, which adequately ensures the invariant is maintained throughout the loop iterations, satisfying the conditions of establishment, preservation, and termination while supporting the post-condition.

int unknown();

/*@ requires n > 0; */
void foo(int n, int v1, int v2, int v3) {

    int c = 0;

    /*@
      loop invariant (\at(n, Pre) > 0) ==> (((c == 0)&&(v3 == \at(v3, Pre))&&(v2 == \at(v2, Pre))&&(v1 == \at(v1, Pre))&&(n == \at(n, Pre))) || (c >= 0 && c <= n)) ;
      loop invariant (\at(n, Pre) > 0) ==> (v3 == \at(v3, Pre));
      loop invariant (\at(n, Pre) > 0) ==> (v2 == \at(v2, Pre));
      loop invariant (\at(n, Pre) > 0) ==> (v1 == \at(v1, Pre));
      loop invariant (\at(n, Pre) > 0) ==> (n == \at(n, Pre));
    */
    while (unknown()) {
        {
            if (unknown()) {
                if (c > n) {
                    c = c + 1;
                }
            } else {
                if (c == n) {
                    c = 1;
                }
            }
        }
    }

    /*@ assert (c == n) ==> (n > - 1); */
}


int unknown();

/*@ requires n > 0; */
void foo(int n, int v1, int v2, int v3) {

    int c = 0;

    /*@
      loop invariant (\at(n, Pre) > 0) ==> (((c == 0)&&(v3 == \at(v3, Pre))&&(v2 == \at(v2, Pre))&&(v1 == \at(v1, Pre))&&(n == \at(n, Pre))) || (c >= 0 && c <= n)) ;
      loop invariant (\at(n, Pre) > 0) ==> (v3 == \at(v3, Pre));
      loop invariant (\at(n, Pre) > 0) ==> (v2 == \at(v2, Pre));
      loop invariant (\at(n, Pre) > 0) ==> (v1 == \at(v1, Pre));
      loop invariant (\at(n, Pre) > 0) ==> (n == \at(n, Pre));
    */
    while (unknown()) {
        {
            if (unknown()) {
                if (c > n) {
                    c = c + 1;
                }
            } else {
                if (c == n) {
                    c = 1;
                }
            }
        }
    }

    /*@ assert (c == n) ==> (n > - 1); */
}

syntax Correct
Validate:
[True, True, True, True, True]

Verify:
[True]

CORRECT INVARIANT
syntax Correct
Validate:
[True, True, True, True, True]

Verify:
[True]

syntax Correct
Validate:
[True, True, True, True, True]

Verify:
[True]

已移动文件: 56.c -> finish
-----------------------------------------

文件 56.c 处理完成. 总耗时: 54.23743462562561
-----------------------------------------
finshed_files:['88.c', '4.c', '114.c', '8.c', '84.c', '83.c', '111.c', '47.c', '14.c', '49.c', '131.c', '119.c', '43.c', '50.c', '56.c']
