file:57.c
Successfully generated loop/57.json
INNER_FLAG: False
Variable Maps: [{'c': '0', 'v3': 'v3@pre', 'v2': 'v2@pre', 'v1': 'v1@pre', 'n': 'n@pre'}]
Path conditions: ['n@pre > 0']
Pre condition: n@pre > 0 && (c == 0) * (v3 == v3@pre) * (v2 == v2@pre) * (v1 == v1@pre) * (n == n@pre)
Loop Condition: unknown()
Updated Loop Conditions: ['unknown()']
Global Unchanged Variables ['v3', 'v2', 'v1', 'n']
Non Inductive Variables ['c']
[{'c': '0', 'v3': 'v3@pre', 'v2': 'v2@pre', 'v1': 'v1@pre', 'n': 'n@pre'}]
['n@pre > 0']

            
    /* >>> LOOP INVARIANT TO FILL <<< 
       >>> PRECONDITION OF THE LOOP : \at(n, Pre) > 0 && (c == 0) * (v3 == \at(v3, Pre)) * (v2 == \at(v2, Pre)) * (v1 == \at(v1, Pre)) * (n == \at(n, Pre)) <<< */
    
            /*@
          loop invariant (\at(n, Pre) > 0) ==> (v3 == \at(v3, Pre));
          loop invariant (\at(n, Pre) > 0) ==> (v2 == \at(v2, Pre));
          loop invariant (\at(n, Pre) > 0) ==> (v1 == \at(v1, Pre));
          loop invariant (\at(n, Pre) > 0) ==> (n == \at(n, Pre));
            */
            while (unknown()) {
        {
          if (unknown()) {
            if ( c > n )
            {
            c  = c + 1;
            }
          } else {
            if (c == n) 
            {
            c  = 1;
            }
          }
    
        }
    
    }
            

            
    /* >>> LOOP INVARIANT TO FILL <<< 
       >>> PRECONDITION OF THE LOOP : \at(n, Pre) > 0 && (c == 0) * (v3 == \at(v3, Pre)) * (v2 == \at(v2, Pre)) * (v1 == \at(v1, Pre)) * (n == \at(n, Pre)) <<< */
    
            /*@
          loop invariant  (\at(n, Pre) > 0) ==> (((c == 0)&&(v3 == \at(v3, Pre))&&(v2 == \at(v2, Pre))&&(v1 == \at(v1, Pre))&&(n == \at(n, Pre))) || (PLACE_HOLDER_c)) ;
          loop invariant (\at(n, Pre) > 0) ==> (v3 == \at(v3, Pre));
          loop invariant (\at(n, Pre) > 0) ==> (v2 == \at(v2, Pre));
          loop invariant (\at(n, Pre) > 0) ==> (v1 == \at(v1, Pre));
          loop invariant (\at(n, Pre) > 0) ==> (n == \at(n, Pre));
            */
            while (unknown()) {
        {
          if (unknown()) {
            if ( c > n )
            {
            c  = c + 1;
            }
          } else {
            if (c == n) 
            {
            c  = 1;
            }
          }
    
        }
    
    }
            
int unknown();

/*@ requires n > 0; */
void foo(int n,int v1,int v2,int v3)  {

    int c = 0;

    
            
    /* >>> LOOP INVARIANT TO FILL <<< 
       >>> PRECONDITION OF THE LOOP : \at(n, Pre) > 0 && (c == 0) * (v3 == \at(v3, Pre)) * (v2 == \at(v2, Pre)) * (v1 == \at(v1, Pre)) * (n == \at(n, Pre)) <<< */
    
            /*@
          loop invariant  (\at(n, Pre) > 0) ==> (((c == 0)&&(v3 == \at(v3, Pre))&&(v2 == \at(v2, Pre))&&(v1 == \at(v1, Pre))&&(n == \at(n, Pre))) || (PLACE_HOLDER_c)) ;
          loop invariant (\at(n, Pre) > 0) ==> (v3 == \at(v3, Pre));
          loop invariant (\at(n, Pre) > 0) ==> (v2 == \at(v2, Pre));
          loop invariant (\at(n, Pre) > 0) ==> (v1 == \at(v1, Pre));
          loop invariant (\at(n, Pre) > 0) ==> (n == \at(n, Pre));
            */
            while (unknown()) {
        {
          if (unknown()) {
            if ( c > n )
            {
            c  = c + 1;
            }
          } else {
            if (c == n) 
            {
            c  = 1;
            }
          }
    
        }
    
    }
            
             
    /*@ assert (n <= -1) ==> (c != n ); */
  

}
To appropriately fill in the placeholders in the provided C loop program while adhering to the given rules and pre-condition, let's work through the requested analysis:

### Analysis:

#### a. Purpose and Structure of the Loop:
- **Objective**: The loop manipulates the variable `c` based on certain conditions. The goal seems to be related to ensuring `c` is not equal to `n` under specific circumstances.
- **Structure**: The loop runs as long as `unknown()` returns true. Within the loop, if `unknown()` again returns true and `c > n`, `c` is incremented by 1. Otherwise, if `c == n`, `c` is set to 1. The relevant variables are `c` and `n`.

#### b. Discussion of the Loop Invariant:
- **Invariant**: The invariant needs to express the relationship between `c` and `n` that holds true through each iteration. It must also respect the initial conditions on `v1`, `v2`, `v3`, and `n`.

#### c. Establishment:
- The invariant is true initially due to the pre-condition: `(c == 0) * (v3 == \at(v3, Pre)) * (v2 == \at(v2, Pre)) * (v1 == \at(v1, Pre)) * (n == \at(n, Pre))`.

#### d. Preservation:
- The operations within the loop preserve the invariant by ensuring `c` is appropriately adjusted with respect to `n`.

#### e. Termination Analysis:
- Upon loop termination, `c` will have been adjusted such that `c` is not equal to `n` if `n <= -1` as per the post-condition.

#### f. Correctness of the Post-condition:
- The loop invariant ensures that the post-condition `(n <= -1) ==> (c != n)` holds as `c` is adjusted within the loop to avoid equaling `n` when `n` is negative.

#### g. Implication of the Pre-condition:
- The pre-condition ensures that `c` starts at 0 and `n` is positive, which aligns with and helps establish the loop invariant.

### Filled C Loop Program:

```c
int unknown();

/*@ requires n > 0; */
void foo(int n,int v1,int v2,int v3)  {

    int c = 0;

    /* >>> LOOP INVARIANT TO FILL <<< 
       >>> PRECONDITION OF THE LOOP : \at(n, Pre) > 0 && (c == 0) * (v3 == \at(v3, Pre)) * (v2 == \at(v2, Pre)) * (v1 == \at(v1, Pre)) * (n == \at(n, Pre)) <<< */
    
    /*@
      loop invariant  (\at(n, Pre) > 0) ==> (((c == 0)&&(v3 == \at(v3, Pre))&&(v2 == \at(v2, Pre))&&(v1 == \at(v1, Pre))&&(n == \at(n, Pre))) || (c != n)) ;
      loop invariant (\at(n, Pre) > 0) ==> (v3 == \at(v3, Pre));
      loop invariant (\at(n, Pre) > 0) ==> (v2 == \at(v2, Pre));
      loop invariant (\at(n, Pre) > 0) ==> (v1 == \at(v1, Pre));
      loop invariant (\at(n, Pre) > 0) ==> (n == \at(n, Pre));
    */
    while (unknown()) {
        {
          if (unknown()) {
            if ( c > n )
            {
            c  = c + 1;
            }
          } else {
            if (c == n) 
            {
            c  = 1;
            }
          }
        }
    }
    
    /*@ assert (n <= -1) ==> (c != n ); */
}
```

This code now includes the filled loop invariants necessary for verification with Frama-C. The key invariant ensures that `c` maintains a state that aligns with the intended post-condition of the program.

int unknown();

/*@ requires n > 0; */
void foo(int n,int v1,int v2,int v3)  {

    int c = 0;

    /*@
      loop invariant  (\at(n, Pre) > 0) ==> (((c == 0)&&(v3 == \at(v3, Pre))&&(v2 == \at(v2, Pre))&&(v1 == \at(v1, Pre))&&(n == \at(n, Pre))) || (c != n)) ;
      loop invariant (\at(n, Pre) > 0) ==> (v3 == \at(v3, Pre));
      loop invariant (\at(n, Pre) > 0) ==> (v2 == \at(v2, Pre));
      loop invariant (\at(n, Pre) > 0) ==> (v1 == \at(v1, Pre));
      loop invariant (\at(n, Pre) > 0) ==> (n == \at(n, Pre));
    */
    while (unknown()) {
        {
          if (unknown()) {
            if ( c > n )
            {
            c  = c + 1;
            }
          } else {
            if (c == n) 
            {
            c  = 1;
            }
          }
        }
    }
    
    /*@ assert (n <= -1) ==> (c != n ); */
}


int unknown();

/*@ requires n > 0; */
void foo(int n,int v1,int v2,int v3)  {

    int c = 0;

    /*@
      loop invariant  (\at(n, Pre) > 0) ==> (((c == 0)&&(v3 == \at(v3, Pre))&&(v2 == \at(v2, Pre))&&(v1 == \at(v1, Pre))&&(n == \at(n, Pre))) || (c != n)) ;
      loop invariant (\at(n, Pre) > 0) ==> (v3 == \at(v3, Pre));
      loop invariant (\at(n, Pre) > 0) ==> (v2 == \at(v2, Pre));
      loop invariant (\at(n, Pre) > 0) ==> (v1 == \at(v1, Pre));
      loop invariant (\at(n, Pre) > 0) ==> (n == \at(n, Pre));
    */
    while (unknown()) {
        {
          if (unknown()) {
            if ( c > n )
            {
            c  = c + 1;
            }
          } else {
            if (c == n) 
            {
            c  = 1;
            }
          }
        }
    }
    
    /*@ assert (n <= -1) ==> (c != n ); */
}

syntax Correct
Validate:
[True, True, True, True, True]

Verify:
[True]

CORRECT INVARIANT
syntax Correct
Validate:
[True, True, True, True, True]

Verify:
[True]

syntax Correct
Validate:
[True, True, True, True, True]

Verify:
[True]

已移动文件: 57.c -> finish
-----------------------------------------

文件 57.c 处理完成. 总耗时: 59.166014432907104
-----------------------------------------
finshed_files:['88.c', '4.c', '114.c', '8.c', '84.c', '83.c', '111.c', '47.c', '14.c', '49.c', '131.c', '119.c', '43.c', '50.c', '56.c', '18.c', '53.c', '35.c', '10.c', '28.c', '26.c', '73.c', '89.c', '126.c', '96.c', '57.c']
