file:6.c
Successfully generated loop/6.json
INNER_FLAG: False
Variable Maps: [{'x': '0', 'z': 'z@pre', 'y': 'y@pre', 'size': 'size@pre', 'v3': 'v3@pre', 'v2': 'v2@pre', 'v1': 'v1@pre'}]
Path conditions: [None]
Pre condition: (x == 0) * (z == z@pre) * (y == y@pre) * (size == size@pre) * (v3 == v3@pre) * (v2 == v2@pre) * (v1 == v1@pre)
Loop Condition: x < size
Updated Loop Conditions: ['0 < size@pre']
Global Unchanged Variables ['z', 'size', 'v3', 'v2', 'v1']
Non Inductive Variables ['y']
[{'x': '0', 'z': 'z@pre', 'y': 'y@pre', 'size': 'size@pre', 'v3': 'v3@pre', 'v2': 'v2@pre', 'v1': 'v1@pre'}]
[None]

            
    /* >>> LOOP INVARIANT TO FILL <<< 
       >>> PRECONDITION OF THE LOOP : (x == 0) * (z == \at(z, Pre)) * (y == \at(y, Pre)) * (size == \at(size, Pre)) * (v3 == \at(v3, Pre)) * (v2 == \at(v2, Pre)) * (v1 == \at(v1, Pre)) <<< */
    
            /*@
          loop invariant z == \at(z, Pre);
          loop invariant size == \at(size, Pre);
          loop invariant v3 == \at(v3, Pre);
          loop invariant v2 == \at(v2, Pre);
          loop invariant v1 == \at(v1, Pre);
            */
            while(x < size) {
       x += 1;
       if( z <= y) {
          y = z;
       }
    }
            

            
    /* >>> LOOP INVARIANT TO FILL <<< 
       >>> PRECONDITION OF THE LOOP : (x == 0) * (z == \at(z, Pre)) * (y == \at(y, Pre)) * (size == \at(size, Pre)) * (v3 == \at(v3, Pre)) * (v2 == \at(v2, Pre)) * (v1 == \at(v1, Pre)) <<< */
    
            /*@
          loop invariant (0 < \at(size, Pre)) ==> (((x == 0)&&(z == \at(z, Pre))&&(y == \at(y, Pre))&&(size == \at(size, Pre))&&(v3 == \at(v3, Pre))&&(v2 == \at(v2, Pre))&&(v1 == \at(v1, Pre))) || (PLACE_HOLDER_y));
          loop invariant (0 < \at(size, Pre)) ==> (((x == 0)&&(z == \at(z, Pre))&&(y == \at(y, Pre))&&(size == \at(size, Pre))&&(v3 == \at(v3, Pre))&&(v2 == \at(v2, Pre))&&(v1 == \at(v1, Pre))) || (PLACE_HOLDER_x));
          loop invariant (!(0 < \at(size, Pre))) ==> ((x == 0)&&(z == \at(z, Pre))&&(y == \at(y, Pre))&&(size == \at(size, Pre))&&(v3 == \at(v3, Pre))&&(v2 == \at(v2, Pre))&&(v1 == \at(v1, Pre)));
          loop invariant z == \at(z, Pre);
          loop invariant size == \at(size, Pre);
          loop invariant v3 == \at(v3, Pre);
          loop invariant v2 == \at(v2, Pre);
          loop invariant v1 == \at(v1, Pre);
            */
            while(x < size) {
       x += 1;
       if( z <= y) {
          y = z;
       }
    }
            
void foo(int v1, int v2 ,int v3,int size, int y, int z)
{
    
    int x = 0;

    
            
    /* >>> LOOP INVARIANT TO FILL <<< 
       >>> PRECONDITION OF THE LOOP : (x == 0) * (z == \at(z, Pre)) * (y == \at(y, Pre)) * (size == \at(size, Pre)) * (v3 == \at(v3, Pre)) * (v2 == \at(v2, Pre)) * (v1 == \at(v1, Pre)) <<< */
    
            /*@
          loop invariant (0 < \at(size, Pre)) ==> (((x == 0)&&(z == \at(z, Pre))&&(y == \at(y, Pre))&&(size == \at(size, Pre))&&(v3 == \at(v3, Pre))&&(v2 == \at(v2, Pre))&&(v1 == \at(v1, Pre))) || (PLACE_HOLDER_y));
          loop invariant (0 < \at(size, Pre)) ==> (((x == 0)&&(z == \at(z, Pre))&&(y == \at(y, Pre))&&(size == \at(size, Pre))&&(v3 == \at(v3, Pre))&&(v2 == \at(v2, Pre))&&(v1 == \at(v1, Pre))) || (PLACE_HOLDER_x));
          loop invariant (!(0 < \at(size, Pre))) ==> ((x == 0)&&(z == \at(z, Pre))&&(y == \at(y, Pre))&&(size == \at(size, Pre))&&(v3 == \at(v3, Pre))&&(v2 == \at(v2, Pre))&&(v1 == \at(v1, Pre)));
          loop invariant z == \at(z, Pre);
          loop invariant size == \at(size, Pre);
          loop invariant v3 == \at(v3, Pre);
          loop invariant v2 == \at(v2, Pre);
          loop invariant v1 == \at(v1, Pre);
            */
            while(x < size) {
       x += 1;
       if( z <= y) {
          y = z;
       }
    }
            

    /*@ assert (size > 0) ==> (z >= y);  */

}
To analyze the given C loop, let's break down the task into the requested parts:

### a. Purpose and Structure of the Loop

- **Objective:** The loop iterates over the integer `x` from 0 to `size - 1`. During each iteration, it checks if `z` is less than or equal to `y`. If true, it assigns the value of `z` to `y`.
- **Structure:** 
  - **Variables:** `x`, `y`, `z`, `size`.
  - **Loop Condition:** `x < size`.
  - **Operations Inside Loop:** Increment `x` by 1; conditionally assign `z` to `y` based on the comparison `z <= y`.

### b. Discussion of the Loop Invariant

The proposed loop invariants need to express the relationships and conditions that hold throughout the execution of the loop. The invariant must be true at the start and end of each loop iteration.

### c. Establishment

Before the loop starts, `x` is initialized to 0. According to the pre-condition, all other variables (`z`, `y`, `size`, `v1`, `v2`, `v3`) retain their initial values. The invariants are established because they include conditions that mirror the pre-condition for the initial state.

### d. Preservation

Each invariant must be maintained after each iteration. The operations within the loop only modify `x` and potentially `y`. The invariants ensure the relationships between `x`, `y`, and `z` are preserved, especially under the condition `z <= y`.

### e. Termination Analysis of the Loop

When the loop terminates, `x` is equal to `size`. At this point, the invariant ensures that `z` is always greater than or equal to `y` for `size > 0`, thus supporting the post-condition.

### f. Correctness of the Post-condition

The post-condition `(size > 0) ==> (z >= y)` is verified by the invariants and the final state of the loop. The invariant ensures that `z` is at least as large as `y` whenever `size > 0`.

### g. Implication of the Pre-condition

The pre-condition directly establishes the initial state required for the invariants to hold true before the loop begins. All variables except `x` are initially set to their pre-condition values, satisfying the invariant's establishment requirement.

Now, let's fill in the placeholders in the loop invariants and provide the full C loop program with ACSL annotations:

```c
void foo(int v1, int v2, int v3, int size, int y, int z) {
    int x = 0;

    /* >>> LOOP INVARIANT TO FILL <<< 
       >>> PRECONDITION OF THE LOOP : (x == 0) * (z == \at(z, Pre)) * (y == \at(y, Pre)) * (size == \at(size, Pre)) * (v3 == \at(v3, Pre)) * (v2 == \at(v2, Pre)) * (v1 == \at(v1, Pre)) <<< */
    
    /*@
       loop invariant (0 < \at(size, Pre)) ==> (((x == 0)&&(z == \at(z, Pre))&&(y == \at(y, Pre))&&(size == \at(size, Pre))&&(v3 == \at(v3, Pre))&&(v2 == \at(v2, Pre))&&(v1 == \at(v1, Pre))) || (z >= y));
       loop invariant (0 < \at(size, Pre)) ==> (((x == 0)&&(z == \at(z, Pre))&&(y == \at(y, Pre))&&(size == \at(size, Pre))&&(v3 == \at(v3, Pre))&&(v2 == \at(v2, Pre))&&(v1 == \at(v1, Pre))) || (x <= size));
       loop invariant (!(0 < \at(size, Pre))) ==> ((x == 0)&&(z == \at(z, Pre))&&(y == \at(y, Pre))&&(size == \at(size, Pre))&&(v3 == \at(v3, Pre))&&(v2 == \at(v2, Pre))&&(v1 == \at(v1, Pre)));
       loop invariant z == \at(z, Pre);
       loop invariant size == \at(size, Pre);
       loop invariant v3 == \at(v3, Pre);
       loop invariant v2 == \at(v2, Pre);
       loop invariant v1 == \at(v1, Pre);
    */
    while(x < size) {
        x += 1;
        if(z <= y) {
            y = z;
        }
    }

    /*@ assert (size > 0) ==> (z >= y);  */
}
```

Here, the placeholders have been filled with conditions that ensure the loop invariants are meaningful and valid. The invariant that `z >= y` ensures the post-condition after the loop terminates when `size > 0`. The invariant `x <= size` ensures that `x` is always within the valid range during the loop execution.

void foo(int v1, int v2, int v3, int size, int y, int z) {
    int x = 0;

    /*@
       loop invariant (0 < \at(size, Pre)) ==> (((x == 0)&&(z == \at(z, Pre))&&(y == \at(y, Pre))&&(size == \at(size, Pre))&&(v3 == \at(v3, Pre))&&(v2 == \at(v2, Pre))&&(v1 == \at(v1, Pre))) || (z >= y));
       loop invariant (0 < \at(size, Pre)) ==> (((x == 0)&&(z == \at(z, Pre))&&(y == \at(y, Pre))&&(size == \at(size, Pre))&&(v3 == \at(v3, Pre))&&(v2 == \at(v2, Pre))&&(v1 == \at(v1, Pre))) || (x <= size));
       loop invariant (!(0 < \at(size, Pre))) ==> ((x == 0)&&(z == \at(z, Pre))&&(y == \at(y, Pre))&&(size == \at(size, Pre))&&(v3 == \at(v3, Pre))&&(v2 == \at(v2, Pre))&&(v1 == \at(v1, Pre)));
       loop invariant z == \at(z, Pre);
       loop invariant size == \at(size, Pre);
       loop invariant v3 == \at(v3, Pre);
       loop invariant v2 == \at(v2, Pre);
       loop invariant v1 == \at(v1, Pre);
    */
    while(x < size) {
        x += 1;
        if(z <= y) {
            y = z;
        }
    }

    /*@ assert (size > 0) ==> (z >= y);  */
}


void foo(int v1, int v2, int v3, int size, int y, int z) {
    int x = 0;

    /*@
       loop invariant (0 < \at(size, Pre)) ==> (((x == 0)&&(z == \at(z, Pre))&&(y == \at(y, Pre))&&(size == \at(size, Pre))&&(v3 == \at(v3, Pre))&&(v2 == \at(v2, Pre))&&(v1 == \at(v1, Pre))) || (z >= y));
       loop invariant (0 < \at(size, Pre)) ==> (((x == 0)&&(z == \at(z, Pre))&&(y == \at(y, Pre))&&(size == \at(size, Pre))&&(v3 == \at(v3, Pre))&&(v2 == \at(v2, Pre))&&(v1 == \at(v1, Pre))) || (x <= size));
       loop invariant (!(0 < \at(size, Pre))) ==> ((x == 0)&&(z == \at(z, Pre))&&(y == \at(y, Pre))&&(size == \at(size, Pre))&&(v3 == \at(v3, Pre))&&(v2 == \at(v2, Pre))&&(v1 == \at(v1, Pre)));
       loop invariant z == \at(z, Pre);
       loop invariant size == \at(size, Pre);
       loop invariant v3 == \at(v3, Pre);
       loop invariant v2 == \at(v2, Pre);
       loop invariant v1 == \at(v1, Pre);
    */
    while(x < size) {
        x += 1;
        if(z <= y) {
            y = z;
        }
    }

    /*@ assert (size > 0) ==> (z >= y);  */
}

syntax Correct
Validate:
[True, True, True, True, True, True, True, True]

Verify:
[True]

CORRECT INVARIANT
syntax Correct
Validate:
[True, True, True, True, True, True, True, True]

Verify:
[True]

syntax Correct
Validate:
[True, True, True, True, True, True, True, True]

Verify:
[True]

已移动文件: 6.c -> finish
-----------------------------------------

文件 6.c 处理完成. 总耗时: 56.47277569770813
-----------------------------------------
finshed_files:['88.c', '4.c', '114.c', '8.c', '84.c', '83.c', '111.c', '47.c', '14.c', '49.c', '131.c', '119.c', '43.c', '50.c', '56.c', '18.c', '53.c', '35.c', '10.c', '28.c', '26.c', '73.c', '89.c', '126.c', '96.c', '57.c', '37.c', '36.c', '92.c', '68.c', '115.c', '71.c', '91.c', '22.c', '19.c', '124.c', '52.c', '100.c', '95.c', '90.c', '86.c', '128.c', '62.c', '77.c', '79.c', '108.c', '129.c', '34.c', '123.c', '98.c', '41.c', '27.c', '106.c', '58.c', '130.c', '20.c', '85.c', '15.c', '75.c', '104.c', '2.c', '82.c', '32.c', '23.c', '117.c', '125.c', '64.c', '6.c']
