file:67.c
Successfully generated loop/67.json
INNER_FLAG: False
Variable Maps: [{'x': '1', 'y': 'y@pre', 'n': 'n@pre'}]
Path conditions: [None]
Pre condition: (x == 1) * (y == y@pre) * (n == n@pre)
Loop Condition: x <= n
Updated Loop Conditions: ['1 <= n@pre']
Global Unchanged Variables ['n']
Non Inductive Variables ['y']
[{'x': '1', 'y': 'y@pre', 'n': 'n@pre'}]
[None]

            
    /* >>> LOOP INVARIANT TO FILL <<< 
       >>> PRECONDITION OF THE LOOP : (x == 1) * (y == \at(y, Pre)) * (n == \at(n, Pre)) <<< */
    
            /*@
          loop invariant n == \at(n, Pre);
            */
            while (x <= n) {
        y = n - x;
        x = x + 1;
    }
            

            
    /* >>> LOOP INVARIANT TO FILL <<< 
       >>> PRECONDITION OF THE LOOP : (x == 1) * (y == \at(y, Pre)) * (n == \at(n, Pre)) <<< */
    
            /*@
          loop invariant (1 <= \at(n, Pre)) ==> (((x == 1)&&(y == \at(y, Pre))&&(n == \at(n, Pre))) || (PLACE_HOLDER_y));
          loop invariant (1 <= \at(n, Pre)) ==> (((x == 1)&&(y == \at(y, Pre))&&(n == \at(n, Pre))) || (PLACE_HOLDER_x));
          loop invariant (!(1 <= \at(n, Pre))) ==> ((x == 1)&&(y == \at(y, Pre))&&(n == \at(n, Pre)));
          loop invariant n == \at(n, Pre);
            */
            while (x <= n) {
        y = n - x;
        x = x + 1;
    }
            

void foo(int n,int y) {
    
    int x = 1;

    
    
            
    /* >>> LOOP INVARIANT TO FILL <<< 
       >>> PRECONDITION OF THE LOOP : (x == 1) * (y == \at(y, Pre)) * (n == \at(n, Pre)) <<< */
    
            /*@
          loop invariant (1 <= \at(n, Pre)) ==> (((x == 1)&&(y == \at(y, Pre))&&(n == \at(n, Pre))) || (PLACE_HOLDER_y));
          loop invariant (1 <= \at(n, Pre)) ==> (((x == 1)&&(y == \at(y, Pre))&&(n == \at(n, Pre))) || (PLACE_HOLDER_x));
          loop invariant (!(1 <= \at(n, Pre))) ==> ((x == 1)&&(y == \at(y, Pre))&&(n == \at(n, Pre)));
          loop invariant n == \at(n, Pre);
            */
            while (x <= n) {
        y = n - x;
        x = x + 1;
    }
            

    /*@ assert (n > 0) ==> (y >= 0); */


}
a. Purpose and Structure of the Loop:  
The loop aims to iterate the variable `x` from 1 up to (and including) `n`. During each iteration, it assigns `y` with the value `n - x` and then increments `x` by 1. Given the pre-condition sets `x = 1`, the loop condition `x <= n` controls the loop's execution — it continues while `x` is less than or equal to `n`. The relevant variables are `x`, `y`, and `n`. The loop modifies `x` and `y`, while `n` remains constant as per the invariants.

b. Discussion of the Loop Invariant:  
The invariants cover all states before and during iterations. For `n >= 1`, the invariants either hold the initial state `(x == 1 && y == \at(y, Pre) && n == \at(n, Pre))` or express the updated states after some iterations:  
- `y == n - (x - 1)` corresponds to the last assigned value of `y` in the previous iteration (since `y` is assigned `n - x` and then `x` is incremented).  
- `1 <= x && x <= n + 1` bounds `x` during and just after the loop execution.  
For `n < 1`, the loop never executes, and `(x == 1)&&(y == \at(y, Pre))&&(n == \at(n, Pre))` directly holds. The invariant `n == \at(n, Pre)` asserts that `n` never changes.

c. Establishment:  
Before the loop starts, `x == 1`, `y == \at(y, Pre)`, and `n == \at(n, Pre)` as given by the pre-condition. For `1 <= \at(n, Pre)`, the invariant holds trivially by the first parts of the disjunction. For `!(1 <= \at(n, Pre))`, the corresponding invariant also trivially holds because no loop iterations happen.

d. Preservation:  
Assuming the invariant holds at the start of an iteration with `1 <= \at(n, Pre)`, and the loop condition `x <= n` is true, the loop body updates `y = n - x` and then `x = x + 1`. After these updates:  
- `y == n - (x - 1)`, since old `x` was `(x - 1)` newly assigned from `x` being incremented.  
- `x` moves one step forward but stays within `1 <= x <= n+1`.  
Thus, the invariant remains true.

e. Termination Analysis of the Loop:  
The loop exits when `x` becomes `n + 1`. At termination:  
- `x == n + 1` (satisfying `1 <= x <= n + 1`)  
- `y == n - (x - 1) == n - n == 0` (by the last iteration)  
The invariant holds as it includes the terminating values.

f. Correctness of the Post-condition:  
At loop termination, if `n > 0`, then `y = 0 >= 0`. The post-condition `(n > 0) ==> (y >= 0)` follows because from the invariant combined with the termination condition, `y` is assigned `n - x` with `x` just exceeding `n`, resulting in zero or a non-negative value.

g. Implication of the Pre-condition:  
The pre-condition `(x == 1) * (y == \at(y, Pre)) * (n == \at(n, Pre))` matches exactly the initial state part of the invariants. Hence, it establishes the invariants before the loop starts.

---

Filled placeholders:

```c
/*@
  loop invariant (1 <= \at(n, Pre)) ==> (((x == 1)&&(y == \at(y, Pre))&&(n == \at(n, Pre))) || (y == \at(n, Pre)-(x-1)));
  loop invariant (1 <= \at(n, Pre)) ==> (((x == 1)&&(y == \at(y, Pre))&&(n == \at(n, Pre))) || (1 <= x && x <= \at(n, Pre)+1));
  loop invariant (!(1 <= \at(n, Pre))) ==> ((x == 1)&&(y == \at(y, Pre))&&(n == \at(n, Pre)));
  loop invariant n == \at(n, Pre);
*/
```

/*@
  loop invariant (1 <= \at(n, Pre)) ==> (((x == 1)&&(y == \at(y, Pre))&&(n == \at(n, Pre))) || (y == \at(n, Pre)-(x-1)));
  loop invariant (1 <= \at(n, Pre)) ==> (((x == 1)&&(y == \at(y, Pre))&&(n == \at(n, Pre))) || (1 <= x && x <= \at(n, Pre)+1));
  loop invariant (!(1 <= \at(n, Pre))) ==> ((x == 1)&&(y == \at(y, Pre))&&(n == \at(n, Pre)));
  loop invariant n == \at(n, Pre);
*/


/*@
  loop invariant (1 <= \at(n, Pre)) ==> (((x == 1)&&(y == \at(y, Pre))&&(n == \at(n, Pre))) || (y == \at(n, Pre)-(x-1)));
  loop invariant (1 <= \at(n, Pre)) ==> (((x == 1)&&(y == \at(y, Pre))&&(n == \at(n, Pre))) || (1 <= x && x <= \at(n, Pre)+1));
  loop invariant (!(1 <= \at(n, Pre))) ==> ((x == 1)&&(y == \at(y, Pre))&&(n == \at(n, Pre)));
  loop invariant n == \at(n, Pre);
*/

syntax Error
[kernel] Parsing output/67.c (with preprocessing)
[kernel] output/67.c:6: 
  syntax error:
  Location: line 6, column 34
  4       loop invariant (1 <= \at(n, Pre)) ==> (((x == 1)&&(y == \at(y, Pre))&&(n == \at(n, Pre))) || (1 <= x && x <= \at(n, Pre)+1));
  5       loop invariant (!(1 <= \at(n, Pre))) ==> ((x == 1)&&(y == \at(y, Pre))&&(n == \at(n, Pre)));
  6       loop invariant n == \at(n, Pre);
                                          ^
  7     */
[kernel] Frama-C aborted: invalid user input.

after repair

/*@
  loop invariant (1 <= \at(n, Pre)) ==> (((x == 1)&&(y == \at(y, Pre))&&(n == \at(n, Pre))) || (y == \at(n, Pre)-(x-1)));
  loop invariant (1 <= \at(n, Pre)) ==> (((x == 1)&&(y == \at(y, Pre))&&(n == \at(n, Pre))) || (1 <= x && x <= \at(n, Pre)+1));
  loop invariant (!(1 <= \at(n, Pre))) ==> ((x == 1)&&(y == \at(y, Pre))&&(n == \at(n, Pre)));
  loop invariant (n == \at(n, Pre));
*/

syntax Error
[kernel] Parsing output/67.c (with preprocessing)
[kernel] output/67.c:6: 
  syntax error:
  Location: line 6, column 36
  4       loop invariant (1 <= \at(n, Pre)) ==> (((x == 1)&&(y == \at(y, Pre))&&(n == \at(n, Pre))) || (1 <= x && x <= \at(n, Pre)+1));
  5       loop invariant (!(1 <= \at(n, Pre))) ==> ((x == 1)&&(y == \at(y, Pre))&&(n == \at(n, Pre)));
  6       loop invariant (n == \at(n, Pre));
                                            ^
  7     */
[kernel] Frama-C aborted: invalid user input.

after repair

/*@
  loop invariant (1 <= \at(n, Pre)) ==> (((x == 1)&&(y == \at(y, Pre))&&(n == \at(n, Pre))) || (y == \at(n, Pre)-(x-1)));
  loop invariant (1 <= \at(n, Pre)) ==> (((x == 1)&&(y == \at(y, Pre))&&(n == \at(n, Pre))) || (1 <= x && x <= \at(n, Pre)+1));
  loop invariant (!(1 <= \at(n, Pre))) ==> ((x == 1)&&(y == \at(y, Pre))&&(n == \at(n, Pre)));
  loop invariant (1 <= \at(n, Pre)) ==> (n == \at(n, Pre));
*/

syntax Error
[kernel] Parsing output/67.c (with preprocessing)
[kernel] output/67.c:6: 
  syntax error:
  Location: line 6, column 59
  4       loop invariant (1 <= \at(n, Pre)) ==> (((x == 1)&&(y == \at(y, Pre))&&(n == \at(n, Pre))) || (1 <= x && x <= \at(n, Pre)+1));
  5       loop invariant (!(1 <= \at(n, Pre))) ==> ((x == 1)&&(y == \at(y, Pre))&&(n == \at(n, Pre)));
  6       loop invariant (1 <= \at(n, Pre)) ==> (n == \at(n, Pre));
                                                                   ^
  7     */
[kernel] Frama-C aborted: invalid user input.

after repair

/*@
  loop invariant (1 <= \at(n, Pre)) ==> (((x == 1)&&(y == \at(y, Pre))&&(n == \at(n, Pre))) || (y == \at(n, Pre)-(x-1)));
  loop invariant (1 <= \at(n, Pre)) ==> (((x == 1)&&(y == \at(y, Pre))&&(n == \at(n, Pre))) || (1 <= x && x <= \at(n, Pre)+1));
  loop invariant (!(1 <= \at(n, Pre))) ==> ((x == 1)&&(y == \at(y, Pre))&&(n == \at(n, Pre)));
  loop invariant n == \at(n, Pre);
*/

syntax Error
[kernel] Parsing output/67.c (with preprocessing)
[kernel] output/67.c:6: 
  syntax error:
  Location: line 6, column 34
  4       loop invariant (1 <= \at(n, Pre)) ==> (((x == 1)&&(y == \at(y, Pre))&&(n == \at(n, Pre))) || (1 <= x && x <= \at(n, Pre)+1));
  5       loop invariant (!(1 <= \at(n, Pre))) ==> ((x == 1)&&(y == \at(y, Pre))&&(n == \at(n, Pre)));
  6       loop invariant n == \at(n, Pre);
                                          ^
  7     */
[kernel] Frama-C aborted: invalid user input.

syntax Error
[kernel] Parsing output/67.c (with preprocessing)
[kernel] output/67.c:6: 
  syntax error:
  Location: line 6, column 34
  4       loop invariant (1 <= \at(n, Pre)) ==> (((x == 1)&&(y == \at(y, Pre))&&(n == \at(n, Pre))) || (1 <= x && x <= \at(n, Pre)+1));
  5       loop invariant (!(1 <= \at(n, Pre))) ==> ((x == 1)&&(y == \at(y, Pre))&&(n == \at(n, Pre)));
  6       loop invariant n == \at(n, Pre);
                                          ^
  7     */
[kernel] Frama-C aborted: invalid user input.

syntax Error
[kernel] Parsing output/67.c (with preprocessing)
[kernel] output/67.c:6: 
  syntax error:
  Location: line 6, column 34
  4       loop invariant (1 <= \at(n, Pre)) ==> (((x == 1)&&(y == \at(y, Pre))&&(n == \at(n, Pre))) || (1 <= x && x <= \at(n, Pre)+1));
  5       loop invariant (!(1 <= \at(n, Pre))) ==> ((x == 1)&&(y == \at(y, Pre))&&(n == \at(n, Pre)));
  6       loop invariant n == \at(n, Pre);
                                          ^
  7     */
[kernel] Frama-C aborted: invalid user input.

[(96, 156, 0)]
[(96, 156, 0)]
[(96, 156, 0)]
[(96, 156, 0)]
Loop 0 : Outer
Sorted indices: [0]
File found: ../sac_c_parser/test/../ip_postcond/goal/67_goal.v. Deleting the file.
File found: ../sac_c_parser/test/../ip_postcond/goal/67_proof_auto.v. Deleting the file.
File found: ../sac_c_parser/test/../ip_postcond/goal/67_proof_manual.v. Deleting the file.
LoopEntry_0:
(x == 1) * (y == y@pre) * (n == n@pre)

Successfully generated loop/67.json
INNER_FLAG: False
Variable Maps: [{'x': '1', 'y': 'y@pre', 'n': 'n@pre'}]
Path conditions: [None]
Pre condition: (x == 1) * (y == y@pre) * (n == n@pre)
Loop Condition: x <= n
Updated Loop Conditions: ['1 <= n@pre']
Global Unchanged Variables ['n']
Non Inductive Variables ['y']
[{'x': '1', 'y': 'y@pre', 'n': 'n@pre'}]
[None]

            
    /* >>> LOOP INVARIANT TO FILL <<< 
       >>> PRECONDITION OF THE LOOP : (x == 1) * (y == \at(y, Pre)) * (n == \at(n, Pre)) <<< */
    
            /*@
          loop invariant n == \at(n, Pre);
            */
            while (x <= n) {
        y = n - x;
        x = x + 1;
    }
            

            
    /* >>> LOOP INVARIANT TO FILL <<< 
       >>> PRECONDITION OF THE LOOP : (x == 1) * (y == \at(y, Pre)) * (n == \at(n, Pre)) <<< */
    
            /*@
          loop invariant (1 <= \at(n, Pre)) ==> (((x == 1)&&(y == \at(y, Pre))&&(n == \at(n, Pre))) || (PLACE_HOLDER_y));
          loop invariant (1 <= \at(n, Pre)) ==> (((x == 1)&&(y == \at(y, Pre))&&(n == \at(n, Pre))) || (PLACE_HOLDER_x));
          loop invariant (!(1 <= \at(n, Pre))) ==> ((x == 1)&&(y == \at(y, Pre))&&(n == \at(n, Pre)));
          loop invariant n == \at(n, Pre);
            */
            while (x <= n) {
        y = n - x;
        x = x + 1;
    }
            

void foo(int n,int y) {
    
    int x = 1;

    
    
            
    /* >>> LOOP INVARIANT TO FILL <<< 
       >>> PRECONDITION OF THE LOOP : (x == 1) * (y == \at(y, Pre)) * (n == \at(n, Pre)) <<< */
    
            /*@
          loop invariant (1 <= \at(n, Pre)) ==> (((x == 1)&&(y == \at(y, Pre))&&(n == \at(n, Pre))) || (PLACE_HOLDER_y));
          loop invariant (1 <= \at(n, Pre)) ==> (((x == 1)&&(y == \at(y, Pre))&&(n == \at(n, Pre))) || (PLACE_HOLDER_x));
          loop invariant (!(1 <= \at(n, Pre))) ==> ((x == 1)&&(y == \at(y, Pre))&&(n == \at(n, Pre)));
          loop invariant n == \at(n, Pre);
            */
            while (x <= n) {
        y = n - x;
        x = x + 1;
    }
            

    /*@ assert (n > 0) ==> (y >= 0); */


}
Let's analyze the provided C program and fill in the loop invariants.

### Analysis

**a. Purpose and Structure of the Loop:**

- **Objective:** The loop iterates while `x` is less than or equal to `n`. In each iteration, it computes `y` as `n - x` and increments `x` by 1.
- **Structure:**
  - **Loop Condition:** `x <= n`
  - **Operations:** 
    - `y = n - x;`
    - `x = x + 1;`
  - **Relevant Variables:** `x`, `y`, `n`

**b. Discussion of the Loop Invariant:**

The loop invariant must account for the relationship between `x`, `y`, and `n` as the loop progresses. The given loop invariants need to ensure the properties that hold through each iteration and eventually prove the post-condition.

**c. Establishment:**

Before the loop starts, based on the precondition, `x == 1`, `y == \at(y, Pre)`, and `n == \at(n, Pre)`. The invariant should hold for these initial values.

**d. Preservation:**

If the invariants hold at the beginning of an iteration and the loop condition (`x <= n`) is true, they should continue to hold after the body of the loop executes. The update `y = n - x` and `x = x + 1` must preserve the truth of the invariants.

**e. Termination Analysis of the Loop:**

Upon loop termination, `x` will be `n + 1` (the first time the condition `x <= n` becomes false). At this point, `y` will be `n - n` which is `0`, thus satisfying the post-condition when `n > 0`.

**f. Correctness of the Post-condition:**

The post-condition `(n > 0) ==> (y >= 0)` is satisfied because upon loop termination, if `n > 0`, the final value of `y` is `0`.

**g. Implication of the Pre-condition:**

The pre-condition `(x == 1) * (y == \at(y, Pre)) * (n == \at(n, Pre))` ensures the initial values are set correctly as per the invariant needs.

### Filled Program with Loop Invariants

```c
void foo(int n, int y) {
    
    int x = 1;

    /* 
       >>> PRECONDITION OF THE LOOP : (x == 1) * (y == \at(y, Pre)) * (n == \at(n, Pre)) <<< */
    
    /*@
      loop invariant (1 <= \at(n, Pre)) ==> (((x == 1)&&(y == \at(y, Pre))&&(n == \at(n, Pre))) || (y == n - x));
      loop invariant (1 <= \at(n, Pre)) ==> (((x == 1)&&(y == \at(y, Pre))&&(n == \at(n, Pre))) || (1 <= x <= n + 1));
      loop invariant (!(1 <= \at(n, Pre))) ==> ((x == 1)&&(y == \at(y, Pre))&&(n == \at(n, Pre)));
      loop invariant n == \at(n, Pre);
    */
    while (x <= n) {
        y = n - x;
        x = x + 1;
    }

    /*@ assert (n > 0) ==> (y >= 0); */
}
```

In the filled placeholders, the invariants `y == n - x` and `1 <= x <= n + 1` capture the necessary relationships and constraints to ensure the loop's correctness and the post-condition's validity.

void foo(int n, int y) {
    
    int x = 1;

    /* 
       >>> PRECONDITION OF THE LOOP : (x == 1) * (y == \at(y, Pre)) * (n == \at(n, Pre)) <<< */
    
    /*@
      loop invariant (1 <= \at(n, Pre)) ==> (((x == 1)&&(y == \at(y, Pre))&&(n == \at(n, Pre))) || (y == n - x));
      loop invariant (1 <= \at(n, Pre)) ==> (((x == 1)&&(y == \at(y, Pre))&&(n == \at(n, Pre))) || (1 <= x <= n + 1));
      loop invariant (!(1 <= \at(n, Pre))) ==> ((x == 1)&&(y == \at(y, Pre))&&(n == \at(n, Pre)));
      loop invariant n == \at(n, Pre);
    */
    while (x <= n) {
        y = n - x;
        x = x + 1;
    }

    /*@ assert (n > 0) ==> (y >= 0); */
}


void foo(int n, int y) {
    
    int x = 1;

    /* 
       >>> PRECONDITION OF THE LOOP : (x == 1) * (y == \at(y, Pre)) * (n == \at(n, Pre)) <<< */
    
    /*@
      loop invariant (1 <= \at(n, Pre)) ==> (((x == 1)&&(y == \at(y, Pre))&&(n == \at(n, Pre))) || (y == n - x));
      loop invariant (1 <= \at(n, Pre)) ==> (((x == 1)&&(y == \at(y, Pre))&&(n == \at(n, Pre))) || (1 <= x <= n + 1));
      loop invariant (!(1 <= \at(n, Pre))) ==> ((x == 1)&&(y == \at(y, Pre))&&(n == \at(n, Pre)));
      loop invariant n == \at(n, Pre);
    */
    while (x <= n) {
        y = n - x;
        x = x + 1;
    }

    /*@ assert (n > 0) ==> (y >= 0); */
}

syntax Correct
Validate:
[False, True, True, True]

Goal Preservation of Invariant (file output/67.c, line 10):
Let x_1 = x + y.
Assume {
  Type: is_sint32(x) /\ is_sint32(y_1) /\ is_sint32(y) /\ is_sint32(y_2) /\
      is_sint32(1 + x) /\ is_sint32(x_1).
  (* Goal *)
  When: 0 < x_1.
  (* Invariant *)
  Have: (y_2 = y) \/ ((x = 1) /\ (y_2 = y_1)).
  (* Invariant *)
  Have: ((x = 1) /\ (y_2 = y_1)) \/ ((0 < x) /\ ((-1) <= y)).
  (* Then *)
  Have: 0 <= y.
}
Prove: (x = 0) /\ (y = y_1).
Prover Z3 4.8.12 returns Timeout (Qed:6ms) (3s)
Error found in file: output/67.c at line: 10
Error line content: loop invariant (1 <= \at(n, Pre)) ==> (((x == 1)&&(y == \at(y, Pre))&&(n == \at(n, Pre))) || (y == n - x));

Verify:
[False]

Goal Assertion (file output/67.c, line 20):
Assume {
  Type: is_sint32(n) /\ is_sint32(x) /\ is_sint32(y_1) /\ is_sint32(y).
  (* Goal *)
  When: 0 < n.
  (* Invariant *)
  Have: ((x + y) = n) \/ ((x = 1) /\ (y = y_1)).
  (* Invariant *)
  Have: ((x = 1) /\ (y = y_1)) \/ ((0 < x) /\ (x <= (1 + n))).
  (* Else *)
  Have: n < x.
}
Prove: 0 <= y.
Prover Z3 4.8.12 returns Timeout (Qed:3ms) (3s)
Error found in file: output/67.c at line: 20
Error line content: /*@ assert (n > 0) ==> (y >= 0); */


void foo(int n, int y) {
    
    int x = 1;

    /* 
       >>> PRECONDITION OF THE LOOP : (x == 1) * (y == \at(y, Pre)) * (n == \at(n, Pre)) <<< */
    
    /*@
      loop invariant (1 <= \at(n, Pre)) ==> (((x == 1)&&(y == \at(y, Pre))&&(n == \at(n, Pre))) || (y == n - x)) [INVARIANT FAILED] ;
      loop invariant (1 <= \at(n, Pre)) ==> (((x == 1)&&(y == \at(y, Pre))&&(n == \at(n, Pre))) || (1 <= x <= n + 1));
      loop invariant (!(1 <= \at(n, Pre))) ==> ((x == 1)&&(y == \at(y, Pre))&&(n == \at(n, Pre)));
      loop invariant n == \at(n, Pre);
    */
    while (x <= n) {
        y = n - x;
        x = x + 1;
    }

    /*@ assert (n > 0) ==> (y >= 0); */
}

### Error Analysis:

1. **Error Description and Location:**
   - The errors were found in `output/67.c` at lines 10 and 20.
   - **Error 1:** "Goal Preservation of Invariant" indicates that the current invariant is not preserved across loop iterations.
   - **Error 2:** "Goal Assertion" indicates that the postcondition assertion `(n > 0) ==> (y >= 0)` cannot be verified after the loop execution.

2. **Faulty Invariant Analysis:**
   - The invariant `(1 <= \at(n, Pre)) ==> (((x == 1)&&(y == \at(y, Pre))&&(n == \at(n, Pre))) || (y == n - x))` fails to capture the relationship between `x` and `y` as `x` is incremented in each iteration.
   - The invariant does not sufficiently constrain `y` to ensure it remains non-negative upon termination, nor does it effectively correlate `x` with `n` to satisfy the postcondition.

3. **Regeneration Strategy:**
   - The new invariant should correctly establish and maintain a relationship between `x`, `y`, and `n` such that `y = n - x` is preserved throughout iterations and post termination, `y >= 0` for `n > 0`.
   - This requires ensuring that `x <= n + 1` and that `y` is non-negative during and after loop execution.

### Fixed C Code:

```c
void foo(int n, int y) {
    
    int x = 1;

    /* 
       >>> PRECONDITION OF THE LOOP : (x == 1) * (y == \at(y, Pre)) * (n == \at(n, Pre)) <<< */
    
    /*@
      loop invariant (n > 0) ==> ((x <= n + 1) && (y == n - x) && (y >= 0));
      loop invariant n == \at(n, Pre);
    */
    while (x <= n) {
        y = n - x;
        x = x + 1;
    }

    /*@ assert (n > 0) ==> (y >= 0); */
}
```

The corrected invariant ensures that:

- `x` is correctly bounded with `x <= n + 1`, capturing the exit condition of the loop.
- `y` maintains the relationship `y == n - x` during iterations.
- When `n > 0`, `y` is non-negative, satisfying the assertion after loop execution.
after regen

void foo(int n, int y) {
    
    int x = 1;

    /* 
       >>> PRECONDITION OF THE LOOP : (x == 1) * (y == \at(y, Pre)) * (n == \at(n, Pre)) <<< */
    
    /*@
      loop invariant (n > 0) ==> ((x <= n + 1) && (y == n - x) && (y >= 0));
      loop invariant n == \at(n, Pre);
    */
    while (x <= n) {
        y = n - x;
        x = x + 1;
    }

    /*@ assert (n > 0) ==> (y >= 0); */
}

syntax Correct
Validate:
[False, True]

Goal Preservation of Invariant (file output/67.c, line 10):
Let x = -y.
Assume {
  Type: is_sint32(y) /\ is_sint32(y_1) /\ is_sint32(1 + y_1) /\
      is_sint32(1 + y_1 - y) /\ is_sint32(2 + y_1 - y).
  (* Goal *)
  When: 0 <= y_1.
  (* Invariant *)
  Have: (0 <= y) /\ ((-1) <= y).
}
Prove: false.
Prover Z3 4.8.12 returns Timeout (Qed:7ms) (3s)
Error found in file: output/67.c at line: 10
Error line content: loop invariant (n > 0) ==> ((x <= n + 1) && (y == n - x) && (y >= 0));

Goal Establishment of Invariant (file output/67.c, line 10):
Assume { Type: is_sint32(n) /\ is_sint32(y). (* Goal *) When: 0 < n. }
Prove: ((1 + y) = n) /\ (0 <= y).
Prover Z3 4.8.12 returns Timeout (Qed:1ms) (3s)
Error found in file: output/67.c at line: 10
Error line content: loop invariant (n > 0) ==> ((x <= n + 1) && (y == n - x) && (y >= 0));

Verify:
[True]


void foo(int n, int y) {
    
    int x = 1;

    /* 
       >>> PRECONDITION OF THE LOOP : (x == 1) * (y == \at(y, Pre)) * (n == \at(n, Pre)) <<< */
    
    /*@
      loop invariant (n > 0) ==> ((x <= n + 1) && (y == n - x) && (y >= 0)) [INVARIANT FAILED] ;
      loop invariant n == \at(n, Pre);
    */
    while (x <= n) {
        y = n - x;
        x = x + 1;
    }

    /*@ assert (n > 0) ==> (y >= 0); */
}

### Error Analysis:

The provided loop invariant fails both the Goal Establishment and Goal Preservation checks. The invariant `(n > 0) ==> ((x <= n + 1) && (y == n - x) && (y >= 0))` is too strong because it requires that `y == n - x` holds throughout the loop, which does not allow for the manipulation of `y` within the loop body. The invariant attempts to maintain equality between `y` and `n - x`, but this fails because `y` is reassigned in every iteration, breaking the equality constraint. Since equality constraints are consistently failing, a weakening strategy employing range constraints is suitable here.

### Fixed C Code:

```c
void foo(int n, int y) {
    
    int x = 1;

    /* 
       >>> PRECONDITION OF THE LOOP : (x == 1) * (y == \at(y, Pre)) * (n == \at(n, Pre)) <<< */
    
    /*@
      loop invariant (n > 0) ==> ((x <= n + 1) && (0 <= y <= n)); 
      loop invariant n == \at(n, Pre);
    */
    while (x <= n) {
        y = n - x;
        x = x + 1;
    }

    /*@ assert (n > 0) ==> (y >= 0); */
}
```

The modified invariant `(n > 0) ==> ((x <= n + 1) && (0 <= y <= n))` weakens the constraints on `y` by using range constraints instead of equality constraints. This ensures that the invariant holds before and after each iteration, allowing the loop body to modify `y` without breaking the invariant. This change addresses the errors in both Goal Establishment and Goal Preservation, ensuring that the loop invariant is inductively valid.
after weaken

void foo(int n, int y) {
    
    int x = 1;

    /* 
       >>> PRECONDITION OF THE LOOP : (x == 1) * (y == \at(y, Pre)) * (n == \at(n, Pre)) <<< */
    
    /*@
      loop invariant (n > 0) ==> ((x <= n + 1) && (0 <= y <= n)); 
      loop invariant n == \at(n, Pre);
    */
    while (x <= n) {
        y = n - x;
        x = x + 1;
    }

    /*@ assert (n > 0) ==> (y >= 0); */
}

syntax Correct
Validate:
[False, True]

Goal Preservation of Invariant (file output/67.c, line 10):
Let x_1 = x + y.
Assume {
  Type: is_sint32(x) /\ is_sint32(y) /\ is_sint32(y_1) /\ is_sint32(y_2) /\
      is_sint32(1 + x) /\ is_sint32(x_1).
  (* Goal *)
  When: 0 < x_1.
  (* Invariant *)
  Have: (0 <= y_2) /\ (y_2 <= x_1).
  (* Invariant *)
  Have: (0 <= y_1) /\ (y_1 <= x_1) /\ ((-1) <= y).
  (* Then *)
  Have: 0 <= y.
}
Prove: 0 <= x.
Prover Z3 4.8.12 returns Timeout (Qed:6ms) (3s)
Error found in file: output/67.c at line: 10
Error line content: loop invariant (n > 0) ==> ((x <= n + 1) && (0 <= y <= n));

Goal Establishment of Invariant (file output/67.c, line 10):
Assume { Type: is_sint32(n) /\ is_sint32(y). (* Goal *) When: 0 < n. }
Prove: (y <= n) /\ (0 <= y).
Prover Z3 4.8.12 returns Timeout (Qed:1ms) (3s)
Error found in file: output/67.c at line: 10
Error line content: loop invariant (n > 0) ==> ((x <= n + 1) && (0 <= y <= n));

Verify:
[True]


void foo(int n, int y) {
    
    int x = 1;

    /* 
       >>> PRECONDITION OF THE LOOP : (x == 1) * (y == \at(y, Pre)) * (n == \at(n, Pre)) <<< */
    
    /*@
      loop invariant (n > 0) ==> ((x <= n + 1) && (0 <= y <= n)); 
      loop invariant n == \at(n, Pre) [INVARIANT FAILED] ;
    */
    while (x <= n) {
        y = n - x;
        x = x + 1;
    }

    /*@ assert (n > 0) ==> (y >= 0); */
}

### Error Analysis:

The given loop invariant `(n > 0) ==> ((x <= n + 1) && (0 <= y <= n))` fails to establish and preserve the invariant correctly. The issue with establishment arises because the initial precondition does not guarantee `0 <= y <= n` when the loop starts. The value of `y` is initially set to `\at(y, Pre)`, which may not satisfy `0 <= y <= n` depending on its precondition value.

For preservation, the invariant fails because the relationship between `x` and `y` is altered within the loop: `y = n - x` and `x` is incremented. We need to ensure the invariant correctly reflects these changes and accommodates potential values of `y` throughout the loop iterations.

### Fixed C Code:

```c
void foo(int n, int y) {
    
    int x = 1;

    /* 
       >>> PRECONDITION OF THE LOOP : (x == 1) * (y == \at(y, Pre)) * (n == \at(n, Pre)) <<< */
    
    /*@
      loop invariant (n > 0) ==> ((x <= n + 1) && (0 <= y)); 
      loop invariant n == \at(n, Pre); 
    */
    while (x <= n) {
        y = n - x;
        x = x + 1;
    }

    /*@ assert (n > 0) ==> (y >= 0); */
}
```

The corrected loop invariant `(n > 0) ==> ((x <= n + 1) && (0 <= y))` ensures that at any point during the loop, `y` remains non-negative, which is sufficient to prove the postcondition `(n > 0) ==> (y >= 0)`. The range constraint on `y` has been simplified, as the calculations within the loop (`y = n - x`) guarantee non-negativity given `x` starts at 1 and is incremented until `x > n`.
after weaken

void foo(int n, int y) {
    
    int x = 1;

    /* 
       >>> PRECONDITION OF THE LOOP : (x == 1) * (y == \at(y, Pre)) * (n == \at(n, Pre)) <<< */
    
    /*@
      loop invariant (n > 0) ==> ((x <= n + 1) && (0 <= y)); 
      loop invariant n == \at(n, Pre); 
    */
    while (x <= n) {
        y = n - x;
        x = x + 1;
    }

    /*@ assert (n > 0) ==> (y >= 0); */
}

syntax Correct
Validate:
[False, True]

Goal Establishment of Invariant (file output/67.c, line 10):
Assume { Type: is_sint32(n) /\ is_sint32(y). (* Goal *) When: 0 < n. }
Prove: 0 <= y.
Prover Z3 4.8.12 returns Timeout (Qed:1ms) (3s)
Error found in file: output/67.c at line: 10
Error line content: loop invariant (n > 0) ==> ((x <= n + 1) && (0 <= y));

Verify:
[True]

after hudini

void foo(int n, int y) {
    
    int x = 1;

    /* 
       >>> PRECONDITION OF THE LOOP : (x == 1) * (y == \at(y, Pre)) * (n == \at(n, Pre)) <<< */
    
    /*@      loop invariant n == \at(n, Pre); 
    */
    while (x <= n) {
        y = n - x;
        x = x + 1;
    }

    /*@ assert (n > 0) ==> (y >= 0); */
}

syntax Correct
Validate:
[True]

Verify:
[False]

Goal Assertion (file output/67.c, line 16):
Assume {
  Type: is_sint32(n) /\ is_sint32(x) /\ is_sint32(y).
  (* Goal *)
  When: 0 < n.
  (* Else *)
  Have: n < x.
}
Prove: 0 <= y.
Prover Z3 4.8.12 returns Timeout (Qed:2ms) (3s)
Error found in file: output/67.c at line: 16
Error line content: /*@ assert (n > 0) ==> (y >= 0); */

syntax Correct
Validate:
[True]

Verify:
[False]

Goal Assertion (file output/67.c, line 16):
Assume {
  Type: is_sint32(n) /\ is_sint32(x) /\ is_sint32(y).
  (* Goal *)
  When: 0 < n.
  (* Else *)
  Have: n < x.
}
Prove: 0 <= y.
Prover Z3 4.8.12 returns Timeout (Qed:2ms) (3s)
Error found in file: output/67.c at line: 16
Error line content: /*@ assert (n > 0) ==> (y >= 0); */

syntax Correct
Validate:
[True]

Verify:
[False]

Goal Assertion (file output/67.c, line 16):
Assume {
  Type: is_sint32(n) /\ is_sint32(x) /\ is_sint32(y).
  (* Goal *)
  When: 0 < n.
  (* Else *)
  Have: n < x.
}
Prove: 0 <= y.
Prover Z3 4.8.12 returns Timeout (Qed:2ms) (3s)
Error found in file: output/67.c at line: 16
Error line content: /*@ assert (n > 0) ==> (y >= 0); */

[(96, 156, 0)]
[(96, 156, 0)]
[(96, 156, 0)]
[(96, 156, 0)]
Loop 0 : Outer
Sorted indices: [0]
File found: ../sac_c_parser/test/../ip_postcond/goal/67_goal.v. Deleting the file.
File found: ../sac_c_parser/test/../ip_postcond/goal/67_proof_auto.v. Deleting the file.
File found: ../sac_c_parser/test/../ip_postcond/goal/67_proof_manual.v. Deleting the file.
LoopEntry_0:
(x == 1) * (y == y@pre) * (n == n@pre)

Successfully generated loop/67.json
INNER_FLAG: False
Variable Maps: [{'x': '1', 'y': 'y@pre', 'n': 'n@pre'}]
Path conditions: [None]
Pre condition: (x == 1) * (y == y@pre) * (n == n@pre)
Loop Condition: x <= n
Updated Loop Conditions: ['1 <= n@pre']
Global Unchanged Variables ['n']
Non Inductive Variables ['y']
[{'x': '1', 'y': 'y@pre', 'n': 'n@pre'}]
[None]

            
    /* >>> LOOP INVARIANT TO FILL <<< 
       >>> PRECONDITION OF THE LOOP : (x == 1) * (y == \at(y, Pre)) * (n == \at(n, Pre)) <<< */
    
            /*@
          loop invariant n == \at(n, Pre);
            */
            while (x <= n) {
        y = n - x;
        x = x + 1;
    }
            

            
    /* >>> LOOP INVARIANT TO FILL <<< 
       >>> PRECONDITION OF THE LOOP : (x == 1) * (y == \at(y, Pre)) * (n == \at(n, Pre)) <<< */
    
            /*@
          loop invariant (1 <= \at(n, Pre)) ==> (((x == 1)&&(y == \at(y, Pre))&&(n == \at(n, Pre))) || (PLACE_HOLDER_y));
          loop invariant (1 <= \at(n, Pre)) ==> (((x == 1)&&(y == \at(y, Pre))&&(n == \at(n, Pre))) || (PLACE_HOLDER_x));
          loop invariant (!(1 <= \at(n, Pre))) ==> ((x == 1)&&(y == \at(y, Pre))&&(n == \at(n, Pre)));
          loop invariant n == \at(n, Pre);
            */
            while (x <= n) {
        y = n - x;
        x = x + 1;
    }
            

void foo(int n,int y) {
    
    int x = 1;

    
    
            
    /* >>> LOOP INVARIANT TO FILL <<< 
       >>> PRECONDITION OF THE LOOP : (x == 1) * (y == \at(y, Pre)) * (n == \at(n, Pre)) <<< */
    
            /*@
          loop invariant (1 <= \at(n, Pre)) ==> (((x == 1)&&(y == \at(y, Pre))&&(n == \at(n, Pre))) || (PLACE_HOLDER_y));
          loop invariant (1 <= \at(n, Pre)) ==> (((x == 1)&&(y == \at(y, Pre))&&(n == \at(n, Pre))) || (PLACE_HOLDER_x));
          loop invariant (!(1 <= \at(n, Pre))) ==> ((x == 1)&&(y == \at(y, Pre))&&(n == \at(n, Pre)));
          loop invariant n == \at(n, Pre);
            */
            while (x <= n) {
        y = n - x;
        x = x + 1;
    }
            

    /*@ assert (n > 0) ==> (y >= 0); */


}
Below is the complete analysis and the filled loop program with ACSL annotations.

### Analysis

#### a. Purpose and Structure of the Loop:

- **Objective:** The loop aims to modify the variable `y` based on the value of `n` and `x`. It iteratively decrements `y` by increasing `x` until `x` exceeds `n`.
- **Structure:**
  - **Loop Condition:** `x <= n`
  - **Operations:** `y` is updated to `n - x`, and `x` is incremented by 1.
  - **Relevant Variables:** `x`, `y`, and `n`.

#### b. Discussion of the Loop Invariant:

- Proposed Invariants:
  - `(1 <= \at(n, Pre)) ==> (((x == 1)&&(y == \at(y, Pre))&&(n == \at(n, Pre))) || (y == n - x + 1))`
  - `(1 <= \at(n, Pre)) ==> (((x == 1)&&(y == \at(y, Pre))&&(n == \at(n, Pre))) || (x <= n + 1))`
  - `(!(1 <= \at(n, Pre))) ==> ((x == 1)&&(y == \at(y, Pre))&&(n == \at(n, Pre)))`
  - `n == \at(n, Pre)`

These invariants ensure the relationship between `y`, `x`, and `n` remains valid throughout the loop.

#### c. Establishment:

Before entering the loop, `x` is initialized to 1, `y` is unchanged from its initial value, and `n` is constant. Therefore, the invariants hold as initially `(x == 1)&&(y == \at(y, Pre))&&(n == \at(n, Pre))`.

#### d. Preservation:

If the invariants are true at the start of an iteration, the operations within the loop maintain these conditions. Specifically, `y == n - x` and `x` is incremented while `n` remains unchanged.

#### e. Termination Analysis of the Loop:

When `x` becomes `n + 1`, the loop condition `x <= n` becomes false. At this point, `y == n - (n + 1) + 1 = 0`, ensuring the post-condition `y >= 0` when `n > 0`.

#### f. Correctness of the Post-condition:

The invariant `y >= 0` is verified under the condition `n > 0` once the loop finishes execution, as `y` is consistently adjusted to `n - x`.

#### g. Implication of the Pre-condition:

The pre-condition `(x == 1)&&(y == \at(y, Pre))&&(n == \at(n, Pre))` directly implies the establishment of the loop invariants because it sets the initial state required by the invariants.

### Filled Loop Program

```c
void foo(int n,int y) {
    
    int x = 1;

    
    
            
    /* >>> LOOP INVARIANT TO FILL <<< 
       >>> PRECONDITION OF THE LOOP : (x == 1) * (y == \at(y, Pre)) * (n == \at(n, Pre)) <<< */
    
            /*@
          loop invariant (1 <= \at(n, Pre)) ==> (((x == 1)&&(y == \at(y, Pre))&&(n == \at(n, Pre))) || (y == n - x + 1));
          loop invariant (1 <= \at(n, Pre)) ==> (((x == 1)&&(y == \at(y, Pre))&&(n == \at(n, Pre))) || (x <= n + 1));
          loop invariant (!(1 <= \at(n, Pre))) ==> ((x == 1)&&(y == \at(y, Pre))&&(n == \at(n, Pre)));
          loop invariant n == \at(n, Pre);
            */
            while (x <= n) {
        y = n - x;
        x = x + 1;
    }
            

    /*@ assert (n > 0) ==> (y >= 0); */


}
```

void foo(int n,int y) {
    
    int x = 1;

    
    
            
            /*@
          loop invariant (1 <= \at(n, Pre)) ==> (((x == 1)&&(y == \at(y, Pre))&&(n == \at(n, Pre))) || (y == n - x + 1));
          loop invariant (1 <= \at(n, Pre)) ==> (((x == 1)&&(y == \at(y, Pre))&&(n == \at(n, Pre))) || (x <= n + 1));
          loop invariant (!(1 <= \at(n, Pre))) ==> ((x == 1)&&(y == \at(y, Pre))&&(n == \at(n, Pre)));
          loop invariant n == \at(n, Pre);
            */
            while (x <= n) {
        y = n - x;
        x = x + 1;
    }
            

    /*@ assert (n > 0) ==> (y >= 0); */


}


void foo(int n,int y) {
    
    int x = 1;

    
    
            
            /*@
          loop invariant (1 <= \at(n, Pre)) ==> (((x == 1)&&(y == \at(y, Pre))&&(n == \at(n, Pre))) || (y == n - x + 1));
          loop invariant (1 <= \at(n, Pre)) ==> (((x == 1)&&(y == \at(y, Pre))&&(n == \at(n, Pre))) || (x <= n + 1));
          loop invariant (!(1 <= \at(n, Pre))) ==> ((x == 1)&&(y == \at(y, Pre))&&(n == \at(n, Pre)));
          loop invariant n == \at(n, Pre);
            */
            while (x <= n) {
        y = n - x;
        x = x + 1;
    }
            

    /*@ assert (n > 0) ==> (y >= 0); */


}

syntax Correct
Validate:
[True, True, True, True]

Verify:
[True]

CORRECT INVARIANT
syntax Correct
Validate:
[True, True, True, True]

Verify:
[True]

syntax Correct
Validate:
[True, True, True, True]

Verify:
[True]

已移动文件: 67.c -> finish
-----------------------------------------

文件 67.c 处理完成. 总耗时: 220.33492588996887
-----------------------------------------
finshed_files:['88.c', '4.c', '114.c', '8.c', '84.c', '83.c', '111.c', '47.c', '14.c', '49.c', '131.c', '119.c', '43.c', '50.c', '56.c', '18.c', '53.c', '35.c', '10.c', '28.c', '26.c', '73.c', '89.c', '126.c', '96.c', '57.c', '37.c', '36.c', '92.c', '68.c', '115.c', '71.c', '91.c', '22.c', '19.c', '124.c', '52.c', '100.c', '95.c', '90.c', '86.c', '128.c', '62.c', '77.c', '79.c', '108.c', '129.c', '34.c', '123.c', '98.c', '41.c', '27.c', '106.c', '58.c', '130.c', '20.c', '85.c', '15.c', '75.c', '104.c', '2.c', '82.c', '32.c', '23.c', '117.c', '125.c', '64.c', '6.c', '1.c', '12.c', '45.c', '113.c', '13.c', '31.c', '54.c', '93.c', '3.c', '30.c', '133.c', '112.c', '103.c', '69.c', '122.c', '44.c', '51.c', '16.c', '74.c', '81.c', '39.c', '116.c', '7.c', '48.c', '21.c', '110.c', '97.c', '5.c', '24.c', '80.c', '63.c', '25.c', '67.c']
