file:70.c
Successfully generated loop/70.json
INNER_FLAG: False
Variable Maps: [{'x': '1', 'v3': 'v3@pre', 'v2': 'v2@pre', 'v1': 'v1@pre', 'y': 'y@pre', 'n': 'n@pre'}]
Path conditions: [None]
Pre condition: (x == 1) * (v3 == v3@pre) * (v2 == v2@pre) * (v1 == v1@pre) * (y == y@pre) * (n == n@pre)
Loop Condition: x <= n
Updated Loop Conditions: ['1 <= n@pre']
Global Unchanged Variables ['v3', 'v2', 'v1', 'n']
Non Inductive Variables ['y']
[{'x': '1', 'v3': 'v3@pre', 'v2': 'v2@pre', 'v1': 'v1@pre', 'y': 'y@pre', 'n': 'n@pre'}]
[None]

            
    /* >>> LOOP INVARIANT TO FILL <<< 
       >>> PRECONDITION OF THE LOOP : (x == 1) * (v3 == \at(v3, Pre)) * (v2 == \at(v2, Pre)) * (v1 == \at(v1, Pre)) * (y == \at(y, Pre)) * (n == \at(n, Pre)) <<< */
    
            /*@
          loop invariant v3 == \at(v3, Pre);
          loop invariant v2 == \at(v2, Pre);
          loop invariant v1 == \at(v1, Pre);
          loop invariant n == \at(n, Pre);
            */
            while (x <= n) {
        y = n - x;
        x = x + 1;
    }
            

            
    /* >>> LOOP INVARIANT TO FILL <<< 
       >>> PRECONDITION OF THE LOOP : (x == 1) * (v3 == \at(v3, Pre)) * (v2 == \at(v2, Pre)) * (v1 == \at(v1, Pre)) * (y == \at(y, Pre)) * (n == \at(n, Pre)) <<< */
    
            /*@
          loop invariant (1 <= \at(n, Pre)) ==> (((x == 1)&&(v3 == \at(v3, Pre))&&(v2 == \at(v2, Pre))&&(v1 == \at(v1, Pre))&&(y == \at(y, Pre))&&(n == \at(n, Pre))) || (PLACE_HOLDER_y));
          loop invariant (1 <= \at(n, Pre)) ==> (((x == 1)&&(v3 == \at(v3, Pre))&&(v2 == \at(v2, Pre))&&(v1 == \at(v1, Pre))&&(y == \at(y, Pre))&&(n == \at(n, Pre))) || (PLACE_HOLDER_x));
          loop invariant (!(1 <= \at(n, Pre))) ==> ((x == 1)&&(v3 == \at(v3, Pre))&&(v2 == \at(v2, Pre))&&(v1 == \at(v1, Pre))&&(y == \at(y, Pre))&&(n == \at(n, Pre)));
          loop invariant v3 == \at(v3, Pre);
          loop invariant v2 == \at(v2, Pre);
          loop invariant v1 == \at(v1, Pre);
          loop invariant n == \at(n, Pre);
            */
            while (x <= n) {
        y = n - x;
        x = x + 1;
    }
            
void foo(int n,int y,int v1,int v2,int v3) {
    
    int x = 1;

    
    
            
    /* >>> LOOP INVARIANT TO FILL <<< 
       >>> PRECONDITION OF THE LOOP : (x == 1) * (v3 == \at(v3, Pre)) * (v2 == \at(v2, Pre)) * (v1 == \at(v1, Pre)) * (y == \at(y, Pre)) * (n == \at(n, Pre)) <<< */
    
            /*@
          loop invariant (1 <= \at(n, Pre)) ==> (((x == 1)&&(v3 == \at(v3, Pre))&&(v2 == \at(v2, Pre))&&(v1 == \at(v1, Pre))&&(y == \at(y, Pre))&&(n == \at(n, Pre))) || (PLACE_HOLDER_y));
          loop invariant (1 <= \at(n, Pre)) ==> (((x == 1)&&(v3 == \at(v3, Pre))&&(v2 == \at(v2, Pre))&&(v1 == \at(v1, Pre))&&(y == \at(y, Pre))&&(n == \at(n, Pre))) || (PLACE_HOLDER_x));
          loop invariant (!(1 <= \at(n, Pre))) ==> ((x == 1)&&(v3 == \at(v3, Pre))&&(v2 == \at(v2, Pre))&&(v1 == \at(v1, Pre))&&(y == \at(y, Pre))&&(n == \at(n, Pre)));
          loop invariant v3 == \at(v3, Pre);
          loop invariant v2 == \at(v2, Pre);
          loop invariant v1 == \at(v1, Pre);
          loop invariant n == \at(n, Pre);
            */
            while (x <= n) {
        y = n - x;
        x = x + 1;
    }
            

    /*@ assert (n > 0) ==> (y <= n); */


}
To analyze the given C program and fill in the placeholders for the loop invariants, let's follow the steps outlined in the task:

### a. Purpose and Structure of the Loop:
- **Objective:** The loop's objective is to increment the variable `x` from its initial value of 1 until it exceeds `n`, while updating the variable `y` to be `n - x` in each iteration.
- **Structure:** 
  - **Condition:** The loop continues as long as `x <= n`.
  - **Operations:** Inside the loop, `y` is set to `n - x`, and `x` is incremented by 1.
  - **Relevant Variables:** The variables `x`, `y`, and `n` are relevant to the loop's behavior.

### b. Discussion of the Loop Invariant:
- The loop invariant must capture the relationship between `x`, `y`, and `n` throughout the loop execution. Since the loop involves incrementing `x` and updating `y` to `n - x`, the invariant must include this relationship.

### c. Establishment:
- Before the loop starts, `x` is initialized to 1, and `y` is not yet defined by the loop's operations. The invariant must reflect `x`'s initial value and the fact that `y` will be updated to `n - x` during the loop.

### d. Preservation:
- At the start of each iteration, if the invariant holds and `x <= n`, updating `y` to `n - x` maintains the invariant because the relationship `y == n - x` is consistently preserved as `x` increments.

### e. Termination Analysis of the Loop:
- When the loop terminates, the condition `x > n` is true, meaning `y` has been set to `n - x` for all iterations. At termination, `y` should satisfy any post-condition derived from this relationship.

### f. Correctness of the Post-condition:
- The post-condition `(n > 0) ==> (y <= n)` is valid because `y` is updated to `n - x` in each iteration, and upon termination, `x` exceeds `n`, ensuring `y` remains less than or equal to `n`.

### g. Implication of the Pre-condition:
- The pre-condition implies the loop invariant because it establishes initial values for `x`, `n`, and other variables, ensuring the loop invariant is true from the start.

### Filled-in C Loop Program with Invariant Annotations:

```c
void foo(int n,int y,int v1,int v2,int v3) {
    
    int x = 1;

    /* >>> LOOP INVARIANT TO FILL <<< 
       >>> PRECONDITION OF THE LOOP : (x == 1) * (v3 == \at(v3, Pre)) * (v2 == \at(v2, Pre)) * (v1 == \at(v1, Pre)) * (y == \at(y, Pre)) * (n == \at(n, Pre)) <<< */
    
    /*@
      loop invariant (1 <= \at(n, Pre)) ==> (((x == 1)&&(v3 == \at(v3, Pre))&&(v2 == \at(v2, Pre))&&(v1 == \at(v1, Pre))&&(y == \at(y, Pre))&&(n == \at(n, Pre))) || (y == n - x));
      loop invariant (1 <= \at(n, Pre)) ==> (((x == 1)&&(v3 == \at(v3, Pre))&&(v2 == \at(v2, Pre))&&(v1 == \at(v1, Pre))&&(y == \at(y, Pre))&&(n == \at(n, Pre))) || (x >= 1));
      loop invariant (!(1 <= \at(n, Pre))) ==> ((x == 1)&&(v3 == \at(v3, Pre))&&(v2 == \at(v2, Pre))&&(v1 == \at(v1, Pre))&&(y == \at(y, Pre))&&(n == \at(n, Pre)));
      loop invariant v3 == \at(v3, Pre);
      loop invariant v2 == \at(v2, Pre);
      loop invariant v1 == \at(v1, Pre);
      loop invariant n == \at(n, Pre);
    */
    while (x <= n) {
        y = n - x;
        x = x + 1;
    }

    /*@ assert (n > 0) ==> (y <= n); */
}
```

void foo(int n,int y,int v1,int v2,int v3) {
    
    int x = 1;

    /*@
      loop invariant (1 <= \at(n, Pre)) ==> (((x == 1)&&(v3 == \at(v3, Pre))&&(v2 == \at(v2, Pre))&&(v1 == \at(v1, Pre))&&(y == \at(y, Pre))&&(n == \at(n, Pre))) || (y == n - x));
      loop invariant (1 <= \at(n, Pre)) ==> (((x == 1)&&(v3 == \at(v3, Pre))&&(v2 == \at(v2, Pre))&&(v1 == \at(v1, Pre))&&(y == \at(y, Pre))&&(n == \at(n, Pre))) || (x >= 1));
      loop invariant (!(1 <= \at(n, Pre))) ==> ((x == 1)&&(v3 == \at(v3, Pre))&&(v2 == \at(v2, Pre))&&(v1 == \at(v1, Pre))&&(y == \at(y, Pre))&&(n == \at(n, Pre)));
      loop invariant v3 == \at(v3, Pre);
      loop invariant v2 == \at(v2, Pre);
      loop invariant v1 == \at(v1, Pre);
      loop invariant n == \at(n, Pre);
    */
    while (x <= n) {
        y = n - x;
        x = x + 1;
    }

    /*@ assert (n > 0) ==> (y <= n); */
}


void foo(int n,int y,int v1,int v2,int v3) {
    
    int x = 1;

    /*@
      loop invariant (1 <= \at(n, Pre)) ==> (((x == 1)&&(v3 == \at(v3, Pre))&&(v2 == \at(v2, Pre))&&(v1 == \at(v1, Pre))&&(y == \at(y, Pre))&&(n == \at(n, Pre))) || (y == n - x));
      loop invariant (1 <= \at(n, Pre)) ==> (((x == 1)&&(v3 == \at(v3, Pre))&&(v2 == \at(v2, Pre))&&(v1 == \at(v1, Pre))&&(y == \at(y, Pre))&&(n == \at(n, Pre))) || (x >= 1));
      loop invariant (!(1 <= \at(n, Pre))) ==> ((x == 1)&&(v3 == \at(v3, Pre))&&(v2 == \at(v2, Pre))&&(v1 == \at(v1, Pre))&&(y == \at(y, Pre))&&(n == \at(n, Pre)));
      loop invariant v3 == \at(v3, Pre);
      loop invariant v2 == \at(v2, Pre);
      loop invariant v1 == \at(v1, Pre);
      loop invariant n == \at(n, Pre);
    */
    while (x <= n) {
        y = n - x;
        x = x + 1;
    }

    /*@ assert (n > 0) ==> (y <= n); */
}

syntax Correct
Validate:
[False, True, True, True, True, True, True]

Goal Preservation of Invariant (file output/70.c, line 7):
Let x_1 = x + y.
Assume {
  Type: is_sint32(x) /\ is_sint32(y_1) /\ is_sint32(y) /\ is_sint32(y_2) /\
      is_sint32(1 + x) /\ is_sint32(x_1).
  (* Goal *)
  When: 0 < x_1.
  (* Invariant *)
  Have: (y_2 = y) \/ ((x = 1) /\ (y_2 = y_1)).
  (* Invariant *)
  Have: (0 < x) \/ ((x = 1) /\ (y_2 = y_1)).
  (* Then *)
  Have: 0 <= y.
}
Prove: (x = 0) /\ (y = y_1).
Prover Z3 4.8.12 returns Timeout (Qed:7ms) (3s)
Error found in file: output/70.c at line: 7
Error line content: loop invariant (1 <= \at(n, Pre)) ==> (((x == 1)&&(v3 == \at(v3, Pre))&&(v2 == \at(v2, Pre))&&(v1 == \at(v1, Pre))&&(y == \at(y, Pre))&&(n == \at(n, Pre))) || (y == n - x));

Verify:
[True]


void foo(int n,int y,int v1,int v2,int v3) {
    
    int x = 1;

    /*@
      loop invariant (1 <= \at(n, Pre)) ==> (((x == 1)&&(v3 == \at(v3, Pre))&&(v2 == \at(v2, Pre))&&(v1 == \at(v1, Pre))&&(y == \at(y, Pre))&&(n == \at(n, Pre))) || (y == n - x)) [INVARIANT FAILED] ;
      loop invariant (1 <= \at(n, Pre)) ==> (((x == 1)&&(v3 == \at(v3, Pre))&&(v2 == \at(v2, Pre))&&(v1 == \at(v1, Pre))&&(y == \at(y, Pre))&&(n == \at(n, Pre))) || (x >= 1));
      loop invariant (!(1 <= \at(n, Pre))) ==> ((x == 1)&&(v3 == \at(v3, Pre))&&(v2 == \at(v2, Pre))&&(v1 == \at(v1, Pre))&&(y == \at(y, Pre))&&(n == \at(n, Pre)));
      loop invariant v3 == \at(v3, Pre);
      loop invariant v2 == \at(v2, Pre);
      loop invariant v1 == \at(v1, Pre);
      loop invariant n == \at(n, Pre);
    */
    while (x <= n) {
        y = n - x;
        x = x + 1;
    }

    /*@ assert (n > 0) ==> (y <= n); */
}

### Error Analysis:

The error report indicates a failure in the "Goal Preservation of Invariant" for the line containing the invariant `loop invariant (1 <= \at(n, Pre)) ==> (((x == 1) && (v3 == \at(v3, Pre)) && (v2 == \at(v2, Pre)) && (v1 == \at(v1, Pre)) && (y == \at(y, Pre)) && (n == \at(n, Pre))) || (y == n - x));`. The problem arises because the invariant is not preserved after each loop iteration. Specifically, the invariant `(y == n - x)` becomes false when `x` is incremented because `y` is recalculated in each iteration. Instead of asserting equality, which fails due to the updates in the loop body, we can use a range constraint on `y`.

### Fixed C Code:

```c
void foo(int n,int y,int v1,int v2,int v3) {
    
    int x = 1;

    /*@
      loop invariant (1 <= \at(n, Pre)) ==> (((x == 1)&&(v3 == \at(v3, Pre))&&(v2 == \at(v2, Pre))&&(v1 == \at(v1, Pre))&&(y == \at(y, Pre))&&(n == \at(n, Pre))) || (y >= 0 && y <= n - 1));
      loop invariant (1 <= \at(n, Pre)) ==> (((x == 1)&&(v3 == \at(v3, Pre))&&(v2 == \at(v2, Pre))&&(v1 == \at(v1, Pre))&&(y == \at(y, Pre))&&(n == \at(n, Pre))) || (x >= 1));
      loop invariant (!(1 <= \at(n, Pre))) ==> ((x == 1)&&(v3 == \at(v3, Pre))&&(v2 == \at(v2, Pre))&&(v1 == \at(v1, Pre))&&(y == \at(y, Pre))&&(n == \at(n, Pre)));
      loop invariant v3 == \at(v3, Pre);
      loop invariant v2 == \at(v2, Pre);
      loop invariant v1 == \at(v1, Pre);
      loop invariant n == \at(n, Pre);
    */
    while (x <= n) {
        y = n - x;
        x = x + 1;
    }

    /*@ assert (n > 0) ==> (y <= n); */
}
```

Here, the faulty invariant `(y == n - x)` is replaced with `(y >= 0 && y <= n - 1)`. This change ensures that the invariant is preserved over the loop iterations, as `y` is recalculated in each iteration and should be within this range.
after weaken

void foo(int n,int y,int v1,int v2,int v3) {
    
    int x = 1;

    /*@
      loop invariant (1 <= \at(n, Pre)) ==> (((x == 1)&&(v3 == \at(v3, Pre))&&(v2 == \at(v2, Pre))&&(v1 == \at(v1, Pre))&&(y == \at(y, Pre))&&(n == \at(n, Pre))) || (y >= 0 && y <= n - 1));
      loop invariant (1 <= \at(n, Pre)) ==> (((x == 1)&&(v3 == \at(v3, Pre))&&(v2 == \at(v2, Pre))&&(v1 == \at(v1, Pre))&&(y == \at(y, Pre))&&(n == \at(n, Pre))) || (x >= 1));
      loop invariant (!(1 <= \at(n, Pre))) ==> ((x == 1)&&(v3 == \at(v3, Pre))&&(v2 == \at(v2, Pre))&&(v1 == \at(v1, Pre))&&(y == \at(y, Pre))&&(n == \at(n, Pre)));
      loop invariant v3 == \at(v3, Pre);
      loop invariant v2 == \at(v2, Pre);
      loop invariant v1 == \at(v1, Pre);
      loop invariant n == \at(n, Pre);
    */
    while (x <= n) {
        y = n - x;
        x = x + 1;
    }

    /*@ assert (n > 0) ==> (y <= n); */
}

syntax Correct
Validate:
[True, True, True, True, True, True, True]

Verify:
[True]

CORRECT INVARIANT
syntax Correct
Validate:
[True, True, True, True, True, True, True]

Verify:
[True]

syntax Correct
Validate:
[True, True, True, True, True, True, True]

Verify:
[True]

已移动文件: 70.c -> finish
-----------------------------------------

文件 70.c 处理完成. 总耗时: 79.39445757865906
-----------------------------------------
finshed_files:['29.c', '87.c', '9.c', '107.c', '65.c', '59.c', '46.c', '60.c', '78.c', '11.c', '132.c', '70.c']
