file:72.c
Successfully generated loop/72.json
INNER_FLAG: False
Variable Maps: [{'z': '36 * y@pre', 'c': '0', 'y': 'y@pre'}]
Path conditions: ['0 <= y@pre && y@pre <= 127']
Pre condition: 0 <= y@pre && y@pre <= 127 && (z == 36 * y@pre) * (c == 0) * (y == y@pre)
Loop Condition: unknown()
Updated Loop Conditions: ['unknown()']
Global Unchanged Variables ['y']
Non Inductive Variables []
[{'z': '36 * y@pre', 'c': '0', 'y': 'y@pre'}]
['0 <= y@pre && y@pre <= 127']

            
    /* >>> LOOP INVARIANT TO FILL <<< 
       >>> PRECONDITION OF THE LOOP : 0 <= \at(y, Pre) && \at(y, Pre) <= 127 && (z == 36 * \at(y, Pre)) * (c == 0) * (y == \at(y, Pre)) <<< */
    
            /*@
          loop invariant (0 <= \at(y, Pre) && \at(y, Pre) <= 127) ==> (y == \at(y, Pre));
            */
            while (unknown()) {

    if ( c < 36 )
    {
    z  = z + 1;
    c  = c + 1;
    }
  }
            

            
    /* >>> LOOP INVARIANT TO FILL <<< 
       >>> PRECONDITION OF THE LOOP : 0 <= \at(y, Pre) && \at(y, Pre) <= 127 && (z == 36 * \at(y, Pre)) * (c == 0) * (y == \at(y, Pre)) <<< */
    
            /*@
          loop invariant  (0 <= \at(y, Pre) && \at(y, Pre) <= 127) ==> (((z == 36 * \at(y, Pre))&&(c == 0)&&(y == \at(y, Pre))) || (PLACE_HOLDER_c)) ;
          loop invariant  (0 <= \at(y, Pre) && \at(y, Pre) <= 127) ==> (((z == 36 * \at(y, Pre))&&(c == 0)&&(y == \at(y, Pre))) || (PLACE_HOLDER_z)) ;
          loop invariant (0 <= \at(y, Pre) && \at(y, Pre) <= 127) ==> (y == \at(y, Pre));
            */
            while (unknown()) {

    if ( c < 36 )
    {
    z  = z + 1;
    c  = c + 1;
    }
  }
            
int unknown();
/*@ requires 0 <= y && y <= 127; */
void foo(int y) {
  int c = 0;
  int z = 36 * y;
  



  
            
    /* >>> LOOP INVARIANT TO FILL <<< 
       >>> PRECONDITION OF THE LOOP : 0 <= \at(y, Pre) && \at(y, Pre) <= 127 && (z == 36 * \at(y, Pre)) * (c == 0) * (y == \at(y, Pre)) <<< */
    
            /*@
          loop invariant  (0 <= \at(y, Pre) && \at(y, Pre) <= 127) ==> (((z == 36 * \at(y, Pre))&&(c == 0)&&(y == \at(y, Pre))) || (PLACE_HOLDER_c)) ;
          loop invariant  (0 <= \at(y, Pre) && \at(y, Pre) <= 127) ==> (((z == 36 * \at(y, Pre))&&(c == 0)&&(y == \at(y, Pre))) || (PLACE_HOLDER_z)) ;
          loop invariant (0 <= \at(y, Pre) && \at(y, Pre) <= 127) ==> (y == \at(y, Pre));
            */
            while (unknown()) {

    if ( c < 36 )
    {
    z  = z + 1;
    c  = c + 1;
    }
  }
            

  /*@ assert  ( c < 36 ) ==> ( z >= 0 ) ; */
    


}
To analyze the given C program and provide the loop invariants, we need to understand the purpose and behavior of the loop. Here's an analysis:

### a. Purpose and Structure of the Loop:
- **Objective**: The loop is designed to increment the variables `z` and `c` as long as `c` is less than 36. The initial value of `z` is `36 * y`, and the initial value of `c` is 0.
- **Loop Structure**: The loop runs as long as the condition `unknown()` is true. Inside the loop, if `c < 36`, both `z` and `c` are incremented by 1.
- **Relevant Variables**: The variables `c`, `z`, and `y` are relevant. Initially, `z` is `36 * y` and `c` is 0. The variable `y` remains constant throughout the execution.

### b. Discussion of the Loop Invariant:
- **Proposed Invariant**: The loop invariant needs to capture the relationship between `z`, `c`, and `y`. Since `z` is incremented by 1 every time `c` is incremented by 1 when `c < 36`, we can express `z` in terms of `c` and `y` as `z == 36 * y + c`. This relationship should hold true throughout the loop's execution.

### c. Establishment:
- **Before Loop Starts**: Initially, `z == 36 * y` and `c == 0`, satisfying the invariant `z == 36 * y + c`.

### d. Preservation:
- **During Loop Execution**: If the invariant `z == 36 * y + c` holds at the start of the iteration and `c < 36`, incrementing both `z` and `c` by 1 preserves the invariant, as `z + 1 == 36 * y + (c + 1)`.

### e. Termination Analysis of the Loop:
- **When Loop Ends**: The loop terminates when `unknown()` becomes false. The invariant `z == 36 * y + c` still holds true. If `c < 36`, the post-condition `z >= 0` is trivially satisfied because `36 * y >= 0` and `c >= 0`.

### f. Correctness of the Post-condition:
- **Post-condition**: The post-condition `(c < 36) ==> (z >= 0)` is satisfied because `z` is always calculated as `36 * y + c`, which is non-negative as long as `y` and `c` are non-negative.

### g. Implication of the Pre-condition:
- **Initial Conditions**: The pre-condition ensures that `y` is within the range `[0, 127]` and `z` is initially set to `36 * y` with `c == 0`. This directly establishes the initial invariant `z == 36 * y + c`.

Now, let's provide the filled-in C program with the loop invariants:

```c
int unknown();
/*@ requires 0 <= y && y <= 127; */
void foo(int y) {
  int c = 0;
  int z = 36 * y;

  /* >>> LOOP INVARIANT TO FILL <<< 
     >>> PRECONDITION OF THE LOOP : 0 <= \at(y, Pre) && \at(y, Pre) <= 127 && (z == 36 * \at(y, Pre)) * (c == 0) * (y == \at(y, Pre)) <<< */
  
  /*@
    loop invariant  (0 <= \at(y, Pre) && \at(y, Pre) <= 127) ==> (((z == 36 * \at(y, Pre))&&(c == 0)&&(y == \at(y, Pre))) || (z == 36 * y + c)) ;
    loop invariant  (0 <= \at(y, Pre) && \at(y, Pre) <= 127) ==> (((z == 36 * \at(y, Pre))&&(c == 0)&&(y == \at(y, Pre))) || (c <= 36)) ;
    loop invariant (0 <= \at(y, Pre) && \at(y, Pre) <= 127) ==> (y == \at(y, Pre));
  */
  while (unknown()) {
    if ( c < 36 )
    {
      z  = z + 1;
      c  = c + 1;
    }
  }

  /*@ assert  ( c < 36 ) ==> ( z >= 0 ) ; */
}
```

int unknown();
/*@ requires 0 <= y && y <= 127; */
void foo(int y) {
  int c = 0;
  int z = 36 * y;

  /* >>> LOOP INVARIANT TO FILL <<< 
     >>> PRECONDITION OF THE LOOP : 0 <= \at(y, Pre) && \at(y, Pre) <= 127 && (z == 36 * \at(y, Pre)) * (c == 0) * (y == \at(y, Pre)) <<< */
  
  /*@
    loop invariant  (0 <= \at(y, Pre) && \at(y, Pre) <= 127) ==> (((z == 36 * \at(y, Pre))&&(c == 0)&&(y == \at(y, Pre))) || (z == 36 * y + c)) ;
    loop invariant  (0 <= \at(y, Pre) && \at(y, Pre) <= 127) ==> (((z == 36 * \at(y, Pre))&&(c == 0)&&(y == \at(y, Pre))) || (c <= 36)) ;
    loop invariant (0 <= \at(y, Pre) && \at(y, Pre) <= 127) ==> (y == \at(y, Pre));
  */
  while (unknown()) {
    if ( c < 36 )
    {
      z  = z + 1;
      c  = c + 1;
    }
  }

  /*@ assert  ( c < 36 ) ==> ( z >= 0 ) ; */
}


int unknown();
/*@ requires 0 <= y && y <= 127; */
void foo(int y) {
  int c = 0;
  int z = 36 * y;

  /* >>> LOOP INVARIANT TO FILL <<< 
     >>> PRECONDITION OF THE LOOP : 0 <= \at(y, Pre) && \at(y, Pre) <= 127 && (z == 36 * \at(y, Pre)) * (c == 0) * (y == \at(y, Pre)) <<< */
  
  /*@
    loop invariant  (0 <= \at(y, Pre) && \at(y, Pre) <= 127) ==> (((z == 36 * \at(y, Pre))&&(c == 0)&&(y == \at(y, Pre))) || (z == 36 * y + c)) ;
    loop invariant  (0 <= \at(y, Pre) && \at(y, Pre) <= 127) ==> (((z == 36 * \at(y, Pre))&&(c == 0)&&(y == \at(y, Pre))) || (c <= 36)) ;
    loop invariant (0 <= \at(y, Pre) && \at(y, Pre) <= 127) ==> (y == \at(y, Pre));
  */
  while (unknown()) {
    if ( c < 36 )
    {
      z  = z + 1;
      c  = c + 1;
    }
  }

  /*@ assert  ( c < 36 ) ==> ( z >= 0 ) ; */
}

syntax Correct
Validate:
[True, True, True]

Verify:
[False]

Goal Assertion (file output/72.c, line 24):
Let x = 36 * y.
Assume {
  Type: is_sint32(c) /\ is_sint32(y) /\ is_sint32(z) /\ is_sint32(x).
  (* Goal *)
  When: c <= 35.
  (* Pre-condition *)
  Have: (0 <= y) /\ (y <= 127).
  (* Invariant *)
  Have: ((c + x) = z) \/ ((c = 0) /\ (x = z)).
  (* Invariant *)
  Have: (c <= 36) \/ ((c = 0) /\ (x = z)).
}
Prove: 0 <= z.
Prover Z3 4.8.12 returns Timeout (Qed:6ms) (3s)
Error found in file: output/72.c at line: 24
Error line content: /*@ assert  ( c < 36 ) ==> ( z >= 0 ) ; */

### Error Analysis:

The error message indicates a failure to prove the assertion `assert ( c < 36 ) ==> ( z >= 0 );`. The current loop invariants are not strong enough to guarantee the post-condition of `z >= 0` when `c < 36`. 

The issue lies in the fact that the invariants only ensure certain relationships between `c`, `z`, and the expression `36 * y`. However, they do not sufficiently constrain `z` to be non-negative under all circumstances. To address this, we need to strengthen the invariants to ensure `z` remains non-negative throughout the loop execution, specifically when `c` is incremented.

### Fixed C Code:

```c
int unknown();
/*@ requires 0 <= y && y <= 127; */
void foo(int y) {
  int c = 0;
  int z = 36 * y;

  /* >>> LOOP INVARIANT TO FILL <<< 
     >>> PRECONDITION OF THE LOOP : 0 <= \at(y, Pre) && \at(y, Pre) <= 127 && (z == 36 * \at(y, Pre)) * (c == 0) * (y == \at(y, Pre)) <<< */
  
  /*@
    loop invariant  (0 <= \at(y, Pre) && \at(y, Pre) <= 127) ==> (((z == 36 * \at(y, Pre))&&(c == 0)&&(y == \at(y, Pre))) || (z == 36 * y + c)) ;
    loop invariant  (0 <= \at(y, Pre) && \at(y, Pre) <= 127) ==> (((z == 36 * \at(y, Pre))&&(c == 0)&&(y == \at(y, Pre))) || (c <= 36)) ;
    loop invariant (0 <= \at(y, Pre) && \at(y, Pre) <= 127) ==> (y == \at(y, Pre));
    loop invariant (0 <= z);
  */
  while (unknown()) {
    if ( c < 36 )
    {
      z  = z + 1;
      c  = c + 1;
    }
  }

  /*@ assert  ( c < 36 ) ==> ( z >= 0 ) ; */
}
```

The added invariant `loop invariant (0 <= z);` ensures `z` stays non-negative throughout the loop's execution, thus satisfying the post-condition when `c < 36`. This strengthens the existing invariants, allowing Frama-C to verify the program's correctness.
after strength

int unknown();
/*@ requires 0 <= y && y <= 127; */
void foo(int y) {
  int c = 0;
  int z = 36 * y;

  /* >>> LOOP INVARIANT TO FILL <<< 
     >>> PRECONDITION OF THE LOOP : 0 <= \at(y, Pre) && \at(y, Pre) <= 127 && (z == 36 * \at(y, Pre)) * (c == 0) * (y == \at(y, Pre)) <<< */
  
  /*@
    loop invariant  (0 <= \at(y, Pre) && \at(y, Pre) <= 127) ==> (((z == 36 * \at(y, Pre))&&(c == 0)&&(y == \at(y, Pre))) || (z == 36 * y + c)) ;
    loop invariant  (0 <= \at(y, Pre) && \at(y, Pre) <= 127) ==> (((z == 36 * \at(y, Pre))&&(c == 0)&&(y == \at(y, Pre))) || (c <= 36)) ;
    loop invariant (0 <= \at(y, Pre) && \at(y, Pre) <= 127) ==> (y == \at(y, Pre));
    loop invariant (0 <= z);
  */
  while (unknown()) {
    if ( c < 36 )
    {
      z  = z + 1;
      c  = c + 1;
    }
  }

  /*@ assert  ( c < 36 ) ==> ( z >= 0 ) ; */
}

syntax Correct
Validate:
[True, True, True, True]

Verify:
[True]

CORRECT INVARIANT
syntax Correct
Validate:
[True, True, True, True]

Verify:
[True]

syntax Correct
Validate:
[True, True, True, True]

Verify:
[True]

已移动文件: 72.c -> finish
-----------------------------------------

文件 72.c 处理完成. 总耗时: 78.52354598045349
-----------------------------------------
finshed_files:['88.c', '4.c', '114.c', '8.c', '84.c', '83.c', '111.c', '47.c', '14.c', '49.c', '131.c', '119.c', '43.c', '50.c', '56.c', '18.c', '53.c', '35.c', '10.c', '28.c', '26.c', '73.c', '89.c', '126.c', '96.c', '57.c', '37.c', '36.c', '92.c', '68.c', '115.c', '71.c', '91.c', '22.c', '19.c', '124.c', '52.c', '100.c', '95.c', '90.c', '86.c', '128.c', '62.c', '77.c', '79.c', '108.c', '129.c', '34.c', '123.c', '98.c', '41.c', '27.c', '106.c', '58.c', '130.c', '20.c', '85.c', '15.c', '75.c', '104.c', '2.c', '82.c', '32.c', '23.c', '117.c', '125.c', '64.c', '6.c', '1.c', '12.c', '45.c', '113.c', '13.c', '31.c', '54.c', '93.c', '3.c', '30.c', '133.c', '112.c', '103.c', '69.c', '122.c', '44.c', '51.c', '16.c', '74.c', '81.c', '39.c', '116.c', '7.c', '48.c', '21.c', '110.c', '97.c', '5.c', '24.c', '80.c', '63.c', '25.c', '67.c', '99.c', '72.c']
