file:91.c
Successfully generated loop/91.json
INNER_FLAG: False
Variable Maps: [{'y': '0', 'x': '0'}]
Path conditions: [None]
Pre condition: (y == 0) * (x == 0)
Loop Condition: y >= 0
Updated Loop Conditions: ['0 >= 0']
Global Unchanged Variables ['x']
Non Inductive Variables []
[{'y': '0', 'x': '0'}]
[None]

            
    /* >>> LOOP INVARIANT TO FILL <<< 
       >>> PRECONDITION OF THE LOOP : (y == 0) * (x == 0) <<< */
    
            /*@
          loop invariant x == 0;
            */
            while(y >= 0) {
        y = y + x;
    }
            

            
    /* >>> LOOP INVARIANT TO FILL <<< 
       >>> PRECONDITION OF THE LOOP : (y == 0) * (x == 0) <<< */
    
            /*@
          loop invariant  ((y == 0)&&(x == 0)) || (PLACE_HOLDER_y) ;
          loop invariant x == 0;
            */
            while(y >= 0) {
        y = y + x;
    }
            
void foo() {

    int x = 0;
    int y = 0;

    
    
            
    /* >>> LOOP INVARIANT TO FILL <<< 
       >>> PRECONDITION OF THE LOOP : (y == 0) * (x == 0) <<< */
    
            /*@
          loop invariant  ((y == 0)&&(x == 0)) || (PLACE_HOLDER_y) ;
          loop invariant x == 0;
            */
            while(y >= 0) {
        y = y + x;
    }
            
    /*@ assert y >= 0;*/

}
Certainly! Let's perform the required analysis and provide the filled-in C loop program.

### Analysis

#### a. Purpose and Structure of the Loop:
- **Objective**: The loop iterates as long as `y >= 0`. The intended outcome seems to be exploring the behavior of `y` as it is incremented by `x` in each iteration.
- **Structure**:
  - **Condition**: The loop continues while `y >= 0`.
  - **Operations**: `y` is updated with `y = y + x`.
  - **Variables**: The variables relevant to this loop are `x` and `y`.

#### b. Discussion of the Loop Invariant:
- **Proposed Loop Invariant**: 
  - `((y == 0)&&(x == 0)) || (PLACE_HOLDER_y);`
  - `x == 0;`
- This invariant is valid because it captures the initial state and ensures consistency throughout the loop. Since `x` is set to 0 and never changes, the only time the loop modifies `y` is when it adds 0 to it.

#### c. Establishment:
- The invariant holds initially because both `x` and `y` are initialized to 0, satisfying `((y == 0)&&(x == 0))`.

#### d. Preservation:
- If the invariant is true at the start of an iteration and `y >= 0` holds, then `y = y + x` will not change `y` because `x` is 0. Therefore, the invariant remains true.

#### e. Termination Analysis of the Loop:
- The loop terminates when `y < 0`. At this point, `y` could not have changed from its initial value of 0 due to the loop body operation (`y = y + x` and `x == 0`), so the invariant still holds.

#### f. Correctness of the Post-condition:
- The post-condition `y >= 0` is trivially satisfied because the loop condition `y >= 0` is false only when `y < 0`, which implies the loop does not execute in such a case, maintaining the invariant.

#### g. Implication of the Pre-condition:
- The pre-condition `(y == 0) * (x == 0)` guarantees that the invariant is established before the loop begins its execution because it directly matches the initial values of `x` and `y`.

### Filled C Loop Program

```c
void foo() {

    int x = 0;
    int y = 0;

    /* >>> LOOP INVARIANT TO FILL <<< 
       >>> PRECONDITION OF THE LOOP : (y == 0) * (x == 0) <<< */
    
    /*@
      loop invariant  ((y == 0)&&(x == 0)) || (y >= 0) ;
      loop invariant x == 0;
    */
    while(y >= 0) {
        y = y + x;
    }
    
    /*@ assert y >= 0;*/

}
```

void foo() {

    int x = 0;
    int y = 0;

    /*@
      loop invariant  ((y == 0)&&(x == 0)) || (y >= 0) ;
      loop invariant x == 0;
    */
    while(y >= 0) {
        y = y + x;
    }
    
    /*@ assert y >= 0;*/

}


void foo() {

    int x = 0;
    int y = 0;

    /*@
      loop invariant  ((y == 0)&&(x == 0)) || (y >= 0) ;
      loop invariant x == 0;
    */
    while(y >= 0) {
        y = y + x;
    }
    
    /*@ assert y >= 0;*/

}

syntax Correct
Validate:
[True, True]

Verify:
[True]

CORRECT INVARIANT
syntax Correct
Validate:
[True, True]

Verify:
[True]

syntax Correct
Validate:
[True, True]

Verify:
[True]

已移动文件: 91.c -> finish
-----------------------------------------

文件 91.c 处理完成. 总耗时: 53.453705072402954
-----------------------------------------
finshed_files:['88.c', '4.c', '114.c', '8.c', '84.c', '83.c', '111.c', '47.c', '14.c', '49.c', '131.c', '119.c', '43.c', '50.c', '56.c', '18.c', '53.c', '35.c', '10.c', '28.c', '26.c', '73.c', '89.c', '126.c', '96.c', '57.c', '37.c', '36.c', '92.c', '68.c', '115.c', '71.c', '91.c']
