file:92.c
Successfully generated loop/92.json
INNER_FLAG: False
Variable Maps: [{'y': '0', 'x': '0', 'z3': 'z3@pre', 'z2': 'z2@pre', 'z1': 'z1@pre'}]
Path conditions: [None]
Pre condition: (y == 0) * (x == 0) * (z3 == z3@pre) * (z2 == z2@pre) * (z1 == z1@pre)
Loop Condition: y >= 0
Updated Loop Conditions: ['0 >= 0']
Global Unchanged Variables ['x', 'z3', 'z2', 'z1']
Non Inductive Variables []
[{'y': '0', 'x': '0', 'z3': 'z3@pre', 'z2': 'z2@pre', 'z1': 'z1@pre'}]
[None]

            
    /* >>> LOOP INVARIANT TO FILL <<< 
       >>> PRECONDITION OF THE LOOP : (y == 0) * (x == 0) * (z3 == \at(z3, Pre)) * (z2 == \at(z2, Pre)) * (z1 == \at(z1, Pre)) <<< */
    
            /*@
          loop invariant x == 0;
          loop invariant z3 == \at(z3, Pre);
          loop invariant z2 == \at(z2, Pre);
          loop invariant z1 == \at(z1, Pre);
            */
            while(y >= 0) {
        y = y + x;
    }
            

            
    /* >>> LOOP INVARIANT TO FILL <<< 
       >>> PRECONDITION OF THE LOOP : (y == 0) * (x == 0) * (z3 == \at(z3, Pre)) * (z2 == \at(z2, Pre)) * (z1 == \at(z1, Pre)) <<< */
    
            /*@
          loop invariant  ((y == 0)&&(x == 0)&&(z3 == \at(z3, Pre))&&(z2 == \at(z2, Pre))&&(z1 == \at(z1, Pre))) || (PLACE_HOLDER_y) ;
          loop invariant x == 0;
          loop invariant z3 == \at(z3, Pre);
          loop invariant z2 == \at(z2, Pre);
          loop invariant z1 == \at(z1, Pre);
            */
            while(y >= 0) {
        y = y + x;
    }
            
void foo(int z1,int z2,int z3) {

    int x = 0;
    int y = 0;

    
    
            
    /* >>> LOOP INVARIANT TO FILL <<< 
       >>> PRECONDITION OF THE LOOP : (y == 0) * (x == 0) * (z3 == \at(z3, Pre)) * (z2 == \at(z2, Pre)) * (z1 == \at(z1, Pre)) <<< */
    
            /*@
          loop invariant  ((y == 0)&&(x == 0)&&(z3 == \at(z3, Pre))&&(z2 == \at(z2, Pre))&&(z1 == \at(z1, Pre))) || (PLACE_HOLDER_y) ;
          loop invariant x == 0;
          loop invariant z3 == \at(z3, Pre);
          loop invariant z2 == \at(z2, Pre);
          loop invariant z1 == \at(z1, Pre);
            */
            while(y >= 0) {
        y = y + x;
    }
            
    /*@ assert y >= 0;*/

}
### Analysis

#### a. Purpose and Structure of the Loop

- **Objective:** The loop's purpose is not immediately clear since it involves a simple arithmetic operation (`y = y + x`) with `x` initialized to `0` and not modified within the loop. Consequently, the loop's behavior will depend on the initial values of `x` and `y`.
  
- **Structure:**
  - **Condition:** `y >= 0`
  - **Body:** `y = y + x`
  - **Variables:** The variables relevant to the loop are `x` and `y`. Given `x` is always `0`, `y` will not change, leading to an infinite loop if `y` is non-negative initially.

#### b. Discussion of the Loop Invariant

- **Proposed Loop Invariant:** The invariant ensures that certain conditions regarding the variables `x`, `y`, `z1`, `z2`, and `z3` remain true throughout the loop's execution. In particular, it establishes that `x` remains `0`, and `z1`, `z2`, `z3` retain their initial values. The invariant also addresses the condition of `y` being non-negative.

#### c. Establishment

- The invariant `(y == 0) && (x == 0) && (z3 == \at(z3, Pre)) && (z2 == \at(z2, Pre)) && (z1 == \at(z1, Pre))` is true before the loop begins because these conditions are directly specified in the pre-condition.

#### d. Preservation

- At the start of each iteration, if the loop invariant holds and the loop condition (`y >= 0`) is true, then after executing the loop body (`y = y + x`), the invariant still holds. Since `x` is `0`, `y` remains unchanged at `0`, thus preserving the invariant.

#### e. Termination Analysis of the Loop

- The loop condition `y >= 0` suggests it will never terminate if `y` starts non-negative and `x` is `0`. However, the invariant still holds as `y` remains `0`, which satisfies the loop condition. Therefore, under these assumptions, the loop does not terminate naturally.

#### f. Correctness of the Post-condition

- The post-condition `y >= 0` is satisfied trivially by the invariant and the loop condition. Since `y` does not change from `0`, it always satisfies `y >= 0`.

#### g. Implication of the Pre-condition

- The given pre-condition directly ensures the invariant's establishment by initializing `y` to `0` and confirming the values of `z1`, `z2`, and `z3` are as specified.

### Filled C Loop Program with Invariants

```c
void foo(int z1, int z2, int z3) {

    int x = 0;
    int y = 0;

    /* >>> LOOP INVARIANT TO FILL <<< 
       >>> PRECONDITION OF THE LOOP : (y == 0) * (x == 0) * (z3 == \at(z3, Pre)) * (z2 == \at(z2, Pre)) * (z1 == \at(z1, Pre)) <<< */

    /*@
      loop invariant ((y == 0) && (x == 0) && (z3 == \at(z3, Pre)) && (z2 == \at(z2, Pre)) && (z1 == \at(z1, Pre))) || (y >= 0) ;
      loop invariant x == 0;
      loop invariant z3 == \at(z3, Pre);
      loop invariant z2 == \at(z2, Pre);
      loop invariant z1 == \at(z1, Pre);
    */
    while(y >= 0) {
        y = y + x;
    }

    /*@ assert y >= 0;*/

}
```

void foo(int z1, int z2, int z3) {

    int x = 0;
    int y = 0;

    /* >>> LOOP INVARIANT TO FILL <<< 
       >>> PRECONDITION OF THE LOOP : (y == 0) * (x == 0) * (z3 == \at(z3, Pre)) * (z2 == \at(z2, Pre)) * (z1 == \at(z1, Pre)) <<< */

    /*@
      loop invariant ((y == 0) && (x == 0) && (z3 == \at(z3, Pre)) && (z2 == \at(z2, Pre)) && (z1 == \at(z1, Pre))) || (y >= 0) ;
      loop invariant x == 0;
      loop invariant z3 == \at(z3, Pre);
      loop invariant z2 == \at(z2, Pre);
      loop invariant z1 == \at(z1, Pre);
    */
    while(y >= 0) {
        y = y + x;
    }

    /*@ assert y >= 0;*/

}


void foo(int z1, int z2, int z3) {

    int x = 0;
    int y = 0;

    /* >>> LOOP INVARIANT TO FILL <<< 
       >>> PRECONDITION OF THE LOOP : (y == 0) * (x == 0) * (z3 == \at(z3, Pre)) * (z2 == \at(z2, Pre)) * (z1 == \at(z1, Pre)) <<< */

    /*@
      loop invariant ((y == 0) && (x == 0) && (z3 == \at(z3, Pre)) && (z2 == \at(z2, Pre)) && (z1 == \at(z1, Pre))) || (y >= 0) ;
      loop invariant x == 0;
      loop invariant z3 == \at(z3, Pre);
      loop invariant z2 == \at(z2, Pre);
      loop invariant z1 == \at(z1, Pre);
    */
    while(y >= 0) {
        y = y + x;
    }

    /*@ assert y >= 0;*/

}

syntax Correct
Validate:
[True, True, True, True, True]

Verify:
[True]

CORRECT INVARIANT
syntax Correct
Validate:
[True, True, True, True, True]

Verify:
[True]

syntax Correct
Validate:
[True, True, True, True, True]

Verify:
[True]

已移动文件: 92.c -> finish
-----------------------------------------

文件 92.c 处理完成. 总耗时: 56.09591746330261
-----------------------------------------
finshed_files:['88.c', '4.c', '114.c', '8.c', '84.c', '83.c', '111.c', '47.c', '14.c', '49.c', '131.c', '119.c', '43.c', '50.c', '56.c', '18.c', '53.c', '35.c', '10.c', '28.c', '26.c', '73.c', '89.c', '126.c', '96.c', '57.c', '37.c', '36.c', '92.c']
