file:93.c
Successfully generated loop/93.json
INNER_FLAG: False
Variable Maps: [{'y': '0', 'x': '0', 'i': '0', 'n': 'n@pre'}]
Path conditions: ['n@pre >= 0']
Pre condition: n@pre >= 0 && (y == 0) * (x == 0) * (i == 0) * (n == n@pre)
Loop Condition: i < n
Updated Loop Conditions: ['0 < n@pre']
Global Unchanged Variables ['n']
Non Inductive Variables []
[{'y': '0', 'x': '0', 'i': '0', 'n': 'n@pre'}]
['n@pre >= 0']

            
    /* >>> LOOP INVARIANT TO FILL <<< 
       >>> PRECONDITION OF THE LOOP : \at(n, Pre) >= 0 && (y == 0) * (x == 0) * (i == 0) * (n == \at(n, Pre)) <<< */
    
            /*@
          loop invariant (\at(n, Pre) >= 0) ==> (n == \at(n, Pre));
            */
            while (i < n) {
      
        i  = i + 1;
        if (unknown()) {
          
          x  = x + 1;
          y  = y + 2;
          
        } else {
          
          x  = x + 2;
          y  = y + 1;
          
        }
  
  
    }
            

            
    /* >>> LOOP INVARIANT TO FILL <<< 
       >>> PRECONDITION OF THE LOOP : \at(n, Pre) >= 0 && (y == 0) * (x == 0) * (i == 0) * (n == \at(n, Pre)) <<< */
    
            /*@
          loop invariant  (\at(n, Pre) >= 0) ==> ((0 < \at(n, Pre)) ==> (((y == 0)&&(x == 0)&&(i == 0)&&(n == \at(n, Pre))) || (PLACE_HOLDER_i))) ;
          loop invariant  (\at(n, Pre) >= 0) ==> ((0 < \at(n, Pre)) ==> (((y == 0)&&(x == 0)&&(i == 0)&&(n == \at(n, Pre))) || (PLACE_HOLDER_x))) ;
          loop invariant  (\at(n, Pre) >= 0) ==> ((0 < \at(n, Pre)) ==> (((y == 0)&&(x == 0)&&(i == 0)&&(n == \at(n, Pre))) || (PLACE_HOLDER_y))) ;
          loop invariant (\at(n, Pre) >= 0) ==> ((!(0 < \at(n, Pre))) ==> ((y == 0)&&(x == 0)&&(i == 0)&&(n == \at(n, Pre))));
          loop invariant (\at(n, Pre) >= 0) ==> (n == \at(n, Pre));
            */
            while (i < n) {
      
        i  = i + 1;
        if (unknown()) {
          
          x  = x + 1;
          y  = y + 2;
          
        } else {
          
          x  = x + 2;
          y  = y + 1;
          
        }
  
  
    }
            
int unknown();

/*@ requires n >= 0; */
void foo(int n) {
  
    int i = 0;
    int x = 0;
    int y = 0;
    
  
    
            
    /* >>> LOOP INVARIANT TO FILL <<< 
       >>> PRECONDITION OF THE LOOP : \at(n, Pre) >= 0 && (y == 0) * (x == 0) * (i == 0) * (n == \at(n, Pre)) <<< */
    
            /*@
          loop invariant  (\at(n, Pre) >= 0) ==> ((0 < \at(n, Pre)) ==> (((y == 0)&&(x == 0)&&(i == 0)&&(n == \at(n, Pre))) || (PLACE_HOLDER_i))) ;
          loop invariant  (\at(n, Pre) >= 0) ==> ((0 < \at(n, Pre)) ==> (((y == 0)&&(x == 0)&&(i == 0)&&(n == \at(n, Pre))) || (PLACE_HOLDER_x))) ;
          loop invariant  (\at(n, Pre) >= 0) ==> ((0 < \at(n, Pre)) ==> (((y == 0)&&(x == 0)&&(i == 0)&&(n == \at(n, Pre))) || (PLACE_HOLDER_y))) ;
          loop invariant (\at(n, Pre) >= 0) ==> ((!(0 < \at(n, Pre))) ==> ((y == 0)&&(x == 0)&&(i == 0)&&(n == \at(n, Pre))));
          loop invariant (\at(n, Pre) >= 0) ==> (n == \at(n, Pre));
            */
            while (i < n) {
      
        i  = i + 1;
        if (unknown()) {
          
          x  = x + 1;
          y  = y + 2;
          
        } else {
          
          x  = x + 2;
          y  = y + 1;
          
        }
  
  
    }
            
  
    /*@ assert (3 * n) == (x + y); */
  
  }
To analyze the given C loop program and fill in the loop invariants, let's follow the structured approach:

### a. Purpose and Structure of the Loop
- **Objective**: The loop iterates `n` times, incrementing `i` on each iteration. Depending on the result of the `unknown()` function, it increments `x` and `y` in different ways. The final assertion checks whether the sum of `x` and `y` equals `3 * n`, which means that the loop's goal is to distribute the increments to `x` and `y` such that this condition is satisfied.
- **Structure**:
  - **Loop Condition**: `i < n`
  - **Operations**:
    - Increment `i` by 1 in every iteration.
    - Depending on the `unknown()` function:
      - Either increment `x` by 1 and `y` by 2
      - Or increment `x` by 2 and `y` by 1
  - **Relevant Variables**: `i`, `x`, `y`, `n`

### b. Discussion of the Loop Invariant
- The loop invariant needs to ensure that the relationship between `x`, `y`, and `i` is maintained such that at the end of the loop, the final assertion `(3 * n) == (x + y)` holds. The invariant is stated in terms of the sum of `x` and `y` relative to `i`.

### c. Establishment
- Before the loop starts, `i`, `x`, and `y` are initialized to 0. This ensures that the invariants hold trivially before the first iteration, as the initial sum `x + y` is 0, which is `3 * 0`.

### d. Preservation
- During each iteration, `i` is incremented by 1, and `x` and `y` are incremented in such a way that the total increment of `x + y` remains at 3 for every increment of `i`. This maintains the invariant that the sum `x + y` is always `3 * i`.

### e. Termination Analysis of the Loop
- The loop terminates when `i` reaches `n`. At this point, the invariant should ensure that `x + y = 3 * n`.

### f. Correctness of the Post-condition
- Once the loop finishes, `i == n`, and the invariant ensures `x + y = 3 * i`, which becomes `3 * n`. This directly satisfies the post-condition.

### g. Implication of the Pre-condition
- The pre-condition `n >= 0` ensures that the loop can execute properly without negative values of `n`. The initialization of `i`, `x`, and `y` at 0 ensures that the invariant is established at the start.

### Filled-In C Loop Program with Invariants

```c
int unknown();

/*@ requires n >= 0; */
void foo(int n) {
  
    int i = 0;
    int x = 0;
    int y = 0;
    
    /* >>> LOOP INVARIANT TO FILL <<< 
       >>> PRECONDITION OF THE LOOP : \at(n, Pre) >= 0 && (y == 0) * (x == 0) * (i == 0) * (n == \at(n, Pre)) <<< */
    
    /*@
      loop invariant  (\at(n, Pre) >= 0) ==> ((0 < \at(n, Pre)) ==> (((y == 0)&&(x == 0)&&(i == 0)&&(n == \at(n, Pre))) || ((x + y) == 3 * i))) ;
      loop invariant  (\at(n, Pre) >= 0) ==> ((0 < \at(n, Pre)) ==> (((y == 0)&&(x == 0)&&(i == 0)&&(n == \at(n, Pre))) || ((x + y) == 3 * i))) ;
      loop invariant  (\at(n, Pre) >= 0) ==> ((0 < \at(n, Pre)) ==> (((y == 0)&&(x == 0)&&(i == 0)&&(n == \at(n, Pre))) || ((x + y) == 3 * i))) ;
      loop invariant (\at(n, Pre) >= 0) ==> ((!(0 < \at(n, Pre))) ==> ((y == 0)&&(x == 0)&&(i == 0)&&(n == \at(n, Pre))));
      loop invariant (\at(n, Pre) >= 0) ==> (n == \at(n, Pre));
    */
    while (i < n) {
      
        i  = i + 1;
        if (unknown()) {
          
          x  = x + 1;
          y  = y + 2;
          
        } else {
          
          x  = x + 2;
          y  = y + 1;
          
        }
  
    }
    
    /*@ assert (3 * n) == (x + y); */
}
```

int unknown();

/*@ requires n >= 0; */
void foo(int n) {
  
    int i = 0;
    int x = 0;
    int y = 0;
    
    /*@
      loop invariant  (\at(n, Pre) >= 0) ==> ((0 < \at(n, Pre)) ==> (((y == 0)&&(x == 0)&&(i == 0)&&(n == \at(n, Pre))) || ((x + y) == 3 * i))) ;
      loop invariant  (\at(n, Pre) >= 0) ==> ((0 < \at(n, Pre)) ==> (((y == 0)&&(x == 0)&&(i == 0)&&(n == \at(n, Pre))) || ((x + y) == 3 * i))) ;
      loop invariant  (\at(n, Pre) >= 0) ==> ((0 < \at(n, Pre)) ==> (((y == 0)&&(x == 0)&&(i == 0)&&(n == \at(n, Pre))) || ((x + y) == 3 * i))) ;
      loop invariant (\at(n, Pre) >= 0) ==> ((!(0 < \at(n, Pre))) ==> ((y == 0)&&(x == 0)&&(i == 0)&&(n == \at(n, Pre))));
      loop invariant (\at(n, Pre) >= 0) ==> (n == \at(n, Pre));
    */
    while (i < n) {
      
        i  = i + 1;
        if (unknown()) {
          
          x  = x + 1;
          y  = y + 2;
          
        } else {
          
          x  = x + 2;
          y  = y + 1;
          
        }
  
    }
    
    /*@ assert (3 * n) == (x + y); */
}


int unknown();

/*@ requires n >= 0; */
void foo(int n) {
  
    int i = 0;
    int x = 0;
    int y = 0;
    
    /*@
      loop invariant  (\at(n, Pre) >= 0) ==> ((0 < \at(n, Pre)) ==> (((y == 0)&&(x == 0)&&(i == 0)&&(n == \at(n, Pre))) || ((x + y) == 3 * i))) ;
      loop invariant  (\at(n, Pre) >= 0) ==> ((0 < \at(n, Pre)) ==> (((y == 0)&&(x == 0)&&(i == 0)&&(n == \at(n, Pre))) || ((x + y) == 3 * i))) ;
      loop invariant  (\at(n, Pre) >= 0) ==> ((0 < \at(n, Pre)) ==> (((y == 0)&&(x == 0)&&(i == 0)&&(n == \at(n, Pre))) || ((x + y) == 3 * i))) ;
      loop invariant (\at(n, Pre) >= 0) ==> ((!(0 < \at(n, Pre))) ==> ((y == 0)&&(x == 0)&&(i == 0)&&(n == \at(n, Pre))));
      loop invariant (\at(n, Pre) >= 0) ==> (n == \at(n, Pre));
    */
    while (i < n) {
      
        i  = i + 1;
        if (unknown()) {
          
          x  = x + 1;
          y  = y + 2;
          
        } else {
          
          x  = x + 2;
          y  = y + 1;
          
        }
  
    }
    
    /*@ assert (3 * n) == (x + y); */
}

syntax Correct
Validate:
[True, True, True, True, True]

Verify:
[False]

Goal Assertion (file output/93.c, line 35):
Let x_1 = x + y.
Assume {
  Type: is_sint32(i) /\ is_sint32(n) /\ is_sint32(x) /\ is_sint32(y).
  (* Pre-condition *)
  Have: 0 <= n.
  (* Invariant *)
  Have: ((0 < n) -> ((x_1 = (3 * i)) \/ ((i = 0) /\ (x = 0) /\ (y = 0)))).
  (* Invariant *)
  Have: ((n <= 0) -> ((i = 0) /\ (x = 0) /\ (y = 0))).
  (* Else *)
  Have: n <= i.
}
Prove: x_1 = (3 * n).
Prover Z3 4.8.12 returns Timeout (Qed:7ms) (3s)
Error found in file: output/93.c at line: 35
Error line content: /*@ assert (3 * n) == (x + y); */

### Error Analysis:

The error message indicates that the goal assertion `(3 * n) == (x + y)` is not being verified correctly. The existing loop invariants do not adequately capture the relationship between the variables `x`, `y`, and `i` throughout the loop iterations. Specifically, the invariant does not guarantee that `x + y` will equal `3 * n` when the loop terminates.

The current invariants only mention `x + y = 3 * i`, which is not sufficient because this does not directly ensure that `x + y` will equal `3 * n` after all loop iterations. We need to ensure that the loop invariant reflects the fact that every iteration of the loop changes `x + y` by 3, corresponding to the increment of `i` by 1.

### Fixed C Code:

```c
int unknown();

/*@ requires n >= 0; */
void foo(int n) {
  
    int i = 0;
    int x = 0;
    int y = 0;
    
    /*@
      loop invariant  (\at(n, Pre) >= 0) ==> ((0 < \at(n, Pre)) ==> (((y == 0)&&(x == 0)&&(i == 0)&&(n == \at(n, Pre))) || ((x + y) == 3 * i))) ;
      loop invariant  (\at(n, Pre) >= 0) ==> ((0 < \at(n, Pre)) ==> (((y == 0)&&(x == 0)&&(i == 0)&&(n == \at(n, Pre))) || (i <= n))) ;
      loop invariant (\at(n, Pre) >= 0) ==> ((!(0 < \at(n, Pre))) ==> ((y == 0)&&(x == 0)&&(i == 0)&&(n == \at(n, Pre))));
      loop invariant (\at(n, Pre) >= 0) ==> (n == \at(n, Pre));
    */
    while (i < n) {
      
        i  = i + 1;
        if (unknown()) {
          
          x  = x + 1;
          y  = y + 2;
          
        } else {
          
          x  = x + 2;
          y  = y + 1;
          
        }
  
    }
    
    /*@ assert (3 * n) == (x + y); */
}
```

The corrected invariants now include `(i <= n)`, which ensures that `i` will never exceed `n` during the loop. This, together with `(x + y) == 3 * i`, ensures that when the loop terminates, `(x + y)` will equal `3 * n`.
after strength

int unknown();

/*@ requires n >= 0; */
void foo(int n) {
  
    int i = 0;
    int x = 0;
    int y = 0;
    
    /*@
      loop invariant  (\at(n, Pre) >= 0) ==> ((0 < \at(n, Pre)) ==> (((y == 0)&&(x == 0)&&(i == 0)&&(n == \at(n, Pre))) || ((x + y) == 3 * i))) ;
      loop invariant  (\at(n, Pre) >= 0) ==> ((0 < \at(n, Pre)) ==> (((y == 0)&&(x == 0)&&(i == 0)&&(n == \at(n, Pre))) || (i <= n))) ;
      loop invariant (\at(n, Pre) >= 0) ==> ((!(0 < \at(n, Pre))) ==> ((y == 0)&&(x == 0)&&(i == 0)&&(n == \at(n, Pre))));
      loop invariant (\at(n, Pre) >= 0) ==> (n == \at(n, Pre));
    */
    while (i < n) {
      
        i  = i + 1;
        if (unknown()) {
          
          x  = x + 1;
          y  = y + 2;
          
        } else {
          
          x  = x + 2;
          y  = y + 1;
          
        }
  
    }
    
    /*@ assert (3 * n) == (x + y); */
}

syntax Correct
Validate:
[True, True, True, True]

Verify:
[True]

CORRECT INVARIANT
syntax Correct
Validate:
[True, True, True, True]

Verify:
[True]

syntax Correct
Validate:
[True, True, True, True]

Verify:
[True]

已移动文件: 93.c -> finish
-----------------------------------------

文件 93.c 处理完成. 总耗时: 83.04402136802673
-----------------------------------------
finshed_files:['88.c', '4.c', '114.c', '8.c', '84.c', '83.c', '111.c', '47.c', '14.c', '49.c', '131.c', '119.c', '43.c', '50.c', '56.c', '18.c', '53.c', '35.c', '10.c', '28.c', '26.c', '73.c', '89.c', '126.c', '96.c', '57.c', '37.c', '36.c', '92.c', '68.c', '115.c', '71.c', '91.c', '22.c', '19.c', '124.c', '52.c', '100.c', '95.c', '90.c', '86.c', '128.c', '62.c', '77.c', '79.c', '108.c', '129.c', '34.c', '123.c', '98.c', '41.c', '27.c', '106.c', '58.c', '130.c', '20.c', '85.c', '15.c', '75.c', '104.c', '2.c', '82.c', '32.c', '23.c', '117.c', '125.c', '64.c', '6.c', '1.c', '12.c', '45.c', '113.c', '13.c', '31.c', '54.c', '93.c']
