file:95.c
Successfully generated loop/95.json
INNER_FLAG: False
Variable Maps: [{'y': '1', 'j': '0', 'i': '0', 'x': 'x@pre'}]
Path conditions: [None]
Pre condition: (y == 1) * (j == 0) * (i == 0) * (x == x@pre)
Loop Condition: i <= x
Updated Loop Conditions: ['0 <= x@pre']
Global Unchanged Variables ['y', 'x']
Non Inductive Variables []
[{'y': '1', 'j': '0', 'i': '0', 'x': 'x@pre'}]
[None]

            
    /* >>> LOOP INVARIANT TO FILL <<< 
       >>> PRECONDITION OF THE LOOP : (y == 1) * (j == 0) * (i == 0) * (x == \at(x, Pre)) <<< */
    
            /*@
          loop invariant y == 1;
          loop invariant x == \at(x, Pre);
            */
            while (i <= x) {
      
      i  = i + 1;
      j  = j + y;
  
    }
            

            
    /* >>> LOOP INVARIANT TO FILL <<< 
       >>> PRECONDITION OF THE LOOP : (y == 1) * (j == 0) * (i == 0) * (x == \at(x, Pre)) <<< */
    
            /*@
          loop invariant (0 <= \at(x, Pre)) ==> (((y == 1)&&(j == 0)&&(i == 0)&&(x == \at(x, Pre))) || (PLACE_HOLDER_i));
          loop invariant (0 <= \at(x, Pre)) ==> (((y == 1)&&(j == 0)&&(i == 0)&&(x == \at(x, Pre))) || (PLACE_HOLDER_j));
          loop invariant (!(0 <= \at(x, Pre))) ==> ((y == 1)&&(j == 0)&&(i == 0)&&(x == \at(x, Pre)));
          loop invariant y == 1;
          loop invariant x == \at(x, Pre);
            */
            while (i <= x) {
      
      i  = i + 1;
      j  = j + y;
  
    }
            
void foo(int x) {
    int i =0;
    int j =0;
    int y =1;
    
    
    
            
    /* >>> LOOP INVARIANT TO FILL <<< 
       >>> PRECONDITION OF THE LOOP : (y == 1) * (j == 0) * (i == 0) * (x == \at(x, Pre)) <<< */
    
            /*@
          loop invariant (0 <= \at(x, Pre)) ==> (((y == 1)&&(j == 0)&&(i == 0)&&(x == \at(x, Pre))) || (PLACE_HOLDER_i));
          loop invariant (0 <= \at(x, Pre)) ==> (((y == 1)&&(j == 0)&&(i == 0)&&(x == \at(x, Pre))) || (PLACE_HOLDER_j));
          loop invariant (!(0 <= \at(x, Pre))) ==> ((y == 1)&&(j == 0)&&(i == 0)&&(x == \at(x, Pre)));
          loop invariant y == 1;
          loop invariant x == \at(x, Pre);
            */
            while (i <= x) {
      
      i  = i + 1;
      j  = j + y;
  
    }
            
  
  /*@ assert (y == 1) ==> (i == j) ;*/
  
  }
To verify the post-condition using loop invariants, let's analyze the given C loop and fill in the placeholders.

### Analysis

#### a. Purpose and Structure of the Loop

- **Objective**: The loop increments `i` and `j` simultaneously, with `j` increasing by `y` each time `i` is incremented by 1. The loop's intended outcome is to ensure that when the loop finishes, the condition `i == j` holds if `y` remains 1 throughout the loop execution.
- **Structure**: 
  - **Loop condition**: `i <= x`, meaning the loop runs as long as `i` is less than or equal to `x`.
  - **Operations**: Within the loop body, `i` is incremented by 1, and `j` is incremented by `y`.
  - **Relevant Variables**: `i`, `j`, `y`, and `x`.

#### b. Discussion of the Loop Invariant

The loop invariant needs to express the relationship between `i` and `j` that maintains the condition `i == j` as long as `y` remains 1, starting from initial values where both `i` and `j` are 0.

#### c. Establishment

Before the loop starts, the pre-condition `(y == 1) * (j == 0) * (i == 0) * (x == \at(x, Pre))` ensures that `i` and `j` are both initialized to 0. This establishes the invariant `i == j` when the loop begins, under the condition `y == 1`.

#### d. Preservation

During each loop iteration:
- If the invariant holds at the beginning (`i == j`), then after incrementing `i` and `j` by 1 and `y` respectively, `i + 1` equals `j + y` when `y == 1`. Thus, `i == j` still holds.

#### e. Termination Analysis of the Loop

Upon termination, `i > x` is true. Assuming `y == 1`, the invariant condition `i == j` holds throughout the loop. When the loop terminates, `i` equals `j` because each increment of `i` and `j` was balanced by `y` equaling 1.

#### f. Correctness of the Post-condition

The post-condition `i == j` is satisfied once the loop finishes executing, given the loop invariant `i == j` has been preserved throughout each iteration.

#### g. Implication of the Pre-condition

The pre-condition directly implies the loop invariant's establishment because both `i` and `j` are initialized to 0, and `y` is 1, establishing the condition `i == j` initially.

### Filled-in C Loop Program

```c
void foo(int x) {
    int i = 0;
    int j = 0;
    int y = 1;
    
    /* >>> LOOP INVARIANT TO FILL <<< 
       >>> PRECONDITION OF THE LOOP : (y == 1) * (j == 0) * (i == 0) * (x == \at(x, Pre)) <<< */
    
    /*@
      loop invariant (0 <= \at(x, Pre)) ==> (((y == 1)&&(j == 0)&&(i == 0)&&(x == \at(x, Pre))) || (i == j));
      loop invariant (0 <= \at(x, Pre)) ==> (((y == 1)&&(j == 0)&&(i == 0)&&(x == \at(x, Pre))) || (i == j));
      loop invariant (!(0 <= \at(x, Pre))) ==> ((y == 1)&&(j == 0)&&(i == 0)&&(x == \at(x, Pre)));
      loop invariant y == 1;
      loop invariant x == \at(x, Pre);
    */
    while (i <= x) {
      i = i + 1;
      j = j + y;
    }
    
    /*@ assert (y == 1) ==> (i == j) ;*/
}
```

void foo(int x) {
    int i = 0;
    int j = 0;
    int y = 1;
    
    /*@
      loop invariant (0 <= \at(x, Pre)) ==> (((y == 1)&&(j == 0)&&(i == 0)&&(x == \at(x, Pre))) || (i == j));
      loop invariant (0 <= \at(x, Pre)) ==> (((y == 1)&&(j == 0)&&(i == 0)&&(x == \at(x, Pre))) || (i == j));
      loop invariant (!(0 <= \at(x, Pre))) ==> ((y == 1)&&(j == 0)&&(i == 0)&&(x == \at(x, Pre)));
      loop invariant y == 1;
      loop invariant x == \at(x, Pre);
    */
    while (i <= x) {
      i = i + 1;
      j = j + y;
    }
    
    /*@ assert (y == 1) ==> (i == j) ;*/
}


void foo(int x) {
    int i = 0;
    int j = 0;
    int y = 1;
    
    /*@
      loop invariant (0 <= \at(x, Pre)) ==> (((y == 1)&&(j == 0)&&(i == 0)&&(x == \at(x, Pre))) || (i == j));
      loop invariant (0 <= \at(x, Pre)) ==> (((y == 1)&&(j == 0)&&(i == 0)&&(x == \at(x, Pre))) || (i == j));
      loop invariant (!(0 <= \at(x, Pre))) ==> ((y == 1)&&(j == 0)&&(i == 0)&&(x == \at(x, Pre)));
      loop invariant y == 1;
      loop invariant x == \at(x, Pre);
    */
    while (i <= x) {
      i = i + 1;
      j = j + y;
    }
    
    /*@ assert (y == 1) ==> (i == j) ;*/
}

syntax Correct
Validate:
[True, True, True, True, True]

Verify:
[True]

CORRECT INVARIANT
syntax Correct
Validate:
[True, True, True, True, True]

Verify:
[True]

syntax Correct
Validate:
[True, True, True, True, True]

Verify:
[True]

已移动文件: 95.c -> finish
-----------------------------------------

文件 95.c 处理完成. 总耗时: 52.76646065711975
-----------------------------------------
finshed_files:['88.c', '4.c', '114.c', '8.c', '84.c', '83.c', '111.c', '47.c', '14.c', '49.c', '131.c', '119.c', '43.c', '50.c', '56.c', '18.c', '53.c', '35.c', '10.c', '28.c', '26.c', '73.c', '89.c', '126.c', '96.c', '57.c', '37.c', '36.c', '92.c', '68.c', '115.c', '71.c', '91.c', '22.c', '19.c', '124.c', '52.c', '100.c', '95.c']
