file:96.c
Successfully generated loop/96.json
INNER_FLAG: False
Variable Maps: [{'y': '1', 'j': '0', 'i': '0', 'x': 'x@pre'}]
Path conditions: [None]
Pre condition: (y == 1) * (j == 0) * (i == 0) * (x == x@pre)
Loop Condition: i <= x
Updated Loop Conditions: ['0 <= x@pre']
Global Unchanged Variables ['y', 'x']
Non Inductive Variables []
[{'y': '1', 'j': '0', 'i': '0', 'x': 'x@pre'}]
[None]

            
    /* >>> LOOP INVARIANT TO FILL <<< 
       >>> PRECONDITION OF THE LOOP : (y == 1) * (j == 0) * (i == 0) * (x == \at(x, Pre)) <<< */
    
            /*@
          loop invariant y == 1;
          loop invariant x == \at(x, Pre);
            */
            while (i <= x) {
      
      i  = i + 1;
      j  = j + y;
  
    }
            

            
    /* >>> LOOP INVARIANT TO FILL <<< 
       >>> PRECONDITION OF THE LOOP : (y == 1) * (j == 0) * (i == 0) * (x == \at(x, Pre)) <<< */
    
            /*@
          loop invariant (0 <= \at(x, Pre)) ==> (((y == 1)&&(j == 0)&&(i == 0)&&(x == \at(x, Pre))) || (PLACE_HOLDER_i));
          loop invariant (0 <= \at(x, Pre)) ==> (((y == 1)&&(j == 0)&&(i == 0)&&(x == \at(x, Pre))) || (PLACE_HOLDER_j));
          loop invariant (!(0 <= \at(x, Pre))) ==> ((y == 1)&&(j == 0)&&(i == 0)&&(x == \at(x, Pre)));
          loop invariant y == 1;
          loop invariant x == \at(x, Pre);
            */
            while (i <= x) {
      
      i  = i + 1;
      j  = j + y;
  
    }
            
void foo(int x) {
    int i =0;
    int j =0;
    int y =1;
    
    
    
            
    /* >>> LOOP INVARIANT TO FILL <<< 
       >>> PRECONDITION OF THE LOOP : (y == 1) * (j == 0) * (i == 0) * (x == \at(x, Pre)) <<< */
    
            /*@
          loop invariant (0 <= \at(x, Pre)) ==> (((y == 1)&&(j == 0)&&(i == 0)&&(x == \at(x, Pre))) || (PLACE_HOLDER_i));
          loop invariant (0 <= \at(x, Pre)) ==> (((y == 1)&&(j == 0)&&(i == 0)&&(x == \at(x, Pre))) || (PLACE_HOLDER_j));
          loop invariant (!(0 <= \at(x, Pre))) ==> ((y == 1)&&(j == 0)&&(i == 0)&&(x == \at(x, Pre)));
          loop invariant y == 1;
          loop invariant x == \at(x, Pre);
            */
            while (i <= x) {
      
      i  = i + 1;
      j  = j + y;
  
    }
            
  
  /*@ assert (i != j) ==> (y != 1) ;*/
  
  }
To fill in the placeholders for the loop invariants, we need to understand the behavior of the loop and its intended purpose.

### a. Purpose and Structure of the Loop:
- **Objective**: The loop iterates until `i` surpasses the value of `x`, incrementing both `i` and `j` by 1 each iteration. The intended outcome is to increment `i` and `j` simultaneously while ensuring certain conditions hold at the end.
- **Structure**: The loop condition is `i <= x`, and the operations within the loop body are `i = i + 1` and `j = j + y`. The relevant variables are `i`, `j`, `y`, and `x`.

### b. Discussion of the Loop Invariant:
- The proposed invariants ensure that `i` and `j` are incremented consistently and maintain their relationship with respect to `x`. The invariants reflect conditions that must hold true throughout the loop execution.

### c. Establishment:
- Before the loop starts, the pre-condition `(y == 1) * (j == 0) * (i == 0) * (x == \at(x, Pre))` guarantees that all necessary initial conditions are met.

### d. Preservation:
- Each loop iteration increments `i` and `j` by 1. The invariants ensure that the relationship between `i`, `j`, and `x` is maintained through these increments.

### e. Termination Analysis of the Loop:
- When the loop terminates, `i > x`. At this point, `j` should equal `i` since both have been incremented simultaneously starting from 0.

### f. Correctness of the Post-condition:
- The post-condition `(i != j) ==> (y != 1)` is met because the loop ensures `i` equals `j` upon termination. The invariant and termination conditions together imply the post-condition.

### g. Implication of the Pre-condition:
- The pre-condition directly implies the initial truth of the loop invariant, establishing the starting state of the variables.

Now, let's fill in the placeholders in the C program:

```c
void foo(int x) {
    int i =0;
    int j =0;
    int y =1;
    
    /* >>> LOOP INVARIANT TO FILL <<< 
       >>> PRECONDITION OF THE LOOP : (y == 1) * (j == 0) * (i == 0) * (x == \at(x, Pre)) <<< */
    
            /*@
          loop invariant (0 <= \at(x, Pre)) ==> (((y == 1)&&(j == 0)&&(i == 0)&&(x == \at(x, Pre))) || (i == j));
          loop invariant (0 <= \at(x, Pre)) ==> (((y == 1)&&(j == 0)&&(i == 0)&&(x == \at(x, Pre))) || (j == i));
          loop invariant (!(0 <= \at(x, Pre))) ==> ((y == 1)&&(j == 0)&&(i == 0)&&(x == \at(x, Pre)));
          loop invariant y == 1;
          loop invariant x == \at(x, Pre);
            */
            while (i <= x) {
      
      i  = i + 1;
      j  = j + y;
  
    }
            
  
  /*@ assert (i != j) ==> (y != 1) ;*/
  
  }
```

void foo(int x) {
    int i =0;
    int j =0;
    int y =1;
    
            /*@
          loop invariant (0 <= \at(x, Pre)) ==> (((y == 1)&&(j == 0)&&(i == 0)&&(x == \at(x, Pre))) || (i == j));
          loop invariant (0 <= \at(x, Pre)) ==> (((y == 1)&&(j == 0)&&(i == 0)&&(x == \at(x, Pre))) || (j == i));
          loop invariant (!(0 <= \at(x, Pre))) ==> ((y == 1)&&(j == 0)&&(i == 0)&&(x == \at(x, Pre)));
          loop invariant y == 1;
          loop invariant x == \at(x, Pre);
            */
            while (i <= x) {
      
      i  = i + 1;
      j  = j + y;
  
    }
            
  
  /*@ assert (i != j) ==> (y != 1) ;*/
  
  }


void foo(int x) {
    int i =0;
    int j =0;
    int y =1;
    
            /*@
          loop invariant (0 <= \at(x, Pre)) ==> (((y == 1)&&(j == 0)&&(i == 0)&&(x == \at(x, Pre))) || (i == j));
          loop invariant (0 <= \at(x, Pre)) ==> (((y == 1)&&(j == 0)&&(i == 0)&&(x == \at(x, Pre))) || (j == i));
          loop invariant (!(0 <= \at(x, Pre))) ==> ((y == 1)&&(j == 0)&&(i == 0)&&(x == \at(x, Pre)));
          loop invariant y == 1;
          loop invariant x == \at(x, Pre);
            */
            while (i <= x) {
      
      i  = i + 1;
      j  = j + y;
  
    }
            
  
  /*@ assert (i != j) ==> (y != 1) ;*/
  
  }

syntax Correct
Validate:
[True, True, True, True, True]

Verify:
[True]

CORRECT INVARIANT
syntax Correct
Validate:
[True, True, True, True, True]

Verify:
[True]

syntax Correct
Validate:
[True, True, True, True, True]

Verify:
[True]

已移动文件: 96.c -> finish
-----------------------------------------

文件 96.c 处理完成. 总耗时: 52.26498103141785
-----------------------------------------
finshed_files:['88.c', '4.c', '114.c', '8.c', '84.c', '83.c', '111.c', '47.c', '14.c', '49.c', '131.c', '119.c', '43.c', '50.c', '56.c', '18.c', '53.c', '35.c', '10.c', '28.c', '26.c', '73.c', '89.c', '126.c', '96.c']
