file:97.c
Successfully generated loop/97.json
INNER_FLAG: False
Variable Maps: [{'y': '2', 'j': '0', 'i': '0', 'x': 'x@pre'}]
Path conditions: [None]
Pre condition: (y == 2) * (j == 0) * (i == 0) * (x == x@pre)
Loop Condition: i <= x
Updated Loop Conditions: ['0 <= x@pre']
Global Unchanged Variables ['y', 'x']
Non Inductive Variables []
[{'y': '2', 'j': '0', 'i': '0', 'x': 'x@pre'}]
[None]

            
    /* >>> LOOP INVARIANT TO FILL <<< 
       >>> PRECONDITION OF THE LOOP : (y == 2) * (j == 0) * (i == 0) * (x == \at(x, Pre)) <<< */
    
            /*@
          loop invariant y == 2;
          loop invariant x == \at(x, Pre);
            */
            while (i <= x) {
      
      i  = i + 1;
      j  = j + y;
  
    }
            

            
    /* >>> LOOP INVARIANT TO FILL <<< 
       >>> PRECONDITION OF THE LOOP : (y == 2) * (j == 0) * (i == 0) * (x == \at(x, Pre)) <<< */
    
            /*@
          loop invariant (0 <= \at(x, Pre)) ==> (((y == 2)&&(j == 0)&&(i == 0)&&(x == \at(x, Pre))) || (PLACE_HOLDER_i));
          loop invariant (0 <= \at(x, Pre)) ==> (((y == 2)&&(j == 0)&&(i == 0)&&(x == \at(x, Pre))) || (PLACE_HOLDER_j));
          loop invariant (!(0 <= \at(x, Pre))) ==> ((y == 2)&&(j == 0)&&(i == 0)&&(x == \at(x, Pre)));
          loop invariant y == 2;
          loop invariant x == \at(x, Pre);
            */
            while (i <= x) {
      
      i  = i + 1;
      j  = j + y;
  
    }
            
void foo(int x) {
    int i =0;
    int j =0;
    int y =2;
    
    
    
            
    /* >>> LOOP INVARIANT TO FILL <<< 
       >>> PRECONDITION OF THE LOOP : (y == 2) * (j == 0) * (i == 0) * (x == \at(x, Pre)) <<< */
    
            /*@
          loop invariant (0 <= \at(x, Pre)) ==> (((y == 2)&&(j == 0)&&(i == 0)&&(x == \at(x, Pre))) || (PLACE_HOLDER_i));
          loop invariant (0 <= \at(x, Pre)) ==> (((y == 2)&&(j == 0)&&(i == 0)&&(x == \at(x, Pre))) || (PLACE_HOLDER_j));
          loop invariant (!(0 <= \at(x, Pre))) ==> ((y == 2)&&(j == 0)&&(i == 0)&&(x == \at(x, Pre)));
          loop invariant y == 2;
          loop invariant x == \at(x, Pre);
            */
            while (i <= x) {
      
      i  = i + 1;
      j  = j + y;
  
    }
            
  
  /*@ assert (y == 1) ==> (i == j) ;*/
  
  }
To analyze the given C program and generate the necessary loop invariants in ACSL, let's proceed with the outlined tasks.

### a. Purpose and Structure of the Loop:
- **Objective**: The loop increments `i` by 1 and `j` by 2 (`y` is 2) until `i` exceeds `x`.
- **Structure**:
  - **Loop Condition**: `i <= x`
  - **Operations**: Inside the loop, `i` is incremented by 1, and `j` is incremented by `y` (which is 2).
  - **Relevant Variables**: `i`, `j`, `y`, `x`

### b. Discussion of the Loop Invariant:
- **Invariant for `i`**: The invariant must relate `i` to `x` and ensure that `i` is correctly incremented. A suitable invariant could be `0 <= i <= x + 1`.
- **Invariant for `j`**: The invariant must relate `j` to `i` and `y`. A suitable invariant could be `j == 2 * i`.

### c. Establishment:
- Before the loop begins:
  - `i` is initialized to 0, which satisfies `0 <= i <= x + 1`.
  - `j` is initialized to 0, which satisfies `j == 2 * i`.

### d. Preservation:
- During the loop execution:
  - If `0 <= i <= x`, after the increment, `i` becomes `i + 1`, preserving `0 <= i <= x + 1`.
  - `j` is incremented by `y` (2), preserving `j == 2 * i`.

### e. Termination Analysis of the Loop:
- The loop terminates when `i > x`.
  - At this point, `i` is `x + 1`, satisfying `0 <= i <= x + 1`.
  - `j` is `2 * (x + 1)`, satisfying `j == 2 * i`.

### f. Correctness of the Post-condition:
- The post-condition `y == 1 ==> i == j` is trivially true because `y` is always 2, hence `y == 1` is false.

### g. Implication of the Pre-condition:
- The given pre-condition ensures the initial values of `i` and `j` are 0, establishing the loop invariants.

Now, let's fill in the placeholders in the ACSL annotations:

```c
void foo(int x) {
    int i =0;
    int j =0;
    int y =2;
    
    /* >>> LOOP INVARIANT TO FILL <<< 
       >>> PRECONDITION OF THE LOOP : (y == 2) * (j == 0) * (i == 0) * (x == \at(x, Pre)) <<< */
    
    /*@
      loop invariant (0 <= \at(x, Pre)) ==> (((y == 2)&&(j == 0)&&(i == 0)&&(x == \at(x, Pre))) || (0 <= i <= x + 1));
      loop invariant (0 <= \at(x, Pre)) ==> (((y == 2)&&(j == 0)&&(i == 0)&&(x == \at(x, Pre))) || (j == 2 * i));
      loop invariant (!(0 <= \at(x, Pre))) ==> ((y == 2)&&(j == 0)&&(i == 0)&&(x == \at(x, Pre)));
      loop invariant y == 2;
      loop invariant x == \at(x, Pre);
    */
    while (i <= x) {
        i  = i + 1;
        j  = j + y;
    }
  
    /*@ assert (y == 1) ==> (i == j) ;*/
}
```

The placeholders `PLACE_HOLDER_i` and `PLACE_HOLDER_j` have been filled with the correct invariants `0 <= i <= x + 1` and `j == 2 * i`, respectively.

void foo(int x) {
    int i =0;
    int j =0;
    int y =2;
    
    /*@
      loop invariant (0 <= \at(x, Pre)) ==> (((y == 2)&&(j == 0)&&(i == 0)&&(x == \at(x, Pre))) || (0 <= i <= x + 1));
      loop invariant (0 <= \at(x, Pre)) ==> (((y == 2)&&(j == 0)&&(i == 0)&&(x == \at(x, Pre))) || (j == 2 * i));
      loop invariant (!(0 <= \at(x, Pre))) ==> ((y == 2)&&(j == 0)&&(i == 0)&&(x == \at(x, Pre)));
      loop invariant y == 2;
      loop invariant x == \at(x, Pre);
    */
    while (i <= x) {
        i  = i + 1;
        j  = j + y;
    }
  
    /*@ assert (y == 1) ==> (i == j) ;*/
}


void foo(int x) {
    int i =0;
    int j =0;
    int y =2;
    
    /*@
      loop invariant (0 <= \at(x, Pre)) ==> (((y == 2)&&(j == 0)&&(i == 0)&&(x == \at(x, Pre))) || (0 <= i <= x + 1));
      loop invariant (0 <= \at(x, Pre)) ==> (((y == 2)&&(j == 0)&&(i == 0)&&(x == \at(x, Pre))) || (j == 2 * i));
      loop invariant (!(0 <= \at(x, Pre))) ==> ((y == 2)&&(j == 0)&&(i == 0)&&(x == \at(x, Pre)));
      loop invariant y == 2;
      loop invariant x == \at(x, Pre);
    */
    while (i <= x) {
        i  = i + 1;
        j  = j + y;
    }
  
    /*@ assert (y == 1) ==> (i == j) ;*/
}

syntax Correct
Validate:
[True, True, True, True, True]

Verify:
[True]

CORRECT INVARIANT
syntax Correct
Validate:
[True, True, True, True, True]

Verify:
[True]

syntax Correct
Validate:
[True, True, True, True, True]

Verify:
[True]

已移动文件: 97.c -> finish
-----------------------------------------

文件 97.c 处理完成. 总耗时: 56.982481241226196
-----------------------------------------
finshed_files:['88.c', '4.c', '114.c', '8.c', '84.c', '83.c', '111.c', '47.c', '14.c', '49.c', '131.c', '119.c', '43.c', '50.c', '56.c', '18.c', '53.c', '35.c', '10.c', '28.c', '26.c', '73.c', '89.c', '126.c', '96.c', '57.c', '37.c', '36.c', '92.c', '68.c', '115.c', '71.c', '91.c', '22.c', '19.c', '124.c', '52.c', '100.c', '95.c', '90.c', '86.c', '128.c', '62.c', '77.c', '79.c', '108.c', '129.c', '34.c', '123.c', '98.c', '41.c', '27.c', '106.c', '58.c', '130.c', '20.c', '85.c', '15.c', '75.c', '104.c', '2.c', '82.c', '32.c', '23.c', '117.c', '125.c', '64.c', '6.c', '1.c', '12.c', '45.c', '113.c', '13.c', '31.c', '54.c', '93.c', '3.c', '30.c', '133.c', '112.c', '103.c', '69.c', '122.c', '44.c', '51.c', '16.c', '74.c', '81.c', '39.c', '116.c', '7.c', '48.c', '21.c', '110.c', '97.c']
