file:010.c
Successfully generated loop/010.json
INNER_FLAG: False
Variable Maps: [{'y': '0', 'x': '0', 'z': '0', 'w': '1'}]
Path conditions: [None]
Pre condition: (y == 0) * (x == 0) * (z == 0) * (w == 1)
Loop Condition: unknown()
Updated Loop Conditions: ['unknown()']
Global Unchanged Variables []
Non Inductive Variables []
[{'y': '0', 'x': '0', 'z': '0', 'w': '1'}]
[None]

int unknown();


void foo() {


  int w = 1;
  int z = 0;
  int x = 0;
  int y = 0;


  
                
        /* >>> LOOP INVARIANT TO FILL <<< 
        >>> PRECONDITION OF THE LOOP : (y == 0) * (x == 0) * (z == 0) * (w == 1) <<< */
        
                /*@
                */
                while(unknown()){
  	if(w) {
  	  x++;
  	  w = !w;
	  }
	
    if(!z) {
      y++; 
      z=!z;
    }
  }
                

  /*@ assert x == y; */
  
}

Let's analyze the C loop program and fill in the necessary loop invariants.

### Analysis

#### a. Purpose and Structure of the Loop:
- **Objective**: The loop's purpose is to increment `x` and `y` under certain conditions and ensure they remain equal by the end of the loop. The variables `w` and `z` toggle between 0 and 1 to control the increments of `x` and `y`, respectively.
- **Structure**:
  - **Loop Condition**: `unknown()`, meaning the loop can iterate any non-negative number of times.
  - **Operations**:
    - If `w` is true, increment `x` and toggle `w`.
    - If `z` is false, increment `y` and toggle `z`.
  - **Relevant Variables**: `x`, `y`, `w`, `z`.

#### b. Discussion of the Loop Invariant:
- The loop invariant must ensure that `x` and `y` remain equal throughout the execution of the loop and maintain bounds on `w` and `z`.

#### c. Establishment:
- Initially, from the pre-condition, `x == 0` and `y == 0`. This satisfies the invariant `x == y` before the loop starts.

#### d. Preservation:
- During each iteration:
  - If `w` is true, `x` is incremented and `w` toggled. If `z` is false, `y` is incremented and `z` toggled.
  - Both `x` and `y` are incremented under their respective conditions, ensuring `x == y` is preserved.

#### e. Termination Analysis of the Loop:
- The loop can terminate in any state since `unknown()` is used. However, regardless of the state, `x == y` holds.

#### f. Correctness of the Post-condition:
- The post-condition `x == y` is guaranteed by the invariant which holds when the loop exits.

#### g. Implication of the Pre-condition:
- The pre-condition `(y == 0) * (x == 0) * (z == 0) * (w == 1)` directly establishes the invariant `x == y` before the loop begins.

### C Loop Program with Filled Invariants

```c
int unknown();

void foo() {
  int w = 1;
  int z = 0;
  int x = 0;
  int y = 0;

  /* >>> LOOP INVARIANT TO FILL <<< 
  >>> PRECONDITION OF THE LOOP : (y == 0) * (x == 0) * (z == 0) * (w == 1) <<< */
  
  /*@
    loop invariant x == y;
    loop invariant 0 <= w <= 1;
    loop invariant 0 <= z <= 1;
  */
  while(unknown()) {
    if(w) {
      x++;
      w = !w;
    }
    if(!z) {
      y++; 
      z = !z;
    }
  }

  /*@ assert x == y; */
}
```

This annotated program uses loop invariants to ensure that `x` equals `y` throughout the loop, and the values of `w` and `z` are bounded as required. The invariants are sufficient to show that the post-condition holds upon termination.

int unknown();

void foo() {
  int w = 1;
  int z = 0;
  int x = 0;
  int y = 0;

  /* >>> LOOP INVARIANT TO FILL <<< 
  >>> PRECONDITION OF THE LOOP : (y == 0) * (x == 0) * (z == 0) * (w == 1) <<< */
  
  /*@
    loop invariant x == y;
    loop invariant 0 <= w <= 1;
    loop invariant 0 <= z <= 1;
  */
  while(unknown()) {
    if(w) {
      x++;
      w = !w;
    }
    if(!z) {
      y++; 
      z = !z;
    }
  }

  /*@ assert x == y; */
}


int unknown();

void foo() {
  int w = 1;
  int z = 0;
  int x = 0;
  int y = 0;

  /* >>> LOOP INVARIANT TO FILL <<< 
  >>> PRECONDITION OF THE LOOP : (y == 0) * (x == 0) * (z == 0) * (w == 1) <<< */
  
  /*@
    loop invariant x == y;
    loop invariant 0 <= w <= 1;
    loop invariant 0 <= z <= 1;
  */
  while(unknown()) {
    if(w) {
      x++;
      w = !w;
    }
    if(!z) {
      y++; 
      z = !z;
    }
  }

  /*@ assert x == y; */
}

syntax Correct
Validate:
[False, True, True]

Goal Preservation of Invariant (file output/010.c, line 14)
Error found in file: output/010.c at line: 14
Error line content: loop invariant x == y;

Verify:
[True]


int unknown();

void foo() {
  int w = 1;
  int z = 0;
  int x = 0;
  int y = 0;

  /* >>> LOOP INVARIANT TO FILL <<< 
  >>> PRECONDITION OF THE LOOP : (y == 0) * (x == 0) * (z == 0) * (w == 1) <<< */
  
  /*@
    loop invariant x == y [INVARIANT FAILED] ;
    loop invariant 0 <= w <= 1;
    loop invariant 0 <= z <= 1;
  */
  while(unknown()) {
    if(w) {
      x++;
      w = !w;
    }
    if(!z) {
      y++; 
      z = !z;
    }
  }

  /*@ assert x == y; */
}

## Error Analysis:

### Preservation of Invariant:

#### Violated Formula:
The formula that is violated is `(x == y) ==> (x' == y')`. The invariant `x == y` is not preserved through all iterations of the loop. Specifically, the operations inside the loop can change `x` and `y` independently, causing the equality to be temporarily violated.

#### Why it is Incorrect:
The invariant `x == y` is too strict because, during each iteration, either `x` or `y` can be incremented independently, depending on the values of `w` and `z`. This means the equality might not hold within the loop body, especially since the two variables are incremented in separate conditional branches.

#### How to Modify it:
We need to weaken the invariant to allow for the increments to occur independently but in a way that the postcondition `x == y` can still be proven. A suitable modification would be to use a range constraint instead. We can use `x <= y + 1` and `y <= x + 1` to account for the possibility of one being incremented while the other is not.

#### Rationale Behind the Modification:
The new constraints `x <= y + 1` and `y <= x + 1` accommodate the fact that `x` and `y` can be off by at most one during any iteration. This allows Frama-C to verify that the invariant holds at the beginning and end of every iteration, as well as when the loop terminates, ensuring that the postcondition `x == y` is satisfied.

## Fixed C Code:

```c
int unknown();

void foo() {
  int w = 1;
  int z = 0;
  int x = 0;
  int y = 0;

  /* >>> LOOP INVARIANT TO FILL <<< 
  >>> PRECONDITION OF THE LOOP : (y == 0) * (x == 0) * (z == 0) * (w == 1) <<< */
  
  /*@
    loop invariant x <= y + 1;
    loop invariant y <= x + 1;
    loop invariant 0 <= w <= 1;
    loop invariant 0 <= z <= 1;
  */
  while(unknown()) {
    if(w) {
      x++;
      w = !w;
    }
    if(!z) {
      y++; 
      z = !z;
    }
  }

  /*@ assert x == y; */
}
```
after weaken

int unknown();

void foo() {
  int w = 1;
  int z = 0;
  int x = 0;
  int y = 0;

  /* >>> LOOP INVARIANT TO FILL <<< 
  >>> PRECONDITION OF THE LOOP : (y == 0) * (x == 0) * (z == 0) * (w == 1) <<< */
  
  /*@
    loop invariant x <= y + 1;
    loop invariant y <= x + 1;
    loop invariant 0 <= w <= 1;
    loop invariant 0 <= z <= 1;
  */
  while(unknown()) {
    if(w) {
      x++;
      w = !w;
    }
    if(!z) {
      y++; 
      z = !z;
    }
  }

  /*@ assert x == y; */
}

syntax Correct
Validate:
[False, False, True, True]

Goal Preservation of Invariant (file output/010.c, line 14)
Error found in file: output/010.c at line: 14
Error line content: loop invariant x <= y + 1;

Goal Preservation of Invariant (file output/010.c, line 15)
Error found in file: output/010.c at line: 15
Error line content: loop invariant y <= x + 1;

Verify:
[False]

Goal Assertion (file output/010.c, line 30)
Error found in file: output/010.c at line: 30
Error line content: /*@ assert x == y; */


int unknown();

void foo() {
  int w = 1;
  int z = 0;
  int x = 0;
  int y = 0;

  /* >>> LOOP INVARIANT TO FILL <<< 
  >>> PRECONDITION OF THE LOOP : (y == 0) * (x == 0) * (z == 0) * (w == 1) <<< */
  
  /*@
    loop invariant x <= y + 1 [INVARIANT FAILED] ;
    loop invariant y <= x + 1 [INVARIANT FAILED] ;
    loop invariant 0 <= w <= 1;
    loop invariant 0 <= z <= 1;
  */
  while(unknown()) {
    if(w) {
      x++;
      w = !w;
    }
    if(!z) {
      y++; 
      z = !z;
    }
  }

  /*@ assert x == y; */
}

### Error Analysis:

#### a. Goal Establishment of Invariant

- **Formula it violates**: `(precond ==> Inv(var))`
- **Why it is incorrect**: The precondition `(y == 0) * (x == 0) * (z == 0) * (w == 1)` does not imply the invariants `x <= y + 1` and `y <= x + 1`, because initially both `x` and `y` are `0`, making these inequalities trivially true but not useful for proving the postcondition.
- **How to modify it**: We need to establish an invariant that reflects the operations within the loop and can lead to the postcondition. The invariant should capture the relationship between `x` and `y` accurately based on the loop operations.
- **Rationale behind the regeneration**: Since both `x` and `y` are incremented by 1 in their respective conditions, the invariant should capture the fact that they are always equal after each loop iteration.

#### b. Goal Preservation of Invariant

- **Formula it violates**: `(Inv(var) ==> Inv(var'))`
- **Why it is incorrect**: The invariants `x <= y + 1` and `y <= x + 1` do not accurately reflect the operations in the loop, as each iteration potentially changes the values of `x` and `y` in a way that maintains their equality.
- **How to modify it**: The invariant should reflect that `x` and `y` remain equal after each iteration, regardless of the loop condition.
- **Rationale behind the regeneration**: By ensuring `x == y` throughout the loop, we can preserve the invariant correctly as both `x` and `y` are incremented under their respective conditions.

#### c. Goal Assertion of Invariant

- **Formula it violates**: `(Inv(var) && !loopcond ==> postcond)`
- **Why the loop invariant can't verify postcondition**: The failed invariants `x <= y + 1` and `y <= x + 1` do not lead to `x == y` after the loop.
- **How to modify the loop invariant**: Regenerate the invariant as `x == y` to ensure the postcondition `x == y` is satisfied after the loop terminates.
- **Rationale behind the modification**: With `x == y` as the invariant, the loop's operations can be shown to preserve this relationship, leading directly to the postcondition upon loop termination.

### Fixed C Code:

```c
int unknown();

void foo() {
  int w = 1;
  int z = 0;
  int x = 0;
  int y = 0;

  /* >>> LOOP INVARIANT TO FILL <<< 
  >>> PRECONDITION OF THE LOOP : (y == 0) * (x == 0) * (z == 0) * (w == 1) <<< */
  
  /*@
    loop invariant x == y;
    loop invariant 0 <= w <= 1;
    loop invariant 0 <= z <= 1;
  */
  while(unknown()) {
    if(w) {
      x++;
      w = !w;
    }
    if(!z) {
      y++; 
      z = !z;
    }
  }

  /*@ assert x == y; */
}
```

after regen

int unknown();

void foo() {
  int w = 1;
  int z = 0;
  int x = 0;
  int y = 0;

  /* >>> LOOP INVARIANT TO FILL <<< 
  >>> PRECONDITION OF THE LOOP : (y == 0) * (x == 0) * (z == 0) * (w == 1) <<< */
  
  /*@
    loop invariant x == y;
    loop invariant 0 <= w <= 1;
    loop invariant 0 <= z <= 1;
  */
  while(unknown()) {
    if(w) {
      x++;
      w = !w;
    }
    if(!z) {
      y++; 
      z = !z;
    }
  }

  /*@ assert x == y; */
}

syntax Correct
Validate:
[False, True, True]

Goal Preservation of Invariant (file output/010.c, line 14)
Error found in file: output/010.c at line: 14
Error line content: loop invariant x == y;

Verify:
[True]


int unknown();

void foo() {
  int w = 1;
  int z = 0;
  int x = 0;
  int y = 0;

  /* >>> LOOP INVARIANT TO FILL <<< 
  >>> PRECONDITION OF THE LOOP : (y == 0) * (x == 0) * (z == 0) * (w == 1) <<< */
  
  /*@
    loop invariant x == y [INVARIANT FAILED] ;
    loop invariant 0 <= w <= 1;
    loop invariant 0 <= z <= 1;
  */
  while(unknown()) {
    if(w) {
      x++;
      w = !w;
    }
    if(!z) {
      y++; 
      z = !z;
    }
  }

  /*@ assert x == y; */
}

### Error Analysis

**b. Goal Preservation of Invariant Violated:**

- **Formula it violates:** (Inv(var) ==> Inv(var'))
- **Why it is incorrect:** The invariant `x == y` is not preserved during each iteration because both `x` and `y` are incremented independently based on different conditions, namely `w` and `z`. Therefore, `x` and `y` are not guaranteed to be equal at every iteration.
- **How to modify it:** Weaken the invariant to reflect the relationship between `x` and `y` in terms of their possible difference based on the execution paths.
- **Rationale behind the modification:** Since `x` and `y` can increment independently, a range constraint such as `x <= y + 1` and `y <= x + 1` captures the possible difference between them, allowing for the verification of the postcondition `x == y` when the loop terminates.

### Fixed C Code

```c
int unknown();

void foo() {
  int w = 1;
  int z = 0;
  int x = 0;
  int y = 0;

  /* >>> LOOP INVARIANT TO FILL <<< 
  >>> PRECONDITION OF THE LOOP : (y == 0) * (x == 0) * (z == 0) * (w == 1) <<< */
  
  /*@
    loop invariant x <= y + 1;
    loop invariant y <= x + 1;
    loop invariant 0 <= w <= 1;
    loop invariant 0 <= z <= 1;
  */
  while(unknown()) {
    if(w) {
      x++;
      w = !w;
    }
    if(!z) {
      y++; 
      z = !z;
    }
  }

  /*@ assert x == y; */
}
```
after weaken

int unknown();

void foo() {
  int w = 1;
  int z = 0;
  int x = 0;
  int y = 0;

  /* >>> LOOP INVARIANT TO FILL <<< 
  >>> PRECONDITION OF THE LOOP : (y == 0) * (x == 0) * (z == 0) * (w == 1) <<< */
  
  /*@
    loop invariant x <= y + 1;
    loop invariant y <= x + 1;
    loop invariant 0 <= w <= 1;
    loop invariant 0 <= z <= 1;
  */
  while(unknown()) {
    if(w) {
      x++;
      w = !w;
    }
    if(!z) {
      y++; 
      z = !z;
    }
  }

  /*@ assert x == y; */
}

syntax Correct
Validate:
[False, False, True, True]

Goal Preservation of Invariant (file output/010.c, line 14)
Error found in file: output/010.c at line: 14
Error line content: loop invariant x <= y + 1;

Goal Preservation of Invariant (file output/010.c, line 15)
Error found in file: output/010.c at line: 15
Error line content: loop invariant y <= x + 1;

Verify:
[False]

Goal Assertion (file output/010.c, line 30)
Error found in file: output/010.c at line: 30
Error line content: /*@ assert x == y; */

after hudini

int unknown();

void foo() {
  int w = 1;
  int z = 0;
  int x = 0;
  int y = 0;

  /* >>> LOOP INVARIANT TO FILL <<< 
  >>> PRECONDITION OF THE LOOP : (y == 0) * (x == 0) * (z == 0) * (w == 1) <<< */
  
  /*@
    loop invariant 0 <= w <= 1;
    loop invariant 0 <= z <= 1;
  */
  while(unknown()) {
    if(w) {
      x++;
      w = !w;
    }
    if(!z) {
      y++; 
      z = !z;
    }
  }

  /*@ assert x == y; */
}

syntax Correct
Validate:
[True, True]

Verify:
[False]

Goal Assertion (file output/010.c, line 28)
Error found in file: output/010.c at line: 28
Error line content: /*@ assert x == y; */

after hudini

int unknown();

void foo() {
  int w = 1;
  int z = 0;
  int x = 0;
  int y = 0;

  /* >>> LOOP INVARIANT TO FILL <<< 
  >>> PRECONDITION OF THE LOOP : (y == 0) * (x == 0) * (z == 0) * (w == 1) <<< */
  
  /*@
    loop invariant 0 <= w <= 1;
    loop invariant 0 <= z <= 1;
  */
  while(unknown()) {
    if(w) {
      x++;
      w = !w;
    }
    if(!z) {
      y++; 
      z = !z;
    }
  }

  /*@ assert x == y; */
}

syntax Correct
Validate:
[True, True]

Verify:
[False]

Goal Assertion (file output/010.c, line 28)
Error found in file: output/010.c at line: 28
Error line content: /*@ assert x == y; */

/*@
    loop invariant 0 <= w <= 1;
    loop invariant 0 <= z <= 1;
  */
  while(unknown()) {
    if(w) {
      x++;
      w = !w;
    }
    if(!z) {
      y++; 
      z = !z;
    }
  }
PARTIAL CORRECT INVARIANT
继续符号执行
/*@ Inv
    (0 <= w && w <= 1) &&
(0 <= z && z <= 1)
    */
    
  while(unknown()) {
    if(w) {
      x++;
      w = !w;
    }
    if(!z) {
      y++; 
      z = !z;
    }
  }
File found: ../sac_c_parser/test/../ip_postcond/goal/010_goal.v. Deleting the file.
File found: ../sac_c_parser/test/../ip_postcond/goal/010_proof_auto.v. Deleting the file.
File found: ../sac_c_parser/test/../ip_postcond/goal/010_proof_manual.v. Deleting the file.
LoopEntry_0:
(y == 0) * (x == 0) * (z == 0) * (w == 1)

Successfully generated loop/010.json
syntax Correct
Validate:
[True, True]

Verify:
[False]

Goal Assertion (file output/010.c, line 28)
Error found in file: output/010.c at line: 28
Error line content: /*@ assert x == y; */

syntax Correct
Validate:
[True, True]

Verify:
[False]

Goal Assertion (file output/010.c, line 28)
Error found in file: output/010.c at line: 28
Error line content: /*@ assert x == y; */

[(203, 308, 0)]
[(203, 308, 0)]
[(203, 308, 0)]
[(203, 308, 0)]
Loop 0 : Outer
Sorted indices: [0]
File found: ../sac_c_parser/test/../ip_postcond/goal/010_goal.v. Deleting the file.
File found: ../sac_c_parser/test/../ip_postcond/goal/010_proof_auto.v. Deleting the file.
File found: ../sac_c_parser/test/../ip_postcond/goal/010_proof_manual.v. Deleting the file.
LoopEntry_0:
(y == 0) * (x == 0) * (z == 0) * (w == 1)

Successfully generated loop/010.json
INNER_FLAG: False
Variable Maps: [{'y': '0', 'x': '0', 'z': '0', 'w': '1'}]
Path conditions: [None]
Pre condition: (y == 0) * (x == 0) * (z == 0) * (w == 1)
Loop Condition: unknown()
Updated Loop Conditions: ['unknown()']
Global Unchanged Variables []
Non Inductive Variables []
[{'y': '0', 'x': '0', 'z': '0', 'w': '1'}]
[None]

int unknown();


void foo() {


  int w = 1;
  int z = 0;
  int x = 0;
  int y = 0;


  
                
        /* >>> LOOP INVARIANT TO FILL <<< 
        >>> PRECONDITION OF THE LOOP : (y == 0) * (x == 0) * (z == 0) * (w == 1) <<< */
        
                /*@
                */
                while(unknown()){
  	if(w) {
  	  x++;
  	  w = !w;
	  }
	
    if(!z) {
      y++; 
      z=!z;
    }
  }
                

  /*@ assert x == y; */
  
}

Let's analyze the given C loop and generate the necessary loop invariants.

### Analysis:

#### a. Purpose and Structure of the Loop:

**Purpose:**  
The loop aims to increment the variables `x` and `y` based on the state of `w` and `z`. The post-condition asserts that `x` must equal `y` after the loop terminates.

**Structure:**  
- **Loop Condition:** `unknown()`, which can iterate any non-negative number of times.
- **Body Operations:**
  - If `w` is true, `x` is incremented and `w` is toggled.
  - If `z` is false, `y` is incremented and `z` is toggled.
- **Relevant Variables:** `x`, `y`, `w`, `z`.

#### b. Discussion of the Loop Invariant:

The loop invariant needs to maintain a relationship between `x` and `y` and ensure that the toggling mechanism of `w` and `z` is respected during each iteration.

#### c. Establishment:

The invariant is initially true due to the pre-condition: `(y == 0) * (x == 0) * (z == 0) * (w == 1)`.

#### d. Preservation:

During each iteration, if `w` is true, `x` increments and `w` toggles; if `z` is false, `y` increments and `z` toggles. The invariant should capture the toggling mechanism and the relationship between `x` and `y`.

#### e. Termination Analysis of the Loop:

When the loop terminates, the number of iterations will have caused `x` and `y` to become equal due to the toggling mechanism of `w` and `z`, ensuring that the invariant holds.

#### f. Correctness of the Post-condition:

The invariant ensures that `x` and `y` are equal upon loop termination, directly satisfying the post-condition `x == y`.

#### g. Implication of the Pre-condition:

The pre-condition directly establishes the initial values of `x`, `y`, `z`, and `w`, which are necessary for the invariant to hold from the start.

### Final C Loop Program with Filled Invariants:

```c
int unknown();

void foo() {

  int w = 1;
  int z = 0;
  int x = 0;
  int y = 0;

  /* >>> LOOP INVARIANT TO FILL <<< 
  >>> PRECONDITION OF THE LOOP : (y == 0) * (x == 0) * (z == 0) * (w == 1) <<< */
  
  /*@
    loop invariant x == y;
    loop invariant w == (x % 2 == 0);
    loop invariant z == (y % 2 == 1);
  */
  while(unknown()){
    if(w) {
      x++;
      w = !w;
    }
    if(!z) {
      y++; 
      z = !z;
    }
  }

  /*@ assert x == y; */

}
```

Here, the loop invariants ensure that `x` and `y` remain equal throughout the execution of the loop, and the toggling mechanism of `w` and `z` is captured by expressing them in terms of the parity of `x` and `y`.

int unknown();

void foo() {

  int w = 1;
  int z = 0;
  int x = 0;
  int y = 0;

  /* >>> LOOP INVARIANT TO FILL <<< 
  >>> PRECONDITION OF THE LOOP : (y == 0) * (x == 0) * (z == 0) * (w == 1) <<< */
  
  /*@
    loop invariant x == y;
    loop invariant w == (x % 2 == 0);
    loop invariant z == (y % 2 == 1);
  */
  while(unknown()){
    if(w) {
      x++;
      w = !w;
    }
    if(!z) {
      y++; 
      z = !z;
    }
  }

  /*@ assert x == y; */

}


int unknown();

void foo() {

  int w = 1;
  int z = 0;
  int x = 0;
  int y = 0;

  /* >>> LOOP INVARIANT TO FILL <<< 
  >>> PRECONDITION OF THE LOOP : (y == 0) * (x == 0) * (z == 0) * (w == 1) <<< */
  
  /*@
    loop invariant x == y;
    loop invariant w == (x % 2 == 0);
    loop invariant z == (y % 2 == 1);
  */
  while(unknown()){
    if(w) {
      x++;
      w = !w;
    }
    if(!z) {
      y++; 
      z = !z;
    }
  }

  /*@ assert x == y; */

}

syntax Correct
Validate:
[False, True, False]

Goal Preservation of Invariant (file output/010.c, line 15)
Error found in file: output/010.c at line: 15
Error line content: loop invariant x == y;

Goal Preservation of Invariant (file output/010.c, line 17)
Error found in file: output/010.c at line: 17
Error line content: loop invariant z == (y % 2 == 1);

Verify:
[True]


int unknown();

void foo() {

  int w = 1;
  int z = 0;
  int x = 0;
  int y = 0;

  /* >>> LOOP INVARIANT TO FILL <<< 
  >>> PRECONDITION OF THE LOOP : (y == 0) * (x == 0) * (z == 0) * (w == 1) <<< */
  
  /*@
    loop invariant x == y [INVARIANT FAILED] ;
    loop invariant w == (x % 2 == 0);
    loop invariant z == (y % 2 == 1) [INVARIANT FAILED] ;
  */
  while(unknown()){
    if(w) {
      x++;
      w = !w;
    }
    if(!z) {
      y++; 
      z = !z;
    }
  }

  /*@ assert x == y; */

}

### Error Analysis:

#### Error 1: Goal Preservation of Invariant

- **Violated Formula:** `(Inv(var) ==> Inv(var'))` for the invariant `loop invariant x == y;`
  
- **Why it is Incorrect:** 
  - The invariant `x == y` is not preserved across iterations. Within the loop, `x` and `y` are incremented under different conditions, so they may not remain equal.

- **How to Modify It:** 
  - Replace the equality constraint with a range constraint since the values of `x` and `y` are incremented independently. 

- **Rationale Behind the Modification:**
  - Since `x` and `y` are incremented in separate branches, they can differ by at most 1 after any iteration. Thus, a suitable invariant is `x == y || x == y + 1`.

#### Error 2: Goal Preservation of Invariant

- **Violated Formula:** `(Inv(var) ==> Inv(var'))` for the invariant `loop invariant z == (y % 2 == 1);`
  
- **Why it is Incorrect:** 
  - The invariant `z == (y % 2 == 1)` is not preserved across iterations. The value of `z` is toggled every time `y` is incremented, which does not necessarily align with whether `y` is odd or even.

- **How to Modify It:**
  - Replace the equality constraint with a modulo constraint that reflects the toggling behavior of `z` relative to `y`.

- **Rationale Behind the Modification:**
  - Since `z` toggles whenever `y` is incremented, the correct relationship is `z == (y % 2)`. This keeps track of whether `y` is odd or even based on `z`.

### Fixed C Code:

```c
int unknown();

void foo() {

  int w = 1;
  int z = 0;
  int x = 0;
  int y = 0;

  /* >>> LOOP INVARIANT TO FILL <<< 
  >>> PRECONDITION OF THE LOOP : (y == 0) * (x == 0) * (z == 0) * (w == 1) <<< */
  
  /*@
    loop invariant x == y || x == y + 1;
    loop invariant w == (x % 2 == 0);
    loop invariant z == (y % 2);
  */
  while(unknown()){
    if(w) {
      x++;
      w = !w;
    }
    if(!z) {
      y++; 
      z = !z;
    }
  }

  /*@ assert x == y; */

}
```
after weaken

int unknown();

void foo() {

  int w = 1;
  int z = 0;
  int x = 0;
  int y = 0;

  /* >>> LOOP INVARIANT TO FILL <<< 
  >>> PRECONDITION OF THE LOOP : (y == 0) * (x == 0) * (z == 0) * (w == 1) <<< */
  
  /*@
    loop invariant x == y || x == y + 1;
    loop invariant w == (x % 2 == 0);
    loop invariant z == (y % 2);
  */
  while(unknown()){
    if(w) {
      x++;
      w = !w;
    }
    if(!z) {
      y++; 
      z = !z;
    }
  }

  /*@ assert x == y; */

}

syntax Correct
Validate:
[False, True, False]

Goal Preservation of Invariant (file output/010.c, line 15)
Error found in file: output/010.c at line: 15
Error line content: loop invariant x == y || x == y + 1;

Goal Preservation of Invariant (file output/010.c, line 17)
Error found in file: output/010.c at line: 17
Error line content: loop invariant z == (y % 2);

Verify:
[False]

Goal Assertion (file output/010.c, line 30)
Error found in file: output/010.c at line: 30
Error line content: /*@ assert x == y; */


int unknown();

void foo() {

  int w = 1;
  int z = 0;
  int x = 0;
  int y = 0;

  /* >>> LOOP INVARIANT TO FILL <<< 
  >>> PRECONDITION OF THE LOOP : (y == 0) * (x == 0) * (z == 0) * (w == 1) <<< */
  
  /*@
    loop invariant x == y || x == y + 1 [INVARIANT FAILED] ;
    loop invariant w == (x % 2 == 0);
    loop invariant z == (y % 2) [INVARIANT FAILED] ;
  */
  while(unknown()){
    if(w) {
      x++;
      w = !w;
    }
    if(!z) {
      y++; 
      z = !z;
    }
  }

  /*@ assert x == y; */

}

### Error Analysis

a. **Goal Establishment of Invariant**

- **Formula it violates**: `(precond ==> Inv(var))`
  
- **Why it is incorrect**: The current invariant `x == y || x == y + 1` does not hold initially because, based on the precondition `(y == 0) * (x == 0)`, the invariant `x == y` holds but `x == y + 1` does not. Similarly, for `z == (y % 2)`, initially `(z == 0)` and `(y % 2 == 0)`, the invariant holds, but the existing logic structure was incorrect.

- **How to modify it**: 
  - For `x` and `y`, start with establishing that `x == y` initially as both are zero according to the precondition.
  - For `z` and `y`, establish that `z == 0`, as both `z` and `y` start at zero.

- **Rationale behind the regeneration**: By clearly stating initial conditions with equality, the invariant will be established correctly.

b. **Goal Preservation of Invariant**

- **Formula it violates**: `(Inv(var) ==> Inv(var'))`
  
- **Why it is incorrect**: The invariant `x == y || x == y + 1` is not preserved through the loop iterations due to the toggling structure with `w`. Similarly, `z == (y % 2)` does not hold consistently with toggling `z`.

- **How to modify it**: 
  - Use `x == y` as the invariant because, with each increment of `x` and `y`, they remain equal by the toggling mechanism.
  - Use `z == 0` or `z == 1` directly since `z` toggles between these values.

- **Rationale behind the regeneration**: Ensure that the invariant captures the relationship maintained by the loop.

c. **Goal Assertion**

- **Formula it violates**: `(Inv(var) && !loopcond ==> postcond)`
  
- **Why the loop invariant can't verify postcondition**: The assertion `x == y` is not guaranteed by the previous invariant since it allowed for `x == y + 1`.

- **How to modify the loop invariant**: Ensure the invariant is `x == y` within the loop.

- **Rationale behind the modification**: Maintain the equality throughout the loop execution for the postcondition to hold.

### Fixed C Code with ACSL Annotations

```c
int unknown();

void foo() {

  int w = 1;
  int z = 0;
  int x = 0;
  int y = 0;

  /* >>> LOOP INVARIANT TO FILL <<< 
  >>> PRECONDITION OF THE LOOP : (y == 0) * (x == 0) * (z == 0) * (w == 1) <<< */
  
  /*@
    loop invariant x == y;
    loop invariant w == (x % 2 == 0);
    loop invariant z == 0 || z == 1;
  */
  while(unknown()){
    if(w) {
      x++;
      w = !w;
    }
    if(!z) {
      y++; 
      z = !z;
    }
  }

  /*@ assert x == y; */

}
```

The above modifications ensure that the loop invariant is established, preserved, and correctly ensures the postcondition.
after regen

int unknown();

void foo() {

  int w = 1;
  int z = 0;
  int x = 0;
  int y = 0;

  /* >>> LOOP INVARIANT TO FILL <<< 
  >>> PRECONDITION OF THE LOOP : (y == 0) * (x == 0) * (z == 0) * (w == 1) <<< */
  
  /*@
    loop invariant x == y;
    loop invariant w == (x % 2 == 0);
    loop invariant z == 0 || z == 1;
  */
  while(unknown()){
    if(w) {
      x++;
      w = !w;
    }
    if(!z) {
      y++; 
      z = !z;
    }
  }

  /*@ assert x == y; */

}

syntax Correct
Validate:
[False, True, True]

Goal Preservation of Invariant (file output/010.c, line 15)
Error found in file: output/010.c at line: 15
Error line content: loop invariant x == y;

Verify:
[True]


int unknown();

void foo() {

  int w = 1;
  int z = 0;
  int x = 0;
  int y = 0;

  /* >>> LOOP INVARIANT TO FILL <<< 
  >>> PRECONDITION OF THE LOOP : (y == 0) * (x == 0) * (z == 0) * (w == 1) <<< */
  
  /*@
    loop invariant x == y [INVARIANT FAILED] ;
    loop invariant w == (x % 2 == 0);
    loop invariant z == 0 || z == 1;
  */
  while(unknown()){
    if(w) {
      x++;
      w = !w;
    }
    if(!z) {
      y++; 
      z = !z;
    }
  }

  /*@ assert x == y; */

}

### Error Analysis:

b. Goal Preservation of Invariant:

   - **Formula it violates**: `Inv(x == y) ==> Inv(x' == y')`
   - **Why it is incorrect**: The invariant `x == y` fails to be preserved because the operations within the loop can increment `x` and `y` independently, potentially causing `x` and `y` to differ.
   - **How to modify it**: Replace the equality constraint with a range constraint that allows `x` and `y` to differ by at most 1.
   - **Rationale behind the modification**: The operations within the loop can increment either `x` or `y` depending on the branch executed, so the invariant should reflect the possible difference between `x` and `y`, allowing them to be equal or differ by 1.

### Fixed C Code:

```c
int unknown();

void foo() {

  int w = 1;
  int z = 0;
  int x = 0;
  int y = 0;

  /* >>> LOOP INVARIANT TO FILL <<< 
  >>> PRECONDITION OF THE LOOP : (y == 0) * (x == 0) * (z == 0) * (w == 1) <<< */
  
  /*@
    loop invariant x == y || x == y + 1;
    loop invariant w == (x % 2 == 0);
    loop invariant z == 0 || z == 1;
  */
  while(unknown()){
    if(w) {
      x++;
      w = !w;
    }
    if(!z) {
      y++; 
      z = !z;
    }
  }

  /*@ assert x == y; */

}
```
after weaken

int unknown();

void foo() {

  int w = 1;
  int z = 0;
  int x = 0;
  int y = 0;

  /* >>> LOOP INVARIANT TO FILL <<< 
  >>> PRECONDITION OF THE LOOP : (y == 0) * (x == 0) * (z == 0) * (w == 1) <<< */
  
  /*@
    loop invariant x == y || x == y + 1;
    loop invariant w == (x % 2 == 0);
    loop invariant z == 0 || z == 1;
  */
  while(unknown()){
    if(w) {
      x++;
      w = !w;
    }
    if(!z) {
      y++; 
      z = !z;
    }
  }

  /*@ assert x == y; */

}

syntax Correct
Validate:
[False, True, True]

Goal Preservation of Invariant (file output/010.c, line 15)
Error found in file: output/010.c at line: 15
Error line content: loop invariant x == y || x == y + 1;

Verify:
[False]

Goal Assertion (file output/010.c, line 30)
Error found in file: output/010.c at line: 30
Error line content: /*@ assert x == y; */

after hudini

int unknown();

void foo() {

  int w = 1;
  int z = 0;
  int x = 0;
  int y = 0;

  /* >>> LOOP INVARIANT TO FILL <<< 
  >>> PRECONDITION OF THE LOOP : (y == 0) * (x == 0) * (z == 0) * (w == 1) <<< */
  
  /*@
    loop invariant w == (x % 2 == 0);
    loop invariant z == 0 || z == 1;
  */
  while(unknown()){
    if(w) {
      x++;
      w = !w;
    }
    if(!z) {
      y++; 
      z = !z;
    }
  }

  /*@ assert x == y; */

}

syntax Correct
Validate:
[True, True]

Verify:
[False]

Goal Assertion (file output/010.c, line 29)
Error found in file: output/010.c at line: 29
Error line content: /*@ assert x == y; */

after hudini

int unknown();

void foo() {

  int w = 1;
  int z = 0;
  int x = 0;
  int y = 0;

  /* >>> LOOP INVARIANT TO FILL <<< 
  >>> PRECONDITION OF THE LOOP : (y == 0) * (x == 0) * (z == 0) * (w == 1) <<< */
  
  /*@
    loop invariant w == (x % 2 == 0);
    loop invariant z == 0 || z == 1;
  */
  while(unknown()){
    if(w) {
      x++;
      w = !w;
    }
    if(!z) {
      y++; 
      z = !z;
    }
  }

  /*@ assert x == y; */

}

syntax Correct
Validate:
[True, True]

Verify:
[False]

Goal Assertion (file output/010.c, line 29)
Error found in file: output/010.c at line: 29
Error line content: /*@ assert x == y; */

/*@
    loop invariant w == (x % 2 == 0);
    loop invariant z == 0 || z == 1;
  */
  while(unknown()){
    if(w) {
      x++;
      w = !w;
    }
    if(!z) {
      y++; 
      z = !z;
    }
  }
PARTIAL CORRECT INVARIANT
继续符号执行
/*@ Inv
    (w == (x % 2 == 0)) &&
(z == 0 || z == 1)
    */
    
  while(unknown()){
    if(w) {
      x++;
      w = !w;
    }
    if(!z) {
      y++; 
      z = !z;
    }
  }
File found: ../sac_c_parser/test/../ip_postcond/goal/010_goal.v. Deleting the file.
File found: ../sac_c_parser/test/../ip_postcond/goal/010_proof_auto.v. Deleting the file.
File found: ../sac_c_parser/test/../ip_postcond/goal/010_proof_manual.v. Deleting the file.
LoopEntry_0:
(y == 0) * (x == 0) * (z == 0) * (w == 1)

Successfully generated loop/010.json
syntax Correct
Validate:
[True, True]

Verify:
[False]

Goal Assertion (file output/010.c, line 29)
Error found in file: output/010.c at line: 29
Error line content: /*@ assert x == y; */

syntax Correct
Validate:
[True, True]

Verify:
[False]

Goal Assertion (file output/010.c, line 29)
Error found in file: output/010.c at line: 29
Error line content: /*@ assert x == y; */

[(203, 308, 0)]
[(203, 308, 0)]
[(203, 308, 0)]
[(203, 308, 0)]
Loop 0 : Outer
Sorted indices: [0]
File found: ../sac_c_parser/test/../ip_postcond/goal/010_goal.v. Deleting the file.
File found: ../sac_c_parser/test/../ip_postcond/goal/010_proof_auto.v. Deleting the file.
File found: ../sac_c_parser/test/../ip_postcond/goal/010_proof_manual.v. Deleting the file.
LoopEntry_0:
(y == 0) * (x == 0) * (z == 0) * (w == 1)

Successfully generated loop/010.json
INNER_FLAG: False
Variable Maps: [{'y': '0', 'x': '0', 'z': '0', 'w': '1'}]
Path conditions: [None]
Pre condition: (y == 0) * (x == 0) * (z == 0) * (w == 1)
Loop Condition: unknown()
Updated Loop Conditions: ['unknown()']
Global Unchanged Variables []
Non Inductive Variables []
[{'y': '0', 'x': '0', 'z': '0', 'w': '1'}]
[None]

int unknown();


void foo() {


  int w = 1;
  int z = 0;
  int x = 0;
  int y = 0;


  
                
        /* >>> LOOP INVARIANT TO FILL <<< 
        >>> PRECONDITION OF THE LOOP : (y == 0) * (x == 0) * (z == 0) * (w == 1) <<< */
        
                /*@
                */
                while(unknown()){
  	if(w) {
  	  x++;
  	  w = !w;
	  }
	
    if(!z) {
      y++; 
      z=!z;
    }
  }
                

  /*@ assert x == y; */
  
}

To analyze the loop and generate the necessary loop invariants in ACSL, we start by understanding the loop's purpose and structure, discussing the proposed loop invariant, establishing its validity, ensuring its preservation, and analyzing its termination and post-condition correctness.

### Analysis

#### a. Purpose and Structure of the Loop
- **Objective:** The loop's objective is to increment variables `x` and `y` under specific conditions based on the values of `w` and `z`. The goal is for `x` and `y` to become equal by the end of the loop.
- **Structure:**
  - **Loop Condition:** The loop continues running as long as `unknown()` returns true.
  - **Operations:** 
    - If `w` is true, `x` is incremented, and `w` is toggled (set to false).
    - If `z` is false, `y` is incremented, and `z` is toggled (set to true).
  - **Relevant Variables:** `x`, `y`, `z`, and `w`.

#### b. Discussion of the Loop Invariant
The proposed loop invariant must ensure that `x` and `y` remain equal or the conditions for their equality are preserved throughout the loop iterations. Additionally, the invariant must capture the relationship between `w` and `z` concerning their toggling behavior.

#### c. Establishment
Initially, from the pre-condition `(y == 0) * (x == 0) * (z == 0) * (w == 1)`, the invariant can be established because both `x` and `y` start from 0, and the toggling states of `w` and `z` are well-defined.

#### d. Preservation
During each iteration, the invariant must ensure that any changes in `x` and `y` maintain their equality or establish conditions for future equality. The toggling of `w` and `z` ensures controlled increments.

#### e. Termination Analysis of the Loop
When the loop terminates, the invariant must hold, ensuring `x` and `y` are equal. The toggling mechanism should maintain the invariant conditions when `unknown()` becomes false.

#### f. Correctness of the Post-condition
The post-condition `x == y` is correct once the loop has finished executing because the invariant ensures this condition holds throughout and at termination.

#### g. Implication of the Pre-condition
The pre-condition `(y == 0) * (x == 0) * (z == 0) * (w == 1)` ensures the invariant is established before the loop begins execution because it sets a controlled starting state for `x`, `y`, `z`, and `w`.

### Loop Invariant

Given the analysis, the loop invariant can be filled in:

```c
int unknown();

void foo() {
  int w = 1;
  int z = 0;
  int x = 0;
  int y = 0;

  /* >>> LOOP INVARIANT TO FILL <<< 
  >>> PRECONDITION OF THE LOOP : (y == 0) * (x == 0) * (z == 0) * (w == 1) <<< */

  /*@
    loop invariant x == y;
    loop invariant (z == 0 && w == 1) || (z == 1 && w == 0);
  */
  while(unknown()){
    if(w) {
      x++;
      w = !w;
    }
    if(!z) {
      y++; 
      z=!z;
    }
  }

  /*@ assert x == y; */
}
```

In this invariant, `x == y` ensures both variables are equal throughout the loop execution, and `(z == 0 && w == 1) || (z == 1 && w == 0)` captures the toggling behavior of `w` and `z`, ensuring their controlled alternation between iterations.

int unknown();

void foo() {
  int w = 1;
  int z = 0;
  int x = 0;
  int y = 0;

  /* >>> LOOP INVARIANT TO FILL <<< 
  >>> PRECONDITION OF THE LOOP : (y == 0) * (x == 0) * (z == 0) * (w == 1) <<< */

  /*@
    loop invariant x == y;
    loop invariant (z == 0 && w == 1) || (z == 1 && w == 0);
  */
  while(unknown()){
    if(w) {
      x++;
      w = !w;
    }
    if(!z) {
      y++; 
      z=!z;
    }
  }

  /*@ assert x == y; */
}


int unknown();

void foo() {
  int w = 1;
  int z = 0;
  int x = 0;
  int y = 0;

  /* >>> LOOP INVARIANT TO FILL <<< 
  >>> PRECONDITION OF THE LOOP : (y == 0) * (x == 0) * (z == 0) * (w == 1) <<< */

  /*@
    loop invariant x == y;
    loop invariant (z == 0 && w == 1) || (z == 1 && w == 0);
  */
  while(unknown()){
    if(w) {
      x++;
      w = !w;
    }
    if(!z) {
      y++; 
      z=!z;
    }
  }

  /*@ assert x == y; */
}

syntax Correct
Validate:
[True, True]

Verify:
[True]

syntax Correct
Validate:
[True, True]

Verify:
[True]

/*@
    loop invariant x == y;
    loop invariant (z == 0 && w == 1) || (z == 1 && w == 0);
  */
  while(unknown()){
    if(w) {
      x++;
      w = !w;
    }
    if(!z) {
      y++; 
      z=!z;
    }
  }
PARTIAL CORRECT INVARIANT
继续符号执行
/*@ Inv
    (x == y) &&
((z == 0 && w == 1) || (z == 1 && w == 0))
    */
    
  while(unknown()){
    if(w) {
      x++;
      w = !w;
    }
    if(!z) {
      y++; 
      z=!z;
    }
  }
File found: ../sac_c_parser/test/../ip_postcond/goal/010_goal.v. Deleting the file.
File found: ../sac_c_parser/test/../ip_postcond/goal/010_proof_auto.v. Deleting the file.
File found: ../sac_c_parser/test/../ip_postcond/goal/010_proof_manual.v. Deleting the file.
LoopEntry_0:
(y == 0) * (x == 0) * (z == 0) * (w == 1)

Successfully generated loop/010.json
syntax Correct
Validate:
[True, True]

Verify:
[True]

CORRECT INVARIANT
syntax Correct
Validate:
[True, True]

Verify:
[True]

已移动文件: 010.c -> finish1
-----------------------------------------

文件 010.c 处理完成. 总耗时: 378.8226623535156
-----------------------------------------
finshed_files:['033.c', '010.c']
