file:018.c
Successfully generated loop/018.json
INNER_FLAG: False
Variable Maps: [{'j': '0', 'b': '0', 'a': 'a@pre', 'flag': 'flag@pre'}]
Path conditions: ['flag@pre > 0']
Pre condition: flag@pre > 0 && (j == 0) * (b == 0) * (a == a@pre) * (flag == flag@pre)
Loop Condition: b < 100
Updated Loop Conditions: ['0 < 100']
Global Unchanged Variables ['a', 'flag']
Non Inductive Variables []
[{'j': '0', 'b': '0', 'a': 'a@pre', 'flag': 'flag@pre'}]
['flag@pre > 0']

            
    /* >>> LOOP INVARIANT TO FILL <<< 
       >>> PRECONDITION OF THE LOOP : \at(flag, Pre) > 0 && (j == 0) * (b == 0) * (a == \at(a, Pre)) * (flag == \at(flag, Pre)) <<< */
    
            /*@
          loop invariant (\at(flag, Pre) > 0) ==> (a == \at(a, Pre));
          loop invariant (\at(flag, Pre) > 0) ==> (flag == \at(flag, Pre));
            */
            for (b = 0; b < 100 ; ++b){
      if (flag)
         j = j + 1;
   }
            

            
    /* >>> LOOP INVARIANT TO FILL <<< 
       >>> PRECONDITION OF THE LOOP : \at(flag, Pre) > 0 && (j == 0) * (b == 0) * (a == \at(a, Pre)) * (flag == \at(flag, Pre)) <<< */
    
            /*@
          loop invariant  (\at(flag, Pre) > 0) ==> (((j == 0)&&(b == 0)&&(a == \at(a, Pre))&&(flag == \at(flag, Pre))) || (PLACE_HOLDER_b)) ;
          loop invariant  (\at(flag, Pre) > 0) ==> (((j == 0)&&(b == 0)&&(a == \at(a, Pre))&&(flag == \at(flag, Pre))) || (PLACE_HOLDER_j)) ;
          loop invariant (\at(flag, Pre) > 0) ==> (a == \at(a, Pre));
          loop invariant (\at(flag, Pre) > 0) ==> (flag == \at(flag, Pre));
            */
            for (b = 0; b < 100 ; ++b){
      if (flag)
         j = j + 1;
   }
            

/*@
requires flag > 0;
*/
void foo(int flag, int a) {
   int b = 0;
   int j = 0;
 
   
            
    /* >>> LOOP INVARIANT TO FILL <<< 
       >>> PRECONDITION OF THE LOOP : \at(flag, Pre) > 0 && (j == 0) * (b == 0) * (a == \at(a, Pre)) * (flag == \at(flag, Pre)) <<< */
    
            /*@
          loop invariant  (\at(flag, Pre) > 0) ==> (((j == 0)&&(b == 0)&&(a == \at(a, Pre))&&(flag == \at(flag, Pre))) || (PLACE_HOLDER_b)) ;
          loop invariant  (\at(flag, Pre) > 0) ==> (((j == 0)&&(b == 0)&&(a == \at(a, Pre))&&(flag == \at(flag, Pre))) || (PLACE_HOLDER_j)) ;
          loop invariant (\at(flag, Pre) > 0) ==> (a == \at(a, Pre));
          loop invariant (\at(flag, Pre) > 0) ==> (flag == \at(flag, Pre));
            */
            for (b = 0; b < 100 ; ++b){
      if (flag)
         j = j + 1;
   }
            

   /*@ assert falg ==> (j == 100); */
}
Let's analyze the given C program and fill in the loop invariants.

### 1. Purpose and Structure of the Loop:
- **Objective**: The loop iterates from `b = 0` to `b < 100`, incrementing `b` at each iteration. If `flag` is true, it increments `j` by 1. The goal is to make `j` equal to 100 by the end of the loop if `flag` is true.
- **Structure**: The loop uses a `for` loop with initialization `b = 0`, condition `b < 100`, and increment `++b`. Inside the loop, if `flag` is true, `j` is incremented by 1.
- **Relevant Variables**: `b`, `j`, `flag`, `a`.

### 2. Discussion of the Loop Invariant:
- **Proposed Loop Invariant**: The invariants need to ensure that `j` correctly counts up to 100 if `flag` is true, while `flag` and `a` remain constant.

### 3. Establishment:
- **Initial Values**: At the start of the loop, `b = 0`, `j = 0`, `a` is unchanged from its pre-condition value, and `flag` remains as per the pre-condition.

### 4. Preservation:
- **Invariant Preservation**: In each iteration, if `flag` is true, `j` is incremented, and `b` is incremented. The invariants ensure `j` increments according to `b` when `flag` is true.

### 5. Termination Analysis of the Loop:
- **Termination**: When `b >= 100`, the loop ends. If `flag` is true, `j` should be 100 because the loop would have iterated 100 times, incrementing `j` each time.

### 6. Correctness of the Post-condition:
- **Post-condition**: The post-condition `falg ==> (j == 100)` is satisfied if `flag` is true, because `j` is incremented 100 times, resulting in `j = 100`.

### 7. Implication of the Pre-condition:
- **Pre-condition Implication**: The pre-condition implies that `flag` is positive, `j` starts at 0, and `b` starts at 0. It ensures that the loop invariants are established correctly before the loop begins.

Here is the C loop program with the placeholders filled in:

```c
/*@
requires flag > 0;
*/
void foo(int flag, int a) {
   int b = 0;
   int j = 0;
 
   
            
    /* >>> LOOP INVARIANT TO FILL <<< 
       >>> PRECONDITION OF THE LOOP : \at(flag, Pre) > 0 && (j == 0) * (b == 0) * (a == \at(a, Pre)) * (flag == \at(flag, Pre)) <<< */
    
            /*@
          loop invariant  (\at(flag, Pre) > 0) ==> (((j == 0)&&(b == 0)&&(a == \at(a, Pre))&&(flag == \at(flag, Pre))) || (b <= 100 && (flag ==> j == b))) ;
          loop invariant  (\at(flag, Pre) > 0) ==> (((j == 0)&&(b == 0)&&(a == \at(a, Pre))&&(flag == \at(flag, Pre))) || (b <= 100 && (flag ==> j == b))) ;
          loop invariant (\at(flag, Pre) > 0) ==> (a == \at(a, Pre));
          loop invariant (\at(flag, Pre) > 0) ==> (flag == \at(flag, Pre));
            */
            for (b = 0; b < 100 ; ++b){
      if (flag)
         j = j + 1;
   }
            

   /*@ assert falg ==> (j == 100); */
}
```

/*@
requires flag > 0;
*/
void foo(int flag, int a) {
   int b = 0;
   int j = 0;
 
   
            
            /*@
          loop invariant  (\at(flag, Pre) > 0) ==> (((j == 0)&&(b == 0)&&(a == \at(a, Pre))&&(flag == \at(flag, Pre))) || (b <= 100 && (flag ==> j == b))) ;
          loop invariant  (\at(flag, Pre) > 0) ==> (((j == 0)&&(b == 0)&&(a == \at(a, Pre))&&(flag == \at(flag, Pre))) || (b <= 100 && (flag ==> j == b))) ;
          loop invariant (\at(flag, Pre) > 0) ==> (a == \at(a, Pre));
          loop invariant (\at(flag, Pre) > 0) ==> (flag == \at(flag, Pre));
            */
            for (b = 0; b < 100 ; ++b){
      if (flag)
         j = j + 1;
   }
            

   /*@ assert falg ==> (j == 100); */
}


/*@
requires flag > 0;
*/
void foo(int flag, int a) {
   int b = 0;
   int j = 0;
 
   
            
            /*@
          loop invariant  (\at(flag, Pre) > 0) ==> (((j == 0)&&(b == 0)&&(a == \at(a, Pre))&&(flag == \at(flag, Pre))) || (b <= 100 && (flag ==> j == b))) ;
          loop invariant  (\at(flag, Pre) > 0) ==> (((j == 0)&&(b == 0)&&(a == \at(a, Pre))&&(flag == \at(flag, Pre))) || (b <= 100 && (flag ==> j == b))) ;
          loop invariant (\at(flag, Pre) > 0) ==> (a == \at(a, Pre));
          loop invariant (\at(flag, Pre) > 0) ==> (flag == \at(flag, Pre));
            */
            for (b = 0; b < 100 ; ++b){
      if (flag)
         j = j + 1;
   }
            

   /*@ assert falg ==> (j == 100); */
}

syntax Error
[kernel] Parsing output/018.c (with preprocessing)
[kernel:annot-error] output/018.c:23: Warning: 
  unbound logic variable falg. Ignoring code annotation
[kernel] User Error: warning annot-error treated as fatal error.
[kernel] Frama-C aborted: invalid user input.

after repair

/*@
requires flag > 0;
*/
void foo(int flag, int a) {
   int b = 0;
   int j = 0;
 
   
            
            /*@
          loop invariant  (\at(flag, Pre) > 0) ==> (((j == 0)&&(b == 0)&&(a == \at(a, Pre))&&(flag == \at(flag, Pre))) || (b <= 100 && (flag ==> j == b))) ;
          loop invariant  (\at(flag, Pre) > 0) ==> (((j == 0)&&(b == 0)&&(a == \at(a, Pre))&&(flag == \at(flag, Pre))) || (b <= 100 && (flag ==> j == b))) ;
          loop invariant (\at(flag, Pre) > 0) ==> (a == \at(a, Pre));
          loop invariant (\at(flag, Pre) > 0) ==> (flag == \at(flag, Pre));
            */
            for (b = 0; b < 100 ; ++b){
      if (flag)
         j = j + 1;
   }
            

   /*@ assert flag ==> (j == 100); */
}

syntax Correct
Validate:
[True, True, True, True]

Verify:
[True]

CORRECT INVARIANT
syntax Correct
Validate:
[True, True, True, True]

Verify:
[True]

syntax Correct
Validate:
[True, True, True, True]

Verify:
[True]

已移动文件: 018.c -> finish1
-----------------------------------------

文件 018.c 处理完成. 总耗时: 61.036107301712036
-----------------------------------------
finshed_files:['030.c', '028.c', '02.c', '035.c', '026.c', '021.c', '03.c', '024.c', '011.c', '016.c', '04.c', '09.c', '015.c', '032.c', '025.c', '01.c', '018.c']
