file:025.c
Successfully generated loop/025.json
INNER_FLAG: True
Variable Maps: [{'j': '0', 'i': '0', 'y': '0', 'x': '0'}]
Path conditions: [None]
Pre condition: exists retval_40, retval_40 != 0 && retval_40 <= INT_MAX && retval_40 > INT_MIN && (j == 0) * (i == 0) * (y == 0) * (x == 0)
Loop Condition: unknown2()
Updated Loop Conditions: ['unknown2()']
Global Unchanged Variables ['y', 'x']
Non Inductive Variables []
[{'j': '0', 'i': '0', 'y': '0', 'x': '0'}]
[None]

int unknown1();
int unknown2();


void foo()
{
  int x = 0;
  int y = 0;
  int i = 0;
  int j = 0;

 
  while(unknown1())
  {
    
    
            
    /* >>> LOOP INVARIANT TO FILL <<< 
       >>> PRECONDITION OF THE LOOP : exists retval_40, retval_40 != 0 && retval_40 <= INT_MAX && retval_40 > INT_MIN && (j == 0) * (i == 0) * (y == 0) * (x == 0) <<< */
    
            /*@
          loop invariant PLACE_HOLDER_x ;
          loop invariant PLACE_HOLDER_y ;
          loop invariant PLACE_HOLDER_i ;
          loop invariant PLACE_HOLDER_j ;
            */
            while(unknown2())
    {
       if(x == y){
          i++;
       }else{
          j++;
       }
    }
            

    if(i >= j)
    {
       x++;
       y++;
    }
    else{
       y++;
    }
  }

  /*@ assert i >= j; */
}

To generate ACSL loop invariants for the given C program, we need to analyze the loop's behavior and establish invariants that are true throughout the loop's execution and help verify the post-condition.

Let's go through the analysis:

### 1. Purpose and Structure of the Loop

**Objective**: The loop's intended outcome is to increment the variables `x`, `y`, `i`, and `j` based on certain conditions, ultimately ensuring that `i >= j` when the loop finishes execution. The program contains nested loops, with the inner loop adjusting `i` and `j` based on a condition, and the outer loop adjusting `x` and `y`.

**Structure**:
- **Outer Loop Condition**: `while(unknown1())` implies that the number of iterations is unknown and can vary.
- **Inner Loop Condition**: `while(unknown2())` further complicates the analysis as it may iterate multiple times.
- **Operations**: 
  - Inner loop: increments `i` if `x == y`, otherwise increments `j`.
  - Outer loop: increments `x` and `y` if `i >= j`, otherwise increments `y`.

**Relevant Variables**: `x`, `y`, `i`, `j`.

### 2. Discussion of the Loop Invariant

**Proposed Invariants**: 
- `PLACE_HOLDER_x`: `x == y`
- `PLACE_HOLDER_y`: `y >= 0`
- `PLACE_HOLDER_i`: `i >= 0`
- `PLACE_HOLDER_j`: `j >= 0`

**Validity**: These invariants are valid because:
- `x == y` maintains the condition that changes in `x` and `y` are synchronized.
- `y >= 0`, `i >= 0`, `j >= 0` ensure non-negative values which are consistent with the operations performed in the loops.

### 3. Establishment

Before the loop starts, the pre-condition `(j == 0) * (i == 0) * (y == 0) * (x == 0)` implies that all variables are initially zero, satisfying all the proposed invariants.

### 4. Preservation

During each iteration, if the invariants hold and the loop condition is true, the operations inside the loops preserve these invariants:
- `x == y` remains true because `x` and `y` are incremented equally when `i >= j`.
- `y >= 0`, `i >= 0`, `j >= 0` are preserved since all increments are by positive values.

### 5. Termination Analysis of the Loop

Upon termination, when the loop condition becomes false:
- The invariants still hold.
- The post-condition `i >= j` is consistent with the logic that increments `i` more often than `j` when `x == y`.

### 6. Correctness of the Post-condition

The post-condition `assert i >= j;` is met because the loop invariant and the structure of the loop ensure that when the loop exits, `i` has been incremented at least as many times as `j`.

### 7. Implication of the Pre-condition

The pre-condition guarantees that the invariants are established because all variables start at zero, aligning perfectly with the initial state required for the invariants.

### Final C Loop Program with Filled Invariants

```c
int unknown1();
int unknown2();

void foo()
{
  int x = 0;
  int y = 0;
  int i = 0;
  int j = 0;

  while(unknown1())
  {
    /* >>> LOOP INVARIANT TO FILL <<< 
       >>> PRECONDITION OF THE LOOP : exists retval_40, retval_40 != 0 && retval_40 <= INT_MAX && retval_40 > INT_MIN && (j == 0) * (i == 0) * (y == 0) * (x == 0) <<< */
    
    /*@
      loop invariant x == y ;
      loop invariant y >= 0 ;
      loop invariant i >= 0 ;
      loop invariant j >= 0 ;
    */
    while(unknown2())
    {
       if(x == y){
          i++;
       }else{
          j++;
       }
    }
            

    if(i >= j)
    {
       x++;
       y++;
    }
    else{
       y++;
    }
  }

  /*@ assert i >= j; */
}
```

These invariants are designed to ensure that Frama-C can verify the post-condition effectively.

int unknown1();
int unknown2();

void foo()
{
  int x = 0;
  int y = 0;
  int i = 0;
  int j = 0;

  while(unknown1())
  {
    /*@
      loop invariant x == y ;
      loop invariant y >= 0 ;
      loop invariant i >= 0 ;
      loop invariant j >= 0 ;
    */
    while(unknown2())
    {
       if(x == y){
          i++;
       }else{
          j++;
       }
    }
            

    if(i >= j)
    {
       x++;
       y++;
    }
    else{
       y++;
    }
  }

  /*@ assert i >= j; */
}


int unknown1();
int unknown2();

void foo()
{
  int x = 0;
  int y = 0;
  int i = 0;
  int j = 0;

  while(unknown1())
  {
    /*@
      loop invariant x == y ;
      loop invariant y >= 0 ;
      loop invariant i >= 0 ;
      loop invariant j >= 0 ;
    */
    while(unknown2())
    {
       if(x == y){
          i++;
       }else{
          j++;
       }
    }
            

    if(i >= j)
    {
       x++;
       y++;
    }
    else{
       y++;
    }
  }

  /*@ assert i >= j; */
}

INNER_FLAG: False
Variable Maps: [{'j': '0', 'i': '0', 'y': '0', 'x': '0'}]
Path conditions: [None]
Pre condition: (j == 0) * (i == 0) * (y == 0) * (x == 0)
Loop Condition: unknown1()
Updated Loop Conditions: ['unknown1()']
Global Unchanged Variables []
Non Inductive Variables []
[{'j': '0', 'i': '0', 'y': '0', 'x': '0'}]
[None]

            
    /* >>> LOOP INVARIANT TO FILL <<< 
       >>> PRECONDITION OF THE LOOP : (j == 0) * (i == 0) * (y == 0) * (x == 0) <<< */
    
            /*@
            */
            while(unknown1())
  {
    /*@
      loop invariant x == y ;
      loop invariant y >= 0 ;
      loop invariant i >= 0 ;
      loop invariant j >= 0 ;
    */
    while(unknown2())
    {
       if(x == y){
          i++;
       }else{
          j++;
       }
    }
            

    if(i >= j)
    {
       x++;
       y++;
    }
    else{
       y++;
    }
  }
            

            
    /* >>> LOOP INVARIANT TO FILL <<< 
       >>> PRECONDITION OF THE LOOP : (j == 0) * (i == 0) * (y == 0) * (x == 0) <<< */
    
            /*@
          loop invariant  ((j == 0)&&(i == 0)&&(y == 0)&&(x == 0)) || (PLACE_HOLDER_x) ;
          loop invariant  ((j == 0)&&(i == 0)&&(y == 0)&&(x == 0)) || (PLACE_HOLDER_y) ;
          loop invariant  ((j == 0)&&(i == 0)&&(y == 0)&&(x == 0)) || (PLACE_HOLDER_i) ;
          loop invariant  ((j == 0)&&(i == 0)&&(y == 0)&&(x == 0)) || (PLACE_HOLDER_j) ;
            */
            while(unknown1())
  {
    /*@
      loop invariant x == y ;
      loop invariant y >= 0 ;
      loop invariant i >= 0 ;
      loop invariant j >= 0 ;
    */
    while(unknown2())
    {
       if(x == y){
          i++;
       }else{
          j++;
       }
    }
            

    if(i >= j)
    {
       x++;
       y++;
    }
    else{
       y++;
    }
  }
            

int unknown1();
int unknown2();

void foo()
{
  int x = 0;
  int y = 0;
  int i = 0;
  int j = 0;

  
            
    /* >>> LOOP INVARIANT TO FILL <<< 
       >>> PRECONDITION OF THE LOOP : (j == 0) * (i == 0) * (y == 0) * (x == 0) <<< */
    
            /*@
          loop invariant  ((j == 0)&&(i == 0)&&(y == 0)&&(x == 0)) || (PLACE_HOLDER_x) ;
          loop invariant  ((j == 0)&&(i == 0)&&(y == 0)&&(x == 0)) || (PLACE_HOLDER_y) ;
          loop invariant  ((j == 0)&&(i == 0)&&(y == 0)&&(x == 0)) || (PLACE_HOLDER_i) ;
          loop invariant  ((j == 0)&&(i == 0)&&(y == 0)&&(x == 0)) || (PLACE_HOLDER_j) ;
            */
            while(unknown1())
  {
    /*@
      loop invariant x == y ;
      loop invariant y >= 0 ;
      loop invariant i >= 0 ;
      loop invariant j >= 0 ;
    */
    while(unknown2())
    {
       if(x == y){
          i++;
       }else{
          j++;
       }
    }
            

    if(i >= j)
    {
       x++;
       y++;
    }
    else{
       y++;
    }
  }
            

  /*@ assert i >= j; */
}

To provide the necessary loop invariants that will help Frama-C verify the post-condition, we will analyze the structure, purpose, and behavior of the loop and derive valid invariants.

### Analysis

a. **Purpose and Structure of the Loop:**

- **Objective:** The outer loop executes as long as `unknown1()` returns true. Within this loop, the code ensures that `i` remains greater than or equal to `j` by adjusting the values of `x`, `y`, `i`, and `j`.
- **Structure:** 
  - The outer loop is controlled by the condition `unknown1()`.
  - Inside the outer loop, there is an inner loop governed by `unknown2()`.
  - The inner loop increments `i` if `x == y` and increments `j` otherwise.
  - After the inner loop, if `i >= j`, both `x` and `y` are incremented; otherwise, only `y` is incremented.
- **Variables:** The relevant variables are `x`, `y`, `i`, and `j`.

b. **Discussion of the Loop Invariant:**

- **Proposed Invariants:** The invariants are derived to ensure that the relationship between `x`, `y`, `i`, and `j` is maintained throughout the execution of the loops. They capture the essential properties that need to hold for the program logic to ensure `i >= j` at the end.
  
c. **Establishment:**

- The invariants are established at the start because initially, `x`, `y`, `i`, and `j` are all zero, satisfying the base condition of the invariants.

d. **Preservation:**

- During each iteration of the inner loop, the increments of `i` and `j` are governed by the condition `x == y`, which maintains the invariant relationships.
- After the inner loop, the increments to `x` and `y` preserve the invariant because they are conditioned on `i >= j`.

e. **Termination Analysis of the Loop:**

- Upon termination of the outer loop, `unknown1()` becomes false. At this point, the invariant ensures that the relationship `x == y`, `y >= 0`, `i >= 0`, and `j >= 0` persists.

f. **Correctness of the Post-condition:**

- The post-condition `i >= j` is satisfied because, at the end of each outer loop iteration, the condition `i >= j` is checked, and the values are adjusted accordingly.

g. **Implication of the Pre-condition:**

- The pre-condition `(j == 0) * (i == 0) * (y == 0) * (x == 0)` directly implies the initial state of the loop invariants, establishing them before the loop starts.

Below is the C code with the loop invariants filled in:

```c
int unknown1();
int unknown2();

void foo()
{
  int x = 0;
  int y = 0;
  int i = 0;
  int j = 0;

  
            
    /* >>> LOOP INVARIANT TO FILL <<< 
       >>> PRECONDITION OF THE LOOP : (j == 0) * (i == 0) * (y == 0) * (x == 0) <<< */
    
            /*@
          loop invariant  ((j == 0)&&(i == 0)&&(y == 0)&&(x == 0)) || (x == y) ;
          loop invariant  ((j == 0)&&(i == 0)&&(y == 0)&&(x == 0)) || (y >= 0) ;
          loop invariant  ((j == 0)&&(i == 0)&&(y == 0)&&(x == 0)) || (i >= 0) ;
          loop invariant  ((j == 0)&&(i == 0)&&(y == 0)&&(x == 0)) || (j >= 0) ;
            */
            while(unknown1())
  {
    /*@
      loop invariant x == y ;
      loop invariant y >= 0 ;
      loop invariant i >= 0 ;
      loop invariant j >= 0 ;
    */
    while(unknown2())
    {
       if(x == y){
          i++;
       }else{
          j++;
       }
    }
            

    if(i >= j)
    {
       x++;
       y++;
    }
    else{
       y++;
    }
  }
            

  /*@ assert i >= j; */
}
```

int unknown1();
int unknown2();

void foo()
{
  int x = 0;
  int y = 0;
  int i = 0;
  int j = 0;

  
            
            /*@
          loop invariant  ((j == 0)&&(i == 0)&&(y == 0)&&(x == 0)) || (x == y) ;
          loop invariant  ((j == 0)&&(i == 0)&&(y == 0)&&(x == 0)) || (y >= 0) ;
          loop invariant  ((j == 0)&&(i == 0)&&(y == 0)&&(x == 0)) || (i >= 0) ;
          loop invariant  ((j == 0)&&(i == 0)&&(y == 0)&&(x == 0)) || (j >= 0) ;
            */
            while(unknown1())
  {
    /*@
      loop invariant x == y ;
      loop invariant y >= 0 ;
      loop invariant i >= 0 ;
      loop invariant j >= 0 ;
    */
    while(unknown2())
    {
       if(x == y){
          i++;
       }else{
          j++;
       }
    }
            

    if(i >= j)
    {
       x++;
       y++;
    }
    else{
       y++;
    }
  }
            

  /*@ assert i >= j; */
}


int unknown1();
int unknown2();

void foo()
{
  int x = 0;
  int y = 0;
  int i = 0;
  int j = 0;

  
            
            /*@
          loop invariant  ((j == 0)&&(i == 0)&&(y == 0)&&(x == 0)) || (x == y) ;
          loop invariant  ((j == 0)&&(i == 0)&&(y == 0)&&(x == 0)) || (y >= 0) ;
          loop invariant  ((j == 0)&&(i == 0)&&(y == 0)&&(x == 0)) || (i >= 0) ;
          loop invariant  ((j == 0)&&(i == 0)&&(y == 0)&&(x == 0)) || (j >= 0) ;
            */
            while(unknown1())
  {
    /*@
      loop invariant x == y ;
      loop invariant y >= 0 ;
      loop invariant i >= 0 ;
      loop invariant j >= 0 ;
    */
    while(unknown2())
    {
       if(x == y){
          i++;
       }else{
          j++;
       }
    }
            

    if(i >= j)
    {
       x++;
       y++;
    }
    else{
       y++;
    }
  }
            

  /*@ assert i >= j; */
}

syntax Correct
Validate:
[False, True, True, True, True, True, True, True]

Goal Preservation of Invariant (file output/025.c, line 15):
Assume {
  Type: is_sint32(i) /\ is_sint32(i_1) /\ is_sint32(j) /\ is_sint32(j_1) /\
      is_sint32(tmp_0_0) /\ is_sint32(x) /\ is_sint32(y) /\ is_sint32(y - 1).
  (* Residual *)
  When: i < j.
  (* Then *)
  Have: tmp_0_0 != 0.
  (* Invariant *)
  Have: 0 <= x.
  (* Invariant *)
  Have: 0 <= i_1.
  (* Invariant *)
  Have: 0 <= j_1.
  (* Invariant *)
  Have: 0 < y.
  (* Invariant *)
  Have: 0 <= i.
  (* Invariant *)
  Have: 0 <= j.
}
Prove: false.
Prover Z3 4.8.12 returns Timeout (Qed:62ms) (3s)
Error found in file: output/025.c at line: 15
Error line content: loop invariant  ((j == 0)&&(i == 0)&&(y == 0)&&(x == 0)) || (x == y) ;

Verify:
[False]

Goal Assertion (file output/025.c, line 49):
Assume {
  Type: is_sint32(i) /\ is_sint32(j) /\ is_sint32(x) /\ is_sint32(y).
  (* Invariant *)
  Have: (y = x) \/ ((i = 0) /\ (j = 0) /\ (x = 0) /\ (y = 0)).
  (* Invariant *)
  Have: (0 <= y) \/ ((i = 0) /\ (j = 0) /\ (x = 0) /\ (y = 0)).
  (* Invariant *)
  Have: (0 <= i) \/ ((i = 0) /\ (j = 0) /\ (x = 0) /\ (y = 0)).
  (* Invariant *)
  Have: (0 <= j) \/ ((i = 0) /\ (j = 0) /\ (x = 0) /\ (y = 0)).
}
Prove: j <= i.
Prover Z3 4.8.12 returns Timeout (Qed:5ms) (3s)
Error found in file: output/025.c at line: 49
Error line content: /*@ assert i >= j; */


int unknown1();
int unknown2();

void foo()
{
  int x = 0;
  int y = 0;
  int i = 0;
  int j = 0;

  
            
            /*@
          loop invariant  ((j == 0)&&(i == 0)&&(y == 0)&&(x == 0)) || (x == y)  [INVARIANT FAILED] ;
          loop invariant  ((j == 0)&&(i == 0)&&(y == 0)&&(x == 0)) || (y >= 0) ;
          loop invariant  ((j == 0)&&(i == 0)&&(y == 0)&&(x == 0)) || (i >= 0) ;
          loop invariant  ((j == 0)&&(i == 0)&&(y == 0)&&(x == 0)) || (j >= 0) ;
            */
            while(unknown1())
  {
    /*@
      loop invariant x == y ;
      loop invariant y >= 0 ;
      loop invariant i >= 0 ;
      loop invariant j >= 0 ;
    */
    while(unknown2())
    {
       if(x == y){
          i++;
       }else{
          j++;
       }
    }
            

    if(i >= j)
    {
       x++;
       y++;
    }
    else{
       y++;
    }
  }
            

  /*@ assert i >= j; */
}

### Error Analysis:

1. **Goal Preservation of Invariant**:
   This error indicates that the current loop invariant `(x == y)` is not preserved correctly through the iterations of the loop. Specifically, when `i < j` is true, the invariant fails because the assumption involves a residual condition that cannot be proven. The invariant needs to account for changes in `x` and `y` correctly when the body of the loop executes.

2. **Goal Assertion**:
   The assertion `/*@ assert i >= j; */` cannot be verified based on the provided invariants. This indicates that the loop invariant does not sufficiently guarantee the postcondition `i >= j`. The invariants need to ensure that `i` is incremented appropriately relative to `j` through the iterations of the loop.

### Fixed C Code:

```c
int unknown1();
int unknown2();

void foo()
{
  int x = 0;
  int y = 0;
  int i = 0;
  int j = 0;

  /*@
    loop invariant x >= y ;
    loop invariant x >= 0 ;
    loop invariant y >= 0 ;
    loop invariant i >= 0 ;
    loop invariant j >= 0 ;
  */
  while(unknown1())
  {
    /*@
      loop invariant x >= y ;
      loop invariant x >= 0 ;
      loop invariant y >= 0 ;
      loop invariant i >= 0 ;
      loop invariant j >= 0 ;
    */
    while(unknown2())
    {
       if(x == y){
          i++;
       }else{
          j++;
       }
    }

    if(i >= j)
    {
       x++;
       y++;
    }
    else{
       y++;
    }
  }

  /*@ assert i >= j; */
}
```

### Explanation:

1. **Regenerated Loop Invariants**:
   - **Invariant** `x >= y`: This ensures that `x` is always greater than or equal to `y` during the iterations of the outer loop, which helps to maintain the relationship between `x` and `y` when they are incremented.
   - **Invariant** `x >= 0`: This ensures that `x` is non-negative, aligning with the initial conditions and preserving through the iterations.
   - **Invariant** `y >= 0`: This ensures that `y` is non-negative, aligning with the initial conditions and preserving through the iterations.
   - **Invariant** `i >= 0`: This ensures that `i` is non-negative, aligning with the initial conditions and preserving through the iterations.
   - **Invariant** `j >= 0`: This ensures that `j` is non-negative, aligning with the initial conditions and preserving through the iterations.

2. **Establishment**:
   The precondition `(j == 0) && (i == 0) && (y == 0) && (x == 0)` ensures that all variables are initially zero. The regenerated invariants are established correctly because they hold true for the initial state where all variables are zero.

3. **Preservation**:
   The invariants are preserved through the iterations of the loop because the operations inside the loop maintain the non-negativity of `x`, `y`, `i`, and `j`, and the relationship `x >= y` is maintained through the increments of `x` and `y`.

4. **Termination**:
   When the loop terminates, the invariants combined with the negation of the loop condition ensure that the postcondition `i >= j` can be verified. Since `x` and `y` are incremented appropriately based on the conditions in the loop, `i` will always be incremented when `x == y`, and `j` will be incremented otherwise, ensuring `i >= j` when the loop terminates.

5. **Correctness of the Post-condition**:
   The postcondition `/*@ assert i >= j; */` is verified because the invariants ensure that `i` is incremented appropriately relative to `j` through the iterations of the loop, satisfying `i >= j` when the loop terminates.
after regen

int unknown1();
int unknown2();

void foo()
{
  int x = 0;
  int y = 0;
  int i = 0;
  int j = 0;

  /*@
    loop invariant x >= y ;
    loop invariant x >= 0 ;
    loop invariant y >= 0 ;
    loop invariant i >= 0 ;
    loop invariant j >= 0 ;
  */
  while(unknown1())
  {
    /*@
      loop invariant x >= y ;
      loop invariant x >= 0 ;
      loop invariant y >= 0 ;
      loop invariant i >= 0 ;
      loop invariant j >= 0 ;
    */
    while(unknown2())
    {
       if(x == y){
          i++;
       }else{
          j++;
       }
    }

    if(i >= j)
    {
       x++;
       y++;
    }
    else{
       y++;
    }
  }

  /*@ assert i >= j; */
}

syntax Correct
Validate:
[False, True, True, True, True, True, True, True, True, True]

Goal Preservation of Invariant (file output/025.c, line 13):
Assume {
  Type: is_sint32(i) /\ is_sint32(i_1) /\ is_sint32(j) /\ is_sint32(j_1) /\
      is_sint32(tmp_0_0) /\ is_sint32(x) /\ is_sint32(x_1) /\ is_sint32(y) /\
      is_sint32(y_1) /\ is_sint32(1 + y).
  (* Residual *)
  When: i < j.
  (* Invariant *)
  Have: y_1 <= x_1.
  (* Invariant *)
  Have: 0 <= x_1.
  (* Invariant *)
  Have: 0 <= y_1.
  (* Invariant *)
  Have: 0 <= i_1.
  (* Invariant *)
  Have: 0 <= j_1.
  (* Then *)
  Have: tmp_0_0 != 0.
  (* Invariant *)
  Have: y <= x.
  (* Invariant *)
  Have: 0 <= x.
  (* Invariant *)
  Have: 0 <= y.
  (* Invariant *)
  Have: 0 <= i.
  (* Invariant *)
  Have: 0 <= j.
}
Prove: y < x.
Prover Z3 4.8.12 returns Timeout (Qed:31ms) (3s)
Error found in file: output/025.c at line: 13
Error line content: loop invariant x >= y ;

Verify:
[False]

Goal Assertion (file output/025.c, line 47):
Assume {
  Type: is_sint32(i) /\ is_sint32(j) /\ is_sint32(x) /\ is_sint32(y).
  (* Invariant *)
  Have: y <= x.
  (* Invariant *)
  Have: 0 <= x.
  (* Invariant *)
  Have: 0 <= y.
  (* Invariant *)
  Have: 0 <= i.
  (* Invariant *)
  Have: 0 <= j.
}
Prove: j <= i.
Prover Z3 4.8.12 returns Timeout (Qed:5ms) (3s)
Error found in file: output/025.c at line: 47
Error line content: /*@ assert i >= j; */


int unknown1();
int unknown2();

void foo()
{
  int x = 0;
  int y = 0;
  int i = 0;
  int j = 0;

  /*@
    loop invariant x >= y  [INVARIANT FAILED] ;
    loop invariant x >= 0 ;
    loop invariant y >= 0 ;
    loop invariant i >= 0 ;
    loop invariant j >= 0 ;
  */
  while(unknown1())
  {
    /*@
      loop invariant x >= y ;
      loop invariant x >= 0 ;
      loop invariant y >= 0 ;
      loop invariant i >= 0 ;
      loop invariant j >= 0 ;
    */
    while(unknown2())
    {
       if(x == y){
          i++;
       }else{
          j++;
       }
    }

    if(i >= j)
    {
       x++;
       y++;
    }
    else{
       y++;
    }
  }

  /*@ assert i >= j; */
}

### Error Analysis:

1. **Goal Preservation of Invariant**:
   The error indicates that the loop invariant `x >= y` fails to be preserved across iterations. This suggests that the operations within the loop body can modify `x` and `y` in such a way that `x` may no longer be greater than or equal to `y`. Specifically, when `i < j`, the operation `y++` occurs without incrementing `x`, leading to `x < y`.

2. **Goal Assertion**:
   The error indicates that the post-condition `assert i >= j;` cannot be verified. This suggests that the loop invariant does not sufficiently relate `i` and `j` to ensure that `i` is always greater than or equal to `j` when the loop terminates.

### Fixed C Code:

```c
int unknown1();
int unknown2();

void foo()
{
  int x = 0;
  int y = 0;
  int i = 0;
  int j = 0;

  /*@
    loop invariant x == y + i - j ;
    loop invariant x >= 0 ;
    loop invariant y >= 0 ;
    loop invariant i >= 0 ;
    loop invariant j >= 0 ;
  */
  while(unknown1())
  {
    /*@
      loop invariant x == y + i - j ;
      loop invariant x >= 0 ;
      loop invariant y >= 0 ;
      loop invariant i >= 0 ;
      loop invariant j >= 0 ;
    */
    while(unknown2())
    {
       if(x == y){
          i++;
       }else{
          j++;
       }
    }

    if(i >= j)
    {
       x++;
       y++;
    }
    else{
       y++;
    }
  }

  /*@ assert i >= j; */
}
```
after regen

int unknown1();
int unknown2();

void foo()
{
  int x = 0;
  int y = 0;
  int i = 0;
  int j = 0;

  /*@
    loop invariant x == y + i - j ;
    loop invariant x >= 0 ;
    loop invariant y >= 0 ;
    loop invariant i >= 0 ;
    loop invariant j >= 0 ;
  */
  while(unknown1())
  {
    /*@
      loop invariant x == y + i - j ;
      loop invariant x >= 0 ;
      loop invariant y >= 0 ;
      loop invariant i >= 0 ;
      loop invariant j >= 0 ;
    */
    while(unknown2())
    {
       if(x == y){
          i++;
       }else{
          j++;
       }
    }

    if(i >= j)
    {
       x++;
       y++;
    }
    else{
       y++;
    }
  }

  /*@ assert i >= j; */
}

syntax Correct
Validate:
[False, True, True, True, True, False, True, True, True, True]

Goal Preservation of Invariant (file output/025.c, line 13):
Assume {
  Type: is_sint32(j) /\ is_sint32(j_1) /\ is_sint32(tmp_0_0) /\
      is_sint32(x) /\ is_sint32(x_1) /\ is_sint32(y) /\ is_sint32(y_1) /\
      is_sint32(1 + y) /\ is_sint32(j + x - y) /\ is_sint32(j_1 + x_1 - y_1).
  (* Residual *)
  When: x < y.
  (* Invariant *)
  Have: 0 <= x_1.
  (* Invariant *)
  Have: 0 <= y_1.
  (* Invariant *)
  Have: y_1 <= (j_1 + x_1).
  (* Invariant *)
  Have: 0 <= j_1.
  (* Then *)
  Have: tmp_0_0 != 0.
  (* Invariant *)
  Have: 0 <= x.
  (* Invariant *)
  Have: 0 <= y.
  (* Invariant *)
  Have: y <= (j + x).
  (* Invariant *)
  Have: 0 <= j.
}
Prove: false.
Prover Z3 4.8.12 returns Timeout (Qed:46ms) (3s)
Error found in file: output/025.c at line: 13
Error line content: loop invariant x == y + i - j ;

Goal Preservation of Invariant (file output/025.c, line 22):
Assume {
  Type: is_sint32(i_1) /\ is_sint32(i_2) /\ is_sint32(i) /\ is_sint32(j) /\
      is_sint32(j_1) /\ is_sint32(j_2) /\ is_sint32(tmp_0) /\
      is_sint32(tmp_0_0) /\ is_sint32(x) /\ is_sint32(y) /\ is_sint32(y_1) /\
      is_sint32(i + y - j_1) /\ is_sint32(j_2 + x - y_1).
  (* Invariant *)
  Have: 0 <= x.
  (* Invariant *)
  Have: 0 <= y_1.
  (* Invariant *)
  Have: y_1 <= (j_2 + x).
  (* Invariant *)
  Have: 0 <= j_2.
  (* Then *)
  Have: tmp_0_0 != 0.
  (* Invariant *)
  Have: j_1 <= (i + y).
  (* Invariant *)
  Have: 0 <= y.
  (* Invariant *)
  Have: 0 <= i.
  (* Invariant *)
  Have: 0 <= j_1.
  (* Then *)
  Have: tmp_0 != 0.
  If j_1 = i
  Then { Have: (i = i_2) /\ (j = i_2) /\ (j = i). Have: (1 + i) = i_1. }
  Else { Have: i = i_1. Have: (1 + j_1) = j. }
}
Prove: (i + j) = (i_1 + j_1).
Prover Z3 4.8.12 returns Timeout (Qed:20ms) (3s)
Error found in file: output/025.c at line: 22
Error line content: loop invariant x == y + i - j ;

Verify:
[False]

Goal Assertion (file output/025.c, line 47):
Assume {
  Type: is_sint32(i) /\ is_sint32(j) /\ is_sint32(y) /\ is_sint32(i + y - j).
  (* Invariant *)
  Have: j <= (i + y).
  (* Invariant *)
  Have: 0 <= y.
  (* Invariant *)
  Have: 0 <= i.
  (* Invariant *)
  Have: 0 <= j.
}
Prove: j <= i.
Prover Z3 4.8.12 returns Timeout (Qed:4ms) (3s)
Error found in file: output/025.c at line: 47
Error line content: /*@ assert i >= j; */


int unknown1();
int unknown2();

void foo()
{
  int x = 0;
  int y = 0;
  int i = 0;
  int j = 0;

  /*@
    loop invariant x == y + i - j  [INVARIANT FAILED] ;
    loop invariant x >= 0 ;
    loop invariant y >= 0 ;
    loop invariant i >= 0 ;
    loop invariant j >= 0 ;
  */
  while(unknown1())
  {
    /*@
      loop invariant x == y + i - j  [INVARIANT FAILED] ;
      loop invariant x >= 0 ;
      loop invariant y >= 0 ;
      loop invariant i >= 0 ;
      loop invariant j >= 0 ;
    */
    while(unknown2())
    {
       if(x == y){
          i++;
       }else{
          j++;
       }
    }

    if(i >= j)
    {
       x++;
       y++;
    }
    else{
       y++;
    }
  }

  /*@ assert i >= j; */
}

### Error Analysis:

1. **Goal Establishment of Invariant:** The initial invariant `x == y + i - j` could not be established from the initial values of `x`, `y`, `i`, and `j`, which are all `0`. This means that the invariant does not hold initially as it simplifies to `0 == 0 + 0 - 0`, which is true, but it did not correctly capture the conditions needed for preservation and termination.

2. **Goal Preservation of Invariant:** The invariant `x == y + i - j` failed to be preserved throughout the loop iterations. The operations inside the inner while loop and the conditional logic outside it modify `i`, `j`, `x`, and `y` in a way that does not maintain the relationship expressed by the invariant.

3. **Goal Assertion:** The invariant did not support proving the postcondition `assert i >= j`. The invariant did not correctly capture the relationship between `i` and `j` because it was focused on `x`, `y`, `i`, and `j` together without establishing the dominance of `i` over `j`.

### Fixed C Code:

```c
int unknown1();
int unknown2();

void foo()
{
  int x = 0;
  int y = 0;
  int i = 0;
  int j = 0;

  /*@
    loop invariant x == y ;
    loop invariant x >= 0 ;
    loop invariant y >= 0 ;
    loop invariant i >= j ;
    loop invariant i >= 0 ;
    loop invariant j >= 0 ;
  */
  while(unknown1())
  {
    /*@
      loop invariant x == y ;
      loop invariant x >= 0 ;
      loop invariant y >= 0 ;
      loop invariant i >= j ;
      loop invariant i >= 0 ;
      loop invariant j >= 0 ;
    */
    while(unknown2())
    {
       if(x == y){
          i++;
       }else{
          j++;
       }
    }

    if(i >= j)
    {
       x++;
       y++;
    }
    else{
       y++;
    }
  }

  /*@ assert i >= j; */
}
```


after regen

int unknown1();
int unknown2();

void foo()
{
  int x = 0;
  int y = 0;
  int i = 0;
  int j = 0;

  /*@
    loop invariant x == y ;
    loop invariant x >= 0 ;
    loop invariant y >= 0 ;
    loop invariant i >= j ;
    loop invariant i >= 0 ;
    loop invariant j >= 0 ;
  */
  while(unknown1())
  {
    /*@
      loop invariant x == y ;
      loop invariant x >= 0 ;
      loop invariant y >= 0 ;
      loop invariant i >= j ;
      loop invariant i >= 0 ;
      loop invariant j >= 0 ;
    */
    while(unknown2())
    {
       if(x == y){
          i++;
       }else{
          j++;
       }
    }

    if(i >= j)
    {
       x++;
       y++;
    }
    else{
       y++;
    }
  }

  /*@ assert i >= j; */
}

syntax Correct
Validate:
[True, True, True, True, True, True, True, True, True, True, True, True]

Verify:
[True]

after hudini

int unknown1();
int unknown2();

void foo()
{
  int x = 0;
  int y = 0;
  int i = 0;
  int j = 0;

  /*@
    loop invariant x == y ;
    loop invariant x >= 0 ;
    loop invariant y >= 0 ;
    loop invariant i >= j ;
    loop invariant i >= 0 ;
    loop invariant j >= 0 ;
  */
  while(unknown1())
  {
    /*@
      loop invariant x == y ;
      loop invariant x >= 0 ;
      loop invariant y >= 0 ;
      loop invariant i >= j ;
      loop invariant i >= 0 ;
      loop invariant j >= 0 ;
    */
    while(unknown2())
    {
       if(x == y){
          i++;
       }else{
          j++;
       }
    }

    if(i >= j)
    {
       x++;
       y++;
    }
    else{
       y++;
    }
  }

  /*@ assert i >= j; */
}

syntax Correct
Validate:
[True, True, True, True, True, True, True, True, True, True, True, True]

Verify:
[True]

syntax Correct
Validate:
[True, True, True, True, True, True, True, True, True, True, True, True]

Verify:
[True]

已移动文件: 025.c -> finish1
-----------------------------------------

文件 025.c 处理完成. 总耗时: 150.28975868225098
-----------------------------------------
finshed_files:['030.c', '028.c', '02.c', '035.c', '026.c', '021.c', '03.c', '024.c', '011.c', '016.c', '04.c', '09.c', '015.c', '032.c', '025.c']
