file:03.c
Successfully generated loop/03.json
INNER_FLAG: True
Variable Maps: [{'k': '1', 'i': 'l@pre', 'l': 'l@pre', 'n': 'n@pre'}]
Path conditions: ['1 < n@pre && l@pre > 0 && n@pre > l@pre']
Pre condition: 1 < n@pre && l@pre > 0 && n@pre > l@pre && (k == 1) * (i == l@pre) * (l == l@pre) * (n == n@pre)
Loop Condition: i<n
Updated Loop Conditions: ['l@pre<n@pre']
Global Unchanged Variables ['k', 'l', 'n']
Non Inductive Variables []
[{'k': '1', 'i': 'l@pre', 'l': 'l@pre', 'n': 'n@pre'}]
['1 < n@pre && l@pre > 0 && n@pre > l@pre']


/*@
requires l > 0;
requires n > l;
*/
void foo(int n, int l) {
  int i,k;

  k = 1;
  for (k=1; k<n; k++){
  	i = l;
    
            
    /* >>> LOOP INVARIANT TO FILL <<< 
       >>> PRECONDITION OF THE LOOP : 1 < \at(n, Pre) && \at(l, Pre) > 0 && \at(n, Pre) > \at(l, Pre) && (k == 1) * (i == \at(l, Pre)) * (l == \at(l, Pre)) * (n == \at(n, Pre)) <<< */
    
            /*@
          loop invariant PLACE_HOLDER_n ;
          loop invariant PLACE_HOLDER_l ;
          loop invariant PLACE_HOLDER_i ;
          loop invariant PLACE_HOLDER_k ;
            */
            for (i=l; i<n; i++) {
    }
            

    }
  
    /*@ assert \forall integer i; (l <= i < n)==> (1 <= i); */
  

}

**Analysis of the Loop:**

**a. Purpose and Structure of the Loop:**

The outer loop iterates with the loop variable `k` starting from 1 and continues until `k < n`. Within each iteration of this loop, `i` is initialized to `l` and another loop runs with `i` incrementing until `i < n`. The outer loop does not change the value of `l` or `n`, and `k` simply counts iterations.

- **Outer Loop Condition:** `k < n`
- **Inner Loop Condition:** `i < n`
- **Operations:** Initialize `i` to `l` and increment `i` until it reaches `n`.
- **Relevant Variables:** `i`, `k`, `l`, `n`

**b. Discussion of the Loop Invariant:**

The loop invariant must ensure that the conditions are true at every iteration of the loop and help prove the post-condition. The invariants involve constraints on `n`, `l`, `i`, and `k`.

**c. Establishment:**

The loop invariants are established through the given pre-condition and initialization values:

- `n` is greater than `l` and remains unchanged.
- `l` is initialized and remains constant.
- `i` starts at `l` and increments during the inner loop.
- `k` starts at 1 and increments during the outer loop.

**d. Preservation:**

If the invariants hold true at the start of an iteration, they will continue to hold because:

- `n` and `l` remain unchanged.
- `i` continues to satisfy the invariant because it is only incremented up to `n`.
- `k` increments but does not exceed `n`.

**e. Termination Analysis of the Loop:**

When the outer loop terminates, `k` is equal to `n`. The invariants still hold:

- `n` and `l` are constant.
- `i` meets the invariant because it iterates up to but not including `n`.

**f. Correctness of the Post-condition:**

The post-condition states that for all `i` in the range `[l, n)`, `1 <= i`. This is correct because `l` is greater than 0, and `i` starts at `l` and increments until just before `n`.

**g. Implication of the Pre-condition:**

The pre-condition implies the loop invariant because:
- It establishes initial values and conditions for `n`, `l`, `i`, and `k` to ensure the invariants are true before the loop begins.

**Filled C Loop Program with Invariant Annotations:**

```c
/*@
requires l > 0;
requires n > l;
*/
void foo(int n, int l) {
  int i,k;

  k = 1;
  for (k=1; k<n; k++){
  	i = l;
    
            
    /* >>> LOOP INVARIANT TO FILL <<< 
       >>> PRECONDITION OF THE LOOP : 1 < \at(n, Pre) && \at(l, Pre) > 0 && \at(n, Pre) > \at(l, Pre) && (k == 1) * (i == \at(l, Pre)) * (l == \at(l, Pre)) * (n == \at(n, Pre)) <<< */
    
            /*@
          loop invariant n == \at(n, Pre);
          loop invariant l == \at(l, Pre);
          loop invariant l <= i <= n;
          loop invariant 1 <= k < n;
            */
            for (i=l; i<n; i++) {
    }
            

    }
  
    /*@ assert \forall integer i; (l <= i < n)==> (1 <= i); */
  

}
```

/*@
requires l > 0;
requires n > l;
*/
void foo(int n, int l) {
  int i,k;

  k = 1;
  for (k=1; k<n; k++){
  	i = l;
    
            
            /*@
          loop invariant n == \at(n, Pre);
          loop invariant l == \at(l, Pre);
          loop invariant l <= i <= n;
          loop invariant 1 <= k < n;
            */
            for (i=l; i<n; i++) {
    }
            

    }
  
    /*@ assert \forall integer i; (l <= i < n)==> (1 <= i); */
  

}


/*@
requires l > 0;
requires n > l;
*/
void foo(int n, int l) {
  int i,k;

  k = 1;
  for (k=1; k<n; k++){
  	i = l;
    
            
            /*@
          loop invariant n == \at(n, Pre);
          loop invariant l == \at(l, Pre);
          loop invariant l <= i <= n;
          loop invariant 1 <= k < n;
            */
            for (i=l; i<n; i++) {
    }
            

    }
  
    /*@ assert \forall integer i; (l <= i < n)==> (1 <= i); */
  

}

INNER_FLAG: False
Variable Maps: [{'k': '1', 'l': 'l@pre', 'n': 'n@pre'}]
Path conditions: ['l@pre > 0 && n@pre > l@pre']
Pre condition: l@pre > 0 && n@pre > l@pre && (k == 1) * undef_data_at(&i) * (l == l@pre) * (n == n@pre)
Loop Condition: k<n
Updated Loop Conditions: ['1<n@pre']
Global Unchanged Variables ['l', 'n']
Non Inductive Variables []
[{'k': '1', 'l': 'l@pre', 'n': 'n@pre'}]
['l@pre > 0 && n@pre > l@pre']

            
    /* >>> LOOP INVARIANT TO FILL <<< 
       >>> PRECONDITION OF THE LOOP : \at(l, Pre) > 0 && \at(n, Pre) > \at(l, Pre) && (k == 1) * undef_data_at(&i) * (l == \at(l, Pre)) * (n == \at(n, Pre)) <<< */
    
            /*@
          loop invariant (\at(l, Pre) > 0 && \at(n, Pre) > \at(l, Pre)) ==> (l == \at(l, Pre));
          loop invariant (\at(l, Pre) > 0 && \at(n, Pre) > \at(l, Pre)) ==> (n == \at(n, Pre));
            */
            for (k=1; k<n; k++){
  	i = l;
    
            
            /*@
          loop invariant n == \at(n, Pre);
          loop invariant l == \at(l, Pre);
          loop invariant l <= i <= n;
          loop invariant 1 <= k < n;
            */
            for (i=l; i<n; i++) {
    }
            

    }
            

            
    /* >>> LOOP INVARIANT TO FILL <<< 
       >>> PRECONDITION OF THE LOOP : \at(l, Pre) > 0 && \at(n, Pre) > \at(l, Pre) && (k == 1) * undef_data_at(&i) * (l == \at(l, Pre)) * (n == \at(n, Pre)) <<< */
    
            /*@
          loop invariant  (\at(l, Pre) > 0 && \at(n, Pre) > \at(l, Pre)) ==> ((1<\at(n, Pre)) ==> (((k == 1)&&(l == \at(l, Pre))&&(n == \at(n, Pre))) || (PLACE_HOLDER_k))) ;
          loop invariant (\at(l, Pre) > 0 && \at(n, Pre) > \at(l, Pre)) ==> ((!(1<\at(n, Pre))) ==> ((k == 1)&&(l == \at(l, Pre))&&(n == \at(n, Pre))));
          loop invariant (\at(l, Pre) > 0 && \at(n, Pre) > \at(l, Pre)) ==> (l == \at(l, Pre));
          loop invariant (\at(l, Pre) > 0 && \at(n, Pre) > \at(l, Pre)) ==> (n == \at(n, Pre));
            */
            for (k=1; k<n; k++){
  	i = l;
    
            
            /*@
          loop invariant n == \at(n, Pre);
          loop invariant l == \at(l, Pre);
          loop invariant l <= i <= n;
          loop invariant 1 <= k < n;
            */
            for (i=l; i<n; i++) {
    }
            

    }
            

/*@
requires l > 0;
requires n > l;
*/
void foo(int n, int l) {
  int i,k;

  k = 1;
  
            
    /* >>> LOOP INVARIANT TO FILL <<< 
       >>> PRECONDITION OF THE LOOP : \at(l, Pre) > 0 && \at(n, Pre) > \at(l, Pre) && (k == 1) * undef_data_at(&i) * (l == \at(l, Pre)) * (n == \at(n, Pre)) <<< */
    
            /*@
          loop invariant  (\at(l, Pre) > 0 && \at(n, Pre) > \at(l, Pre)) ==> ((1<\at(n, Pre)) ==> (((k == 1)&&(l == \at(l, Pre))&&(n == \at(n, Pre))) || (PLACE_HOLDER_k))) ;
          loop invariant (\at(l, Pre) > 0 && \at(n, Pre) > \at(l, Pre)) ==> ((!(1<\at(n, Pre))) ==> ((k == 1)&&(l == \at(l, Pre))&&(n == \at(n, Pre))));
          loop invariant (\at(l, Pre) > 0 && \at(n, Pre) > \at(l, Pre)) ==> (l == \at(l, Pre));
          loop invariant (\at(l, Pre) > 0 && \at(n, Pre) > \at(l, Pre)) ==> (n == \at(n, Pre));
            */
            for (k=1; k<n; k++){
  	i = l;
    
            
            /*@
          loop invariant n == \at(n, Pre);
          loop invariant l == \at(l, Pre);
          loop invariant l <= i <= n;
          loop invariant 1 <= k < n;
            */
            for (i=l; i<n; i++) {
    }
            

    }
            
  
    /*@ assert \forall integer i; (l <= i < n)==> (1 <= i); */
  

}

Here's the C loop program with the placeholders filled in:

```c
/*@
requires l > 0;
requires n > l;
*/
void foo(int n, int l) {
  int i,k;

  k = 1;
  
    /* >>> LOOP INVARIANT TO FILL <<< 
       >>> PRECONDITION OF THE LOOP : \at(l, Pre) > 0 && \at(n, Pre) > \at(l, Pre) && (k == 1) * undef_data_at(&i) * (l == \at(l, Pre)) * (n == \at(n, Pre)) <<< */
    
            /*@
          loop invariant  (\at(l, Pre) > 0 && \at(n, Pre) > \at(l, Pre)) ==> ((1<\at(n, Pre)) ==> (((k == 1)&&(l == \at(l, Pre))&&(n == \at(n, Pre))) || (1 <= k < \at(n, Pre))) ;
          loop invariant (\at(l, Pre) > 0 && \at(n, Pre) > \at(l, Pre)) ==> ((!(1<\at(n, Pre))) ==> ((k == 1)&&(l == \at(l, Pre))&&(n == \at(n, Pre))));
          loop invariant (\at(l, Pre) > 0 && \at(n, Pre) > \at(l, Pre)) ==> (l == \at(l, Pre));
          loop invariant (\at(l, Pre) > 0 && \at(n, Pre) > \at(l, Pre)) ==> (n == \at(n, Pre));
            */
            for (k=1; k<n; k++){
  	i = l;
    
            /*@
          loop invariant n == \at(n, Pre);
          loop invariant l == \at(l, Pre);
          loop invariant l <= i <= n;
          loop invariant 1 <= k < n;
            */
            for (i=l; i<n; i++) {
    }
            

    }
            
  
    /*@ assert \forall integer i; (l <= i < n)==> (1 <= i); */
  

}
```

/*@
requires l > 0;
requires n > l;
*/
void foo(int n, int l) {
  int i,k;

  k = 1;
  
            /*@
          loop invariant  (\at(l, Pre) > 0 && \at(n, Pre) > \at(l, Pre)) ==> ((1<\at(n, Pre)) ==> (((k == 1)&&(l == \at(l, Pre))&&(n == \at(n, Pre))) || (1 <= k < \at(n, Pre))) ;
          loop invariant (\at(l, Pre) > 0 && \at(n, Pre) > \at(l, Pre)) ==> ((!(1<\at(n, Pre))) ==> ((k == 1)&&(l == \at(l, Pre))&&(n == \at(n, Pre))));
          loop invariant (\at(l, Pre) > 0 && \at(n, Pre) > \at(l, Pre)) ==> (l == \at(l, Pre));
          loop invariant (\at(l, Pre) > 0 && \at(n, Pre) > \at(l, Pre)) ==> (n == \at(n, Pre));
            */
            for (k=1; k<n; k++){
  	i = l;
    
            /*@
          loop invariant n == \at(n, Pre);
          loop invariant l == \at(l, Pre);
          loop invariant l <= i <= n;
          loop invariant 1 <= k < n;
            */
            for (i=l; i<n; i++) {
    }
            

    }
            
  
    /*@ assert \forall integer i; (l <= i < n)==> (1 <= i); */
  

}


/*@
requires l > 0;
requires n > l;
*/
void foo(int n, int l) {
  int i,k;

  k = 1;
  
            /*@
          loop invariant  (\at(l, Pre) > 0 && \at(n, Pre) > \at(l, Pre)) ==> ((1<\at(n, Pre)) ==> (((k == 1)&&(l == \at(l, Pre))&&(n == \at(n, Pre))) || (1 <= k < \at(n, Pre))) ;
          loop invariant (\at(l, Pre) > 0 && \at(n, Pre) > \at(l, Pre)) ==> ((!(1<\at(n, Pre))) ==> ((k == 1)&&(l == \at(l, Pre))&&(n == \at(n, Pre))));
          loop invariant (\at(l, Pre) > 0 && \at(n, Pre) > \at(l, Pre)) ==> (l == \at(l, Pre));
          loop invariant (\at(l, Pre) > 0 && \at(n, Pre) > \at(l, Pre)) ==> (n == \at(n, Pre));
            */
            for (k=1; k<n; k++){
  	i = l;
    
            /*@
          loop invariant n == \at(n, Pre);
          loop invariant l == \at(l, Pre);
          loop invariant l <= i <= n;
          loop invariant 1 <= k < n;
            */
            for (i=l; i<n; i++) {
    }
            

    }
            
  
    /*@ assert \forall integer i; (l <= i < n)==> (1 <= i); */
  

}

syntax Error
[kernel] Parsing output/03.c (with preprocessing)
[kernel:annot-error] output/03.c:12: Warning: unexpected token ';'
[kernel] User Error: warning annot-error treated as fatal error.
[kernel] Frama-C aborted: invalid user input.

after repair

/*@
requires l > 0;
requires n > l;
*/
void foo(int n, int l) {
  int i,k;

  k = 1;
  
            /*@
          loop invariant  (\at(l, Pre) > 0 && \at(n, Pre) > \at(l, Pre)) ==> ((1<\at(n, Pre)) ==> (((k == 1)&&(l == \at(l, Pre))&&(n == \at(n, Pre))) || (1 <= k && k < \at(n, Pre)))) ;
          loop invariant (\at(l, Pre) > 0 && \at(n, Pre) > \at(l, Pre)) ==> ((!(1<\at(n, Pre))) ==> ((k == 1)&&(l == \at(l, Pre))&&(n == \at(n, Pre))));
          loop invariant (\at(l, Pre) > 0 && \at(n, Pre) > \at(l, Pre)) ==> (l == \at(l, Pre));
          loop invariant (\at(l, Pre) > 0 && \at(n, Pre) > \at(l, Pre)) ==> (n == \at(n, Pre));
            */
            for (k=1; k<n; k++){
  	i = l;
    
            /*@
          loop invariant n == \at(n, Pre);
          loop invariant l == \at(l, Pre);
          loop invariant l <= i <= n;
          loop invariant 1 <= k < n;
            */
            for (i=l; i<n; i++) {
    }
            

    }
            
  
    /*@ assert \forall integer i; (l <= i < n)==> (1 <= i); */
  

}

syntax Correct
Validate:
[False, True, True, True, True, True, True, True]

Goal Preservation of Invariant (file output/03.c, line 12):
Assume {
  Type: is_sint32(i) /\ is_sint32(k) /\ is_sint32(k_1) /\ is_sint32(l) /\
      is_sint32(n) /\ is_sint32(1 + k).
  (* Goal *)
  When: (0 < l) /\ (l < n) /\ (2 <= n).
  (* Then *)
  Have: k_1 < n.
  (* Invariant *)
  Have: 0 < k_1.
  (* Invariant *)
  Have: (l <= i) /\ (i <= n).
  (* Invariant *)
  Have: (0 < k) /\ (k < n).
  (* Else *)
  Have: n <= i.
}
Prove: (2 + k) <= i.
Prover Z3 4.8.12 returns Timeout (Qed:8ms) (3s)
Error found in file: output/03.c at line: 12
Error line content: loop invariant  (\at(l, Pre) > 0 && \at(n, Pre) > \at(l, Pre)) ==> ((1<\at(n, Pre)) ==> (((k == 1)&&(l == \at(l, Pre))&&(n == \at(n, Pre))) || (1 <= k && k < \at(n, Pre)))) ;

Verify:
[True]


/*@
requires l > 0;
requires n > l;
*/
void foo(int n, int l) {
  int i,k;

  k = 1;
  
            /*@
          loop invariant  (\at(l, Pre) > 0 && \at(n, Pre) > \at(l, Pre)) ==> ((1<\at(n, Pre)) ==> (((k == 1)&&(l == \at(l, Pre))&&(n == \at(n, Pre))) || (1 <= k && k < \at(n, Pre))))  [INVARIANT FAILED] ;
          loop invariant (\at(l, Pre) > 0 && \at(n, Pre) > \at(l, Pre)) ==> ((!(1<\at(n, Pre))) ==> ((k == 1)&&(l == \at(l, Pre))&&(n == \at(n, Pre))));
          loop invariant (\at(l, Pre) > 0 && \at(n, Pre) > \at(l, Pre)) ==> (l == \at(l, Pre));
          loop invariant (\at(l, Pre) > 0 && \at(n, Pre) > \at(l, Pre)) ==> (n == \at(n, Pre));
            */
            for (k=1; k<n; k++){
  	i = l;
    
            /*@
          loop invariant n == \at(n, Pre);
          loop invariant l == \at(l, Pre);
          loop invariant l <= i <= n;
          loop invariant 1 <= k < n;
            */
            for (i=l; i<n; i++) {
    }
            

    }
            
  
    /*@ assert \forall integer i; (l <= i < n)==> (1 <= i); */
  

}

### Error Analysis:

The error message indicates that the "Goal Preservation of Invariant" failed for the loop invariant at line 12. The invariant specifies conditions involving `k`, specifically `1 <= k && k < \at(n, Pre)`. This condition does not hold true throughout the loop iterations because the loop modifies `k`. The invariant must remain true after each iteration, but the current condition fails to guarantee that.

To address this issue, we need to weaken the invariant by relaxing the constraints on `k`. Since `k` starts at 1 and is incremented in each iteration until it reaches `n`, the invariant should reflect that `k` is bounded by its initial and final values. Therefore, we can replace the equality constraint with a range constraint to ensure it remains valid throughout the loop execution.

### Fixed C Code:

```c
/*@
requires l > 0;
requires n > l;
*/
void foo(int n, int l) {
  int i,k;

  k = 1;
  
            /*@
          loop invariant  (\at(l, Pre) > 0 && \at(n, Pre) > \at(l, Pre)) ==> ((1<\at(n, Pre)) ==> (((k == 1)&&(l == \at(l, Pre))&&(n == \at(n, Pre))) || (0 < k && k <= \at(n, Pre)))) ;
          loop invariant (\at(l, Pre) > 0 && \at(n, Pre) > \at(l, Pre)) ==> ((!(1<\at(n, Pre))) ==> ((k == 1)&&(l == \at(l, Pre))&&(n == \at(n, Pre))));
          loop invariant (\at(l, Pre) > 0 && \at(n, Pre) > \at(l, Pre)) ==> (l == \at(l, Pre));
          loop invariant (\at(l, Pre) > 0 && \at(n, Pre) > \at(l, Pre)) ==> (n == \at(n, Pre));
            */
            for (k=1; k<n; k++){
  	i = l;
    
            /*@
          loop invariant n == \at(n, Pre);
          loop invariant l == \at(l, Pre);
          loop invariant l <= i <= n;
          loop invariant 1 <= k < n;
            */
            for (i=l; i<n; i++) {
    }
            

    }
            
  
    /*@ assert \forall integer i; (l <= i < n)==> (1 <= i); */
  

}
```

This modification relaxes the constraint on `k` to `0 < k && k <= \at(n, Pre)`, which should ensure that the invariant holds throughout the loop's execution.
after weaken

/*@
requires l > 0;
requires n > l;
*/
void foo(int n, int l) {
  int i,k;

  k = 1;
  
            /*@
          loop invariant  (\at(l, Pre) > 0 && \at(n, Pre) > \at(l, Pre)) ==> ((1<\at(n, Pre)) ==> (((k == 1)&&(l == \at(l, Pre))&&(n == \at(n, Pre))) || (0 < k && k <= \at(n, Pre)))) ;
          loop invariant (\at(l, Pre) > 0 && \at(n, Pre) > \at(l, Pre)) ==> ((!(1<\at(n, Pre))) ==> ((k == 1)&&(l == \at(l, Pre))&&(n == \at(n, Pre))));
          loop invariant (\at(l, Pre) > 0 && \at(n, Pre) > \at(l, Pre)) ==> (l == \at(l, Pre));
          loop invariant (\at(l, Pre) > 0 && \at(n, Pre) > \at(l, Pre)) ==> (n == \at(n, Pre));
            */
            for (k=1; k<n; k++){
  	i = l;
    
            /*@
          loop invariant n == \at(n, Pre);
          loop invariant l == \at(l, Pre);
          loop invariant l <= i <= n;
          loop invariant 1 <= k < n;
            */
            for (i=l; i<n; i++) {
    }
            

    }
            
  
    /*@ assert \forall integer i; (l <= i < n)==> (1 <= i); */
  

}

syntax Correct
Validate:
[True, True, True, True, True, True, True, True]

Verify:
[True]

CORRECT INVARIANT
syntax Correct
Validate:
[True, True, True, True, True, True, True, True]

Verify:
[True]

syntax Correct
Validate:
[True, True, True, True, True, True, True, True]

Verify:
[True]

已移动文件: 03.c -> finish1
-----------------------------------------

文件 03.c 处理完成. 总耗时: 93.62257885932922
-----------------------------------------
finshed_files:['030.c', '028.c', '02.c', '035.c', '026.c', '021.c', '03.c']
