file:040.c
Successfully generated loop/040.json
INNER_FLAG: False
Variable Maps: [{'j': '1', 'i': '0', 'flag': 'flag@pre'}]
Path conditions: ['flag@pre != 0 && flag@pre > 0']
Pre condition: flag@pre != 0 && flag@pre > 0 && undef_data_at(&k) * (j == 1) * (i == 0) * (flag == flag@pre)
Loop Condition: unknown1()
Updated Loop Conditions: ['unknown1()']
Global Unchanged Variables ['flag']
Non Inductive Variables []
[{'j': '1', 'i': '0', 'flag': 'flag@pre'}]
['flag@pre != 0 && flag@pre > 0']

                
        /* >>> LOOP INVARIANT TO FILL <<< 
        >>> PRECONDITION OF THE LOOP : \at(flag, Pre) != 0 && \at(flag, Pre) > 0 && undef_data_at(&k) * (j == 1) * (i == 0) * (flag == \at(flag, Pre)) <<< */
        
                /*@
          loop invariant (\at(flag, Pre) != 0 && \at(flag, Pre) > 0) ==> (flag == \at(flag, Pre));
                */
                while (unknown1()) {
    i += 2;
    if (i % 2 == 0) {
      j += 2;
    } else j++;
  }
                

                
        /* >>> LOOP INVARIANT TO FILL <<< 
        >>> PRECONDITION OF THE LOOP : \at(flag, Pre) != 0 && \at(flag, Pre) > 0 && undef_data_at(&k) * (j == 1) * (i == 0) * (flag == \at(flag, Pre)) <<< */
        
                /*@
          loop invariant  (\at(flag, Pre) != 0 && \at(flag, Pre) > 0) ==> (((j == 1)&&(i == 0)&&(flag == \at(flag, Pre))) || (PLACE_HOLDER_i)) ;
          loop invariant  (\at(flag, Pre) != 0 && \at(flag, Pre) > 0) ==> (((j == 1)&&(i == 0)&&(flag == \at(flag, Pre))) || (PLACE_HOLDER_j)) ;
          loop invariant (\at(flag, Pre) != 0 && \at(flag, Pre) > 0) ==> (flag == \at(flag, Pre));
                */
                while (unknown1()) {
    i += 2;
    if (i % 2 == 0) {
      j += 2;
    } else j++;
  }
                
int unknown1();
int unknown2();

/*@
requires flag > 0;
*/
void foo(int flag) {
  int i, j, k;
  j = 1;
  if (flag) {
    i = 0;
  } else {
    i = 1;
  }

  
                
        /* >>> LOOP INVARIANT TO FILL <<< 
        >>> PRECONDITION OF THE LOOP : \at(flag, Pre) != 0 && \at(flag, Pre) > 0 && undef_data_at(&k) * (j == 1) * (i == 0) * (flag == \at(flag, Pre)) <<< */
        
                /*@
          loop invariant  (\at(flag, Pre) != 0 && \at(flag, Pre) > 0) ==> (((j == 1)&&(i == 0)&&(flag == \at(flag, Pre))) || (PLACE_HOLDER_i)) ;
          loop invariant  (\at(flag, Pre) != 0 && \at(flag, Pre) > 0) ==> (((j == 1)&&(i == 0)&&(flag == \at(flag, Pre))) || (PLACE_HOLDER_j)) ;
          loop invariant (\at(flag, Pre) != 0 && \at(flag, Pre) > 0) ==> (flag == \at(flag, Pre));
                */
                while (unknown1()) {
    i += 2;
    if (i % 2 == 0) {
      j += 2;
    } else j++;
  }
                

  int a = 0;
  int b = 0;

  while (unknown2()) {
    a++;
    b += (j - i);
  }
  /*@ assert (flag!= 0) ==> (a==b); */
}
Certainly! Let's analyze the loop and fill in the placeholders with appropriate loop invariants.

**a. Purpose and Structure of the Loop:**
- **Objective:** The first loop modifies `i` and `j` based on certain conditions. The second loop increments `a` and modifies `b` based on the difference between `j` and `i`.
- **Structure:**
  - **First Loop:** Executes while `unknown1()` returns true. It increments `i` by 2. If `i` is even, it increments `j` by 2; otherwise, increments `j` by 1. Relevant variables are `i`, `j`, and `flag`.
  - **Second Loop:** Executes while `unknown2()` returns true. It increments `a` by 1 and updates `b` by adding `(j - i)` to it. Relevant variables are `a`, `b`, `i`, and `j`.

**b. Discussion of the Loop Invariant:**
The invariant ensures that the relationships between `i`, `j`, and `flag` are preserved throughout the execution of the loop. It also ensures that `flag` remains unchanged.

**c. Establishment:**
The invariant holds before the loop starts because the pre-condition guarantees initial values: `i == 0`, `j == 1`, and `flag` is unchanged.

**d. Preservation:**
The invariant is preserved during each iteration because the updates to `i` and `j` maintain the logical relationships specified in the invariant.

**e. Termination Analysis of the Loop:**
When the loop terminates, the invariant still holds as it encompasses the logical relationships between the variables that are maintained throughout the loop execution.

**f. Correctness of the Post-condition:**
The loop invariant, combined with the negation of the loop condition, ensures that after the second loop, `a == b` when `flag != 0`. This is because the operations performed on `b` directly mimic those on `a` under the given conditions.

**g. Implication of the Pre-condition:**
The pre-condition implies the loop invariant because it establishes initial values that satisfy the invariant prior to the loop's execution.

Now, let's fill in the placeholders in the given C loop program:

```c
int unknown1();
int unknown2();

/*@
requires flag > 0;
*/
void foo(int flag) {
  int i, j, k;
  j = 1;
  if (flag) {
    i = 0;
  } else {
    i = 1;
  }

  
                
        /* >>> LOOP INVARIANT TO FILL <<< 
        >>> PRECONDITION OF THE LOOP : \at(flag, Pre) != 0 && \at(flag, Pre) > 0 && undef_data_at(&k) * (j == 1) * (i == 0) * (flag == \at(flag, Pre)) <<< */
        
                /*@
          loop invariant  (\at(flag, Pre) != 0 && \at(flag, Pre) > 0) ==> (((j == 1)&&(i == 0)&&(flag == \at(flag, Pre))) || (i >= 0)) ;
          loop invariant  (\at(flag, Pre) != 0 && \at(flag, Pre) > 0) ==> (((j == 1)&&(i == 0)&&(flag == \at(flag, Pre))) || (j >= 1)) ;
          loop invariant (\at(flag, Pre) != 0 && \at(flag, Pre) > 0) ==> (flag == \at(flag, Pre));
                */
                while (unknown1()) {
    i += 2;
    if (i % 2 == 0) {
      j += 2;
    } else j++;
  }
                

  int a = 0;
  int b = 0;

  while (unknown2()) {
    a++;
    b += (j - i);
  }
  /*@ assert (flag!= 0) ==> (a==b); */
}
```

int unknown1();
int unknown2();

/*@
requires flag > 0;
*/
void foo(int flag) {
  int i, j, k;
  j = 1;
  if (flag) {
    i = 0;
  } else {
    i = 1;
  }

  
                
                /*@
          loop invariant  (\at(flag, Pre) != 0 && \at(flag, Pre) > 0) ==> (((j == 1)&&(i == 0)&&(flag == \at(flag, Pre))) || (i >= 0)) ;
          loop invariant  (\at(flag, Pre) != 0 && \at(flag, Pre) > 0) ==> (((j == 1)&&(i == 0)&&(flag == \at(flag, Pre))) || (j >= 1)) ;
          loop invariant (\at(flag, Pre) != 0 && \at(flag, Pre) > 0) ==> (flag == \at(flag, Pre));
                */
                while (unknown1()) {
    i += 2;
    if (i % 2 == 0) {
      j += 2;
    } else j++;
  }
                

  int a = 0;
  int b = 0;

  while (unknown2()) {
    a++;
    b += (j - i);
  }
  /*@ assert (flag!= 0) ==> (a==b); */
}


int unknown1();
int unknown2();

/*@
requires flag > 0;
*/
void foo(int flag) {
  int i, j, k;
  j = 1;
  if (flag) {
    i = 0;
  } else {
    i = 1;
  }

  
                
                /*@
          loop invariant  (\at(flag, Pre) != 0 && \at(flag, Pre) > 0) ==> (((j == 1)&&(i == 0)&&(flag == \at(flag, Pre))) || (i >= 0)) ;
          loop invariant  (\at(flag, Pre) != 0 && \at(flag, Pre) > 0) ==> (((j == 1)&&(i == 0)&&(flag == \at(flag, Pre))) || (j >= 1)) ;
          loop invariant (\at(flag, Pre) != 0 && \at(flag, Pre) > 0) ==> (flag == \at(flag, Pre));
                */
                while (unknown1()) {
    i += 2;
    if (i % 2 == 0) {
      j += 2;
    } else j++;
  }
                

  int a = 0;
  int b = 0;

  while (unknown2()) {
    a++;
    b += (j - i);
  }
  /*@ assert (flag!= 0) ==> (a==b); */
}

syntax Correct
Validate:
[True, True, True]

Verify:
[False]

Goal Assertion (file output/040.c, line 39)
Error found in file: output/040.c at line: 39
Error line content: /*@ assert (flag!= 0) ==> (a==b); */

syntax Correct
Validate:
[True, True, True]

Verify:
[False]

Goal Assertion (file output/040.c, line 39)
Error found in file: output/040.c at line: 39
Error line content: /*@ assert (flag!= 0) ==> (a==b); */

/*@
          loop invariant  (\at(flag, Pre) != 0 && \at(flag, Pre) > 0) ==> (((j == 1)&&(i == 0)&&(flag == \at(flag, Pre))) || (i >= 0)) ;
          loop invariant  (\at(flag, Pre) != 0 && \at(flag, Pre) > 0) ==> (((j == 1)&&(i == 0)&&(flag == \at(flag, Pre))) || (j >= 1)) ;
          loop invariant (\at(flag, Pre) != 0 && \at(flag, Pre) > 0) ==> (flag == \at(flag, Pre));
                */
                while (unknown1()) {
    i += 2;
    if (i % 2 == 0) {
      j += 2;
    } else j++;
  }
PARTIAL CORRECT INVARIANT
继续符号执行
/*@ Inv
    ((flag@pre != 0 && flag@pre > 0) => (((j == 1)&&(i == 0)&&(flag == flag@pre)) || (i >= 0)) ) &&
((flag@pre != 0 && flag@pre > 0) => (((j == 1)&&(i == 0)&&(flag == flag@pre)) || (j >= 1)) ) &&
((flag@pre != 0 && flag@pre > 0) => (flag == flag@pre))
    */
    
                while (unknown1()) {
    i += 2;
    if (i % 2 == 0) {
      j += 2;
    } else j++;
  }
File found: ../sac_c_parser/test/../ip_postcond/goal/040_goal.v. Deleting the file.
File found: ../sac_c_parser/test/../ip_postcond/goal/040_proof_auto.v. Deleting the file.
File found: ../sac_c_parser/test/../ip_postcond/goal/040_proof_manual.v. Deleting the file.
LoopEntry_0:
flag@pre != 0 && flag@pre > 0 && undef_data_at(&k) * (j == 1) * (i == 0) * (flag == flag@pre)
LoopEntry_1:
exists retval_40, retval_40 == 0 && retval_40 <= INT_MAX && retval_40 > INT_MIN && flag@pre != 0 && flag@pre > 0 && (b == 0) * (a == 0) * undef_data_at(&k) * (j == 1) * (i == 0) * (flag == flag@pre)

Successfully generated loop/040.json
syntax Correct
Validate:
[True, True, True]

Verify:
[False]

Goal Assertion (file output/040.c, line 39)
Error found in file: output/040.c at line: 39
Error line content: /*@ assert (flag!= 0) ==> (a==b); */

INNER_FLAG: False
Variable Maps: [{'b': '0', 'a': '0', 'j': '1', 'i': '0', 'flag': 'flag@pre'}]
Path conditions: [None]
Pre condition: exists retval_40, retval_40 == 0 && retval_40 <= INT_MAX && retval_40 > INT_MIN && flag@pre != 0 && flag@pre > 0 && (b == 0) * (a == 0) * undef_data_at(&k) * (j == 1) * (i == 0) * (flag == flag@pre)
Loop Condition: unknown2()
Updated Loop Conditions: ['unknown2()']
Global Unchanged Variables ['j', 'i', 'flag']
Non Inductive Variables []
[{'b': '0', 'a': '0', 'j': '1', 'i': '0', 'flag': 'flag@pre'}]
[None]

int unknown1();
int unknown2();

/*@
requires flag > 0;
*/
void foo(int flag) {
  int i, j, k;
  j = 1;
  if (flag) {
    i = 0;
  } else {
    i = 1;
  }

  
                
                /*@
          loop invariant  (\at(flag, Pre) != 0 && \at(flag, Pre) > 0) ==> (((j == 1)&&(i == 0)&&(flag == \at(flag, Pre))) || (i >= 0)) ;
          loop invariant  (\at(flag, Pre) != 0 && \at(flag, Pre) > 0) ==> (((j == 1)&&(i == 0)&&(flag == \at(flag, Pre))) || (j >= 1)) ;
          loop invariant (\at(flag, Pre) != 0 && \at(flag, Pre) > 0) ==> (flag == \at(flag, Pre));
                */
                while (unknown1()) {
    i += 2;
    if (i % 2 == 0) {
      j += 2;
    } else j++;
  }
                

  int a = 0;
  int b = 0;

  
                
        /* >>> LOOP INVARIANT TO FILL <<< 
        >>> PRECONDITION OF THE LOOP : exists retval_40, retval_40 == 0 && retval_40 <= INT_MAX && retval_40 > INT_MIN && \at(flag, Pre) != 0 && \at(flag, Pre) > 0 && (b == 0) * (a == 0) * undef_data_at(&k) * (j == 1) * (i == 0) * (flag == \at(flag, Pre)) <<< */
        
                /*@
                */
                while (unknown2()) {
    a++;
    b += (j - i);
  }
                
  /*@ assert (flag!= 0) ==> (a==b); */
}

### Analysis

1. **Purpose and Structure of the Loop:**
   
   a. **First Loop (`while (unknown1())`):**
   
   - **Objective:** The loop's purpose is to modify the values of `i` and `j` based on certain conditions. It increments `i` by 2 each time it executes. If `i` is even, `j` is incremented by 2; otherwise, `j` is incremented by 1.
   
   - **Structure:** 
     - **Condition:** The loop continues while `unknown1()` returns true.
     - **Operations:** `i` is incremented by 2. `j` is conditionally incremented based on whether `i` is even or odd.
     - **Relevant Variables:** `i`, `j`, and `flag`.
   
   b. **Second Loop (`while (unknown2())`):**
   
   - **Objective:** This loop's purpose is to update `a` and `b` based on their relationship with `j` and `i`. Each iteration increments `a` and updates `b` by adding the difference `(j - i)` to it.
   
   - **Structure:** 
     - **Condition:** The loop continues while `unknown2()` returns true.
     - **Operations:** `a` is incremented; `b` is updated with `(j - i)`.
     - **Relevant Variables:** `a`, `b`, `i`, and `j`.

2. **Discussion of the Loop Invariant:**
   
   - **First Loop Invariant:** 
     - For `i`: `i >= 0` ensures `i` starts at 0 and remains non-negative.
     - For `j`: `j >= 1` ensures `j` starts at 1 and remains at least 1.
     - `flag == \at(flag, Pre)` ensures `flag` remains constant throughout.
   
   - **Second Loop Invariant:** 
     - The placeholder needs to be filled such that it supports the post-condition `a == b`.

3. **Establishment:**
   
   - **First Loop:** Before the loop starts, `i` is initialized based on `flag`. Given the pre-condition, `i == 0` is established, satisfying `i >= 0`. `j == 1` is established, satisfying `j >= 1`. `flag == \at(flag, Pre)` is directly established.
   
   - **Second Loop:** The pre-condition `a == 0` and `b == 0` satisfy the invariant initialization.

4. **Preservation:**
   
   - **First Loop:** Each iteration increments `i` by 2, maintaining non-negativity (`i >= 0`). `j` is incremented conditionally but always remains non-negative, preserving `j >= 1`. `flag` does not change, preserving the invariant.
   
   - **Second Loop:** Each iteration increments `a` and updates `b` with `(j - i)`. The invariant must ensure that changes maintain `a == b`.

5. **Termination Analysis of the Loop:**
   
   - **First Loop:** When the loop terminates, `unknown1()` is false. The invariant still holds as `i` and `j` are non-negative and `flag` remains unchanged.
   
   - **Second Loop:** When the loop terminates, `unknown2()` is false. The invariant ensures `a == b` is still valid.

6. **Correctness of the Post-condition:**
   
   - The post-condition `(flag != 0) ==> (a == b)` is ensured by the invariant `a == b` throughout the second loop.

7. **Implication of the Pre-condition:**
   
   - The pre-condition ensures initial values satisfy the invariants. `i == 0`, `j == 1`, and `flag` conditions establish the invariants before the loops begin.

### Annotated C Code

```c
int unknown1();
int unknown2();

/*@
requires flag > 0;
*/
void foo(int flag) {
  int i, j, k;
  j = 1;
  if (flag) {
    i = 0;
  } else {
    i = 1;
  }

  
                
                /*@
          loop invariant  (\at(flag, Pre) != 0 && \at(flag, Pre) > 0) ==> (((j == 1)&&(i == 0)&&(flag == \at(flag, Pre))) || (i >= 0)) ;
          loop invariant  (\at(flag, Pre) != 0 && \at(flag, Pre) > 0) ==> (((j == 1)&&(i == 0)&&(flag == \at(flag, Pre))) || (j >= 1)) ;
          loop invariant (\at(flag, Pre) != 0 && \at(flag, Pre) > 0) ==> (flag == \at(flag, Pre));
                */
                while (unknown1()) {
    i += 2;
    if (i % 2 == 0) {
      j += 2;
    } else j++;
  }
                

  int a = 0;
  int b = 0;

  
                
        /* >>> LOOP INVARIANT TO FILL <<< 
        >>> PRECONDITION OF THE LOOP : exists retval_40, retval_40 == 0 && retval_40 <= INT_MAX && retval_40 > INT_MIN && \at(flag, Pre) != 0 && \at(flag, Pre) > 0 && (b == 0) * (a == 0) * undef_data_at(&k) * (j == 1) * (i == 0) * (flag == \at(flag, Pre)) <<< */
        
                /*@
                loop invariant a == b;
                */
                while (unknown2()) {
    a++;
    b += (j - i);
  }
                
  /*@ assert (flag!= 0) ==> (a==b); */
}
```

int unknown1();
int unknown2();

/*@
requires flag > 0;
*/
void foo(int flag) {
  int i, j, k;
  j = 1;
  if (flag) {
    i = 0;
  } else {
    i = 1;
  }

  
                
                /*@
          loop invariant  (\at(flag, Pre) != 0 && \at(flag, Pre) > 0) ==> (((j == 1)&&(i == 0)&&(flag == \at(flag, Pre))) || (i >= 0)) ;
          loop invariant  (\at(flag, Pre) != 0 && \at(flag, Pre) > 0) ==> (((j == 1)&&(i == 0)&&(flag == \at(flag, Pre))) || (j >= 1)) ;
          loop invariant (\at(flag, Pre) != 0 && \at(flag, Pre) > 0) ==> (flag == \at(flag, Pre));
                */
                while (unknown1()) {
    i += 2;
    if (i % 2 == 0) {
      j += 2;
    } else j++;
  }
                

  int a = 0;
  int b = 0;

  
                
                /*@
                loop invariant a == b;
                */
                while (unknown2()) {
    a++;
    b += (j - i);
  }
                
  /*@ assert (flag!= 0) ==> (a==b); */
}


int unknown1();
int unknown2();

/*@
requires flag > 0;
*/
void foo(int flag) {
  int i, j, k;
  j = 1;
  if (flag) {
    i = 0;
  } else {
    i = 1;
  }

  
                
                /*@
          loop invariant  (\at(flag, Pre) != 0 && \at(flag, Pre) > 0) ==> (((j == 1)&&(i == 0)&&(flag == \at(flag, Pre))) || (i >= 0)) ;
          loop invariant  (\at(flag, Pre) != 0 && \at(flag, Pre) > 0) ==> (((j == 1)&&(i == 0)&&(flag == \at(flag, Pre))) || (j >= 1)) ;
          loop invariant (\at(flag, Pre) != 0 && \at(flag, Pre) > 0) ==> (flag == \at(flag, Pre));
                */
                while (unknown1()) {
    i += 2;
    if (i % 2 == 0) {
      j += 2;
    } else j++;
  }
                

  int a = 0;
  int b = 0;

  
                
                /*@
                loop invariant a == b;
                */
                while (unknown2()) {
    a++;
    b += (j - i);
  }
                
  /*@ assert (flag!= 0) ==> (a==b); */
}

syntax Correct
Validate:
[True, True, True, False]

Goal Preservation of Invariant (file output/040.c, line 38)
Error found in file: output/040.c at line: 38
Error line content: loop invariant a == b;

Verify:
[True]


int unknown1();
int unknown2();

/*@
requires flag > 0;
*/
void foo(int flag) {
  int i, j, k;
  j = 1;
  if (flag) {
    i = 0;
  } else {
    i = 1;
  }

  
                
                /*@
          loop invariant  (\at(flag, Pre) != 0 && \at(flag, Pre) > 0) ==> (((j == 1)&&(i == 0)&&(flag == \at(flag, Pre))) || (i >= 0)) ;
          loop invariant  (\at(flag, Pre) != 0 && \at(flag, Pre) > 0) ==> (((j == 1)&&(i == 0)&&(flag == \at(flag, Pre))) || (j >= 1)) ;
          loop invariant (\at(flag, Pre) != 0 && \at(flag, Pre) > 0) ==> (flag == \at(flag, Pre));
                */
                while (unknown1()) {
    i += 2;
    if (i % 2 == 0) {
      j += 2;
    } else j++;
  }
                

  int a = 0;
  int b = 0;

  
                
                /*@
                loop invariant a == b [INVARIANT FAILED] ;
                */
                while (unknown2()) {
    a++;
    b += (j - i);
  }
                
  /*@ assert (flag!= 0) ==> (a==b); */
}

### Error Analysis:

b. **Goal Preservation of Invariant** is violated:

   - **Formula Violated:** `Inv(var) ==> Inv(var')` where `loop invariant a == b;`
   
   - **Why it is Incorrect:** The invariant `a == b` fails preservation because the operations inside the loop could lead to `a` and `b` differing. Specifically, `b += (j - i);` does not guarantee `b` remains equal to `a`, since `j - i` can be non-zero.
   
   - **How to Modify it:** Replace the equality constraint with a range constraint that captures the possible values `b` can take relative to `a`.
   
   - **Rationale Behind the Modification:** Given the operations, `b` can be different from `a` depending on the values of `j` and `i`. A range constraint or difference constraint will account for these possible variations while still allowing the post-condition to be verified.

### Fixed C Code:

```c
int unknown1();
int unknown2();

/*@
requires flag > 0;
*/
void foo(int flag) {
  int i, j, k;
  j = 1;
  if (flag) {
    i = 0;
  } else {
    i = 1;
  }

  
                
                /*@
          loop invariant  (\at(flag, Pre) != 0 && \at(flag, Pre) > 0) ==> (((j == 1)&&(i == 0)&&(flag == \at(flag, Pre))) || (i >= 0)) ;
          loop invariant  (\at(flag, Pre) != 0 && \at(flag, Pre) > 0) ==> (((j == 1)&&(i == 0)&&(flag == \at(flag, Pre))) || (j >= 1)) ;
          loop invariant (\at(flag, Pre) != 0 && \at(flag, Pre) > 0) ==> (flag == \at(flag, Pre));
                */
                while (unknown1()) {
    i += 2;
    if (i % 2 == 0) {
      j += 2;
    } else j++;
  }
                

  int a = 0;
  int b = 0;

  
                
                /*@
                loop invariant a <= b && b <= a + (j - i);
                */
                while (unknown2()) {
    a++;
    b += (j - i);
  }
                
  /*@ assert (flag!= 0) ==> (a==b); */
}
```
after weaken

int unknown1();
int unknown2();

/*@
requires flag > 0;
*/
void foo(int flag) {
  int i, j, k;
  j = 1;
  if (flag) {
    i = 0;
  } else {
    i = 1;
  }

  
                
                /*@
          loop invariant  (\at(flag, Pre) != 0 && \at(flag, Pre) > 0) ==> (((j == 1)&&(i == 0)&&(flag == \at(flag, Pre))) || (i >= 0)) ;
          loop invariant  (\at(flag, Pre) != 0 && \at(flag, Pre) > 0) ==> (((j == 1)&&(i == 0)&&(flag == \at(flag, Pre))) || (j >= 1)) ;
          loop invariant (\at(flag, Pre) != 0 && \at(flag, Pre) > 0) ==> (flag == \at(flag, Pre));
                */
                while (unknown1()) {
    i += 2;
    if (i % 2 == 0) {
      j += 2;
    } else j++;
  }
                

  int a = 0;
  int b = 0;

  
                
                /*@
                loop invariant a <= b && b <= a + (j - i);
                */
                while (unknown2()) {
    a++;
    b += (j - i);
  }
                
  /*@ assert (flag!= 0) ==> (a==b); */
}

syntax Correct
Validate:
[True, True, True, False]

Goal Preservation of Invariant (file output/040.c, line 38)
Error found in file: output/040.c at line: 38
Error line content: loop invariant a <= b && b <= a + (j - i);

Goal Establishment of Invariant (file output/040.c, line 38)
Error found in file: output/040.c at line: 38
Error line content: loop invariant a <= b && b <= a + (j - i);

Verify:
[False]

Goal Assertion (file output/040.c, line 45)
Error found in file: output/040.c at line: 45
Error line content: /*@ assert (flag!= 0) ==> (a==b); */


int unknown1();
int unknown2();

/*@
requires flag > 0;
*/
void foo(int flag) {
  int i, j, k;
  j = 1;
  if (flag) {
    i = 0;
  } else {
    i = 1;
  }

  
                
                /*@
          loop invariant  (\at(flag, Pre) != 0 && \at(flag, Pre) > 0) ==> (((j == 1)&&(i == 0)&&(flag == \at(flag, Pre))) || (i >= 0)) ;
          loop invariant  (\at(flag, Pre) != 0 && \at(flag, Pre) > 0) ==> (((j == 1)&&(i == 0)&&(flag == \at(flag, Pre))) || (j >= 1)) ;
          loop invariant (\at(flag, Pre) != 0 && \at(flag, Pre) > 0) ==> (flag == \at(flag, Pre));
                */
                while (unknown1()) {
    i += 2;
    if (i % 2 == 0) {
      j += 2;
    } else j++;
  }
                

  int a = 0;
  int b = 0;

  
                
                /*@
                loop invariant a <= b && b <= a + (j - i) [INVARIANT FAILED] ;
                */
                while (unknown2()) {
    a++;
    b += (j - i);
  }
                
  /*@ assert (flag!= 0) ==> (a==b); */
}

### Error Analysis

#### a. Goal Establishment of Invariant

- **Formula Violated**: `precond ==> Inv(a <= b && b <= a + (j - i))`
- **Why it is Incorrect**: The precondition does not provide sufficient constraints to establish `a <= b` and `b <= a + (j - i)` initially, as both `a` and `b` start at 0 but `(j - i)` starts at 1, so `b` can be negative initially.
- **How to Modify**: Regenerate the invariant to correctly reflect the initial state and variable relationships.
- **Rationale**: The loop invariant should be established with `b == a` initially since both start at 0, and `b` should increase only according to the sum of increments in `a`.

#### b. Goal Preservation of Invariant

- **Formula Violated**: `Inv(a <= b && b <= a + (j - i)) ==> Inv(a <= b && b <= a + (j - i))'`
- **Why it is Incorrect**: The operations inside the loop do not guarantee the preservation of `b <= a + (j - i)` because `b` is incremented by `(j - i)`, which can be negative.
- **How to Modify**: Regenerate the invariant to reflect the change in `b` correctly with respect to `a`.
- **Rationale**: Adjust the invariant such that it aligns with the increments and decrements performed in the loop body, ensuring `a == b` is maintained.

#### c. Goal Assertion

- **Formula Violated**: `Inv(a <= b && b <= a + (j - i)) && !loopcond ==> postcond(a == b)`
- **Why the Loop Invariant Can't Verify Postcondition**: The invariant `a <= b && b <= a + (j - i)` does not ensure `a == b` at termination if `j - i` is non-zero.
- **How to Modify**: Regenerate the invariant to ensure `a == b` throughout the loop.
- **Rationale**: Adjust the invariant such that it holds `a == b` throughout the loop execution, which will satisfy the postcondition.

### Fixed C Code

```c
int unknown1();
int unknown2();

/*@
requires flag > 0;
*/
void foo(int flag) {
  int i, j, k;
  j = 1;
  if (flag) {
    i = 0;
  } else {
    i = 1;
  }

  
                
                /*@
          loop invariant  (\at(flag, Pre) != 0 && \at(flag, Pre) > 0) ==> (((j == 1)&&(i == 0)&&(flag == \at(flag, Pre))) || (i >= 0)) ;
          loop invariant  (\at(flag, Pre) != 0 && \at(flag, Pre) > 0) ==> (((j == 1)&&(i == 0)&&(flag == \at(flag, Pre))) || (j >= 1)) ;
          loop invariant (\at(flag, Pre) != 0 && \at(flag, Pre) > 0) ==> (flag == \at(flag, Pre));
                */
                while (unknown1()) {
    i += 2;
    if (i % 2 == 0) {
      j += 2;
    } else j++;
  }
                

  int a = 0;
  int b = 0;

  
                
                /*@
                loop invariant a == b;
                */
                while (unknown2()) {
    a++;
    b += (j - i);
  }
                
  /*@ assert (flag!= 0) ==> (a==b); */
}
```


after regen

int unknown1();
int unknown2();

/*@
requires flag > 0;
*/
void foo(int flag) {
  int i, j, k;
  j = 1;
  if (flag) {
    i = 0;
  } else {
    i = 1;
  }

  
                
                /*@
          loop invariant  (\at(flag, Pre) != 0 && \at(flag, Pre) > 0) ==> (((j == 1)&&(i == 0)&&(flag == \at(flag, Pre))) || (i >= 0)) ;
          loop invariant  (\at(flag, Pre) != 0 && \at(flag, Pre) > 0) ==> (((j == 1)&&(i == 0)&&(flag == \at(flag, Pre))) || (j >= 1)) ;
          loop invariant (\at(flag, Pre) != 0 && \at(flag, Pre) > 0) ==> (flag == \at(flag, Pre));
                */
                while (unknown1()) {
    i += 2;
    if (i % 2 == 0) {
      j += 2;
    } else j++;
  }
                

  int a = 0;
  int b = 0;

  
                
                /*@
                loop invariant a == b;
                */
                while (unknown2()) {
    a++;
    b += (j - i);
  }
                
  /*@ assert (flag!= 0) ==> (a==b); */
}

syntax Correct
Validate:
[True, True, True, False]

Goal Preservation of Invariant (file output/040.c, line 38)
Error found in file: output/040.c at line: 38
Error line content: loop invariant a == b;

Verify:
[True]


int unknown1();
int unknown2();

/*@
requires flag > 0;
*/
void foo(int flag) {
  int i, j, k;
  j = 1;
  if (flag) {
    i = 0;
  } else {
    i = 1;
  }

  
                
                /*@
          loop invariant  (\at(flag, Pre) != 0 && \at(flag, Pre) > 0) ==> (((j == 1)&&(i == 0)&&(flag == \at(flag, Pre))) || (i >= 0)) ;
          loop invariant  (\at(flag, Pre) != 0 && \at(flag, Pre) > 0) ==> (((j == 1)&&(i == 0)&&(flag == \at(flag, Pre))) || (j >= 1)) ;
          loop invariant (\at(flag, Pre) != 0 && \at(flag, Pre) > 0) ==> (flag == \at(flag, Pre));
                */
                while (unknown1()) {
    i += 2;
    if (i % 2 == 0) {
      j += 2;
    } else j++;
  }
                

  int a = 0;
  int b = 0;

  
                
                /*@
                loop invariant a == b [INVARIANT FAILED] ;
                */
                while (unknown2()) {
    a++;
    b += (j - i);
  }
                
  /*@ assert (flag!= 0) ==> (a==b); */
}

### Error Analysis

b. **Goal Preservation of Invariant is violated**

- **The formula it violates:** `Inv(var) ==> Inv(var')` which corresponds to `a == b` needing to remain true after each iteration of the loop.

- **Why it is incorrect:** The loop increments `a` by 1 and `b` is incremented by `(j - i)` in each iteration. While `a` and `b` start as equal, the operations inside the loop can lead to a situation where `b` is not equal to `a` due to the value `(j - i)` changing if `i` and `j` are modified.

- **How to modify it:** Weaken the equality invariant to account for changes in `b` relative to `a`. A range constraint can be used here, considering that `b` is incremented by `(j - i)`.

- **The rationale behind the modification:** Instead of requiring `a` to always equal `b`, we allow `b` to be equal to `a` plus some offset that is determined by the operations inside the loop. This allows the invariant to remain valid when `j` and `i` change.

### Fixed C Code

```c
int unknown1();
int unknown2();

/*@
requires flag > 0;
*/
void foo(int flag) {
  int i, j, k;
  j = 1;
  if (flag) {
    i = 0;
  } else {
    i = 1;
  }

  
                
                /*@
          loop invariant  (\at(flag, Pre) != 0 && \at(flag, Pre) > 0) ==> (((j == 1)&&(i == 0)&&(flag == \at(flag, Pre))) || (i >= 0)) ;
          loop invariant  (\at(flag, Pre) != 0 && \at(flag, Pre) > 0) ==> (((j == 1)&&(i == 0)&&(flag == \at(flag, Pre))) || (j >= 1)) ;
          loop invariant (\at(flag, Pre) != 0 && \at(flag, Pre) > 0) ==> (flag == \at(flag, Pre));
                */
                while (unknown1()) {
    i += 2;
    if (i % 2 == 0) {
      j += 2;
    } else j++;
  }
                

  int a = 0;
  int b = 0;

  
                
                /*@
                loop invariant a <= b && b <= a + (j - i);
                */
                while (unknown2()) {
    a++;
    b += (j - i);
  }
                
  /*@ assert (flag!= 0) ==> (a==b); */
}
```
after weaken

int unknown1();
int unknown2();

/*@
requires flag > 0;
*/
void foo(int flag) {
  int i, j, k;
  j = 1;
  if (flag) {
    i = 0;
  } else {
    i = 1;
  }

  
                
                /*@
          loop invariant  (\at(flag, Pre) != 0 && \at(flag, Pre) > 0) ==> (((j == 1)&&(i == 0)&&(flag == \at(flag, Pre))) || (i >= 0)) ;
          loop invariant  (\at(flag, Pre) != 0 && \at(flag, Pre) > 0) ==> (((j == 1)&&(i == 0)&&(flag == \at(flag, Pre))) || (j >= 1)) ;
          loop invariant (\at(flag, Pre) != 0 && \at(flag, Pre) > 0) ==> (flag == \at(flag, Pre));
                */
                while (unknown1()) {
    i += 2;
    if (i % 2 == 0) {
      j += 2;
    } else j++;
  }
                

  int a = 0;
  int b = 0;

  
                
                /*@
                loop invariant a <= b && b <= a + (j - i);
                */
                while (unknown2()) {
    a++;
    b += (j - i);
  }
                
  /*@ assert (flag!= 0) ==> (a==b); */
}

syntax Correct
Validate:
[True, True, True, False]

Goal Preservation of Invariant (file output/040.c, line 38)
Error found in file: output/040.c at line: 38
Error line content: loop invariant a <= b && b <= a + (j - i);

Goal Establishment of Invariant (file output/040.c, line 38)
Error found in file: output/040.c at line: 38
Error line content: loop invariant a <= b && b <= a + (j - i);

Verify:
[False]

Goal Assertion (file output/040.c, line 45)
Error found in file: output/040.c at line: 45
Error line content: /*@ assert (flag!= 0) ==> (a==b); */

after hudini

int unknown1();
int unknown2();

/*@
requires flag > 0;
*/
void foo(int flag) {
  int i, j, k;
  j = 1;
  if (flag) {
    i = 0;
  } else {
    i = 1;
  }

  
                
                /*@
          loop invariant  (\at(flag, Pre) != 0 && \at(flag, Pre) > 0) ==> (((j == 1)&&(i == 0)&&(flag == \at(flag, Pre))) || (i >= 0)) ;
          loop invariant  (\at(flag, Pre) != 0 && \at(flag, Pre) > 0) ==> (((j == 1)&&(i == 0)&&(flag == \at(flag, Pre))) || (j >= 1)) ;
          loop invariant (\at(flag, Pre) != 0 && \at(flag, Pre) > 0) ==> (flag == \at(flag, Pre));
                */
                while (unknown1()) {
    i += 2;
    if (i % 2 == 0) {
      j += 2;
    } else j++;
  }
                

  int a = 0;
  int b = 0;

  
                
                /*@
                */
                while (unknown2()) {
    a++;
    b += (j - i);
  }
                
  /*@ assert (flag!= 0) ==> (a==b); */
}

syntax Error
[kernel] Parsing output/040.c (with preprocessing)
[kernel:annot-error] output/040.c:38: Warning: unexpected token ''
[kernel] User Error: warning annot-error treated as fatal error.
[kernel] Frama-C aborted: invalid user input.

syntax Error
[kernel] Parsing output/040.c (with preprocessing)
[kernel:annot-error] output/040.c:38: Warning: unexpected token ''
[kernel] User Error: warning annot-error treated as fatal error.
[kernel] Frama-C aborted: invalid user input.

/*@
                */
                while (unknown2()) {
    a++;
    b += (j - i);
  }
INNER_FLAG: False
Variable Maps: [{'b': '0', 'a': '0', 'j': '1', 'i': '0', 'flag': 'flag@pre'}]
Path conditions: [None]
Pre condition: exists retval_40, retval_40 == 0 && retval_40 <= INT_MAX && retval_40 > INT_MIN && flag@pre != 0 && flag@pre > 0 && (b == 0) * (a == 0) * undef_data_at(&k) * (j == 1) * (i == 0) * (flag == flag@pre)
Loop Condition: unknown2()
Updated Loop Conditions: ['unknown2()']
Global Unchanged Variables ['j', 'i', 'flag']
Non Inductive Variables []
[{'b': '0', 'a': '0', 'j': '1', 'i': '0', 'flag': 'flag@pre'}]
[None]

int unknown1();
int unknown2();

/*@
requires flag > 0;
*/
void foo(int flag) {
  int i, j, k;
  j = 1;
  if (flag) {
    i = 0;
  } else {
    i = 1;
  }

  
                
                /*@
          loop invariant  (\at(flag, Pre) != 0 && \at(flag, Pre) > 0) ==> (((j == 1)&&(i == 0)&&(flag == \at(flag, Pre))) || (i >= 0)) ;
          loop invariant  (\at(flag, Pre) != 0 && \at(flag, Pre) > 0) ==> (((j == 1)&&(i == 0)&&(flag == \at(flag, Pre))) || (j >= 1)) ;
          loop invariant (\at(flag, Pre) != 0 && \at(flag, Pre) > 0) ==> (flag == \at(flag, Pre));
                */
                while (unknown1()) {
    i += 2;
    if (i % 2 == 0) {
      j += 2;
    } else j++;
  }
                

  int a = 0;
  int b = 0;

  
                
                /*@
                */
                
                
        /* >>> LOOP INVARIANT TO FILL <<< 
        >>> PRECONDITION OF THE LOOP : exists retval_40, retval_40 == 0 && retval_40 <= INT_MAX && retval_40 > INT_MIN && \at(flag, Pre) != 0 && \at(flag, Pre) > 0 && (b == 0) * (a == 0) * undef_data_at(&k) * (j == 1) * (i == 0) * (flag == \at(flag, Pre)) <<< */
        
                /*@
          loop invariant PLACE_HOLDER_flag ;
          loop invariant PLACE_HOLDER_i ;
          loop invariant PLACE_HOLDER_j ;
          loop invariant PLACE_HOLDER_a ;
          loop invariant PLACE_HOLDER_b ;
                */
                while (unknown2()) {
    a++;
    b += (j - i);
  }
                
                
  /*@ assert (flag!= 0) ==> (a==b); */
}

To generate loop invariants, we need to ensure the invariants satisfy the establishment, preservation, and termination conditions. Based on the given precondition and postcondition, we'll fill in the placeholders with appropriate invariants.

### Analysis:

#### a. Purpose and Structure of the Loop:
- **Objective:** The second loop increments `a` by 1 and adds `(j - i)` to `b` in each iteration. The goal is for the loop to establish a relationship such that `a == b` upon termination.
- **Structure:**
  - **Condition:** The loop condition is determined by `unknown2()`.
  - **Body:** Increments `a` and adjusts `b` by `(j - i)`.
  - **Variables:** The variables `a`, `b`, `i`, and `j` are relevant for the loop behavior.

#### b. Discussion of the Loop Invariant:
- **Invariants:**
  - `PLACE_HOLDER_flag`: Ensures `flag` remains constant and positive.
  - `PLACE_HOLDER_i`: Ensures the variable `i` is non-negative.
  - `PLACE_HOLDER_j`: Ensures the variable `j` is at least 1.
  - `PLACE_HOLDER_a`: Relates `a` to `b` considering their updates.
  - `PLACE_HOLDER_b`: Relates `b` to `a` and the difference `(j - i)`.

#### c. Establishment:
- **Establishment condition:** Each invariant is true before the loop starts. Initially, `a == 0`, `b == 0`, `i = 0`, `j = 1`, and `flag > 0`.

#### d. Preservation:
- **Preservation condition:** In each iteration, the invariants hold as `a` and `b` are updated consistently with their relationship.

#### e. Termination Analysis of the Loop:
- **Termination condition:** When `unknown2()` is false, the loop terminates, and the invariants ensure `a == b`.

#### f. Correctness of the Post-condition:
- **Post-condition verification:** The invariants ensure `a == b` when the loop ends, which implies the post-condition.

#### g. Implication of the Pre-condition:
- **Implication condition:** The precondition directly supports the establishment of the invariants.

### Fixed C Code with Invariants:

```c
int unknown1();
int unknown2();

/*@
requires flag > 0;
*/
void foo(int flag) {
  int i, j, k;
  j = 1;
  if (flag) {
    i = 0;
  } else {
    i = 1;
  }

  /*@
    loop invariant  (\at(flag, Pre) != 0 && \at(flag, Pre) > 0) ==> (((j == 1)&&(i == 0)&&(flag == \at(flag, Pre))) || (i >= 0)) ;
    loop invariant  (\at(flag, Pre) != 0 && \at(flag, Pre) > 0) ==> (((j == 1)&&(i == 0)&&(flag == \at(flag, Pre))) || (j >= 1)) ;
    loop invariant (\at(flag, Pre) != 0 && \at(flag, Pre) > 0) ==> (flag == \at(flag, Pre));
  */
  while (unknown1()) {
    i += 2;
    if (i % 2 == 0) {
      j += 2;
    } else j++;
  }

  int a = 0;
  int b = 0;

  /*@
    loop invariant flag > 0;
    loop invariant i >= 0;
    loop invariant j >= 1;
    loop invariant b == a * (j - i);
    loop invariant a >= 0;
  */
  while (unknown2()) {
    a++;
    b += (j - i);
  }
  
  /*@ assert (flag!= 0) ==> (a==b); */
}
```

This provides a complete set of invariants that maintain the correctness of the loop and ensure the post-condition `a == b` is met after the loop terminates.

int unknown1();
int unknown2();

/*@
requires flag > 0;
*/
void foo(int flag) {
  int i, j, k;
  j = 1;
  if (flag) {
    i = 0;
  } else {
    i = 1;
  }

  /*@
    loop invariant  (\at(flag, Pre) != 0 && \at(flag, Pre) > 0) ==> (((j == 1)&&(i == 0)&&(flag == \at(flag, Pre))) || (i >= 0)) ;
    loop invariant  (\at(flag, Pre) != 0 && \at(flag, Pre) > 0) ==> (((j == 1)&&(i == 0)&&(flag == \at(flag, Pre))) || (j >= 1)) ;
    loop invariant (\at(flag, Pre) != 0 && \at(flag, Pre) > 0) ==> (flag == \at(flag, Pre));
  */
  while (unknown1()) {
    i += 2;
    if (i % 2 == 0) {
      j += 2;
    } else j++;
  }

  int a = 0;
  int b = 0;

  /*@
    loop invariant flag > 0;
    loop invariant i >= 0;
    loop invariant j >= 1;
    loop invariant b == a * (j - i);
    loop invariant a >= 0;
  */
  while (unknown2()) {
    a++;
    b += (j - i);
  }
  
  /*@ assert (flag!= 0) ==> (a==b); */
}


int unknown1();
int unknown2();

/*@
requires flag > 0;
*/
void foo(int flag) {
  int i, j, k;
  j = 1;
  if (flag) {
    i = 0;
  } else {
    i = 1;
  }

  /*@
    loop invariant  (\at(flag, Pre) != 0 && \at(flag, Pre) > 0) ==> (((j == 1)&&(i == 0)&&(flag == \at(flag, Pre))) || (i >= 0)) ;
    loop invariant  (\at(flag, Pre) != 0 && \at(flag, Pre) > 0) ==> (((j == 1)&&(i == 0)&&(flag == \at(flag, Pre))) || (j >= 1)) ;
    loop invariant (\at(flag, Pre) != 0 && \at(flag, Pre) > 0) ==> (flag == \at(flag, Pre));
  */
  while (unknown1()) {
    i += 2;
    if (i % 2 == 0) {
      j += 2;
    } else j++;
  }

  int a = 0;
  int b = 0;

  /*@
    loop invariant flag > 0;
    loop invariant i >= 0;
    loop invariant j >= 1;
    loop invariant b == a * (j - i);
    loop invariant a >= 0;
  */
  while (unknown2()) {
    a++;
    b += (j - i);
  }
  
  /*@ assert (flag!= 0) ==> (a==b); */
}

syntax Correct
Validate:
[True, True, True, True, True, True, True, True]

Verify:
[False]

Goal Assertion (file output/040.c, line 44)
Error found in file: output/040.c at line: 44
Error line content: /*@ assert (flag!= 0) ==> (a==b); */

### Error Analysis:

The error in the assertion `(flag != 0) ==> (a == b)` indicates that the current loop invariant is not strong enough to ensure the postcondition after the loop. The formula it violates is `(Inv(var) && !loopcond ==> postcond)`.

1. **Why the loop invariant can't verify the postcondition**:
   - The current invariant `b == a * (j - i)` does not directly imply `a == b` when the loop terminates. The relationship between `a` and `b` needs to be adjusted to ensure that `a` becomes equal to `b`, given the operations inside the loop.

2. **How to modify the loop invariant**:
   - Strengthen the invariant by ensuring that `b` is updated in such a way that it eventually equals `a` when the loop terminates. This can be done by modifying the invariant to track how `b` changes in relation to `a` more precisely.

3. **Rationale behind the modification**:
   - By adjusting the relationship between `a` and `b` in the invariant, you ensure that the assertion `a == b` holds after the loop terminates.

### Fixed C Code:

```c
int unknown1();
int unknown2();

/*@
requires flag > 0;
*/
void foo(int flag) {
  int i, j, k;
  j = 1;
  if (flag) {
    i = 0;
  } else {
    i = 1;
  }

  /*@
    loop invariant  (\at(flag, Pre) != 0 && \at(flag, Pre) > 0) ==> (((j == 1)&&(i == 0)&&(flag == \at(flag, Pre))) || (i >= 0)) ;
    loop invariant  (\at(flag, Pre) != 0 && \at(flag, Pre) > 0) ==> (((j == 1)&&(i == 0)&&(flag == \at(flag, Pre))) || (j >= 1)) ;
    loop invariant (\at(flag, Pre) != 0 && \at(flag, Pre) > 0) ==> (flag == \at(flag, Pre));
  */
  while (unknown1()) {
    i += 2;
    if (i % 2 == 0) {
      j += 2;
    } else j++;
  }

  int a = 0;
  int b = 0;

  /*@
    loop invariant flag > 0;
    loop invariant i >= 0;
    loop invariant j >= 1;
    loop invariant a >= 0;
    loop invariant b == a + a * (j - i); // Strengthened invariant
  */
  while (unknown2()) {
    a++;
    b += (j - i);
  }
  
  /*@ assert (flag!= 0) ==> (a==b); */
}
```
after strength

int unknown1();
int unknown2();

/*@
requires flag > 0;
*/
void foo(int flag) {
  int i, j, k;
  j = 1;
  if (flag) {
    i = 0;
  } else {
    i = 1;
  }

  /*@
    loop invariant  (\at(flag, Pre) != 0 && \at(flag, Pre) > 0) ==> (((j == 1)&&(i == 0)&&(flag == \at(flag, Pre))) || (i >= 0)) ;
    loop invariant  (\at(flag, Pre) != 0 && \at(flag, Pre) > 0) ==> (((j == 1)&&(i == 0)&&(flag == \at(flag, Pre))) || (j >= 1)) ;
    loop invariant (\at(flag, Pre) != 0 && \at(flag, Pre) > 0) ==> (flag == \at(flag, Pre));
  */
  while (unknown1()) {
    i += 2;
    if (i % 2 == 0) {
      j += 2;
    } else j++;
  }

  int a = 0;
  int b = 0;

  /*@
    loop invariant flag > 0;
    loop invariant i >= 0;
    loop invariant j >= 1;
    loop invariant a >= 0;
    loop invariant b == a + a * (j - i); // Strengthened invariant
  */
  while (unknown2()) {
    a++;
    b += (j - i);
  }
  
  /*@ assert (flag!= 0) ==> (a==b); */
}

syntax Correct
Validate:
[True, True, True, True, True, True, True, False]

Goal Preservation of Invariant (file output/040.c, line 37)
Error found in file: output/040.c at line: 37
Error line content: loop invariant b == a + a * (j - i); // Strengthened invariant

Verify:
[False]

Goal Assertion (file output/040.c, line 44)
Error found in file: output/040.c at line: 44
Error line content: /*@ assert (flag!= 0) ==> (a==b); */


int unknown1();
int unknown2();

/*@
requires flag > 0;
*/
void foo(int flag) {
  int i, j, k;
  j = 1;
  if (flag) {
    i = 0;
  } else {
    i = 1;
  }

  /*@
    loop invariant  (\at(flag, Pre) != 0 && \at(flag, Pre) > 0) ==> (((j == 1)&&(i == 0)&&(flag == \at(flag, Pre))) || (i >= 0)) ;
    loop invariant  (\at(flag, Pre) != 0 && \at(flag, Pre) > 0) ==> (((j == 1)&&(i == 0)&&(flag == \at(flag, Pre))) || (j >= 1)) ;
    loop invariant (\at(flag, Pre) != 0 && \at(flag, Pre) > 0) ==> (flag == \at(flag, Pre));
  */
  while (unknown1()) {
    i += 2;
    if (i % 2 == 0) {
      j += 2;
    } else j++;
  }

  int a = 0;
  int b = 0;

  /*@
    loop invariant flag > 0;
    loop invariant i >= 0;
    loop invariant j >= 1;
    loop invariant a >= 0;
    loop invariant b == a + a * (j - i); // Strengthened invariant
  */
  while (unknown2()) {
    a++ [INVARIANT FAILED] ;
    b += (j - i);
  }
  
  /*@ assert (flag!= 0) ==> (a==b); */
}

### Error Analysis:

#### b. Goal Preservation of Invariant:

- **Formula it violates**: `Inv(var) ==> Inv(var')`
- **Why it is incorrect**: The invariant `b == a + a * (j - i)` fails to be preserved because the increment of `a` and the update of `b` does not satisfy this invariant after each loop iteration. The relationship between `a` and `b` does not hold as described.
- **How to modify it**: The invariant needs to be weakened or redefined to correctly reflect the operations on `a` and `b`. A more appropriate invariant would be `b == a * (j - i)`, which directly corresponds to the operations performed within the loop.
- **Rationale behind the regeneration**: The invariant should correctly express the relationship between `a` and `b` that is maintained by the operations within the loop.

#### c. Goal Assertion of Invariant:

- **Formula it violates**: `(Inv(var) && !loopcond ==> postcond)`
- **Why the loop invariant can't verify postcondition**: The faulty invariant `b == a + a * (j - i)` does not lead to the postcondition `a == b` because it inaccurately represents the relationship between `a` and `b`.
- **How to modify the loop invariant**: As mentioned, the correct invariant would be `b == a * (j - i)`. This invariant, when combined with the loop's exit condition, should correctly imply the postcondition `a == b` when `j == i`.
- **Rationale behind the modification**: The invariant should logically lead to the postcondition upon loop termination, ensuring correctness.

### Fixed C Code:

```c
int unknown1();
int unknown2();

/*@
requires flag > 0;
*/
void foo(int flag) {
  int i, j, k;
  j = 1;
  if (flag) {
    i = 0;
  } else {
    i = 1;
  }

  /*@
    loop invariant  (\at(flag, Pre) != 0 && \at(flag, Pre) > 0) ==> (((j == 1)&&(i == 0)&&(flag == \at(flag, Pre))) || (i >= 0)) ;
    loop invariant  (\at(flag, Pre) != 0 && \at(flag, Pre) > 0) ==> (((j == 1)&&(i == 0)&&(flag == \at(flag, Pre))) || (j >= 1)) ;
    loop invariant (\at(flag, Pre) != 0 && \at(flag, Pre) > 0) ==> (flag == \at(flag, Pre));
  */
  while (unknown1()) {
    i += 2;
    if (i % 2 == 0) {
      j += 2;
    } else j++;
  }

  int a = 0;
  int b = 0;

  /*@
    loop invariant flag > 0;
    loop invariant i >= 0;
    loop invariant j >= 1;
    loop invariant a >= 0;
    loop invariant b == a * (j - i);
  */
  while (unknown2()) {
    a++;
    b += (j - i);
  }
  
  /*@ assert (flag!= 0) ==> (a==b); */
}
```
after regen

int unknown1();
int unknown2();

/*@
requires flag > 0;
*/
void foo(int flag) {
  int i, j, k;
  j = 1;
  if (flag) {
    i = 0;
  } else {
    i = 1;
  }

  /*@
    loop invariant  (\at(flag, Pre) != 0 && \at(flag, Pre) > 0) ==> (((j == 1)&&(i == 0)&&(flag == \at(flag, Pre))) || (i >= 0)) ;
    loop invariant  (\at(flag, Pre) != 0 && \at(flag, Pre) > 0) ==> (((j == 1)&&(i == 0)&&(flag == \at(flag, Pre))) || (j >= 1)) ;
    loop invariant (\at(flag, Pre) != 0 && \at(flag, Pre) > 0) ==> (flag == \at(flag, Pre));
  */
  while (unknown1()) {
    i += 2;
    if (i % 2 == 0) {
      j += 2;
    } else j++;
  }

  int a = 0;
  int b = 0;

  /*@
    loop invariant flag > 0;
    loop invariant i >= 0;
    loop invariant j >= 1;
    loop invariant a >= 0;
    loop invariant b == a * (j - i);
  */
  while (unknown2()) {
    a++;
    b += (j - i);
  }
  
  /*@ assert (flag!= 0) ==> (a==b); */
}

syntax Correct
Validate:
[True, True, True, True, True, True, True, True]

Verify:
[False]

Goal Assertion (file output/040.c, line 44)
Error found in file: output/040.c at line: 44
Error line content: /*@ assert (flag!= 0) ==> (a==b); */

### Error Analysis:

**Goal Assertion of Invariant Violation:**

- **Formula Violated:** `(Inv(var) && !loopcond ==> postcond)`
- **Why the loop invariant can't verify postcondition:** The current loop invariant `b == a * (j - i)` is insufficient to establish that `a == b` when the loop terminates. The relationship between `a` and `b` is not accurately captured by the invariant provided.
- **How to modify the loop invariant:** Add an invariant that more precisely captures the relationship between `a` and `b` as they evolve through the loop iterations so that the assertion `a == b` can be verified when the loop exits.
- **Rationale behind the modification:** The invariant needs to account for how `b` accumulates the differences between `j` and `i` during each iteration, which directly affects the final relationship between `a` and `b`.

### Fixed C Code:

```c
int unknown1();
int unknown2();

/*@
requires flag > 0;
*/
void foo(int flag) {
  int i, j, k;
  j = 1;
  if (flag) {
    i = 0;
  } else {
    i = 1;
  }

  /*@
    loop invariant  (\at(flag, Pre) != 0 && \at(flag, Pre) > 0) ==> (((j == 1)&&(i == 0)&&(flag == \at(flag, Pre))) || (i >= 0)) ;
    loop invariant  (\at(flag, Pre) != 0 && \at(flag, Pre) > 0) ==> (((j == 1)&&(i == 0)&&(flag == \at(flag, Pre))) || (j >= 1)) ;
    loop invariant (\at(flag, Pre) != 0 && \at(flag, Pre) > 0) ==> (flag == \at(flag, Pre));
  */
  while (unknown1()) {
    i += 2;
    if (i % 2 == 0) {
      j += 2;
    } else j++;
  }

  int a = 0;
  int b = 0;

  /*@
    loop invariant flag > 0;
    loop invariant i >= 0;
    loop invariant j >= 1;
    loop invariant a >= 0;
    loop invariant b == a * (j - i);
    loop invariant a == b; // Strengthened invariant to ensure postcondition
  */
  while (unknown2()) {
    a++;
    b += (j - i);
  }
  
  /*@ assert (flag!= 0) ==> (a==b); */
}
```

The invariant `a == b` is added to ensure that the assertion `a == b` holds true when the loop terminates. This addresses the error by capturing the direct relationship needed for the postcondition to be verified.
after strength

int unknown1();
int unknown2();

/*@
requires flag > 0;
*/
void foo(int flag) {
  int i, j, k;
  j = 1;
  if (flag) {
    i = 0;
  } else {
    i = 1;
  }

  /*@
    loop invariant  (\at(flag, Pre) != 0 && \at(flag, Pre) > 0) ==> (((j == 1)&&(i == 0)&&(flag == \at(flag, Pre))) || (i >= 0)) ;
    loop invariant  (\at(flag, Pre) != 0 && \at(flag, Pre) > 0) ==> (((j == 1)&&(i == 0)&&(flag == \at(flag, Pre))) || (j >= 1)) ;
    loop invariant (\at(flag, Pre) != 0 && \at(flag, Pre) > 0) ==> (flag == \at(flag, Pre));
  */
  while (unknown1()) {
    i += 2;
    if (i % 2 == 0) {
      j += 2;
    } else j++;
  }

  int a = 0;
  int b = 0;

  /*@
    loop invariant flag > 0;
    loop invariant i >= 0;
    loop invariant j >= 1;
    loop invariant a >= 0;
    loop invariant b == a * (j - i);
    loop invariant a == b; // Strengthened invariant to ensure postcondition
  */
  while (unknown2()) {
    a++;
    b += (j - i);
  }
  
  /*@ assert (flag!= 0) ==> (a==b); */
}

syntax Correct
Validate:
[True, True, True, True, True, True, True, True, False]

Goal Preservation of Invariant (file output/040.c, line 38)
Error found in file: output/040.c at line: 38
Error line content: loop invariant a == b; // Strengthened invariant to ensure postcondition

Verify:
[True]

/*@
    loop invariant flag > 0;
    loop invariant i >= 0;
    loop invariant j >= 1;
    loop invariant a >= 0;
    loop invariant b == a * (j - i);
    loop invariant a == b; // Strengthened invariant to ensure postcondition
  */
  while (unknown2()) {
    a++;
    b += (j - i);
  }
syntax Correct
Validate:
[True, True, True, True, True, True, True, True, False]

Goal Preservation of Invariant (file output/040.c, line 38)
Error found in file: output/040.c at line: 38
Error line content: loop invariant a == b; // Strengthened invariant to ensure postcondition

Verify:
[True]

syntax Correct
Validate:
[True, True, True, True, True, True, True, True, False]

Goal Preservation of Invariant (file output/040.c, line 38)
Error found in file: output/040.c at line: 38
Error line content: loop invariant a == b; // Strengthened invariant to ensure postcondition

Verify:
[True]

[(316, 404, 0), (435, 486, 1)]
[(316, 404, 0), (435, 486, 1)]
[(316, 404, 0), (435, 486, 1)]
[(316, 404, 0), (435, 486, 1)]
Loop 0 : Outer
Loop 1 : Outer
Sorted indices: [0, 1]
File found: ../sac_c_parser/test/../ip_postcond/goal/040_goal.v. Deleting the file.
File found: ../sac_c_parser/test/../ip_postcond/goal/040_proof_auto.v. Deleting the file.
File found: ../sac_c_parser/test/../ip_postcond/goal/040_proof_manual.v. Deleting the file.
LoopEntry_0:
flag@pre != 0 && flag@pre > 0 && undef_data_at(&k) * (j == 1) * (i == 0) * (flag == flag@pre)
LoopEntry_1:
exists retval_40, retval_40 == 0 && retval_40 <= INT_MAX && retval_40 > INT_MIN && flag@pre != 0 && flag@pre > 0 && (b == 0) * (a == 0) * undef_data_at(&k) * (j == 1) * (i == 0) * (flag == flag@pre)

Successfully generated loop/040.json
INNER_FLAG: False
Variable Maps: [{'j': '1', 'i': '0', 'flag': 'flag@pre'}]
Path conditions: ['flag@pre != 0 && flag@pre > 0']
Pre condition: flag@pre != 0 && flag@pre > 0 && undef_data_at(&k) * (j == 1) * (i == 0) * (flag == flag@pre)
Loop Condition: unknown1()
Updated Loop Conditions: ['unknown1()']
Global Unchanged Variables ['flag']
Non Inductive Variables []
[{'j': '1', 'i': '0', 'flag': 'flag@pre'}]
['flag@pre != 0 && flag@pre > 0']

                
        /* >>> LOOP INVARIANT TO FILL <<< 
        >>> PRECONDITION OF THE LOOP : \at(flag, Pre) != 0 && \at(flag, Pre) > 0 && undef_data_at(&k) * (j == 1) * (i == 0) * (flag == \at(flag, Pre)) <<< */
        
                /*@
          loop invariant (\at(flag, Pre) != 0 && \at(flag, Pre) > 0) ==> (flag == \at(flag, Pre));
                */
                while (unknown1()) {
    i += 2;
    if (i % 2 == 0) {
      j += 2;
    } else j++;
  }
                

                
        /* >>> LOOP INVARIANT TO FILL <<< 
        >>> PRECONDITION OF THE LOOP : \at(flag, Pre) != 0 && \at(flag, Pre) > 0 && undef_data_at(&k) * (j == 1) * (i == 0) * (flag == \at(flag, Pre)) <<< */
        
                /*@
          loop invariant  (\at(flag, Pre) != 0 && \at(flag, Pre) > 0) ==> (((j == 1)&&(i == 0)&&(flag == \at(flag, Pre))) || (PLACE_HOLDER_i)) ;
          loop invariant  (\at(flag, Pre) != 0 && \at(flag, Pre) > 0) ==> (((j == 1)&&(i == 0)&&(flag == \at(flag, Pre))) || (PLACE_HOLDER_j)) ;
          loop invariant (\at(flag, Pre) != 0 && \at(flag, Pre) > 0) ==> (flag == \at(flag, Pre));
                */
                while (unknown1()) {
    i += 2;
    if (i % 2 == 0) {
      j += 2;
    } else j++;
  }
                
int unknown1();
int unknown2();

/*@
requires flag > 0;
*/
void foo(int flag) {
  int i, j, k;
  j = 1;
  if (flag) {
    i = 0;
  } else {
    i = 1;
  }

  
                
        /* >>> LOOP INVARIANT TO FILL <<< 
        >>> PRECONDITION OF THE LOOP : \at(flag, Pre) != 0 && \at(flag, Pre) > 0 && undef_data_at(&k) * (j == 1) * (i == 0) * (flag == \at(flag, Pre)) <<< */
        
                /*@
          loop invariant  (\at(flag, Pre) != 0 && \at(flag, Pre) > 0) ==> (((j == 1)&&(i == 0)&&(flag == \at(flag, Pre))) || (PLACE_HOLDER_i)) ;
          loop invariant  (\at(flag, Pre) != 0 && \at(flag, Pre) > 0) ==> (((j == 1)&&(i == 0)&&(flag == \at(flag, Pre))) || (PLACE_HOLDER_j)) ;
          loop invariant (\at(flag, Pre) != 0 && \at(flag, Pre) > 0) ==> (flag == \at(flag, Pre));
                */
                while (unknown1()) {
    i += 2;
    if (i % 2 == 0) {
      j += 2;
    } else j++;
  }
                

  int a = 0;
  int b = 0;

  while (unknown2()) {
    a++;
    b += (j - i);
  }
  /*@ assert (flag!= 0) ==> (a==b); */
}
To analyze the given C program and generate the necessary loop invariants in ACSL annotations, let's follow the steps outlined in the task.

### Analysis:

#### a. Purpose and Structure of the Loop:
- **Objective:** The first loop iterates based on the condition `unknown1()`, modifying variables `i` and `j`. The operations inside the loop increment `i` by 2 each iteration and adjust `j` based on the parity of `i`.
- **Structure:** 
  - **Condition:** `unknown1()` (unknown termination condition).
  - **Operations:** `i += 2; if (i % 2 == 0) { j += 2; } else { j++; }`
  - **Variables:** `i`, `j`, `flag`.

#### b. Discussion of the Loop Invariant:
- **Proposed Invariant:** The invariant must capture the relationship between `i` and `j` across iterations, considering their initial values and how they change.
  
#### c. Establishment:
- **Initial Values:** Before the loop begins, `i` is set to 0, `j` is set to 1, and `flag` retains its pre-condition value.

#### d. Preservation:
- **Invariant Maintenance:** By observing the operations within the loop, `i` always increases by 2, which keeps it even, ensuring `j` is incremented by 2 whenever `i` is even.

#### e. Termination Analysis of the Loop:
- **Variable State Upon Termination:** The loop terminates when `unknown1()` becomes false. The values of `i` and `j` will be consistent with the invariant established.

#### f. Correctness of the Post-condition:
- **Post-condition:** The post-condition `(flag != 0) ==> (a == b)` is verified by ensuring that the operations in the second loop counterbalance each other due to the invariant relating `j` and `i`.

#### g. Implication of the Pre-condition:
- **Pre-condition Establishment:** The initial conditions `i == 0`, `j == 1`, and `flag == \at(flag, Pre)` hold true before the loop begins.

### Filled-in C loop program with ACSL annotations:

```c
int unknown1();
int unknown2();

/*@
requires flag > 0;
*/
void foo(int flag) {
  int i, j, k;
  j = 1;
  if (flag) {
    i = 0;
  } else {
    i = 1;
  }
  
                
        /* >>> LOOP INVARIANT TO FILL <<< 
        >>> PRECONDITION OF THE LOOP : \at(flag, Pre) != 0 && \at(flag, Pre) > 0 && undef_data_at(&k) * (j == 1) * (i == 0) * (flag == \at(flag, Pre)) <<< */
        
                /*@
          loop invariant  (\at(flag, Pre) != 0 && \at(flag, Pre) > 0) ==> (((j == 1)&&(i == 0)&&(flag == \at(flag, Pre))) || (i >= 0 && i % 2 == 0)) ;
          loop invariant  (\at(flag, Pre) != 0 && \at(flag, Pre) > 0) ==> (((j == 1)&&(i == 0)&&(flag == \at(flag, Pre))) || (j == 1 + i)) ;
          loop invariant (\at(flag, Pre) != 0 && \at(flag, Pre) > 0) ==> (flag == \at(flag, Pre));
                */
                while (unknown1()) {
    i += 2;
    if (i % 2 == 0) {
      j += 2;
    } else j++;
  }
                

  int a = 0;
  int b = 0;

  while (unknown2()) {
    a++;
    b += (j - i);
  }
  /*@ assert (flag!= 0) ==> (a==b); */
}
```

The filled-in placeholders ensure that the invariants are valid and help Frama-C verify the post-condition.

int unknown1();
int unknown2();

/*@
requires flag > 0;
*/
void foo(int flag) {
  int i, j, k;
  j = 1;
  if (flag) {
    i = 0;
  } else {
    i = 1;
  }
  
                
                /*@
          loop invariant  (\at(flag, Pre) != 0 && \at(flag, Pre) > 0) ==> (((j == 1)&&(i == 0)&&(flag == \at(flag, Pre))) || (i >= 0 && i % 2 == 0)) ;
          loop invariant  (\at(flag, Pre) != 0 && \at(flag, Pre) > 0) ==> (((j == 1)&&(i == 0)&&(flag == \at(flag, Pre))) || (j == 1 + i)) ;
          loop invariant (\at(flag, Pre) != 0 && \at(flag, Pre) > 0) ==> (flag == \at(flag, Pre));
                */
                while (unknown1()) {
    i += 2;
    if (i % 2 == 0) {
      j += 2;
    } else j++;
  }
                

  int a = 0;
  int b = 0;

  while (unknown2()) {
    a++;
    b += (j - i);
  }
  /*@ assert (flag!= 0) ==> (a==b); */
}


int unknown1();
int unknown2();

/*@
requires flag > 0;
*/
void foo(int flag) {
  int i, j, k;
  j = 1;
  if (flag) {
    i = 0;
  } else {
    i = 1;
  }
  
                
                /*@
          loop invariant  (\at(flag, Pre) != 0 && \at(flag, Pre) > 0) ==> (((j == 1)&&(i == 0)&&(flag == \at(flag, Pre))) || (i >= 0 && i % 2 == 0)) ;
          loop invariant  (\at(flag, Pre) != 0 && \at(flag, Pre) > 0) ==> (((j == 1)&&(i == 0)&&(flag == \at(flag, Pre))) || (j == 1 + i)) ;
          loop invariant (\at(flag, Pre) != 0 && \at(flag, Pre) > 0) ==> (flag == \at(flag, Pre));
                */
                while (unknown1()) {
    i += 2;
    if (i % 2 == 0) {
      j += 2;
    } else j++;
  }
                

  int a = 0;
  int b = 0;

  while (unknown2()) {
    a++;
    b += (j - i);
  }
  /*@ assert (flag!= 0) ==> (a==b); */
}

syntax Correct
Validate:
[True, True, True]

Verify:
[False]

Goal Assertion (file output/040.c, line 38)
Error found in file: output/040.c at line: 38
Error line content: /*@ assert (flag!= 0) ==> (a==b); */

syntax Correct
Validate:
[True, True, True]

Verify:
[False]

Goal Assertion (file output/040.c, line 38)
Error found in file: output/040.c at line: 38
Error line content: /*@ assert (flag!= 0) ==> (a==b); */

/*@
          loop invariant  (\at(flag, Pre) != 0 && \at(flag, Pre) > 0) ==> (((j == 1)&&(i == 0)&&(flag == \at(flag, Pre))) || (i >= 0 && i % 2 == 0)) ;
          loop invariant  (\at(flag, Pre) != 0 && \at(flag, Pre) > 0) ==> (((j == 1)&&(i == 0)&&(flag == \at(flag, Pre))) || (j == 1 + i)) ;
          loop invariant (\at(flag, Pre) != 0 && \at(flag, Pre) > 0) ==> (flag == \at(flag, Pre));
                */
                while (unknown1()) {
    i += 2;
    if (i % 2 == 0) {
      j += 2;
    } else j++;
  }
PARTIAL CORRECT INVARIANT
继续符号执行
/*@ Inv
    ((flag@pre != 0 && flag@pre > 0) => (((j == 1)&&(i == 0)&&(flag == flag@pre)) || (i >= 0 && i % 2 == 0)) ) &&
((flag@pre != 0 && flag@pre > 0) => (((j == 1)&&(i == 0)&&(flag == flag@pre)) || (j == 1 + i)) ) &&
((flag@pre != 0 && flag@pre > 0) => (flag == flag@pre))
    */
    
                while (unknown1()) {
    i += 2;
    if (i % 2 == 0) {
      j += 2;
    } else j++;
  }
File found: ../sac_c_parser/test/../ip_postcond/goal/040_goal.v. Deleting the file.
File found: ../sac_c_parser/test/../ip_postcond/goal/040_proof_auto.v. Deleting the file.
File found: ../sac_c_parser/test/../ip_postcond/goal/040_proof_manual.v. Deleting the file.
LoopEntry_0:
flag@pre != 0 && flag@pre > 0 && undef_data_at(&k) * (j == 1) * (i == 0) * (flag == flag@pre)
LoopEntry_1:
exists retval_40, retval_40 == 0 && retval_40 <= INT_MAX && retval_40 > INT_MIN && flag@pre != 0 && flag@pre > 0 && (b == 0) * (a == 0) * undef_data_at(&k) * (j == 1) * (i == 0) * (flag == flag@pre)

Successfully generated loop/040.json
syntax Correct
Validate:
[True, True, True]

Verify:
[False]

Goal Assertion (file output/040.c, line 38)
Error found in file: output/040.c at line: 38
Error line content: /*@ assert (flag!= 0) ==> (a==b); */

INNER_FLAG: False
Variable Maps: [{'b': '0', 'a': '0', 'j': '1', 'i': '0', 'flag': 'flag@pre'}]
Path conditions: [None]
Pre condition: exists retval_40, retval_40 == 0 && retval_40 <= INT_MAX && retval_40 > INT_MIN && flag@pre != 0 && flag@pre > 0 && (b == 0) * (a == 0) * undef_data_at(&k) * (j == 1) * (i == 0) * (flag == flag@pre)
Loop Condition: unknown2()
Updated Loop Conditions: ['unknown2()']
Global Unchanged Variables ['j', 'i', 'flag']
Non Inductive Variables []
[{'b': '0', 'a': '0', 'j': '1', 'i': '0', 'flag': 'flag@pre'}]
[None]

int unknown1();
int unknown2();

/*@
requires flag > 0;
*/
void foo(int flag) {
  int i, j, k;
  j = 1;
  if (flag) {
    i = 0;
  } else {
    i = 1;
  }
  
                
                /*@
          loop invariant  (\at(flag, Pre) != 0 && \at(flag, Pre) > 0) ==> (((j == 1)&&(i == 0)&&(flag == \at(flag, Pre))) || (i >= 0 && i % 2 == 0)) ;
          loop invariant  (\at(flag, Pre) != 0 && \at(flag, Pre) > 0) ==> (((j == 1)&&(i == 0)&&(flag == \at(flag, Pre))) || (j == 1 + i)) ;
          loop invariant (\at(flag, Pre) != 0 && \at(flag, Pre) > 0) ==> (flag == \at(flag, Pre));
                */
                while (unknown1()) {
    i += 2;
    if (i % 2 == 0) {
      j += 2;
    } else j++;
  }
                

  int a = 0;
  int b = 0;

  
                
        /* >>> LOOP INVARIANT TO FILL <<< 
        >>> PRECONDITION OF THE LOOP : exists retval_40, retval_40 == 0 && retval_40 <= INT_MAX && retval_40 > INT_MIN && \at(flag, Pre) != 0 && \at(flag, Pre) > 0 && (b == 0) * (a == 0) * undef_data_at(&k) * (j == 1) * (i == 0) * (flag == \at(flag, Pre)) <<< */
        
                /*@
                */
                while (unknown2()) {
    a++;
    b += (j - i);
  }
                
  /*@ assert (flag!= 0) ==> (a==b); */
}

Certainly! Let's analyze the given C program and fill in the placeholders for the loop invariants.

1. **Purpose and Structure of the Loop:**
   - **First Loop:**
     - Objective: The loop increments `i` by 2 in each iteration and adjusts `j` based on whether `i` is even or odd.
     - Structure: The loop executes while the condition `unknown1()` is true. Within the loop, `i` is incremented by 2. If `i` is even, `j` is incremented by 2; otherwise, `j` is incremented by 1. Relevant variables are `i` and `j`.
   - **Second Loop:**
     - Objective: The loop increments `a` and updates `b` based on the difference between `j` and `i`.
     - Structure: The loop executes while the condition `unknown2()` is true. Within the loop, `a` is incremented by 1, and `b` is updated by adding `(j - i)`. Relevant variables are `a`, `b`, `i`, and `j`.

2. **Discussion of the Loop Invariant:**
   - **First Loop:**
     - The invariant ensures consistency in the relationship between `i` and `j` and that `flag` remains unchanged.
   - **Second Loop:**
     - The invariant will ensure that for each increment of `a`, `b` is adjusted in a way that when the loop terminates, `a` equals `b`.

3. **Establishment:**
   - **First Loop:**
     - Initially, `i` is 0 and `j` is 1, satisfying both invariants.
   - **Second Loop:**
     - Initially, `a` and `b` are both 0, which satisfies the invariant that `a == b`.

4. **Preservation:**
   - **First Loop:**
     - Each iteration modifies `i` and `j` in a way that keeps the invariants true.
   - **Second Loop:**
     - Each iteration modifies `a` and `b` so that their equality is maintained.

5. **Termination Analysis of the Loop:**
   - **First Loop:**
     - When `unknown1()` returns false, the relation between `i` and `j` will be maintained as per the invariants.
   - **Second Loop:**
     - When `unknown2()` returns false, `a` will be equal to `b`.

6. **Correctness of the Post-condition:**
   - Once the second loop finishes, the invariant ensures that `a == b`, which is the required post-condition.

7. **Implication of the Pre-condition:**
   - The initial values of `a`, `b`, `i`, `j`, and `flag` satisfy the pre-condition, which establishes the invariants before the loops begin.

Now, let's fill in the placeholders for the loop program:

```c
int unknown1();
int unknown2();

/*@
requires flag > 0;
*/
void foo(int flag) {
  int i, j, k;
  j = 1;
  if (flag) {
    i = 0;
  } else {
    i = 1;
  }
  
                
                /*@
          loop invariant  (\at(flag, Pre) != 0 && \at(flag, Pre) > 0) ==> (((j == 1)&&(i == 0)&&(flag == \at(flag, Pre))) || (i >= 0 && i % 2 == 0)) ;
          loop invariant  (\at(flag, Pre) != 0 && \at(flag, Pre) > 0) ==> (((j == 1)&&(i == 0)&&(flag == \at(flag, Pre))) || (j == 1 + i)) ;
          loop invariant (\at(flag, Pre) != 0 && \at(flag, Pre) > 0) ==> (flag == \at(flag, Pre));
                */
                while (unknown1()) {
    i += 2;
    if (i % 2 == 0) {
      j += 2;
    } else j++;
  }
                

  int a = 0;
  int b = 0;

  
                
        /* >>> LOOP INVARIANT TO FILL <<< 
        >>> PRECONDITION OF THE LOOP : exists retval_40, retval_40 == 0 && retval_40 <= INT_MAX && retval_40 > INT_MIN && \at(flag, Pre) != 0 && \at(flag, Pre) > 0 && (b == 0) * (a == 0) * undef_data_at(&k) * (j == 1) * (i == 0) * (flag == \at(flag, Pre)) <<< */
        
                /*@
          loop invariant (\at(flag, Pre) != 0 && \at(flag, Pre) > 0) ==> (a == b);
          loop invariant (\at(flag, Pre) != 0 && \at(flag, Pre) > 0) ==> (j == 1 + i);
                */
                while (unknown2()) {
    a++;
    b += (j - i);
  }
                
  /*@ assert (flag!= 0) ==> (a==b); */
}
```

int unknown1();
int unknown2();

/*@
requires flag > 0;
*/
void foo(int flag) {
  int i, j, k;
  j = 1;
  if (flag) {
    i = 0;
  } else {
    i = 1;
  }
  
                
                /*@
          loop invariant  (\at(flag, Pre) != 0 && \at(flag, Pre) > 0) ==> (((j == 1)&&(i == 0)&&(flag == \at(flag, Pre))) || (i >= 0 && i % 2 == 0)) ;
          loop invariant  (\at(flag, Pre) != 0 && \at(flag, Pre) > 0) ==> (((j == 1)&&(i == 0)&&(flag == \at(flag, Pre))) || (j == 1 + i)) ;
          loop invariant (\at(flag, Pre) != 0 && \at(flag, Pre) > 0) ==> (flag == \at(flag, Pre));
                */
                while (unknown1()) {
    i += 2;
    if (i % 2 == 0) {
      j += 2;
    } else j++;
  }
                

  int a = 0;
  int b = 0;

  
                
                /*@
          loop invariant (\at(flag, Pre) != 0 && \at(flag, Pre) > 0) ==> (a == b);
          loop invariant (\at(flag, Pre) != 0 && \at(flag, Pre) > 0) ==> (j == 1 + i);
                */
                while (unknown2()) {
    a++;
    b += (j - i);
  }
                
  /*@ assert (flag!= 0) ==> (a==b); */
}


int unknown1();
int unknown2();

/*@
requires flag > 0;
*/
void foo(int flag) {
  int i, j, k;
  j = 1;
  if (flag) {
    i = 0;
  } else {
    i = 1;
  }
  
                
                /*@
          loop invariant  (\at(flag, Pre) != 0 && \at(flag, Pre) > 0) ==> (((j == 1)&&(i == 0)&&(flag == \at(flag, Pre))) || (i >= 0 && i % 2 == 0)) ;
          loop invariant  (\at(flag, Pre) != 0 && \at(flag, Pre) > 0) ==> (((j == 1)&&(i == 0)&&(flag == \at(flag, Pre))) || (j == 1 + i)) ;
          loop invariant (\at(flag, Pre) != 0 && \at(flag, Pre) > 0) ==> (flag == \at(flag, Pre));
                */
                while (unknown1()) {
    i += 2;
    if (i % 2 == 0) {
      j += 2;
    } else j++;
  }
                

  int a = 0;
  int b = 0;

  
                
                /*@
          loop invariant (\at(flag, Pre) != 0 && \at(flag, Pre) > 0) ==> (a == b);
          loop invariant (\at(flag, Pre) != 0 && \at(flag, Pre) > 0) ==> (j == 1 + i);
                */
                while (unknown2()) {
    a++;
    b += (j - i);
  }
                
  /*@ assert (flag!= 0) ==> (a==b); */
}

syntax Correct
Validate:
[True, True, True, True, True]

Verify:
[True]

syntax Correct
Validate:
[True, True, True, True, True]

Verify:
[True]

/*@
          loop invariant (\at(flag, Pre) != 0 && \at(flag, Pre) > 0) ==> (a == b);
          loop invariant (\at(flag, Pre) != 0 && \at(flag, Pre) > 0) ==> (j == 1 + i);
                */
                while (unknown2()) {
    a++;
    b += (j - i);
  }
PARTIAL CORRECT INVARIANT
继续符号执行
/*@ Inv
    ((flag@pre != 0 && flag@pre > 0) => (a == b)) &&
((flag@pre != 0 && flag@pre > 0) => (j == 1 + i))
    */
    
                while (unknown2()) {
    a++;
    b += (j - i);
  }
File found: ../sac_c_parser/test/../ip_postcond/goal/040_goal.v. Deleting the file.
File found: ../sac_c_parser/test/../ip_postcond/goal/040_proof_auto.v. Deleting the file.
File found: ../sac_c_parser/test/../ip_postcond/goal/040_proof_manual.v. Deleting the file.
LoopEntry_0:
flag@pre != 0 && flag@pre > 0 && undef_data_at(&k) * (j == 1) * (i == 0) * (flag == flag@pre)
LoopEntry_1:
exists retval_40, retval_40 == 0 && retval_40 <= INT_MAX && retval_40 > INT_MIN && flag@pre != 0 && flag@pre > 0 && (b == 0) * (a == 0) * undef_data_at(&k) * (j == 1) * (i == 0) * (flag == flag@pre)

Successfully generated loop/040.json
syntax Correct
Validate:
[True, True, True, True, True]

Verify:
[True]

CORRECT INVARIANT
syntax Correct
Validate:
[True, True, True, True, True]

Verify:
[True]

已移动文件: 040.c -> finish1
-----------------------------------------

文件 040.c 处理完成. 总耗时: 479.8032863140106
-----------------------------------------
finshed_files:['032.c', '031.c', '040.c']
