file:043.c
Successfully generated loop/043.json
INNER_FLAG: False
Variable Maps: [{'t': 'y@pre', 'i': '0', 'y': 'y@pre', 'x': 'x@pre'}]
Path conditions: ['x@pre != y@pre']
Pre condition: x@pre != y@pre && (t == y@pre) * (i == 0) * (y == y@pre) * (x == x@pre)
Loop Condition: unknown()
Updated Loop Conditions: ['unknown()']
Global Unchanged Variables ['t', 'i', 'x']
Non Inductive Variables []
[{'t': 'y@pre', 'i': '0', 'y': 'y@pre', 'x': 'x@pre'}]
['x@pre != y@pre']

            
    /* >>> LOOP INVARIANT TO FILL <<< 
       >>> PRECONDITION OF THE LOOP : \at(x, Pre) != \at(y, Pre) && (t == \at(y, Pre)) * (i == 0) * (y == \at(y, Pre)) * (x == \at(x, Pre)) <<< */
    
            /*@
          loop invariant (\at(x, Pre) != \at(y, Pre)) ==> (t == \at(y, Pre));
          loop invariant (\at(x, Pre) != \at(y, Pre)) ==> (i == 0);
          loop invariant (\at(x, Pre) != \at(y, Pre)) ==> (x == \at(x, Pre));
            */
            while (unknown()){
    if (x > 0)   
      y = y + x;
  }
            

            
    /* >>> LOOP INVARIANT TO FILL <<< 
       >>> PRECONDITION OF THE LOOP : \at(x, Pre) != \at(y, Pre) && (t == \at(y, Pre)) * (i == 0) * (y == \at(y, Pre)) * (x == \at(x, Pre)) <<< */
    
            /*@
          loop invariant  (\at(x, Pre) != \at(y, Pre)) ==> (((t == \at(y, Pre))&&(i == 0)&&(y == \at(y, Pre))&&(x == \at(x, Pre))) || (PLACE_HOLDER_y)) ;
          loop invariant (\at(x, Pre) != \at(y, Pre)) ==> (t == \at(y, Pre));
          loop invariant (\at(x, Pre) != \at(y, Pre)) ==> (i == 0);
          loop invariant (\at(x, Pre) != \at(y, Pre)) ==> (x == \at(x, Pre));
            */
            while (unknown()){
    if (x > 0)   
      y = y + x;
  }
            
int unknown();

/*@ assert x!=y; */
void foo(int x, int y)
{
  int i=0;
  int t=y;
   
  

  
            
    /* >>> LOOP INVARIANT TO FILL <<< 
       >>> PRECONDITION OF THE LOOP : \at(x, Pre) != \at(y, Pre) && (t == \at(y, Pre)) * (i == 0) * (y == \at(y, Pre)) * (x == \at(x, Pre)) <<< */
    
            /*@
          loop invariant  (\at(x, Pre) != \at(y, Pre)) ==> (((t == \at(y, Pre))&&(i == 0)&&(y == \at(y, Pre))&&(x == \at(x, Pre))) || (PLACE_HOLDER_y)) ;
          loop invariant (\at(x, Pre) != \at(y, Pre)) ==> (t == \at(y, Pre));
          loop invariant (\at(x, Pre) != \at(y, Pre)) ==> (i == 0);
          loop invariant (\at(x, Pre) != \at(y, Pre)) ==> (x == \at(x, Pre));
            */
            while (unknown()){
    if (x > 0)   
      y = y + x;
  }
            
   
  /*@ assert y >= t;*/
 
}


Sure, let's analyze the given C loop program and derive the necessary loop invariants in ACSL annotations:

### Analysis

#### a. Purpose and Structure of the Loop:

**Objective**: The loop's objective is to modify the variable `y` based on the condition that `x > 0`. The loop continues to execute as long as the condition `unknown()` holds true. The intended outcome is to accumulate the value of `x` into `y` repeatedly under the specified condition.

**Structure**: 
- **Condition**: The loop runs while `unknown()` returns a non-zero value, so it could potentially run a variable number of times.
- **Body**: Inside the loop, if `x > 0`, `y` is incremented by `x`.
- **Variables**: The variables relevant to the loop's behavior are `x`, `y`, `t`, and `i`.

#### b. Discussion of the Loop Invariant:

The proposed loop invariants aim to ensure that the critical relationships between the variables `x`, `y`, and `t` hold throughout the execution of the loop. These invariants will help to verify the post-condition `y >= t`.

#### c. Establishment:

Before the loop starts, the pre-condition ensures that `t` is initialized to the value of `\at(y, Pre)`, `i` is `0`, `y` is `\at(y, Pre)`, and `x` is `\at(x, Pre)`. This satisfies the initial establishment of the loop invariants.

#### d. Preservation:

Each iteration of the loop maintains these invariants:
- As `x` does not change, `x == \at(x, Pre)` remains true.
- `t == \at(y, Pre)` remains true since `t` does not change.
- If `x > 0`, `y` is incremented by `x`, but this doesn't affect the invariant since `t` remains constant and `\at(x, Pre) != \at(y, Pre)` remains true.

#### e. Termination Analysis of the Loop:

When the loop terminates, `unknown()` becomes false. The invariants ensure that `t` remains equal to its initial value, and since `y` can only increase during the loop, `y >= t` will be satisfied.

#### f. Correctness of the Post-condition:

The post-condition `y >= t` is guaranteed by the loop invariants. Since `t` is initialized to `\at(y, Pre)`, and `y` can only increase, the condition holds true by the end of the loop.

#### g. Implication of the Pre-condition:

The pre-condition guarantees that `t` is initialized correctly and that `x` and `y` are distinct. This ensures that the initial values required for the invariants are established before the loop begins execution.

### C Program with Loop Invariants

```c
int unknown();

/*@ assert x!=y; */
void foo(int x, int y)
{
  int i=0;
  int t=y;
   
  /* >>> LOOP INVARIANT TO FILL <<< 
     >>> PRECONDITION OF THE LOOP : \at(x, Pre) != \at(y, Pre) && (t == \at(y, Pre)) * (i == 0) * (y == \at(y, Pre)) * (x == \at(x, Pre)) <<< */
  
  /*@
    loop invariant  (\at(x, Pre) != \at(y, Pre)) ==> (((t == \at(y, Pre))&&(i == 0)&&(y == \at(y, Pre))&&(x == \at(x, Pre))) || (y >= t));
    loop invariant (\at(x, Pre) != \at(y, Pre)) ==> (t == \at(y, Pre));
    loop invariant (\at(x, Pre) != \at(y, Pre)) ==> (i == 0);
    loop invariant (\at(x, Pre) != \at(y, Pre)) ==> (x == \at(x, Pre));
  */
  while (unknown()){
    if (x > 0)   
      y = y + x;
  }
   
  /*@ assert y >= t;*/
}
```

int unknown();

/*@ assert x!=y; */
void foo(int x, int y)
{
  int i=0;
  int t=y;
   
  /* >>> LOOP INVARIANT TO FILL <<< 
     >>> PRECONDITION OF THE LOOP : \at(x, Pre) != \at(y, Pre) && (t == \at(y, Pre)) * (i == 0) * (y == \at(y, Pre)) * (x == \at(x, Pre)) <<< */
  
  /*@
    loop invariant  (\at(x, Pre) != \at(y, Pre)) ==> (((t == \at(y, Pre))&&(i == 0)&&(y == \at(y, Pre))&&(x == \at(x, Pre))) || (y >= t));
    loop invariant (\at(x, Pre) != \at(y, Pre)) ==> (t == \at(y, Pre));
    loop invariant (\at(x, Pre) != \at(y, Pre)) ==> (i == 0);
    loop invariant (\at(x, Pre) != \at(y, Pre)) ==> (x == \at(x, Pre));
  */
  while (unknown()){
    if (x > 0)   
      y = y + x;
  }
   
  /*@ assert y >= t;*/
}


int unknown();

/*@ assert x!=y; */
void foo(int x, int y)
{
  int i=0;
  int t=y;
   
  /* >>> LOOP INVARIANT TO FILL <<< 
     >>> PRECONDITION OF THE LOOP : \at(x, Pre) != \at(y, Pre) && (t == \at(y, Pre)) * (i == 0) * (y == \at(y, Pre)) * (x == \at(x, Pre)) <<< */
  
  /*@
    loop invariant  (\at(x, Pre) != \at(y, Pre)) ==> (((t == \at(y, Pre))&&(i == 0)&&(y == \at(y, Pre))&&(x == \at(x, Pre))) || (y >= t));
    loop invariant (\at(x, Pre) != \at(y, Pre)) ==> (t == \at(y, Pre));
    loop invariant (\at(x, Pre) != \at(y, Pre)) ==> (i == 0);
    loop invariant (\at(x, Pre) != \at(y, Pre)) ==> (x == \at(x, Pre));
  */
  while (unknown()){
    if (x > 0)   
      y = y + x;
  }
   
  /*@ assert y >= t;*/
}

syntax Error
[kernel] Parsing output/043.c (with preprocessing)
[kernel] output/043.c:2: 
  syntax error:
  Location: between lines 2 and 4
  1     
  
  2     int unknown();
  3     
  4     /*@ assert x!=y; */
  
  5     void foo(int x, int y)
  6     {
[kernel] Frama-C aborted: invalid user input.

after repair

int unknown();

/*@ requires x != y; */
void foo(int x, int y)
{
  int i=0;
  int t=y;
   
  /* >>> LOOP INVARIANT TO FILL <<< 
     >>> PRECONDITION OF THE LOOP : \at(x, Pre) != \at(y, Pre) && (t == \at(y, Pre)) * (i == 0) * (y == \at(y, Pre)) * (x == \at(x, Pre)) <<< */
  
  /*@
    loop invariant  (\at(x, Pre) != \at(y, Pre)) ==> (((t == \at(y, Pre))&&(i == 0)&&(y == \at(y, Pre))&&(x == \at(x, Pre))) || (y >= t));
    loop invariant (\at(x, Pre) != \at(y, Pre)) ==> (t == \at(y, Pre));
    loop invariant (\at(x, Pre) != \at(y, Pre)) ==> (i == 0);
    loop invariant (\at(x, Pre) != \at(y, Pre)) ==> (x == \at(x, Pre));
  */
  while (unknown()){
    if (x > 0)   
      y = y + x;
  }
   
  /*@ assert y >= t;*/
}

syntax Correct
Validate:
[True, True, True, True]

Verify:
[True]

CORRECT INVARIANT
syntax Correct
Validate:
[True, True, True, True]

Verify:
[True]

syntax Correct
Validate:
[True, True, True, True]

Verify:
[True]

已移动文件: 043.c -> finish1
-----------------------------------------

文件 043.c 处理完成. 总耗时: 71.43613505363464
-----------------------------------------
finshed_files:['030.c', '028.c', '02.c', '035.c', '026.c', '021.c', '03.c', '024.c', '011.c', '016.c', '04.c', '09.c', '015.c', '032.c', '025.c', '01.c', '018.c', '06.c', '031.c', '046.c', '038.c', '029.c', '017.c', '042.c', '040.c', '039.c', '020.c', '043.c']
