file:05.c
Successfully generated loop/05.json
INNER_FLAG: False
Variable Maps: [{'i': '0', 'j': '0', 'y': '0', 'x': '0', 'flag': 'flag@pre'}]
Path conditions: [None]
Pre condition: (i == 0) * (j == 0) * (y == 0) * (x == 0) * (flag == flag@pre)
Loop Condition: unknown()
Updated Loop Conditions: ['unknown()']
Global Unchanged Variables ['flag']
Non Inductive Variables []
[{'i': '0', 'j': '0', 'y': '0', 'x': '0', 'flag': 'flag@pre'}]
[None]

            
    /* >>> LOOP INVARIANT TO FILL <<< 
       >>> PRECONDITION OF THE LOOP : (i == 0) * (j == 0) * (y == 0) * (x == 0) * (flag == \at(flag, Pre)) <<< */
    
            /*@
          loop invariant flag == \at(flag, Pre);
            */
            while(unknown())
	{
	  x++;
	  y++;
	  i += x;
	  j += y;
	  if (flag){
	  	j+=1;
      }
	}
            

            
    /* >>> LOOP INVARIANT TO FILL <<< 
       >>> PRECONDITION OF THE LOOP : (i == 0) * (j == 0) * (y == 0) * (x == 0) * (flag == \at(flag, Pre)) <<< */
    
            /*@
          loop invariant  ((i == 0)&&(j == 0)&&(y == 0)&&(x == 0)&&(flag == \at(flag, Pre))) || (PLACE_HOLDER_x) ;
          loop invariant  ((i == 0)&&(j == 0)&&(y == 0)&&(x == 0)&&(flag == \at(flag, Pre))) || (PLACE_HOLDER_y) ;
          loop invariant  ((i == 0)&&(j == 0)&&(y == 0)&&(x == 0)&&(flag == \at(flag, Pre))) || (PLACE_HOLDER_j) ;
          loop invariant  ((i == 0)&&(j == 0)&&(y == 0)&&(x == 0)&&(flag == \at(flag, Pre))) || (PLACE_HOLDER_i) ;
          loop invariant flag == \at(flag, Pre);
            */
            while(unknown())
	{
	  x++;
	  y++;
	  i += x;
	  j += y;
	  if (flag){
	  	j+=1;
      }
	}
            

int unknown();

void foo(int flag)
{

	int x = 0;
	int y = 0;
	int j = 0;
	int i = 0;

   
	
            
    /* >>> LOOP INVARIANT TO FILL <<< 
       >>> PRECONDITION OF THE LOOP : (i == 0) * (j == 0) * (y == 0) * (x == 0) * (flag == \at(flag, Pre)) <<< */
    
            /*@
          loop invariant  ((i == 0)&&(j == 0)&&(y == 0)&&(x == 0)&&(flag == \at(flag, Pre))) || (PLACE_HOLDER_x) ;
          loop invariant  ((i == 0)&&(j == 0)&&(y == 0)&&(x == 0)&&(flag == \at(flag, Pre))) || (PLACE_HOLDER_y) ;
          loop invariant  ((i == 0)&&(j == 0)&&(y == 0)&&(x == 0)&&(flag == \at(flag, Pre))) || (PLACE_HOLDER_j) ;
          loop invariant  ((i == 0)&&(j == 0)&&(y == 0)&&(x == 0)&&(flag == \at(flag, Pre))) || (PLACE_HOLDER_i) ;
          loop invariant flag == \at(flag, Pre);
            */
            while(unknown())
	{
	  x++;
	  y++;
	  i += x;
	  j += y;
	  if (flag){
	  	j+=1;
      }
	}
             
	/*@ assert j>=i; */
	
}
Below is the analysis of the loop and the filled C loop program with appropriate loop invariants.

### Analysis

#### a. Purpose and Structure of the Loop

- **Objective**: The loop's objective is to increment the variables `x`, `y`, `i`, and `j` based on specific rules. The variable `x` is incremented by 1 in every iteration, and `y` is also incremented by 1 in each iteration. `i` is incremented by the current value of `x`, and `j` is incremented by the current value of `y`. If `flag` is true, `j` is further incremented by 1.
- **Structure**: The loop continues as long as the condition `unknown()` returns true. Inside the loop, the variables `x`, `y`, `i`, and `j` are updated as described. The variable `flag` remains unchanged throughout the loop.

#### b. Discussion of the Loop Invariant

- The loop invariants are designed to express relationships between the variables that remain true throughout the execution of the loop. Specifically:
  - `PLACE_HOLDER_x`: Expresses a relationship between `x` and `i`.
  - `PLACE_HOLDER_y`: Expresses a relationship between `y` and `j`.
  - `PLACE_HOLDER_j`: Expresses a relationship between `j` and `i`.
  - `PLACE_HOLDER_i`: Expresses a relationship between `i` and `x`.

#### c. Establishment

- The invariants are initially true before the loop begins because all variables are initialized to 0, and the relationships expressed in the invariants hold trivially when all values are zero.

#### d. Preservation

- During each iteration, the invariants are preserved because the operations on `x`, `y`, `i`, and `j` maintain the relationships described by the invariants. For example, the increment operations are consistent with the relationships expressed.

#### e. Termination Analysis of the Loop

- When the loop terminates, the invariants ensure that the relationships between `x`, `y`, `i`, and `j` still hold, which helps in proving the post-condition `j >= i`.

#### f. Correctness of the Post-condition

- The post-condition `j >= i` is verified by the invariant `j >= i`. This shows that throughout the loop, `j` is always greater than or equal to `i`, and this relationship is maintained even after the loop exits.

#### g. Implication of the Pre-condition

- The pre-condition initializes all variables to 0, which trivially satisfies the loop invariants. The initial values ensure that the invariant conditions are true before the loop begins execution.

### Filled C Loop Program

```c
int unknown();

void foo(int flag)
{

    int x = 0;
    int y = 0;
    int j = 0;
    int i = 0;

    /* >>> LOOP INVARIANT TO FILL >>> 
       >>> PRECONDITION OF THE LOOP : (i == 0) * (j == 0) * (y == 0) * (x == 0) * (flag == \at(flag, Pre)) <<< */

    /*@
      loop invariant  ((i == 0)&&(j == 0)&&(y == 0)&&(x == 0)&&(flag == \at(flag, Pre))) || (i == x * (x + 1) / 2) ;
      loop invariant  ((i == 0)&&(j == 0)&&(y == 0)&&(x == 0)&&(flag == \at(flag, Pre))) || (j >= y) ;
      loop invariant  ((i == 0)&&(j == 0)&&(y == 0)&&(x == 0)&&(flag == \at(flag, Pre))) || (j >= i) ;
      loop invariant  ((i == 0)&&(j == 0)&&(y == 0)&&(x == 0)&&(flag == \at(flag, Pre))) || (y == x) ;
      loop invariant flag == \at(flag, Pre);
    */
    while(unknown())
    {
        x++;
        y++;
        i += x;
        j += y;
        if (flag){
            j += 1;
        }
    }

    /*@ assert j>=i; */

}
```


int unknown();

void foo(int flag)
{

    int x = 0;
    int y = 0;
    int j = 0;
    int i = 0;

    /* >>> LOOP INVARIANT TO FILL >>> 
       >>> PRECONDITION OF THE LOOP : (i == 0) * (j == 0) * (y == 0) * (x == 0) * (flag == \at(flag, Pre)) <<< */

    /*@
      loop invariant  ((i == 0)&&(j == 0)&&(y == 0)&&(x == 0)&&(flag == \at(flag, Pre))) || (i == x * (x + 1) / 2) ;
      loop invariant  ((i == 0)&&(j == 0)&&(y == 0)&&(x == 0)&&(flag == \at(flag, Pre))) || (j >= y) ;
      loop invariant  ((i == 0)&&(j == 0)&&(y == 0)&&(x == 0)&&(flag == \at(flag, Pre))) || (j >= i) ;
      loop invariant  ((i == 0)&&(j == 0)&&(y == 0)&&(x == 0)&&(flag == \at(flag, Pre))) || (y == x) ;
      loop invariant flag == \at(flag, Pre);
    */
    while(unknown())
    {
        x++;
        y++;
        i += x;
        j += y;
        if (flag){
            j += 1;
        }
    }

    /*@ assert j>=i; */

}


int unknown();

void foo(int flag)
{

    int x = 0;
    int y = 0;
    int j = 0;
    int i = 0;

    /* >>> LOOP INVARIANT TO FILL >>> 
       >>> PRECONDITION OF THE LOOP : (i == 0) * (j == 0) * (y == 0) * (x == 0) * (flag == \at(flag, Pre)) <<< */

    /*@
      loop invariant  ((i == 0)&&(j == 0)&&(y == 0)&&(x == 0)&&(flag == \at(flag, Pre))) || (i == x * (x + 1) / 2) ;
      loop invariant  ((i == 0)&&(j == 0)&&(y == 0)&&(x == 0)&&(flag == \at(flag, Pre))) || (j >= y) ;
      loop invariant  ((i == 0)&&(j == 0)&&(y == 0)&&(x == 0)&&(flag == \at(flag, Pre))) || (j >= i) ;
      loop invariant  ((i == 0)&&(j == 0)&&(y == 0)&&(x == 0)&&(flag == \at(flag, Pre))) || (y == x) ;
      loop invariant flag == \at(flag, Pre);
    */
    while(unknown())
    {
        x++;
        y++;
        i += x;
        j += y;
        if (flag){
            j += 1;
        }
    }

    /*@ assert j>=i; */

}

syntax Correct
Validate:
[True, True, True, True, True]

Verify:
[True]

CORRECT INVARIANT
syntax Correct
Validate:
[True, True, True, True, True]

Verify:
[True]

syntax Correct
Validate:
[True, True, True, True, True]

Verify:
[True]

已移动文件: 05.c -> finish1
-----------------------------------------

文件 05.c 处理完成. 总耗时: 56.29907035827637
-----------------------------------------
finshed_files:['030.c', '028.c', '02.c', '035.c', '026.c', '021.c', '03.c', '024.c', '011.c', '016.c', '04.c', '09.c', '015.c', '032.c', '025.c', '01.c', '018.c', '06.c', '031.c', '046.c', '038.c', '029.c', '017.c', '042.c', '040.c', '039.c', '020.c', '043.c', '07.c', '013.c', '019.c', '023.c', '044.c', '08.c', '037.c', '033.c', '010.c', '027.c', '012.c', '041.c', '05.c']
