file:10.c
Successfully generated loop/10.json
INNER_FLAG: False
Variable Maps: [{'y': 'y@pre', 'x': 'x@pre'}]
Path conditions: ['x@pre >= 0 && x@pre <= 2 && y@pre <= 2 && y@pre >= 0']
Pre condition: x@pre >= 0 && x@pre <= 2 && y@pre <= 2 && y@pre >= 0 && (y == y@pre) * (x == x@pre)
Loop Condition: unknown()
Updated Loop Conditions: ['unknown()']
Global Unchanged Variables []
Non Inductive Variables []
[{'y': 'y@pre', 'x': 'x@pre'}]
['x@pre >= 0 && x@pre <= 2 && y@pre <= 2 && y@pre >= 0']

            
    /* >>> LOOP INVARIANT TO FILL <<< 
       >>> PRECONDITION OF THE LOOP : \at(x, Pre) >= 0 && \at(x, Pre) <= 2 && \at(y, Pre) <= 2 && \at(y, Pre) >= 0 && (y == \at(y, Pre)) * (x == \at(x, Pre)) <<< */
    
            /*@
            */
            while (unknown()) {
      
      x  = x + 2;
      y  = y + 2;

    }
            

            
    /* >>> LOOP INVARIANT TO FILL <<< 
       >>> PRECONDITION OF THE LOOP : \at(x, Pre) >= 0 && \at(x, Pre) <= 2 && \at(y, Pre) <= 2 && \at(y, Pre) >= 0 && (y == \at(y, Pre)) * (x == \at(x, Pre)) <<< */
    
            /*@
          loop invariant  (\at(x, Pre) >= 0 && \at(x, Pre) <= 2 && \at(y, Pre) <= 2 && \at(y, Pre) >= 0) ==> (((y == \at(y, Pre))&&(x == \at(x, Pre))) || (PLACE_HOLDER_x)) ;
          loop invariant  (\at(x, Pre) >= 0 && \at(x, Pre) <= 2 && \at(y, Pre) <= 2 && \at(y, Pre) >= 0) ==> (((y == \at(y, Pre))&&(x == \at(x, Pre))) || (PLACE_HOLDER_y)) ;
            */
            while (unknown()) {
      
      x  = x + 2;
      y  = y + 2;

    }
            
int unknown();
/*@ requires x >= 0 && x <= 2 && y <= 2 && y >= 0; */
void foo(int x,int y) {

  
    
            
    /* >>> LOOP INVARIANT TO FILL <<< 
       >>> PRECONDITION OF THE LOOP : \at(x, Pre) >= 0 && \at(x, Pre) <= 2 && \at(y, Pre) <= 2 && \at(y, Pre) >= 0 && (y == \at(y, Pre)) * (x == \at(x, Pre)) <<< */
    
            /*@
          loop invariant  (\at(x, Pre) >= 0 && \at(x, Pre) <= 2 && \at(y, Pre) <= 2 && \at(y, Pre) >= 0) ==> (((y == \at(y, Pre))&&(x == \at(x, Pre))) || (PLACE_HOLDER_x)) ;
          loop invariant  (\at(x, Pre) >= 0 && \at(x, Pre) <= 2 && \at(y, Pre) <= 2 && \at(y, Pre) >= 0) ==> (((y == \at(y, Pre))&&(x == \at(x, Pre))) || (PLACE_HOLDER_y)) ;
            */
            while (unknown()) {
      
      x  = x + 2;
      y  = y + 2;

    }
            
      /*@ assert (y == 0) ==> (x != 4);  */
  
  }
### Analysis of the C Loop

#### a. Purpose and Structure of the Loop
- **Objective**: The loop increments the variables `x` and `y` by 2 in each iteration. The loop condition `unknown()` indicates that the number of iterations is arbitrary (could be zero or more).
- **Structure**: The loop is a `while` loop with an unknown condition. Inside the loop, `x` and `y` are incremented by 2 in each iteration. The loop continues as long as `unknown()` returns a non-zero value.
- **Relevant Variables**: `x`, `y`.

#### b. Discussion of the Loop Invariant
- **Proposed Loop Invariant**:
  - `(\at(x, Pre) >= 0 && \at(x, Pre) <= 2 && \at(y, Pre) <= 2 && \at(y, Pre) >= 0) ==> (((y == \at(y, Pre))&&(x == \at(x, Pre))) || (PLACE_HOLDER_x))`
  - `(\at(x, Pre) >= 0 && \at(x, Pre) <= 2 && \at(y, Pre) <= 2 && \at(y, Pre) >= 0) ==> (((y == \at(y, Pre))&&(x == \at(x, Pre))) || (PLACE_HOLDER_y))`

- **Why it’s valid**: The invariant ensures that either `x` and `y` retain their initial values (i.e., `x == \at(x, Pre)` and `y == \at(y, Pre)`), or they have been incremented by a multiple of 2. This holds because the loop only modifies `x` and `y` by adding 2 in each iteration.

#### c. Establishment
- **Establishment Condition**: Before the loop starts, `x` and `y` are equal to their initial values (`\at(x, Pre)` and `\at(y, Pre)`). Thus, the invariant holds because `(y == \at(y, Pre)) && (x == \at(x, Pre))` is true.

#### d. Preservation
- **Preservation Condition**: If the invariant holds at the start of an iteration and the loop condition is true, then `x` and `y` are incremented by 2. The invariant remains true because `x` and `y` are still either at their initial values or incremented by a multiple of 2.

#### e. Termination Analysis of the Loop
- **Termination Condition**: When the loop terminates, `unknown()` returns false. At this point, `x` and `y` are either still at their initial values or have been incremented by a multiple of 2. The invariant holds because it accounts for both possibilities.

#### f. Correctness of the Post-condition
- **Post-condition**: `(y == 0) ==> (x != 4)`
- **Correctness**: The invariant ensures that `x` and `y` are either at their initial values or incremented by a multiple of 2. If `y == 0`, then `y` must still be at its initial value (`\at(y, Pre) == 0`). Since `x` is incremented by 2 in each iteration, if `y == 0`, `x` cannot be 4 because `x` would have been incremented by at least 2 from its initial value (which is at most 2). Thus, the post-condition holds.

#### g. Implication of the Pre-condition
- **Pre-condition Implication**: The pre-condition ensures that `x` and `y` are within the bounds `[0, 2]`. This directly implies that `x == \at(x, Pre)` and `y == \at(y, Pre)` before the loop starts, which satisfies the invariant.

### Filled-in C Program with Invariant Annotations

```c
int unknown();
/*@ requires x >= 0 && x <= 2 && y <= 2 && y >= 0; */
void foo(int x,int y) {

    /* >>> LOOP INVARIANT TO FILL <<< 
       >>> PRECONDITION OF THE LOOP : \at(x, Pre) >= 0 && \at(x, Pre) <= 2 && \at(y, Pre) <= 2 && \at(y, Pre) >= 0 && (y == \at(y, Pre)) * (x == \at(x, Pre)) <<< */
    
    /*@
      loop invariant  (\at(x, Pre) >= 0 && \at(x, Pre) <= 2 && \at(y, Pre) <= 2 && \at(y, Pre) >= 0) ==> (((y == \at(y, Pre))&&(x == \at(x, Pre))) || (x == \at(x, Pre) + 2 * (\at(x, LoopCurrent) - \at(x, Pre)) / 2)) ;
      loop invariant  (\at(x, Pre) >= 0 && \at(x, Pre) <= 2 && \at(y, Pre) <= 2 && \at(y, Pre) >= 0) ==> (((y == \at(y, Pre))&&(x == \at(x, Pre))) || (y == \at(y, Pre) + 2 * (\at(y, LoopCurrent) - \at(y, Pre)) / 2)) ;
    */
    while (unknown()) {
        x = x + 2;
        y = y + 2;
    }
            
    /*@ assert (y == 0) ==> (x != 4); */
}
```

### Explanation of Filled-in Placeholders
- `PLACE_HOLDER_x`: `x == \at(x, Pre) + 2 * (\at(x, LoopCurrent) - \at(x, Pre)) / 2`
  - This ensures that `x` is either at its initial value or incremented by a multiple of 2.
  
- `PLACE_HOLDER_y`: `y == \at(y, Pre) + 2 * (\at(y, LoopCurrent) - \at(y, Pre)) / 2`
  - This ensures that `y` is either at its initial value or incremented by a multiple of 2.

These placeholders ensure the invariant holds throughout the loop and satisfies the post-condition.

int unknown();
/*@ requires x >= 0 && x <= 2 && y <= 2 && y >= 0; */
void foo(int x,int y) {

    /*@
      loop invariant  (\at(x, Pre) >= 0 && \at(x, Pre) <= 2 && \at(y, Pre) <= 2 && \at(y, Pre) >= 0) ==> (((y == \at(y, Pre))&&(x == \at(x, Pre))) || (x == \at(x, Pre) + 2 * (\at(x, LoopCurrent) - \at(x, Pre)) / 2)) ;
      loop invariant  (\at(x, Pre) >= 0 && \at(x, Pre) <= 2 && \at(y, Pre) <= 2 && \at(y, Pre) >= 0) ==> (((y == \at(y, Pre))&&(x == \at(x, Pre))) || (y == \at(y, Pre) + 2 * (\at(y, LoopCurrent) - \at(y, Pre)) / 2)) ;
    */
    while (unknown()) {
        x = x + 2;
        y = y + 2;
    }
            
    /*@ assert (y == 0) ==> (x != 4); */
}


int unknown();
/*@ requires x >= 0 && x <= 2 && y <= 2 && y >= 0; */
void foo(int x,int y) {

    /*@
      loop invariant  (\at(x, Pre) >= 0 && \at(x, Pre) <= 2 && \at(y, Pre) <= 2 && \at(y, Pre) >= 0) ==> (((y == \at(y, Pre))&&(x == \at(x, Pre))) || (x == \at(x, Pre) + 2 * (\at(x, LoopCurrent) - \at(x, Pre)) / 2)) ;
      loop invariant  (\at(x, Pre) >= 0 && \at(x, Pre) <= 2 && \at(y, Pre) <= 2 && \at(y, Pre) >= 0) ==> (((y == \at(y, Pre))&&(x == \at(x, Pre))) || (y == \at(y, Pre) + 2 * (\at(y, LoopCurrent) - \at(y, Pre)) / 2)) ;
    */
    while (unknown()) {
        x = x + 2;
        y = y + 2;
    }
            
    /*@ assert (y == 0) ==> (x != 4); */
}

syntax Correct
Validate:
[True, True]

Verify:
[False]

Goal Assertion (file output/10.c, line 15):
Assume {
  Type: is_sint32(x_1) /\ is_sint32(x) /\ is_sint32(y).
  (* Pre-condition *)
  Have: (0 <= x_1) /\ (0 <= y) /\ (x_1 <= 2) /\ (y <= 2).
}
Prove: x != 4.
Prover Z3 4.8.12 returns Timeout (Qed:3ms) (3s)
Error found in file: output/10.c at line: 15
Error line content: /*@ assert (y == 0) ==> (x != 4); */

### Error Analysis ###

The error message indicates that the goal assertion `(y == 0) ==> (x != 4)` cannot be verified by the prover. This suggests that the current loop invariant is not strong enough to imply the post-condition.

The loop in the program increments both `x` and `y` by 2 in each iteration. The pre-condition specifies that `x` and `y` are initially between 0 and 2. The post-condition asserts that if `y` is 0, then `x` cannot be 4.

To ensure the post-condition holds, we need to strengthen the loop invariant to capture the relationship between `x` and `y`. Specifically, we need to ensure that `x` and `y` are always even and that `x` cannot be 4 if `y` is 0.

### Fixed C Code ###

```c
int unknown();
/*@ requires x >= 0 && x <= 2 && y <= 2 && y >= 0; */
void foo(int x,int y) {

    /*@
      loop invariant  (\at(x, Pre) >= 0 && \at(x, Pre) <= 2 && \at(y, Pre) <= 2 && \at(y, Pre) >= 0) ==> (((y == \at(y, Pre))&&(x == \at(x, Pre))) || (x == \at(x, Pre) + 2 * (\at(x, LoopCurrent) - \at(x, Pre)) / 2)) ;
      loop invariant  (\at(x, Pre) >= 0 && \at(x, Pre) <= 2 && \at(y, Pre) <= 2 && \at(y, Pre) >= 0) ==> (((y == \at(y, Pre))&&(x == \at(x, Pre))) || (y == \at(y, Pre) + 2 * (\at(y, LoopCurrent) - \at(y, Pre)) / 2)) ;
      loop invariant x % 2 == 0 && y % 2 == 0;
      loop invariant y == 0 ==> x <= 2;
    */
    while (unknown()) {
        x = x + 2;
        y = y + 2;
    }
            
    /*@ assert (y == 0) ==> (x != 4); */
}
```

### Explanation ###

1. **Strengthening the Invariant**:
   - Added `x % 2 == 0 && y % 2 == 0` to ensure that both `x` and `y` remain even after each iteration.
   - Added `y == 0 ==> x <= 2` to ensure that if `y` is 0, `x` cannot exceed its initial range, which is 0 to 2.

2. **Post-condition Verification**:
   - The strengthened invariant ensures that if `y` is 0, `x` must be less than or equal to 2, which directly implies `x != 4`.

These changes ensure that the loop invariant is strong enough to verify the post-condition.
after strength

int unknown();
/*@ requires x >= 0 && x <= 2 && y <= 2 && y >= 0; */
void foo(int x,int y) {

    /*@
      loop invariant  (\at(x, Pre) >= 0 && \at(x, Pre) <= 2 && \at(y, Pre) <= 2 && \at(y, Pre) >= 0) ==> (((y == \at(y, Pre))&&(x == \at(x, Pre))) || (x == \at(x, Pre) + 2 * (\at(x, LoopCurrent) - \at(x, Pre)) / 2)) ;
      loop invariant  (\at(x, Pre) >= 0 && \at(x, Pre) <= 2 && \at(y, Pre) <= 2 && \at(y, Pre) >= 0) ==> (((y == \at(y, Pre))&&(x == \at(x, Pre))) || (y == \at(y, Pre) + 2 * (\at(y, LoopCurrent) - \at(y, Pre)) / 2)) ;
      loop invariant x % 2 == 0 && y % 2 == 0;
      loop invariant y == 0 ==> x <= 2;
    */
    while (unknown()) {
        x = x + 2;
        y = y + 2;
    }
            
    /*@ assert (y == 0) ==> (x != 4); */
}

syntax Correct
Validate:
[True, True, False, False]

Goal Establishment of Invariant (file output/10.c, line 9):
Assume {
  Type: is_sint32(x) /\ is_sint32(y).
  (* Pre-condition *)
  Have: (0 <= x) /\ (0 <= y) /\ (x <= 2) /\ (y <= 2).
}
Prove: ((x % 2) = 0) /\ ((y % 2) = 0).
Prover Z3 4.8.12 returns Timeout (Qed:1ms) (3s)
Error found in file: output/10.c at line: 9
Error line content: loop invariant x % 2 == 0 && y % 2 == 0;

Goal Preservation of Invariant (file output/10.c, line 10):
Let x_2 = 2 + x.
Assume {
  Type: is_sint32(tmp_0) /\ is_sint32(x_1) /\ is_sint32(x) /\ is_sint32(y) /\
      is_sint32(x_2).
  (* Pre-condition *)
  Have: (0 <= x_1) /\ (0 <= y) /\ (x_1 <= 2) /\ (y <= 2).
  (* Invariant *)
  Have: ((x_1 % 2) = 0) /\ ((y % 2) = 0).
  (* Invariant *)
  Have: (x % 2) = 0.
  (* Then *)
  Have: tmp_0 != 0.
  (* Invariant *)
  Have: (x_2 % 2) = 0.
}
Prove: x <= 0.
Prover Z3 4.8.12 returns Timeout (Qed:6ms) (3s)
Error found in file: output/10.c at line: 10
Error line content: loop invariant y == 0 ==> x <= 2;

Verify:
[True]


int unknown();
/*@ requires x >= 0 && x <= 2 && y <= 2 && y >= 0; */
void foo(int x,int y) {

    /*@
      loop invariant  (\at(x, Pre) >= 0 && \at(x, Pre) <= 2 && \at(y, Pre) <= 2 && \at(y, Pre) >= 0) ==> (((y == \at(y, Pre))&&(x == \at(x, Pre))) || (x == \at(x, Pre) + 2 * (\at(x, LoopCurrent) - \at(x, Pre)) / 2)) ;
      loop invariant  (\at(x, Pre) >= 0 && \at(x, Pre) <= 2 && \at(y, Pre) <= 2 && \at(y, Pre) >= 0) ==> (((y == \at(y, Pre))&&(x == \at(x, Pre))) || (y == \at(y, Pre) + 2 * (\at(y, LoopCurrent) - \at(y, Pre)) / 2)) ;
      loop invariant x % 2 == 0 && y % 2 == 0 [INVARIANT FAILED] ;
      loop invariant y == 0 ==> x <= 2 [INVARIANT FAILED] ;
    */
    while (unknown()) {
        x = x + 2;
        y = y + 2;
    }
            
    /*@ assert (y == 0) ==> (x != 4); */
}

Let me analyze the errors and provide a corrected version.

Error Analysis:
1. The first error shows that the invariant `x % 2 == 0 && y % 2 == 0` fails establishment. This is because the precondition doesn't guarantee that x and y are even numbers initially (they could be odd within 0-2 range).

2. The second error shows the invariant `y == 0 ==> x <= 2` fails preservation. This is because when y is incremented by 2, it will never be 0 again after the first iteration, making the implication vacuously true but not useful for the postcondition.

The key issues are:
- The modulo invariant is too strong given the precondition
- The implication invariant isn't helpful for proving the postcondition
- We need invariants that track the relationship between x and y

Fixed C Code:
```c
int unknown();
/*@ requires x >= 0 && x <= 2 && y <= 2 && y >= 0; */
void foo(int x,int y) {

    /*@
      loop invariant x >= \at(x, Pre) && x <= \at(x, Pre) + 2*(\at(x, LoopCurrent) - \at(x, Pre))/2;
      loop invariant y >= \at(y, Pre) && y <= \at(y, Pre) + 2*(\at(y, LoopCurrent) - \at(y, Pre))/2;
      loop invariant x - \at(x, Pre) == y - \at(y, Pre);
      loop invariant y == 0 ==> x == \at(x, Pre);
    */
    while (unknown()) {
        x = x + 2;
        y = y + 2;
    }
            
    /*@ assert (y == 0) ==> (x != 4); */
}
```

Key improvements:
1. Replaced modulo constraints with range constraints that are easier to establish
2. Added invariant tracking the relationship between x and y changes
3. Simplified the implication to directly relate to initial values
4. All invariants can be established from the precondition
5. The invariants are preserved through each iteration
6. The postcondition can be derived from these invariants when the loop terminates

The new invariants ensure that:
- x and y always increase in steps of 2 from their initial values
- x and y maintain the same difference from their initial values
- If y remains 0, x must equal its initial value (which is ≤ 2)
This is sufficient to prove that x cannot be 4 when y is 0.
after weaken

int unknown();
/*@ requires x >= 0 && x <= 2 && y <= 2 && y >= 0; */
void foo(int x,int y) {

    /*@
      loop invariant x >= \at(x, Pre) && x <= \at(x, Pre) + 2*(\at(x, LoopCurrent) - \at(x, Pre))/2;
      loop invariant y >= \at(y, Pre) && y <= \at(y, Pre) + 2*(\at(y, LoopCurrent) - \at(y, Pre))/2;
      loop invariant x - \at(x, Pre) == y - \at(y, Pre);
      loop invariant y == 0 ==> x == \at(x, Pre);
    */
    while (unknown()) {
        x = x + 2;
        y = y + 2;
    }
            
    /*@ assert (y == 0) ==> (x != 4); */
}

syntax Correct
Validate:
[True, True, True, True]

Verify:
[True]

CORRECT INVARIANT
syntax Correct
Validate:
[True, True, True, True]

Verify:
[True]

syntax Correct
Validate:
[True, True, True, True]

Verify:
[True]

已移动文件: 10.c -> finish
-----------------------------------------

文件 10.c 处理完成. 总耗时: 227.334885597229
-----------------------------------------
finshed_files:['11.c', '132.c', '70.c', '121.c', '94.c', '109.c', '61.c', '120.c', '42.c', '33.c', '17.c', '105.c', '101.c', '38.c', '40.c', '88.c', '4.c', '114.c', '8.c', '84.c', '83.c', '111.c', '47.c', '14.c', '49.c', '131.c', '119.c', '43.c', '50.c', '56.c', '18.c', '53.c', '35.c', '10.c']
