file:106.c
Successfully generated loop/106.json
INNER_FLAG: False
Variable Maps: [{'k': '0', 'a': 'a@pre', 'j': 'j@pre', 'm': 'm@pre'}]
Path conditions: ['a@pre <= m@pre && j@pre < 1']
Pre condition: a@pre <= m@pre && j@pre < 1 && (k == 0) * (a == a@pre) * (j == j@pre) * (m == m@pre)
Loop Condition: k < 1
Updated Loop Conditions: ['0 < 1']
Global Unchanged Variables ['a', 'j']
Non Inductive Variables ['m']
[{'k': '0', 'a': 'a@pre', 'j': 'j@pre', 'm': 'm@pre'}]
['a@pre <= m@pre && j@pre < 1']

            
    /* >>> LOOP INVARIANT TO FILL <<< 
       >>> PRECONDITION OF THE LOOP : \at(a, Pre) <= \at(m, Pre) && \at(j, Pre) < 1 && (k == 0) * (a == \at(a, Pre)) * (j == \at(j, Pre)) * (m == \at(m, Pre)) <<< */
    
            /*@
          loop invariant (\at(a, Pre) <= \at(m, Pre) && \at(j, Pre) < 1) ==> (a == \at(a, Pre));
          loop invariant (\at(a, Pre) <= \at(m, Pre) && \at(j, Pre) < 1) ==> (j == \at(j, Pre));
            */
            while ( k < 1) {

        if(m < a) {
            m = a;
        }
        
        k = k + 1;
    }
            

            
    /* >>> LOOP INVARIANT TO FILL <<< 
       >>> PRECONDITION OF THE LOOP : \at(a, Pre) <= \at(m, Pre) && \at(j, Pre) < 1 && (k == 0) * (a == \at(a, Pre)) * (j == \at(j, Pre)) * (m == \at(m, Pre)) <<< */
    
            /*@
          loop invariant  (\at(a, Pre) <= \at(m, Pre) && \at(j, Pre) < 1) ==> (((k == 0)&&(a == \at(a, Pre))&&(j == \at(j, Pre))&&(m == \at(m, Pre))) || (PLACE_HOLDER_m)) ;
          loop invariant  (\at(a, Pre) <= \at(m, Pre) && \at(j, Pre) < 1) ==> (((k == 0)&&(a == \at(a, Pre))&&(j == \at(j, Pre))&&(m == \at(m, Pre))) || (PLACE_HOLDER_k)) ;
          loop invariant (\at(a, Pre) <= \at(m, Pre) && \at(j, Pre) < 1) ==> (a == \at(a, Pre));
          loop invariant (\at(a, Pre) <= \at(m, Pre) && \at(j, Pre) < 1) ==> (j == \at(j, Pre));
            */
            while ( k < 1) {

        if(m < a) {
            m = a;
        }
        
        k = k + 1;
    }
            

/*@ requires a <= m;
    requires j < 1;
*/
void foo(int m,int j,int a) {

    int k = 0;
    
    
    
            
    /* >>> LOOP INVARIANT TO FILL <<< 
       >>> PRECONDITION OF THE LOOP : \at(a, Pre) <= \at(m, Pre) && \at(j, Pre) < 1 && (k == 0) * (a == \at(a, Pre)) * (j == \at(j, Pre)) * (m == \at(m, Pre)) <<< */
    
            /*@
          loop invariant  (\at(a, Pre) <= \at(m, Pre) && \at(j, Pre) < 1) ==> (((k == 0)&&(a == \at(a, Pre))&&(j == \at(j, Pre))&&(m == \at(m, Pre))) || (PLACE_HOLDER_m)) ;
          loop invariant  (\at(a, Pre) <= \at(m, Pre) && \at(j, Pre) < 1) ==> (((k == 0)&&(a == \at(a, Pre))&&(j == \at(j, Pre))&&(m == \at(m, Pre))) || (PLACE_HOLDER_k)) ;
          loop invariant (\at(a, Pre) <= \at(m, Pre) && \at(j, Pre) < 1) ==> (a == \at(a, Pre));
          loop invariant (\at(a, Pre) <= \at(m, Pre) && \at(j, Pre) < 1) ==> (j == \at(j, Pre));
            */
            while ( k < 1) {

        if(m < a) {
            m = a;
        }
        
        k = k + 1;
    }
            

  /*@ assert a <= m; */

}
### Analysis

#### a. Purpose and Structure of the Loop

- **Objective of the Loop**: The loop ensures that `m` is at least as large as `a`. If `m` is initially smaller than `a`, the loop updates `m` to be equal to `a`. The loop terminates after exactly one iteration because `k` is incremented from 0 to 1.
  
- **Loop Structure**:
  - **Condition**: `k < 1`
  - **Body**:
    - If `m < a`, then `m` is updated to `a`.
    - `k` is incremented by 1.
  - **Relevant Variables**: `k`, `m`, `a`.

#### b. Discussion of the Loop Invariant

The loop invariant must capture the relationship between `m` and `a`, and the state of `k`. The proposed invariant must ensure that:
- `m` is at least as large as `a` at the end of each iteration.
- `k` is constrained to be within its bounds (0 or 1).
- The values of `a` and `j` remain unchanged throughout the loop.

#### c. Establishment

Before the loop starts, `k` is initialized to 0, and the pre-condition ensures that `a <= m` and `j < 1`. The invariant is established because:
- `k == 0` is true.
- `a == \at(a, Pre)` and `j == \at(j, Pre)` are true.
- `m == \at(m, Pre)` is true, and `a <= m` holds.

#### d. Preservation

At the start of each iteration, assuming the invariant holds:
- If `m < a`, `m` is updated to `a`, ensuring `m >= a`.
- `k` is incremented by 1, so `k` becomes 1, which still satisfies the invariant.
- The values of `a` and `j` remain unchanged.
Thus, the invariant is preserved.

#### e. Termination Analysis of the Loop

When the loop terminates, `k` is 1, and the loop condition `k < 1` is false. The invariant still holds because:
- `m >= a` is true (either `m` was already greater than or equal to `a`, or it was updated to `a`).
- `k == 1` is true.
- `a == \at(a, Pre)` and `j == \at(j, Pre)` remain unchanged.

#### f. Correctness of the Post-condition

The post-condition `a <= m` is correct because:
- The invariant ensures `m >= a` at the end of the loop.
- The loop condition `k < 1` being false ensures that the loop has executed exactly once, updating `m` if necessary to ensure `m >= a`.

#### g. Implication of the Pre-condition

The pre-condition `\at(a, Pre) <= \at(m, Pre)` ensures that `a <= m` before the loop starts. This directly implies that the invariant `a <= m` is established before the loop begins.

### Filled-in C Loop Program

```c
/*@ requires a <= m;
    requires j < 1;
*/
void foo(int m,int j,int a) {

    int k = 0;
    
    
    
            
    /* >>> LOOP INVARIANT TO FILL <<< 
       >>> PRECONDITION OF THE LOOP : \at(a, Pre) <= \at(m, Pre) && \at(j, Pre) < 1 && (k == 0) * (a == \at(a, Pre)) * (j == \at(j, Pre)) * (m == \at(m, Pre)) <<< */
    
            /*@
          loop invariant  (\at(a, Pre) <= \at(m, Pre) && \at(j, Pre) < 1) ==> (((k == 0)&&(a == \at(a, Pre))&&(j == \at(j, Pre))&&(m == \at(m, Pre))) || (m >= a)) ;
          loop invariant  (\at(a, Pre) <= \at(m, Pre) && \at(j, Pre) < 1) ==> (((k == 0)&&(a == \at(a, Pre))&&(j == \at(j, Pre))&&(m == \at(m, Pre))) || (k == 1)) ;
          loop invariant (\at(a, Pre) <= \at(m, Pre) && \at(j, Pre) < 1) ==> (a == \at(a, Pre));
          loop invariant (\at(a, Pre) <= \at(m, Pre) && \at(j, Pre) < 1) ==> (j == \at(j, Pre));
            */
            while ( k < 1) {

        if(m < a) {
            m = a;
        }
        
        k = k + 1;
    }
            

  /*@ assert a <= m; */

}
```

### Explanation of Filled-in Placeholders

- **PLACE_HOLDER_m**: `m >= a` ensures that `m` is at least as large as `a` after the loop body executes.
- **PLACE_HOLDER_k**: `k == 1` ensures that `k` is 1 after the loop body executes, which is consistent with the loop termination condition.

/*@ requires a <= m;
    requires j < 1;
*/
void foo(int m,int j,int a) {

    int k = 0;
    
    
    
            
            /*@
          loop invariant  (\at(a, Pre) <= \at(m, Pre) && \at(j, Pre) < 1) ==> (((k == 0)&&(a == \at(a, Pre))&&(j == \at(j, Pre))&&(m == \at(m, Pre))) || (m >= a)) ;
          loop invariant  (\at(a, Pre) <= \at(m, Pre) && \at(j, Pre) < 1) ==> (((k == 0)&&(a == \at(a, Pre))&&(j == \at(j, Pre))&&(m == \at(m, Pre))) || (k == 1)) ;
          loop invariant (\at(a, Pre) <= \at(m, Pre) && \at(j, Pre) < 1) ==> (a == \at(a, Pre));
          loop invariant (\at(a, Pre) <= \at(m, Pre) && \at(j, Pre) < 1) ==> (j == \at(j, Pre));
            */
            while ( k < 1) {

        if(m < a) {
            m = a;
        }
        
        k = k + 1;
    }
            

  /*@ assert a <= m; */

}


/*@ requires a <= m;
    requires j < 1;
*/
void foo(int m,int j,int a) {

    int k = 0;
    
    
    
            
            /*@
          loop invariant  (\at(a, Pre) <= \at(m, Pre) && \at(j, Pre) < 1) ==> (((k == 0)&&(a == \at(a, Pre))&&(j == \at(j, Pre))&&(m == \at(m, Pre))) || (m >= a)) ;
          loop invariant  (\at(a, Pre) <= \at(m, Pre) && \at(j, Pre) < 1) ==> (((k == 0)&&(a == \at(a, Pre))&&(j == \at(j, Pre))&&(m == \at(m, Pre))) || (k == 1)) ;
          loop invariant (\at(a, Pre) <= \at(m, Pre) && \at(j, Pre) < 1) ==> (a == \at(a, Pre));
          loop invariant (\at(a, Pre) <= \at(m, Pre) && \at(j, Pre) < 1) ==> (j == \at(j, Pre));
            */
            while ( k < 1) {

        if(m < a) {
            m = a;
        }
        
        k = k + 1;
    }
            

  /*@ assert a <= m; */

}

syntax Correct
Validate:
[True, True, True, True]

Verify:
[True]

CORRECT INVARIANT
syntax Correct
Validate:
[True, True, True, True]

Verify:
[True]

syntax Correct
Validate:
[True, True, True, True]

Verify:
[True]

已移动文件: 106.c -> finish
-----------------------------------------

文件 106.c 处理完成. 总耗时: 64.26163721084595
-----------------------------------------
finshed_files:['11.c', '132.c', '70.c', '121.c', '94.c', '109.c', '61.c', '120.c', '42.c', '33.c', '17.c', '105.c', '101.c', '38.c', '40.c', '88.c', '4.c', '114.c', '8.c', '84.c', '83.c', '111.c', '47.c', '14.c', '49.c', '131.c', '119.c', '43.c', '50.c', '56.c', '18.c', '53.c', '35.c', '10.c', '28.c', '26.c', '73.c', '89.c', '126.c', '96.c', '57.c', '37.c', '36.c', '92.c', '68.c', '115.c', '71.c', '91.c', '22.c', '19.c', '124.c', '52.c', '100.c', '95.c', '90.c', '86.c', '128.c', '62.c', '77.c', '79.c', '108.c', '129.c', '34.c', '123.c', '98.c', '41.c', '27.c', '106.c']
