file:122.c
Successfully generated loop/122.json
INNER_FLAG: False
Variable Maps: [{'sn': '0', 'i': '1', 'v3': 'v3@pre', 'v2': 'v2@pre', 'v1': 'v1@pre', 'size': 'size@pre'}]
Path conditions: [None]
Pre condition: (sn == 0) * (i == 1) * (v3 == v3@pre) * (v2 == v2@pre) * (v1 == v1@pre) * (size == size@pre)
Loop Condition: i <= size
Updated Loop Conditions: ['1 <= size@pre']
Global Unchanged Variables ['v3', 'v2', 'v1', 'size']
Non Inductive Variables []
[{'sn': '0', 'i': '1', 'v3': 'v3@pre', 'v2': 'v2@pre', 'v1': 'v1@pre', 'size': 'size@pre'}]
[None]

            
    /* >>> LOOP INVARIANT TO FILL <<< 
       >>> PRECONDITION OF THE LOOP : (sn == 0) * (i == 1) * (v3 == \at(v3, Pre)) * (v2 == \at(v2, Pre)) * (v1 == \at(v1, Pre)) * (size == \at(size, Pre)) <<< */
    
            /*@
          loop invariant v3 == \at(v3, Pre);
          loop invariant v2 == \at(v2, Pre);
          loop invariant v1 == \at(v1, Pre);
          loop invariant size == \at(size, Pre);
            */
            while (i <= size) {
  
      i  = (i + 1);
      sn  = (sn + 1);
      
    }
            

            
    /* >>> LOOP INVARIANT TO FILL <<< 
       >>> PRECONDITION OF THE LOOP : (sn == 0) * (i == 1) * (v3 == \at(v3, Pre)) * (v2 == \at(v2, Pre)) * (v1 == \at(v1, Pre)) * (size == \at(size, Pre)) <<< */
    
            /*@
          loop invariant (1 <= \at(size, Pre)) ==> (((sn == 0)&&(i == 1)&&(v3 == \at(v3, Pre))&&(v2 == \at(v2, Pre))&&(v1 == \at(v1, Pre))&&(size == \at(size, Pre))) || (PLACE_HOLDER_i));
          loop invariant (1 <= \at(size, Pre)) ==> (((sn == 0)&&(i == 1)&&(v3 == \at(v3, Pre))&&(v2 == \at(v2, Pre))&&(v1 == \at(v1, Pre))&&(size == \at(size, Pre))) || (PLACE_HOLDER_sn));
          loop invariant (!(1 <= \at(size, Pre))) ==> ((sn == 0)&&(i == 1)&&(v3 == \at(v3, Pre))&&(v2 == \at(v2, Pre))&&(v1 == \at(v1, Pre))&&(size == \at(size, Pre)));
          loop invariant v3 == \at(v3, Pre);
          loop invariant v2 == \at(v2, Pre);
          loop invariant v1 == \at(v1, Pre);
          loop invariant size == \at(size, Pre);
            */
            while (i <= size) {
  
      i  = (i + 1);
      sn  = (sn + 1);
      
    }
            
void foo(int size,int v1,int v2,int v3) {
 
    int i = 1;
    int sn = 0;
    
     
    
            
    /* >>> LOOP INVARIANT TO FILL <<< 
       >>> PRECONDITION OF THE LOOP : (sn == 0) * (i == 1) * (v3 == \at(v3, Pre)) * (v2 == \at(v2, Pre)) * (v1 == \at(v1, Pre)) * (size == \at(size, Pre)) <<< */
    
            /*@
          loop invariant (1 <= \at(size, Pre)) ==> (((sn == 0)&&(i == 1)&&(v3 == \at(v3, Pre))&&(v2 == \at(v2, Pre))&&(v1 == \at(v1, Pre))&&(size == \at(size, Pre))) || (PLACE_HOLDER_i));
          loop invariant (1 <= \at(size, Pre)) ==> (((sn == 0)&&(i == 1)&&(v3 == \at(v3, Pre))&&(v2 == \at(v2, Pre))&&(v1 == \at(v1, Pre))&&(size == \at(size, Pre))) || (PLACE_HOLDER_sn));
          loop invariant (!(1 <= \at(size, Pre))) ==> ((sn == 0)&&(i == 1)&&(v3 == \at(v3, Pre))&&(v2 == \at(v2, Pre))&&(v1 == \at(v1, Pre))&&(size == \at(size, Pre)));
          loop invariant v3 == \at(v3, Pre);
          loop invariant v2 == \at(v2, Pre);
          loop invariant v1 == \at(v1, Pre);
          loop invariant size == \at(size, Pre);
            */
            while (i <= size) {
  
      i  = (i + 1);
      sn  = (sn + 1);
      
    }
            
  
    /*@ assert (sn != size) ==> (sn == 0);*/
  
  }
### Analysis

#### a. Purpose and Structure of the Loop
- **Objective**: The loop increments `i` from 1 to `size` (inclusive) and counts the number of iterations in `sn`. The post-condition suggests that if `sn != size`, then `sn` must be 0, implying the loop did not execute (likely because `size` was not positive).
- **Structure**: 
  - Loop condition: `i <= size`
  - Loop body: Increments `i` and `sn` by 1 in each iteration.
  - Relevant variables: `i`, `sn`, `size`, `v1`, `v2`, `v3`.

#### b. Discussion of the Loop Invariant
The loop invariant must capture:
1. The relationship between `i` and `sn`: `sn == i - 1` (since `i` starts at 1 and `sn` starts at 0).
2. The bounds of `i`: `1 <= i <= size + 1` (since `i` starts at 1 and increments until `i > size`).
3. The immutability of `v1`, `v2`, `v3`, and `size`.

#### c. Establishment
Before the loop starts:
- `sn == 0`, `i == 1`, and the other variables equal their initial values (from the pre-condition). 
- The invariant `sn == i - 1` holds because `0 == 1 - 1`.
- The bounds `1 <= i <= size + 1` hold because `i == 1` and `size` is arbitrary.

#### d. Preservation
At the start of an iteration:
- Assume `sn == i - 1` and `1 <= i <= size`.
- After incrementing `i` and `sn`:
  - `sn_new == sn + 1 == (i - 1) + 1 == i`.
  - `i_new == i + 1`.
  - Thus, `sn_new == i_new - 1` still holds.
- The bounds `1 <= i <= size + 1` are preserved because `i` increments by 1 and stops when `i > size`.

#### e. Termination Analysis
When the loop terminates:
- `i == size + 1` (since `i` increments until `i > size`).
- `sn == size` (from `sn == i - 1`).
- If `size < 1`, the loop does not execute, and `sn == 0`, `i == 1`.

#### f. Correctness of the Post-condition
- Post-condition: `(sn != size) ==> (sn == 0)`.
  - If `size < 1`, the loop does not execute, so `sn == 0` (post-condition holds).
  - If `size >= 1`, `sn == size` at termination, so the implication `(sn != size) ==> ...` is vacuously true.

#### g. Implication of the Pre-condition
The pre-condition directly establishes the invariant:
- `sn == 0`, `i == 1`, and other variables equal their initial values.
- Thus, `sn == i - 1` holds initially.

### Filled-in Loop Invariants
```c
void foo(int size,int v1,int v2,int v3) {
 
    int i = 1;
    int sn = 0;
    
     
    
            
    /* >>> LOOP INVARIANT TO FILL <<< 
       >>> PRECONDITION OF THE LOOP : (sn == 0) * (i == 1) * (v3 == \at(v3, Pre)) * (v2 == \at(v2, Pre)) * (v1 == \at(v1, Pre)) * (size == \at(size, Pre)) <<< */
    
            /*@
          loop invariant (1 <= \at(size, Pre)) ==> (((sn == 0)&&(i == 1)&&(v3 == \at(v3, Pre))&&(v2 == \at(v2, Pre))&&(v1 == \at(v1, Pre))&&(size == \at(size, Pre))) || (1 <= i <= \at(size, Pre) + 1 && sn == i - 1));
          loop invariant (1 <= \at(size, Pre)) ==> (((sn == 0)&&(i == 1)&&(v3 == \at(v3, Pre))&&(v2 == \at(v2, Pre))&&(v1 == \at(v1, Pre))&&(size == \at(size, Pre))) || (1 <= i <= \at(size, Pre) + 1 && sn == i - 1));
          loop invariant (!(1 <= \at(size, Pre))) ==> ((sn == 0)&&(i == 1)&&(v3 == \at(v3, Pre))&&(v2 == \at(v2, Pre))&&(v1 == \at(v1, Pre))&&(size == \at(size, Pre)));
          loop invariant v3 == \at(v3, Pre);
          loop invariant v2 == \at(v2, Pre);
          loop invariant v1 == \at(v1, Pre);
          loop invariant size == \at(size, Pre);
            */
            while (i <= size) {
  
      i  = (i + 1);
      sn  = (sn + 1);
      
    }
            
  
    /*@ assert (sn != size) ==> (sn == 0);*/
  
  }
```

### Explanation of Filled-in Placeholders
- `PLACE_HOLDER_i`: `1 <= i <= \at(size, Pre) + 1 && sn == i - 1`
  - Bounds `i` and relates `sn` to `i`.
- `PLACE_HOLDER_sn`: `1 <= i <= \at(size, Pre) + 1 && sn == i - 1`
  - Same as above, since both placeholders refer to the same logical condition.

void foo(int size,int v1,int v2,int v3) {
 
    int i = 1;
    int sn = 0;
    
     
    
            
            /*@
          loop invariant (1 <= \at(size, Pre)) ==> (((sn == 0)&&(i == 1)&&(v3 == \at(v3, Pre))&&(v2 == \at(v2, Pre))&&(v1 == \at(v1, Pre))&&(size == \at(size, Pre))) || (1 <= i <= \at(size, Pre) + 1 && sn == i - 1));
          loop invariant (1 <= \at(size, Pre)) ==> (((sn == 0)&&(i == 1)&&(v3 == \at(v3, Pre))&&(v2 == \at(v2, Pre))&&(v1 == \at(v1, Pre))&&(size == \at(size, Pre))) || (1 <= i <= \at(size, Pre) + 1 && sn == i - 1));
          loop invariant (!(1 <= \at(size, Pre))) ==> ((sn == 0)&&(i == 1)&&(v3 == \at(v3, Pre))&&(v2 == \at(v2, Pre))&&(v1 == \at(v1, Pre))&&(size == \at(size, Pre)));
          loop invariant v3 == \at(v3, Pre);
          loop invariant v2 == \at(v2, Pre);
          loop invariant v1 == \at(v1, Pre);
          loop invariant size == \at(size, Pre);
            */
            while (i <= size) {
  
      i  = (i + 1);
      sn  = (sn + 1);
      
    }
            
  
    /*@ assert (sn != size) ==> (sn == 0);*/
  
  }


void foo(int size,int v1,int v2,int v3) {
 
    int i = 1;
    int sn = 0;
    
     
    
            
            /*@
          loop invariant (1 <= \at(size, Pre)) ==> (((sn == 0)&&(i == 1)&&(v3 == \at(v3, Pre))&&(v2 == \at(v2, Pre))&&(v1 == \at(v1, Pre))&&(size == \at(size, Pre))) || (1 <= i <= \at(size, Pre) + 1 && sn == i - 1));
          loop invariant (1 <= \at(size, Pre)) ==> (((sn == 0)&&(i == 1)&&(v3 == \at(v3, Pre))&&(v2 == \at(v2, Pre))&&(v1 == \at(v1, Pre))&&(size == \at(size, Pre))) || (1 <= i <= \at(size, Pre) + 1 && sn == i - 1));
          loop invariant (!(1 <= \at(size, Pre))) ==> ((sn == 0)&&(i == 1)&&(v3 == \at(v3, Pre))&&(v2 == \at(v2, Pre))&&(v1 == \at(v1, Pre))&&(size == \at(size, Pre)));
          loop invariant v3 == \at(v3, Pre);
          loop invariant v2 == \at(v2, Pre);
          loop invariant v1 == \at(v1, Pre);
          loop invariant size == \at(size, Pre);
            */
            while (i <= size) {
  
      i  = (i + 1);
      sn  = (sn + 1);
      
    }
            
  
    /*@ assert (sn != size) ==> (sn == 0);*/
  
  }

syntax Correct
Validate:
[True, True, True, True, True, True, True]

Verify:
[True]

CORRECT INVARIANT
syntax Correct
Validate:
[True, True, True, True, True, True, True]

Verify:
[True]

syntax Correct
Validate:
[True, True, True, True, True, True, True]

Verify:
[True]

已移动文件: 122.c -> finish
-----------------------------------------

文件 122.c 处理完成. 总耗时: 96.9826385974884
-----------------------------------------
finshed_files:['11.c', '132.c', '70.c', '121.c', '94.c', '109.c', '61.c', '120.c', '42.c', '33.c', '17.c', '105.c', '101.c', '38.c', '40.c', '88.c', '4.c', '114.c', '8.c', '84.c', '83.c', '111.c', '47.c', '14.c', '49.c', '131.c', '119.c', '43.c', '50.c', '56.c', '18.c', '53.c', '35.c', '10.c', '28.c', '26.c', '73.c', '89.c', '126.c', '96.c', '57.c', '37.c', '36.c', '92.c', '68.c', '115.c', '71.c', '91.c', '22.c', '19.c', '124.c', '52.c', '100.c', '95.c', '90.c', '86.c', '128.c', '62.c', '77.c', '79.c', '108.c', '129.c', '34.c', '123.c', '98.c', '41.c', '27.c', '106.c', '58.c', '130.c', '20.c', '85.c', '15.c', '75.c', '104.c', '2.c', '82.c', '32.c', '23.c', '117.c', '125.c', '64.c', '6.c', '1.c', '12.c', '45.c', '113.c', '13.c', '31.c', '54.c', '93.c', '3.c', '30.c', '133.c', '112.c', '103.c', '69.c', '122.c']
