file:124.c
Successfully generated loop/124.json
INNER_FLAG: False
Variable Maps: [{'j': 'y@pre', 'i': 'x@pre', 'y': 'y@pre', 'x': 'x@pre'}]
Path conditions: [None]
Pre condition: (j == y@pre) * (i == x@pre) * (y == y@pre) * (x == x@pre)
Loop Condition: x != 0
Updated Loop Conditions: ['x@pre != 0']
Global Unchanged Variables ['j', 'i']
Non Inductive Variables []
[{'j': 'y@pre', 'i': 'x@pre', 'y': 'y@pre', 'x': 'x@pre'}]
[None]

            
    /* >>> LOOP INVARIANT TO FILL <<< 
       >>> PRECONDITION OF THE LOOP : (j == \at(y, Pre)) * (i == \at(x, Pre)) * (y == \at(y, Pre)) * (x == \at(x, Pre)) <<< */
    
            /*@
          loop invariant j == \at(y, Pre);
          loop invariant i == \at(x, Pre);
            */
            while (x != 0) {
  
      x  = x - 1;
      y  = y - 1;
  
    }
            

            
    /* >>> LOOP INVARIANT TO FILL <<< 
       >>> PRECONDITION OF THE LOOP : (j == \at(y, Pre)) * (i == \at(x, Pre)) * (y == \at(y, Pre)) * (x == \at(x, Pre)) <<< */
    
            /*@
          loop invariant (\at(x, Pre) != 0) ==> (((j == \at(y, Pre))&&(i == \at(x, Pre))&&(y == \at(y, Pre))&&(x == \at(x, Pre))) || (PLACE_HOLDER_x));
          loop invariant (\at(x, Pre) != 0) ==> (((j == \at(y, Pre))&&(i == \at(x, Pre))&&(y == \at(y, Pre))&&(x == \at(x, Pre))) || (PLACE_HOLDER_y));
          loop invariant (!(\at(x, Pre) != 0)) ==> ((j == \at(y, Pre))&&(i == \at(x, Pre))&&(y == \at(y, Pre))&&(x == \at(x, Pre)));
          loop invariant j == \at(y, Pre);
          loop invariant i == \at(x, Pre);
            */
            while (x != 0) {
  
      x  = x - 1;
      y  = y - 1;
  
    }
            
void foo(int x, int y) {

    int i = x;
    int j = y;
    
    
    
            
    /* >>> LOOP INVARIANT TO FILL <<< 
       >>> PRECONDITION OF THE LOOP : (j == \at(y, Pre)) * (i == \at(x, Pre)) * (y == \at(y, Pre)) * (x == \at(x, Pre)) <<< */
    
            /*@
          loop invariant (\at(x, Pre) != 0) ==> (((j == \at(y, Pre))&&(i == \at(x, Pre))&&(y == \at(y, Pre))&&(x == \at(x, Pre))) || (PLACE_HOLDER_x));
          loop invariant (\at(x, Pre) != 0) ==> (((j == \at(y, Pre))&&(i == \at(x, Pre))&&(y == \at(y, Pre))&&(x == \at(x, Pre))) || (PLACE_HOLDER_y));
          loop invariant (!(\at(x, Pre) != 0)) ==> ((j == \at(y, Pre))&&(i == \at(x, Pre))&&(y == \at(y, Pre))&&(x == \at(x, Pre)));
          loop invariant j == \at(y, Pre);
          loop invariant i == \at(x, Pre);
            */
            while (x != 0) {
  
      x  = x - 1;
      y  = y - 1;
  
    }
            
  
    /*@ assert (i == j) ==> (y == 0); */
  
  }
Let me analyze this loop and fill in the loop invariants appropriately.

Analysis:

a. Purpose and Structure of the Loop:
- The loop decrements both x and y by 1 in each iteration until x becomes 0
- Initial values: i = original x, j = original y
- Loop condition: x != 0
- Loop body: x = x - 1; y = y - 1;
- Relevant variables: x, y, i, j

b. Discussion of the Loop Invariant:
- The key invariants are that i and j maintain their original values
- When x was non-zero initially, x and y decrease by the same amount
- The post-condition relates i, j and y when the loop terminates

c. Establishment:
- Before the loop, i = original x and j = original y (from pre-condition)
- The invariants about i and j matching their original values are established

d. Preservation:
- i and j are not modified in the loop, so their invariants are preserved
- The other invariants about x and y relationships are preserved since both are decremented equally

e. Termination Analysis:
- Loop terminates when x == 0
- At termination, y = original y - original x (since both were decremented same number of times)
- i and j still equal their original values

f. Correctness of Post-condition:
- Post-condition: (i == j) ==> (y == 0)
- If i == j (original x == original y), then y = original y - original x = 0
- The invariant ensures we track the relationship between the decrements

g. Implication of Pre-condition:
- Pre-condition directly gives us i == original x and j == original y
- This establishes the key invariants about i and j

Filled-in program:

```c
void foo(int x, int y) {

    int i = x;
    int j = y;
    
    
    
            
    /* >>> LOOP INVARIANT TO FILL <<< 
       >>> PRECONDITION OF THE LOOP : (j == \at(y, Pre)) * (i == \at(x, Pre)) * (y == \at(y, Pre)) * (x == \at(x, Pre)) <<< */
    
            /*@
          loop invariant (\at(x, Pre) != 0) ==> (((j == \at(y, Pre))&&(i == \at(x, Pre))&&(y == \at(y, Pre))&&(x == \at(x, Pre))) || (x == \at(x, Pre) - (\at(x, Pre) - x)));
          loop invariant (\at(x, Pre) != 0) ==> (((j == \at(y, Pre))&&(i == \at(x, Pre))&&(y == \at(y, Pre))&&(x == \at(x, Pre))) || (y == \at(y, Pre) - (\at(x, Pre) - x)));
          loop invariant (!(\at(x, Pre) != 0)) ==> ((j == \at(y, Pre))&&(i == \at(x, Pre))&&(y == \at(y, Pre))&&(x == \at(x, Pre)));
          loop invariant j == \at(y, Pre);
          loop invariant i == \at(x, Pre);
            */
            while (x != 0) {
  
      x  = x - 1;
      y  = y - 1;
  
    }
            
  
    /*@ assert (i == j) ==> (y == 0); */
  
  }
```

The filled placeholders are:
- PLACE_HOLDER_x: `x == \at(x, Pre) - (\at(x, Pre) - x)`
- PLACE_HOLDER_y: `y == \at(y, Pre) - (\at(x, Pre) - x)`

These expressions track how much x and y have decreased from their original values, maintaining the relationship that they are decremented by the same amount each iteration.

void foo(int x, int y) {

    int i = x;
    int j = y;
    
    
    
            
            /*@
          loop invariant (\at(x, Pre) != 0) ==> (((j == \at(y, Pre))&&(i == \at(x, Pre))&&(y == \at(y, Pre))&&(x == \at(x, Pre))) || (x == \at(x, Pre) - (\at(x, Pre) - x)));
          loop invariant (\at(x, Pre) != 0) ==> (((j == \at(y, Pre))&&(i == \at(x, Pre))&&(y == \at(y, Pre))&&(x == \at(x, Pre))) || (y == \at(y, Pre) - (\at(x, Pre) - x)));
          loop invariant (!(\at(x, Pre) != 0)) ==> ((j == \at(y, Pre))&&(i == \at(x, Pre))&&(y == \at(y, Pre))&&(x == \at(x, Pre)));
          loop invariant j == \at(y, Pre);
          loop invariant i == \at(x, Pre);
            */
            while (x != 0) {
  
      x  = x - 1;
      y  = y - 1;
  
    }
            
  
    /*@ assert (i == j) ==> (y == 0); */
  
  }


void foo(int x, int y) {

    int i = x;
    int j = y;
    
    
    
            
            /*@
          loop invariant (\at(x, Pre) != 0) ==> (((j == \at(y, Pre))&&(i == \at(x, Pre))&&(y == \at(y, Pre))&&(x == \at(x, Pre))) || (x == \at(x, Pre) - (\at(x, Pre) - x)));
          loop invariant (\at(x, Pre) != 0) ==> (((j == \at(y, Pre))&&(i == \at(x, Pre))&&(y == \at(y, Pre))&&(x == \at(x, Pre))) || (y == \at(y, Pre) - (\at(x, Pre) - x)));
          loop invariant (!(\at(x, Pre) != 0)) ==> ((j == \at(y, Pre))&&(i == \at(x, Pre))&&(y == \at(y, Pre))&&(x == \at(x, Pre)));
          loop invariant j == \at(y, Pre);
          loop invariant i == \at(x, Pre);
            */
            while (x != 0) {
  
      x  = x - 1;
      y  = y - 1;
  
    }
            
  
    /*@ assert (i == j) ==> (y == 0); */
  
  }

syntax Correct
Validate:
[True, True, True, True, True]

Verify:
[True]

CORRECT INVARIANT
syntax Correct
Validate:
[True, True, True, True, True]

Verify:
[True]

syntax Correct
Validate:
[True, True, True, True, True]

Verify:
[True]

已移动文件: 124.c -> finish
-----------------------------------------

文件 124.c 处理完成. 总耗时: 86.55664706230164
-----------------------------------------
finshed_files:['11.c', '132.c', '70.c', '121.c', '94.c', '109.c', '61.c', '120.c', '42.c', '33.c', '17.c', '105.c', '101.c', '38.c', '40.c', '88.c', '4.c', '114.c', '8.c', '84.c', '83.c', '111.c', '47.c', '14.c', '49.c', '131.c', '119.c', '43.c', '50.c', '56.c', '18.c', '53.c', '35.c', '10.c', '28.c', '26.c', '73.c', '89.c', '126.c', '96.c', '57.c', '37.c', '36.c', '92.c', '68.c', '115.c', '71.c', '91.c', '22.c', '19.c', '124.c']
