file:130.c
Successfully generated loop/130.json
INNER_FLAG: False
Variable Maps: [{'x1': '1', 'd3': '1', 'd2': '1', 'd1': '1', 'x3': 'x3@pre', 'x2': 'x2@pre'}]
Path conditions: [None]
Pre condition: (x1 == 1) * (d3 == 1) * (d2 == 1) * (d1 == 1) * (x3 == x3@pre) * (x2 == x2@pre)
Loop Condition: x1 > 0
Updated Loop Conditions: ['1 > 0']
Global Unchanged Variables ['d3', 'd2', 'd1']
Non Inductive Variables []
[{'x1': '1', 'd3': '1', 'd2': '1', 'd1': '1', 'x3': 'x3@pre', 'x2': 'x2@pre'}]
[None]

            
    /* >>> LOOP INVARIANT TO FILL <<< 
       >>> PRECONDITION OF THE LOOP : (x1 == 1) * (d3 == 1) * (d2 == 1) * (d1 == 1) * (x3 == \at(x3, Pre)) * (x2 == \at(x2, Pre)) <<< */
    
            /*@
          loop invariant d3 == 1;
          loop invariant d2 == 1;
          loop invariant d1 == 1;
            */
            while(x1 > 0) {
        if(x2 > 0) {
            if(x3 > 0) {
                x1 = x1 - d1;
                x2 = x2 - d2;
                x3 = x3 - d3;
            }
        }
    }
            

            
    /* >>> LOOP INVARIANT TO FILL <<< 
       >>> PRECONDITION OF THE LOOP : (x1 == 1) * (d3 == 1) * (d2 == 1) * (d1 == 1) * (x3 == \at(x3, Pre)) * (x2 == \at(x2, Pre)) <<< */
    
            /*@
          loop invariant  ((x1 == 1)&&(d3 == 1)&&(d2 == 1)&&(d1 == 1)&&(x3 == \at(x3, Pre))&&(x2 == \at(x2, Pre))) || (PLACE_HOLDER_x2) ;
          loop invariant  ((x1 == 1)&&(d3 == 1)&&(d2 == 1)&&(d1 == 1)&&(x3 == \at(x3, Pre))&&(x2 == \at(x2, Pre))) || (PLACE_HOLDER_x3) ;
          loop invariant  ((x1 == 1)&&(d3 == 1)&&(d2 == 1)&&(d1 == 1)&&(x3 == \at(x3, Pre))&&(x2 == \at(x2, Pre))) || (PLACE_HOLDER_x1) ;
          loop invariant d3 == 1;
          loop invariant d2 == 1;
          loop invariant d1 == 1;
            */
            while(x1 > 0) {
        if(x2 > 0) {
            if(x3 > 0) {
                x1 = x1 - d1;
                x2 = x2 - d2;
                x3 = x3 - d3;
            }
        }
    }
            
void foo(int x2,int x3) {

    int d1 = 1;
    int d2 = 1;
    int d3 = 1;
    int x1 = 1;

    
    
            
    /* >>> LOOP INVARIANT TO FILL <<< 
       >>> PRECONDITION OF THE LOOP : (x1 == 1) * (d3 == 1) * (d2 == 1) * (d1 == 1) * (x3 == \at(x3, Pre)) * (x2 == \at(x2, Pre)) <<< */
    
            /*@
          loop invariant  ((x1 == 1)&&(d3 == 1)&&(d2 == 1)&&(d1 == 1)&&(x3 == \at(x3, Pre))&&(x2 == \at(x2, Pre))) || (PLACE_HOLDER_x2) ;
          loop invariant  ((x1 == 1)&&(d3 == 1)&&(d2 == 1)&&(d1 == 1)&&(x3 == \at(x3, Pre))&&(x2 == \at(x2, Pre))) || (PLACE_HOLDER_x3) ;
          loop invariant  ((x1 == 1)&&(d3 == 1)&&(d2 == 1)&&(d1 == 1)&&(x3 == \at(x3, Pre))&&(x2 == \at(x2, Pre))) || (PLACE_HOLDER_x1) ;
          loop invariant d3 == 1;
          loop invariant d2 == 1;
          loop invariant d1 == 1;
            */
            while(x1 > 0) {
        if(x2 > 0) {
            if(x3 > 0) {
                x1 = x1 - d1;
                x2 = x2 - d2;
                x3 = x3 - d3;
            }
        }
    }
            

    /*@ assert x2 >= 0;*/


}
Let me analyze this loop and fill in the appropriate loop invariants.

Analysis:

a. Purpose and Structure of the Loop:
- The loop's objective appears to be decrementing x1, x2, and x3 variables until x1 becomes non-positive.
- The loop condition is `x1 > 0`.
- Inside the loop, there are nested conditions checking if x2 and x3 are positive before decrementing all three variables by their respective d values (which are all 1).
- Relevant variables: x1, x2, x3, d1, d2, d3.

b. Discussion of the Loop Invariant:
- The proposed invariant maintains that either:
  1. All variables remain at their initial values (first part of OR), or
  2. The variables have been decremented but maintain certain relationships (PLACE_HOLDER parts)
- The invariants also explicitly state that d1, d2, d3 remain constant at 1.

c. Establishment:
- Before the loop starts, all variables are at their initial values (from pre-condition), so the first part of each OR condition is true.

d. Preservation:
- If the variables haven't been modified yet, the first part remains true.
- Once modified, the PLACE_HOLDER conditions must ensure that:
  - x1 is decremented by 1 each time
  - x2 is decremented by 1 when x2 > 0
  - x3 is decremented by 1 when x3 > 0

e. Termination Analysis:
- The loop terminates when x1 ≤ 0.
- At termination, either:
  - The loop never ran (all variables at initial values)
  - x1 was decremented to 0 or below
  - x2 and x3 may or may not have been decremented depending on their values

f. Correctness of the Post-condition:
- The post-condition `x2 >= 0` is ensured because:
  - If the loop never ran, x2 remains at initial value (>= 0 from pre-condition)
  - If the loop ran, x2 was only decremented while x2 > 0, so it can't become negative

g. Implication of the Pre-condition:
- The pre-condition directly matches the first part of each OR condition in the invariant, ensuring establishment.

Filled-in program:
```c
void foo(int x2,int x3) {

    int d1 = 1;
    int d2 = 1;
    int d3 = 1;
    int x1 = 1;

    
    
            
    /* >>> LOOP INVARIANT TO FILL <<< 
       >>> PRECONDITION OF THE LOOP : (x1 == 1) * (d3 == 1) * (d2 == 1) * (d1 == 1) * (x3 == \at(x3, Pre)) * (x2 == \at(x2, Pre)) <<< */
    
            /*@
          loop invariant  ((x1 == 1)&&(d3 == 1)&&(d2 == 1)&&(d1 == 1)&&(x3 == \at(x3, Pre))&&(x2 == \at(x2, Pre))) || (x2 == \at(x2, Pre) - (1 - x1)) ;
          loop invariant  ((x1 == 1)&&(d3 == 1)&&(d2 == 1)&&(d1 == 1)&&(x3 == \at(x3, Pre))&&(x2 == \at(x2, Pre))) || (x3 == \at(x3, Pre) - (1 - x1)) ;
          loop invariant  ((x1 == 1)&&(d3 == 1)&&(d2 == 1)&&(d1 == 1)&&(x3 == \at(x3, Pre))&&(x2 == \at(x2, Pre))) || (x1 == \at(x1, Pre) - (1 - x1)) ;
          loop invariant d3 == 1;
          loop invariant d2 == 1;
          loop invariant d1 == 1;
            */
            while(x1 > 0) {
        if(x2 > 0) {
            if(x3 > 0) {
                x1 = x1 - d1;
                x2 = x2 - d2;
                x3 = x3 - d3;
            }
        }
    }
            

    /*@ assert x2 >= 0;*/


}
```

The filled-in placeholders are:
- PLACE_HOLDER_x2: `x2 == \at(x2, Pre) - (1 - x1)`
- PLACE_HOLDER_x3: `x3 == \at(x3, Pre) - (1 - x1)`
- PLACE_HOLDER_x1: `x1 == \at(x1, Pre) - (1 - x1)`

These expressions capture the relationship between the variables as they are decremented, while maintaining the connection to their initial values through `\at(var, Pre)`. The `(1 - x1)` term represents how much x1 has decreased from its initial value of 1.

void foo(int x2,int x3) {

    int d1 = 1;
    int d2 = 1;
    int d3 = 1;
    int x1 = 1;

    
    
            
            /*@
          loop invariant  ((x1 == 1)&&(d3 == 1)&&(d2 == 1)&&(d1 == 1)&&(x3 == \at(x3, Pre))&&(x2 == \at(x2, Pre))) || (x2 == \at(x2, Pre) - (1 - x1)) ;
          loop invariant  ((x1 == 1)&&(d3 == 1)&&(d2 == 1)&&(d1 == 1)&&(x3 == \at(x3, Pre))&&(x2 == \at(x2, Pre))) || (x3 == \at(x3, Pre) - (1 - x1)) ;
          loop invariant  ((x1 == 1)&&(d3 == 1)&&(d2 == 1)&&(d1 == 1)&&(x3 == \at(x3, Pre))&&(x2 == \at(x2, Pre))) || (x1 == \at(x1, Pre) - (1 - x1)) ;
          loop invariant d3 == 1;
          loop invariant d2 == 1;
          loop invariant d1 == 1;
            */
            while(x1 > 0) {
        if(x2 > 0) {
            if(x3 > 0) {
                x1 = x1 - d1;
                x2 = x2 - d2;
                x3 = x3 - d3;
            }
        }
    }
            

    /*@ assert x2 >= 0;*/


}


void foo(int x2,int x3) {

    int d1 = 1;
    int d2 = 1;
    int d3 = 1;
    int x1 = 1;

    
    
            
            /*@
          loop invariant  ((x1 == 1)&&(d3 == 1)&&(d2 == 1)&&(d1 == 1)&&(x3 == \at(x3, Pre))&&(x2 == \at(x2, Pre))) || (x2 == \at(x2, Pre) - (1 - x1)) ;
          loop invariant  ((x1 == 1)&&(d3 == 1)&&(d2 == 1)&&(d1 == 1)&&(x3 == \at(x3, Pre))&&(x2 == \at(x2, Pre))) || (x3 == \at(x3, Pre) - (1 - x1)) ;
          loop invariant  ((x1 == 1)&&(d3 == 1)&&(d2 == 1)&&(d1 == 1)&&(x3 == \at(x3, Pre))&&(x2 == \at(x2, Pre))) || (x1 == 1 - (1 - x1)) ;
          loop invariant d3 == 1;
          loop invariant d2 == 1;
          loop invariant d1 == 1;
            */
            while(x1 > 0) {
        if(x2 > 0) {
            if(x3 > 0) {
                x1 = x1 - d1;
                x2 = x2 - d2;
                x3 = x3 - d3;
            }
        }
    }
            

    /*@ assert x2 >= 0;*/


}

syntax Correct
Validate:
[True, True, True, True, True, True]

Verify:
[False]

Goal Assertion (file output/130.c, line 31):
Assume {
  Type: is_sint32(x1_0) /\ is_sint32(x2_1) /\ is_sint32(x2_0) /\
      is_sint32(x3_0) /\ is_sint32(x3_1).
  (* Invariant *)
  Have: ((x1_0 + x2_1) = (1 + x2_0)) \/
      ((x1_0 = 1) /\ (x2_0 = x2_1) /\ (x3_1 = x3_0)).
  (* Invariant *)
  Have: ((x1_0 + x3_0) = (1 + x3_1)) \/
      ((x1_0 = 1) /\ (x2_0 = x2_1) /\ (x3_1 = x3_0)).
  (* Else *)
  Have: x1_0 <= 0.
}
Prove: 0 <= x2_0.
Prover Z3 4.8.12 returns Timeout (Qed:4ms) (3s)
Error found in file: output/130.c at line: 31
Error line content: /*@ assert x2 >= 0;*/

Let me analyze the error and provide a corrected version.

Error Analysis:
1. The error occurs in verifying the post-condition `x2 >= 0`. The prover times out trying to prove this assertion.
2. The current invariants track the relationship between variables but aren't strong enough to guarantee x2 remains non-negative.
3. The key issue is that we need to ensure x2 doesn't become negative during the loop iterations, especially since it's being decremented.
4. The current invariants show how x2 changes (x2 == \at(x2, Pre) - (1 - x1)), but don't constrain its minimum value.

The fix needs to:
1. Maintain all existing relationships
2. Add constraints that x2 remains non-negative throughout the loop
3. Keep the structure of the original invariants

Here's the corrected code:

```c
void foo(int x2,int x3) {

    int d1 = 1;
    int d2 = 1;
    int d3 = 1;
    int x1 = 1;

    
    
            
            /*@
          loop invariant  ((x1 == 1)&&(d3 == 1)&&(d2 == 1)&&(d1 == 1)&&(x3 == \at(x3, Pre))&&(x2 == \at(x2, Pre))) || (x2 == \at(x2, Pre) - (1 - x1) && x2 >= 0) ;
          loop invariant  ((x1 == 1)&&(d3 == 1)&&(d2 == 1)&&(d1 == 1)&&(x3 == \at(x3, Pre))&&(x2 == \at(x2, Pre))) || (x3 == \at(x3, Pre) - (1 - x1) && x3 >= 0) ;
          loop invariant  ((x1 == 1)&&(d3 == 1)&&(d2 == 1)&&(d1 == 1)&&(x3 == \at(x3, Pre))&&(x2 == \at(x2, Pre))) || (x1 == 1 - (1 - x1) && x1 >= 0) ;
          loop invariant d3 == 1;
          loop invariant d2 == 1;
          loop invariant d1 == 1;
            */
            while(x1 > 0) {
        if(x2 > 0) {
            if(x3 > 0) {
                x1 = x1 - d1;
                x2 = x2 - d2;
                x3 = x3 - d3;
            }
        }
    }
            

    /*@ assert x2 >= 0;*/


}
```

The main changes are:
1. Added `&& x2 >= 0` to the first invariant's second clause
2. Added `&& x3 >= 0` to the second invariant's second clause for consistency
3. Added `&& x1 >= 0` to the third invariant's second clause

These additions ensure that:
- The variables remain non-negative throughout the loop
- The original relationships are preserved
- The post-condition can now be verified since we've explicitly maintained x2's non-negativity
after strength

void foo(int x2,int x3) {

    int d1 = 1;
    int d2 = 1;
    int d3 = 1;
    int x1 = 1;

    
    
            
            /*@
          loop invariant  ((x1 == 1)&&(d3 == 1)&&(d2 == 1)&&(d1 == 1)&&(x3 == \at(x3, Pre))&&(x2 == \at(x2, Pre))) || (x2 == \at(x2, Pre) - (1 - x1) && x2 >= 0) ;
          loop invariant  ((x1 == 1)&&(d3 == 1)&&(d2 == 1)&&(d1 == 1)&&(x3 == \at(x3, Pre))&&(x2 == \at(x2, Pre))) || (x3 == \at(x3, Pre) - (1 - x1) && x3 >= 0) ;
          loop invariant  ((x1 == 1)&&(d3 == 1)&&(d2 == 1)&&(d1 == 1)&&(x3 == \at(x3, Pre))&&(x2 == \at(x2, Pre))) || (x1 == 1 - (1 - x1) && x1 >= 0) ;
          loop invariant d3 == 1;
          loop invariant d2 == 1;
          loop invariant d1 == 1;
            */
            while(x1 > 0) {
        if(x2 > 0) {
            if(x3 > 0) {
                x1 = x1 - d1;
                x2 = x2 - d2;
                x3 = x3 - d3;
            }
        }
    }
            

    /*@ assert x2 >= 0;*/


}

syntax Correct
Validate:
[True, True, True, True, True, True]

Verify:
[True]

CORRECT INVARIANT
syntax Correct
Validate:
[True, True, True, True, True, True]

Verify:
[True]

syntax Correct
Validate:
[True, True, True, True, True, True]

Verify:
[True]

已移动文件: 130.c -> finish
-----------------------------------------

文件 130.c 处理完成. 总耗时: 152.23751044273376
-----------------------------------------
finshed_files:['11.c', '132.c', '70.c', '121.c', '94.c', '109.c', '61.c', '120.c', '42.c', '33.c', '17.c', '105.c', '101.c', '38.c', '40.c', '88.c', '4.c', '114.c', '8.c', '84.c', '83.c', '111.c', '47.c', '14.c', '49.c', '131.c', '119.c', '43.c', '50.c', '56.c', '18.c', '53.c', '35.c', '10.c', '28.c', '26.c', '73.c', '89.c', '126.c', '96.c', '57.c', '37.c', '36.c', '92.c', '68.c', '115.c', '71.c', '91.c', '22.c', '19.c', '124.c', '52.c', '100.c', '95.c', '90.c', '86.c', '128.c', '62.c', '77.c', '79.c', '108.c', '129.c', '34.c', '123.c', '98.c', '41.c', '27.c', '106.c', '58.c', '130.c']
