file:18.c
Successfully generated loop/18.json
INNER_FLAG: False
Variable Maps: [{'m': '1', 'x': '1', 'n': 'n@pre'}]
Path conditions: [None]
Pre condition: (m == 1) * (x == 1) * (n == n@pre)
Loop Condition: x < n
Updated Loop Conditions: ['1 < n@pre']
Global Unchanged Variables ['n']
Non Inductive Variables ['m']
[{'m': '1', 'x': '1', 'n': 'n@pre'}]
[None]

            
    /* >>> LOOP INVARIANT TO FILL <<< 
       >>> PRECONDITION OF THE LOOP : (m == 1) * (x == 1) * (n == \at(n, Pre)) <<< */
    
            /*@
          loop invariant n == \at(n, Pre);
            */
            while (x < n) {
        
        if (unknown()) {
            m = x;
        }
        
        x = x + 1;
    }
            

            
    /* >>> LOOP INVARIANT TO FILL <<< 
       >>> PRECONDITION OF THE LOOP : (m == 1) * (x == 1) * (n == \at(n, Pre)) <<< */
    
            /*@
          loop invariant (1 < \at(n, Pre)) ==> (((m == 1)&&(x == 1)&&(n == \at(n, Pre))) || (PLACE_HOLDER_x));
          loop invariant (1 < \at(n, Pre)) ==> (((m == 1)&&(x == 1)&&(n == \at(n, Pre))) || (PLACE_HOLDER_m));
          loop invariant (!(1 < \at(n, Pre))) ==> ((m == 1)&&(x == 1)&&(n == \at(n, Pre)));
          loop invariant n == \at(n, Pre);
            */
            while (x < n) {
        
        if (unknown()) {
            m = x;
        }
        
        x = x + 1;
    }
            
int unknown();
void foo(int n)
{
    int x = 1;
    int m = 1;
    
    
    
            
    /* >>> LOOP INVARIANT TO FILL <<< 
       >>> PRECONDITION OF THE LOOP : (m == 1) * (x == 1) * (n == \at(n, Pre)) <<< */
    
            /*@
          loop invariant (1 < \at(n, Pre)) ==> (((m == 1)&&(x == 1)&&(n == \at(n, Pre))) || (PLACE_HOLDER_x));
          loop invariant (1 < \at(n, Pre)) ==> (((m == 1)&&(x == 1)&&(n == \at(n, Pre))) || (PLACE_HOLDER_m));
          loop invariant (!(1 < \at(n, Pre))) ==> ((m == 1)&&(x == 1)&&(n == \at(n, Pre)));
          loop invariant n == \at(n, Pre);
            */
            while (x < n) {
        
        if (unknown()) {
            m = x;
        }
        
        x = x + 1;
    }
            
 
    /*@ assert (n > 1) ==> (m >= 1); */

}
### Analysis

#### a. Purpose and Structure of the Loop
- **Objective**: The loop increments `x` from 1 to `n` (exclusive). Depending on `unknown()`, it may update `m` to the current value of `x` during each iteration. The post-condition asserts that if `n > 1`, then `m >= 1`.
- **Structure**:
  - **Loop Condition**: `x < n`.
  - **Loop Body**: 
    - If `unknown()` is true, `m` is set to `x`.
    - `x` is incremented by 1.
  - **Relevant Variables**: `x`, `m`, `n`.

#### b. Discussion of the Loop Invariant
The proposed loop invariant must capture:
1. The relationship between `x`, `m`, and `n`.
2. The fact that `n` remains unchanged (`n == \at(n, Pre)`).
3. The conditions under which `m` and `x` evolve.

The invariants are split into two cases:
- If `1 < \at(n, Pre)`, then either the loop hasn't started (`m == 1 && x == 1`) or the loop has progressed (`PLACE_HOLDER_x` and `PLACE_HOLDER_m`).
- If `!(1 < \at(n, Pre))`, then the loop doesn't execute, and `m` and `x` remain 1.

#### c. Establishment
Before the loop starts:
- `x == 1`, `m == 1`, and `n == \at(n, Pre)` (from the pre-condition).
- If `1 < \at(n, Pre)`, the first part of the disjunction (`(m == 1)&&(x == 1)&&(n == \at(n, Pre))`) holds.
- If `!(1 < \at(n, Pre))`, the invariant directly holds.

#### d. Preservation
Assume the invariant holds at the start of an iteration where `x < n`:
- If `unknown()` is true, `m` is set to `x`. Since `x >= 1` (from the invariant), `m >= 1` is preserved.
- `x` is incremented by 1, so `x` increases but remains bounded by `n`.
- The invariant `n == \at(n, Pre)` is preserved since `n` is not modified.

#### e. Termination Analysis
When the loop terminates:
- `x >= n` (negation of `x < n`).
- If `n > 1`, the loop has executed at least once, and `m` could be any value between `1` and `n-1` (since `m` is set to some `x` values).
- The invariant ensures `m >= 1` and `x <= n`.

#### f. Correctness of the Post-condition
The post-condition `(n > 1) ==> (m >= 1)` is ensured because:
- If `n > 1`, the loop executes, and `m` is either `1` or some `x >= 1`.
- The invariant guarantees `m >= 1` throughout the loop.

#### g. Implication of the Pre-condition
The pre-condition `(m == 1) * (x == 1) * (n == \at(n, Pre))` directly establishes the invariant:
- Before the loop, `m == 1`, `x == 1`, and `n == \at(n, Pre)`.
- If `1 < \at(n, Pre)`, the first part of the disjunction holds.
- If `!(1 < \at(n, Pre))`, the invariant holds directly.

### Filled-in Loop Invariants
Replace:
- `PLACE_HOLDER_x` with `1 <= x <= n`
- `PLACE_HOLDER_m` with `1 <= m <= x`

### Complete C Program with Filled Invariants
```c
int unknown();
void foo(int n)
{
    int x = 1;
    int m = 1;
    
    
    
            
    /* >>> LOOP INVARIANT TO FILL <<< 
       >>> PRECONDITION OF THE LOOP : (m == 1) * (x == 1) * (n == \at(n, Pre)) <<< */
    
            /*@
          loop invariant (1 < \at(n, Pre)) ==> (((m == 1)&&(x == 1)&&(n == \at(n, Pre))) || (1 <= x <= n));
          loop invariant (1 < \at(n, Pre)) ==> (((m == 1)&&(x == 1)&&(n == \at(n, Pre))) || (1 <= m <= x));
          loop invariant (!(1 < \at(n, Pre))) ==> ((m == 1)&&(x == 1)&&(n == \at(n, Pre)));
          loop invariant n == \at(n, Pre);
            */
            while (x < n) {
        
        if (unknown()) {
            m = x;
        }
        
        x = x + 1;
    }
            
 
    /*@ assert (n > 1) ==> (m >= 1); */

}
```

int unknown();
void foo(int n)
{
    int x = 1;
    int m = 1;
    
    
    
            
            /*@
          loop invariant (1 < \at(n, Pre)) ==> (((m == 1)&&(x == 1)&&(n == \at(n, Pre))) || (1 <= x <= n));
          loop invariant (1 < \at(n, Pre)) ==> (((m == 1)&&(x == 1)&&(n == \at(n, Pre))) || (1 <= m <= x));
          loop invariant (!(1 < \at(n, Pre))) ==> ((m == 1)&&(x == 1)&&(n == \at(n, Pre)));
          loop invariant n == \at(n, Pre);
            */
            while (x < n) {
        
        if (unknown()) {
            m = x;
        }
        
        x = x + 1;
    }
            
 
    /*@ assert (n > 1) ==> (m >= 1); */

}


int unknown();
void foo(int n)
{
    int x = 1;
    int m = 1;
    
    
    
            
            /*@
          loop invariant (1 < \at(n, Pre)) ==> (((m == 1)&&(x == 1)&&(n == \at(n, Pre))) || (1 <= x <= n));
          loop invariant (1 < \at(n, Pre)) ==> (((m == 1)&&(x == 1)&&(n == \at(n, Pre))) || (1 <= m <= x));
          loop invariant (!(1 < \at(n, Pre))) ==> ((m == 1)&&(x == 1)&&(n == \at(n, Pre)));
          loop invariant n == \at(n, Pre);
            */
            while (x < n) {
        
        if (unknown()) {
            m = x;
        }
        
        x = x + 1;
    }
            
 
    /*@ assert (n > 1) ==> (m >= 1); */

}

syntax Correct
Validate:
[True, True, True, True]

Verify:
[True]

CORRECT INVARIANT
syntax Correct
Validate:
[True, True, True, True]

Verify:
[True]

syntax Correct
Validate:
[True, True, True, True]

Verify:
[True]

已移动文件: 18.c -> finish
-----------------------------------------

文件 18.c 处理完成. 总耗时: 97.06078791618347
-----------------------------------------
finshed_files:['11.c', '132.c', '70.c', '121.c', '94.c', '109.c', '61.c', '120.c', '42.c', '33.c', '17.c', '105.c', '101.c', '38.c', '40.c', '88.c', '4.c', '114.c', '8.c', '84.c', '83.c', '111.c', '47.c', '14.c', '49.c', '131.c', '119.c', '43.c', '50.c', '56.c', '18.c']
