file:20.c
Successfully generated loop/20.json
INNER_FLAG: False
Variable Maps: [{'m': '0', 'x': '0', 'z3': 'z3@pre', 'z2': 'z2@pre', 'z1': 'z1@pre', 'n': 'n@pre'}]
Path conditions: [None]
Pre condition: (m == 0) * (x == 0) * (z3 == z3@pre) * (z2 == z2@pre) * (z1 == z1@pre) * (n == n@pre)
Loop Condition: x < n
Updated Loop Conditions: ['0 < n@pre']
Global Unchanged Variables ['z3', 'z2', 'z1', 'n']
Non Inductive Variables ['m']
[{'m': '0', 'x': '0', 'z3': 'z3@pre', 'z2': 'z2@pre', 'z1': 'z1@pre', 'n': 'n@pre'}]
[None]

            
    /* >>> LOOP INVARIANT TO FILL <<< 
       >>> PRECONDITION OF THE LOOP : (m == 0) * (x == 0) * (z3 == \at(z3, Pre)) * (z2 == \at(z2, Pre)) * (z1 == \at(z1, Pre)) * (n == \at(n, Pre)) <<< */
    
            /*@
          loop invariant z3 == \at(z3, Pre);
          loop invariant z2 == \at(z2, Pre);
          loop invariant z1 == \at(z1, Pre);
          loop invariant n == \at(n, Pre);
            */
            while (x < n) {

        if (unknown()) {
            m = x;
        }
        
        x = x + 1;
    }
            

            
    /* >>> LOOP INVARIANT TO FILL <<< 
       >>> PRECONDITION OF THE LOOP : (m == 0) * (x == 0) * (z3 == \at(z3, Pre)) * (z2 == \at(z2, Pre)) * (z1 == \at(z1, Pre)) * (n == \at(n, Pre)) <<< */
    
            /*@
          loop invariant (0 < \at(n, Pre)) ==> (((m == 0)&&(x == 0)&&(z3 == \at(z3, Pre))&&(z2 == \at(z2, Pre))&&(z1 == \at(z1, Pre))&&(n == \at(n, Pre))) || (PLACE_HOLDER_x));
          loop invariant (0 < \at(n, Pre)) ==> (((m == 0)&&(x == 0)&&(z3 == \at(z3, Pre))&&(z2 == \at(z2, Pre))&&(z1 == \at(z1, Pre))&&(n == \at(n, Pre))) || (PLACE_HOLDER_m));
          loop invariant (!(0 < \at(n, Pre))) ==> ((m == 0)&&(x == 0)&&(z3 == \at(z3, Pre))&&(z2 == \at(z2, Pre))&&(z1 == \at(z1, Pre))&&(n == \at(n, Pre)));
          loop invariant z3 == \at(z3, Pre);
          loop invariant z2 == \at(z2, Pre);
          loop invariant z1 == \at(z1, Pre);
          loop invariant n == \at(n, Pre);
            */
            while (x < n) {

        if (unknown()) {
            m = x;
        }
        
        x = x + 1;
    }
            
int unknown();
void foo(int n,int z1,int z2,int z3)
{
    int x = 0;
    int m = 0;

    
    
            
    /* >>> LOOP INVARIANT TO FILL <<< 
       >>> PRECONDITION OF THE LOOP : (m == 0) * (x == 0) * (z3 == \at(z3, Pre)) * (z2 == \at(z2, Pre)) * (z1 == \at(z1, Pre)) * (n == \at(n, Pre)) <<< */
    
            /*@
          loop invariant (0 < \at(n, Pre)) ==> (((m == 0)&&(x == 0)&&(z3 == \at(z3, Pre))&&(z2 == \at(z2, Pre))&&(z1 == \at(z1, Pre))&&(n == \at(n, Pre))) || (PLACE_HOLDER_x));
          loop invariant (0 < \at(n, Pre)) ==> (((m == 0)&&(x == 0)&&(z3 == \at(z3, Pre))&&(z2 == \at(z2, Pre))&&(z1 == \at(z1, Pre))&&(n == \at(n, Pre))) || (PLACE_HOLDER_m));
          loop invariant (!(0 < \at(n, Pre))) ==> ((m == 0)&&(x == 0)&&(z3 == \at(z3, Pre))&&(z2 == \at(z2, Pre))&&(z1 == \at(z1, Pre))&&(n == \at(n, Pre)));
          loop invariant z3 == \at(z3, Pre);
          loop invariant z2 == \at(z2, Pre);
          loop invariant z1 == \at(z1, Pre);
          loop invariant n == \at(n, Pre);
            */
            while (x < n) {

        if (unknown()) {
            m = x;
        }
        
        x = x + 1;
    }
            

    /*@ assert (n > 0) ==> (m >= 0); */

}
### Analysis of the Loop and Invariants

#### a. Purpose and Structure of the Loop:
The objective of the loop is to iterate over a range of values from `x = 0` to `x = n - 1`. During each iteration, the loop conditionally updates the variable `m` to the current value of `x` based on the result of `unknown()`. The loop continues as long as `x < n`, and `x` is incremented by 1 at the end of each iteration. The variables `z1`, `z2`, `z3`, and `n` remain unchanged throughout the loop.

#### b. Discussion of the Loop Invariant:
The loop invariant must capture the state of the variables `m`, `x`, `z1`, `z2`, `z3`, and `n` at the start and end of each iteration. The invariant ensures that:
- `z1`, `z2`, `z3`, and `n` remain unchanged.
- If `n > 0`, either `m` and `x` are still at their initial values (`0`), or `m` has been updated to some value in the range `[0, x)` and `x` is in the range `[0, n]`.
- If `n <= 0`, the loop does not execute, and all variables retain their initial values.

#### c. Establishment:
The invariant is established before the loop begins because the pre-condition specifies that `m == 0`, `x == 0`, and the values of `z1`, `z2`, `z3`, and `n` are equal to their initial values.

#### d. Preservation:
If the invariant holds at the start of an iteration and the loop condition `x < n` is true, then:
- `x` is incremented by 1 at the end of the iteration, so `x` remains in the range `[0, n]`.
- If `unknown()` is true, `m` is updated to the current value of `x`, ensuring `m` is in the range `[0, x)`.
- The values of `z1`, `z2`, `z3`, and `n` remain unchanged.
Thus, the invariant is preserved.

#### e. Termination Analysis of the Loop:
When the loop terminates, `x == n`. If `n > 0`, then `m` is either `0` or has been updated to some value in the range `[0, n - 1]`. If `n <= 0`, the loop does not execute, and all variables retain their initial values. The invariant holds in both cases.

#### f. Correctness of the Post-condition:
The post-condition `(n > 0) ==> (m >= 0)` is correct because:
- If `n > 0`, the loop ensures `m` is either `0` or updated to a non-negative value.
- The invariant, combined with the negation of the loop condition (`x >= n`), guarantees that `m >= 0`.

#### g. Implication of the Pre-condition:
The pre-condition `(m == 0) && (x == 0) && (z3 == \at(z3, Pre)) && (z2 == \at(z2, Pre)) && (z1 == \at(z1, Pre)) && (n == \at(n, Pre))` ensures that all variables are initialized to their specified values. This directly establishes the loop invariant before the loop begins.

### Filled-in Loop Invariants:
```c
int unknown();
void foo(int n,int z1,int z2,int z3)
{
    int x = 0;
    int m = 0;

    /* >>> LOOP INVARIANT TO FILL <<< 
       >>> PRECONDITION OF THE LOOP : (m == 0) * (x == 0) * (z3 == \at(z3, Pre)) * (z2 == \at(z2, Pre)) * (z1 == \at(z1, Pre)) * (n == \at(n, Pre)) <<< */
    
    /*@
      loop invariant (0 < \at(n, Pre)) ==> (((m == 0)&&(x == 0)&&(z3 == \at(z3, Pre))&&(z2 == \at(z2, Pre))&&(z1 == \at(z1, Pre))&&(n == \at(n, Pre))) || (0 <= x <= n));
      loop invariant (0 < \at(n, Pre)) ==> (((m == 0)&&(x == 0)&&(z3 == \at(z3, Pre))&&(z2 == \at(z2, Pre))&&(z1 == \at(z1, Pre))&&(n == \at(n, Pre))) || (0 <= m < x));
      loop invariant (!(0 < \at(n, Pre))) ==> ((m == 0)&&(x == 0)&&(z3 == \at(z3, Pre))&&(z2 == \at(z2, Pre))&&(z1 == \at(z1, Pre))&&(n == \at(n, Pre)));
      loop invariant z3 == \at(z3, Pre);
      loop invariant z2 == \at(z2, Pre);
      loop invariant z1 == \at(z1, Pre);
      loop invariant n == \at(n, Pre);
    */
    while (x < n) {
        if (unknown()) {
            m = x;
        }
        x = x + 1;
    }

    /*@ assert (n > 0) ==> (m >= 0); */
}
```

### Explanation of Filled-in Placeholders:
- `PLACE_HOLDER_x`: `0 <= x <= n` ensures that `x` is always within the valid range during loop execution.
- `PLACE_HOLDER_m`: `0 <= m < x` ensures that `m` is either `0` or updated to a value less than the current `x`.

int unknown();
void foo(int n,int z1,int z2,int z3)
{
    int x = 0;
    int m = 0;

    /*@
      loop invariant (0 < \at(n, Pre)) ==> (((m == 0)&&(x == 0)&&(z3 == \at(z3, Pre))&&(z2 == \at(z2, Pre))&&(z1 == \at(z1, Pre))&&(n == \at(n, Pre))) || (0 <= x <= n));
      loop invariant (0 < \at(n, Pre)) ==> (((m == 0)&&(x == 0)&&(z3 == \at(z3, Pre))&&(z2 == \at(z2, Pre))&&(z1 == \at(z1, Pre))&&(n == \at(n, Pre))) || (0 <= m < x));
      loop invariant (!(0 < \at(n, Pre))) ==> ((m == 0)&&(x == 0)&&(z3 == \at(z3, Pre))&&(z2 == \at(z2, Pre))&&(z1 == \at(z1, Pre))&&(n == \at(n, Pre)));
      loop invariant z3 == \at(z3, Pre);
      loop invariant z2 == \at(z2, Pre);
      loop invariant z1 == \at(z1, Pre);
      loop invariant n == \at(n, Pre);
    */
    while (x < n) {
        if (unknown()) {
            m = x;
        }
        x = x + 1;
    }

    /*@ assert (n > 0) ==> (m >= 0); */
}


int unknown();
void foo(int n,int z1,int z2,int z3)
{
    int x = 0;
    int m = 0;

    /*@
      loop invariant (0 < \at(n, Pre)) ==> (((m == 0)&&(x == 0)&&(z3 == \at(z3, Pre))&&(z2 == \at(z2, Pre))&&(z1 == \at(z1, Pre))&&(n == \at(n, Pre))) || (0 <= x <= n));
      loop invariant (0 < \at(n, Pre)) ==> (((m == 0)&&(x == 0)&&(z3 == \at(z3, Pre))&&(z2 == \at(z2, Pre))&&(z1 == \at(z1, Pre))&&(n == \at(n, Pre))) || (0 <= m < x));
      loop invariant (!(0 < \at(n, Pre))) ==> ((m == 0)&&(x == 0)&&(z3 == \at(z3, Pre))&&(z2 == \at(z2, Pre))&&(z1 == \at(z1, Pre))&&(n == \at(n, Pre)));
      loop invariant z3 == \at(z3, Pre);
      loop invariant z2 == \at(z2, Pre);
      loop invariant z1 == \at(z1, Pre);
      loop invariant n == \at(n, Pre);
    */
    while (x < n) {
        if (unknown()) {
            m = x;
        }
        x = x + 1;
    }

    /*@ assert (n > 0) ==> (m >= 0); */
}

syntax Correct
Validate:
[True, True, True, True, True, True, True]

Verify:
[True]

CORRECT INVARIANT
syntax Correct
Validate:
[True, True, True, True, True, True, True]

Verify:
[True]

syntax Correct
Validate:
[True, True, True, True, True, True, True]

Verify:
[True]

已移动文件: 20.c -> finish
-----------------------------------------

文件 20.c 处理完成. 总耗时: 63.36751341819763
-----------------------------------------
finshed_files:['11.c', '132.c', '70.c', '121.c', '94.c', '109.c', '61.c', '120.c', '42.c', '33.c', '17.c', '105.c', '101.c', '38.c', '40.c', '88.c', '4.c', '114.c', '8.c', '84.c', '83.c', '111.c', '47.c', '14.c', '49.c', '131.c', '119.c', '43.c', '50.c', '56.c', '18.c', '53.c', '35.c', '10.c', '28.c', '26.c', '73.c', '89.c', '126.c', '96.c', '57.c', '37.c', '36.c', '92.c', '68.c', '115.c', '71.c', '91.c', '22.c', '19.c', '124.c', '52.c', '100.c', '95.c', '90.c', '86.c', '128.c', '62.c', '77.c', '79.c', '108.c', '129.c', '34.c', '123.c', '98.c', '41.c', '27.c', '106.c', '58.c', '130.c', '20.c']
