file:21.c
Successfully generated loop/21.json
INNER_FLAG: False
Variable Maps: [{'m': '1', 'x': '1', 'z3': 'z3@pre', 'z2': 'z2@pre', 'z1': 'z1@pre', 'n': 'n@pre'}]
Path conditions: [None]
Pre condition: (m == 1) * (x == 1) * (z3 == z3@pre) * (z2 == z2@pre) * (z1 == z1@pre) * (n == n@pre)
Loop Condition: x < n
Updated Loop Conditions: ['1 < n@pre']
Global Unchanged Variables ['z3', 'z2', 'z1', 'n']
Non Inductive Variables ['m']
[{'m': '1', 'x': '1', 'z3': 'z3@pre', 'z2': 'z2@pre', 'z1': 'z1@pre', 'n': 'n@pre'}]
[None]

            
    /* >>> LOOP INVARIANT TO FILL <<< 
       >>> PRECONDITION OF THE LOOP : (m == 1) * (x == 1) * (z3 == \at(z3, Pre)) * (z2 == \at(z2, Pre)) * (z1 == \at(z1, Pre)) * (n == \at(n, Pre)) <<< */
    
            /*@
          loop invariant z3 == \at(z3, Pre);
          loop invariant z2 == \at(z2, Pre);
          loop invariant z1 == \at(z1, Pre);
          loop invariant n == \at(n, Pre);
            */
            while (x < n) {

        if (unknown()) {
            m = x;
        }
        
        x = x + 1;
    }
            

            
    /* >>> LOOP INVARIANT TO FILL <<< 
       >>> PRECONDITION OF THE LOOP : (m == 1) * (x == 1) * (z3 == \at(z3, Pre)) * (z2 == \at(z2, Pre)) * (z1 == \at(z1, Pre)) * (n == \at(n, Pre)) <<< */
    
            /*@
          loop invariant (1 < \at(n, Pre)) ==> (((m == 1)&&(x == 1)&&(z3 == \at(z3, Pre))&&(z2 == \at(z2, Pre))&&(z1 == \at(z1, Pre))&&(n == \at(n, Pre))) || (PLACE_HOLDER_x));
          loop invariant (1 < \at(n, Pre)) ==> (((m == 1)&&(x == 1)&&(z3 == \at(z3, Pre))&&(z2 == \at(z2, Pre))&&(z1 == \at(z1, Pre))&&(n == \at(n, Pre))) || (PLACE_HOLDER_m));
          loop invariant (!(1 < \at(n, Pre))) ==> ((m == 1)&&(x == 1)&&(z3 == \at(z3, Pre))&&(z2 == \at(z2, Pre))&&(z1 == \at(z1, Pre))&&(n == \at(n, Pre)));
          loop invariant z3 == \at(z3, Pre);
          loop invariant z2 == \at(z2, Pre);
          loop invariant z1 == \at(z1, Pre);
          loop invariant n == \at(n, Pre);
            */
            while (x < n) {

        if (unknown()) {
            m = x;
        }
        
        x = x + 1;
    }
            
int unknown();
void foo(int n,int z1,int z2,int z3)
{
    int x = 1;
    int m = 1;

    
    
            
    /* >>> LOOP INVARIANT TO FILL <<< 
       >>> PRECONDITION OF THE LOOP : (m == 1) * (x == 1) * (z3 == \at(z3, Pre)) * (z2 == \at(z2, Pre)) * (z1 == \at(z1, Pre)) * (n == \at(n, Pre)) <<< */
    
            /*@
          loop invariant (1 < \at(n, Pre)) ==> (((m == 1)&&(x == 1)&&(z3 == \at(z3, Pre))&&(z2 == \at(z2, Pre))&&(z1 == \at(z1, Pre))&&(n == \at(n, Pre))) || (PLACE_HOLDER_x));
          loop invariant (1 < \at(n, Pre)) ==> (((m == 1)&&(x == 1)&&(z3 == \at(z3, Pre))&&(z2 == \at(z2, Pre))&&(z1 == \at(z1, Pre))&&(n == \at(n, Pre))) || (PLACE_HOLDER_m));
          loop invariant (!(1 < \at(n, Pre))) ==> ((m == 1)&&(x == 1)&&(z3 == \at(z3, Pre))&&(z2 == \at(z2, Pre))&&(z1 == \at(z1, Pre))&&(n == \at(n, Pre)));
          loop invariant z3 == \at(z3, Pre);
          loop invariant z2 == \at(z2, Pre);
          loop invariant z1 == \at(z1, Pre);
          loop invariant n == \at(n, Pre);
            */
            while (x < n) {

        if (unknown()) {
            m = x;
        }
        
        x = x + 1;
    }
            

    /*@ assert (n > 1) ==> (m < n); */

}
### Analysis

#### a. Purpose and Structure of the Loop
- **Objective**: The loop aims to find the largest integer `m` less than `n` such that `unknown()` returns true at some point during the loop. If `unknown()` never returns true, `m` remains 1.
- **Structure**:
  - **Loop Condition**: `x < n`
  - **Loop Body**: 
    - If `unknown()` is true, update `m` to the current value of `x`.
    - Increment `x` by 1.
  - **Relevant Variables**: `x`, `m`, `n`, `z1`, `z2`, `z3`

#### b. Discussion of the Loop Invariant
The proposed loop invariant must capture:
1. The relationship between `x` and `m` during the loop.
2. The fact that `z1`, `z2`, `z3`, and `n` remain unchanged.
3. The initial conditions when the loop hasn't started or when `n <= 1`.

#### c. Establishment
Before the loop starts:
- `x == 1` and `m == 1` (from the pre-condition).
- All other variables (`z1`, `z2`, `z3`, `n`) are unchanged.
Thus, the invariant holds initially.

#### d. Preservation
At each iteration:
- If `unknown()` is true, `m` is updated to `x`, otherwise it remains unchanged.
- `x` is incremented by 1.
The invariant must ensure that `m` is always less than or equal to `x` and that `m` is a value that `unknown()` returned true for at some previous iteration.

#### e. Termination Analysis
When the loop terminates:
- `x == n` (since `x < n` is false).
- `m` is either 1 (if `unknown()` never returned true) or the largest `x` for which `unknown()` returned true.
Thus, `m < n` holds if `n > 1`.

#### f. Correctness of the Post-condition
The post-condition `(n > 1) ==> (m < n)` is correct because:
- If `n > 1`, the loop runs and `m` is always less than `x`, and `x` reaches `n`.
- Thus, `m < n` holds.

#### g. Implication of the Pre-condition
The pre-condition ensures that before the loop starts:
- `x == 1` and `m == 1`.
- All other variables are unchanged.
This directly establishes the loop invariant.

### Filled-in Loop Invariants
```c
int unknown();
void foo(int n,int z1,int z2,int z3)
{
    int x = 1;
    int m = 1;

    
    
            
    /* >>> LOOP INVARIANT TO FILL <<< 
       >>> PRECONDITION OF THE LOOP : (m == 1) * (x == 1) * (z3 == \at(z3, Pre)) * (z2 == \at(z2, Pre)) * (z1 == \at(z1, Pre)) * (n == \at(n, Pre)) <<< */
    
            /*@
          loop invariant (1 < \at(n, Pre)) ==> (((m == 1)&&(x == 1)&&(z3 == \at(z3, Pre))&&(z2 == \at(z2, Pre))&&(z1 == \at(z1, Pre))&&(n == \at(n, Pre))) || (1 <= x <= n && 1 <= m < x));
          loop invariant (1 < \at(n, Pre)) ==> (((m == 1)&&(x == 1)&&(z3 == \at(z3, Pre))&&(z2 == \at(z2, Pre))&&(z1 == \at(z1, Pre))&&(n == \at(n, Pre))) || (m == 1 || (1 <= m < x && \exists integer k; 1 <= k < x && unknown())));
          loop invariant (!(1 < \at(n, Pre))) ==> ((m == 1)&&(x == 1)&&(z3 == \at(z3, Pre))&&(z2 == \at(z2, Pre))&&(z1 == \at(z1, Pre))&&(n == \at(n, Pre)));
          loop invariant z3 == \at(z3, Pre);
          loop invariant z2 == \at(z2, Pre);
          loop invariant z1 == \at(z1, Pre);
          loop invariant n == \at(n, Pre);
            */
            while (x < n) {

        if (unknown()) {
            m = x;
        }
        
        x = x + 1;
    }
            

    /*@ assert (n > 1) ==> (m < n); */

}
```

### Explanation of Filled-in Placeholders
- `PLACE_HOLDER_x`: `1 <= x <= n && 1 <= m < x`
  - Ensures `x` is within bounds and `m` is less than `x`.
- `PLACE_HOLDER_m`: `m == 1 || (1 <= m < x && \exists integer k; 1 <= k < x && unknown())`
  - Ensures `m` is either 1 or a value for which `unknown()` returned true at some previous iteration.

These invariants are sufficient to prove the post-condition `(n > 1) ==> (m < n)`.

int unknown();
void foo(int n,int z1,int z2,int z3)
{
    int x = 1;
    int m = 1;

    
    
            
            /*@
          loop invariant (1 < \at(n, Pre)) ==> (((m == 1)&&(x == 1)&&(z3 == \at(z3, Pre))&&(z2 == \at(z2, Pre))&&(z1 == \at(z1, Pre))&&(n == \at(n, Pre))) || (1 <= x <= n && 1 <= m < x));
          loop invariant (1 < \at(n, Pre)) ==> (((m == 1)&&(x == 1)&&(z3 == \at(z3, Pre))&&(z2 == \at(z2, Pre))&&(z1 == \at(z1, Pre))&&(n == \at(n, Pre))) || (m == 1 || (1 <= m < x && \exists integer k; 1 <= k < x && unknown())));
          loop invariant (!(1 < \at(n, Pre))) ==> ((m == 1)&&(x == 1)&&(z3 == \at(z3, Pre))&&(z2 == \at(z2, Pre))&&(z1 == \at(z1, Pre))&&(n == \at(n, Pre)));
          loop invariant z3 == \at(z3, Pre);
          loop invariant z2 == \at(z2, Pre);
          loop invariant z1 == \at(z1, Pre);
          loop invariant n == \at(n, Pre);
            */
            while (x < n) {

        if (unknown()) {
            m = x;
        }
        
        x = x + 1;
    }
            

    /*@ assert (n > 1) ==> (m < n); */

}


int unknown();
void foo(int n,int z1,int z2,int z3)
{
    int x = 1;
    int m = 1;

    
    
            
            /*@
          loop invariant (1 < \at(n, Pre)) ==> (((m == 1)&&(x == 1)&&(z3 == \at(z3, Pre))&&(z2 == \at(z2, Pre))&&(z1 == \at(z1, Pre))&&(n == \at(n, Pre))) || (1 <= x <= n && 1 <= m < x));
          loop invariant (1 < \at(n, Pre)) ==> (((m == 1)&&(x == 1)&&(z3 == \at(z3, Pre))&&(z2 == \at(z2, Pre))&&(z1 == \at(z1, Pre))&&(n == \at(n, Pre))) || (m == 1 || (1 <= m < x && \exists integer k; 1 <= k < x && unknown())));
          loop invariant (!(1 < \at(n, Pre))) ==> ((m == 1)&&(x == 1)&&(z3 == \at(z3, Pre))&&(z2 == \at(z2, Pre))&&(z1 == \at(z1, Pre))&&(n == \at(n, Pre)));
          loop invariant z3 == \at(z3, Pre);
          loop invariant z2 == \at(z2, Pre);
          loop invariant z1 == \at(z1, Pre);
          loop invariant n == \at(n, Pre);
            */
            while (x < n) {

        if (unknown()) {
            m = x;
        }
        
        x = x + 1;
    }
            

    /*@ assert (n > 1) ==> (m < n); */

}

syntax Error
[kernel] Parsing output/21.c (with preprocessing)
[kernel:annot-error] output/21.c:13: Warning: unexpected token ')'
[kernel] User Error: warning annot-error treated as fatal error.
[kernel] Frama-C aborted: invalid user input.

after repair

int unknown();
void foo(int n,int z1,int z2,int z3)
{
    int x = 1;
    int m = 1;

    
    
            
            /*@
          loop invariant (1 < \at(n, Pre)) ==> (((m == 1)&&(x == 1)&&(z3 == \at(z3, Pre))&&(z2 == \at(z2, Pre))&&(z1 == \at(z1, Pre))&&(n == \at(n, Pre))) || (1 <= x && x <= n && 1 <= m && m < x));
          loop invariant (1 < \at(n, Pre)) ==> (((m == 1)&&(x == 1)&&(z3 == \at(z3, Pre))&&(z2 == \at(z2, Pre))&&(z1 == \at(z1, Pre))&&(n == \at(n, Pre))) || (m == 1 || (1 <= m && m < x)));
          loop invariant (!(1 < \at(n, Pre))) ==> ((m == 1)&&(x == 1)&&(z3 == \at(z3, Pre))&&(z2 == \at(z2, Pre))&&(z1 == \at(z1, Pre))&&(n == \at(n, Pre)));
          loop invariant z3 == \at(z3, Pre);
          loop invariant z2 == \at(z2, Pre);
          loop invariant z1 == \at(z1, Pre);
          loop invariant n == \at(n, Pre);
            */
            while (x < n) {

        if (unknown()) {
            m = x;
        }
        
        x = x + 1;
    }
            

    /*@ assert (n > 1) ==> (m < n); */

}

syntax Correct
Validate:
[True, True, True, True, True, True, True]

Verify:
[True]

CORRECT INVARIANT
syntax Correct
Validate:
[True, True, True, True, True, True, True]

Verify:
[True]

/*@
          loop invariant (1 < \at(n, Pre)) ==> (((m == 1)&&(x == 1)&&(z3 == \at(z3, Pre))&&(z2 == \at(z2, Pre))&&(z1 == \at(z1, Pre))&&(n == \at(n, Pre))) || (1 <= x && x <= n && 1 <= m && m < x));
          loop invariant (1 < \at(n, Pre)) ==> (((m == 1)&&(x == 1)&&(z3 == \at(z3, Pre))&&(z2 == \at(z2, Pre))&&(z1 == \at(z1, Pre))&&(n == \at(n, Pre))) || (m == 1 || (1 <= m && m < x)));
          loop invariant (!(1 < \at(n, Pre))) ==> ((m == 1)&&(x == 1)&&(z3 == \at(z3, Pre))&&(z2 == \at(z2, Pre))&&(z1 == \at(z1, Pre))&&(n == \at(n, Pre)));
          loop invariant z3 == \at(z3, Pre);
          loop invariant z2 == \at(z2, Pre);
          loop invariant z1 == \at(z1, Pre);
          loop invariant n == \at(n, Pre);
            */
            while (x < n) {

        if (unknown()) {
            m = x;
        }
        
        x = x + 1;
    }
继续符号执行
/*@ Inv
    ((1 < n@pre) => (((m == 1)&&(x == 1)&&(z3 == z3@pre)&&(z2 == z2@pre)&&(z1 == z1@pre)&&(n == n@pre)) || (1 <= x && x <= n && 1 <= m && m < x))) &&
((1 < n@pre) => (((m == 1)&&(x == 1)&&(z3 == z3@pre)&&(z2 == z2@pre)&&(z1 == z1@pre)&&(n == n@pre)) || (m == 1 || (1 <= m && m < x)))) &&
((!(1 < n@pre)) => ((m == 1)&&(x == 1)&&(z3 == z3@pre)&&(z2 == z2@pre)&&(z1 == z1@pre)&&(n == n@pre))) &&
(z3 == z3@pre) &&
(z2 == z2@pre) &&
(z1 == z1@pre) &&
(n == n@pre)
    */
    
            while (x < n) {

        if (unknown()) {
            m = x;
        }
        
        x = x + 1;
    }
File found: ../sac_c_parser/test/../ip_postcond/goal/21_goal.v. Deleting the file.
File found: ../sac_c_parser/test/../ip_postcond/goal/21_proof_auto.v. Deleting the file.
File found: ../sac_c_parser/test/../ip_postcond/goal/21_proof_manual.v. Deleting the file.
LoopEntry_0:
(m == 1) * (x == 1) * (z3 == z3@pre) * (z2 == z2@pre) * (z1 == z1@pre) * (n == n@pre)

Successfully generated loop/21.json
syntax Correct
Validate:
[True, True, True, True, True, True, True]

Verify:
[True]

已移动文件: 21.c -> finish1
-----------------------------------------

文件 21.c 处理完成. 总耗时: 128.65105509757996
-----------------------------------------
