file:27.c
Successfully generated loop/27.json
INNER_FLAG: False
Variable Maps: [{'x': 'n@pre', 'n': 'n@pre'}]
Path conditions: [None]
Pre condition: (x == n@pre) * (n == n@pre)
Loop Condition: x > 1
Updated Loop Conditions: ['n@pre > 1']
Global Unchanged Variables ['n']
Non Inductive Variables []
[{'x': 'n@pre', 'n': 'n@pre'}]
[None]

            
    /* >>> LOOP INVARIANT TO FILL <<< 
       >>> PRECONDITION OF THE LOOP : (x == \at(n, Pre)) * (n == \at(n, Pre)) <<< */
    
            /*@
          loop invariant n == \at(n, Pre);
            */
            while (x > 1) {
      
       x  = x - 1;
  
    }
            

            
    /* >>> LOOP INVARIANT TO FILL <<< 
       >>> PRECONDITION OF THE LOOP : (x == \at(n, Pre)) * (n == \at(n, Pre)) <<< */
    
            /*@
          loop invariant (\at(n, Pre) > 1) ==> (((x == \at(n, Pre))&&(n == \at(n, Pre))) || (PLACE_HOLDER_x));
          loop invariant (!(\at(n, Pre) > 1)) ==> ((x == \at(n, Pre))&&(n == \at(n, Pre)));
          loop invariant n == \at(n, Pre);
            */
            while (x > 1) {
      
       x  = x - 1;
  
    }
            
void foo(int n) {

    int x = n;
    
    
    
            
    /* >>> LOOP INVARIANT TO FILL <<< 
       >>> PRECONDITION OF THE LOOP : (x == \at(n, Pre)) * (n == \at(n, Pre)) <<< */
    
            /*@
          loop invariant (\at(n, Pre) > 1) ==> (((x == \at(n, Pre))&&(n == \at(n, Pre))) || (PLACE_HOLDER_x));
          loop invariant (!(\at(n, Pre) > 1)) ==> ((x == \at(n, Pre))&&(n == \at(n, Pre)));
          loop invariant n == \at(n, Pre);
            */
            while (x > 1) {
      
       x  = x - 1;
  
    }
            
  
   /*@ assert (n >= 1) ==> (x == 1); */
  }
### Analysis:

#### a. Purpose and Structure of the Loop:
The loop's objective is to decrement the variable `x` from its initial value `n` down to `1`. The loop continues as long as `x` is greater than `1`. The loop condition is `x > 1`, and in each iteration, `x` is decremented by `1`. The relevant variables are `x` and `n`.

#### b. Discussion of the Loop Invariant:
The proposed loop invariant ensures that:
- If `n > 1`, then either `x` is equal to `n` (at the start) or `x` is between `1` and `n-1` (during the loop).
- If `n <= 1`, then `x` remains equal to `n` throughout the loop.
- The value of `n` remains unchanged throughout the loop.

#### c. Establishment:
Before the loop starts, `x` is initialized to `n`, and the pre-condition `(x == \at(n, Pre)) * (n == \at(n, Pre))` holds. Thus, the invariant is true at the start of the loop.

#### d. Preservation:
If the invariant is true at the start of an iteration and `x > 1`, then `x` is decremented by `1`. Since `x` was greater than `1`, after decrementing, `x` will still be between `1` and `n-1`, maintaining the invariant.

#### e. Termination Analysis of the Loop:
When the loop terminates, `x` is no longer greater than `1`, so `x <= 1`. Since `x` was decremented from `n` and the loop stops when `x` reaches `1`, the invariant still holds.

#### f. Correctness of the Post-condition:
The post-condition `(n >= 1) ==> (x == 1)` is correct because the loop decrements `x` from `n` to `1`. When the loop terminates, `x` will be `1` if `n` was at least `1`. The invariant, combined with the negation of the loop condition (`x <= 1`), ensures that `x` is `1`.

#### g. Implication of the Pre-condition:
The pre-condition `(x == \at(n, Pre)) * (n == \at(n, Pre))` implies that `x` is initialized to `n` and `n` remains unchanged. This guarantees that the invariant is established before the loop begins.

### Filled-in C Program:

```c
void foo(int n) {

    int x = n;
    
    /* >>> LOOP INVARIANT TO FILL <<< 
       >>> PRECONDITION OF THE LOOP : (x == \at(n, Pre)) * (n == \at(n, Pre)) <<< */
    
    /*@
      loop invariant (\at(n, Pre) > 1) ==> (((x == \at(n, Pre))&&(n == \at(n, Pre))) || (1 <= x < \at(n, Pre)));
      loop invariant (!(\at(n, Pre) > 1)) ==> ((x == \at(n, Pre))&&(n == \at(n, Pre)));
      loop invariant n == \at(n, Pre);
    */
    while (x > 1) {
        x = x - 1;
    }
    
    /*@ assert (n >= 1) ==> (x == 1); */
}
```

void foo(int n) {

    int x = n;
    
    /*@
      loop invariant (\at(n, Pre) > 1) ==> (((x == \at(n, Pre))&&(n == \at(n, Pre))) || (1 <= x < \at(n, Pre)));
      loop invariant (!(\at(n, Pre) > 1)) ==> ((x == \at(n, Pre))&&(n == \at(n, Pre)));
      loop invariant n == \at(n, Pre);
    */
    while (x > 1) {
        x = x - 1;
    }
    
    /*@ assert (n >= 1) ==> (x == 1); */
}


void foo(int n) {

    int x = n;
    
    /*@
      loop invariant (\at(n, Pre) > 1) ==> (((x == \at(n, Pre))&&(n == \at(n, Pre))) || (1 <= x < \at(n, Pre)));
      loop invariant (!(\at(n, Pre) > 1)) ==> ((x == \at(n, Pre))&&(n == \at(n, Pre)));
      loop invariant n == \at(n, Pre);
    */
    while (x > 1) {
        x = x - 1;
    }
    
    /*@ assert (n >= 1) ==> (x == 1); */
}

syntax Correct
Validate:
[True, True, True]

Verify:
[True]

CORRECT INVARIANT
syntax Correct
Validate:
[True, True, True]

Verify:
[True]

syntax Correct
Validate:
[True, True, True]

Verify:
[True]

已移动文件: 27.c -> finish
-----------------------------------------

文件 27.c 处理完成. 总耗时: 59.069708824157715
-----------------------------------------
finshed_files:['11.c', '132.c', '70.c', '121.c', '94.c', '109.c', '61.c', '120.c', '42.c', '33.c', '17.c', '105.c', '101.c', '38.c', '40.c', '88.c', '4.c', '114.c', '8.c', '84.c', '83.c', '111.c', '47.c', '14.c', '49.c', '131.c', '119.c', '43.c', '50.c', '56.c', '18.c', '53.c', '35.c', '10.c', '28.c', '26.c', '73.c', '89.c', '126.c', '96.c', '57.c', '37.c', '36.c', '92.c', '68.c', '115.c', '71.c', '91.c', '22.c', '19.c', '124.c', '52.c', '100.c', '95.c', '90.c', '86.c', '128.c', '62.c', '77.c', '79.c', '108.c', '129.c', '34.c', '123.c', '98.c', '41.c', '27.c']
