file:32.c
Successfully generated loop/32.json
INNER_FLAG: False
Variable Maps: [{'x': 'n@pre', 'v3': 'v3@pre', 'v2': 'v2@pre', 'v1': 'v1@pre', 'n': 'n@pre'}]
Path conditions: [None]
Pre condition: (x == n@pre) * (v3 == v3@pre) * (v2 == v2@pre) * (v1 == v1@pre) * (n == n@pre)
Loop Condition: x > 1
Updated Loop Conditions: ['n@pre > 1']
Global Unchanged Variables ['v3', 'v2', 'v1', 'n']
Non Inductive Variables []
[{'x': 'n@pre', 'v3': 'v3@pre', 'v2': 'v2@pre', 'v1': 'v1@pre', 'n': 'n@pre'}]
[None]

            
    /* >>> LOOP INVARIANT TO FILL <<< 
       >>> PRECONDITION OF THE LOOP : (x == \at(n, Pre)) * (v3 == \at(v3, Pre)) * (v2 == \at(v2, Pre)) * (v1 == \at(v1, Pre)) * (n == \at(n, Pre)) <<< */
    
            /*@
          loop invariant v3 == \at(v3, Pre);
          loop invariant v2 == \at(v2, Pre);
          loop invariant v1 == \at(v1, Pre);
          loop invariant n == \at(n, Pre);
            */
            while (x > 1) {
      
       x  = x - 1;
  
    }
            

            
    /* >>> LOOP INVARIANT TO FILL <<< 
       >>> PRECONDITION OF THE LOOP : (x == \at(n, Pre)) * (v3 == \at(v3, Pre)) * (v2 == \at(v2, Pre)) * (v1 == \at(v1, Pre)) * (n == \at(n, Pre)) <<< */
    
            /*@
          loop invariant (\at(n, Pre) > 1) ==> (((x == \at(n, Pre))&&(v3 == \at(v3, Pre))&&(v2 == \at(v2, Pre))&&(v1 == \at(v1, Pre))&&(n == \at(n, Pre))) || (PLACE_HOLDER_x));
          loop invariant (!(\at(n, Pre) > 1)) ==> ((x == \at(n, Pre))&&(v3 == \at(v3, Pre))&&(v2 == \at(v2, Pre))&&(v1 == \at(v1, Pre))&&(n == \at(n, Pre)));
          loop invariant v3 == \at(v3, Pre);
          loop invariant v2 == \at(v2, Pre);
          loop invariant v1 == \at(v1, Pre);
          loop invariant n == \at(n, Pre);
            */
            while (x > 1) {
      
       x  = x - 1;
  
    }
            
void foo(int n, int v1,int v2,int v3) {

    int x = n;
    
    
    
            
    /* >>> LOOP INVARIANT TO FILL <<< 
       >>> PRECONDITION OF THE LOOP : (x == \at(n, Pre)) * (v3 == \at(v3, Pre)) * (v2 == \at(v2, Pre)) * (v1 == \at(v1, Pre)) * (n == \at(n, Pre)) <<< */
    
            /*@
          loop invariant (\at(n, Pre) > 1) ==> (((x == \at(n, Pre))&&(v3 == \at(v3, Pre))&&(v2 == \at(v2, Pre))&&(v1 == \at(v1, Pre))&&(n == \at(n, Pre))) || (PLACE_HOLDER_x));
          loop invariant (!(\at(n, Pre) > 1)) ==> ((x == \at(n, Pre))&&(v3 == \at(v3, Pre))&&(v2 == \at(v2, Pre))&&(v1 == \at(v1, Pre))&&(n == \at(n, Pre)));
          loop invariant v3 == \at(v3, Pre);
          loop invariant v2 == \at(v2, Pre);
          loop invariant v1 == \at(v1, Pre);
          loop invariant n == \at(n, Pre);
            */
            while (x > 1) {
      
       x  = x - 1;
  
    }
            
   /*@ assert (n >= 1) ==> (x == 1); */
  }
### Analysis of the Loop

#### a. Purpose and Structure of the Loop
- **Objective**: The loop decrements the variable `x` from its initial value `n` down to `1`. The intended outcome is that after the loop terminates, `x` will be `1` if `n >= 1`.
- **Structure**:
  - **Loop Condition**: `x > 1`
  - **Loop Body**: `x = x - 1;` (decrements `x` by 1 in each iteration)
  - **Relevant Variables**: `x`, `n`, `v1`, `v2`, `v3`
  - **Pre-condition**: The variables `x`, `v1`, `v2`, `v3`, and `n` are initially equal to their values at the start of the function (`\at(n, Pre)`, etc.).

#### b. Discussion of the Loop Invariant
The loop invariant must capture the following:
1. The variables `v1`, `v2`, `v3`, and `n` remain unchanged throughout the loop.
2. If `n > 1`, then either:
   - `x` is still equal to its initial value `n` (before any iterations), or
   - `x` is between `1` and `n - 1` (during or after iterations).
3. If `n <= 1`, then all variables (`x`, `v1`, `v2`, `v3`, `n`) remain unchanged.

The proposed invariant splits into two cases based on `\at(n, Pre) > 1`:
- If `\at(n, Pre) > 1`, then either:
  - All variables are unchanged (before the loop starts), or
  - `x` is between `1` and `n - 1` (during or after iterations).
- If `\at(n, Pre) <= 1`, then all variables are unchanged (the loop does not execute).

#### c. Establishment
Before the loop starts:
- The pre-condition states that `x == \at(n, Pre)`, and `v1`, `v2`, `v3`, `n` are unchanged.
- If `\at(n, Pre) > 1`, the first part of the invariant holds because `x == \at(n, Pre)` (and other variables are unchanged).
- If `\at(n, Pre) <= 1`, the second part of the invariant holds because all variables are unchanged.

#### d. Preservation
Assume the invariant holds at the start of an iteration where `x > 1`:
- If `x == \at(n, Pre)` (first case), then after `x = x - 1`, `x` becomes `\at(n, Pre) - 1`, so `1 <= x < \at(n, Pre)`. The invariant now holds the second case (`PLACE_HOLDER_x`).
- If `x` is already between `1` and `n - 1`, decrementing it further preserves `1 <= x < n` (as long as `x > 1`).
- The other variables (`v1`, `v2`, `v3`, `n`) remain unchanged.

#### e. Termination Analysis
The loop terminates when `x <= 1`:
- If `n > 1`, the loop decrements `x` from `n` to `1`, so at termination, `x == 1`.
- If `n <= 1`, the loop does not execute, and `x == n` (which is `<= 1`).
The invariant still holds because:
- If `n > 1`, `x == 1` satisfies `1 <= x < n`.
- If `n <= 1`, all variables are unchanged.

#### f. Correctness of the Post-condition
The post-condition is `(n >= 1) ==> (x == 1)`:
- If `n >= 1`, the loop runs until `x == 1` (since `x` is decremented from `n` to `1`).
- The invariant ensures that after termination, `x == 1` (if `n > 1`) or `x == n` (if `n <= 1`), which implies the post-condition.

#### g. Implication of the Pre-condition
The pre-condition guarantees that all variables (`x`, `v1`, `v2`, `v3`, `n`) are initially equal to their values at the start of the function. This directly implies the invariant:
- If `n > 1`, `x == n` (first case of invariant).
- If `n <= 1`, all variables are unchanged (second case of invariant).

### Filled-in Loop Invariant
The placeholder `PLACE_HOLDER_x` should represent the state where `x` is between `1` and `n - 1` (during or after iterations). The correct filling is:
```
(1 <= x < \at(n, Pre))
```

### Complete Program with Filled Invariants
```c
void foo(int n, int v1,int v2,int v3) {

    int x = n;
    
    /* >>> LOOP INVARIANT TO FILL <<< 
       >>> PRECONDITION OF THE LOOP : (x == \at(n, Pre)) * (v3 == \at(v3, Pre)) * (v2 == \at(v2, Pre)) * (v1 == \at(v1, Pre)) * (n == \at(n, Pre)) <<< */
    
            /*@
          loop invariant (\at(n, Pre) > 1) ==> (((x == \at(n, Pre))&&(v3 == \at(v3, Pre))&&(v2 == \at(v2, Pre))&&(v1 == \at(v1, Pre))&&(n == \at(n, Pre))) || ((1 <= x < \at(n, Pre))));
          loop invariant (!(\at(n, Pre) > 1)) ==> ((x == \at(n, Pre))&&(v3 == \at(v3, Pre))&&(v2 == \at(v2, Pre))&&(v1 == \at(v1, Pre))&&(n == \at(n, Pre)));
          loop invariant v3 == \at(v3, Pre);
          loop invariant v2 == \at(v2, Pre);
          loop invariant v1 == \at(v1, Pre);
          loop invariant n == \at(n, Pre);
            */
            while (x > 1) {
       x  = x - 1;
    }
            
   /*@ assert (n >= 1) ==> (x == 1); */
}
```

void foo(int n, int v1,int v2,int v3) {

    int x = n;
    
            /*@
          loop invariant (\at(n, Pre) > 1) ==> (((x == \at(n, Pre))&&(v3 == \at(v3, Pre))&&(v2 == \at(v2, Pre))&&(v1 == \at(v1, Pre))&&(n == \at(n, Pre))) || ((1 <= x < \at(n, Pre))));
          loop invariant (!(\at(n, Pre) > 1)) ==> ((x == \at(n, Pre))&&(v3 == \at(v3, Pre))&&(v2 == \at(v2, Pre))&&(v1 == \at(v1, Pre))&&(n == \at(n, Pre)));
          loop invariant v3 == \at(v3, Pre);
          loop invariant v2 == \at(v2, Pre);
          loop invariant v1 == \at(v1, Pre);
          loop invariant n == \at(n, Pre);
            */
            while (x > 1) {
       x  = x - 1;
    }
            
   /*@ assert (n >= 1) ==> (x == 1); */
}


void foo(int n, int v1,int v2,int v3) {

    int x = n;
    
            /*@
          loop invariant (\at(n, Pre) > 1) ==> (((x == \at(n, Pre))&&(v3 == \at(v3, Pre))&&(v2 == \at(v2, Pre))&&(v1 == \at(v1, Pre))&&(n == \at(n, Pre))) || ((1 <= x < \at(n, Pre))));
          loop invariant (!(\at(n, Pre) > 1)) ==> ((x == \at(n, Pre))&&(v3 == \at(v3, Pre))&&(v2 == \at(v2, Pre))&&(v1 == \at(v1, Pre))&&(n == \at(n, Pre)));
          loop invariant v3 == \at(v3, Pre);
          loop invariant v2 == \at(v2, Pre);
          loop invariant v1 == \at(v1, Pre);
          loop invariant n == \at(n, Pre);
            */
            while (x > 1) {
       x  = x - 1;
    }
            
   /*@ assert (n >= 1) ==> (x == 1); */
}

syntax Correct
Validate:
[True, True, True, True, True, True]

Verify:
[True]

CORRECT INVARIANT
syntax Correct
Validate:
[True, True, True, True, True, True]

Verify:
[True]

syntax Correct
Validate:
[True, True, True, True, True, True]

Verify:
[True]

已移动文件: 32.c -> finish
-----------------------------------------

文件 32.c 处理完成. 总耗时: 112.49308109283447
-----------------------------------------
finshed_files:['11.c', '132.c', '70.c', '121.c', '94.c', '109.c', '61.c', '120.c', '42.c', '33.c', '17.c', '105.c', '101.c', '38.c', '40.c', '88.c', '4.c', '114.c', '8.c', '84.c', '83.c', '111.c', '47.c', '14.c', '49.c', '131.c', '119.c', '43.c', '50.c', '56.c', '18.c', '53.c', '35.c', '10.c', '28.c', '26.c', '73.c', '89.c', '126.c', '96.c', '57.c', '37.c', '36.c', '92.c', '68.c', '115.c', '71.c', '91.c', '22.c', '19.c', '124.c', '52.c', '100.c', '95.c', '90.c', '86.c', '128.c', '62.c', '77.c', '79.c', '108.c', '129.c', '34.c', '123.c', '98.c', '41.c', '27.c', '106.c', '58.c', '130.c', '20.c', '85.c', '15.c', '75.c', '104.c', '2.c', '82.c', '32.c']
