file:38.c
Successfully generated loop/38.json
INNER_FLAG: False
Variable Maps: [{'c': '0', 'n': 'n@pre'}]
Path conditions: ['n@pre > 0']
Pre condition: n@pre > 0 && (c == 0) * (n == n@pre)
Loop Condition: unknown()
Updated Loop Conditions: ['unknown()']
Global Unchanged Variables ['n']
Non Inductive Variables ['c']
[{'c': '0', 'n': 'n@pre'}]
['n@pre > 0']

            
    /* >>> LOOP INVARIANT TO FILL <<< 
       >>> PRECONDITION OF THE LOOP : \at(n, Pre) > 0 && (c == 0) * (n == \at(n, Pre)) <<< */
    
            /*@
          loop invariant (\at(n, Pre) > 0) ==> (n == \at(n, Pre));
            */
            while (unknown()){
        
        if(c == n) {
            c = 1;
        }
        else {
            c = c + 1;
        }
    }
            

            
    /* >>> LOOP INVARIANT TO FILL <<< 
       >>> PRECONDITION OF THE LOOP : \at(n, Pre) > 0 && (c == 0) * (n == \at(n, Pre)) <<< */
    
            /*@
          loop invariant  (\at(n, Pre) > 0) ==> (((c == 0)&&(n == \at(n, Pre))) || (PLACE_HOLDER_c)) ;
          loop invariant (\at(n, Pre) > 0) ==> (n == \at(n, Pre));
            */
            while (unknown()){
        
        if(c == n) {
            c = 1;
        }
        else {
            c = c + 1;
        }
    }
            
int unknown();
/*@ requires n > 0; */
void foo(int n)   
    {

    int c = 0;

    
            
    /* >>> LOOP INVARIANT TO FILL <<< 
       >>> PRECONDITION OF THE LOOP : \at(n, Pre) > 0 && (c == 0) * (n == \at(n, Pre)) <<< */
    
            /*@
          loop invariant  (\at(n, Pre) > 0) ==> (((c == 0)&&(n == \at(n, Pre))) || (PLACE_HOLDER_c)) ;
          loop invariant (\at(n, Pre) > 0) ==> (n == \at(n, Pre));
            */
            while (unknown()){
        
        if(c == n) {
            c = 1;
        }
        else {
            c = c + 1;
        }
    }
            
           
    /*@ assert (c == n) ==> (c >= 0); */

}
### Analysis

#### a. Purpose and Structure of the Loop
- **Objective**: The loop appears to be a counter that increments `c` until it reaches `n`, at which point it resets `c` to 1. The exact purpose is unclear due to the `unknown()` condition, but the loop seems to manage `c` within the bounds of `n`.
- **Structure**: 
  - **Condition**: `unknown()` (non-deterministic; loop can run any number of times).
  - **Body**: 
    - If `c == n`, reset `c` to 1.
    - Else, increment `c` by 1.
  - **Variables**: `c` (counter), `n` (upper bound, unchanged).

#### b. Discussion of the Loop Invariant
The proposed invariant is:
1. `(\at(n, Pre) > 0) ==> (((c == 0)&&(n == \at(n, Pre))) || (PLACE_HOLDER_c))`
   - This states that if `n` was initially positive, then either:
     - `c` is 0 and `n` is unchanged (initial state), or
     - Some condition `PLACE_HOLDER_c` holds (to be filled).
2. `(\at(n, Pre) > 0) ==> (n == \at(n, Pre))`
   - `n` never changes (trivially true since `n` is not modified).

#### c. Establishment
Before the loop:
- From the pre-condition: `c == 0` and `n == \at(n, Pre)`.
- Thus, the first invariant reduces to `(true) ==> ((true && true) || ...)`, which simplifies to `true`.
- The second invariant holds because `n == \at(n, Pre)` is given.

#### d. Preservation
Assume the invariant holds at the start of an iteration. We must show it holds at the end:
1. If `c == n`, then `c` is set to 1. The first invariant must now hold with `c == 1`. Thus, `PLACE_HOLDER_c` should cover this case (e.g., `1 <= c <= n`).
2. If `c != n`, then `c` is incremented by 1. The invariant should ensure `c` remains within bounds (e.g., `0 <= c <= n`).

#### e. Termination Analysis
When the loop terminates (due to `unknown()` being false), the invariant still holds:
- `n == \at(n, Pre)` remains true.
- `c` is either in `[0, n]` or was reset to 1.

#### f. Correctness of the Post-condition
The post-condition `(c == n) ==> (c >= 0)` is trivial because:
- The invariant ensures `c` is always `>= 0` (if `PLACE_HOLDER_c` includes this).
- If `c == n`, and `n > 0` (from pre-condition), then `c >= 0` holds.

#### g. Implication of the Pre-condition
The pre-condition `\at(n, Pre) > 0 && (c == 0) * (n == \at(n, Pre))` implies:
- `n > 0` and `c == 0` initially.
- Thus, the first invariant holds because `(c == 0 && n == \at(n, Pre))` is true initially.

### Filled-in Invariants
The placeholder `PLACE_HOLDER_c` should cover all possible values of `c` during the loop. Given the loop body, `c` can be:
- `0` (initially),
- Any value in `[1, n]` (from increments or reset).

Thus, we fill `PLACE_HOLDER_c` with `0 <= c <= n`.

### Final Program
```c
int unknown();
/*@ requires n > 0; */
void foo(int n)   
    {
    int c = 0;
    
    /*@
      loop invariant (\at(n, Pre) > 0) ==> (((c == 0)&&(n == \at(n, Pre))) || (0 <= c <= n)) ;
      loop invariant (\at(n, Pre) > 0) ==> (n == \at(n, Pre));
    */
    while (unknown()){
        if(c == n) {
            c = 1;
        }
        else {
            c = c + 1;
        }
    }
    /*@ assert (c == n) ==> (c >= 0); */
}
```

### Key Points
- The invariant `0 <= c <= n` is sufficient to cover all cases of `c` during the loop.
- The second invariant (`n == \at(n, Pre)`) is trivial but necessary for completeness.
- The post-condition is trivial given the invariant.

int unknown();
/*@ requires n > 0; */
void foo(int n)   
    {
    int c = 0;
    
    /*@
      loop invariant (\at(n, Pre) > 0) ==> (((c == 0)&&(n == \at(n, Pre))) || (0 <= c <= n)) ;
      loop invariant (\at(n, Pre) > 0) ==> (n == \at(n, Pre));
    */
    while (unknown()){
        if(c == n) {
            c = 1;
        }
        else {
            c = c + 1;
        }
    }
    /*@ assert (c == n) ==> (c >= 0); */
}


int unknown();
/*@ requires n > 0; */
void foo(int n)   
    {
    int c = 0;
    
    /*@
      loop invariant (\at(n, Pre) > 0) ==> (((c == 0)&&(n == \at(n, Pre))) || (0 <= c <= n)) ;
      loop invariant (\at(n, Pre) > 0) ==> (n == \at(n, Pre));
    */
    while (unknown()){
        if(c == n) {
            c = 1;
        }
        else {
            c = c + 1;
        }
    }
    /*@ assert (c == n) ==> (c >= 0); */
}

syntax Correct
Validate:
[True, True]

Verify:
[True]

CORRECT INVARIANT
syntax Correct
Validate:
[True, True]

Verify:
[True]

syntax Correct
Validate:
[True, True]

Verify:
[True]

已移动文件: 38.c -> finish
-----------------------------------------

文件 38.c 处理完成. 总耗时: 96.41127514839172
-----------------------------------------
finshed_files:['11.c', '132.c', '70.c', '121.c', '94.c', '109.c', '61.c', '120.c', '42.c', '33.c', '17.c', '105.c', '101.c', '38.c']
