file:47.c
Successfully generated loop/47.json
INNER_FLAG: False
Variable Maps: [{'c': '0', 'n': 'n@pre'}]
Path conditions: ['n@pre > 0']
Pre condition: n@pre > 0 && (c == 0) * (n == n@pre)
Loop Condition: unknown()
Updated Loop Conditions: ['unknown()']
Global Unchanged Variables ['n']
Non Inductive Variables ['c']
[{'c': '0', 'n': 'n@pre'}]
['n@pre > 0']

            
    /* >>> LOOP INVARIANT TO FILL <<< 
       >>> PRECONDITION OF THE LOOP : \at(n, Pre) > 0 && (c == 0) * (n == \at(n, Pre)) <<< */
    
            /*@
          loop invariant (\at(n, Pre) > 0) ==> (n == \at(n, Pre));
            */
            while (unknown()) {
        {
          if (unknown()) {
            if ( c != n )
            {
            c  = c + 1;
            }
          } else {
            if (c == n) 
            {
            c  = 1;
            }
          }
    
        }
    
    }
            

            
    /* >>> LOOP INVARIANT TO FILL <<< 
       >>> PRECONDITION OF THE LOOP : \at(n, Pre) > 0 && (c == 0) * (n == \at(n, Pre)) <<< */
    
            /*@
          loop invariant  (\at(n, Pre) > 0) ==> (((c == 0)&&(n == \at(n, Pre))) || (PLACE_HOLDER_c)) ;
          loop invariant (\at(n, Pre) > 0) ==> (n == \at(n, Pre));
            */
            while (unknown()) {
        {
          if (unknown()) {
            if ( c != n )
            {
            c  = c + 1;
            }
          } else {
            if (c == n) 
            {
            c  = 1;
            }
          }
    
        }
    
    }
            
int unknown();

/*@ requires n > 0; */
void foo(int n)  {

    int c = 0;

    
            
    /* >>> LOOP INVARIANT TO FILL <<< 
       >>> PRECONDITION OF THE LOOP : \at(n, Pre) > 0 && (c == 0) * (n == \at(n, Pre)) <<< */
    
            /*@
          loop invariant  (\at(n, Pre) > 0) ==> (((c == 0)&&(n == \at(n, Pre))) || (PLACE_HOLDER_c)) ;
          loop invariant (\at(n, Pre) > 0) ==> (n == \at(n, Pre));
            */
            while (unknown()) {
        {
          if (unknown()) {
            if ( c != n )
            {
            c  = c + 1;
            }
          } else {
            if (c == n) 
            {
            c  = 1;
            }
          }
    
        }
    
    }
                
    /*@ assert ((c < 0)&& (c > n)) ==> (c == n); */
    

  

}
### Analysis

#### a. Purpose and Structure of the Loop
- **Objective**: The loop appears to be manipulating the variable `c` based on some conditions. The exact purpose is unclear due to the use of `unknown()` for both the loop condition and internal branching, but it seems to be adjusting `c` within the bounds of `0` to `n`.
- **Structure**: 
  - Loop condition: `unknown()` (non-deterministic; loop may run any number of times, including zero).
  - Loop body: 
    - If `unknown()` is true, increment `c` by 1 unless `c == n`.
    - If `unknown()` is false, set `c = 1` if `c == n`.
  - Relevant variables: `c` (counter), `n` (upper bound, unchanged in the loop).

#### b. Discussion of the Loop Invariant
The proposed loop invariant is:
1. `(\at(n, Pre) > 0) ==> (((c == 0)&&(n == \at(n, Pre))) || (PLACE_HOLDER_c))`
2. `(\at(n, Pre) > 0) ==> (n == \at(n, Pre))`

The second invariant is straightforward: `n` never changes in the loop, so it always equals its initial value. The first invariant needs to capture the possible states of `c`:
- At the start, `c == 0` (from the pre-condition).
- During execution, `c` can be incremented up to `n` or reset to `1` if it reaches `n`.

A valid `PLACE_HOLDER_c` should express that `c` is in the range `[0, n]` and may have specific values (`0`, `n`, or `1` after reset).

#### c. Establishment
Before the loop:
- From the pre-condition: `c == 0` and `n == \at(n, Pre)`.
- Thus, `(c == 0 && n == \at(n, Pre))` is true, satisfying the first invariant (left side of the `||`).
- The second invariant holds because `n` is unchanged.

#### d. Preservation
Assume the invariants hold at the start of an iteration:
1. If `c == 0` or `c` is in `[1, n]`, the loop body may:
   - Increment `c` by 1 (if `c != n`): `c` remains in `[1, n]`.
   - Set `c = 1` (if `c == n`): `c` becomes `1` (still in `[1, n]`).
2. `n` is never modified, so the second invariant holds.

#### e. Termination Analysis
When the loop terminates:
- The invariants still hold (by preservation).
- The post-condition `((c < 0) && (c > n)) ==> (c == n)` is vacuously true because `c` is always in `[0, n]` (so `c < 0 && c > n` is false).

#### f. Correctness of the Post-condition
The post-condition is trivial because `c` is always in `[0, n]` (from the invariant), making the antecedent `(c < 0 && c > n)` false. Thus, the implication holds.

#### g. Implication of the Pre-condition
The pre-condition `\at(n, Pre) > 0 && (c == 0) * (n == \at(n, Pre))` implies:
- `n > 0` and `c == 0` and `n == \at(n, Pre)`.
- This directly satisfies both invariants at loop entry.

### Filled-in Loop Invariants
Replace `PLACE_HOLDER_c` with `(c >= 1 && c <= n)` to capture the possible states of `c` during the loop.

### Final Program
```c
int unknown();

/*@ requires n > 0; */
void foo(int n)  {

    int c = 0;

    
            
    /* >>> LOOP INVARIANT TO FILL <<< 
       >>> PRECONDITION OF THE LOOP : \at(n, Pre) > 0 && (c == 0) * (n == \at(n, Pre)) <<< */
    
            /*@
          loop invariant  (\at(n, Pre) > 0) ==> (((c == 0)&&(n == \at(n, Pre))) || (c >= 1 && c <= n)) ;
          loop invariant (\at(n, Pre) > 0) ==> (n == \at(n, Pre));
            */
            while (unknown()) {
        {
          if (unknown()) {
            if ( c != n )
            {
            c  = c + 1;
            }
          } else {
            if (c == n) 
            {
            c  = 1;
            }
          }
    
        }
    
    }
                
    /*@ assert ((c < 0)&& (c > n)) ==> (c == n); */
    

  

}
```

int unknown();

/*@ requires n > 0; */
void foo(int n)  {

    int c = 0;

    
            
            /*@
          loop invariant  (\at(n, Pre) > 0) ==> (((c == 0)&&(n == \at(n, Pre))) || (c >= 1 && c <= n)) ;
          loop invariant (\at(n, Pre) > 0) ==> (n == \at(n, Pre));
            */
            while (unknown()) {
        {
          if (unknown()) {
            if ( c != n )
            {
            c  = c + 1;
            }
          } else {
            if (c == n) 
            {
            c  = 1;
            }
          }
    
        }
    
    }
                
    /*@ assert ((c < 0)&& (c > n)) ==> (c == n); */
    

  

}


int unknown();

/*@ requires n > 0; */
void foo(int n)  {

    int c = 0;

    
            
            /*@
          loop invariant  (\at(n, Pre) > 0) ==> (((c == 0)&&(n == \at(n, Pre))) || (c >= 1 && c <= n)) ;
          loop invariant (\at(n, Pre) > 0) ==> (n == \at(n, Pre));
            */
            while (unknown()) {
        {
          if (unknown()) {
            if ( c != n )
            {
            c  = c + 1;
            }
          } else {
            if (c == n) 
            {
            c  = 1;
            }
          }
    
        }
    
    }
                
    /*@ assert ((c < 0)&& (c > n)) ==> (c == n); */
    

  

}

syntax Correct
Validate:
[True, True]

Verify:
[True]

CORRECT INVARIANT
syntax Correct
Validate:
[True, True]

Verify:
[True]

syntax Correct
Validate:
[True, True]

Verify:
[True]

已移动文件: 47.c -> finish
-----------------------------------------

文件 47.c 处理完成. 总耗时: 98.82032680511475
-----------------------------------------
finshed_files:['11.c', '132.c', '70.c', '121.c', '94.c', '109.c', '61.c', '120.c', '42.c', '33.c', '17.c', '105.c', '101.c', '38.c', '40.c', '88.c', '4.c', '114.c', '8.c', '84.c', '83.c', '111.c', '47.c']
