file:50.c
Successfully generated loop/50.json
INNER_FLAG: False
Variable Maps: [{'c': '0'}]
Path conditions: [None]
Pre condition: c == 0
Loop Condition: unknown()
Updated Loop Conditions: ['unknown()']
Global Unchanged Variables []
Non Inductive Variables ['c']
[{'c': '0'}]
[None]

            
    /* >>> LOOP INVARIANT TO FILL <<< 
       >>> PRECONDITION OF THE LOOP : c == 0 <<< */
    
            /*@
            */
            while (unknown()) {
        {
          if (unknown()) {
            if ( c != 4 )
            {
            c  = c + 1;
            }
          } else {
            if (c == 4) 
            {
            c  = 1;
            }
          }
    
        }
    
    }
            

            
    /* >>> LOOP INVARIANT TO FILL <<< 
       >>> PRECONDITION OF THE LOOP : c == 0 <<< */
    
            /*@
          loop invariant  ((c == 0)) || (PLACE_HOLDER_c) ;
            */
            while (unknown()) {
        {
          if (unknown()) {
            if ( c != 4 )
            {
            c  = c + 1;
            }
          } else {
            if (c == 4) 
            {
            c  = 1;
            }
          }
    
        }
    
    }
            

int unknown();

void foo()  {

    int c = 0;

    
            
    /* >>> LOOP INVARIANT TO FILL <<< 
       >>> PRECONDITION OF THE LOOP : c == 0 <<< */
    
            /*@
          loop invariant  ((c == 0)) || (PLACE_HOLDER_c) ;
            */
            while (unknown()) {
        {
          if (unknown()) {
            if ( c != 4 )
            {
            c  = c + 1;
            }
          } else {
            if (c == 4) 
            {
            c  = 1;
            }
          }
    
        }
    
    }
             
           
    /*@ assert  (c != 4 ) ==> (c >= 0); */
    

  

}
### Analysis

#### a. Purpose and Structure of the Loop:
- **Objective**: The loop modifies the variable `c` based on some random conditions (simulated by `unknown()`). The loop's behavior is non-deterministic, but it ensures that `c` is always between `0` and `4` (inclusive) and cycles between these values.
- **Structure**: 
  - Loop condition: `unknown()` (non-deterministic, so the loop can run any number of times, including zero).
  - Loop body: 
    - If `unknown()` is true, increment `c` by `1` unless `c == 4`.
    - If `unknown()` is false and `c == 4`, reset `c` to `1`.
  - Relevant variables: `c` (initially `0`).

#### b. Discussion of the Loop Invariant:
The proposed invariant is `((c == 0)) || (PLACE_HOLDER_c)`. This should capture the possible states of `c` during the loop. Given the loop's behavior, `c` can be `0`, `1`, `2`, `3`, or `4`. However, the loop ensures that if `c == 4`, it is reset to `1` in the next iteration where `unknown()` is false. Thus, the invariant should express that `c` is always in `{0, 1, 2, 3, 4}`.

#### c. Establishment:
Before the loop starts, `c == 0` (pre-condition). The invariant `(c == 0) || (c >= 0 && c <= 4)` holds because `c == 0` is true.

#### d. Preservation:
At the start of an iteration, assume the invariant holds: `(c == 0) || (c >= 0 && c <= 4)`. 
- If `unknown()` is true:
  - If `c != 4`, `c` is incremented by `1`. If `c` was `0`, it becomes `1`; if `c` was `1`, it becomes `2`, etc. The new `c` is still in `{1, 2, 3, 4}`.
  - If `c == 4`, `c` is not modified, so it remains `4`.
- If `unknown()` is false:
  - If `c == 4`, `c` is reset to `1` (which is in `{1, 2, 3, 4}`).
  - If `c != 4`, `c` is unchanged, so the invariant holds.
Thus, the invariant is preserved.

#### e. Termination Analysis:
When the loop terminates (first time `unknown()` is false), the invariant `(c == 0) || (c >= 0 && c <= 4)` still holds. The post-condition `(c != 4) ==> (c >= 0)` is implied because:
- If `c == 0`, the post-condition holds (`0 >= 0`).
- If `c >= 0 && c <= 4`, then `c != 4` implies `c` is in `{0, 1, 2, 3}`, so `c >= 0`.

#### f. Correctness of the Post-condition:
The post-condition `(c != 4) ==> (c >= 0)` is correct because:
- The invariant ensures `c` is in `{0, 1, 2, 3, 4}`.
- If `c != 4`, then `c` is in `{0, 1, 2, 3}`, so `c >= 0`.

#### g. Implication of the Pre-condition:
The pre-condition `c == 0` implies the invariant `(c == 0) || (c >= 0 && c <= 4)` because `c == 0` is a direct part of the invariant.

### Filled-in Loop Invariant:
The placeholder `PLACE_HOLDER_c` should be `(c >= 0 && c <= 4)`. This ensures the invariant covers all possible values of `c` during the loop.

### Final Program with Filled Invariant:
```c
int unknown();

void foo()  {

    int c = 0;

    
            
    /* >>> LOOP INVARIANT TO FILL <<< 
       >>> PRECONDITION OF THE LOOP : c == 0 <<< */
    
            /*@
          loop invariant  ((c == 0)) || (c >= 0 && c <= 4) ;
            */
            while (unknown()) {
        {
          if (unknown()) {
            if ( c != 4 )
            {
            c  = c + 1;
            }
          } else {
            if (c == 4) 
            {
            c  = 1;
            }
          }
    
        }
    
    }
             
           
    /*@ assert  (c != 4 ) ==> (c >= 0); */
    

  

}
```

int unknown();

void foo()  {

    int c = 0;

    
            
            /*@
          loop invariant  ((c == 0)) || (c >= 0 && c <= 4) ;
            */
            while (unknown()) {
        {
          if (unknown()) {
            if ( c != 4 )
            {
            c  = c + 1;
            }
          } else {
            if (c == 4) 
            {
            c  = 1;
            }
          }
    
        }
    
    }
             
           
    /*@ assert  (c != 4 ) ==> (c >= 0); */
    

  

}


int unknown();

void foo()  {

    int c = 0;

    
            
            /*@
          loop invariant  ((c == 0)) || (c >= 0 && c <= 4) ;
            */
            while (unknown()) {
        {
          if (unknown()) {
            if ( c != 4 )
            {
            c  = c + 1;
            }
          } else {
            if (c == 4) 
            {
            c  = 1;
            }
          }
    
        }
    
    }
             
           
    /*@ assert  (c != 4 ) ==> (c >= 0); */
    

  

}

syntax Correct
Validate:
[True]

Verify:
[True]

CORRECT INVARIANT
syntax Correct
Validate:
[True]

Verify:
[True]

syntax Correct
Validate:
[True]

Verify:
[True]

已移动文件: 50.c -> finish
-----------------------------------------

文件 50.c 处理完成. 总耗时: 97.81892585754395
-----------------------------------------
finshed_files:['11.c', '132.c', '70.c', '121.c', '94.c', '109.c', '61.c', '120.c', '42.c', '33.c', '17.c', '105.c', '101.c', '38.c', '40.c', '88.c', '4.c', '114.c', '8.c', '84.c', '83.c', '111.c', '47.c', '14.c', '49.c', '131.c', '119.c', '43.c', '50.c']
