file:54.c
Successfully generated loop/54.json
INNER_FLAG: False
Variable Maps: [{'c': '0', 'v3': 'v3@pre', 'v2': 'v2@pre', 'v1': 'v1@pre', 'n': 'n@pre'}]
Path conditions: ['n@pre > 0']
Pre condition: n@pre > 0 && (c == 0) * (v3 == v3@pre) * (v2 == v2@pre) * (v1 == v1@pre) * (n == n@pre)
Loop Condition: unknown()
Updated Loop Conditions: ['unknown()']
Global Unchanged Variables ['v3', 'v2', 'v1', 'n']
Non Inductive Variables ['c']
[{'c': '0', 'v3': 'v3@pre', 'v2': 'v2@pre', 'v1': 'v1@pre', 'n': 'n@pre'}]
['n@pre > 0']

            
    /* >>> LOOP INVARIANT TO FILL <<< 
       >>> PRECONDITION OF THE LOOP : \at(n, Pre) > 0 && (c == 0) * (v3 == \at(v3, Pre)) * (v2 == \at(v2, Pre)) * (v1 == \at(v1, Pre)) * (n == \at(n, Pre)) <<< */
    
            /*@
          loop invariant (\at(n, Pre) > 0) ==> (v3 == \at(v3, Pre));
          loop invariant (\at(n, Pre) > 0) ==> (v2 == \at(v2, Pre));
          loop invariant (\at(n, Pre) > 0) ==> (v1 == \at(v1, Pre));
          loop invariant (\at(n, Pre) > 0) ==> (n == \at(n, Pre));
            */
            while (unknown()) {
        {
          if (unknown()) {
            if ( c > n )
            {
            c  = c + 1;
            }
          } else {
            if (c == n) 
            {
            c  = 1;
            }
          }
    
        }
    
    }
            

            
    /* >>> LOOP INVARIANT TO FILL <<< 
       >>> PRECONDITION OF THE LOOP : \at(n, Pre) > 0 && (c == 0) * (v3 == \at(v3, Pre)) * (v2 == \at(v2, Pre)) * (v1 == \at(v1, Pre)) * (n == \at(n, Pre)) <<< */
    
            /*@
          loop invariant  (\at(n, Pre) > 0) ==> (((c == 0)&&(v3 == \at(v3, Pre))&&(v2 == \at(v2, Pre))&&(v1 == \at(v1, Pre))&&(n == \at(n, Pre))) || (PLACE_HOLDER_c)) ;
          loop invariant (\at(n, Pre) > 0) ==> (v3 == \at(v3, Pre));
          loop invariant (\at(n, Pre) > 0) ==> (v2 == \at(v2, Pre));
          loop invariant (\at(n, Pre) > 0) ==> (v1 == \at(v1, Pre));
          loop invariant (\at(n, Pre) > 0) ==> (n == \at(n, Pre));
            */
            while (unknown()) {
        {
          if (unknown()) {
            if ( c > n )
            {
            c  = c + 1;
            }
          } else {
            if (c == n) 
            {
            c  = 1;
            }
          }
    
        }
    
    }
            
int unknown();
/*@ requires n > 0; */
void foo(int n,int v1,int v2,int v3)  {

    int c = 0;

    
            
    /* >>> LOOP INVARIANT TO FILL <<< 
       >>> PRECONDITION OF THE LOOP : \at(n, Pre) > 0 && (c == 0) * (v3 == \at(v3, Pre)) * (v2 == \at(v2, Pre)) * (v1 == \at(v1, Pre)) * (n == \at(n, Pre)) <<< */
    
            /*@
          loop invariant  (\at(n, Pre) > 0) ==> (((c == 0)&&(v3 == \at(v3, Pre))&&(v2 == \at(v2, Pre))&&(v1 == \at(v1, Pre))&&(n == \at(n, Pre))) || (PLACE_HOLDER_c)) ;
          loop invariant (\at(n, Pre) > 0) ==> (v3 == \at(v3, Pre));
          loop invariant (\at(n, Pre) > 0) ==> (v2 == \at(v2, Pre));
          loop invariant (\at(n, Pre) > 0) ==> (v1 == \at(v1, Pre));
          loop invariant (\at(n, Pre) > 0) ==> (n == \at(n, Pre));
            */
            while (unknown()) {
        {
          if (unknown()) {
            if ( c > n )
            {
            c  = c + 1;
            }
          } else {
            if (c == n) 
            {
            c  = 1;
            }
          }
    
        }
    
    }
            
   
           
         /*@ assert (c != n) ==> (c <= n); */
    

  

}
### Analysis of the Loop

#### a. Purpose and Structure of the Loop
The loop in the `foo` function is designed to manipulate the variable `c` based on the result of the `unknown()` function. The loop continues to execute as long as `unknown()` returns a non-zero value. Inside the loop, there is a conditional statement that either increments `c` if `c > n` or resets `c` to 1 if `c == n`. The loop does not modify the values of `v1`, `v2`, `v3`, or `n`.

#### b. Discussion of the Loop Invariant
The proposed loop invariant ensures that:
1. The variables `v1`, `v2`, `v3`, and `n` remain unchanged throughout the loop execution.
2. The variable `c` is either 0 (if the loop has not started) or it is manipulated according to the loop's logic.

#### c. Establishment
The invariant is established before the loop starts because the pre-condition specifies that `c == 0` and `v1`, `v2`, `v3`, and `n` are equal to their initial values.

#### d. Preservation
The invariant is preserved during each iteration because:
- The loop does not modify `v1`, `v2`, `v3`, or `n`.
- The variable `c` is either incremented or reset based on the conditions inside the loop, but the invariant ensures that `c` remains within the specified bounds.

#### e. Termination Analysis of the Loop
When the loop terminates (i.e., `unknown()` returns 0), the invariant still holds because:
- `v1`, `v2`, `v3`, and `n` remain unchanged.
- The value of `c` is either 0 or it has been manipulated according to the loop's logic, ensuring that it remains within the bounds specified by the invariant.

#### f. Correctness of the Post-condition
The post-condition `(c != n) ==> (c <= n)` is correct because the loop invariant ensures that `c` is either 0 or manipulated in a way that keeps it within the bounds of `n`.

#### g. Implication of the Pre-condition
The pre-condition implies the loop invariant because it specifies that `c == 0` and `v1`, `v2`, `v3`, and `n` are equal to their initial values, which are the same conditions required by the invariant.

### Filled-in C Program with Invariant Annotations

```c
int unknown();
/*@ requires n > 0; */
void foo(int n,int v1,int v2,int v3)  {

    int c = 0;

    
            
    /* >>> LOOP INVARIANT TO FILL <<< 
       >>> PRECONDITION OF THE LOOP : \at(n, Pre) > 0 && (c == 0) * (v3 == \at(v3, Pre)) * (v2 == \at(v2, Pre)) * (v1 == \at(v1, Pre)) * (n == \at(n, Pre)) <<< */
    
            /*@
          loop invariant  (\at(n, Pre) > 0) ==> (((c == 0)&&(v3 == \at(v3, Pre))&&(v2 == \at(v2, Pre))&&(v1 == \at(v1, Pre))&&(n == \at(n, Pre))) || (c >= 0 && c <= n)) ;
          loop invariant (\at(n, Pre) > 0) ==> (v3 == \at(v3, Pre));
          loop invariant (\at(n, Pre) > 0) ==> (v2 == \at(v2, Pre));
          loop invariant (\at(n, Pre) > 0) ==> (v1 == \at(v1, Pre));
          loop invariant (\at(n, Pre) > 0) ==> (n == \at(n, Pre));
            */
            while (unknown()) {
        {
          if (unknown()) {
            if ( c > n )
            {
            c  = c + 1;
            }
          } else {
            if (c == n) 
            {
            c  = 1;
            }
          }
    
        }
    
    }
            
   
           
         /*@ assert (c != n) ==> (c <= n); */
    

  

}
```

### Explanation of the Filled-in Invariant
- **PLACE_HOLDER_c**: `c >= 0 && c <= n` ensures that `c` remains within the bounds of 0 and `n` throughout the loop execution. This is necessary to maintain the invariant and ensure the correctness of the post-condition.

int unknown();
/*@ requires n > 0; */
void foo(int n,int v1,int v2,int v3)  {

    int c = 0;

    
            
            /*@
          loop invariant  (\at(n, Pre) > 0) ==> (((c == 0)&&(v3 == \at(v3, Pre))&&(v2 == \at(v2, Pre))&&(v1 == \at(v1, Pre))&&(n == \at(n, Pre))) || (c >= 0 && c <= n)) ;
          loop invariant (\at(n, Pre) > 0) ==> (v3 == \at(v3, Pre));
          loop invariant (\at(n, Pre) > 0) ==> (v2 == \at(v2, Pre));
          loop invariant (\at(n, Pre) > 0) ==> (v1 == \at(v1, Pre));
          loop invariant (\at(n, Pre) > 0) ==> (n == \at(n, Pre));
            */
            while (unknown()) {
        {
          if (unknown()) {
            if ( c > n )
            {
            c  = c + 1;
            }
          } else {
            if (c == n) 
            {
            c  = 1;
            }
          }
    
        }
    
    }
            
   
           
         /*@ assert (c != n) ==> (c <= n); */
    

  

}


int unknown();
/*@ requires n > 0; */
void foo(int n,int v1,int v2,int v3)  {

    int c = 0;

    
            
            /*@
          loop invariant  (\at(n, Pre) > 0) ==> (((c == 0)&&(v3 == \at(v3, Pre))&&(v2 == \at(v2, Pre))&&(v1 == \at(v1, Pre))&&(n == \at(n, Pre))) || (c >= 0 && c <= n)) ;
          loop invariant (\at(n, Pre) > 0) ==> (v3 == \at(v3, Pre));
          loop invariant (\at(n, Pre) > 0) ==> (v2 == \at(v2, Pre));
          loop invariant (\at(n, Pre) > 0) ==> (v1 == \at(v1, Pre));
          loop invariant (\at(n, Pre) > 0) ==> (n == \at(n, Pre));
            */
            while (unknown()) {
        {
          if (unknown()) {
            if ( c > n )
            {
            c  = c + 1;
            }
          } else {
            if (c == n) 
            {
            c  = 1;
            }
          }
    
        }
    
    }
            
   
           
         /*@ assert (c != n) ==> (c <= n); */
    

  

}

syntax Correct
Validate:
[True, True, True, True, True]

Verify:
[True]

CORRECT INVARIANT
syntax Correct
Validate:
[True, True, True, True, True]

Verify:
[True]

syntax Correct
Validate:
[True, True, True, True, True]

Verify:
[True]

已移动文件: 54.c -> finish
-----------------------------------------

文件 54.c 处理完成. 总耗时: 59.6859815120697
-----------------------------------------
finshed_files:['11.c', '132.c', '70.c', '121.c', '94.c', '109.c', '61.c', '120.c', '42.c', '33.c', '17.c', '105.c', '101.c', '38.c', '40.c', '88.c', '4.c', '114.c', '8.c', '84.c', '83.c', '111.c', '47.c', '14.c', '49.c', '131.c', '119.c', '43.c', '50.c', '56.c', '18.c', '53.c', '35.c', '10.c', '28.c', '26.c', '73.c', '89.c', '126.c', '96.c', '57.c', '37.c', '36.c', '92.c', '68.c', '115.c', '71.c', '91.c', '22.c', '19.c', '124.c', '52.c', '100.c', '95.c', '90.c', '86.c', '128.c', '62.c', '77.c', '79.c', '108.c', '129.c', '34.c', '123.c', '98.c', '41.c', '27.c', '106.c', '58.c', '130.c', '20.c', '85.c', '15.c', '75.c', '104.c', '2.c', '82.c', '32.c', '23.c', '117.c', '125.c', '64.c', '6.c', '1.c', '12.c', '45.c', '113.c', '13.c', '31.c', '54.c']
