file:58.c
Successfully generated loop/58.json
INNER_FLAG: False
Variable Maps: [{'c': '0', 'v3': 'v3@pre', 'v2': 'v2@pre', 'v1': 'v1@pre', 'n': 'n@pre'}]
Path conditions: ['n@pre > 0']
Pre condition: n@pre > 0 && (c == 0) * (v3 == v3@pre) * (v2 == v2@pre) * (v1 == v1@pre) * (n == n@pre)
Loop Condition: unknown()
Updated Loop Conditions: ['unknown()']
Global Unchanged Variables ['v3', 'v2', 'v1', 'n']
Non Inductive Variables ['c']
[{'c': '0', 'v3': 'v3@pre', 'v2': 'v2@pre', 'v1': 'v1@pre', 'n': 'n@pre'}]
['n@pre > 0']

            
    /* >>> LOOP INVARIANT TO FILL <<< 
       >>> PRECONDITION OF THE LOOP : \at(n, Pre) > 0 && (c == 0) * (v3 == \at(v3, Pre)) * (v2 == \at(v2, Pre)) * (v1 == \at(v1, Pre)) * (n == \at(n, Pre)) <<< */
    
            /*@
          loop invariant (\at(n, Pre) > 0) ==> (v3 == \at(v3, Pre));
          loop invariant (\at(n, Pre) > 0) ==> (v2 == \at(v2, Pre));
          loop invariant (\at(n, Pre) > 0) ==> (v1 == \at(v1, Pre));
          loop invariant (\at(n, Pre) > 0) ==> (n == \at(n, Pre));
            */
            while (unknown()) {
        {
          if (unknown()) {
            if ( c > n )
            {
            c  = c + 1;
            }
          } else {
            if (c == n) 
            {
            c  = 1;
            }
          }
    
        }
    
    }
            

            
    /* >>> LOOP INVARIANT TO FILL <<< 
       >>> PRECONDITION OF THE LOOP : \at(n, Pre) > 0 && (c == 0) * (v3 == \at(v3, Pre)) * (v2 == \at(v2, Pre)) * (v1 == \at(v1, Pre)) * (n == \at(n, Pre)) <<< */
    
            /*@
          loop invariant  (\at(n, Pre) > 0) ==> (((c == 0)&&(v3 == \at(v3, Pre))&&(v2 == \at(v2, Pre))&&(v1 == \at(v1, Pre))&&(n == \at(n, Pre))) || (PLACE_HOLDER_c)) ;
          loop invariant (\at(n, Pre) > 0) ==> (v3 == \at(v3, Pre));
          loop invariant (\at(n, Pre) > 0) ==> (v2 == \at(v2, Pre));
          loop invariant (\at(n, Pre) > 0) ==> (v1 == \at(v1, Pre));
          loop invariant (\at(n, Pre) > 0) ==> (n == \at(n, Pre));
            */
            while (unknown()) {
        {
          if (unknown()) {
            if ( c > n )
            {
            c  = c + 1;
            }
          } else {
            if (c == n) 
            {
            c  = 1;
            }
          }
    
        }
    
    }
            
int unknown();

/*@ requires n > 0; */
void foo(int n,int v1,int v2,int v3)  {

    int c = 0;

    
            
    /* >>> LOOP INVARIANT TO FILL <<< 
       >>> PRECONDITION OF THE LOOP : \at(n, Pre) > 0 && (c == 0) * (v3 == \at(v3, Pre)) * (v2 == \at(v2, Pre)) * (v1 == \at(v1, Pre)) * (n == \at(n, Pre)) <<< */
    
            /*@
          loop invariant  (\at(n, Pre) > 0) ==> (((c == 0)&&(v3 == \at(v3, Pre))&&(v2 == \at(v2, Pre))&&(v1 == \at(v1, Pre))&&(n == \at(n, Pre))) || (PLACE_HOLDER_c)) ;
          loop invariant (\at(n, Pre) > 0) ==> (v3 == \at(v3, Pre));
          loop invariant (\at(n, Pre) > 0) ==> (v2 == \at(v2, Pre));
          loop invariant (\at(n, Pre) > 0) ==> (v1 == \at(v1, Pre));
          loop invariant (\at(n, Pre) > 0) ==> (n == \at(n, Pre));
            */
            while (unknown()) {
        {
          if (unknown()) {
            if ( c > n )
            {
            c  = c + 1;
            }
          } else {
            if (c == n) 
            {
            c  = 1;
            }
          }
    
        }
    
    }
            
   
           
    /*@ assert (c != n) ==> (c >= 0); */


}
### Analysis

#### a. Purpose and Structure of the Loop
- **Objective**: The loop seems to be performing some conditional operations on the variable `c` based on the value of `n` and the result of `unknown()`. The exact purpose is not entirely clear, but it appears to be manipulating `c` in a way that depends on whether `c` is greater than or equal to `n`.
- **Structure**: The loop is a `while` loop with the condition `unknown()`, meaning the number of iterations is unpredictable. Inside the loop, there are nested `if` statements that modify `c` based on whether `c > n` or `c == n`.

#### b. Discussion of the Loop Invariant
The proposed loop invariant ensures that certain variables (`v1`, `v2`, `v3`, `n`) remain unchanged throughout the loop iterations. Additionally, it introduces `PLACE_HOLDER_c` to account for the possible changes in `c`.

#### c. Establishment
The invariant is established before the loop starts because the pre-condition ensures that `n > 0`, `c == 0`, and the other variables (`v1`, `v2`, `v3`, `n`) are equal to their initial values (`\at(v1, Pre)`, `\at(v2, Pre)`, `\at(v3, Pre)`, `\at(n, Pre)`).

#### d. Preservation
The invariant is preserved because, within the loop, `c` is modified only under specific conditions (`c > n` or `c == n`), and the other variables (`v1`, `v2`, `v3`, `n`) remain unchanged. The invariant `PLACE_HOLDER_c` ensures that the changes in `c` are accounted for while maintaining the other conditions.

#### e. Termination Analysis of the Loop
When the loop terminates (i.e., `unknown()` returns false), the invariant still holds because `c` has been modified according to the loop's logic, and the other variables remain unchanged. The loop invariant ensures that the post-condition `(c != n) ==> (c >= 0)` is satisfied.

#### f. Correctness of the Post-condition
The post-condition `(c != n) ==> (c >= 0)` is correct because the loop invariant ensures that `c` is always non-negative (since it starts at 0 and is only incremented by 1). The invariant, combined with the negation of the loop condition, ensures that the post-condition holds when the loop terminates.

#### g. Implication of the Pre-condition
The pre-condition directly implies the loop invariant because it establishes that `n > 0`, `c == 0`, and the other variables are equal to their initial values. This ensures that the invariant is true before the loop starts.

### Filled-in C Program

```c
int unknown();

/*@ requires n > 0; */
void foo(int n,int v1,int v2,int v3)  {

    int c = 0;

    
            
    /* >>> LOOP INVARIANT TO FILL <<< 
       >>> PRECONDITION OF THE LOOP : \at(n, Pre) > 0 && (c == 0) * (v3 == \at(v3, Pre)) * (v2 == \at(v2, Pre)) * (v1 == \at(v1, Pre)) * (n == \at(n, Pre)) <<< */
    
            /*@
          loop invariant  (\at(n, Pre) > 0) ==> (((c == 0)&&(v3 == \at(v3, Pre))&&(v2 == \at(v2, Pre))&&(v1 == \at(v1, Pre))&&(n == \at(n, Pre))) || (c >= 0 && c <= n + 1)) ;
          loop invariant (\at(n, Pre) > 0) ==> (v3 == \at(v3, Pre));
          loop invariant (\at(n, Pre) > 0) ==> (v2 == \at(v2, Pre));
          loop invariant (\at(n, Pre) > 0) ==> (v1 == \at(v1, Pre));
          loop invariant (\at(n, Pre) > 0) ==> (n == \at(n, Pre));
            */
            while (unknown()) {
        {
          if (unknown()) {
            if ( c > n )
            {
            c  = c + 1;
            }
          } else {
            if (c == n) 
            {
            c  = 1;
            }
          }
    
        }
    
    }
            
   
           
    /*@ assert (c != n) ==> (c >= 0); */


}
```

### Explanation of Filled-in Placeholders
- **PLACE_HOLDER_c**: `c >= 0 && c <= n + 1`
  - This ensures that `c` remains non-negative and does not exceed `n + 1`, which is necessary to maintain the invariant and ensure the post-condition holds.

int unknown();

/*@ requires n > 0; */
void foo(int n,int v1,int v2,int v3)  {

    int c = 0;

    
            
            /*@
          loop invariant  (\at(n, Pre) > 0) ==> (((c == 0)&&(v3 == \at(v3, Pre))&&(v2 == \at(v2, Pre))&&(v1 == \at(v1, Pre))&&(n == \at(n, Pre))) || (c >= 0 && c <= n + 1)) ;
          loop invariant (\at(n, Pre) > 0) ==> (v3 == \at(v3, Pre));
          loop invariant (\at(n, Pre) > 0) ==> (v2 == \at(v2, Pre));
          loop invariant (\at(n, Pre) > 0) ==> (v1 == \at(v1, Pre));
          loop invariant (\at(n, Pre) > 0) ==> (n == \at(n, Pre));
            */
            while (unknown()) {
        {
          if (unknown()) {
            if ( c > n )
            {
            c  = c + 1;
            }
          } else {
            if (c == n) 
            {
            c  = 1;
            }
          }
    
        }
    
    }
            
   
           
    /*@ assert (c != n) ==> (c >= 0); */


}


int unknown();

/*@ requires n > 0; */
void foo(int n,int v1,int v2,int v3)  {

    int c = 0;

    
            
            /*@
          loop invariant  (\at(n, Pre) > 0) ==> (((c == 0)&&(v3 == \at(v3, Pre))&&(v2 == \at(v2, Pre))&&(v1 == \at(v1, Pre))&&(n == \at(n, Pre))) || (c >= 0 && c <= n + 1)) ;
          loop invariant (\at(n, Pre) > 0) ==> (v3 == \at(v3, Pre));
          loop invariant (\at(n, Pre) > 0) ==> (v2 == \at(v2, Pre));
          loop invariant (\at(n, Pre) > 0) ==> (v1 == \at(v1, Pre));
          loop invariant (\at(n, Pre) > 0) ==> (n == \at(n, Pre));
            */
            while (unknown()) {
        {
          if (unknown()) {
            if ( c > n )
            {
            c  = c + 1;
            }
          } else {
            if (c == n) 
            {
            c  = 1;
            }
          }
    
        }
    
    }
            
   
           
    /*@ assert (c != n) ==> (c >= 0); */


}

syntax Correct
Validate:
[False, True, True, True, True]

Goal Preservation of Invariant (file output/58.c, line 12):
Let x = 1 + n.
Assume {
  Type: is_sint32(c) /\ is_sint32(c_1) /\ is_sint32(c_2) /\ is_sint32(c_3) /\
      is_sint32(c_4) /\ is_sint32(n) /\ is_sint32(tmp_0) /\
      is_sint32(tmp_0_0).
  (* Goal *)
  When: 0 < n.
  (* Invariant *)
  Have: (c_4 = 0) \/ ((0 <= c_4) /\ (c_4 <= x)).
  (* Then *)
  Have: tmp_0_0 != 0.
  If tmp_0 != 0
  Then {
    Have: c_4 = c_2.
    If n < c_2
    Then { Have: c_2 = c_1. Have: (1 + c_1) = c. }
    Else { Have: c_2 = c. }
  }
  Else {
    Have: c_4 = c_3.
    If n = c_3
    Then { Have: c = 1. }
    Else { Have: c_3 = c. }
  }
}
Prove: (c = 0) \/ ((0 <= c) /\ (c <= x)).
Prover Z3 4.8.12 returns Timeout (Qed:41ms) (3s)
Error found in file: output/58.c at line: 12
Error line content: loop invariant  (\at(n, Pre) > 0) ==> (((c == 0)&&(v3 == \at(v3, Pre))&&(v2 == \at(v2, Pre))&&(v1 == \at(v1, Pre))&&(n == \at(n, Pre))) || (c >= 0 && c <= n + 1)) ;

Verify:
[True]


int unknown();

/*@ requires n > 0; */
void foo(int n,int v1,int v2,int v3)  {

    int c = 0;

    
            
            /*@
          loop invariant  (\at(n, Pre) > 0) ==> (((c == 0)&&(v3 == \at(v3, Pre))&&(v2 == \at(v2, Pre))&&(v1 == \at(v1, Pre))&&(n == \at(n, Pre))) || (c >= 0 && c <= n + 1))  [INVARIANT FAILED] ;
          loop invariant (\at(n, Pre) > 0) ==> (v3 == \at(v3, Pre));
          loop invariant (\at(n, Pre) > 0) ==> (v2 == \at(v2, Pre));
          loop invariant (\at(n, Pre) > 0) ==> (v1 == \at(v1, Pre));
          loop invariant (\at(n, Pre) > 0) ==> (n == \at(n, Pre));
            */
            while (unknown()) {
        {
          if (unknown()) {
            if ( c > n )
            {
            c  = c + 1;
            }
          } else {
            if (c == n) 
            {
            c  = 1;
            }
          }
    
        }
    
    }
            
   
           
    /*@ assert (c != n) ==> (c >= 0); */


}

### Error Analysis

The error message indicates a "Goal Preservation of Invariant" failure, meaning Frama-C cannot prove that the loop invariant remains valid after each iteration. Specifically, the invariant `(\at(n, Pre) > 0) ==> (((c == 0)&&(v3 == \at(v3, Pre))&&(v2 == \at(v2, Pre))&&(v1 == \at(v1, Pre))&&(n == \at(n, Pre))) || (c >= 0 && c <= n + 1))` is not preserved by the loop body's operations.

The issue arises because the invariant is too strict. The invariant assumes that `c` is either `0` or within the range `[0, n + 1]`. However, the loop body modifies `c` in ways that can violate this invariant. For example, if `c > n`, it increments `c`, potentially making `c > n + 1`. Similarly, if `c == n`, it sets `c` to `1`, which could also violate the invariant if `n < 1`.

To fix this, we need to weaken the invariant by allowing `c` to take on a broader range of values that encompass all possible modifications within the loop body. Instead of constraining `c` to `[0, n + 1]`, we can allow `c` to be any non-negative integer, i.e., `c >= 0`. This ensures the invariant is preserved regardless of how `c` is modified within the loop.

### Fixed C Code

```c
int unknown();

/*@ requires n > 0; */
void foo(int n,int v1,int v2,int v3)  {

    int c = 0;

    
            
            /*@
          loop invariant  (\at(n, Pre) > 0) ==> (((c == 0)&&(v3 == \at(v3, Pre))&&(v2 == \at(v2, Pre))&&(v1 == \at(v1, Pre))&&(n == \at(n, Pre))) || (c >= 0)) ;
          loop invariant (\at(n, Pre) > 0) ==> (v3 == \at(v3, Pre));
          loop invariant (\at(n, Pre) > 0) ==> (v2 == \at(v2, Pre));
          loop invariant (\at(n, Pre) > 0) ==> (v1 == \at(v1, Pre));
          loop invariant (\at(n, Pre) > 0) ==> (n == \at(n, Pre));
            */
            while (unknown()) {
        {
          if (unknown()) {
            if ( c > n )
            {
            c  = c + 1;
            }
          } else {
            if (c == n) 
            {
            c  = 1;
            }
          }
    
        }
    
    }
            
   
           
    /*@ assert (c != n) ==> (c >= 0); */


}
```

### Explanation

1. **Weakening the Invariant**: The invariant `(\at(n, Pre) > 0) ==> (((c == 0)&&(v3 == \at(v3, Pre))&&(v2 == \at(v2, Pre))&&(v1 == \at(v1, Pre))&&(n == \at(n, Pre))) || (c >= 0))` is now weaker, allowing `c` to be any non-negative integer. This ensures that the invariant is preserved regardless of how `c` is modified within the loop body.

2. **Preservation**: The modified invariant is preserved because the loop body only modifies `c` in ways that keep it non-negative (either by incrementing it or setting it to `1`). Thus, the invariant remains true after each iteration.

3. **Establishment**: The invariant is established before the loop starts because `c` is initialized to `0`, which satisfies `c >= 0`.

4. **Termination**: When the loop terminates, the invariant still holds because `c` remains non-negative.

5. **Post-condition**: The post-condition `(c != n) ==> (c >= 0)` is correct because the invariant ensures `c >= 0` throughout the loop, including at termination.

This modification ensures that the loop invariant is both established and preserved, allowing Frama-C to verify the program properties correctly.
after weaken

int unknown();

/*@ requires n > 0; */
void foo(int n,int v1,int v2,int v3)  {

    int c = 0;

    
            
            /*@
          loop invariant  (\at(n, Pre) > 0) ==> (((c == 0)&&(v3 == \at(v3, Pre))&&(v2 == \at(v2, Pre))&&(v1 == \at(v1, Pre))&&(n == \at(n, Pre))) || (c >= 0)) ;
          loop invariant (\at(n, Pre) > 0) ==> (v3 == \at(v3, Pre));
          loop invariant (\at(n, Pre) > 0) ==> (v2 == \at(v2, Pre));
          loop invariant (\at(n, Pre) > 0) ==> (v1 == \at(v1, Pre));
          loop invariant (\at(n, Pre) > 0) ==> (n == \at(n, Pre));
            */
            while (unknown()) {
        {
          if (unknown()) {
            if ( c > n )
            {
            c  = c + 1;
            }
          } else {
            if (c == n) 
            {
            c  = 1;
            }
          }
    
        }
    
    }
            
   
           
    /*@ assert (c != n) ==> (c >= 0); */


}

syntax Correct
Validate:
[True, True, True, True, True]

Verify:
[True]

CORRECT INVARIANT
syntax Correct
Validate:
[True, True, True, True, True]

Verify:
[True]

syntax Correct
Validate:
[True, True, True, True, True]

Verify:
[True]

已移动文件: 58.c -> finish
-----------------------------------------

文件 58.c 处理完成. 总耗时: 92.12339210510254
-----------------------------------------
finshed_files:['11.c', '132.c', '70.c', '121.c', '94.c', '109.c', '61.c', '120.c', '42.c', '33.c', '17.c', '105.c', '101.c', '38.c', '40.c', '88.c', '4.c', '114.c', '8.c', '84.c', '83.c', '111.c', '47.c', '14.c', '49.c', '131.c', '119.c', '43.c', '50.c', '56.c', '18.c', '53.c', '35.c', '10.c', '28.c', '26.c', '73.c', '89.c', '126.c', '96.c', '57.c', '37.c', '36.c', '92.c', '68.c', '115.c', '71.c', '91.c', '22.c', '19.c', '124.c', '52.c', '100.c', '95.c', '90.c', '86.c', '128.c', '62.c', '77.c', '79.c', '108.c', '129.c', '34.c', '123.c', '98.c', '41.c', '27.c', '106.c', '58.c']
