file:64.c
Successfully generated loop/64.json
INNER_FLAG: False
Variable Maps: [{'x': '1', 'y': 'y@pre'}]
Path conditions: [None]
Pre condition: (x == 1) * (y == y@pre)
Loop Condition: x <= 10
Updated Loop Conditions: ['1 <= 10']
Global Unchanged Variables []
Non Inductive Variables ['y']
[{'x': '1', 'y': 'y@pre'}]
[None]

            
    /* >>> LOOP INVARIANT TO FILL <<< 
       >>> PRECONDITION OF THE LOOP : (x == 1) * (y == \at(y, Pre)) <<< */
    
            /*@
            */
            while (x <= 10) {
        y = 10 - x;
        x = x +1;
    }
            

            
    /* >>> LOOP INVARIANT TO FILL <<< 
       >>> PRECONDITION OF THE LOOP : (x == 1) * (y == \at(y, Pre)) <<< */
    
            /*@
          loop invariant  ((x == 1)&&(y == \at(y, Pre))) || (PLACE_HOLDER_y) ;
          loop invariant  ((x == 1)&&(y == \at(y, Pre))) || (PLACE_HOLDER_x) ;
            */
            while (x <= 10) {
        y = 10 - x;
        x = x +1;
    }
            
void foo(int y) {
    int x = 1;
    
    
    
            
    /* >>> LOOP INVARIANT TO FILL <<< 
       >>> PRECONDITION OF THE LOOP : (x == 1) * (y == \at(y, Pre)) <<< */
    
            /*@
          loop invariant  ((x == 1)&&(y == \at(y, Pre))) || (PLACE_HOLDER_y) ;
          loop invariant  ((x == 1)&&(y == \at(y, Pre))) || (PLACE_HOLDER_x) ;
            */
            while (x <= 10) {
        y = 10 - x;
        x = x +1;
    }
            

    /*@ assert (y < 10); */

}
Let me analyze this loop and fill in the loop invariants step by step.

Analysis:

a. Purpose and Structure of the Loop:
- Objective: The loop decrements y based on x's value (y = 10 - x) while incrementing x from 1 to 10.
- Structure: 
  - Loop condition: x <= 10
  - Variables: x (starts at 1, increments by 1 each iteration), y (set to 10 - x each iteration)
  - Operations: Updates y based on current x, then increments x

b. Discussion of the Loop Invariant:
The invariant needs to track:
1. Relationship between x and y (y == 10 - (x - 1))
2. Bounds of x (1 <= x <= 11)
3. y's value is always 10 - (x - 1) during the loop

c. Establishment:
Before the loop starts (x=1, y=original y), the first part of the OR holds (x==1 && y==\at(y,Pre))

d. Preservation:
Once x increments, the second part of the OR holds, maintaining y == 10 - (x-1)

e. Termination Analysis:
When x=11 (first time x>10), y=10-(11-1)=0, satisfying y<10

f. Correctness of Post-condition:
At termination, x=11 ⇒ y=0 < 10

g. Implication of Pre-condition:
Pre-condition (x=1) establishes the first OR case before loop starts

Filled-in program:

```c
void foo(int y) {
    int x = 1;
    
    
    
            
    /* >>> LOOP INVARIANT TO FILL <<< 
       >>> PRECONDITION OF THE LOOP : (x == 1) * (y == \at(y, Pre)) <<< */
    
            /*@
          loop invariant  ((x == 1)&&(y == \at(y, Pre))) || (y == 10 - (x - 1)) ;
          loop invariant  ((x == 1)&&(y == \at(y, Pre))) || (1 <= x <= 11) ;
            */
            while (x <= 10) {
        y = 10 - x;
        x = x +1;
    }
            

    /*@ assert (y < 10); */

}
```

The filled placeholders are:
- PLACE_HOLDER_y: `y == 10 - (x - 1)`
- PLACE_HOLDER_x: `1 <= x <= 11`

These invariants:
1. Track the relationship between x and y
2. Bound x's range
3. Are strong enough to prove the post-condition
4. Satisfy all establishment, preservation, and termination conditions

void foo(int y) {
    int x = 1;
    
    
    
            
            /*@
          loop invariant  ((x == 1)&&(y == \at(y, Pre))) || (y == 10 - (x - 1)) ;
          loop invariant  ((x == 1)&&(y == \at(y, Pre))) || (1 <= x <= 11) ;
            */
            while (x <= 10) {
        y = 10 - x;
        x = x +1;
    }
            

    /*@ assert (y < 10); */

}


void foo(int y) {
    int x = 1;
    
    
    
            
            /*@
          loop invariant  ((x == 1)&&(y == \at(y, Pre))) || (y == 10 - (x - 1)) ;
          loop invariant  ((x == 1)&&(y == \at(y, Pre))) || (1 <= x <= 11) ;
            */
            while (x <= 10) {
        y = 10 - x;
        x = x +1;
    }
            

    /*@ assert (y < 10); */

}

syntax Correct
Validate:
[True, True]

Verify:
[True]

CORRECT INVARIANT
syntax Correct
Validate:
[True, True]

Verify:
[True]

syntax Correct
Validate:
[True, True]

Verify:
[True]

已移动文件: 64.c -> finish
-----------------------------------------

文件 64.c 处理完成. 总耗时: 75.27240920066833
-----------------------------------------
finshed_files:['11.c', '132.c', '70.c', '121.c', '94.c', '109.c', '61.c', '120.c', '42.c', '33.c', '17.c', '105.c', '101.c', '38.c', '40.c', '88.c', '4.c', '114.c', '8.c', '84.c', '83.c', '111.c', '47.c', '14.c', '49.c', '131.c', '119.c', '43.c', '50.c', '56.c', '18.c', '53.c', '35.c', '10.c', '28.c', '26.c', '73.c', '89.c', '126.c', '96.c', '57.c', '37.c', '36.c', '92.c', '68.c', '115.c', '71.c', '91.c', '22.c', '19.c', '124.c', '52.c', '100.c', '95.c', '90.c', '86.c', '128.c', '62.c', '77.c', '79.c', '108.c', '129.c', '34.c', '123.c', '98.c', '41.c', '27.c', '106.c', '58.c', '130.c', '20.c', '85.c', '15.c', '75.c', '104.c', '2.c', '82.c', '32.c', '23.c', '117.c', '125.c', '64.c']
