file:78.c
Successfully generated loop/78.json
INNER_FLAG: False
Variable Maps: [{'i': '0', 'y': 'y@pre', 'x': 'x@pre'}]
Path conditions: ['x@pre >= y@pre && y@pre >= 0']
Pre condition: x@pre >= y@pre && y@pre >= 0 && (i == 0) * (y == y@pre) * (x == x@pre)
Loop Condition: unknown()
Updated Loop Conditions: ['unknown()']
Global Unchanged Variables ['y', 'x']
Non Inductive Variables []
[{'i': '0', 'y': 'y@pre', 'x': 'x@pre'}]
['x@pre >= y@pre && y@pre >= 0']

            
    /* >>> LOOP INVARIANT TO FILL <<< 
       >>> PRECONDITION OF THE LOOP : \at(x, Pre) >= \at(y, Pre) && \at(y, Pre) >= 0 && (i == 0) * (y == \at(y, Pre)) * (x == \at(x, Pre)) <<< */
    
            /*@
          loop invariant (\at(x, Pre) >= \at(y, Pre) && \at(y, Pre) >= 0) ==> (y == \at(y, Pre));
          loop invariant (\at(x, Pre) >= \at(y, Pre) && \at(y, Pre) >= 0) ==> (x == \at(x, Pre));
            */
            while (unknown()) {
      if ( i < y )
      {
      i  = (i + 1);
      }
  
    }
            

            
    /* >>> LOOP INVARIANT TO FILL <<< 
       >>> PRECONDITION OF THE LOOP : \at(x, Pre) >= \at(y, Pre) && \at(y, Pre) >= 0 && (i == 0) * (y == \at(y, Pre)) * (x == \at(x, Pre)) <<< */
    
            /*@
          loop invariant  (\at(x, Pre) >= \at(y, Pre) && \at(y, Pre) >= 0) ==> (((i == 0)&&(y == \at(y, Pre))&&(x == \at(x, Pre))) || (PLACE_HOLDER_i)) ;
          loop invariant (\at(x, Pre) >= \at(y, Pre) && \at(y, Pre) >= 0) ==> (y == \at(y, Pre));
          loop invariant (\at(x, Pre) >= \at(y, Pre) && \at(y, Pre) >= 0) ==> (x == \at(x, Pre));
            */
            while (unknown()) {
      if ( i < y )
      {
      i  = (i + 1);
      }
  
    }
            

int unknown();
/*@ requires x >= y  && y >= 0; */
void foo(int x, int y) {

    int i = 0;
    
    
    
            
    /* >>> LOOP INVARIANT TO FILL <<< 
       >>> PRECONDITION OF THE LOOP : \at(x, Pre) >= \at(y, Pre) && \at(y, Pre) >= 0 && (i == 0) * (y == \at(y, Pre)) * (x == \at(x, Pre)) <<< */
    
            /*@
          loop invariant  (\at(x, Pre) >= \at(y, Pre) && \at(y, Pre) >= 0) ==> (((i == 0)&&(y == \at(y, Pre))&&(x == \at(x, Pre))) || (PLACE_HOLDER_i)) ;
          loop invariant (\at(x, Pre) >= \at(y, Pre) && \at(y, Pre) >= 0) ==> (y == \at(y, Pre));
          loop invariant (\at(x, Pre) >= \at(y, Pre) && \at(y, Pre) >= 0) ==> (x == \at(x, Pre));
            */
            while (unknown()) {
      if ( i < y )
      {
      i  = (i + 1);
      }
  
    }
            
    
  /*@ assert (i < y) ==> (i >= 0); */
    
}
### Analysis of the C Loop

#### a. Purpose and Structure of the Loop
The loop in the function `foo` is designed to increment the variable `i` until it reaches or exceeds the value of `y`. The loop condition `unknown()` suggests that the number of iterations is non-deterministic, meaning the loop could run any number of times, including zero. The loop body contains a single operation: if `i < y`, then `i` is incremented by 1.

Key variables:
- `i`: The counter variable that is incremented in each iteration.
- `x` and `y`: Variables that are used in the pre-condition and loop invariants but are not modified within the loop.

#### b. Discussion of the Loop Invariant
The loop invariant must hold true at the start and end of each iteration. The proposed invariant is:
```c
loop invariant (\at(x, Pre) >= \at(y, Pre) && \at(y, Pre) >= 0) ==> (((i == 0)&&(y == \at(y, Pre))&&(x == \at(x, Pre))) || (PLACE_HOLDER_i)) ;
loop invariant (\at(x, Pre) >= \at(y, Pre) && \at(y, Pre) >= 0) ==> (y == \at(y, Pre));
loop invariant (\at(x, Pre) >= \at(y, Pre) && \at(y, Pre) >= 0) ==> (x == \at(x, Pre));
```

The first invariant ensures that either `i` is 0 and `x` and `y` are equal to their initial values, or `i` has been incremented according to the loop's logic. The second and third invariants ensure that `y` and `x` remain unchanged throughout the loop.

#### c. Establishment
Before the loop starts, `i` is initialized to 0, and the pre-condition ensures that `x >= y` and `y >= 0`. Therefore, the invariants are trivially satisfied because `i == 0`, `y == \at(y, Pre)`, and `x == \at(x, Pre)`.

#### d. Preservation
At the start of each iteration, if the invariants hold and the loop condition `unknown()` is true, the loop body increments `i` only if `i < y`. This ensures that `i` remains bounded by `y`, and `y` and `x` remain unchanged. Thus, the invariants are preserved.

#### e. Termination Analysis of the Loop
When the loop terminates, the loop condition `unknown()` becomes false. At this point, `i` could be any value, but the invariants still hold because `y` and `x` remain unchanged, and `i` has been incremented according to the loop's logic.

#### f. Correctness of the Post-condition
The post-condition `(i < y) ==> (i >= 0)` is correct because the loop invariant ensures that `i` is always non-negative and bounded by `y`. If the loop terminates with `i < y`, the post-condition is satisfied.

#### g. Implication of the Pre-condition
The pre-condition `\at(x, Pre) >= \at(y, Pre) && \at(y, Pre) >= 0 && (i == 0) * (y == \at(y, Pre)) * (x == \at(x, Pre))` implies the loop invariants because it establishes that `i` is 0, and `x` and `y` are equal to their initial values. This guarantees that the invariants hold before the loop begins.

### Filled-in C Loop Program

```c
int unknown();
/*@ requires x >= y  && y >= 0; */
void foo(int x, int y) {

    int i = 0;
    
    /*@
      loop invariant (\at(x, Pre) >= \at(y, Pre) && \at(y, Pre) >= 0) ==> (((i == 0)&&(y == \at(y, Pre))&&(x == \at(x, Pre))) || (i > 0 && i <= y)) ;
      loop invariant (\at(x, Pre) >= \at(y, Pre) && \at(y, Pre) >= 0) ==> (y == \at(y, Pre));
      loop invariant (\at(x, Pre) >= \at(y, Pre) && \at(y, Pre) >= 0) ==> (x == \at(x, Pre));
    */
    while (unknown()) {
      if ( i < y )
      {
        i = (i + 1);
      }
    }
    
    /*@ assert (i < y) ==> (i >= 0); */
}
```

### Explanation of the Filled-in Placeholders
- `PLACE_HOLDER_i` is replaced with `i > 0 && i <= y` to ensure that `i` is bounded by `y` and remains non-negative throughout the loop. This ensures that the invariant holds at the start and end of each iteration.

int unknown();
/*@ requires x >= y  && y >= 0; */
void foo(int x, int y) {

    int i = 0;
    
    /*@
      loop invariant (\at(x, Pre) >= \at(y, Pre) && \at(y, Pre) >= 0) ==> (((i == 0)&&(y == \at(y, Pre))&&(x == \at(x, Pre))) || (i > 0 && i <= y)) ;
      loop invariant (\at(x, Pre) >= \at(y, Pre) && \at(y, Pre) >= 0) ==> (y == \at(y, Pre));
      loop invariant (\at(x, Pre) >= \at(y, Pre) && \at(y, Pre) >= 0) ==> (x == \at(x, Pre));
    */
    while (unknown()) {
      if ( i < y )
      {
        i = (i + 1);
      }
    }
    
    /*@ assert (i < y) ==> (i >= 0); */
}


int unknown();
/*@ requires x >= y  && y >= 0; */
void foo(int x, int y) {

    int i = 0;
    
    /*@
      loop invariant (\at(x, Pre) >= \at(y, Pre) && \at(y, Pre) >= 0) ==> (((i == 0)&&(y == \at(y, Pre))&&(x == \at(x, Pre))) || (i > 0 && i <= y)) ;
      loop invariant (\at(x, Pre) >= \at(y, Pre) && \at(y, Pre) >= 0) ==> (y == \at(y, Pre));
      loop invariant (\at(x, Pre) >= \at(y, Pre) && \at(y, Pre) >= 0) ==> (x == \at(x, Pre));
    */
    while (unknown()) {
      if ( i < y )
      {
        i = (i + 1);
      }
    }
    
    /*@ assert (i < y) ==> (i >= 0); */
}

syntax Correct
Validate:
[True, True, True]

Verify:
[True]

CORRECT INVARIANT
syntax Correct
Validate:
[True, True, True]

Verify:
[True]

syntax Correct
Validate:
[True, True, True]

Verify:
[True]

已移动文件: 78.c -> finish
-----------------------------------------

文件 78.c 处理完成. 总耗时: 61.15027475357056
-----------------------------------------
finshed_files:['29.c', '87.c', '9.c', '107.c', '65.c', '59.c', '46.c', '60.c', '78.c']
