file:92.c
Successfully generated loop/92.json
INNER_FLAG: False
Variable Maps: [{'y': '0', 'x': '0', 'z3': 'z3@pre', 'z2': 'z2@pre', 'z1': 'z1@pre'}]
Path conditions: [None]
Pre condition: (y == 0) * (x == 0) * (z3 == z3@pre) * (z2 == z2@pre) * (z1 == z1@pre)
Loop Condition: y >= 0
Updated Loop Conditions: ['0 >= 0']
Global Unchanged Variables ['x', 'z3', 'z2', 'z1']
Non Inductive Variables []
[{'y': '0', 'x': '0', 'z3': 'z3@pre', 'z2': 'z2@pre', 'z1': 'z1@pre'}]
[None]

            
    /* >>> LOOP INVARIANT TO FILL <<< 
       >>> PRECONDITION OF THE LOOP : (y == 0) * (x == 0) * (z3 == \at(z3, Pre)) * (z2 == \at(z2, Pre)) * (z1 == \at(z1, Pre)) <<< */
    
            /*@
          loop invariant x == 0;
          loop invariant z3 == \at(z3, Pre);
          loop invariant z2 == \at(z2, Pre);
          loop invariant z1 == \at(z1, Pre);
            */
            while(y >= 0) {
        y = y + x;
    }
            

            
    /* >>> LOOP INVARIANT TO FILL <<< 
       >>> PRECONDITION OF THE LOOP : (y == 0) * (x == 0) * (z3 == \at(z3, Pre)) * (z2 == \at(z2, Pre)) * (z1 == \at(z1, Pre)) <<< */
    
            /*@
          loop invariant  ((y == 0)&&(x == 0)&&(z3 == \at(z3, Pre))&&(z2 == \at(z2, Pre))&&(z1 == \at(z1, Pre))) || (PLACE_HOLDER_y) ;
          loop invariant x == 0;
          loop invariant z3 == \at(z3, Pre);
          loop invariant z2 == \at(z2, Pre);
          loop invariant z1 == \at(z1, Pre);
            */
            while(y >= 0) {
        y = y + x;
    }
            
void foo(int z1,int z2,int z3) {

    int x = 0;
    int y = 0;

    
    
            
    /* >>> LOOP INVARIANT TO FILL <<< 
       >>> PRECONDITION OF THE LOOP : (y == 0) * (x == 0) * (z3 == \at(z3, Pre)) * (z2 == \at(z2, Pre)) * (z1 == \at(z1, Pre)) <<< */
    
            /*@
          loop invariant  ((y == 0)&&(x == 0)&&(z3 == \at(z3, Pre))&&(z2 == \at(z2, Pre))&&(z1 == \at(z1, Pre))) || (PLACE_HOLDER_y) ;
          loop invariant x == 0;
          loop invariant z3 == \at(z3, Pre);
          loop invariant z2 == \at(z2, Pre);
          loop invariant z1 == \at(z1, Pre);
            */
            while(y >= 0) {
        y = y + x;
    }
            
    /*@ assert y >= 0;*/

}
### Analysis

#### a. Purpose and Structure of the Loop
- **Objective**: The loop appears to be a simple loop where `y` is updated by adding `x` to it in each iteration. The loop condition is `y >= 0`, so the loop continues as long as `y` remains non-negative.
- **Structure**: 
  - **Loop Condition**: `y >= 0`
  - **Loop Body**: `y = y + x;`
  - **Relevant Variables**: `x`, `y`, `z1`, `z2`, `z3`
  - **Initial State**: `x = 0`, `y = 0`, and `z1`, `z2`, `z3` are unchanged from their initial values (as per the pre-condition).

#### b. Discussion of the Loop Invariant
The proposed loop invariant is:
```c
loop invariant ((y == 0)&&(x == 0)&&(z3 == \at(z3, Pre))&&(z2 == \at(z2, Pre))&&(z1 == \at(z1, Pre))) || (PLACE_HOLDER_y);
loop invariant x == 0;
loop invariant z3 == \at(z3, Pre);
loop invariant z2 == \at(z2, Pre);
loop invariant z1 == \at(z1, Pre);
```
The invariant is split into two parts:
1. The first part (`(y == 0)&&(x == 0)&&...`) captures the initial state where `y` and `x` are `0` and `z1`, `z2`, `z3` are unchanged.
2. The second part (`PLACE_HOLDER_y`) should capture the state after the loop has started executing. Given that `x` is always `0` (as per the second invariant), `y` remains `0` in every iteration because `y = y + x` simplifies to `y = y + 0`.

Thus, the correct `PLACE_HOLDER_y` is `y == 0`, because `y` never changes from `0`.

#### c. Establishment
Before the loop starts:
- `y == 0` and `x == 0` (from the pre-condition).
- `z1`, `z2`, `z3` are unchanged (from the pre-condition).
Thus, the first part of the invariant (`(y == 0)&&(x == 0)&&...`) is true before the loop starts. The other invariants (`x == 0`, `z3 == \at(z3, Pre)`, etc.) are also true initially.

#### d. Preservation
At the start of an iteration:
- If the first part of the invariant is true (`(y == 0)&&(x == 0)&&...`), then after `y = y + x` (where `x == 0`), `y` remains `0`. Thus, the first part remains true.
- If the second part is true (`y == 0`), then after `y = y + x` (where `x == 0`), `y` remains `0`. Thus, the second part remains true.
The other invariants (`x == 0`, `z3 == \at(z3, Pre)`, etc.) are not modified in the loop, so they remain true.

#### e. Termination Analysis
The loop terminates when `y < 0`. However, since `y` is always `0` (due to the invariant), the loop condition `y >= 0` is always true, and the loop never terminates unless `y` is modified elsewhere (which it isn't). This suggests a bug or an infinite loop, but the post-condition `y >= 0` is trivially satisfied because `y` is always `0`.

#### f. Correctness of the Post-condition
The post-condition is `y >= 0`. Since the loop invariant ensures `y == 0` (either through the first or second part of the invariant), the post-condition holds trivially.

#### g. Implication of the Pre-condition
The pre-condition states `y == 0` and `x == 0`, which directly implies the first part of the loop invariant (`(y == 0)&&(x == 0)&&...`). The other invariants (`x == 0`, `z3 == \at(z3, Pre)`, etc.) are also directly implied by the pre-condition.

### Filled-in Loop Program
```c
void foo(int z1,int z2,int z3) {

    int x = 0;
    int y = 0;

    
    
            
    /* >>> LOOP INVARIANT TO FILL <<< 
       >>> PRECONDITION OF THE LOOP : (y == 0) * (x == 0) * (z3 == \at(z3, Pre)) * (z2 == \at(z2, Pre)) * (z1 == \at(z1, Pre)) <<< */
    
            /*@
          loop invariant  ((y == 0)&&(x == 0)&&(z3 == \at(z3, Pre))&&(z2 == \at(z2, Pre))&&(z1 == \at(z1, Pre))) || (y == 0) ;
          loop invariant x == 0;
          loop invariant z3 == \at(z3, Pre);
          loop invariant z2 == \at(z2, Pre);
          loop invariant z1 == \at(z1, Pre);
            */
            while(y >= 0) {
        y = y + x;
    }
            
    /*@ assert y >= 0;*/

}
```

void foo(int z1,int z2,int z3) {

    int x = 0;
    int y = 0;

    
    
            
            /*@
          loop invariant  ((y == 0)&&(x == 0)&&(z3 == \at(z3, Pre))&&(z2 == \at(z2, Pre))&&(z1 == \at(z1, Pre))) || (y == 0) ;
          loop invariant x == 0;
          loop invariant z3 == \at(z3, Pre);
          loop invariant z2 == \at(z2, Pre);
          loop invariant z1 == \at(z1, Pre);
            */
            while(y >= 0) {
        y = y + x;
    }
            
    /*@ assert y >= 0;*/

}


void foo(int z1,int z2,int z3) {

    int x = 0;
    int y = 0;

    
    
            
            /*@
          loop invariant  ((y == 0)&&(x == 0)&&(z3 == \at(z3, Pre))&&(z2 == \at(z2, Pre))&&(z1 == \at(z1, Pre))) || (y == 0) ;
          loop invariant x == 0;
          loop invariant z3 == \at(z3, Pre);
          loop invariant z2 == \at(z2, Pre);
          loop invariant z1 == \at(z1, Pre);
            */
            while(y >= 0) {
        y = y + x;
    }
            
    /*@ assert y >= 0;*/

}

syntax Correct
Validate:
[True, True, True, True, True]

Verify:
[True]

CORRECT INVARIANT
syntax Correct
Validate:
[True, True, True, True, True]

Verify:
[True]

syntax Correct
Validate:
[True, True, True, True, True]

Verify:
[True]

已移动文件: 92.c -> finish
-----------------------------------------

文件 92.c 处理完成. 总耗时: 100.72612476348877
-----------------------------------------
finshed_files:['11.c', '132.c', '70.c', '121.c', '94.c', '109.c', '61.c', '120.c', '42.c', '33.c', '17.c', '105.c', '101.c', '38.c', '40.c', '88.c', '4.c', '114.c', '8.c', '84.c', '83.c', '111.c', '47.c', '14.c', '49.c', '131.c', '119.c', '43.c', '50.c', '56.c', '18.c', '53.c', '35.c', '10.c', '28.c', '26.c', '73.c', '89.c', '126.c', '96.c', '57.c', '37.c', '36.c', '92.c']
