file:112.c
Successfully generated loop/112.json
INNER_FLAG: False
Variable Maps: [{'sn': '0', 'i': '1', 'v3': 'v3@pre', 'v2': 'v2@pre', 'v1': 'v1@pre', 'n': 'n@pre'}]
Path conditions: [None]
Pre condition: (sn == 0) * (i == 1) * (v3 == v3@pre) * (v2 == v2@pre) * (v1 == v1@pre) * (n == n@pre)
Loop Condition: i <= n
Updated Loop Conditions: ['1 <= n@pre']
Global Unchanged Variables ['v3', 'v2', 'v1', 'n']
Non Inductive Variables []
[{'sn': '0', 'i': '1', 'v3': 'v3@pre', 'v2': 'v2@pre', 'v1': 'v1@pre', 'n': 'n@pre'}]
[None]

            
    /* >>> LOOP INVARIANT TO FILL <<< 
       >>> PRECONDITION OF THE LOOP : (sn == 0) * (i == 1) * (v3 == \at(v3, Pre)) * (v2 == \at(v2, Pre)) * (v1 == \at(v1, Pre)) * (n == \at(n, Pre)) <<< */
    
            /*@
          loop invariant v3 == \at(v3, Pre);
          loop invariant v2 == \at(v2, Pre);
          loop invariant v1 == \at(v1, Pre);
          loop invariant n == \at(n, Pre);
            */
            while (i <= n) {
      
      i  = (i + 1);
      sn  = (sn + 1);
  
    }
            

            
    /* >>> LOOP INVARIANT TO FILL <<< 
       >>> PRECONDITION OF THE LOOP : (sn == 0) * (i == 1) * (v3 == \at(v3, Pre)) * (v2 == \at(v2, Pre)) * (v1 == \at(v1, Pre)) * (n == \at(n, Pre)) <<< */
    
            /*@
          loop invariant (1 <= \at(n, Pre)) ==> (((sn == 0)&&(i == 1)&&(v3 == \at(v3, Pre))&&(v2 == \at(v2, Pre))&&(v1 == \at(v1, Pre))&&(n == \at(n, Pre))) || (PLACE_HOLDER_i));
          loop invariant (1 <= \at(n, Pre)) ==> (((sn == 0)&&(i == 1)&&(v3 == \at(v3, Pre))&&(v2 == \at(v2, Pre))&&(v1 == \at(v1, Pre))&&(n == \at(n, Pre))) || (PLACE_HOLDER_sn));
          loop invariant (!(1 <= \at(n, Pre))) ==> ((sn == 0)&&(i == 1)&&(v3 == \at(v3, Pre))&&(v2 == \at(v2, Pre))&&(v1 == \at(v1, Pre))&&(n == \at(n, Pre)));
          loop invariant v3 == \at(v3, Pre);
          loop invariant v2 == \at(v2, Pre);
          loop invariant v1 == \at(v1, Pre);
          loop invariant n == \at(n, Pre);
            */
            while (i <= n) {
      
      i  = (i + 1);
      sn  = (sn + 1);
  
    }
            
/*@ requires n >= 1;
*/
void foo(int n,int v1,int v2,int v3) {

    int i = 1;
    int sn = 0;
    
    
    
            
    /* >>> LOOP INVARIANT TO FILL <<< 
       >>> PRECONDITION OF THE LOOP : (sn == 0) * (i == 1) * (v3 == \at(v3, Pre)) * (v2 == \at(v2, Pre)) * (v1 == \at(v1, Pre)) * (n == \at(n, Pre)) <<< */
    
            /*@
          loop invariant (1 <= \at(n, Pre)) ==> (((sn == 0)&&(i == 1)&&(v3 == \at(v3, Pre))&&(v2 == \at(v2, Pre))&&(v1 == \at(v1, Pre))&&(n == \at(n, Pre))) || (PLACE_HOLDER_i));
          loop invariant (1 <= \at(n, Pre)) ==> (((sn == 0)&&(i == 1)&&(v3 == \at(v3, Pre))&&(v2 == \at(v2, Pre))&&(v1 == \at(v1, Pre))&&(n == \at(n, Pre))) || (PLACE_HOLDER_sn));
          loop invariant (!(1 <= \at(n, Pre))) ==> ((sn == 0)&&(i == 1)&&(v3 == \at(v3, Pre))&&(v2 == \at(v2, Pre))&&(v1 == \at(v1, Pre))&&(n == \at(n, Pre)));
          loop invariant v3 == \at(v3, Pre);
          loop invariant v2 == \at(v2, Pre);
          loop invariant v1 == \at(v1, Pre);
          loop invariant n == \at(n, Pre);
            */
            while (i <= n) {
      
      i  = (i + 1);
      sn  = (sn + 1);
  
    }
            
    
    /*@ assert (sn!= n) ==> (sn ==0); */
  
  }
### Analysis of the C Loop

**a. Purpose and Structure of the Loop:**
The purpose of the loop is to increment a counter `sn` and an index `i` simultaneously. The loop starts with `i` initialized to `1` and continues as long as `i` is less than or equal to `n`. The intended outcome is to count from `1` to `n`, incrementing `sn` with each iteration, which effectively counts how many iterations have occurred. The loop structure includes:
- Initialization of `i` to `1` and `sn` to `0`.
- The loop condition `i <= n` controls the execution.
- The operations performed within the loop body are:
  - `i` is incremented by `1`.
  - `sn` is incremented by `1`.

**b. Discussion of the Loop Invariant:**
The proposed loop invariant relates to the values of `i` and `sn` throughout the iterations of the loop. A valid invariant in this case could be:
- `sn == i - 1` (indicating that the number of times `sn` has been incremented equals `i - 1`, as `i` starts at `1`).

This invariant is valid because it captures the relationship between the loop variables and will hold true at the beginning and end of each iteration.

**c. Establishment:**
Before the loop starts, `i` is `1` and `sn` is `0`. Therefore, the invariant `sn == i - 1` translates to `0 == 1 - 1`, which is true. Thus, the invariant holds true before the loop begins.

**d. Preservation:**
Assuming that the invariant `sn == i - 1` holds at the beginning of an iteration, when the loop body executes, `i` is incremented by `1` and `sn` is also incremented by `1`. This results in:
- New `i` = Current `i + 1`
- New `sn` = Current `sn + 1`

Substituting into the invariant gives us:
- New `sn` = (Current `sn + 1`) = (Current `i - 1 + 1`) = New `i - 1`

Thus, the invariant remains true at the end of the iteration.

**e. Termination Analysis of the Loop:**
The loop terminates when `i` becomes `n + 1` (i.e., when the loop condition `i <= n` fails). At termination:
- The final value of `i` is `n + 1`, and `sn` will equal `n` (because it was incremented `n` times). The invariant `sn == i - 1` translates to `n == (n + 1) - 1`, which still holds true. Therefore, the invariant is valid at loop termination.

**f. Correctness of the Post-condition:**
The post-condition states that if `sn != n`, then `sn == 0`. Since `sn` is incremented exactly `n` times in the loop, the only way `sn` can differ from `n` is if the loop did not run at all (which occurs when `n < 1`, violating the pre-condition). As such, if `sn` does not equal `n`, it must be `0`, satisfying the post-condition.

**g. Implication of the Pre-condition:**
The pre-condition states that `sn == 0`, `i == 1`, and `n >= 1`. This guarantees that before the loop begins, `sn == 0` and `i == 1`, which satisfies the invariant `sn == i - 1`. Therefore, the pre-condition implies the loop invariant.

### Completed C Loop Program with Invariant Annotations

```c
/*@ requires n >= 1;
*/
void foo(int n, int v1, int v2, int v3) {

    int i = 1;
    int sn = 0;
    
    /* >>> LOOP INVARIANT TO FILL <<< 
       >>> PRECONDITION OF THE LOOP : (sn == 0) * (i == 1) * (v3 == \at(v3, Pre)) * (v2 == \at(v2, Pre)) * (v1 == \at(v1, Pre)) * (n == \at(n, Pre)) <<< */
    
    /*@
      loop invariant (1 <= \at(n, Pre)) ==> (((sn == 0) && (i == 1) && (v3 == \at(v3, Pre)) && (v2 == \at(v2, Pre)) && (v1 == \at(v1, Pre)) && (n == \at(n, Pre))) || (sn == i - 1));
      loop invariant (1 <= \at(n, Pre)) ==> (((sn == 0) && (i == 1) && (v3 == \at(v3, Pre)) && (v2 == \at(v2, Pre)) && (v1 == \at(v1, Pre)) && (n == \at(n, Pre))) || (sn <= n));
      loop invariant !(1 <= \at(n, Pre) ==> ((sn == 0) && (i == 1) && (v3 == \at(v3, Pre)) && (v2 == \at(v2, Pre)) && (v1 == \at(v1, Pre)) && (n == \at(n, Pre)));
      loop invariant v3 == \at(v3, Pre);
      loop invariant v2 == \at(v2, Pre);
      loop invariant v1 == \at(v1, Pre);
      loop invariant n == \at(n, Pre);
    */
    while (i <= n) {
        i = (i + 1);
        sn = (sn + 1);
    }
    
    /*@ assert (sn != n) ==> (sn == 0); */
}
```

/*@ requires n >= 1;
*/
void foo(int n, int v1, int v2, int v3) {

    int i = 1;
    int sn = 0;
    
    /*@
      loop invariant (1 <= \at(n, Pre)) ==> (((sn == 0) && (i == 1) && (v3 == \at(v3, Pre)) && (v2 == \at(v2, Pre)) && (v1 == \at(v1, Pre)) && (n == \at(n, Pre))) || (sn == i - 1));
      loop invariant (1 <= \at(n, Pre)) ==> (((sn == 0) && (i == 1) && (v3 == \at(v3, Pre)) && (v2 == \at(v2, Pre)) && (v1 == \at(v1, Pre)) && (n == \at(n, Pre))) || (sn <= n));
      loop invariant !(1 <= \at(n, Pre) ==> ((sn == 0) && (i == 1) && (v3 == \at(v3, Pre)) && (v2 == \at(v2, Pre)) && (v1 == \at(v1, Pre)) && (n == \at(n, Pre)));
      loop invariant v3 == \at(v3, Pre);
      loop invariant v2 == \at(v2, Pre);
      loop invariant v1 == \at(v1, Pre);
      loop invariant n == \at(n, Pre);
    */
    while (i <= n) {
        i = (i + 1);
        sn = (sn + 1);
    }
    
    /*@ assert (sn != n) ==> (sn == 0); */
}


/*@ requires n >= 1;
*/
void foo(int n, int v1, int v2, int v3) {

    int i = 1;
    int sn = 0;
    
    /*@
      loop invariant (1 <= \at(n, Pre)) ==> (((sn == 0) && (i == 1) && (v3 == \at(v3, Pre)) && (v2 == \at(v2, Pre)) && (v1 == \at(v1, Pre)) && (n == \at(n, Pre))) || (sn == i - 1));
      loop invariant (1 <= \at(n, Pre)) ==> (((sn == 0) && (i == 1) && (v3 == \at(v3, Pre)) && (v2 == \at(v2, Pre)) && (v1 == \at(v1, Pre)) && (n == \at(n, Pre))) || (sn <= n));
      loop invariant !(1 <= \at(n, Pre) ==> ((sn == 0) && (i == 1) && (v3 == \at(v3, Pre)) && (v2 == \at(v2, Pre)) && (v1 == \at(v1, Pre)) && (n == \at(n, Pre)));
      loop invariant v3 == \at(v3, Pre);
      loop invariant v2 == \at(v2, Pre);
      loop invariant v1 == \at(v1, Pre);
      loop invariant n == \at(n, Pre);
    */
    while (i <= n) {
        i = (i + 1);
        sn = (sn + 1);
    }
    
    /*@ assert (sn != n) ==> (sn == 0); */
}

syntax Error
[kernel] Parsing output/112.c (with preprocessing)
[kernel:annot-error] output/112.c:12: Warning: unexpected token ';'
[kernel] User Error: warning annot-error treated as fatal error.
[kernel] Frama-C aborted: invalid user input.

after repair

/*@ requires n >= 1;
*/
void foo(int n, int v1, int v2, int v3) {

    int i = 1;
    int sn = 0;
    
    /*@
      loop invariant (1 <= \at(n, Pre)) ==> (((sn == 0) && (i == 1) && (v3 == \at(v3, Pre)) && (v2 == \at(v2, Pre)) && (v1 == \at(v1, Pre)) && (n == \at(n, Pre))) || (sn == i - 1));
      loop invariant (1 <= \at(n, Pre)) ==> (((sn == 0) && (i == 1) && (v3 == \at(v3, Pre)) && (v2 == \at(v2, Pre)) && (v1 == \at(v1, Pre)) && (n == \at(n, Pre))) || (sn <= n));
      loop invariant !(1 <= \at(n, Pre)) ==> ((sn == 0) && (i == 1) && (v3 == \at(v3, Pre)) && (v2 == \at(v2, Pre)) && (v1 == \at(v1, Pre)) && (n == \at(n, Pre)));
      loop invariant v3 == \at(v3, Pre);
      loop invariant v2 == \at(v2, Pre);
      loop invariant v1 == \at(v1, Pre);
      loop invariant n == \at(n, Pre);
    */
    while (i <= n) {
        i = (i + 1);
        sn = (sn + 1);
    }
    
    /*@ assert (sn != n) ==> (sn == 0); */
}

syntax Correct
Validate:
[True, True, True, True, True, True, True]

Verify:
[True]

CORRECT INVARIANT
syntax Correct
Validate:
[True, True, True, True, True, True, True]

Verify:
[True]

syntax Correct
Validate:
[True, True, True, True, True, True, True]

Verify:
[True]

已移动文件: 112.c -> finish
-----------------------------------------

文件 112.c 处理完成. 总耗时: 64.617604970932
-----------------------------------------
finshed_files:['29.c', '87.c', '9.c', '107.c', '65.c', '59.c', '46.c', '60.c', '78.c', '11.c', '132.c', '70.c', '121.c', '94.c', '109.c', '61.c', '120.c', '42.c', '33.c', '17.c', '105.c', '101.c', '38.c', '40.c', '88.c', '4.c', '114.c', '8.c', '84.c', '83.c', '111.c', '47.c', '14.c', '49.c', '131.c', '119.c', '43.c', '50.c', '56.c', '18.c', '53.c', '35.c', '10.c', '28.c', '26.c', '73.c', '89.c', '126.c', '96.c', '57.c', '37.c', '36.c', '92.c', '68.c', '115.c', '71.c', '91.c', '22.c', '19.c', '124.c', '52.c', '100.c', '95.c', '90.c', '86.c', '128.c', '62.c', '77.c', '79.c', '108.c', '129.c', '34.c', '123.c', '98.c', '41.c', '27.c', '106.c', '58.c', '130.c', '20.c', '85.c', '15.c', '75.c', '104.c', '2.c', '82.c', '32.c', '23.c', '117.c', '125.c', '64.c', '6.c', '1.c', '12.c', '45.c', '113.c', '13.c', '31.c', '54.c', '93.c', '3.c', '30.c', '133.c', '112.c']
