file:115.c
Successfully generated loop/115.json
INNER_FLAG: False
Variable Maps: [{'x': '0', 'sn': '0'}]
Path conditions: [None]
Pre condition: (x == 0) * (sn == 0)
Loop Condition: unknown()
Updated Loop Conditions: ['unknown()']
Global Unchanged Variables []
Non Inductive Variables []
[{'x': '0', 'sn': '0'}]
[None]

            
    /* >>> LOOP INVARIANT TO FILL <<< 
       >>> PRECONDITION OF THE LOOP : (x == 0) * (sn == 0) <<< */
    
            /*@
            */
            while (unknown()) {
  
      x  = (x + 1);
      sn  = (sn + 1);
      
    }
            

            
    /* >>> LOOP INVARIANT TO FILL <<< 
       >>> PRECONDITION OF THE LOOP : (x == 0) * (sn == 0) <<< */
    
            /*@
          loop invariant  ((x == 0)&&(sn == 0)) || (PLACE_HOLDER_sn) ;
          loop invariant  ((x == 0)&&(sn == 0)) || (PLACE_HOLDER_x) ;
            */
            while (unknown()) {
  
      x  = (x + 1);
      sn  = (sn + 1);
      
    }
            
int unknown();
void foo() {

    int sn = 0;
    int x = 0;
    
    
    
            
    /* >>> LOOP INVARIANT TO FILL <<< 
       >>> PRECONDITION OF THE LOOP : (x == 0) * (sn == 0) <<< */
    
            /*@
          loop invariant  ((x == 0)&&(sn == 0)) || (PLACE_HOLDER_sn) ;
          loop invariant  ((x == 0)&&(sn == 0)) || (PLACE_HOLDER_x) ;
            */
            while (unknown()) {
  
      x  = (x + 1);
      sn  = (sn + 1);
      
    }
            
       /*@ assert (sn != -1) ==> (sn == x);*/
      
    
  
  }
### Analysis of the C Loop Program

#### a. Purpose and Structure of the Loop:
The objective of this loop is to increment two variables, `x` and `sn`, in a controlled manner until a condition defined by the function `unknown()` becomes false. The loop's structure includes a while loop that checks the condition from `unknown()`, and for each iteration, both `x` and `sn` are increased by 1. The loop uses two variables, `sn` and `x`, which are both initialized to 0 before the loop starts.

#### b. Discussion of the Loop Invariant:
The proposed loop invariant is based on the fact that both `x` and `sn` are initialized to 0 and are incremented by 1 in each iteration of the loop. The invariant can be expressed in terms of `x` and `sn` to reflect their relationship at any given point during the loop's execution. The invariant must hold true at the beginning, during, and at the end of each iteration.

A valid invariant could be:
- `sn == x` which states that at any point in the loop, the values of `sn` and `x` are equal, given that they both start at 0 and are incremented the same number of times.

#### c. Establishment:
Before the loop begins execution, both `x` and `sn` are initialized to 0, satisfying the invariant `sn == x` (since `0 == 0`). Thus, the establishment condition is satisfied as the invariant holds true before the loop starts.

#### d. Preservation:
At the start of each iteration, if the invariant `sn == x` holds true, then at the end of the iteration, both `x` and `sn` are incremented by 1. Thus, if `sn == x` holds at the start, then after the increment, we have: 

`sn + 1 == x + 1`, which means the invariant `sn == x` continues to hold. Therefore, the preservation condition is satisfied.

#### e. Termination Analysis of the Loop:
The loop terminates when `unknown()` returns false. At this point, let’s denote the final values of `x` and `sn` as `x_final` and `sn_final`. Since both `x` and `sn` were incremented equally throughout the loop, we have:

`sn_final == x_final`. Therefore, the loop invariant still holds true when the loop terminates.

#### f. Correctness of the Post-condition:
The post-condition states that if `sn != -1`, then `sn == x`. When the loop terminates, the invariant `sn == x` holds true. Thus, if `sn != -1`, we will have `sn == x`, confirming the correctness of the post-condition.

#### g. Implication of the Pre-condition:
The given pre-condition `(x == 0) * (sn == 0)` directly implies the loop invariant `sn == x` since both `x` and `sn` start at 0. Therefore, the pre-condition guarantees that the invariant is established before the loop begins its execution.

### Complete C Loop Program with Invariant Annotations

```c
int unknown();
void foo() {

    int sn = 0;
    int x = 0;
    
    /* >>> LOOP INVARIANT TO FILL <<< 
       >>> PRECONDITION OF THE LOOP : (x == 0) * (sn == 0) <<< */
    
            /*@
          loop invariant  ((x == 0)&&(sn == 0)) || (sn == x) ;
          loop invariant  ((x == 0)&&(sn == 0)) || (0 <= x && 0 <= sn) ;
            */
            while (unknown()) {
  
      x  = (x + 1);
      sn  = (sn + 1);
      
    }
            
       /*@ assert (sn != -1) ==> (sn == x);*/
}
``` 

In this final version, the placeholders are filled with appropriate loop invariants that satisfy the required conditions for correctness and verification with Frama-C.

int unknown();
void foo() {

    int sn = 0;
    int x = 0;
    
            /*@
          loop invariant  ((x == 0)&&(sn == 0)) || (sn == x) ;
          loop invariant  ((x == 0)&&(sn == 0)) || (0 <= x && 0 <= sn) ;
            */
            while (unknown()) {
  
      x  = (x + 1);
      sn  = (sn + 1);
      
    }
            
       /*@ assert (sn != -1) ==> (sn == x);*/
}


int unknown();
void foo() {

    int sn = 0;
    int x = 0;
    
            /*@
          loop invariant  ((x == 0)&&(sn == 0)) || (sn == x) ;
          loop invariant  ((x == 0)&&(sn == 0)) || (0 <= x && 0 <= sn) ;
            */
            while (unknown()) {
  
      x  = (x + 1);
      sn  = (sn + 1);
      
    }
            
       /*@ assert (sn != -1) ==> (sn == x);*/
}

syntax Correct
Validate:
[True, True]

Verify:
[True]

CORRECT INVARIANT
syntax Correct
Validate:
[True, True]

Verify:
[True]

syntax Correct
Validate:
[True, True]

Verify:
[True]

已移动文件: 115.c -> finish
-----------------------------------------

文件 115.c 处理完成. 总耗时: 53.888174295425415
-----------------------------------------
finshed_files:['29.c', '87.c', '9.c', '107.c', '65.c', '59.c', '46.c', '60.c', '78.c', '11.c', '132.c', '70.c', '121.c', '94.c', '109.c', '61.c', '120.c', '42.c', '33.c', '17.c', '105.c', '101.c', '38.c', '40.c', '88.c', '4.c', '114.c', '8.c', '84.c', '83.c', '111.c', '47.c', '14.c', '49.c', '131.c', '119.c', '43.c', '50.c', '56.c', '18.c', '53.c', '35.c', '10.c', '28.c', '26.c', '73.c', '89.c', '126.c', '96.c', '57.c', '37.c', '36.c', '92.c', '68.c', '115.c']
