file:123.c
Successfully generated loop/123.json
INNER_FLAG: False
Variable Maps: [{'sn': '0', 'i': '1', 'v3': 'v3@pre', 'v2': 'v2@pre', 'v1': 'v1@pre', 'size': 'size@pre'}]
Path conditions: [None]
Pre condition: (sn == 0) * (i == 1) * (v3 == v3@pre) * (v2 == v2@pre) * (v1 == v1@pre) * (size == size@pre)
Loop Condition: i <= size
Updated Loop Conditions: ['1 <= size@pre']
Global Unchanged Variables ['v3', 'v2', 'v1', 'size']
Non Inductive Variables []
[{'sn': '0', 'i': '1', 'v3': 'v3@pre', 'v2': 'v2@pre', 'v1': 'v1@pre', 'size': 'size@pre'}]
[None]

            
    /* >>> LOOP INVARIANT TO FILL <<< 
       >>> PRECONDITION OF THE LOOP : (sn == 0) * (i == 1) * (v3 == \at(v3, Pre)) * (v2 == \at(v2, Pre)) * (v1 == \at(v1, Pre)) * (size == \at(size, Pre)) <<< */
    
            /*@
          loop invariant v3 == \at(v3, Pre);
          loop invariant v2 == \at(v2, Pre);
          loop invariant v1 == \at(v1, Pre);
          loop invariant size == \at(size, Pre);
            */
            while (i <= size) {
  
      i  = (i + 1);
      sn  = (sn + 1);
      
    }
            

            
    /* >>> LOOP INVARIANT TO FILL <<< 
       >>> PRECONDITION OF THE LOOP : (sn == 0) * (i == 1) * (v3 == \at(v3, Pre)) * (v2 == \at(v2, Pre)) * (v1 == \at(v1, Pre)) * (size == \at(size, Pre)) <<< */
    
            /*@
          loop invariant (1 <= \at(size, Pre)) ==> (((sn == 0)&&(i == 1)&&(v3 == \at(v3, Pre))&&(v2 == \at(v2, Pre))&&(v1 == \at(v1, Pre))&&(size == \at(size, Pre))) || (PLACE_HOLDER_i));
          loop invariant (1 <= \at(size, Pre)) ==> (((sn == 0)&&(i == 1)&&(v3 == \at(v3, Pre))&&(v2 == \at(v2, Pre))&&(v1 == \at(v1, Pre))&&(size == \at(size, Pre))) || (PLACE_HOLDER_sn));
          loop invariant (!(1 <= \at(size, Pre))) ==> ((sn == 0)&&(i == 1)&&(v3 == \at(v3, Pre))&&(v2 == \at(v2, Pre))&&(v1 == \at(v1, Pre))&&(size == \at(size, Pre)));
          loop invariant v3 == \at(v3, Pre);
          loop invariant v2 == \at(v2, Pre);
          loop invariant v1 == \at(v1, Pre);
          loop invariant size == \at(size, Pre);
            */
            while (i <= size) {
  
      i  = (i + 1);
      sn  = (sn + 1);
      
    }
            
void foo(int size,int v1,int v2,int v3) {
 
    int i = 1;
    int sn = 0;
    
     
    
            
    /* >>> LOOP INVARIANT TO FILL <<< 
       >>> PRECONDITION OF THE LOOP : (sn == 0) * (i == 1) * (v3 == \at(v3, Pre)) * (v2 == \at(v2, Pre)) * (v1 == \at(v1, Pre)) * (size == \at(size, Pre)) <<< */
    
            /*@
          loop invariant (1 <= \at(size, Pre)) ==> (((sn == 0)&&(i == 1)&&(v3 == \at(v3, Pre))&&(v2 == \at(v2, Pre))&&(v1 == \at(v1, Pre))&&(size == \at(size, Pre))) || (PLACE_HOLDER_i));
          loop invariant (1 <= \at(size, Pre)) ==> (((sn == 0)&&(i == 1)&&(v3 == \at(v3, Pre))&&(v2 == \at(v2, Pre))&&(v1 == \at(v1, Pre))&&(size == \at(size, Pre))) || (PLACE_HOLDER_sn));
          loop invariant (!(1 <= \at(size, Pre))) ==> ((sn == 0)&&(i == 1)&&(v3 == \at(v3, Pre))&&(v2 == \at(v2, Pre))&&(v1 == \at(v1, Pre))&&(size == \at(size, Pre)));
          loop invariant v3 == \at(v3, Pre);
          loop invariant v2 == \at(v2, Pre);
          loop invariant v1 == \at(v1, Pre);
          loop invariant size == \at(size, Pre);
            */
            while (i <= size) {
  
      i  = (i + 1);
      sn  = (sn + 1);
      
    }
            
  
    /*@ assert (sn != 0) ==> (sn == size);*/
  
  }
Let's analyze the provided C loop program and identify the necessary loop invariants, as well as address the analysis points you outlined.

### a. Purpose and Structure of the Loop
**Objective of the Loop:**
The loop iterates from `i = 1` to `i = size`, incrementing `i` and `sn` in each iteration. The purpose is to count the number of iterations executed, which should ultimately equal `size` when the loop finishes, given the pre-condition.

**Structure of the Loop:**
- **Loop Condition:** The loop continues as long as `i` is less than or equal to `size`.
- **Operations within the Loop:** In each iteration:
  - `i` is incremented by 1 (`i = i + 1`).
  - `sn` is incremented by 1 (`sn = sn + 1`).
- **Relevant Variables:** The variables `i` and `sn` are crucial for tracking the loop's progress, alongside the parameters `size`, `v1`, `v2`, and `v3` (though `v1`, `v2`, and `v3` are not modified in the loop).

### b. Discussion of the Loop Invariant
**Proposed Loop Invariant:**
1. `sn == i - 1`
2. `1 <= i <= size + 1`

**Validity of the Invariant:**
- The invariant `sn == i - 1` holds true because `sn` counts the number of iterations completed, starting from 0 when `i` is initialized to 1. Hence, after the first iteration, `i` becomes 2, making `sn` equal to 1, and so forth.
- The range `1 <= i <= size + 1` ensures that `i` starts at 1 and can reach `size + 1` when the loop condition becomes false.

### c. Establishment
**Establishment Condition:**
Before the loop starts, `i` is initialized to `1` and `sn` is initialized to `0`. Thus, `sn == i - 1` holds as `0 == 1 - 1`. The range `1 <= i <= size + 1` is also satisfied since `1 <= size + 1` follows from the pre-condition `size >= 0`.

### d. Preservation
**Preservation Condition:**
Assuming the invariant holds at the beginning of an iteration (i.e., `sn == i - 1` and `1 <= i <= size + 1`):
- At the end of the iteration, `i` is incremented by 1 and `sn` is incremented by 1.
- Therefore, `sn` becomes `sn + 1` which equals `i` after the increment, confirming that `sn == i - 1` holds true again.
- The range `1 <= i <= size + 1` is preserved because `i` will increment from its current value, which is at most `size`.

### e. Termination Analysis of the Loop
**Termination Condition:**
The loop terminates when `i` exceeds `size`. At termination, `i = size + 1` and `sn = size`, which satisfies the invariant `sn == i - 1`.

### f. Correctness of the Post-condition
**Post-condition Correctness:**
The post-condition asserts that when `sn != 0`, `sn` must equal `size`. When the loop terminates, `i` is `size + 1`, leading to `sn` being `size`, hence the post-condition is satisfied.

### g. Implication of the Pre-condition
**Pre-condition Implication:**
The pre-condition guarantees that `sn` starts at `0`, `i` at `1`, and `size` is at least `0`. This foundational state establishes the loop invariant before execution, satisfying the invariant's initial conditions.

### Complete C Loop Program with Invariant Annotations
Here is the modified C loop program with filled-in loop invariant annotations:

```c
void foo(int size,int v1,int v2,int v3) {
 
    int i = 1;
    int sn = 0;
    
    /* >>> LOOP INVARIANT TO FILL <<< 
       >>> PRECONDITION OF THE LOOP : (sn == 0) * (i == 1) * (v3 == \at(v3, Pre)) * (v2 == \at(v2, Pre)) * (v1 == \at(v1, Pre)) * (size == \at(size, Pre)) <<< */
    
            /*@
          loop invariant (1 <= \at(size, Pre)) ==> (((sn == 0)&&(i == 1)&&(v3 == \at(v3, Pre))&&(v2 == \at(v2, Pre))&&(v1 == \at(v1, Pre))&&(size == \at(size, Pre))) || (sn == i - 1));
          loop invariant (1 <= \at(size, Pre)) ==> (((sn == 0)&&(i == 1)&&(v3 == \at(v3, Pre))&&(v2 == \at(v2, Pre))&&(v1 == \at(v1, Pre))&&(size == \at(size, Pre))) || (0 <= sn && sn <= size));
          loop invariant !(1 <= \at(size, Pre)) ==> ((sn == 0)&&(i == 1)&&(v3 == \at(v3, Pre))&&(v2 == \at(v2, Pre))&&(v1 == \at(v1, Pre))&&(size == \at(size, Pre)));
          loop invariant v3 == \at(v3, Pre);
          loop invariant v2 == \at(v2, Pre);
          loop invariant v1 == \at(v1, Pre);
          loop invariant size == \at(size, Pre);
            */
            while (i <= size) {
  
      i  = (i + 1);
      sn  = (sn + 1);
      
    }
            
  
    /*@ assert (sn != 0) ==> (sn == size);*/
  
}
```

In this code, the placeholders for the loop invariants have been filled appropriately based on the analysis provided.

void foo(int size,int v1,int v2,int v3) {
 
    int i = 1;
    int sn = 0;
    
            /*@
          loop invariant (1 <= \at(size, Pre)) ==> (((sn == 0)&&(i == 1)&&(v3 == \at(v3, Pre))&&(v2 == \at(v2, Pre))&&(v1 == \at(v1, Pre))&&(size == \at(size, Pre))) || (sn == i - 1));
          loop invariant (1 <= \at(size, Pre)) ==> (((sn == 0)&&(i == 1)&&(v3 == \at(v3, Pre))&&(v2 == \at(v2, Pre))&&(v1 == \at(v1, Pre))&&(size == \at(size, Pre))) || (0 <= sn && sn <= size));
          loop invariant !(1 <= \at(size, Pre)) ==> ((sn == 0)&&(i == 1)&&(v3 == \at(v3, Pre))&&(v2 == \at(v2, Pre))&&(v1 == \at(v1, Pre))&&(size == \at(size, Pre)));
          loop invariant v3 == \at(v3, Pre);
          loop invariant v2 == \at(v2, Pre);
          loop invariant v1 == \at(v1, Pre);
          loop invariant size == \at(size, Pre);
            */
            while (i <= size) {
  
      i  = (i + 1);
      sn  = (sn + 1);
      
    }
            
  
    /*@ assert (sn != 0) ==> (sn == size);*/
  
}


void foo(int size,int v1,int v2,int v3) {
 
    int i = 1;
    int sn = 0;
    
            /*@
          loop invariant (1 <= \at(size, Pre)) ==> (((sn == 0)&&(i == 1)&&(v3 == \at(v3, Pre))&&(v2 == \at(v2, Pre))&&(v1 == \at(v1, Pre))&&(size == \at(size, Pre))) || (sn == i - 1));
          loop invariant (1 <= \at(size, Pre)) ==> (((sn == 0)&&(i == 1)&&(v3 == \at(v3, Pre))&&(v2 == \at(v2, Pre))&&(v1 == \at(v1, Pre))&&(size == \at(size, Pre))) || (0 <= sn && sn <= size));
          loop invariant !(1 <= \at(size, Pre)) ==> ((sn == 0)&&(i == 1)&&(v3 == \at(v3, Pre))&&(v2 == \at(v2, Pre))&&(v1 == \at(v1, Pre))&&(size == \at(size, Pre)));
          loop invariant v3 == \at(v3, Pre);
          loop invariant v2 == \at(v2, Pre);
          loop invariant v1 == \at(v1, Pre);
          loop invariant size == \at(size, Pre);
            */
            while (i <= size) {
  
      i  = (i + 1);
      sn  = (sn + 1);
      
    }
            
  
    /*@ assert (sn != 0) ==> (sn == size);*/
  
}

syntax Correct
Validate:
[True, True, True, True, True, True, True]

Verify:
[True]

CORRECT INVARIANT
syntax Correct
Validate:
[True, True, True, True, True, True, True]

Verify:
[True]

syntax Correct
Validate:
[True, True, True, True, True, True, True]

Verify:
[True]

已移动文件: 123.c -> finish
-----------------------------------------

文件 123.c 处理完成. 总耗时: 58.22860383987427
-----------------------------------------
finshed_files:['29.c', '87.c', '9.c', '107.c', '65.c', '59.c', '46.c', '60.c', '78.c', '11.c', '132.c', '70.c', '121.c', '94.c', '109.c', '61.c', '120.c', '42.c', '33.c', '17.c', '105.c', '101.c', '38.c', '40.c', '88.c', '4.c', '114.c', '8.c', '84.c', '83.c', '111.c', '47.c', '14.c', '49.c', '131.c', '119.c', '43.c', '50.c', '56.c', '18.c', '53.c', '35.c', '10.c', '28.c', '26.c', '73.c', '89.c', '126.c', '96.c', '57.c', '37.c', '36.c', '92.c', '68.c', '115.c', '71.c', '91.c', '22.c', '19.c', '124.c', '52.c', '100.c', '95.c', '90.c', '86.c', '128.c', '62.c', '77.c', '79.c', '108.c', '129.c', '34.c', '123.c']
