file:124.c
Successfully generated loop/124.json
INNER_FLAG: False
Variable Maps: [{'j': 'y@pre', 'i': 'x@pre', 'y': 'y@pre', 'x': 'x@pre'}]
Path conditions: [None]
Pre condition: (j == y@pre) * (i == x@pre) * (y == y@pre) * (x == x@pre)
Loop Condition: x != 0
Updated Loop Conditions: ['x@pre != 0']
Global Unchanged Variables ['j', 'i']
Non Inductive Variables []
[{'j': 'y@pre', 'i': 'x@pre', 'y': 'y@pre', 'x': 'x@pre'}]
[None]

            
    /* >>> LOOP INVARIANT TO FILL <<< 
       >>> PRECONDITION OF THE LOOP : (j == \at(y, Pre)) * (i == \at(x, Pre)) * (y == \at(y, Pre)) * (x == \at(x, Pre)) <<< */
    
            /*@
          loop invariant j == \at(y, Pre);
          loop invariant i == \at(x, Pre);
            */
            while (x != 0) {
  
      x  = x - 1;
      y  = y - 1;
  
    }
            

            
    /* >>> LOOP INVARIANT TO FILL <<< 
       >>> PRECONDITION OF THE LOOP : (j == \at(y, Pre)) * (i == \at(x, Pre)) * (y == \at(y, Pre)) * (x == \at(x, Pre)) <<< */
    
            /*@
          loop invariant (\at(x, Pre) != 0) ==> (((j == \at(y, Pre))&&(i == \at(x, Pre))&&(y == \at(y, Pre))&&(x == \at(x, Pre))) || (PLACE_HOLDER_x));
          loop invariant (\at(x, Pre) != 0) ==> (((j == \at(y, Pre))&&(i == \at(x, Pre))&&(y == \at(y, Pre))&&(x == \at(x, Pre))) || (PLACE_HOLDER_y));
          loop invariant (!(\at(x, Pre) != 0)) ==> ((j == \at(y, Pre))&&(i == \at(x, Pre))&&(y == \at(y, Pre))&&(x == \at(x, Pre)));
          loop invariant j == \at(y, Pre);
          loop invariant i == \at(x, Pre);
            */
            while (x != 0) {
  
      x  = x - 1;
      y  = y - 1;
  
    }
            
void foo(int x, int y) {

    int i = x;
    int j = y;
    
    
    
            
    /* >>> LOOP INVARIANT TO FILL <<< 
       >>> PRECONDITION OF THE LOOP : (j == \at(y, Pre)) * (i == \at(x, Pre)) * (y == \at(y, Pre)) * (x == \at(x, Pre)) <<< */
    
            /*@
          loop invariant (\at(x, Pre) != 0) ==> (((j == \at(y, Pre))&&(i == \at(x, Pre))&&(y == \at(y, Pre))&&(x == \at(x, Pre))) || (PLACE_HOLDER_x));
          loop invariant (\at(x, Pre) != 0) ==> (((j == \at(y, Pre))&&(i == \at(x, Pre))&&(y == \at(y, Pre))&&(x == \at(x, Pre))) || (PLACE_HOLDER_y));
          loop invariant (!(\at(x, Pre) != 0)) ==> ((j == \at(y, Pre))&&(i == \at(x, Pre))&&(y == \at(y, Pre))&&(x == \at(x, Pre)));
          loop invariant j == \at(y, Pre);
          loop invariant i == \at(x, Pre);
            */
            while (x != 0) {
  
      x  = x - 1;
      y  = y - 1;
  
    }
            
  
    /*@ assert (i == j) ==> (y == 0); */
  
  }
### Analysis of the C Loop

#### a. Purpose and Structure of the Loop
**Objective of the Loop:**
The loop is intended to decrement the values of `x` and `y` until `x` becomes zero. The relationship between the initial values of `i` and `j` and the final value of `y` is also of interest, particularly in verifying the condition that `i` should equal `j` when `y` is zero.

**Structure of the Loop:**
- The loop continues executing as long as `x != 0`.
- Inside the loop, both `x` and `y` are decremented by 1 in each iteration.
- The relevant variables are `x`, `y`, `i`, and `j`. Here, `i` is initialized to the value of `x` from the precondition, and `j` is initialized to the value of `y` from the precondition.

#### b. Discussion of the Loop Invariant
**Proposed Loop Invariant:**
The proposed loop invariant can be expressed as follows:
- For the case where `x` is not zero: 
  - `j == \at(y, Pre)` ensures that `j` retains its initial value.
  - `i == \at(x, Pre)` ensures that `i` retains its initial value.
  - The conditions `0 <= x <= \at(x, Pre)` and `0 <= y <= \at(y, Pre)` hold true throughout the loop.

This invariant is considered valid because it captures the essence of the loop's operation: decrementing `x` and `y` while maintaining the initial values of `i` and `j`.

#### c. Establishment
**Establishment Condition:**
Before the loop starts, `i` is initialized to `x` and `j` is initialized to `y`. The pre-condition guarantees that:
- `j == \at(y, Pre)` holds since `j` takes the value of `y`.
- `i == \at(x, Pre)` holds since `i` takes the value of `x`.
Thus, the invariant holds true before the loop begins.

#### d. Preservation
**Preservation Condition:**
Assuming the invariant is true at the start of an iteration:
- `j` remains constant as `j == \at(y, Pre)`.
- `i` remains constant as `i == \at(x, Pre)`.
- As `x` and `y` are decremented by 1, the bounds `0 <= x <= \at(x, Pre)` and `0 <= y <= \at(y, Pre)` also remain true. 

After the decrement operation, `x` and `y` will still satisfy their respective bounds, and thus the invariant holds at the end of the iteration.

#### e. Termination Analysis of the Loop
**Termination Conditions:**
The loop terminates when `x` becomes zero. At this point:
- `x == 0`.
- The value of `y` will have been decremented `\at(x, Pre)` times, leading to `y == \at(y, Pre) - \at(x, Pre)`. 

Given the loop invariant, when `x` is zero, the invariant still holds because:
- `j == \at(y, Pre)` is still true.
- `i == \at(x, Pre)` is still true.

#### f. Correctness of the Post-condition
**Post-condition Verification:**
The post-condition states that if `i == j`, then `y == 0`. 
When the loop terminates, if `i` retains its value equal to `j`, then:
- Since `j == \at(y, Pre)`, and we know the decrement operations on `y` will yield `y == \at(y, Pre) - \at(x, Pre)`, we conclude that when `i == j`, it must imply `y == 0` because `i` would equal the original `y` when `x` has reached zero.

#### g. Implication of the Pre-condition
**Pre-condition Implication:**
The pre-condition ensures that:
- The initial values of `j` and `i` are correctly set from the pre-state.
- Thus, the invariant is established before the loop starts because the values of `i` and `j` are directly taken from the initial values of `x` and `y`.

### Complete C Loop Program with Invariant Annotations
```c
void foo(int x, int y) {

    int i = x;
    int j = y;

    
    /*@
      loop invariant (\at(x, Pre) != 0) ==> (((j == \at(y, Pre))&&(i == \at(x, Pre))&&(y == \at(y, Pre))&&(x == \at(x, Pre))) || (0 <= x <= \at(x, Pre) && 0 <= y <= \at(y, Pre)));
      loop invariant (\at(x, Pre) != 0) ==> (((j == \at(y, Pre))&&(i == \at(x, Pre))&&(y == \at(y, Pre))&&(x == \at(x, Pre))) || (j == \at(y, Pre) && y == \at(y, Pre) - \at(x, Pre)));
      loop invariant (!(\at(x, Pre) != 0)) ==> ((j == \at(y, Pre))&&(i == \at(x, Pre))&&(y == \at(y, Pre))&&(x == \at(x, Pre)));
      loop invariant j == \at(y, Pre);
      loop invariant i == \at(x, Pre);
    */
    while (x != 0) {
  
      x  = x - 1;
      y  = y - 1;
  
    }
            
    /*@ assert (i == j) ==> (y == 0); */
  
}
```

void foo(int x, int y) {

    int i = x;
    int j = y;

    
    /*@
      loop invariant (\at(x, Pre) != 0) ==> (((j == \at(y, Pre))&&(i == \at(x, Pre))&&(y == \at(y, Pre))&&(x == \at(x, Pre))) || (0 <= x <= \at(x, Pre) && 0 <= y <= \at(y, Pre)));
      loop invariant (\at(x, Pre) != 0) ==> (((j == \at(y, Pre))&&(i == \at(x, Pre))&&(y == \at(y, Pre))&&(x == \at(x, Pre))) || (j == \at(y, Pre) && y == \at(y, Pre) - \at(x, Pre)));
      loop invariant (!(\at(x, Pre) != 0)) ==> ((j == \at(y, Pre))&&(i == \at(x, Pre))&&(y == \at(y, Pre))&&(x == \at(x, Pre)));
      loop invariant j == \at(y, Pre);
      loop invariant i == \at(x, Pre);
    */
    while (x != 0) {
  
      x  = x - 1;
      y  = y - 1;
  
    }
            
    /*@ assert (i == j) ==> (y == 0); */
  
}


void foo(int x, int y) {

    int i = x;
    int j = y;

    
    /*@
      loop invariant (\at(x, Pre) != 0) ==> (((j == \at(y, Pre))&&(i == \at(x, Pre))&&(y == \at(y, Pre))&&(x == \at(x, Pre))) || (0 <= x <= \at(x, Pre) && 0 <= y <= \at(y, Pre)));
      loop invariant (\at(x, Pre) != 0) ==> (((j == \at(y, Pre))&&(i == \at(x, Pre))&&(y == \at(y, Pre))&&(x == \at(x, Pre))) || (j == \at(y, Pre) && y == \at(y, Pre) - \at(x, Pre)));
      loop invariant (!(\at(x, Pre) != 0)) ==> ((j == \at(y, Pre))&&(i == \at(x, Pre))&&(y == \at(y, Pre))&&(x == \at(x, Pre)));
      loop invariant j == \at(y, Pre);
      loop invariant i == \at(x, Pre);
    */
    while (x != 0) {
  
      x  = x - 1;
      y  = y - 1;
  
    }
            
    /*@ assert (i == j) ==> (y == 0); */
  
}

syntax Correct
Validate:
[False, False, True, True, True]

Goal Preservation of Invariant (file output/124.c, line 9):
Let x_1 = 1 + i.
Let x_2 = 1 + j.
Assume {
  Type: is_sint32(i) /\ is_sint32(j) /\ is_sint32(x) /\ is_sint32(y) /\
      is_sint32(x - 1) /\ is_sint32(y - 1).
  (* Goal *)
  When: i != 0.
  (* Invariant *)
  Have: ((x = i) /\ (y = j)) \/
      ((x <= i) /\ (y <= j) /\ (0 <= x) /\ (0 <= y)).
  (* Invariant *)
  Have: ((i + y) = j) \/ ((x = i) /\ (y = j)).
  (* Then *)
  Have: x != 0.
}
Prove: ((x_1 = x) /\ (x_2 = y)) \/
    ((0 < x) /\ (0 < y) /\ (x <= x_1) /\ (y <= x_2)).
Prover Z3 4.8.12 returns Timeout (Qed:7ms) (3s)
Error found in file: output/124.c at line: 9
Error line content: loop invariant (\at(x, Pre) != 0) ==> (((j == \at(y, Pre))&&(i == \at(x, Pre))&&(y == \at(y, Pre))&&(x == \at(x, Pre))) || (0 <= x <= \at(x, Pre) && 0 <= y <= \at(y, Pre)));

Goal Preservation of Invariant (file output/124.c, line 10):
Let x_1 = 1 + i.
Let x_2 = 1 + j.
Let x_3 = i + y.
Assume {
  Type: is_sint32(i) /\ is_sint32(j) /\ is_sint32(x) /\ is_sint32(y) /\
      is_sint32(x - 1) /\ is_sint32(y - 1).
  (* Goal *)
  When: i != 0.
  (* Invariant *)
  Have: ((x = i) /\ (y = j)) \/
      ((x <= i) /\ (y <= j) /\ (0 <= x) /\ (0 <= y)).
  (* Invariant *)
  Have: (x_3 = j) \/ ((x = i) /\ (y = j)).
  (* Then *)
  Have: x != 0.
  (* Invariant *)
  Have: ((x_1 = x) /\ (x_2 = y)) \/
      ((0 < x) /\ (0 < y) /\ (x <= x_1) /\ (y <= x_2)).
}
Prove: (x_3 = x_2) \/ ((x_1 = x) /\ (x_2 = y)).
Prover Z3 4.8.12 returns Timeout (Qed:8ms) (3s)
Error found in file: output/124.c at line: 10
Error line content: loop invariant (\at(x, Pre) != 0) ==> (((j == \at(y, Pre))&&(i == \at(x, Pre))&&(y == \at(y, Pre))&&(x == \at(x, Pre))) || (j == \at(y, Pre) && y == \at(y, Pre) - \at(x, Pre)));

Verify:
[True]


void foo(int x, int y) {

    int i = x;
    int j = y;

    
    /*@
      loop invariant (\at(x, Pre) != 0) ==> (((j == \at(y, Pre))&&(i == \at(x, Pre))&&(y == \at(y, Pre))&&(x == \at(x, Pre))) || (0 <= x <= \at(x, Pre) && 0 <= y <= \at(y, Pre))) [INVARIANT FAILED] ;
      loop invariant (\at(x, Pre) != 0) ==> (((j == \at(y, Pre))&&(i == \at(x, Pre))&&(y == \at(y, Pre))&&(x == \at(x, Pre))) || (j == \at(y, Pre) && y == \at(y, Pre) - \at(x, Pre))) [INVARIANT FAILED] ;
      loop invariant (!(\at(x, Pre) != 0)) ==> ((j == \at(y, Pre))&&(i == \at(x, Pre))&&(y == \at(y, Pre))&&(x == \at(x, Pre)));
      loop invariant j == \at(y, Pre);
      loop invariant i == \at(x, Pre);
    */
    while (x != 0) {
  
      x  = x - 1;
      y  = y - 1;
  
    }
            
    /*@ assert (i == j) ==> (y == 0); */
  
}

### Error Analysis:

1. **Goal Establishment of Invariant**: The first invariant fails to establish because it requires both `x` and `y` to be bounded by their respective pre-conditions, which is not guaranteed by the precondition itself. The invariant's reliance on precise equality constraints (`0 <= x <= \at(x, Pre)` and `0 <= y <= \at(y, Pre)`) is too strong, especially considering that `x` and `y` will decrease during the loop. 

2. **Goal Preservation of Invariant**: The second invariant fails because it assumes that the relationship between `y` and `j` remains valid after decrementing `y` in each iteration. The invariant `(j == \at(y, Pre) && y == \at(y, Pre) - \at(x, Pre))` does not account for the fact that `y` is being decremented by 1 in each iteration, which could lead to incorrect conclusions about the relationship between `x` and `y` as the loop progresses. 

To address these issues, we will replace the equality constraints with more flexible range constraints. This will allow us to maintain the validity of the loop invariant even as the loop executes.

### Fixed C Code:

```c
void foo(int x, int y) {

    int i = x;
    int j = y;

    
    /*@
      loop invariant (\at(x, Pre) != 0) ==> (((j == \at(y, Pre))&&(i == \at(x, Pre))&&(y == \at(y, Pre))&&(x == \at(x, Pre))) || (0 <= x <= \at(x, Pre) && 0 <= y <= \at(y, Pre)));
      loop invariant (\at(x, Pre) != 0) ==> (((j == \at(y, Pre))&&(i == \at(x, Pre))&&(y == \at(y, Pre))&&(x == \at(x, Pre))) || (j == \at(y, Pre) && y >= 0 && y <= \at(y, Pre))) ;
      loop invariant (!(\at(x, Pre) != 0)) ==> ((j == \at(y, Pre))&&(i == \at(x, Pre))&&(y == \at(y, Pre))&&(x == \at(x, Pre)));
      loop invariant j == \at(y, Pre);
      loop invariant i == \at(x, Pre);
    */
    while (x != 0) {
  
      x  = x - 1;
      y  = y - 1;
  
    }
            
    /*@ assert (i == j) ==> (y == 0); */
  
}
```
after weaken

void foo(int x, int y) {

    int i = x;
    int j = y;

    
    /*@
      loop invariant (\at(x, Pre) != 0) ==> (((j == \at(y, Pre))&&(i == \at(x, Pre))&&(y == \at(y, Pre))&&(x == \at(x, Pre))) || (0 <= x <= \at(x, Pre) && 0 <= y <= \at(y, Pre)));
      loop invariant (\at(x, Pre) != 0) ==> (((j == \at(y, Pre))&&(i == \at(x, Pre))&&(y == \at(y, Pre))&&(x == \at(x, Pre))) || (j == \at(y, Pre) && y >= 0 && y <= \at(y, Pre))) ;
      loop invariant (!(\at(x, Pre) != 0)) ==> ((j == \at(y, Pre))&&(i == \at(x, Pre))&&(y == \at(y, Pre))&&(x == \at(x, Pre)));
      loop invariant j == \at(y, Pre);
      loop invariant i == \at(x, Pre);
    */
    while (x != 0) {
  
      x  = x - 1;
      y  = y - 1;
  
    }
            
    /*@ assert (i == j) ==> (y == 0); */
  
}

syntax Correct
Validate:
[False, True, True, True, True]

Goal Preservation of Invariant (file output/124.c, line 9):
Let x_1 = 1 + i.
Let x_2 = 1 + j.
Assume {
  Type: is_sint32(i) /\ is_sint32(j) /\ is_sint32(x) /\ is_sint32(y) /\
      is_sint32(x - 1) /\ is_sint32(y - 1).
  (* Goal *)
  When: i != 0.
  (* Invariant *)
  Have: ((x = i) /\ (y = j)) \/
      ((x <= i) /\ (y <= j) /\ (0 <= x) /\ (0 <= y)).
  (* Invariant *)
  Have: ((x = i) /\ (y = j)) \/ ((y <= j) /\ (0 <= y)).
  (* Then *)
  Have: x != 0.
}
Prove: ((x_1 = x) /\ (x_2 = y)) \/
    ((0 < x) /\ (0 < y) /\ (x <= x_1) /\ (y <= x_2)).
Prover Z3 4.8.12 returns Timeout (Qed:7ms) (3s)
Error found in file: output/124.c at line: 9
Error line content: loop invariant (\at(x, Pre) != 0) ==> (((j == \at(y, Pre))&&(i == \at(x, Pre))&&(y == \at(y, Pre))&&(x == \at(x, Pre))) || (0 <= x <= \at(x, Pre) && 0 <= y <= \at(y, Pre)));

Verify:
[False]

Goal Assertion (file output/124.c, line 22):
Assume {
  Type: is_sint32(i) /\ is_sint32(y).
  (* Invariant *)
  Have: ((i != 0) ->
      (((i = 0) /\ (y = i)) \/ ((0 <= i) /\ (y <= i) /\ (0 <= y)))).
  (* Invariant *)
  Have: ((i != 0) -> (((i = 0) /\ (y = i)) \/ ((y <= i) /\ (0 <= y)))).
  (* Invariant *)
  Have: ((i = 0) -> (y = i)).
}
Prove: y = 0.
Prover Z3 4.8.12 returns Timeout (Qed:5ms) (3s)
Error found in file: output/124.c at line: 22
Error line content: /*@ assert (i == j) ==> (y == 0); */


void foo(int x, int y) {

    int i = x;
    int j = y;

    
    /*@
      loop invariant (\at(x, Pre) != 0) ==> (((j == \at(y, Pre))&&(i == \at(x, Pre))&&(y == \at(y, Pre))&&(x == \at(x, Pre))) || (0 <= x <= \at(x, Pre) && 0 <= y <= \at(y, Pre))) [INVARIANT FAILED] ;
      loop invariant (\at(x, Pre) != 0) ==> (((j == \at(y, Pre))&&(i == \at(x, Pre))&&(y == \at(y, Pre))&&(x == \at(x, Pre))) || (j == \at(y, Pre) && y >= 0 && y <= \at(y, Pre))) ;
      loop invariant (!(\at(x, Pre) != 0)) ==> ((j == \at(y, Pre))&&(i == \at(x, Pre))&&(y == \at(y, Pre))&&(x == \at(x, Pre)));
      loop invariant j == \at(y, Pre);
      loop invariant i == \at(x, Pre);
    */
    while (x != 0) {
  
      x  = x - 1;
      y  = y - 1;
  
    }
            
    /*@ assert (i == j) ==> (y == 0); */
  
}

1. **Error Analysis:**

   The provided loop invariants were found to be incorrect based on the errors reported by Frama-C. 

   - **Goal Preservation of Invariant**: The first invariant could not be preserved through the iterations of the loop. Specifically, the condition that involves `0 <= x <= \at(x, Pre)` and `0 <= y <= \at(y, Pre)` does not accurately capture the relationship of the loop variables after each iteration. Instead, the invariant should consider the decreasing nature of `x` and `y` as they are decremented in the loop.

   - The second invariant involving `j == \at(y, Pre) && y >= 0 && y <= \at(y, Pre)` also fails, as it does not appropriately account for the full range of values for `y` after each iteration. The invariant should be restructured to ensure that it accounts for the decrements happening during the loop.

   The goal assertion `assert (i == j) ==> (y == 0);` also cannot be verified because the relationship between `i` and `j` as well as `y` needs to be more rigorously defined throughout the iterations.

   Therefore, a new invariant must be generated that properly reflects the state of the variables at each iteration while also ensuring that the termination condition yields a valid postcondition.

2. **Fixed C Code:**

```c
void foo(int x, int y) {

    int i = x;
    int j = y;

    
    /*@
      loop invariant (\at(x, Pre) != 0) ==> (j == \at(y, Pre) && i == \at(x, Pre) && y == \at(y, Pre) - (\at(x, Pre) - x) && x >= 0 && y >= 0);
      loop invariant (!(\at(x, Pre) != 0)) ==> (j == \at(y, Pre) && i == \at(x, Pre) && y == \at(y, Pre) - \at(x, Pre) && x == 0);
      loop invariant j == \at(y, Pre);
      loop invariant i == \at(x, Pre);
    */
    while (x != 0) {
  
      x  = x - 1;
      y  = y - 1;
  
    }
            
    /*@ assert (i == j) ==> (y == 0); */
  
}
```
after regen

void foo(int x, int y) {

    int i = x;
    int j = y;

    
    /*@
      loop invariant (\at(x, Pre) != 0) ==> (j == \at(y, Pre) && i == \at(x, Pre) && y == \at(y, Pre) - (\at(x, Pre) - x) && x >= 0 && y >= 0);
      loop invariant (!(\at(x, Pre) != 0)) ==> (j == \at(y, Pre) && i == \at(x, Pre) && y == \at(y, Pre) - \at(x, Pre) && x == 0);
      loop invariant j == \at(y, Pre);
      loop invariant i == \at(x, Pre);
    */
    while (x != 0) {
  
      x  = x - 1;
      y  = y - 1;
  
    }
            
    /*@ assert (i == j) ==> (y == 0); */
  
}

syntax Correct
Validate:
[False, True, True, True]

Goal Preservation of Invariant (file output/124.c, line 9):
Let x = i + y.
Let x_1 = -j.
Assume {
  Type: is_sint32(i) /\ is_sint32(j) /\ is_sint32(y) /\ is_sint32(y - 1) /\
      is_sint32(i + y - j) /\ is_sint32(i + y - 1 - j).
  (* Goal *)
  When: i != 0.
  (* Invariant *)
  Have: (0 <= i) /\ (0 <= j).
  (* Invariant *)
  Have: (0 <= y) /\ (j <= x).
  (* Then *)
  Have: x != j.
}
Prove: (0 < y) /\ (j < x).
Prover Z3 4.8.12 returns Timeout (Qed:8ms) (3s)
Error found in file: output/124.c at line: 9
Error line content: loop invariant (\at(x, Pre) != 0) ==> (j == \at(y, Pre) && i == \at(x, Pre) && y == \at(y, Pre) - (\at(x, Pre) - x) && x >= 0 && y >= 0);

Goal Establishment of Invariant (file output/124.c, line 9):
Assume { Type: is_sint32(i) /\ is_sint32(j). (* Goal *) When: i != 0. }
Prove: (0 <= i) /\ (0 <= j).
Prover Z3 4.8.12 returns Timeout (Qed:2ms) (3s)
Error found in file: output/124.c at line: 9
Error line content: loop invariant (\at(x, Pre) != 0) ==> (j == \at(y, Pre) && i == \at(x, Pre) && y == \at(y, Pre) - (\at(x, Pre) - x) && x >= 0 && y >= 0);

Verify:
[True]


void foo(int x, int y) {

    int i = x;
    int j = y;

    
    /*@
      loop invariant (\at(x, Pre) != 0) ==> (j == \at(y, Pre) && i == \at(x, Pre) && y == \at(y, Pre) - (\at(x, Pre) - x) && x >= 0 && y >= 0) [INVARIANT FAILED] ;
      loop invariant (!(\at(x, Pre) != 0)) ==> (j == \at(y, Pre) && i == \at(x, Pre) && y == \at(y, Pre) - \at(x, Pre) && x == 0);
      loop invariant j == \at(y, Pre);
      loop invariant i == \at(x, Pre);
    */
    while (x != 0) {
  
      x  = x - 1;
      y  = y - 1;
  
    }
            
    /*@ assert (i == j) ==> (y == 0); */
  
}

1.  **Error Analysis:**

The errors reported indicate issues with both the establishment and preservation of the loop invariant in the given C program. 

- **Goal Preservation of Invariant:** The invariant currently states that `j == \at(y, Pre)` and `i == \at(x, Pre)`, along with conditions on `y`. However, this does not adequately account for the changes to `y` during the loop iterations and how these affect the invariant's truth. The preservation condition fails because as `x` is decremented, `y` is also decremented, which means `y` cannot remain equal to `\at(y, Pre) - (\at(x, Pre) - x)` as `x` can decrease to zero. Thus, the invariant is not preserved.

- **Goal Establishment of Invariant:** The establishment condition fails because the loop invariant claims that `j == \at(y, Pre)` and `i == \at(x, Pre)` must hold true before entering the loop, but the preconditions do not guarantee that both `j` and `i` will start at the values assigned from `y` and `x`.

To rectify this, we will modify the invariant to be more general and account for the transitions in the values of `x` and `y` during the loop. We will replace the equality conditions with range conditions for `x` and `y` to ensure the invariant can be established and preserved throughout the loop execution.

2.  **Fixed C Code:**

```c
void foo(int x, int y) {

    int i = x;
    int j = y;

    
    /*@
      loop invariant (\at(x, Pre) != 0) ==> (0 <= j <= \at(y, Pre) && 0 <= i <= \at(x, Pre) && 0 <= y <= \at(y, Pre) && x >= 0 && y >= 0) ;
      loop invariant (!(\at(x, Pre) != 0)) ==> (j == \at(y, Pre) && i == \at(x, Pre) && y == \at(y, Pre) - \at(x, Pre) && x == 0);
      loop invariant j == \at(y, Pre);
      loop invariant i == \at(x, Pre);
    */
    while (x != 0) {
  
      x  = x - 1;
      y  = y - 1;
  
    }
            
    /*@ assert (i == j) ==> (y == 0); */
  
}
```
after weaken

void foo(int x, int y) {

    int i = x;
    int j = y;

    
    /*@
      loop invariant (\at(x, Pre) != 0) ==> (0 <= j <= \at(y, Pre) && 0 <= i <= \at(x, Pre) && 0 <= y <= \at(y, Pre) && x >= 0 && y >= 0) ;
      loop invariant (!(\at(x, Pre) != 0)) ==> (j == \at(y, Pre) && i == \at(x, Pre) && y == \at(y, Pre) - \at(x, Pre) && x == 0);
      loop invariant j == \at(y, Pre);
      loop invariant i == \at(x, Pre);
    */
    while (x != 0) {
  
      x  = x - 1;
      y  = y - 1;
  
    }
            
    /*@ assert (i == j) ==> (y == 0); */
  
}

syntax Correct
Validate:
[False, True, True, True]

Goal Preservation of Invariant (file output/124.c, line 9):
Assume {
  Type: is_sint32(i) /\ is_sint32(j) /\ is_sint32(x) /\ is_sint32(y) /\
      is_sint32(x - 1) /\ is_sint32(y - 1).
  (* Goal *)
  When: i != 0.
  (* Invariant *)
  Have: (0 <= i) /\ (0 <= j).
  (* Invariant *)
  Have: (y <= j) /\ (0 <= x) /\ (0 <= y).
  (* Then *)
  Have: x != 0.
}
Prove: (0 < x) /\ (0 < y) /\ (y <= (1 + j)).
Prover Z3 4.8.12 returns Timeout (Qed:7ms) (3s)
Error found in file: output/124.c at line: 9
Error line content: loop invariant (\at(x, Pre) != 0) ==> (0 <= j <= \at(y, Pre) && 0 <= i <= \at(x, Pre) && 0 <= y <= \at(y, Pre) && x >= 0 && y >= 0) ;

Goal Establishment of Invariant (file output/124.c, line 9):
Assume { Type: is_sint32(i) /\ is_sint32(j). (* Goal *) When: i != 0. }
Prove: (0 <= i) /\ (0 <= j).
Prover Z3 4.8.12 returns Timeout (Qed:2ms) (3s)
Error found in file: output/124.c at line: 9
Error line content: loop invariant (\at(x, Pre) != 0) ==> (0 <= j <= \at(y, Pre) && 0 <= i <= \at(x, Pre) && 0 <= y <= \at(y, Pre) && x >= 0 && y >= 0) ;

Verify:
[False]

Goal Assertion (file output/124.c, line 21):
Assume {
  Type: is_sint32(i) /\ is_sint32(y).
  (* Invariant *)
  Have: ((i != 0) -> (0 <= i)).
  (* Invariant *)
  Have: ((i != 0) -> ((0 <= i) /\ (y <= i) /\ (0 <= y))).
  (* Invariant *)
  Have: ((i = 0) -> (y = 0)).
}
Prove: y = 0.
Prover Z3 4.8.12 returns Timeout (Qed:5ms) (3s)
Error found in file: output/124.c at line: 21
Error line content: /*@ assert (i == j) ==> (y == 0); */

after hudini

void foo(int x, int y) {

    int i = x;
    int j = y;

    
    /*@      loop invariant (!(\at(x, Pre) != 0)) ==> (j == \at(y, Pre) && i == \at(x, Pre) && y == \at(y, Pre) - \at(x, Pre) && x == 0);
      loop invariant j == \at(y, Pre);
      loop invariant i == \at(x, Pre);
    */
    while (x != 0) {
  
      x  = x - 1;
      y  = y - 1;
  
    }
            
    /*@ assert (i == j) ==> (y == 0); */
  
}

syntax Correct
Validate:
[True, True, True]

Verify:
[False]

Goal Assertion (file output/124.c, line 19):
Assume {
  Type: is_sint32(i) /\ is_sint32(y).
  (* Invariant *)
  Have: ((i = 0) -> (y = 0)).
}
Prove: y = 0.
Prover Z3 4.8.12 returns Timeout (Qed:4ms) (3s)
Error found in file: output/124.c at line: 19
Error line content: /*@ assert (i == j) ==> (y == 0); */

after hudini

void foo(int x, int y) {

    int i = x;
    int j = y;

    
    /*@      loop invariant (!(\at(x, Pre) != 0)) ==> (j == \at(y, Pre) && i == \at(x, Pre) && y == \at(y, Pre) - \at(x, Pre) && x == 0);
      loop invariant j == \at(y, Pre);
      loop invariant i == \at(x, Pre);
    */
    while (x != 0) {
  
      x  = x - 1;
      y  = y - 1;
  
    }
            
    /*@ assert (i == j) ==> (y == 0); */
  
}

syntax Correct
Validate:
[True, True, True]

Verify:
[False]

Goal Assertion (file output/124.c, line 19):
Assume {
  Type: is_sint32(i) /\ is_sint32(y).
  (* Invariant *)
  Have: ((i = 0) -> (y = 0)).
}
Prove: y = 0.
Prover Z3 4.8.12 returns Timeout (Qed:3ms) (3s)
Error found in file: output/124.c at line: 19
Error line content: /*@ assert (i == j) ==> (y == 0); */

syntax Correct
Validate:
[True, True, True]

Verify:
[False]

Goal Assertion (file output/124.c, line 19):
Assume {
  Type: is_sint32(i) /\ is_sint32(y).
  (* Invariant *)
  Have: ((i = 0) -> (y = 0)).
}
Prove: y = 0.
Prover Z3 4.8.12 returns Timeout (Qed:4ms) (3s)
Error found in file: output/124.c at line: 19
Error line content: /*@ assert (i == j) ==> (y == 0); */

[(111, 175, 0)]
[(111, 175, 0)]
[(111, 175, 0)]
[(111, 175, 0)]
Loop 0 : Outer
Sorted indices: [0]
File found: ../sac_c_parser/test/../ip_postcond/goal/124_goal.v. Deleting the file.
File found: ../sac_c_parser/test/../ip_postcond/goal/124_proof_auto.v. Deleting the file.
File found: ../sac_c_parser/test/../ip_postcond/goal/124_proof_manual.v. Deleting the file.
LoopEntry_0:
(j == y@pre) * (i == x@pre) * (y == y@pre) * (x == x@pre)

Successfully generated loop/124.json
INNER_FLAG: False
Variable Maps: [{'j': 'y@pre', 'i': 'x@pre', 'y': 'y@pre', 'x': 'x@pre'}]
Path conditions: [None]
Pre condition: (j == y@pre) * (i == x@pre) * (y == y@pre) * (x == x@pre)
Loop Condition: x != 0
Updated Loop Conditions: ['x@pre != 0']
Global Unchanged Variables ['j', 'i']
Non Inductive Variables []
[{'j': 'y@pre', 'i': 'x@pre', 'y': 'y@pre', 'x': 'x@pre'}]
[None]

            
    /* >>> LOOP INVARIANT TO FILL <<< 
       >>> PRECONDITION OF THE LOOP : (j == \at(y, Pre)) * (i == \at(x, Pre)) * (y == \at(y, Pre)) * (x == \at(x, Pre)) <<< */
    
            /*@
          loop invariant j == \at(y, Pre);
          loop invariant i == \at(x, Pre);
            */
            while (x != 0) {
  
      x  = x - 1;
      y  = y - 1;
  
    }
            

            
    /* >>> LOOP INVARIANT TO FILL <<< 
       >>> PRECONDITION OF THE LOOP : (j == \at(y, Pre)) * (i == \at(x, Pre)) * (y == \at(y, Pre)) * (x == \at(x, Pre)) <<< */
    
            /*@
          loop invariant (\at(x, Pre) != 0) ==> (((j == \at(y, Pre))&&(i == \at(x, Pre))&&(y == \at(y, Pre))&&(x == \at(x, Pre))) || (PLACE_HOLDER_x));
          loop invariant (\at(x, Pre) != 0) ==> (((j == \at(y, Pre))&&(i == \at(x, Pre))&&(y == \at(y, Pre))&&(x == \at(x, Pre))) || (PLACE_HOLDER_y));
          loop invariant (!(\at(x, Pre) != 0)) ==> ((j == \at(y, Pre))&&(i == \at(x, Pre))&&(y == \at(y, Pre))&&(x == \at(x, Pre)));
          loop invariant j == \at(y, Pre);
          loop invariant i == \at(x, Pre);
            */
            while (x != 0) {
  
      x  = x - 1;
      y  = y - 1;
  
    }
            
void foo(int x, int y) {

    int i = x;
    int j = y;
    
    
    
            
    /* >>> LOOP INVARIANT TO FILL <<< 
       >>> PRECONDITION OF THE LOOP : (j == \at(y, Pre)) * (i == \at(x, Pre)) * (y == \at(y, Pre)) * (x == \at(x, Pre)) <<< */
    
            /*@
          loop invariant (\at(x, Pre) != 0) ==> (((j == \at(y, Pre))&&(i == \at(x, Pre))&&(y == \at(y, Pre))&&(x == \at(x, Pre))) || (PLACE_HOLDER_x));
          loop invariant (\at(x, Pre) != 0) ==> (((j == \at(y, Pre))&&(i == \at(x, Pre))&&(y == \at(y, Pre))&&(x == \at(x, Pre))) || (PLACE_HOLDER_y));
          loop invariant (!(\at(x, Pre) != 0)) ==> ((j == \at(y, Pre))&&(i == \at(x, Pre))&&(y == \at(y, Pre))&&(x == \at(x, Pre)));
          loop invariant j == \at(y, Pre);
          loop invariant i == \at(x, Pre);
            */
            while (x != 0) {
  
      x  = x - 1;
      y  = y - 1;
  
    }
            
  
    /*@ assert (i == j) ==> (y == 0); */
  
  }
### a. Purpose and Structure of the Loop:
The loop in the provided C program is designed to decrement two variables, `x` and `y`, until `x` becomes zero. The intended outcome is to ensure that after the loop terminates, `y` has been decremented `x` times. 

The structure of the loop consists of:
- **Condition:** The loop continues as long as `x` is not zero (`while (x != 0)`).
- **Operations:** Inside the loop, both `x` and `y` are decremented by one in each iteration (`x = x - 1;` and `y = y - 1;`).
- **Relevant Variables:** The loop uses two variables directly: `x` and `y`. The initial values of these variables are given by the parameters of the function.

### b. Discussion of the Loop Invariant:
A proposed loop invariant for this loop is that `j` equals `y + (\at(x, Pre) - i)`. This means that the value of `j` at any point during the loop execution can be expressed as the initial value of `y` plus how many times `x` has been decremented from its initial value.

This invariant is valid because:
- At the start of the loop, `j` is equal to the initial value of `y`.
- During each iteration of the loop, for each decrement of `x`, `y` is also decremented, maintaining the relationship that `y` is reduced as `x` is reduced.

### c. Establishment:
Before the loop starts, `i` is equal to `\at(x, Pre)` and `j` is equal to `\at(y, Pre)`. Therefore, the invariant holds as:
- At initialization, `j == y + (\at(x, Pre) - i)` simplifies to `\at(y, Pre) == \at(y, Pre) + (\at(x, Pre) - \at(x, Pre))`, which is true.

### d. Preservation:
Assuming the invariant holds at the start of an iteration (i.e., `j == y + (\at(x, Pre) - i)`), after one iteration where `x` and `y` are both decremented, we have:
- New `y = y - 1` and `x = x - 1`.
- The invariant now reads `j == (y - 1) + (\at(x, Pre) - (i + 1))`, which still holds true because `j` is updated to `j` and `y` has been adjusted accordingly.

### e. Termination Analysis of the Loop:
The loop terminates when `x` becomes zero. At this point:
- `y` has been decremented `\at(x, Pre)` times.
- Hence, the relationship `j == y + (\at(x, Pre) - i)` still holds, since `y` would equal `\at(y, Pre) - \at(x, Pre)` at termination, and `j` remains unchanged.

### f. Correctness of the Post-condition:
The post-condition states that if `i == j`, then `y` must equal `0`. Since `i` is initialized to `\at(x, Pre)` and `j` represents the number of decrements applied to `y`, when `x` is `0`, `y` must indeed be zero if the decrementing is equal. The loop invariant guarantees that this relationship is maintained throughout the loop.

### g. Implication of the Pre-condition:
The pre-condition specifies the initial values of `i`, `j`, `x`, and `y` before the loop begins. Since the invariant is based on the initial values of `x` and `y`, the pre-condition ensures that before the loop starts, the relationships necessary for the invariant to hold are already established.

### Completed C Loop Program with Invariant Annotations:
```c
void foo(int x, int y) {

    int i = x;
    int j = y;

    /* >>> LOOP INVARIANT TO FILL <<< 
       >>> PRECONDITION OF THE LOOP : (j == \at(y, Pre)) * (i == \at(x, Pre)) * (y == \at(y, Pre)) * (x == \at(x, Pre)) <<< */
    
            /*@
          loop invariant (\at(x, Pre) != 0) ==> (((j == \at(y, Pre))&&(i == \at(x, Pre))&&(y == \at(y, Pre))&&(x == \at(x, Pre))) || (j == y + (\at(x, Pre) - i)));
          loop invariant (\at(x, Pre) != 0) ==> (((j == \at(y, Pre))&&(i == \at(x, Pre))&&(y == \at(y, Pre))&&(x == \at(x, Pre))) || (y == \at(y, Pre) - (\at(x, Pre) - i)));
          loop invariant (!(\at(x, Pre) != 0)) ==> ((j == \at(y, Pre))&&(i == \at(x, Pre))&&(y == \at(y, Pre))&&(x == \at(x, Pre)));
          loop invariant j == \at(y, Pre);
          loop invariant i == \at(x, Pre);
            */
            while (x != 0) {
  
      x  = x - 1;
      y  = y - 1;
  
    }
            
  
    /*@ assert (i == j) ==> (y == 0); */
  
}
```

void foo(int x, int y) {

    int i = x;
    int j = y;

            /*@
          loop invariant (\at(x, Pre) != 0) ==> (((j == \at(y, Pre))&&(i == \at(x, Pre))&&(y == \at(y, Pre))&&(x == \at(x, Pre))) || (j == y + (\at(x, Pre) - i)));
          loop invariant (\at(x, Pre) != 0) ==> (((j == \at(y, Pre))&&(i == \at(x, Pre))&&(y == \at(y, Pre))&&(x == \at(x, Pre))) || (y == \at(y, Pre) - (\at(x, Pre) - i)));
          loop invariant (!(\at(x, Pre) != 0)) ==> ((j == \at(y, Pre))&&(i == \at(x, Pre))&&(y == \at(y, Pre))&&(x == \at(x, Pre)));
          loop invariant j == \at(y, Pre);
          loop invariant i == \at(x, Pre);
            */
            while (x != 0) {
  
      x  = x - 1;
      y  = y - 1;
  
    }
            
  
    /*@ assert (i == j) ==> (y == 0); */
  
}


void foo(int x, int y) {

    int i = x;
    int j = y;

            /*@
          loop invariant (\at(x, Pre) != 0) ==> (((j == \at(y, Pre))&&(i == \at(x, Pre))&&(y == \at(y, Pre))&&(x == \at(x, Pre))) || (j == y + (\at(x, Pre) - i)));
          loop invariant (\at(x, Pre) != 0) ==> (((j == \at(y, Pre))&&(i == \at(x, Pre))&&(y == \at(y, Pre))&&(x == \at(x, Pre))) || (y == \at(y, Pre) - (\at(x, Pre) - i)));
          loop invariant (!(\at(x, Pre) != 0)) ==> ((j == \at(y, Pre))&&(i == \at(x, Pre))&&(y == \at(y, Pre))&&(x == \at(x, Pre)));
          loop invariant j == \at(y, Pre);
          loop invariant i == \at(x, Pre);
            */
            while (x != 0) {
  
      x  = x - 1;
      y  = y - 1;
  
    }
            
  
    /*@ assert (i == j) ==> (y == 0); */
  
}

syntax Correct
Validate:
[False, True, True, True, True]

Goal Preservation of Invariant (file output/124.c, line 8):
Let x_1 = 1 + j.
Assume {
  Type: is_sint32(i) /\ is_sint32(j) /\ is_sint32(x) /\ is_sint32(y) /\
      is_sint32(x - 1) /\ is_sint32(y - 1).
  (* Goal *)
  When: i != 0.
  (* Invariant *)
  Have: (y = j) \/ ((x = i) /\ (y = j)).
  (* Then *)
  Have: x != 0.
}
Prove: (x_1 = y) \/ (((1 + i) = x) /\ (x_1 = y)).
Prover Z3 4.8.12 returns Timeout (Qed:6ms) (3s)
Error found in file: output/124.c at line: 8
Error line content: loop invariant (\at(x, Pre) != 0) ==> (((j == \at(y, Pre))&&(i == \at(x, Pre))&&(y == \at(y, Pre))&&(x == \at(x, Pre))) || (j == y + (\at(x, Pre) - i)));

Verify:
[False]

Goal Assertion (file output/124.c, line 22):
Assume {
  Type: is_sint32(i) /\ is_sint32(y).
  (* Invariant *)
  Have: ((i != 0) -> ((y = i) \/ ((i = 0) /\ (y = i)))).
  (* Invariant *)
  Have: ((i = 0) -> (y = i)).
}
Prove: y = 0.
Prover Z3 4.8.12 returns Timeout (Qed:4ms) (3s)
Error found in file: output/124.c at line: 22
Error line content: /*@ assert (i == j) ==> (y == 0); */


void foo(int x, int y) {

    int i = x;
    int j = y;

            /*@
          loop invariant (\at(x, Pre) != 0) ==> (((j == \at(y, Pre))&&(i == \at(x, Pre))&&(y == \at(y, Pre))&&(x == \at(x, Pre))) || (j == y + (\at(x, Pre) - i))) [INVARIANT FAILED] ;
          loop invariant (\at(x, Pre) != 0) ==> (((j == \at(y, Pre))&&(i == \at(x, Pre))&&(y == \at(y, Pre))&&(x == \at(x, Pre))) || (y == \at(y, Pre) - (\at(x, Pre) - i)));
          loop invariant (!(\at(x, Pre) != 0)) ==> ((j == \at(y, Pre))&&(i == \at(x, Pre))&&(y == \at(y, Pre))&&(x == \at(x, Pre)));
          loop invariant j == \at(y, Pre);
          loop invariant i == \at(x, Pre);
            */
            while (x != 0) {
  
      x  = x - 1;
      y  = y - 1;
  
    }
            
  
    /*@ assert (i == j) ==> (y == 0); */
  
}

### Error Analysis:

1. **Goal Establishment of Invariant:**
   The current loop invariant does not hold true before the loop starts executing. The precondition does not sufficiently imply the structure of the invariant. The existing invariant suggests a dependency on values that are not guaranteed by the initial state, particularly the relationship between `j`, `y`, `i`, and `x`.

2. **Goal Preservation of Invariant:**
   The invariant fails to be preserved after each iteration of the loop. The operations `x = x - 1` and `y = y - 1` change the values of `x` and `y`, and the current invariant does not appropriately capture how these changes affect the relationships among `i`, `j`, `x`, and `y`. The expression does not guarantee that the conditions will hold after each iteration.

3. **Goal Assertion:**
   The assertion after the loop (`/*@ assert (i == j) ==> (y == 0); */`) cannot be verified because the invariant does not establish a sufficient relationship between `i`, `j`, and `y` upon termination of the loop. As a result, the invariant needs to be redefined to properly relate these variables and ensure that the assertion can be proven.

### Fixed C Code:

```c
void foo(int x, int y) {

    int i = x;
    int j = y;

            /*@
          loop invariant (x >= 0) ==> (j == \at(y, Pre) && i == \at(x, Pre) && y == \at(y, Pre) - ( \at(x, Pre) - x));
          loop invariant (x >= 0) ==> (i == \at(x, Pre) && j == \at(y, Pre));
          loop invariant (x == 0) ==> (y == \at(y, Pre) - \at(x, Pre));
            */
            while (x != 0) {
  
      x  = x - 1;
      y  = y - 1;
  
    }
            
  
    /*@ assert (i == j) ==> (y == 0); */
  
}
```
after regen

void foo(int x, int y) {

    int i = x;
    int j = y;

            /*@
          loop invariant (x >= 0) ==> (j == \at(y, Pre) && i == \at(x, Pre) && y == \at(y, Pre) - ( \at(x, Pre) - x));
          loop invariant (x >= 0) ==> (i == \at(x, Pre) && j == \at(y, Pre));
          loop invariant (x == 0) ==> (y == \at(y, Pre) - \at(x, Pre));
            */
            while (x != 0) {
  
      x  = x - 1;
      y  = y - 1;
  
    }
            
  
    /*@ assert (i == j) ==> (y == 0); */
  
}

syntax Correct
Validate:
[True, True, True]

Verify:
[True]

CORRECT INVARIANT
syntax Correct
Validate:
[True, True, True]

Verify:
[True]

syntax Correct
Validate:
[True, True, True]

Verify:
[True]

已移动文件: 124.c -> finish
-----------------------------------------

文件 124.c 处理完成. 总耗时: 219.0635051727295
-----------------------------------------
finshed_files:['29.c', '87.c', '9.c', '107.c', '65.c', '59.c', '46.c', '60.c', '78.c', '11.c', '132.c', '70.c', '121.c', '94.c', '109.c', '61.c', '120.c', '42.c', '33.c', '17.c', '105.c', '101.c', '38.c', '40.c', '88.c', '4.c', '114.c', '8.c', '84.c', '83.c', '111.c', '47.c', '14.c', '49.c', '131.c', '119.c', '43.c', '50.c', '56.c', '18.c', '53.c', '35.c', '10.c', '28.c', '26.c', '73.c', '89.c', '126.c', '96.c', '57.c', '37.c', '36.c', '92.c', '68.c', '115.c', '71.c', '91.c', '22.c', '19.c', '124.c']
