file:133.c
Successfully generated loop/133.json
INNER_FLAG: False
Variable Maps: [{'x': '0', 'n': 'n@pre'}]
Path conditions: ['n@pre >= 0']
Pre condition: n@pre >= 0 && undef_data_at(&x0) * (x == 0) * (n == n@pre)
Loop Condition: x < n
Updated Loop Conditions: ['0 < n@pre']
Global Unchanged Variables ['n']
Non Inductive Variables []
[{'x': '0', 'n': 'n@pre'}]
['n@pre >= 0']

            
    /* >>> LOOP INVARIANT TO FILL <<< 
       >>> PRECONDITION OF THE LOOP : \at(n, Pre) >= 0 && undef_data_at(&x0) * (x == 0) * (n == \at(n, Pre)) <<< */
    
            /*@
          loop invariant (\at(n, Pre) >= 0) ==> (n == \at(n, Pre));
            */
            while (x < n) {
      {
       x  = x + 1;
      }
  
    }
            

            
    /* >>> LOOP INVARIANT TO FILL <<< 
       >>> PRECONDITION OF THE LOOP : \at(n, Pre) >= 0 && undef_data_at(&x0) * (x == 0) * (n == \at(n, Pre)) <<< */
    
            /*@
          loop invariant  (\at(n, Pre) >= 0) ==> ((0 < \at(n, Pre)) ==> (((x == 0)&&(n == \at(n, Pre))) || (PLACE_HOLDER_x))) ;
          loop invariant (\at(n, Pre) >= 0) ==> ((!(0 < \at(n, Pre))) ==> ((x == 0)&&(n == \at(n, Pre))));
          loop invariant (\at(n, Pre) >= 0) ==> (n == \at(n, Pre));
            */
            while (x < n) {
      {
       x  = x + 1;
      }
  
    }
            
/*@ requires n >= 0; */
void foo(int n) {

    int x = 0;
  
    
    
            
    /* >>> LOOP INVARIANT TO FILL <<< 
       >>> PRECONDITION OF THE LOOP : \at(n, Pre) >= 0 && undef_data_at(&x0) * (x == 0) * (n == \at(n, Pre)) <<< */
    
            /*@
          loop invariant  (\at(n, Pre) >= 0) ==> ((0 < \at(n, Pre)) ==> (((x == 0)&&(n == \at(n, Pre))) || (PLACE_HOLDER_x))) ;
          loop invariant (\at(n, Pre) >= 0) ==> ((!(0 < \at(n, Pre))) ==> ((x == 0)&&(n == \at(n, Pre))));
          loop invariant (\at(n, Pre) >= 0) ==> (n == \at(n, Pre));
            */
            while (x < n) {
      {
       x  = x + 1;
      }
  
    }
            
    /*@ assert x == n; */
  
  }
Let's analyze the provided C loop program and identify the necessary loop invariants in ACSL annotations. 

### a. Purpose and Structure of the Loop:
The objective of the loop is to increment the variable `x` until it reaches the value of `n`. The intended outcome is that after the loop finishes executing, `x` should be equal to `n`.

The structure of the loop consists of:
- **Loop Condition**: `x < n`, which governs the execution of the loop.
- **Operations within the Loop Body**: The operation `x = x + 1`, which increments the value of `x` by 1 in each iteration.

Relevant variables:
- `x`: The variable being incremented, initialized to `0`.
- `n`: The parameter that sets the upper limit for `x`.

### b. Discussion of the Loop Invariant:
The proposed loop invariant should capture the relationship between `x` and `n` throughout the iterations of the loop. A valid loop invariant must ensure that the conditions necessary for the loop's correctness hold true during each iteration.

### c. Establishment:
Before the loop starts, `x` is initialized to `0`. The pre-condition states that `n` is non-negative (i.e., `\at(n, Pre) >= 0`). Thus:
- If `n > 0`, then at the start of the loop, `x` is `0`, satisfying `x < n`.
- If `n == 0`, `x` is `0`, and the loop condition `x < n` is `false`, so the loop doesn't execute.

Thus, the invariant is established because it holds true for both cases.

### d. Preservation:
Assuming the invariant is true at the start of an iteration (i.e., `x < n`), after executing `x = x + 1`, `x` will be incremented. 

If the current value of `x` is less than `n`, then after the increment, `x` will still be less than `n`:
- If `x` was `k` (where `k < n`), after the increment, it becomes `k + 1`, which is still less than `n` as long as `k + 1 < n`.

Thus, the invariant is preserved at the end of each iteration.

### e. Termination Analysis of the Loop:
The loop terminates when `x` is no longer less than `n` (i.e., `x >= n`). At this point:
- If the loop condition fails, it implies `x == n` since the loop increments `x` until it meets `n`.

The invariant still holds true when the loop terminates because `x` must equal `n` at this point.

### f. Correctness of the Post-condition:
After the loop finishes executing, the post-condition asserts that `x == n`. The invariant guarantees that `x` is incremented exactly `n` times when `n` is greater than `0`, leading to the conclusion that `x` reaches the final value of `n`. Thus, the post-condition is satisfied.

### g. Implication of the Pre-condition:
The pre-condition guarantees that `n >= 0`, which implies that the loop can start safely. It also ensures that the invariant conditions are valid before the loop begins, particularly that `x` starts at `0` and that the loop can execute properly.

### Complete C Program with Invariant Annotations
Here's the complete program with the filled loop invariant:

```c
/*@ requires n >= 0; */
void foo(int n) {

    int x = 0;
  
    
    
            
    /* >>> LOOP INVARIANT TO FILL <<< 
       >>> PRECONDITION OF THE LOOP : \at(n, Pre) >= 0 && undef_data_at(&x0) * (x == 0) * (n == \at(n, Pre)) <<< */
    
            /*@
          loop invariant  (\at(n, Pre) >= 0) ==> ((0 < \at(n, Pre)) ==> (((x == 0)&&(n == \at(n, Pre))) || (x == \at(n, Pre))));
          loop invariant (\at(n, Pre) >= 0) ==> ((!(0 < \at(n, Pre))) ==> ((x == 0)&&(n == \at(n, Pre))));
          loop invariant (\at(n, Pre) >= 0) ==> (n == \at(n, Pre));
            */
            while (x < n) {
      {
       x  = x + 1;
      }
  
    }
            
    /*@ assert x == n; */
  
  }
```

In the loop invariant above, `PLACE_HOLDER_x` has been replaced with `x == \at(n, Pre)` to reflect the relationship between `x` and `n`. This ensures the invariant is maintained throughout the loop's execution.

/*@ requires n >= 0; */
void foo(int n) {

    int x = 0;
  
    
    
            
            /*@
          loop invariant  (\at(n, Pre) >= 0) ==> ((0 < \at(n, Pre)) ==> (((x == 0)&&(n == \at(n, Pre))) || (x == \at(n, Pre))));
          loop invariant (\at(n, Pre) >= 0) ==> ((!(0 < \at(n, Pre))) ==> ((x == 0)&&(n == \at(n, Pre))));
          loop invariant (\at(n, Pre) >= 0) ==> (n == \at(n, Pre));
            */
            while (x < n) {
      {
       x  = x + 1;
      }
  
    }
            
    /*@ assert x == n; */
  
  }


/*@ requires n >= 0; */
void foo(int n) {

    int x = 0;
  
    
    
            
            /*@
          loop invariant  (\at(n, Pre) >= 0) ==> ((0 < \at(n, Pre)) ==> (((x == 0)&&(n == \at(n, Pre))) || (x == \at(n, Pre))));
          loop invariant (\at(n, Pre) >= 0) ==> ((!(0 < \at(n, Pre))) ==> ((x == 0)&&(n == \at(n, Pre))));
          loop invariant (\at(n, Pre) >= 0) ==> (n == \at(n, Pre));
            */
            while (x < n) {
      {
       x  = x + 1;
      }
  
    }
            
    /*@ assert x == n; */
  
  }

syntax Correct
Validate:
[False, True, True]

Goal Preservation of Invariant (file output/133.c, line 11):
Let x_1 = 1 + x.
Assume {
  Type: is_sint32(n) /\ is_sint32(x) /\ is_sint32(x_1).
  (* Goal *)
  When: (0 < n) /\ (0 <= n).
  (* Invariant *)
  Have: (x = 0) \/ (x = n).
  (* Then *)
  Have: x < n.
}
Prove: (x = (-1)) \/ (x_1 = n).
Prover Z3 4.8.12 returns Timeout (Qed:4ms) (3s)
Error found in file: output/133.c at line: 11
Error line content: loop invariant  (\at(n, Pre) >= 0) ==> ((0 < \at(n, Pre)) ==> (((x == 0)&&(n == \at(n, Pre))) || (x == \at(n, Pre))));

Verify:
[True]


/*@ requires n >= 0; */
void foo(int n) {

    int x = 0;
  
    
    
            
            /*@
          loop invariant  (\at(n, Pre) >= 0) ==> ((0 < \at(n, Pre)) ==> (((x == 0)&&(n == \at(n, Pre))) || (x == \at(n, Pre)))) [INVARIANT FAILED] ;
          loop invariant (\at(n, Pre) >= 0) ==> ((!(0 < \at(n, Pre))) ==> ((x == 0)&&(n == \at(n, Pre))));
          loop invariant (\at(n, Pre) >= 0) ==> (n == \at(n, Pre));
            */
            while (x < n) {
      {
       x  = x + 1;
      }
  
    }
            
    /*@ assert x == n; */
  
  }

### Error Analysis:

The error reported indicates a failure in the preservation of the loop invariant. The specific invariant in question is:

```
loop invariant  (\at(n, Pre) >= 0) ==> ((0 < \at(n, Pre)) ==> (((x == 0)&&(n == \at(n, Pre))) || (x == \at(n, Pre))));
```

This invariant states that if \( n \) is greater than 0, then either \( x \) is 0 and equals \( n \) or \( x \) is equal to \( n \). The preservation condition fails because after the first iteration of the loop, \( x \) becomes 1, and thus the invariant does not hold since it must be true for all iterations of the loop.

To fix this, we can weaken the invariant by replacing the equality constraints with range constraints. Specifically, instead of asserting that \( x \) must equal \( n \) or 0, we can assert that \( x \) is always less than or equal to \( n \). This reflects the fact that \( x \) starts at 0 and increments until it reaches \( n \).

### Fixed C Code:

```c
/*@ requires n >= 0; */
void foo(int n) {

    int x = 0;
  
    
    
            
            /*@
          loop invariant  (\at(n, Pre) >= 0) ==> ((0 < \at(n, Pre)) ==> (x >= 0 && x <= \at(n, Pre))) ; 
          loop invariant (\at(n, Pre) >= 0) ==> ((!(0 < \at(n, Pre))) ==> ((x == 0)&&(n == \at(n, Pre))));
          loop invariant (\at(n, Pre) >= 0) ==> (n == \at(n, Pre));
            */
            while (x < n) {
      {
       x  = x + 1;
      }
  
    }
            
    /*@ assert x == n; */
  
  }
```
after weaken

/*@ requires n >= 0; */
void foo(int n) {

    int x = 0;
  
    
    
            
            /*@
          loop invariant  (\at(n, Pre) >= 0) ==> ((0 < \at(n, Pre)) ==> (x >= 0 && x <= \at(n, Pre))) ; 
          loop invariant (\at(n, Pre) >= 0) ==> ((!(0 < \at(n, Pre))) ==> ((x == 0)&&(n == \at(n, Pre))));
          loop invariant (\at(n, Pre) >= 0) ==> (n == \at(n, Pre));
            */
            while (x < n) {
      {
       x  = x + 1;
      }
  
    }
            
    /*@ assert x == n; */
  
  }

syntax Correct
Validate:
[True, True, True]

Verify:
[True]

CORRECT INVARIANT
syntax Correct
Validate:
[True, True, True]

Verify:
[True]

syntax Correct
Validate:
[True, True, True]

Verify:
[True]

已移动文件: 133.c -> finish
-----------------------------------------

文件 133.c 处理完成. 总耗时: 83.62255358695984
-----------------------------------------
finshed_files:['29.c', '87.c', '9.c', '107.c', '65.c', '59.c', '46.c', '60.c', '78.c', '11.c', '132.c', '70.c', '121.c', '94.c', '109.c', '61.c', '120.c', '42.c', '33.c', '17.c', '105.c', '101.c', '38.c', '40.c', '88.c', '4.c', '114.c', '8.c', '84.c', '83.c', '111.c', '47.c', '14.c', '49.c', '131.c', '119.c', '43.c', '50.c', '56.c', '18.c', '53.c', '35.c', '10.c', '28.c', '26.c', '73.c', '89.c', '126.c', '96.c', '57.c', '37.c', '36.c', '92.c', '68.c', '115.c', '71.c', '91.c', '22.c', '19.c', '124.c', '52.c', '100.c', '95.c', '90.c', '86.c', '128.c', '62.c', '77.c', '79.c', '108.c', '129.c', '34.c', '123.c', '98.c', '41.c', '27.c', '106.c', '58.c', '130.c', '20.c', '85.c', '15.c', '75.c', '104.c', '2.c', '82.c', '32.c', '23.c', '117.c', '125.c', '64.c', '6.c', '1.c', '12.c', '45.c', '113.c', '13.c', '31.c', '54.c', '93.c', '3.c', '30.c', '133.c']
