file:18.c
Successfully generated loop/18.json
INNER_FLAG: False
Variable Maps: [{'m': '1', 'x': '1', 'n': 'n@pre'}]
Path conditions: [None]
Pre condition: (m == 1) * (x == 1) * (n == n@pre)
Loop Condition: x < n
Updated Loop Conditions: ['1 < n@pre']
Global Unchanged Variables ['n']
Non Inductive Variables ['m']
[{'m': '1', 'x': '1', 'n': 'n@pre'}]
[None]

            
    /* >>> LOOP INVARIANT TO FILL <<< 
       >>> PRECONDITION OF THE LOOP : (m == 1) * (x == 1) * (n == \at(n, Pre)) <<< */
    
            /*@
          loop invariant n == \at(n, Pre);
            */
            while (x < n) {
        
        if (unknown()) {
            m = x;
        }
        
        x = x + 1;
    }
            

            
    /* >>> LOOP INVARIANT TO FILL <<< 
       >>> PRECONDITION OF THE LOOP : (m == 1) * (x == 1) * (n == \at(n, Pre)) <<< */
    
            /*@
          loop invariant (1 < \at(n, Pre)) ==> (((m == 1)&&(x == 1)&&(n == \at(n, Pre))) || (PLACE_HOLDER_x));
          loop invariant (1 < \at(n, Pre)) ==> (((m == 1)&&(x == 1)&&(n == \at(n, Pre))) || (PLACE_HOLDER_m));
          loop invariant (!(1 < \at(n, Pre))) ==> ((m == 1)&&(x == 1)&&(n == \at(n, Pre)));
          loop invariant n == \at(n, Pre);
            */
            while (x < n) {
        
        if (unknown()) {
            m = x;
        }
        
        x = x + 1;
    }
            
int unknown();
void foo(int n)
{
    int x = 1;
    int m = 1;
    
    
    
            
    /* >>> LOOP INVARIANT TO FILL <<< 
       >>> PRECONDITION OF THE LOOP : (m == 1) * (x == 1) * (n == \at(n, Pre)) <<< */
    
            /*@
          loop invariant (1 < \at(n, Pre)) ==> (((m == 1)&&(x == 1)&&(n == \at(n, Pre))) || (PLACE_HOLDER_x));
          loop invariant (1 < \at(n, Pre)) ==> (((m == 1)&&(x == 1)&&(n == \at(n, Pre))) || (PLACE_HOLDER_m));
          loop invariant (!(1 < \at(n, Pre))) ==> ((m == 1)&&(x == 1)&&(n == \at(n, Pre)));
          loop invariant n == \at(n, Pre);
            */
            while (x < n) {
        
        if (unknown()) {
            m = x;
        }
        
        x = x + 1;
    }
            
 
    /*@ assert (n > 1) ==> (m >= 1); */

}
### Analysis of the Loop

a. **Purpose and Structure of the Loop:**
The objective of the loop is to increment the variable `x` starting from `1` until it reaches the value of `n`. During each iteration, if a certain condition (determined by `unknown()`) is true, the variable `m` is set to the current value of `x`. The loop will continue as long as `x` is less than `n`.

The structure of the loop includes:
- **Condition:** `x < n`
- **Body Operations:** 
  - If `unknown()` returns true, assign `m` to `x`.
  - Increment `x` by `1`.
- **Relevant Variables:**
  - `x`: starts at `1` and increments with each iteration.
  - `m`: is conditionally updated based on the value of `x` and the condition of `unknown()`.
  - `n`: represents the limit for `x` and is passed as a parameter.

b. **Discussion of the Loop Invariant:**
The proposed loop invariant is:
- `loop invariant (1 < \at(n, Pre)) ==> (((m == 1)&&(x == 1)&&(n == \at(n, Pre))) || (PLACE_HOLDER_x));`
- `loop invariant (1 < \at(n, Pre)) ==> (((m == 1)&&(x == 1)&&(n == \at(n, Pre))) || (PLACE_HOLDER_m));`
- `loop invariant (!(1 < \at(n, Pre))) ==> ((m == 1)&&(x == 1)&&(n == \at(n, Pre)));`
- `loop invariant n == \at(n, Pre);`

These invariants maintain that:
- When `n` is greater than `1`, the variables `m`, `x`, and `n` maintain their initial values or adjust according to the loop's logic.
- When `n` is less than or equal to `1`, the values of `m`, `x`, and `n` remain at their starting values.

c. **Establishment:**
Before the loop begins execution, the initial values are:
- `m = 1`
- `x = 1`
- `n = \at(n, Pre)`

Thus, the invariant holds true since:
- When `n > 1`, we have `m == 1`, `x == 1`, and `n == \at(n, Pre)`.
- If `1 >= n`, then `m == 1`, `x == 1`, and `n == \at(n, Pre)` also hold.

d. **Preservation:**
Assuming the invariant holds at the start of an iteration:
- If `x < n`, we check the condition `unknown()`. If it's true, `m` is set to `x`, thus:
  - If `x` was previously `k`, now `m` could be `k`.
  - If `unknown()` is false, `m` remains unchanged.
- After incrementing `x`, the invariant still holds because:
  - If `x` was `k`, it becomes `k + 1`, ensuring that the invariant still reflects the state of `m`, `x`, and `n` as required.

e. **Termination Analysis of the Loop:**
The loop terminates when `x` is no longer less than `n`. At that point:
- The value of `x` will be `n`.
- The value of `m` will be the last value assigned during the loop iterations, which will be less than or equal to `n`.

The invariant still holds true as:
- If `n > 1`, we have the last updated `m` from the last iteration where `x < n`.
- If `n <= 1`, the invariant states that `m == 1` and `x == 1`.

f. **Correctness of the Post-condition:**
The post-condition asserts that if `n > 1`, then `m >= 1`. Given the loop invariant and the termination state:
- If `n > 1`, `m` would have been updated to the value of `x` before `x` reached `n`, thus `m` will be at least `1` or more.

g. **Implication of the Pre-condition:**
The pre-condition `(m == 1) * (x == 1) * (n == \at(n, Pre))` guarantees that before the loop starts:
- The values of `m`, `x`, and `n` are in the correct initial state to satisfy the established loop invariant. Thus, the invariant holds right from the beginning.

### Complete C Loop Program with Invariant Annotations

```c
int unknown();
void foo(int n)
{
    int x = 1;
    int m = 1;
    
    /*@
      loop invariant (1 < \at(n, Pre)) ==> (((m == 1)&&(x == 1)&&(n == \at(n, Pre))) || (x >= 1 && x < n));
      loop invariant (1 < \at(n, Pre)) ==> (((m == 1)&&(x == 1)&&(n == \at(n, Pre))) || (m <= n && m >= 1));
      loop invariant (!(1 < \at(n, Pre))) ==> ((m == 1)&&(x == 1)&&(n == \at(n, Pre)));
      loop invariant n == \at(n, Pre);
    */
    while (x < n) {
        if (unknown()) {
            m = x;
        }
        x = x + 1;
    }
    
    /*@ assert (n > 1) ==> (m >= 1); */
}
```

int unknown();
void foo(int n)
{
    int x = 1;
    int m = 1;
    
    /*@
      loop invariant (1 < \at(n, Pre)) ==> (((m == 1)&&(x == 1)&&(n == \at(n, Pre))) || (x >= 1 && x < n));
      loop invariant (1 < \at(n, Pre)) ==> (((m == 1)&&(x == 1)&&(n == \at(n, Pre))) || (m <= n && m >= 1));
      loop invariant (!(1 < \at(n, Pre))) ==> ((m == 1)&&(x == 1)&&(n == \at(n, Pre)));
      loop invariant n == \at(n, Pre);
    */
    while (x < n) {
        if (unknown()) {
            m = x;
        }
        x = x + 1;
    }
    
    /*@ assert (n > 1) ==> (m >= 1); */
}


int unknown();
void foo(int n)
{
    int x = 1;
    int m = 1;
    
    /*@
      loop invariant (1 < \at(n, Pre)) ==> (((m == 1)&&(x == 1)&&(n == \at(n, Pre))) || (x >= 1 && x < n));
      loop invariant (1 < \at(n, Pre)) ==> (((m == 1)&&(x == 1)&&(n == \at(n, Pre))) || (m <= n && m >= 1));
      loop invariant (!(1 < \at(n, Pre))) ==> ((m == 1)&&(x == 1)&&(n == \at(n, Pre)));
      loop invariant n == \at(n, Pre);
    */
    while (x < n) {
        if (unknown()) {
            m = x;
        }
        x = x + 1;
    }
    
    /*@ assert (n > 1) ==> (m >= 1); */
}

syntax Correct
Validate:
[False, True, True, True]

Goal Preservation of Invariant (file output/18.c, line 9):
Assume {
  Type: is_sint32(m) /\ is_sint32(m_1) /\ is_sint32(n) /\ is_sint32(tmp_0) /\
      is_sint32(x) /\ is_sint32(1 + x).
  (* Goal *)
  When: 2 <= n.
  (* Invariant *)
  Have: (0 < x) \/ ((m_1 = 1) /\ (x = 1)).
  (* Invariant *)
  Have: ((m_1 = 1) /\ (x = 1)) \/ ((0 < m_1) /\ (m_1 <= n)).
  (* Then *)
  Have: x < n.
  If tmp_0 != 0
  Then { Have: x = m. }
  Else { Have: m_1 = m. }
}
Prove: ((m = 1) /\ (x = 0)) \/ ((0 <= x) /\ ((2 + x) <= n)).
Prover Z3 4.8.12 returns Timeout (Qed:16ms) (3s)
Error found in file: output/18.c at line: 9
Error line content: loop invariant (1 < \at(n, Pre)) ==> (((m == 1)&&(x == 1)&&(n == \at(n, Pre))) || (x >= 1 && x < n));

Verify:
[True]


int unknown();
void foo(int n)
{
    int x = 1;
    int m = 1;
    
    /*@
      loop invariant (1 < \at(n, Pre)) ==> (((m == 1)&&(x == 1)&&(n == \at(n, Pre))) || (x >= 1 && x < n)) [INVARIANT FAILED] ;
      loop invariant (1 < \at(n, Pre)) ==> (((m == 1)&&(x == 1)&&(n == \at(n, Pre))) || (m <= n && m >= 1));
      loop invariant (!(1 < \at(n, Pre))) ==> ((m == 1)&&(x == 1)&&(n == \at(n, Pre)));
      loop invariant n == \at(n, Pre);
    */
    while (x < n) {
        if (unknown()) {
            m = x;
        }
        x = x + 1;
    }
    
    /*@ assert (n > 1) ==> (m >= 1); */
}

### Error Analysis:

The error report indicates that the loop invariant fails the "Goal Preservation of Invariant" condition. The specific invariant in question is:

```c
loop invariant (1 < \at(n, Pre)) ==> (((m == 1)&&(x == 1)&&(n == \at(n, Pre))) || (x >= 1 && x < n))
```

This invariant assumes that if `1 < n`, then either `(m == 1) && (x == 1) && (n == \at(n, Pre))` holds true or that `x` is in the range `[1, n)`. However, during the loop execution, `x` is incremented, and when `unknown()` returns true, `m` is assigned the value of `x`. This leads to potential inconsistencies when `x` increments beyond its initial value while still satisfying the loop condition `x < n`.

To address this, we will weaken the invariant by replacing the equality constraints with range constraints. Specifically, we will change the first part of the invariant to allow for `x` to be greater than or equal to `1` and less than `n`, rather than requiring exact values of `m` and `x` at the start of the loop.

### Fixed C Code:

```c
int unknown();
void foo(int n)
{
    int x = 1;
    int m = 1;
    
    /*@
      loop invariant (1 < \at(n, Pre)) ==> (((m >= 1)&&(x >= 1)&&(n == \at(n, Pre))) || (x >= 1 && x < n)) ;
      loop invariant (1 < \at(n, Pre)) ==> (((m >= 1)&&(x >= 1)&&(n == \at(n, Pre))) || (m <= n && m >= 1));
      loop invariant (!(1 < \at(n, Pre))) ==> ((m == 1)&&(x == 1)&&(n == \at(n, Pre)));
      loop invariant n == \at(n, Pre);
    */
    while (x < n) {
        if (unknown()) {
            m = x;
        }
        x = x + 1;
    }
    
    /*@ assert (n > 1) ==> (m >= 1); */
}
```
after weaken

int unknown();
void foo(int n)
{
    int x = 1;
    int m = 1;
    
    /*@
      loop invariant (1 < \at(n, Pre)) ==> (((m >= 1)&&(x >= 1)&&(n == \at(n, Pre))) || (x >= 1 && x < n)) ;
      loop invariant (1 < \at(n, Pre)) ==> (((m >= 1)&&(x >= 1)&&(n == \at(n, Pre))) || (m <= n && m >= 1));
      loop invariant (!(1 < \at(n, Pre))) ==> ((m == 1)&&(x == 1)&&(n == \at(n, Pre)));
      loop invariant n == \at(n, Pre);
    */
    while (x < n) {
        if (unknown()) {
            m = x;
        }
        x = x + 1;
    }
    
    /*@ assert (n > 1) ==> (m >= 1); */
}

syntax Correct
Validate:
[True, True, True, True]

Verify:
[True]

CORRECT INVARIANT
syntax Correct
Validate:
[True, True, True, True]

Verify:
[True]

syntax Correct
Validate:
[True, True, True, True]

Verify:
[True]

已移动文件: 18.c -> finish
-----------------------------------------

文件 18.c 处理完成. 总耗时: 75.80538153648376
-----------------------------------------
finshed_files:['29.c', '87.c', '9.c', '107.c', '65.c', '59.c', '46.c', '60.c', '78.c', '11.c', '132.c', '70.c', '121.c', '94.c', '109.c', '61.c', '120.c', '42.c', '33.c', '17.c', '105.c', '101.c', '38.c', '40.c', '88.c', '4.c', '114.c', '8.c', '84.c', '83.c', '111.c', '47.c', '14.c', '49.c', '131.c', '119.c', '43.c', '50.c', '56.c', '18.c']
