file:20.c
Successfully generated loop/20.json
INNER_FLAG: False
Variable Maps: [{'m': '0', 'x': '0', 'z3': 'z3@pre', 'z2': 'z2@pre', 'z1': 'z1@pre', 'n': 'n@pre'}]
Path conditions: [None]
Pre condition: (m == 0) * (x == 0) * (z3 == z3@pre) * (z2 == z2@pre) * (z1 == z1@pre) * (n == n@pre)
Loop Condition: x < n
Updated Loop Conditions: ['0 < n@pre']
Global Unchanged Variables ['z3', 'z2', 'z1', 'n']
Non Inductive Variables ['m']
[{'m': '0', 'x': '0', 'z3': 'z3@pre', 'z2': 'z2@pre', 'z1': 'z1@pre', 'n': 'n@pre'}]
[None]

            
    /* >>> LOOP INVARIANT TO FILL <<< 
       >>> PRECONDITION OF THE LOOP : (m == 0) * (x == 0) * (z3 == \at(z3, Pre)) * (z2 == \at(z2, Pre)) * (z1 == \at(z1, Pre)) * (n == \at(n, Pre)) <<< */
    
            /*@
          loop invariant z3 == \at(z3, Pre);
          loop invariant z2 == \at(z2, Pre);
          loop invariant z1 == \at(z1, Pre);
          loop invariant n == \at(n, Pre);
            */
            while (x < n) {

        if (unknown()) {
            m = x;
        }
        
        x = x + 1;
    }
            

            
    /* >>> LOOP INVARIANT TO FILL <<< 
       >>> PRECONDITION OF THE LOOP : (m == 0) * (x == 0) * (z3 == \at(z3, Pre)) * (z2 == \at(z2, Pre)) * (z1 == \at(z1, Pre)) * (n == \at(n, Pre)) <<< */
    
            /*@
          loop invariant (0 < \at(n, Pre)) ==> (((m == 0)&&(x == 0)&&(z3 == \at(z3, Pre))&&(z2 == \at(z2, Pre))&&(z1 == \at(z1, Pre))&&(n == \at(n, Pre))) || (PLACE_HOLDER_x));
          loop invariant (0 < \at(n, Pre)) ==> (((m == 0)&&(x == 0)&&(z3 == \at(z3, Pre))&&(z2 == \at(z2, Pre))&&(z1 == \at(z1, Pre))&&(n == \at(n, Pre))) || (PLACE_HOLDER_m));
          loop invariant (!(0 < \at(n, Pre))) ==> ((m == 0)&&(x == 0)&&(z3 == \at(z3, Pre))&&(z2 == \at(z2, Pre))&&(z1 == \at(z1, Pre))&&(n == \at(n, Pre)));
          loop invariant z3 == \at(z3, Pre);
          loop invariant z2 == \at(z2, Pre);
          loop invariant z1 == \at(z1, Pre);
          loop invariant n == \at(n, Pre);
            */
            while (x < n) {

        if (unknown()) {
            m = x;
        }
        
        x = x + 1;
    }
            
int unknown();
void foo(int n,int z1,int z2,int z3)
{
    int x = 0;
    int m = 0;

    
    
            
    /* >>> LOOP INVARIANT TO FILL <<< 
       >>> PRECONDITION OF THE LOOP : (m == 0) * (x == 0) * (z3 == \at(z3, Pre)) * (z2 == \at(z2, Pre)) * (z1 == \at(z1, Pre)) * (n == \at(n, Pre)) <<< */
    
            /*@
          loop invariant (0 < \at(n, Pre)) ==> (((m == 0)&&(x == 0)&&(z3 == \at(z3, Pre))&&(z2 == \at(z2, Pre))&&(z1 == \at(z1, Pre))&&(n == \at(n, Pre))) || (PLACE_HOLDER_x));
          loop invariant (0 < \at(n, Pre)) ==> (((m == 0)&&(x == 0)&&(z3 == \at(z3, Pre))&&(z2 == \at(z2, Pre))&&(z1 == \at(z1, Pre))&&(n == \at(n, Pre))) || (PLACE_HOLDER_m));
          loop invariant (!(0 < \at(n, Pre))) ==> ((m == 0)&&(x == 0)&&(z3 == \at(z3, Pre))&&(z2 == \at(z2, Pre))&&(z1 == \at(z1, Pre))&&(n == \at(n, Pre)));
          loop invariant z3 == \at(z3, Pre);
          loop invariant z2 == \at(z2, Pre);
          loop invariant z1 == \at(z1, Pre);
          loop invariant n == \at(n, Pre);
            */
            while (x < n) {

        if (unknown()) {
            m = x;
        }
        
        x = x + 1;
    }
            

    /*@ assert (n > 0) ==> (m >= 0); */

}
### Analysis of the C loop program

#### a. Purpose and Structure of the Loop:
The objective of the loop is to iterate from `x = 0` to `x < n`, where `n` is a parameter passed into the function `foo`. During each iteration, if the function `unknown()` returns true, the variable `m` is set to the current value of `x`. After evaluating the condition, `x` is incremented by 1. The intended outcome is to determine the last value of `x` that was assigned to `m` when `unknown()` returns true.

The structure of the loop consists of:
- Loop condition: `x < n`
- Operations within the body:
  - Conditional assignment: `if (unknown()) { m = x; }`
  - Increment operation: `x = x + 1;`
- Relevant variables:
  - `x`: the loop counter, initialized to 0 and incremented until it reaches `n`.
  - `m`: initialized to 0, updated conditionally based on the outcome of `unknown()`.
  - `n`: a parameter that dictates the loop's upper bound.

#### b. Discussion of the Loop Invariant:
A proposed loop invariant is that throughout the loop, the values of `m` and `x` remain constrained by their initial states. The invariant should also reflect the fact that `m` can only take values that have been assigned during the loop based on the condition of `unknown()`. 

Proposed invariant:
- `m >= 0` (since it starts at 0 and can only be updated to non-negative values)
- `x == k` where `k` is the number of iterations completed, which is less than `n`.

This invariant is valid because it captures the essence of the loop's behavior, ensuring that `m` is a valid non-negative integer and that `x` is always within bounds.

#### c. Establishment:
Before the loop starts, `x` is initialized to 0, and `m` is initialized to 0, satisfying the invariant:
- `m >= 0` holds true since `m` is initialized to 0.
- `x == 0` makes `x` valid since it is less than `n` (assuming `n > 0`).

Thus, the invariant is established before the loop starts.

#### d. Preservation:
For preservation, at the start of each loop iteration:
- If `unknown()` returns true, `m` is assigned the current value of `x`, ensuring `m` remains non-negative.
- After the assignment, `x` is incremented, which means at the end of the iteration:
  - If `x` was less than `n`, it will be incremented to a new value still less than `n` (i.e., `x + 1 < n`).
  
This means both parts of the invariant hold true after each iteration.

#### e. Termination Analysis of the Loop:
The loop terminates once `x` reaches `n`, which means:
- The last value of `x` when the loop condition becomes false is `n`.
- At termination, since `m` can only have been updated during the iterations when `unknown()` was true, `m` must still be greater than or equal to 0.

Thus, the invariant holds true even at termination as `m >= 0`.

#### f. Correctness of the Post-condition:
The post-condition states that if `n > 0`, then `m >= 0`. Given that `m` starts at 0 and can only be updated when `unknown()` returns true, the value of `m` will always be non-negative. Therefore, the loop invariant, combined with the loop's exit condition, supports the correctness of the post-condition.

#### g. Implication of the Pre-condition:
The pre-condition states that `m == 0`, `x == 0`, and `n == \at(n, Pre)`. Since `m` and `x` are initialized correctly as per the pre-condition, this guarantees that the loop invariant is established before the loop begins execution.

### Final C Loop Program with Filled Invariant Annotations:
```c
int unknown();
void foo(int n,int z1,int z2,int z3)
{
    int x = 0;
    int m = 0;

    
    
            
    /* >>> LOOP INVARIANT TO FILL <<< 
       >>> PRECONDITION OF THE LOOP : (m == 0) * (x == 0) * (z3 == \at(z3, Pre)) * (z2 == \at(z2, Pre)) * (z1 == \at(z1, Pre)) * (n == \at(n, Pre)) <<< */
    
            /*@
          loop invariant (0 < \at(n, Pre)) ==> (((m == 0)&&(x == 0)&&(z3 == \at(z3, Pre))&&(z2 == \at(z2, Pre))&&(z1 == \at(z1, Pre))&&(n == \at(n, Pre))) || (x >= 0 && x < \at(n, Pre));
          loop invariant (0 < \at(n, Pre)) ==> (((m == 0)&&(x == 0)&&(z3 == \at(z3, Pre))&&(z2 == \at(z2, Pre))&&(z1 == \at(z1, Pre))&&(n == \at(n, Pre))) || (m >= 0));
          loop invariant (!(0 < \at(n, Pre))) ==> ((m == 0)&&(x == 0)&&(z3 == \at(z3, Pre))&&(z2 == \at(z2, Pre))&&(z1 == \at(z1, Pre))&&(n == \at(n, Pre)));
          loop invariant z3 == \at(z3, Pre);
          loop invariant z2 == \at(z2, Pre);
          loop invariant z1 == \at(z1, Pre);
          loop invariant n == \at(n, Pre);
            */
            while (x < n) {

        if (unknown()) {
            m = x;
        }
        
        x = x + 1;
    }
            

    /*@ assert (n > 0) ==> (m >= 0); */

}
```

int unknown();
void foo(int n,int z1,int z2,int z3)
{
    int x = 0;
    int m = 0;

    
    
            
            /*@
          loop invariant (0 < \at(n, Pre)) ==> (((m == 0)&&(x == 0)&&(z3 == \at(z3, Pre))&&(z2 == \at(z2, Pre))&&(z1 == \at(z1, Pre))&&(n == \at(n, Pre))) || (x >= 0 && x < \at(n, Pre));
          loop invariant (0 < \at(n, Pre)) ==> (((m == 0)&&(x == 0)&&(z3 == \at(z3, Pre))&&(z2 == \at(z2, Pre))&&(z1 == \at(z1, Pre))&&(n == \at(n, Pre))) || (m >= 0));
          loop invariant (!(0 < \at(n, Pre))) ==> ((m == 0)&&(x == 0)&&(z3 == \at(z3, Pre))&&(z2 == \at(z2, Pre))&&(z1 == \at(z1, Pre))&&(n == \at(n, Pre)));
          loop invariant z3 == \at(z3, Pre);
          loop invariant z2 == \at(z2, Pre);
          loop invariant z1 == \at(z1, Pre);
          loop invariant n == \at(n, Pre);
            */
            while (x < n) {

        if (unknown()) {
            m = x;
        }
        
        x = x + 1;
    }
            

    /*@ assert (n > 0) ==> (m >= 0); */

}


int unknown();
void foo(int n,int z1,int z2,int z3)
{
    int x = 0;
    int m = 0;

    
    
            
            /*@
          loop invariant (0 < \at(n, Pre)) ==> (((m == 0)&&(x == 0)&&(z3 == \at(z3, Pre))&&(z2 == \at(z2, Pre))&&(z1 == \at(z1, Pre))&&(n == \at(n, Pre))) || (x >= 0 && x < \at(n, Pre));
          loop invariant (0 < \at(n, Pre)) ==> (((m == 0)&&(x == 0)&&(z3 == \at(z3, Pre))&&(z2 == \at(z2, Pre))&&(z1 == \at(z1, Pre))&&(n == \at(n, Pre))) || (m >= 0));
          loop invariant (!(0 < \at(n, Pre))) ==> ((m == 0)&&(x == 0)&&(z3 == \at(z3, Pre))&&(z2 == \at(z2, Pre))&&(z1 == \at(z1, Pre))&&(n == \at(n, Pre)));
          loop invariant z3 == \at(z3, Pre);
          loop invariant z2 == \at(z2, Pre);
          loop invariant z1 == \at(z1, Pre);
          loop invariant n == \at(n, Pre);
            */
            while (x < n) {

        if (unknown()) {
            m = x;
        }
        
        x = x + 1;
    }
            

    /*@ assert (n > 0) ==> (m >= 0); */

}

syntax Error
[kernel] Parsing output/20.c (with preprocessing)
[kernel:annot-error] output/20.c:12: Warning: unexpected token ';'
[kernel] User Error: warning annot-error treated as fatal error.
[kernel] Frama-C aborted: invalid user input.

after repair

int unknown();
void foo(int n,int z1,int z2,int z3)
{
    int x = 0;
    int m = 0;

    
    
            
            /*@
          loop invariant (0 < \at(n, Pre)) ==> (((m == 0)&&(x == 0)&&(z3 == \at(z3, Pre))&&(z2 == \at(z2, Pre))&&(z1 == \at(z1, Pre))&&(n == \at(n, Pre))) || (x >= 0 && x < \at(n, Pre)));
          loop invariant (0 < \at(n, Pre)) ==> (((m == 0)&&(x == 0)&&(z3 == \at(z3, Pre))&&(z2 == \at(z2, Pre))&&(z1 == \at(z1, Pre))&&(n == \at(n, Pre))) || (m >= 0));
          loop invariant (!(0 < \at(n, Pre))) ==> ((m == 0)&&(x == 0)&&(z3 == \at(z3, Pre))&&(z2 == \at(z2, Pre))&&(z1 == \at(z1, Pre))&&(n == \at(n, Pre)));
          loop invariant z3 == \at(z3, Pre);
          loop invariant z2 == \at(z2, Pre);
          loop invariant z1 == \at(z1, Pre);
          loop invariant n == \at(n, Pre);
            */
            while (x < n) {

        if (unknown()) {
            m = x;
        }
        
        x = x + 1;
    }
            

    /*@ assert (n > 0) ==> (m >= 0); */

}

syntax Correct
Validate:
[False, True, True, True, True, True, True]

Goal Preservation of Invariant (file output/20.c, line 12):
Assume {
  Type: is_sint32(m) /\ is_sint32(m_1) /\ is_sint32(n) /\ is_sint32(tmp_0) /\
      is_sint32(x) /\ is_sint32(1 + x).
  (* Goal *)
  When: 0 < n.
  (* Invariant *)
  Have: (0 <= x) \/ ((m_1 = 0) /\ (x = 0)).
  (* Invariant *)
  Have: (0 <= m_1) \/ ((m_1 = 0) /\ (x = 0)).
  (* Then *)
  Have: x < n.
  If tmp_0 != 0
  Then { Have: x = m. }
  Else { Have: m_1 = m. }
}
Prove: ((m = 0) /\ (x = (-1))) \/ (((-1) <= x) /\ ((2 + x) <= n)).
Prover Z3 4.8.12 returns Timeout (Qed:21ms) (3s)
Error found in file: output/20.c at line: 12
Error line content: loop invariant (0 < \at(n, Pre)) ==> (((m == 0)&&(x == 0)&&(z3 == \at(z3, Pre))&&(z2 == \at(z2, Pre))&&(z1 == \at(z1, Pre))&&(n == \at(n, Pre))) || (x >= 0 && x < \at(n, Pre)));

Verify:
[True]


int unknown();
void foo(int n,int z1,int z2,int z3)
{
    int x = 0;
    int m = 0;

    
    
            
            /*@
          loop invariant (0 < \at(n, Pre)) ==> (((m == 0)&&(x == 0)&&(z3 == \at(z3, Pre))&&(z2 == \at(z2, Pre))&&(z1 == \at(z1, Pre))&&(n == \at(n, Pre))) || (x >= 0 && x < \at(n, Pre))) [INVARIANT FAILED] ;
          loop invariant (0 < \at(n, Pre)) ==> (((m == 0)&&(x == 0)&&(z3 == \at(z3, Pre))&&(z2 == \at(z2, Pre))&&(z1 == \at(z1, Pre))&&(n == \at(n, Pre))) || (m >= 0));
          loop invariant (!(0 < \at(n, Pre))) ==> ((m == 0)&&(x == 0)&&(z3 == \at(z3, Pre))&&(z2 == \at(z2, Pre))&&(z1 == \at(z1, Pre))&&(n == \at(n, Pre)));
          loop invariant z3 == \at(z3, Pre);
          loop invariant z2 == \at(z2, Pre);
          loop invariant z1 == \at(z1, Pre);
          loop invariant n == \at(n, Pre);
            */
            while (x < n) {

        if (unknown()) {
            m = x;
        }
        
        x = x + 1;
    }
            

    /*@ assert (n > 0) ==> (m >= 0); */

}

### Error Analysis:

The error message indicates a failure in the preservation of the loop invariant, specifically at the line with the following invariant:

```c
loop invariant (0 < \at(n, Pre)) ==> (((m == 0)&&(x == 0)&&(z3 == \at(z3, Pre))&&(z2 == \at(z2, Pre))&&(z1 == \at(z1, Pre))&&(n == \at(n, Pre))) || (x >= 0 && x < \at(n, Pre)));
```

The issue arises because the invariant is not preserved through the iterations of the loop. The current invariant includes equality constraints that may not hold true after the assignment `m = x;` or when `x` is incremented in the loop body. Given the loop condition `x < n`, the invariant should be weakened by replacing the equality constraints with range constraints to maintain validity across iterations.

To rectify this, we will modify the first loop invariant to ensure that it accounts for the possible changes to `m` and `x` after each iteration, while still ensuring that the loop invariant supports the post-condition effectively.

### Fixed C Code:

```c
int unknown();
void foo(int n,int z1,int z2,int z3)
{
    int x = 0;
    int m = 0;

    
    
            
            /*@
          loop invariant (0 < \at(n, Pre)) ==> (((m >= 0) && (x >= 0) && (z3 == \at(z3, Pre)) && (z2 == \at(z2, Pre)) && (z1 == \at(z1, Pre)) && (n == \at(n, Pre))) || (x >= 0 && x < \at(n, Pre))) ;
          loop invariant (0 < \at(n, Pre)) ==> (((m == 0)&&(x == 0)&&(z3 == \at(z3, Pre))&&(z2 == \at(z2, Pre))&&(z1 == \at(z1, Pre))&&(n == \at(n, Pre))) || (m >= 0));
          loop invariant (!(0 < \at(n, Pre))) ==> ((m == 0)&&(x == 0)&&(z3 == \at(z3, Pre))&&(z2 == \at(z2, Pre))&&(z1 == \at(z1, Pre))&&(n == \at(n, Pre)));
          loop invariant z3 == \at(z3, Pre);
          loop invariant z2 == \at(z2, Pre);
          loop invariant z1 == \at(z1, Pre);
          loop invariant n == \at(n, Pre);
            */
            while (x < n) {

        if (unknown()) {
            m = x;
        }
        
        x = x + 1;
    }
            

    /*@ assert (n > 0) ==> (m >= 0); */

}
``` 

In this corrected code, the first loop invariant has been modified to replace `m == 0` with `m >= 0` and `x == 0` with `x >= 0`, which are more general conditions that allow for the changes made in the loop body while ensuring the invariant can still be maintained.
after weaken

int unknown();
void foo(int n,int z1,int z2,int z3)
{
    int x = 0;
    int m = 0;

    
    
            
            /*@
          loop invariant (0 < \at(n, Pre)) ==> (((m >= 0) && (x >= 0) && (z3 == \at(z3, Pre)) && (z2 == \at(z2, Pre)) && (z1 == \at(z1, Pre)) && (n == \at(n, Pre))) || (x >= 0 && x < \at(n, Pre))) ;
          loop invariant (0 < \at(n, Pre)) ==> (((m == 0)&&(x == 0)&&(z3 == \at(z3, Pre))&&(z2 == \at(z2, Pre))&&(z1 == \at(z1, Pre))&&(n == \at(n, Pre))) || (m >= 0));
          loop invariant (!(0 < \at(n, Pre))) ==> ((m == 0)&&(x == 0)&&(z3 == \at(z3, Pre))&&(z2 == \at(z2, Pre))&&(z1 == \at(z1, Pre))&&(n == \at(n, Pre)));
          loop invariant z3 == \at(z3, Pre);
          loop invariant z2 == \at(z2, Pre);
          loop invariant z1 == \at(z1, Pre);
          loop invariant n == \at(n, Pre);
            */
            while (x < n) {

        if (unknown()) {
            m = x;
        }
        
        x = x + 1;
    }
            

    /*@ assert (n > 0) ==> (m >= 0); */

}

syntax Correct
Validate:
[True, True, True, True, True, True, True]

Verify:
[True]

CORRECT INVARIANT
syntax Correct
Validate:
[True, True, True, True, True, True, True]

Verify:
[True]

syntax Correct
Validate:
[True, True, True, True, True, True, True]

Verify:
[True]

已移动文件: 20.c -> finish
-----------------------------------------

文件 20.c 处理完成. 总耗时: 85.3155415058136
-----------------------------------------
finshed_files:['29.c', '87.c', '9.c', '107.c', '65.c', '59.c', '46.c', '60.c', '78.c', '11.c', '132.c', '70.c', '121.c', '94.c', '109.c', '61.c', '120.c', '42.c', '33.c', '17.c', '105.c', '101.c', '38.c', '40.c', '88.c', '4.c', '114.c', '8.c', '84.c', '83.c', '111.c', '47.c', '14.c', '49.c', '131.c', '119.c', '43.c', '50.c', '56.c', '18.c', '53.c', '35.c', '10.c', '28.c', '26.c', '73.c', '89.c', '126.c', '96.c', '57.c', '37.c', '36.c', '92.c', '68.c', '115.c', '71.c', '91.c', '22.c', '19.c', '124.c', '52.c', '100.c', '95.c', '90.c', '86.c', '128.c', '62.c', '77.c', '79.c', '108.c', '129.c', '34.c', '123.c', '98.c', '41.c', '27.c', '106.c', '58.c', '130.c', '20.c']
