file:30.c
Successfully generated loop/30.json
INNER_FLAG: False
Variable Maps: [{'x': '100'}]
Path conditions: [None]
Pre condition: x == 100
Loop Condition: x > 0
Updated Loop Conditions: ['100 > 0']
Global Unchanged Variables []
Non Inductive Variables []
[{'x': '100'}]
[None]

            
    /* >>> LOOP INVARIANT TO FILL <<< 
       >>> PRECONDITION OF THE LOOP : x == 100 <<< */
    
            /*@
            */
            while (x > 0) {
      
      x  = x - 1;
      
    }
            

            
    /* >>> LOOP INVARIANT TO FILL <<< 
       >>> PRECONDITION OF THE LOOP : x == 100 <<< */
    
            /*@
          loop invariant  ((x == 100)) || (PLACE_HOLDER_x) ;
            */
            while (x > 0) {
      
      x  = x - 1;
      
    }
            
void foo() {
    int x = 100;
    
    
    
            
    /* >>> LOOP INVARIANT TO FILL <<< 
       >>> PRECONDITION OF THE LOOP : x == 100 <<< */
    
            /*@
          loop invariant  ((x == 100)) || (PLACE_HOLDER_x) ;
            */
            while (x > 0) {
      
      x  = x - 1;
      
    }
            
  
    /*@ assert x == 0; */
  }
### Analysis of the Given C Loop

#### a. Purpose and Structure of the Loop:
The purpose of the loop is to decrement the variable `x` from its initial value of 100 down to 0. The intended outcome is that after the loop terminates, `x` will equal 0. The loop's structure consists of the following components:
- **Condition**: The loop continues executing as long as `x` is greater than 0 (`while (x > 0)`).
- **Operations**: Inside the loop, the only operation performed is `x = x - 1`, which decreases the value of `x` by 1 in each iteration.
- **Relevant Variable**: The only variable relevant to the loop's behavior is `x`.

#### b. Discussion of the Loop Invariant:
The proposed loop invariant is that either `x` is equal to 100 or `x` is greater than or equal to 0 (`(x == 100) || (x >= 0)`). This invariant is considered valid because:
- It holds true before the loop starts (since `x` is initialized to 100).
- It remains true for each iteration of the loop, as the loop only decreases `x` by 1, ensuring that `x` remains non-negative until it eventually reaches 0.

#### c. Establishment:
The invariant satisfies the establishment condition because before the loop starts, `x` is initialized to 100. Thus, `(x == 100)` is true, fulfilling the invariant.

#### d. Preservation:
The invariant satisfies the preservation condition as follows:
- If the invariant is true at the start of an iteration (i.e., `x == 100` or `x >= 0`) and the loop condition `x > 0` holds, then at the end of the iteration, `x` will have been decremented by 1.
- Since `x` starts at 100 and decrements, it will always remain greater than or equal to 0 until it reaches 0, thus preserving the invariant `(x == 100) || (x >= 0)`.

#### e. Termination Analysis of the Loop:
When the loop terminates, `x` will be 0 because the loop condition `x > 0` will become false. At this point, the invariant still holds because `0 >= 0` is true, satisfying `(x == 100) || (x >= 0)`.

#### f. Correctness of the Post-condition:
The post-condition asserts that `x == 0` after the loop. Since the loop's logic decrements `x` from 100 down to 0, it guarantees that once the loop has finished executing, `x` will indeed equal 0. The invariant being true throughout the iterations ensures that we did not violate any constraints leading to this conclusion.

#### g. Implication of the Pre-condition:
The pre-condition `x == 100` directly implies that the invariant is established before the loop begins. Since `x` is initialized to 100, the invariant `(x == 100) || (x >= 0)` is satisfied prior to entering the loop.

### C Loop Program with Filled Invariant Annotations
```c
void foo() {
    int x = 100;
    
    /* >>> LOOP INVARIANT TO FILL <<< 
       >>> PRECONDITION OF THE LOOP : x == 100 <<< */
    
    /*@
      loop invariant ((x == 100)) || (x >= 0);
    */
    while (x > 0) {
        x = x - 1;
    }
  
    /*@ assert x == 0; */
}
``` 

In this final C code, the placeholder is filled with the loop invariant `(x == 100) || (x >= 0)`, conforming to the requirements and ensuring the correctness of the loop's behavior as analyzed.

void foo() {
    int x = 100;
    
    /*@
      loop invariant ((x == 100)) || (x >= 0);
    */
    while (x > 0) {
        x = x - 1;
    }
  
    /*@ assert x == 0; */
}


void foo() {
    int x = 100;
    
    /*@
      loop invariant ((x == 100)) || (x >= 0);
    */
    while (x > 0) {
        x = x - 1;
    }
  
    /*@ assert x == 0; */
}

syntax Correct
Validate:
[True]

Verify:
[True]

CORRECT INVARIANT
syntax Correct
Validate:
[True]

Verify:
[True]

syntax Correct
Validate:
[True]

Verify:
[True]

已移动文件: 30.c -> finish
-----------------------------------------

文件 30.c 处理完成. 总耗时: 52.54296898841858
-----------------------------------------
finshed_files:['29.c', '87.c', '9.c', '107.c', '65.c', '59.c', '46.c', '60.c', '78.c', '11.c', '132.c', '70.c', '121.c', '94.c', '109.c', '61.c', '120.c', '42.c', '33.c', '17.c', '105.c', '101.c', '38.c', '40.c', '88.c', '4.c', '114.c', '8.c', '84.c', '83.c', '111.c', '47.c', '14.c', '49.c', '131.c', '119.c', '43.c', '50.c', '56.c', '18.c', '53.c', '35.c', '10.c', '28.c', '26.c', '73.c', '89.c', '126.c', '96.c', '57.c', '37.c', '36.c', '92.c', '68.c', '115.c', '71.c', '91.c', '22.c', '19.c', '124.c', '52.c', '100.c', '95.c', '90.c', '86.c', '128.c', '62.c', '77.c', '79.c', '108.c', '129.c', '34.c', '123.c', '98.c', '41.c', '27.c', '106.c', '58.c', '130.c', '20.c', '85.c', '15.c', '75.c', '104.c', '2.c', '82.c', '32.c', '23.c', '117.c', '125.c', '64.c', '6.c', '1.c', '12.c', '45.c', '113.c', '13.c', '31.c', '54.c', '93.c', '3.c', '30.c']
