file:34.c
Successfully generated loop/34.json
INNER_FLAG: False
Variable Maps: [{'x': 'n@pre', 'v3': 'v3@pre', 'v2': 'v2@pre', 'v1': 'v1@pre', 'n': 'n@pre'}]
Path conditions: [None]
Pre condition: (x == n@pre) * (v3 == v3@pre) * (v2 == v2@pre) * (v1 == v1@pre) * (n == n@pre)
Loop Condition: x > 0
Updated Loop Conditions: ['n@pre > 0']
Global Unchanged Variables ['v3', 'v2', 'v1', 'n']
Non Inductive Variables []
[{'x': 'n@pre', 'v3': 'v3@pre', 'v2': 'v2@pre', 'v1': 'v1@pre', 'n': 'n@pre'}]
[None]

            
    /* >>> LOOP INVARIANT TO FILL <<< 
       >>> PRECONDITION OF THE LOOP : (x == \at(n, Pre)) * (v3 == \at(v3, Pre)) * (v2 == \at(v2, Pre)) * (v1 == \at(v1, Pre)) * (n == \at(n, Pre)) <<< */
    
            /*@
          loop invariant v3 == \at(v3, Pre);
          loop invariant v2 == \at(v2, Pre);
          loop invariant v1 == \at(v1, Pre);
          loop invariant n == \at(n, Pre);
            */
            while (x > 0) {
      
       x  = x - 1;
  
    }
            

            
    /* >>> LOOP INVARIANT TO FILL <<< 
       >>> PRECONDITION OF THE LOOP : (x == \at(n, Pre)) * (v3 == \at(v3, Pre)) * (v2 == \at(v2, Pre)) * (v1 == \at(v1, Pre)) * (n == \at(n, Pre)) <<< */
    
            /*@
          loop invariant (\at(n, Pre) > 0) ==> (((x == \at(n, Pre))&&(v3 == \at(v3, Pre))&&(v2 == \at(v2, Pre))&&(v1 == \at(v1, Pre))&&(n == \at(n, Pre))) || (PLACE_HOLDER_x));
          loop invariant (!(\at(n, Pre) > 0)) ==> ((x == \at(n, Pre))&&(v3 == \at(v3, Pre))&&(v2 == \at(v2, Pre))&&(v1 == \at(v1, Pre))&&(n == \at(n, Pre)));
          loop invariant v3 == \at(v3, Pre);
          loop invariant v2 == \at(v2, Pre);
          loop invariant v1 == \at(v1, Pre);
          loop invariant n == \at(n, Pre);
            */
            while (x > 0) {
      
       x  = x - 1;
  
    }
            
void foo(int n,int v1,int v2,int v3) {

    int x = n;
    
    
    
            
    /* >>> LOOP INVARIANT TO FILL <<< 
       >>> PRECONDITION OF THE LOOP : (x == \at(n, Pre)) * (v3 == \at(v3, Pre)) * (v2 == \at(v2, Pre)) * (v1 == \at(v1, Pre)) * (n == \at(n, Pre)) <<< */
    
            /*@
          loop invariant (\at(n, Pre) > 0) ==> (((x == \at(n, Pre))&&(v3 == \at(v3, Pre))&&(v2 == \at(v2, Pre))&&(v1 == \at(v1, Pre))&&(n == \at(n, Pre))) || (PLACE_HOLDER_x));
          loop invariant (!(\at(n, Pre) > 0)) ==> ((x == \at(n, Pre))&&(v3 == \at(v3, Pre))&&(v2 == \at(v2, Pre))&&(v1 == \at(v1, Pre))&&(n == \at(n, Pre)));
          loop invariant v3 == \at(v3, Pre);
          loop invariant v2 == \at(v2, Pre);
          loop invariant v1 == \at(v1, Pre);
          loop invariant n == \at(n, Pre);
            */
            while (x > 0) {
      
       x  = x - 1;
  
    }
            
  
   /*@ assert (n >= 0) ==> (x == 0); */
  }
### Analysis of the Loop

#### a. Purpose and Structure of the Loop:
The objective of the loop is to decrement the variable `x` until it reaches zero. The loop runs as long as `x` is greater than zero. The relevant variables in this loop are:
- `x`: initially set to `n`, it is decremented in each iteration of the loop.
- `n`: the initial value of `x`, passed as a parameter to the function.
- `v1`, `v2`, `v3`: additional parameters that are not modified in the loop but are part of the pre-condition and loop invariants.

#### b. Discussion of the Loop Invariant:
The proposed loop invariant must reflect the relationship between `x` and `n` as well as the values of `v1`, `v2`, and `v3`. A valid invariant could be: 
- When `n > 0`, `x` must equal `n` minus the number of times the loop has executed (i.e., `initial_n - (initial_n - x)`). 

#### c. Establishment:
Before the loop starts, `x` is initialized to `n`. The establishment condition holds because:
- The pre-condition guarantees that `x` is equal to `n` before entering the loop, thus fulfilling the invariant condition for the case when `n > 0`.

#### d. Preservation:
During each iteration of the loop:
- If `x` is greater than zero, we decrement `x`. 
- The invariant states that if `n > 0`, `x` is equal to `n - (initial_n - x)`, which remains true after decrementing `x`.
- The values of `v1`, `v2`, and `v3` remain unchanged, thus preserving the invariant involving these variables.

#### e. Termination Analysis of the Loop:
When the loop terminates, `x` is 0 (since the loop condition is `x > 0`). The relevant variables are:
- `x == 0` and the loop condition `x > 0` is false.
- The loop invariant still holds because, based on the invariant, if `n > 0` and `x` has been decremented to 0, it implies that the loop executed exactly `n` times, thus confirming that `x` is equal to `0` when the loop exits.

#### f. Correctness of the Post-condition:
The post-condition states that if `n >= 0`, then `x` must be `0`. The loop invariant ensures that:
- When the loop exits, if `n` was greater than zero, `x` is indeed `0` due to the decrements in each iteration.
- If `n` was initially `0`, the loop did not execute, and `x` remains `0`. Thus, the post-condition is satisfied.

#### g. Implication of the Pre-condition:
The pre-condition `(x == \at(n, Pre)) * (v3 == \at(v3, Pre)) * (v2 == \at(v2, Pre)) * (v1 == \at(v1, Pre)) * (n == \at(n, Pre))` ensures that:
- `x` is set to `n` before entering the loop, guaranteeing that the invariant holds as required for the establishment condition.

### Complete C Loop Program with Invariant Annotations

```c
void foo(int n,int v1,int v2,int v3) {

    int x = n;
    
    /* >>> LOOP INVARIANT TO FILL <<< 
       >>> PRECONDITION OF THE LOOP : (x == \at(n, Pre)) * (v3 == \at(v3, Pre)) * (v2 == \at(v2, Pre)) * (v1 == \at(v1, Pre)) * (n == \at(n, Pre)) <<< */
    
            /*@
          loop invariant (\at(n, Pre) > 0) ==> (((x == \at(n, Pre))&&(v3 == \at(v3, Pre))&&(v2 == \at(v2, Pre))&&(v1 == \at(v1, Pre))&&(n == \at(n, Pre))) || (x == \at(n, Pre) - (n - \at(n, Pre))));
          loop invariant (!(\at(n, Pre) > 0)) ==> ((x == \at(n, Pre))&&(v3 == \at(v3, Pre))&&(v2 == \at(v2, Pre))&&(v1 == \at(v1, Pre))&&(n == \at(n, Pre)));
          loop invariant v3 == \at(v3, Pre);
          loop invariant v2 == \at(v2, Pre);
          loop invariant v1 == \at(v1, Pre);
          loop invariant n == \at(n, Pre);
            */
            while (x > 0) {
      
       x  = x - 1;
  
    }
            
  
   /*@ assert (n >= 0) ==> (x == 0); */
}
```

void foo(int n,int v1,int v2,int v3) {

    int x = n;
    
            /*@
          loop invariant (\at(n, Pre) > 0) ==> (((x == \at(n, Pre))&&(v3 == \at(v3, Pre))&&(v2 == \at(v2, Pre))&&(v1 == \at(v1, Pre))&&(n == \at(n, Pre))) || (x == \at(n, Pre) - (n - \at(n, Pre))));
          loop invariant (!(\at(n, Pre) > 0)) ==> ((x == \at(n, Pre))&&(v3 == \at(v3, Pre))&&(v2 == \at(v2, Pre))&&(v1 == \at(v1, Pre))&&(n == \at(n, Pre)));
          loop invariant v3 == \at(v3, Pre);
          loop invariant v2 == \at(v2, Pre);
          loop invariant v1 == \at(v1, Pre);
          loop invariant n == \at(n, Pre);
            */
            while (x > 0) {
      
       x  = x - 1;
  
    }
            
  
   /*@ assert (n >= 0) ==> (x == 0); */
}


void foo(int n,int v1,int v2,int v3) {

    int x = n;
    
            /*@
          loop invariant (\at(n, Pre) > 0) ==> (((x == \at(n, Pre))&&(v3 == \at(v3, Pre))&&(v2 == \at(v2, Pre))&&(v1 == \at(v1, Pre))&&(n == \at(n, Pre))) || (x == \at(n, Pre) - (n - \at(n, Pre))));
          loop invariant (!(\at(n, Pre) > 0)) ==> ((x == \at(n, Pre))&&(v3 == \at(v3, Pre))&&(v2 == \at(v2, Pre))&&(v1 == \at(v1, Pre))&&(n == \at(n, Pre)));
          loop invariant v3 == \at(v3, Pre);
          loop invariant v2 == \at(v2, Pre);
          loop invariant v1 == \at(v1, Pre);
          loop invariant n == \at(n, Pre);
            */
            while (x > 0) {
      
       x  = x - 1;
  
    }
            
  
   /*@ assert (n >= 0) ==> (x == 0); */
}

syntax Correct
Validate:
[False, True, True, True, True, True]

Goal Preservation of Invariant (file output/34.c, line 7):
Assume { Type: is_sint32(n) /\ is_sint32(n - 1). (* Goal *) When: 0 < n. }
Prove: false.
Prover Z3 4.8.12 returns Timeout (Qed:6ms) (3s)
Error found in file: output/34.c at line: 7
Error line content: loop invariant (\at(n, Pre) > 0) ==> (((x == \at(n, Pre))&&(v3 == \at(v3, Pre))&&(v2 == \at(v2, Pre))&&(v1 == \at(v1, Pre))&&(n == \at(n, Pre))) || (x == \at(n, Pre) - (n - \at(n, Pre))));

Verify:
[True]


void foo(int n,int v1,int v2,int v3) {

    int x = n;
    
            /*@
          loop invariant (\at(n, Pre) > 0) ==> (((x == \at(n, Pre))&&(v3 == \at(v3, Pre))&&(v2 == \at(v2, Pre))&&(v1 == \at(v1, Pre))&&(n == \at(n, Pre))) || (x == \at(n, Pre) - (n - \at(n, Pre)))) [INVARIANT FAILED] ;
          loop invariant (!(\at(n, Pre) > 0)) ==> ((x == \at(n, Pre))&&(v3 == \at(v3, Pre))&&(v2 == \at(v2, Pre))&&(v1 == \at(v1, Pre))&&(n == \at(n, Pre)));
          loop invariant v3 == \at(v3, Pre);
          loop invariant v2 == \at(v2, Pre);
          loop invariant v1 == \at(v1, Pre);
          loop invariant n == \at(n, Pre);
            */
            while (x > 0) {
      
       x  = x - 1;
  
    }
            
  
   /*@ assert (n >= 0) ==> (x == 0); */
}

### Error Analysis:

The error message indicates that there is a problem with the preservation of the loop invariant. Specifically, it states that the invariant does not hold after the first iteration when the loop condition is true. The existing invariant attempts to assert that either `x` is equal to the initial value minus the number of iterations that have occurred, which is expressed as `x == \at(n, Pre) - (n - \at(n, Pre))`. This approach fails because it does not account for the fact that `x` is simply decremented by `1` in each iteration, which may not maintain the relationship expressed in the invariant.

To fix this, we can replace the equality constraint with a range constraint to reflect that `x` should always be non-negative as long as the loop condition holds. This ensures that the invariant remains true throughout the iterations, without relying on specific equality checks which may not be valid as `x` changes.

### Fixed C Code:

```c
void foo(int n,int v1,int v2,int v3) {

    int x = n;
    
            /*@
          loop invariant (\at(n, Pre) > 0) ==> (((x == \at(n, Pre))&&(v3 == \at(v3, Pre))&&(v2 == \at(v2, Pre))&&(v1 == \at(v1, Pre))&&(n == \at(n, Pre))) || (0 <= x <= \at(n, Pre)));
          loop invariant (!(\at(n, Pre) > 0)) ==> ((x == \at(n, Pre))&&(v3 == \at(v3, Pre))&&(v2 == \at(v2, Pre))&&(v1 == \at(v1, Pre))&&(n == \at(n, Pre)));
          loop invariant v3 == \at(v3, Pre);
          loop invariant v2 == \at(v2, Pre);
          loop invariant v1 == \at(v1, Pre);
          loop invariant n == \at(n, Pre);
            */
            while (x > 0) {
      
       x  = x - 1;
  
    }
            
  
   /*@ assert (n >= 0) ==> (x == 0); */
}
```
after weaken

void foo(int n,int v1,int v2,int v3) {

    int x = n;
    
            /*@
          loop invariant (\at(n, Pre) > 0) ==> (((x == \at(n, Pre))&&(v3 == \at(v3, Pre))&&(v2 == \at(v2, Pre))&&(v1 == \at(v1, Pre))&&(n == \at(n, Pre))) || (0 <= x <= \at(n, Pre)));
          loop invariant (!(\at(n, Pre) > 0)) ==> ((x == \at(n, Pre))&&(v3 == \at(v3, Pre))&&(v2 == \at(v2, Pre))&&(v1 == \at(v1, Pre))&&(n == \at(n, Pre)));
          loop invariant v3 == \at(v3, Pre);
          loop invariant v2 == \at(v2, Pre);
          loop invariant v1 == \at(v1, Pre);
          loop invariant n == \at(n, Pre);
            */
            while (x > 0) {
      
       x  = x - 1;
  
    }
            
  
   /*@ assert (n >= 0) ==> (x == 0); */
}

syntax Correct
Validate:
[True, True, True, True, True, True]

Verify:
[True]

CORRECT INVARIANT
syntax Correct
Validate:
[True, True, True, True, True, True]

Verify:
[True]

syntax Correct
Validate:
[True, True, True, True, True, True]

Verify:
[True]

已移动文件: 34.c -> finish
-----------------------------------------

文件 34.c 处理完成. 总耗时: 84.06092810630798
-----------------------------------------
finshed_files:['29.c', '87.c', '9.c', '107.c', '65.c', '59.c', '46.c', '60.c', '78.c', '11.c', '132.c', '70.c', '121.c', '94.c', '109.c', '61.c', '120.c', '42.c', '33.c', '17.c', '105.c', '101.c', '38.c', '40.c', '88.c', '4.c', '114.c', '8.c', '84.c', '83.c', '111.c', '47.c', '14.c', '49.c', '131.c', '119.c', '43.c', '50.c', '56.c', '18.c', '53.c', '35.c', '10.c', '28.c', '26.c', '73.c', '89.c', '126.c', '96.c', '57.c', '37.c', '36.c', '92.c', '68.c', '115.c', '71.c', '91.c', '22.c', '19.c', '124.c', '52.c', '100.c', '95.c', '90.c', '86.c', '128.c', '62.c', '77.c', '79.c', '108.c', '129.c', '34.c']
