file:37.c
Successfully generated loop/37.json
INNER_FLAG: False
Variable Maps: [{'c': '0'}]
Path conditions: [None]
Pre condition: c == 0
Loop Condition: unknown()
Updated Loop Conditions: ['unknown()']
Global Unchanged Variables []
Non Inductive Variables ['c']
[{'c': '0'}]
[None]

            
    /* >>> LOOP INVARIANT TO FILL <<< 
       >>> PRECONDITION OF THE LOOP : c == 0 <<< */
    
            /*@
            */
            while (unknown()) {
      if (unknown()) {
        if (c != 40) {
          c  = c + 1;
        }
      } else {
        if (c == 40) {
          c  = 1;
        }
      }
    }
            

            
    /* >>> LOOP INVARIANT TO FILL <<< 
       >>> PRECONDITION OF THE LOOP : c == 0 <<< */
    
            /*@
          loop invariant  ((c == 0)) || (PLACE_HOLDER_c) ;
            */
            while (unknown()) {
      if (unknown()) {
        if (c != 40) {
          c  = c + 1;
        }
      } else {
        if (c == 40) {
          c  = 1;
        }
      }
    }
            
int unknown();

void foo()  
    {
    int c = 0;
  
    
            
    /* >>> LOOP INVARIANT TO FILL <<< 
       >>> PRECONDITION OF THE LOOP : c == 0 <<< */
    
            /*@
          loop invariant  ((c == 0)) || (PLACE_HOLDER_c) ;
            */
            while (unknown()) {
      if (unknown()) {
        if (c != 40) {
          c  = c + 1;
        }
      } else {
        if (c == 40) {
          c  = 1;
        }
      }
    }
            
      /*@ assert ((c < 0) && (c > 40)) ==> (c == 40);*/
  
  }
  
Let's analyze the provided C loop program and develop the required loop invariants in ACSL annotations.

### a. Purpose and Structure of the Loop:

**Objective of the Loop:**
The purpose of the loop is to modify the variable `c` based on certain conditions until some unknown condition (provided by the `unknown()` function) is no longer satisfied.

**Structure of the Loop:**
- The loop continues executing as long as `unknown()` returns true.
- Inside the loop, there are two conditional statements:
  - If `unknown()` returns true:
    - If `c` is not equal to 40, `c` is incremented by 1.
  - If `unknown()` returns false:
    - If `c` is equal to 40, `c` is set to 1.
- The relevant variable being modified is `c`.

### b. Discussion of the Loop Invariant:

**Proposed Loop Invariant:**
We propose the following loop invariant:
- `c >= 0 && c <= 40`.

**Validity of the Invariant:**
This invariant is valid because:
- It captures the possible range of values for `c` throughout the execution of the loop. Since `c` starts at 0 and can only be incremented or reset to 1, it will always stay within the bounds of 0 to 40.

### c. Establishment:

**Establishment Condition:**
Before the loop starts, `c` is initialized to 0, which satisfies the invariant `c >= 0 && c <= 40`. Therefore, the invariant holds true before the loop begins execution.

### d. Preservation:

**Preservation Condition:**
- If `c` is in the range [0, 40] at the start of an iteration:
  - If `unknown()` returns true and `c != 40`, `c` is incremented by 1, ensuring `c` remains within the range [0, 40].
  - If `unknown()` returns true and `c == 40`, `c` remains unchanged, still satisfying the invariant.
  - If `unknown()` returns false and `c == 40`, `c` is set to 1, which is still within the range.
  
Thus, the invariant holds true at the end of each iteration.

### e. Termination Analysis of the Loop:

**Termination Condition:**
When the loop terminates, it means `unknown()` returns false. The relevant variable `c` could either be:
- Between 0 and 39 if the loop incremented it, or
- Reset to 1 if it was 40 when the second condition was satisfied.

In both cases, `c` still satisfies the invariant `c >= 0 && c <= 40`.

### f. Correctness of the Post-condition:

**Post-condition:**
The post-condition states `((c < 0) && (c > 40)) ==> (c == 40)`. Since `c` can never be less than 0 or greater than 40 due to the invariant, the implication holds vacuously. Therefore, the post-condition is correct.

### g. Implication of the Pre-condition:

**Pre-condition Implication:**
The pre-condition states `c == 0`, which guarantees that the invariant `c >= 0 && c <= 40` is established before the loop begins. Thus, the pre-condition implies the loop invariant.

### Complete C Loop Program with Invariant Annotations:

Here is the complete C loop program with the invariant annotations filled in:

```c
int unknown();

void foo()  
{
    int c = 0;
    
    /* >>> LOOP INVARIANT TO FILL <<< 
       >>> PRECONDITION OF THE LOOP : c == 0 <<< */
    
    /*@
      loop invariant (c >= 0 && c <= 40);
    */
    while (unknown()) {
        if (unknown()) {
            if (c != 40) {
                c  = c + 1;
            }
        } else {
            if (c == 40) {
                c  = 1;
            }
        }
    }
    
    /*@ assert ((c < 0) && (c > 40)) ==> (c == 40);*/
}
``` 

This analysis provides the required insights and annotations for the given C code, helping to verify its properties using Frama-C.

int unknown();

void foo()  
{
    int c = 0;
    
    /*@
      loop invariant (c >= 0 && c <= 40);
    */
    while (unknown()) {
        if (unknown()) {
            if (c != 40) {
                c  = c + 1;
            }
        } else {
            if (c == 40) {
                c  = 1;
            }
        }
    }
    
    /*@ assert ((c < 0) && (c > 40)) ==> (c == 40);*/
}


int unknown();

void foo()  
{
    int c = 0;
    
    /*@
      loop invariant (c >= 0 && c <= 40);
    */
    while (unknown()) {
        if (unknown()) {
            if (c != 40) {
                c  = c + 1;
            }
        } else {
            if (c == 40) {
                c  = 1;
            }
        }
    }
    
    /*@ assert ((c < 0) && (c > 40)) ==> (c == 40);*/
}

syntax Correct
Validate:
[True]

Verify:
[True]

CORRECT INVARIANT
syntax Correct
Validate:
[True]

Verify:
[True]

syntax Correct
Validate:
[True]

Verify:
[True]

已移动文件: 37.c -> finish
-----------------------------------------

文件 37.c 处理完成. 总耗时: 54.619142293930054
-----------------------------------------
finshed_files:['29.c', '87.c', '9.c', '107.c', '65.c', '59.c', '46.c', '60.c', '78.c', '11.c', '132.c', '70.c', '121.c', '94.c', '109.c', '61.c', '120.c', '42.c', '33.c', '17.c', '105.c', '101.c', '38.c', '40.c', '88.c', '4.c', '114.c', '8.c', '84.c', '83.c', '111.c', '47.c', '14.c', '49.c', '131.c', '119.c', '43.c', '50.c', '56.c', '18.c', '53.c', '35.c', '10.c', '28.c', '26.c', '73.c', '89.c', '126.c', '96.c', '57.c', '37.c']
