file:38.c
Successfully generated loop/38.json
INNER_FLAG: False
Variable Maps: [{'c': '0', 'n': 'n@pre'}]
Path conditions: ['n@pre > 0']
Pre condition: n@pre > 0 && (c == 0) * (n == n@pre)
Loop Condition: unknown()
Updated Loop Conditions: ['unknown()']
Global Unchanged Variables ['n']
Non Inductive Variables ['c']
[{'c': '0', 'n': 'n@pre'}]
['n@pre > 0']

            
    /* >>> LOOP INVARIANT TO FILL <<< 
       >>> PRECONDITION OF THE LOOP : \at(n, Pre) > 0 && (c == 0) * (n == \at(n, Pre)) <<< */
    
            /*@
          loop invariant (\at(n, Pre) > 0) ==> (n == \at(n, Pre));
            */
            while (unknown()){
        
        if(c == n) {
            c = 1;
        }
        else {
            c = c + 1;
        }
    }
            

            
    /* >>> LOOP INVARIANT TO FILL <<< 
       >>> PRECONDITION OF THE LOOP : \at(n, Pre) > 0 && (c == 0) * (n == \at(n, Pre)) <<< */
    
            /*@
          loop invariant  (\at(n, Pre) > 0) ==> (((c == 0)&&(n == \at(n, Pre))) || (PLACE_HOLDER_c)) ;
          loop invariant (\at(n, Pre) > 0) ==> (n == \at(n, Pre));
            */
            while (unknown()){
        
        if(c == n) {
            c = 1;
        }
        else {
            c = c + 1;
        }
    }
            
int unknown();
/*@ requires n > 0; */
void foo(int n)   
    {

    int c = 0;

    
            
    /* >>> LOOP INVARIANT TO FILL <<< 
       >>> PRECONDITION OF THE LOOP : \at(n, Pre) > 0 && (c == 0) * (n == \at(n, Pre)) <<< */
    
            /*@
          loop invariant  (\at(n, Pre) > 0) ==> (((c == 0)&&(n == \at(n, Pre))) || (PLACE_HOLDER_c)) ;
          loop invariant (\at(n, Pre) > 0) ==> (n == \at(n, Pre));
            */
            while (unknown()){
        
        if(c == n) {
            c = 1;
        }
        else {
            c = c + 1;
        }
    }
            
           
    /*@ assert (c == n) ==> (c >= 0); */

}
Let's analyze the given C loop program and generate the necessary loop invariants in ACSL annotations.

### a. Purpose and Structure of the Loop:
The purpose of the loop is to count from 0 to `n`, where `n` is a positive integer. The loop continues executing as long as the condition specified by `unknown()` holds true. Within the loop, the variable `c` is incremented until it reaches `n`, at which point `c` is set to 1. The loop's structure involves checking the value of `c` against `n` and updating `c` accordingly.

Relevant variables:
- `n`: A positive integer, which is the upper limit for variable `c`.
- `c`: A counter that starts at 0 and is incremented in each iteration of the loop.

### b. Discussion of the Loop Invariant:
A valid loop invariant must hold true before the loop starts, be preserved during each iteration, and must also be true when the loop terminates. The proposed loop invariant is that `c` is always less than or equal to `n` and that when `c` reaches `n`, it must change to 1. 

### c. Establishment:
Before the loop starts, `c` is initialized to 0. Since the pre-condition states that `\at(n, Pre) > 0`, the invariant holds as `c` (which is 0) is less than or equal to `n`. Thus, the invariant is established before the loop begins.

### d. Preservation:
At the start of each iteration, if the invariant states that `c <= n`, it will remain true since if `c` is equal to `n`, it is set to 1. If `c` is less than `n`, it is incremented by 1, keeping it still less than or equal to `n`. Therefore, the invariant is preserved through each iteration.

### e. Termination Analysis of the Loop:
The loop terminates when `unknown()` returns false. At this point, `c` will be either equal to `n` (which would have been set to 1) or less than `n`. The invariant holds true as `c` is still constrained by `n`.

### f. Correctness of the Post-condition:
The post-condition states that if `c` equals `n`, then `c >= 0`. Since `c` starts at 0 and is incremented, it will always be non-negative. The invariant ensures that when the loop ends, `c` will either be equal to `n` (and thus still valid) or less than `n`, ensuring the post-condition is satisfied.

### g. Implication of the Pre-condition:
The pre-condition states that `\at(n, Pre) > 0 && (c == 0) * (n == \at(n, Pre))`, which ensures that before the loop starts, `c` is initialized to 0 and `n` remains unchanged from its initial value. This guarantees that the invariant holds before the loop begins execution.

### Final C Loop Program with Invariant Annotations:
Here is the complete C loop program with the `PLACE_HOLDER` filled in:

```c
int unknown();
/*@ requires n > 0; */
void foo(int n)   
    {

    int c = 0;

    
            
    /* >>> LOOP INVARIANT TO FILL <<< 
       >>> PRECONDITION OF THE LOOP : \at(n, Pre) > 0 && (c == 0) * (n == \at(n, Pre)) <<< */
    
            /*@
          loop invariant  (\at(n, Pre) > 0) ==> (((c == 0)&&(n == \at(n, Pre))) || (c <= \at(n, Pre)));
          loop invariant (\at(n, Pre) > 0) ==> (n == \at(n, Pre));
            */
            while (unknown()){
        
        if(c == n) {
            c = 1;
        }
        else {
            c = c + 1;
        }
    }
            
           
    /*@ assert (c == n) ==> (c >= 0); */

}
```

In this completed program, the `PLACE_HOLDER` has been filled with the condition `c <= \at(n, Pre)`, which maintains the loop invariant and satisfies the necessary conditions for verification with Frama-C.

int unknown();
/*@ requires n > 0; */
void foo(int n)   
    {

    int c = 0;

    
            
            /*@
          loop invariant  (\at(n, Pre) > 0) ==> (((c == 0)&&(n == \at(n, Pre))) || (c <= \at(n, Pre)));
          loop invariant (\at(n, Pre) > 0) ==> (n == \at(n, Pre));
            */
            while (unknown()){
        
        if(c == n) {
            c = 1;
        }
        else {
            c = c + 1;
        }
    }
            
           
    /*@ assert (c == n) ==> (c >= 0); */

}


int unknown();
/*@ requires n > 0; */
void foo(int n)   
    {

    int c = 0;

    
            
            /*@
          loop invariant  (\at(n, Pre) > 0) ==> (((c == 0)&&(n == \at(n, Pre))) || (c <= \at(n, Pre)));
          loop invariant (\at(n, Pre) > 0) ==> (n == \at(n, Pre));
            */
            while (unknown()){
        
        if(c == n) {
            c = 1;
        }
        else {
            c = c + 1;
        }
    }
            
           
    /*@ assert (c == n) ==> (c >= 0); */

}

syntax Correct
Validate:
[True, True]

Verify:
[True]

CORRECT INVARIANT
syntax Correct
Validate:
[True, True]

Verify:
[True]

syntax Correct
Validate:
[True, True]

Verify:
[True]

已移动文件: 38.c -> finish
-----------------------------------------

文件 38.c 处理完成. 总耗时: 55.63418459892273
-----------------------------------------
finshed_files:['29.c', '87.c', '9.c', '107.c', '65.c', '59.c', '46.c', '60.c', '78.c', '11.c', '132.c', '70.c', '121.c', '94.c', '109.c', '61.c', '120.c', '42.c', '33.c', '17.c', '105.c', '101.c', '38.c']
