file:39.c
Successfully generated loop/39.json
INNER_FLAG: False
Variable Maps: [{'c': '0', 'n': 'n@pre'}]
Path conditions: ['n@pre > 0']
Pre condition: n@pre > 0 && (c == 0) * (n == n@pre)
Loop Condition: unknown()
Updated Loop Conditions: ['unknown()']
Global Unchanged Variables ['n']
Non Inductive Variables ['c']
[{'c': '0', 'n': 'n@pre'}]
['n@pre > 0']

            
    /* >>> LOOP INVARIANT TO FILL <<< 
       >>> PRECONDITION OF THE LOOP : \at(n, Pre) > 0 && (c == 0) * (n == \at(n, Pre)) <<< */
    
            /*@
          loop invariant (\at(n, Pre) > 0) ==> (n == \at(n, Pre));
            */
            while (unknown()){
        
        if(c == n) {
            c = 1;
        }
        else {
            c = c + 1;
        }
    }
            

            
    /* >>> LOOP INVARIANT TO FILL <<< 
       >>> PRECONDITION OF THE LOOP : \at(n, Pre) > 0 && (c == 0) * (n == \at(n, Pre)) <<< */
    
            /*@
          loop invariant  (\at(n, Pre) > 0) ==> (((c == 0)&&(n == \at(n, Pre))) || (PLACE_HOLDER_c)) ;
          loop invariant (\at(n, Pre) > 0) ==> (n == \at(n, Pre));
            */
            while (unknown()){
        
        if(c == n) {
            c = 1;
        }
        else {
            c = c + 1;
        }
    }
            
int unknown();
/*@ requires n > 0; */
void foo(int n)   
    {

    int c = 0;

    
            
    /* >>> LOOP INVARIANT TO FILL <<< 
       >>> PRECONDITION OF THE LOOP : \at(n, Pre) > 0 && (c == 0) * (n == \at(n, Pre)) <<< */
    
            /*@
          loop invariant  (\at(n, Pre) > 0) ==> (((c == 0)&&(n == \at(n, Pre))) || (PLACE_HOLDER_c)) ;
          loop invariant (\at(n, Pre) > 0) ==> (n == \at(n, Pre));
            */
            while (unknown()){
        
        if(c == n) {
            c = 1;
        }
        else {
            c = c + 1;
        }
    }
            
           
    /*@ assert  (c == n) ==> (c <= n); */


}
### Analysis of the Loop

#### a. Purpose and Structure of the Loop
The loop in the function `foo` is designed to increment the variable `c` until it reaches the value of `n`. Initially, `c` is set to 0, and the loop continues as long as the function `unknown()` returns true. The outcome of this loop is to have `c` equal to `n` when the loop terminates, provided that there are no interruptions from `unknown()` returning false before `c` reaches `n`.

#### b. Discussion of the Loop Invariant
The proposed loop invariant is:
```acsl
loop invariant (\at(n, Pre) > 0) ==> (((c == 0) && (n == \at(n, Pre))) || (PLACE_HOLDER_c));
```
This invariant states that if `n` is greater than 0, then either `c` is still 0 and `n` is equal to its initial value (from the pre-condition), or `PLACE_HOLDER_c` holds. The invariant is valid because it accurately describes the relationship between `c` and `n` through the iterations of the loop. 

#### c. Establishment
Before the loop starts, `c` is initialized to 0, and the pre-condition guarantees that `n` is greater than 0. Thus, the invariant holds true since `c == 0` and `n == \at(n, Pre)` at the beginning of the loop.

#### d. Preservation
During each iteration of the loop, if the invariant is true at the start:
- If `c` is equal to `n`, `c` is set to 1. In this case, while the invariant `c == 0` would not hold, the condition for `PLACE_HOLDER_c` must be satisfied to maintain the overall truth of the invariant.
- If `c` is not equal to `n`, `c` is incremented by 1. The invariant must still hold after this operation. As `c` increments, it approaches `n`. Therefore, if we define `PLACE_HOLDER_c` as `c < n`, the invariant remains true.

#### e. Termination Analysis of the Loop
The loop terminates when `unknown()` returns false. At that point, the value of `c` will either be equal to `n` (if the loop executed enough times) or greater than `n` (if `unknown()` allowed for early termination). Regardless, we can conclude:
- If the loop terminates with `c == n`, the invariant holds.
- If it terminates with `c < n`, it must satisfy the invariant that `c < n`.

#### f. Correctness of the Post-condition
The post-condition states that `(c == n) ==> (c <= n)`. This is trivially true since if `c` is equal to `n`, it is also less than or equal to `n`. The loop invariant ensures that `c` was incremented correctly based on the loop's operations and the conditions set forth.

#### g. Implication of the Pre-condition
The pre-condition `\at(n, Pre) > 0 && (c == 0) * (n == \at(n, Pre))` ensures that before the loop begins, `c` is initialized to 0, and `n` has a positive value. This guarantees that the invariant holds true before the loop starts executing.

### Complete C Loop Program with Invariant Annotations
Here is the complete C loop program with the invariant annotations filled in:

```c
int unknown();
/*@ requires n > 0; */
void foo(int n)   
    {

    int c = 0;

    
            
    /*@ 
       loop invariant (\at(n, Pre) > 0) ==> (((c == 0) && (n == \at(n, Pre))) || (c < n));
       loop invariant (\at(n, Pre) > 0) ==> (n == \at(n, Pre));
    */
            while (unknown()){
        
        if(c == n) {
            c = 1;
        }
        else {
            c = c + 1;
        }
    }
            
           
    /*@ assert  (c == n) ==> (c <= n); */
}
```
In this implementation, `PLACE_HOLDER_c` is replaced with `c < n`, which fits the context of the loop and maintains the integrity of the loop invariant.

int unknown();
/*@ requires n > 0; */
void foo(int n)   
    {

    int c = 0;

    
            
    /*@ 
       loop invariant (\at(n, Pre) > 0) ==> (((c == 0) && (n == \at(n, Pre))) || (c < n));
       loop invariant (\at(n, Pre) > 0) ==> (n == \at(n, Pre));
    */
            while (unknown()){
        
        if(c == n) {
            c = 1;
        }
        else {
            c = c + 1;
        }
    }
            
           
    /*@ assert  (c == n) ==> (c <= n); */
}


int unknown();
/*@ requires n > 0; */
void foo(int n)   
    {

    int c = 0;

    
            
    /*@ 
       loop invariant (\at(n, Pre) > 0) ==> (((c == 0) && (n == \at(n, Pre))) || (c < n));
       loop invariant (\at(n, Pre) > 0) ==> (n == \at(n, Pre));
    */
            while (unknown()){
        
        if(c == n) {
            c = 1;
        }
        else {
            c = c + 1;
        }
    }
            
           
    /*@ assert  (c == n) ==> (c <= n); */
}

syntax Correct
Validate:
[False, True]

Goal Preservation of Invariant (file output/39.c, line 12):
Assume {
  Type: is_sint32(c) /\ is_sint32(c_1) /\ is_sint32(c_2) /\ is_sint32(n) /\
      is_sint32(tmp_0).
  (* Goal *)
  When: 0 < n.
  (* Invariant *)
  Have: (c_2 = 0) \/ (c_2 < n).
  (* Then *)
  Have: tmp_0 != 0.
  If n = c_2
  Then { Have: c = 1. }
  Else { Have: c_2 = c_1. Have: (1 + c_1) = c. }
}
Prove: (c = 0) \/ (c < n).
Prover Z3 4.8.12 returns Timeout (Qed:6ms) (3s)
Error found in file: output/39.c at line: 12
Error line content: loop invariant (\at(n, Pre) > 0) ==> (((c == 0) && (n == \at(n, Pre))) || (c < n));

Verify:
[True]


int unknown();
/*@ requires n > 0; */
void foo(int n)   
    {

    int c = 0;

    
            
    /*@ 
       loop invariant (\at(n, Pre) > 0) ==> (((c == 0) && (n == \at(n, Pre))) || (c < n)) [INVARIANT FAILED] ;
       loop invariant (\at(n, Pre) > 0) ==> (n == \at(n, Pre));
    */
            while (unknown()){
        
        if(c == n) {
            c = 1;
        }
        else {
            c = c + 1;
        }
    }
            
           
    /*@ assert  (c == n) ==> (c <= n); */
}

### Error Analysis:

The error message indicates a problem with the preservation of the loop invariant. The current invariant is:

```
loop invariant (\at(n, Pre) > 0) ==> (((c == 0) && (n == \at(n, Pre))) || (c < n));
```

The failure occurs when it cannot be proven that after each iteration of the loop, the invariant remains valid. Specifically, when `c` is incremented, it can reach `n`, which can violate the invariant if `c` is equal to `n`. 

To address this, we need to modify the invariant to handle the situation where `c` can be less than `n` or specifically transition between values without requiring it to be strictly less than `n` until the point where it is equal to `n`. Instead of using an equality constraint, we can use a range constraint to allow for `c` to be any non-negative integer less than or equal to `n`.

### Fixed C Code:

```c
int unknown();
/*@ requires n > 0; */
void foo(int n)   
    {

    int c = 0;

    
            
    /*@ 
       loop invariant (\at(n, Pre) > 0) ==> (((c == 0) && (n == \at(n, Pre))) || (0 <= c && c <= n)) ;
       loop invariant (\at(n, Pre) > 0) ==> (n == \at(n, Pre));
    */
            while (unknown()){
        
        if(c == n) {
            c = 1;
        }
        else {
            c = c + 1;
        }
    }
            
           
    /*@ assert  (c == n) ==> (c <= n); */
}
```
after weaken

int unknown();
/*@ requires n > 0; */
void foo(int n)   
    {

    int c = 0;

    
            
    /*@ 
       loop invariant (\at(n, Pre) > 0) ==> (((c == 0) && (n == \at(n, Pre))) || (0 <= c && c <= n)) ;
       loop invariant (\at(n, Pre) > 0) ==> (n == \at(n, Pre));
    */
            while (unknown()){
        
        if(c == n) {
            c = 1;
        }
        else {
            c = c + 1;
        }
    }
            
           
    /*@ assert  (c == n) ==> (c <= n); */
}

syntax Correct
Validate:
[True, True]

Verify:
[True]

CORRECT INVARIANT
syntax Correct
Validate:
[True, True]

Verify:
[True]

syntax Correct
Validate:
[True, True]

Verify:
[True]

已移动文件: 39.c -> finish
-----------------------------------------

文件 39.c 处理完成. 总耗时: 71.96125268936157
-----------------------------------------
finshed_files:['29.c', '87.c', '9.c', '107.c', '65.c', '59.c', '46.c', '60.c', '78.c', '11.c', '132.c', '70.c', '121.c', '94.c', '109.c', '61.c', '120.c', '42.c', '33.c', '17.c', '105.c', '101.c', '38.c', '40.c', '88.c', '4.c', '114.c', '8.c', '84.c', '83.c', '111.c', '47.c', '14.c', '49.c', '131.c', '119.c', '43.c', '50.c', '56.c', '18.c', '53.c', '35.c', '10.c', '28.c', '26.c', '73.c', '89.c', '126.c', '96.c', '57.c', '37.c', '36.c', '92.c', '68.c', '115.c', '71.c', '91.c', '22.c', '19.c', '124.c', '52.c', '100.c', '95.c', '90.c', '86.c', '128.c', '62.c', '77.c', '79.c', '108.c', '129.c', '34.c', '123.c', '98.c', '41.c', '27.c', '106.c', '58.c', '130.c', '20.c', '85.c', '15.c', '75.c', '104.c', '2.c', '82.c', '32.c', '23.c', '117.c', '125.c', '64.c', '6.c', '1.c', '12.c', '45.c', '113.c', '13.c', '31.c', '54.c', '93.c', '3.c', '30.c', '133.c', '112.c', '103.c', '69.c', '122.c', '44.c', '51.c', '16.c', '74.c', '81.c', '39.c']
