file:41.c
Successfully generated loop/41.json
INNER_FLAG: False
Variable Maps: [{'c': '0', 'n': 'n@pre'}]
Path conditions: ['n@pre > 0']
Pre condition: n@pre > 0 && (c == 0) * (n == n@pre)
Loop Condition: unknown()
Updated Loop Conditions: ['unknown()']
Global Unchanged Variables ['n']
Non Inductive Variables ['c']
[{'c': '0', 'n': 'n@pre'}]
['n@pre > 0']

            
    /* >>> LOOP INVARIANT TO FILL <<< 
       >>> PRECONDITION OF THE LOOP : \at(n, Pre) > 0 && (c == 0) * (n == \at(n, Pre)) <<< */
    
            /*@
          loop invariant (\at(n, Pre) > 0) ==> (n == \at(n, Pre));
            */
            while (unknown()) {
        {
          if (unknown()) {
            if ( c > n )
            {
            c  = c + 1;
            }
          } else {
            if (c == n) 
            {
            c  = 1;
            }
          }
    
        }
    
    }
            

            
    /* >>> LOOP INVARIANT TO FILL <<< 
       >>> PRECONDITION OF THE LOOP : \at(n, Pre) > 0 && (c == 0) * (n == \at(n, Pre)) <<< */
    
            /*@
          loop invariant  (\at(n, Pre) > 0) ==> (((c == 0)&&(n == \at(n, Pre))) || (PLACE_HOLDER_c)) ;
          loop invariant (\at(n, Pre) > 0) ==> (n == \at(n, Pre));
            */
            while (unknown()) {
        {
          if (unknown()) {
            if ( c > n )
            {
            c  = c + 1;
            }
          } else {
            if (c == n) 
            {
            c  = 1;
            }
          }
    
        }
    
    }
            
int unknown();
/*@ requires n > 0; */
void foo(int n)  {

    int c = 0;

    
            
    /* >>> LOOP INVARIANT TO FILL <<< 
       >>> PRECONDITION OF THE LOOP : \at(n, Pre) > 0 && (c == 0) * (n == \at(n, Pre)) <<< */
    
            /*@
          loop invariant  (\at(n, Pre) > 0) ==> (((c == 0)&&(n == \at(n, Pre))) || (PLACE_HOLDER_c)) ;
          loop invariant (\at(n, Pre) > 0) ==> (n == \at(n, Pre));
            */
            while (unknown()) {
        {
          if (unknown()) {
            if ( c > n )
            {
            c  = c + 1;
            }
          } else {
            if (c == n) 
            {
            c  = 1;
            }
          }
    
        }
    
    }
            
    /*@ assert (c != n) ==> (c <= n); */
  

}
### a. Purpose and Structure of the Loop:
The objective of the loop in the program is to manipulate the variable `c` based on certain conditions related to the initial value of `n`. The loop continues executing as long as the function `unknown()` returns true, and within the loop, there are conditions that modify `c` depending on its relationship with `n`. The loop can potentially increment `c` or reset it to 1 based on the value of `n` and the current value of `c`.

The structure of the loop:
- The loop is governed by the condition `unknown()`.
- Inside the loop, there are two conditional branches:
  1. If `unknown()` returns true and `c` is greater than `n`, `c` is incremented by 1.
  2. If `unknown()` returns false and `c` is equal to `n`, `c` is reset to 1.
  
The relevant variables affecting the behavior of the loop are `n` (the input parameter) and `c` (which is initialized to 0).

### b. Discussion of the Loop Invariant:
The proposed loop invariant is that:
- When `n > 0`, it holds that either `c` is 0 and equal to the initial value of `n`, or there's a condition involving `c` (to be defined).
- It also asserts that `n` remains equal to its initial value throughout the loop.

This invariant is considered valid because it captures the relationship between `c` and `n` while maintaining that `n` does not change. This ensures that we can verify the properties of `c` based on how it is modified inside the loop.

### c. Establishment:
Before the loop begins execution, we have:
- `c` is initialized to 0.
- The pre-condition states that `n` is greater than 0 and `c` is equal to 0, which aligns with the invariant stipulation that either `c` is 0 and equal to `n` or another condition about `c`.

Thus, the invariant is satisfied before the loop starts since `c == 0` and `n == \at(n, Pre)`.

### d. Preservation:
If the invariant holds at the start of an iteration and the loop condition is true, we can analyze the body of the loop:
1. If `unknown()` returns true, and `c > n`, then `c` is incremented. If `c` was previously 0, this would make it 1, which would maintain the invariant as `1` is still less than or equal to `n`.
2. If `unknown()` returns false and `c == n`, then `c` is reset to 1, which maintains the invariant as `1` is still less than or equal to `n`.

In either case, the invariant is preserved because `c` does not exceed `n` at any point.

### e. Termination Analysis of the Loop:
The loop terminates when `unknown()` returns false. At this point, if `c` equals `n`, it gets reset to 1 as per the loop's logic. Hence, when the loop condition becomes false, `c` will either be less than or equal to `n` (since it was reset) or could have been incremented.

Thus, the loop invariant still holds true because `c` is either 0 or a value that does not exceed `n`.

### f. Correctness of the Post-condition:
The post-condition states that if `c` is not equal to `n`, then `c` must be less than or equal to `n`. Given the loop invariant, it is guaranteed that `c` will never exceed `n`, and if it is not equal to `n` at termination, it must indeed be less than or equal to `n`. Therefore, the post-condition is correctly satisfied.

### g. Implication of the Pre-condition:
The given pre-condition, `\at(n, Pre) > 0 && (c == 0) * (n == \at(n, Pre))`, implies the loop invariant because it guarantees:
- That `n` is positive, ensuring the invariant involving `n` holds.
- That `c` starts at 0, fulfilling the initial condition that is part of the invariant.

Thus, the pre-condition ensures that the invariant is established before the loop executes.

### Complete C Loop Program with Annotated Invariants:
```c
int unknown();
/*@ requires n > 0; */
void foo(int n)  {

    int c = 0;

    
            
    /*@ loop invariant (\at(n, Pre) > 0) ==> (((c == 0)&&(n == \at(n, Pre))) || (c <= n)); 
       loop invariant (\at(n, Pre) > 0) ==> (n == \at(n, Pre)); */
    
            while (unknown()) {
        {
          if (unknown()) {
            if ( c > n )
            {
            c  = c + 1;
            }
          } else {
            if (c == n) 
            {
            c  = 1;
            }
          }
    
        }
    
    }
            
    /*@ assert (c != n) ==> (c <= n); */
  
}
```

int unknown();
/*@ requires n > 0; */
void foo(int n)  {

    int c = 0;

    
            
    /*@ loop invariant (\at(n, Pre) > 0) ==> (((c == 0)&&(n == \at(n, Pre))) || (c <= n)); 
       loop invariant (\at(n, Pre) > 0) ==> (n == \at(n, Pre)); */
    
            while (unknown()) {
        {
          if (unknown()) {
            if ( c > n )
            {
            c  = c + 1;
            }
          } else {
            if (c == n) 
            {
            c  = 1;
            }
          }
    
        }
    
    }
            
    /*@ assert (c != n) ==> (c <= n); */
  
}


int unknown();
/*@ requires n > 0; */
void foo(int n)  {

    int c = 0;

    
            
    /*@ loop invariant (\at(n, Pre) > 0) ==> (((c == 0)&&(n == \at(n, Pre))) || (c <= n)); 
       loop invariant (\at(n, Pre) > 0) ==> (n == \at(n, Pre)); */
    
            while (unknown()) {
        {
          if (unknown()) {
            if ( c > n )
            {
            c  = c + 1;
            }
          } else {
            if (c == n) 
            {
            c  = 1;
            }
          }
    
        }
    
    }
            
    /*@ assert (c != n) ==> (c <= n); */
  
}

syntax Correct
Validate:
[True, True]

Verify:
[True]

CORRECT INVARIANT
syntax Correct
Validate:
[True, True]

Verify:
[True]

syntax Correct
Validate:
[True, True]

Verify:
[True]

已移动文件: 41.c -> finish
-----------------------------------------

文件 41.c 处理完成. 总耗时: 57.76742506027222
-----------------------------------------
finshed_files:['29.c', '87.c', '9.c', '107.c', '65.c', '59.c', '46.c', '60.c', '78.c', '11.c', '132.c', '70.c', '121.c', '94.c', '109.c', '61.c', '120.c', '42.c', '33.c', '17.c', '105.c', '101.c', '38.c', '40.c', '88.c', '4.c', '114.c', '8.c', '84.c', '83.c', '111.c', '47.c', '14.c', '49.c', '131.c', '119.c', '43.c', '50.c', '56.c', '18.c', '53.c', '35.c', '10.c', '28.c', '26.c', '73.c', '89.c', '126.c', '96.c', '57.c', '37.c', '36.c', '92.c', '68.c', '115.c', '71.c', '91.c', '22.c', '19.c', '124.c', '52.c', '100.c', '95.c', '90.c', '86.c', '128.c', '62.c', '77.c', '79.c', '108.c', '129.c', '34.c', '123.c', '98.c', '41.c']
