file:44.c
Successfully generated loop/44.json
INNER_FLAG: False
Variable Maps: [{'c': '0', 'n': 'n@pre'}]
Path conditions: ['n@pre > 0']
Pre condition: n@pre > 0 && (c == 0) * (n == n@pre)
Loop Condition: unknown()
Updated Loop Conditions: ['unknown()']
Global Unchanged Variables ['n']
Non Inductive Variables ['c']
[{'c': '0', 'n': 'n@pre'}]
['n@pre > 0']

            
    /* >>> LOOP INVARIANT TO FILL <<< 
       >>> PRECONDITION OF THE LOOP : \at(n, Pre) > 0 && (c == 0) * (n == \at(n, Pre)) <<< */
    
            /*@
          loop invariant (\at(n, Pre) > 0) ==> (n == \at(n, Pre));
            */
            while (unknown()) {
        {
          if (unknown()) {
            if ( c > n )
            {
            c  = c + 1;
            }
          } else {
            if (c == n) 
            {
            c  = 1;
            }
          }
    
        }
    
    }
            

            
    /* >>> LOOP INVARIANT TO FILL <<< 
       >>> PRECONDITION OF THE LOOP : \at(n, Pre) > 0 && (c == 0) * (n == \at(n, Pre)) <<< */
    
            /*@
          loop invariant  (\at(n, Pre) > 0) ==> (((c == 0)&&(n == \at(n, Pre))) || (PLACE_HOLDER_c)) ;
          loop invariant (\at(n, Pre) > 0) ==> (n == \at(n, Pre));
            */
            while (unknown()) {
        {
          if (unknown()) {
            if ( c > n )
            {
            c  = c + 1;
            }
          } else {
            if (c == n) 
            {
            c  = 1;
            }
          }
    
        }
    
    }
            
int unknown();
/*@ requires n > 0; */
void foo(int n)  {

    int c = 0;

    
            
    /* >>> LOOP INVARIANT TO FILL <<< 
       >>> PRECONDITION OF THE LOOP : \at(n, Pre) > 0 && (c == 0) * (n == \at(n, Pre)) <<< */
    
            /*@
          loop invariant  (\at(n, Pre) > 0) ==> (((c == 0)&&(n == \at(n, Pre))) || (PLACE_HOLDER_c)) ;
          loop invariant (\at(n, Pre) > 0) ==> (n == \at(n, Pre));
            */
            while (unknown()) {
        {
          if (unknown()) {
            if ( c > n )
            {
            c  = c + 1;
            }
          } else {
            if (c == n) 
            {
            c  = 1;
            }
          }
    
        }
    
    }
             
           
     /*@ assert (n <= -1) ==> (c != n ); */
    

  

}
To analyze the provided C loop program and generate the necessary loop invariants in ACSL annotations, we will follow the outlined steps to understand the loop's behavior, establish the invariant, and ensure correctness. Here’s the detailed analysis:

### 1. Purpose and Structure of the Loop

The objective of the loop is to modify the variable `c` based on certain conditions involving the unknown function calls and the variable `n`. The loop continues executing as long as the condition in `unknown()` is true, and it involves two nested conditional checks modifying the value of `c`.

The structure of the loop is as follows:
- The loop condition is governed by the result of `unknown()`.
- Inside the loop, there are two conditions:
  - If the first `unknown()` returns true and `c > n`, increment `c`.
  - If the first `unknown()` returns false and `c == n`, set `c` to `1`.

Relevant variables are:
- `c`: a counter that is manipulated within the loop.
- `n`: a parameter that is passed into the function and serves as a boundary condition.

### 2. Discussion of the Loop Invariant

A suitable loop invariant for this loop could be that `c` is always bounded by `n` in some way and that it starts from an initial state defined by the pre-condition. We can propose the following loop invariant:

- **Invariant**: `c <= n && c >= 0`
This invariant ensures that `c` does not exceed `n` and remains non-negative throughout the loop execution.

### 3. Establishment

Before the loop starts, we know from the pre-condition that:
- \( c = 0 \) (because it is initialized to zero).
- \( n > 0 \) (from the pre-condition).

Thus, the invariant `c <= n && c >= 0` holds true before the loop starts since:
- \( 0 \leq n \) (as \( n > 0 \)) and \( 0 \geq 0 \).

### 4. Preservation

Assuming the invariant holds at the start of an iteration and the loop condition is true:
1. If the first `unknown()` condition is true and `c > n`, then `c` will increment. However, this case should not happen as it contradicts our invariant (if it does, we would not allow the loop to enter this state).
2. If the first `unknown()` is false and `c == n`, then we set `c` to `1`. In this case, \( c \) moves from \( n \) to \( 1 \), and the invariant still holds since \( 1 \leq n \).

Thus, if the loop condition holds true, the invariant remains true at the end of the iteration.

### 5. Termination Analysis of the Loop

When the loop terminates (the first time `unknown()` returns false):
- The loop invariant states `c <= n && c >= 0` still holds since no operations in the loop can cause `c` to exceed `n` while ensuring `c` remains non-negative.

### 6. Correctness of the Post-condition

The post-condition states that if \( n \leq -1 \), then \( c \neq n \). Since we established that \( c \) is always less than or equal to \( n \) and greater than or equal to \( 0 \), when \( n \) is \( -1 \) or less, \( c \) can never equal \( n \) (as \( c \) is non-negative).

### 7. Implication of the Pre-condition

The pre-condition states \( n > 0 \) and \( c = 0 \). This guarantees that our loop invariant \( c <= n && c >= 0 \) holds before the loop starts since both conditions are satisfied.

### Final C Code with ACSL Annotations

Here’s the complete C loop program with the `PLACE_HOLDER` filled in:

```c
int unknown();
/*@ requires n > 0; */
void foo(int n)  {

    int c = 0;

    
            
    /* >>> LOOP INVARIANT TO FILL <<< 
       >>> PRECONDITION OF THE LOOP : \at(n, Pre) > 0 && (c == 0) * (n == \at(n, Pre)) <<< */
    
            /*@
          loop invariant  (\at(n, Pre) > 0) ==> (((c == 0)&&(n == \at(n, Pre))) || (c <= \at(n, Pre) && c >= 0)) ;
          loop invariant (\at(n, Pre) > 0) ==> (n == \at(n, Pre));
            */
            while (unknown()) {
        {
          if (unknown()) {
            if ( c > n )
            {
            c  = c + 1;
            }
          } else {
            if (c == n) 
            {
            c  = 1;
            }
          }
    
        }
    
    }
             
           
     /*@ assert (n <= -1) ==> (c != n ); */
}
```

This code and annotations fulfill the requirements for proving the loop properties using Frama-C.

int unknown();
/*@ requires n > 0; */
void foo(int n)  {

    int c = 0;

    
            
            /*@
          loop invariant  (\at(n, Pre) > 0) ==> (((c == 0)&&(n == \at(n, Pre))) || (c <= \at(n, Pre) && c >= 0)) ;
          loop invariant (\at(n, Pre) > 0) ==> (n == \at(n, Pre));
            */
            while (unknown()) {
        {
          if (unknown()) {
            if ( c > n )
            {
            c  = c + 1;
            }
          } else {
            if (c == n) 
            {
            c  = 1;
            }
          }
    
        }
    
    }
             
           
     /*@ assert (n <= -1) ==> (c != n ); */
}


int unknown();
/*@ requires n > 0; */
void foo(int n)  {

    int c = 0;

    
            
            /*@
          loop invariant  (\at(n, Pre) > 0) ==> (((c == 0)&&(n == \at(n, Pre))) || (c <= \at(n, Pre) && c >= 0)) ;
          loop invariant (\at(n, Pre) > 0) ==> (n == \at(n, Pre));
            */
            while (unknown()) {
        {
          if (unknown()) {
            if ( c > n )
            {
            c  = c + 1;
            }
          } else {
            if (c == n) 
            {
            c  = 1;
            }
          }
    
        }
    
    }
             
           
     /*@ assert (n <= -1) ==> (c != n ); */
}

syntax Correct
Validate:
[True, True]

Verify:
[True]

CORRECT INVARIANT
syntax Correct
Validate:
[True, True]

Verify:
[True]

syntax Correct
Validate:
[True, True]

Verify:
[True]

已移动文件: 44.c -> finish
-----------------------------------------

文件 44.c 处理完成. 总耗时: 56.31744575500488
-----------------------------------------
finshed_files:['29.c', '87.c', '9.c', '107.c', '65.c', '59.c', '46.c', '60.c', '78.c', '11.c', '132.c', '70.c', '121.c', '94.c', '109.c', '61.c', '120.c', '42.c', '33.c', '17.c', '105.c', '101.c', '38.c', '40.c', '88.c', '4.c', '114.c', '8.c', '84.c', '83.c', '111.c', '47.c', '14.c', '49.c', '131.c', '119.c', '43.c', '50.c', '56.c', '18.c', '53.c', '35.c', '10.c', '28.c', '26.c', '73.c', '89.c', '126.c', '96.c', '57.c', '37.c', '36.c', '92.c', '68.c', '115.c', '71.c', '91.c', '22.c', '19.c', '124.c', '52.c', '100.c', '95.c', '90.c', '86.c', '128.c', '62.c', '77.c', '79.c', '108.c', '129.c', '34.c', '123.c', '98.c', '41.c', '27.c', '106.c', '58.c', '130.c', '20.c', '85.c', '15.c', '75.c', '104.c', '2.c', '82.c', '32.c', '23.c', '117.c', '125.c', '64.c', '6.c', '1.c', '12.c', '45.c', '113.c', '13.c', '31.c', '54.c', '93.c', '3.c', '30.c', '133.c', '112.c', '103.c', '69.c', '122.c', '44.c']
