file:59.c
Successfully generated loop/59.json
INNER_FLAG: False
Variable Maps: [{'c': '0', 'v3': 'v3@pre', 'v2': 'v2@pre', 'v1': 'v1@pre', 'n': 'n@pre'}]
Path conditions: ['n@pre > 0']
Pre condition: n@pre > 0 && (c == 0) * (v3 == v3@pre) * (v2 == v2@pre) * (v1 == v1@pre) * (n == n@pre)
Loop Condition: unknown()
Updated Loop Conditions: ['unknown()']
Global Unchanged Variables ['v3', 'v2', 'v1', 'n']
Non Inductive Variables ['c']
[{'c': '0', 'v3': 'v3@pre', 'v2': 'v2@pre', 'v1': 'v1@pre', 'n': 'n@pre'}]
['n@pre > 0']

            
    /* >>> LOOP INVARIANT TO FILL <<< 
       >>> PRECONDITION OF THE LOOP : \at(n, Pre) > 0 && (c == 0) * (v3 == \at(v3, Pre)) * (v2 == \at(v2, Pre)) * (v1 == \at(v1, Pre)) * (n == \at(n, Pre)) <<< */
    
            /*@
          loop invariant (\at(n, Pre) > 0) ==> (v3 == \at(v3, Pre));
          loop invariant (\at(n, Pre) > 0) ==> (v2 == \at(v2, Pre));
          loop invariant (\at(n, Pre) > 0) ==> (v1 == \at(v1, Pre));
          loop invariant (\at(n, Pre) > 0) ==> (n == \at(n, Pre));
            */
            while (unknown()) {
        {
          if (unknown()) {
            if ( c != n )
            {
            c  = c + 1;
            }
          } else {
            if (c == n) 
            {
            c  = 1;
            }
          }
    
        }
    
    }
            

            
    /* >>> LOOP INVARIANT TO FILL <<< 
       >>> PRECONDITION OF THE LOOP : \at(n, Pre) > 0 && (c == 0) * (v3 == \at(v3, Pre)) * (v2 == \at(v2, Pre)) * (v1 == \at(v1, Pre)) * (n == \at(n, Pre)) <<< */
    
            /*@
          loop invariant  (\at(n, Pre) > 0) ==> (((c == 0)&&(v3 == \at(v3, Pre))&&(v2 == \at(v2, Pre))&&(v1 == \at(v1, Pre))&&(n == \at(n, Pre))) || (PLACE_HOLDER_c)) ;
          loop invariant (\at(n, Pre) > 0) ==> (v3 == \at(v3, Pre));
          loop invariant (\at(n, Pre) > 0) ==> (v2 == \at(v2, Pre));
          loop invariant (\at(n, Pre) > 0) ==> (v1 == \at(v1, Pre));
          loop invariant (\at(n, Pre) > 0) ==> (n == \at(n, Pre));
            */
            while (unknown()) {
        {
          if (unknown()) {
            if ( c != n )
            {
            c  = c + 1;
            }
          } else {
            if (c == n) 
            {
            c  = 1;
            }
          }
    
        }
    
    }
            
int unknown();

/*@ requires n > 0; */
void foo(int n,int v1,int v2,int v3)  {

    int c = 0;

    
            
    /* >>> LOOP INVARIANT TO FILL <<< 
       >>> PRECONDITION OF THE LOOP : \at(n, Pre) > 0 && (c == 0) * (v3 == \at(v3, Pre)) * (v2 == \at(v2, Pre)) * (v1 == \at(v1, Pre)) * (n == \at(n, Pre)) <<< */
    
            /*@
          loop invariant  (\at(n, Pre) > 0) ==> (((c == 0)&&(v3 == \at(v3, Pre))&&(v2 == \at(v2, Pre))&&(v1 == \at(v1, Pre))&&(n == \at(n, Pre))) || (PLACE_HOLDER_c)) ;
          loop invariant (\at(n, Pre) > 0) ==> (v3 == \at(v3, Pre));
          loop invariant (\at(n, Pre) > 0) ==> (v2 == \at(v2, Pre));
          loop invariant (\at(n, Pre) > 0) ==> (v1 == \at(v1, Pre));
          loop invariant (\at(n, Pre) > 0) ==> (n == \at(n, Pre));
            */
            while (unknown()) {
        {
          if (unknown()) {
            if ( c != n )
            {
            c  = c + 1;
            }
          } else {
            if (c == n) 
            {
            c  = 1;
            }
          }
    
        }
    
    }
            
   
           
    /*@ assert (c != n) ==> (c <= n); */
    

  

}
### Analysis of the Loop

#### a. Purpose and Structure of the Loop:
The objective of the loop is to increment a counter `c` until it reaches a certain condition based on variable `n`. Specifically, it seems to be designed to manipulate `c` based on a condition that is checked within the loop. The loop will continue executing as long as the unknown condition holds true. The operations in the body of the loop involve conditional checks on `c` against `n`. The relevant variables are `c`, `n`, and the parameters `v1`, `v2`, and `v3`, which appear to be passed into the function but are not modified within the loop.

#### b. Discussion of the Loop Invariant:
The proposed loop invariant can be articulated as follows:
- The value of `c` is maintained such that it is always less than or equal to `n` during each iteration of the loop. 
- Additionally, the values of `v1`, `v2`, `v3`, and `n` remain unchanged from their initial values as provided in the pre-condition.

The invariant is valid because it reflects the constraints on `c` and the constants provided in the pre-condition. The invariant must be maintained throughout the loop execution.

#### c. Establishment:
Before the loop starts, `c` is initialized to `0`, which satisfies the invariant condition that `c` should be less than or equal to `n` (since `n` is guaranteed to be greater than 0 from the pre-condition). The values of `v1`, `v2`, `v3`, and `n` are also unchanged as per the pre-condition.

#### d. Preservation:
At the start of each iteration, if the invariant holds true, we consider the loop condition. If the loop condition remains true, the body of the loop executes. The updates made to `c` ensure it either remains at its previous value or increments by `1`. The invariant must check that at the end of each iteration, `c` is still less than or equal to `n` (as `c` increments only when it is not equal to `n`), thus preserving the invariant.

#### e. Termination Analysis of the Loop:
When the loop terminates, the loop condition becomes false. The invariant holds that `c` must be less than or equal to `n`. If the loop exits, it implies that either `c` has reached `n` or has been reset to `1`. Thus, the invariant continues to hold true at termination.

#### f. Correctness of the Post-condition:
The post-condition states that if `c` is not equal to `n`, then it must be less than or equal to `n`. This is directly verified by the invariant, which ensures that the value of `c` must remain within the bounds set by `n` throughout the execution of the loop.

#### g. Implication of the Pre-condition:
The given pre-condition guarantees that `n` is greater than `0` and that `c` starts at `0`, ensuring that the loop invariant is established before the loop begins. This is crucial because it sets the stage for the preservation of the invariant throughout the loop's execution.

### Complete C Loop Program with Invariant Annotations:

```c
int unknown();

/*@ requires n > 0; */
void foo(int n,int v1,int v2,int v3)  {

    int c = 0;

    
            
            /* >>> LOOP INVARIANT TO FILL <<< 
               >>> PRECONDITION OF THE LOOP : \at(n, Pre) > 0 && (c == 0) * (v3 == \at(v3, Pre)) * (v2 == \at(v2, Pre)) * (v1 == \at(v1, Pre)) * (n == \at(n, Pre)) <<< */
    
            /*@
          loop invariant  (\at(n, Pre) > 0) ==> (((c == 0)&&(v3 == \at(v3, Pre))&&(v2 == \at(v2, Pre))&&(v1 == \at(v1, Pre))&&(n == \at(n, Pre))) || (c <= n));
          loop invariant (\at(n, Pre) > 0) ==> (v3 == \at(v3, Pre));
          loop invariant (\at(n, Pre) > 0) ==> (v2 == \at(v2, Pre));
          loop invariant (\at(n, Pre) > 0) ==> (v1 == \at(v1, Pre));
          loop invariant (\at(n, Pre) > 0) ==> (n == \at(n, Pre));
            */
            while (unknown()) {
        {
          if (unknown()) {
            if ( c != n )
            {
            c  = c + 1;
            }
          } else {
            if (c == n) 
            {
            c  = 1;
            }
          }
    
        }
    
    }
            
   
           
    /*@ assert (c != n) ==> (c <= n); */
    
}
```

This C program includes the filled loop invariants that support the verification of the post-condition while adhering to the specified constraints.

int unknown();

/*@ requires n > 0; */
void foo(int n,int v1,int v2,int v3)  {

    int c = 0;

    
            
            /* >>> LOOP INVARIANT TO FILL <<< 
               >>> PRECONDITION OF THE LOOP : \at(n, Pre) > 0 && (c == 0) * (v3 == \at(v3, Pre)) * (v2 == \at(v2, Pre)) * (v1 == \at(v1, Pre)) * (n == \at(n, Pre)) <<< */
    
            /*@
          loop invariant  (\at(n, Pre) > 0) ==> (((c == 0)&&(v3 == \at(v3, Pre))&&(v2 == \at(v2, Pre))&&(v1 == \at(v1, Pre))&&(n == \at(n, Pre))) || (c <= n));
          loop invariant (\at(n, Pre) > 0) ==> (v3 == \at(v3, Pre));
          loop invariant (\at(n, Pre) > 0) ==> (v2 == \at(v2, Pre));
          loop invariant (\at(n, Pre) > 0) ==> (v1 == \at(v1, Pre));
          loop invariant (\at(n, Pre) > 0) ==> (n == \at(n, Pre));
            */
            while (unknown()) {
        {
          if (unknown()) {
            if ( c != n )
            {
            c  = c + 1;
            }
          } else {
            if (c == n) 
            {
            c  = 1;
            }
          }
    
        }
    
    }
            
   
           
    /*@ assert (c != n) ==> (c <= n); */
    
}


int unknown();

/*@ requires n > 0; */
void foo(int n,int v1,int v2,int v3)  {

    int c = 0;

    
            
            /* >>> LOOP INVARIANT TO FILL <<< 
               >>> PRECONDITION OF THE LOOP : \at(n, Pre) > 0 && (c == 0) * (v3 == \at(v3, Pre)) * (v2 == \at(v2, Pre)) * (v1 == \at(v1, Pre)) * (n == \at(n, Pre)) <<< */
    
            /*@
          loop invariant  (\at(n, Pre) > 0) ==> (((c == 0)&&(v3 == \at(v3, Pre))&&(v2 == \at(v2, Pre))&&(v1 == \at(v1, Pre))&&(n == \at(n, Pre))) || (c <= n));
          loop invariant (\at(n, Pre) > 0) ==> (v3 == \at(v3, Pre));
          loop invariant (\at(n, Pre) > 0) ==> (v2 == \at(v2, Pre));
          loop invariant (\at(n, Pre) > 0) ==> (v1 == \at(v1, Pre));
          loop invariant (\at(n, Pre) > 0) ==> (n == \at(n, Pre));
            */
            while (unknown()) {
        {
          if (unknown()) {
            if ( c != n )
            {
            c  = c + 1;
            }
          } else {
            if (c == n) 
            {
            c  = 1;
            }
          }
    
        }
    
    }
            
   
           
    /*@ assert (c != n) ==> (c <= n); */
    
}

syntax Correct
Validate:
[True, True, True, True, True]

Verify:
[True]

CORRECT INVARIANT
syntax Correct
Validate:
[True, True, True, True, True]

Verify:
[True]

syntax Correct
Validate:
[True, True, True, True, True]

Verify:
[True]

已移动文件: 59.c -> finish
-----------------------------------------

文件 59.c 处理完成. 总耗时: 57.18910574913025
-----------------------------------------
finshed_files:['29.c', '87.c', '9.c', '107.c', '65.c', '59.c']
