file:63.c
Successfully generated loop/63.json
INNER_FLAG: False
Variable Maps: [{'x': '1', 'y': 'y@pre'}]
Path conditions: [None]
Pre condition: (x == 1) * (y == y@pre)
Loop Condition: x <= 10
Updated Loop Conditions: ['1 <= 10']
Global Unchanged Variables []
Non Inductive Variables ['y']
[{'x': '1', 'y': 'y@pre'}]
[None]

            
    /* >>> LOOP INVARIANT TO FILL <<< 
       >>> PRECONDITION OF THE LOOP : (x == 1) * (y == \at(y, Pre)) <<< */
    
            /*@
            */
            while (x <= 10) {
        y = 10 - x;
        x = x +1;
    }
            

            
    /* >>> LOOP INVARIANT TO FILL <<< 
       >>> PRECONDITION OF THE LOOP : (x == 1) * (y == \at(y, Pre)) <<< */
    
            /*@
          loop invariant  ((x == 1)&&(y == \at(y, Pre))) || (PLACE_HOLDER_y) ;
          loop invariant  ((x == 1)&&(y == \at(y, Pre))) || (PLACE_HOLDER_x) ;
            */
            while (x <= 10) {
        y = 10 - x;
        x = x +1;
    }
            
void foo(int y) {
    int x = 1;
    
    
    
    
            
    /* >>> LOOP INVARIANT TO FILL <<< 
       >>> PRECONDITION OF THE LOOP : (x == 1) * (y == \at(y, Pre)) <<< */
    
            /*@
          loop invariant  ((x == 1)&&(y == \at(y, Pre))) || (PLACE_HOLDER_y) ;
          loop invariant  ((x == 1)&&(y == \at(y, Pre))) || (PLACE_HOLDER_x) ;
            */
            while (x <= 10) {
        y = 10 - x;
        x = x +1;
    }
            

    /*@ assert (y >= 0); */

}
Let's analyze the given C loop and derive the necessary loop invariants, following the specified structure.

### a. Purpose and Structure of the Loop:
**Objective of the loop:**
The loop's goal is to compute the value of `y` based on the value of `x`, which starts at 1 and increments until it reaches 11 (i.e., when `x` exceeds 10). For each iteration, `y` is updated to `10 - x`. 

**Structure of the loop:**
- **Loop Condition:** The loop continues as long as `x <= 10`.
- **Operations within the body:** 
  1. `y` is updated to `10 - x`.
  2. `x` is incremented by 1.

**Relevant variables:**
- `x`: Initialized to 1 and incremented in each iteration.
- `y`: Initialized as a parameter and updated in each iteration based on the current value of `x`.

### b. Discussion of the Loop Invariant:
**Proposed loop invariant:**
The loop invariant can be formulated as:
- `((x == 1) && (y == \at(y, Pre))) || (0 <= y <= 10)`

**Why is this invariant valid?**
This invariant combines the pre-condition with bounds on `y`. The first part ensures that before any iteration, the initial values are maintained, while the second part guarantees that `y` remains within the range [0, 10] as `x` increments from 1 to 10.

### c. Establishment:
**Establishment Condition:**
Before the loop starts, we know from the pre-condition that `x` is initialized to 1 and `y` equals the parameter value `\at(y, Pre)`. Thus, the invariant holds true before the loop executes:
- `((x == 1) && (y == \at(y, Pre)))` is true, satisfying the establishment condition.

### d. Preservation:
**Preservation Condition:**
Assuming the invariant holds at the start of an iteration, we need to show it remains true at the end:
- If the loop condition `x <= 10` is true, then `y` gets updated to `10 - x` (which will be non-negative since `x` ranges from 1 to 10).
- After the update, `x` is incremented by 1. The next value of `y` will always satisfy `0 <= y <= 10` as `x` takes values from 1 to 10, thus preserving the invariant.

### e. Termination Analysis of the Loop:
**Termination Condition:**
When the loop terminates, `x` will be 11 (the first value that makes `x <= 10` false). At this point:
- The last value of `y` computed was `y = 10 - 10 = 0`, which is non-negative.
- Therefore, the invariant still holds as `0 <= y <= 10` is satisfied.

### f. Correctness of the Post-condition:
**Post-condition correctness:**
The post-condition asserts that `y >= 0`. Since the loop invariant guarantees that `y` is updated to a value within the range [0, 10] and the loop terminates with `y = 0`, the post-condition holds true.

### g. Implication of the Pre-condition:
**Pre-condition implication:**
The pre-condition `(x == 1) * (y == \at(y, Pre))` ensures that when the loop begins, `x` is already set to 1 and `y` has its initial value provided as input. This guarantees that the invariant is established before any iteration starts, as the initial values match the invariant.

### Complete C Loop Program with Invariant Annotations:
```c
void foo(int y) {
    int x = 1;
    
    /*@ 
      loop invariant  ((x == 1) && (y == \at(y, Pre))) || (0 <= y <= 10); 
      loop invariant  ((x == 1) && (y == \at(y, Pre))) || (x >= 1 && x <= 11); 
    */
    while (x <= 10) {
        y = 10 - x;
        x = x + 1;
    }
    
    /*@ assert (y >= 0); */
}
``` 

This program includes the filled-in loop invariants, which are necessary for Frama-C to verify the correctness of the loop and its properties.

void foo(int y) {
    int x = 1;
    
    /*@ 
      loop invariant  ((x == 1) && (y == \at(y, Pre))) || (0 <= y <= 10); 
      loop invariant  ((x == 1) && (y == \at(y, Pre))) || (x >= 1 && x <= 11); 
    */
    while (x <= 10) {
        y = 10 - x;
        x = x + 1;
    }
    
    /*@ assert (y >= 0); */
}


void foo(int y) {
    int x = 1;
    
    /*@ 
      loop invariant  ((x == 1) && (y == \at(y, Pre))) || (0 <= y <= 10); 
      loop invariant  ((x == 1) && (y == \at(y, Pre))) || (x >= 1 && x <= 11); 
    */
    while (x <= 10) {
        y = 10 - x;
        x = x + 1;
    }
    
    /*@ assert (y >= 0); */
}

syntax Correct
Validate:
[True, True]

Verify:
[True]

CORRECT INVARIANT
syntax Correct
Validate:
[True, True]

Verify:
[True]

syntax Correct
Validate:
[True, True]

Verify:
[True]

已移动文件: 63.c -> finish
-----------------------------------------

文件 63.c 处理完成. 总耗时: 54.9062602519989
-----------------------------------------
finshed_files:['29.c', '87.c', '9.c', '107.c', '65.c', '59.c', '46.c', '60.c', '78.c', '11.c', '132.c', '70.c', '121.c', '94.c', '109.c', '61.c', '120.c', '42.c', '33.c', '17.c', '105.c', '101.c', '38.c', '40.c', '88.c', '4.c', '114.c', '8.c', '84.c', '83.c', '111.c', '47.c', '14.c', '49.c', '131.c', '119.c', '43.c', '50.c', '56.c', '18.c', '53.c', '35.c', '10.c', '28.c', '26.c', '73.c', '89.c', '126.c', '96.c', '57.c', '37.c', '36.c', '92.c', '68.c', '115.c', '71.c', '91.c', '22.c', '19.c', '124.c', '52.c', '100.c', '95.c', '90.c', '86.c', '128.c', '62.c', '77.c', '79.c', '108.c', '129.c', '34.c', '123.c', '98.c', '41.c', '27.c', '106.c', '58.c', '130.c', '20.c', '85.c', '15.c', '75.c', '104.c', '2.c', '82.c', '32.c', '23.c', '117.c', '125.c', '64.c', '6.c', '1.c', '12.c', '45.c', '113.c', '13.c', '31.c', '54.c', '93.c', '3.c', '30.c', '133.c', '112.c', '103.c', '69.c', '122.c', '44.c', '51.c', '16.c', '74.c', '81.c', '39.c', '116.c', '7.c', '48.c', '21.c', '110.c', '97.c', '5.c', '24.c', '80.c', '63.c']
