file:65.c
Successfully generated loop/65.json
INNER_FLAG: False
Variable Maps: [{'x': '1', 'y': 'y@pre'}]
Path conditions: [None]
Pre condition: (x == 1) * (y == y@pre)
Loop Condition: x <= 100
Updated Loop Conditions: ['1 <= 100']
Global Unchanged Variables []
Non Inductive Variables ['y']
[{'x': '1', 'y': 'y@pre'}]
[None]

            
    /* >>> LOOP INVARIANT TO FILL <<< 
       >>> PRECONDITION OF THE LOOP : (x == 1) * (y == \at(y, Pre)) <<< */
    
            /*@
            */
            while (x <= 100) {
        y = 100 - x;
        x = x +1;
    }
            

            
    /* >>> LOOP INVARIANT TO FILL <<< 
       >>> PRECONDITION OF THE LOOP : (x == 1) * (y == \at(y, Pre)) <<< */
    
            /*@
          loop invariant  ((x == 1)&&(y == \at(y, Pre))) || (PLACE_HOLDER_y) ;
          loop invariant  ((x == 1)&&(y == \at(y, Pre))) || (PLACE_HOLDER_x) ;
            */
            while (x <= 100) {
        y = 100 - x;
        x = x +1;
    }
            
void foo(int y) {
    int x = 1;
    
    
    
    
            
    /* >>> LOOP INVARIANT TO FILL <<< 
       >>> PRECONDITION OF THE LOOP : (x == 1) * (y == \at(y, Pre)) <<< */
    
            /*@
          loop invariant  ((x == 1)&&(y == \at(y, Pre))) || (PLACE_HOLDER_y) ;
          loop invariant  ((x == 1)&&(y == \at(y, Pre))) || (PLACE_HOLDER_x) ;
            */
            while (x <= 100) {
        y = 100 - x;
        x = x +1;
    }
            

    /*@ assert (y >= 0); */

}
To analyze the provided C loop and generate the necessary loop invariants in ACSL annotations, let's break down the task step by step.

### a. Purpose and Structure of the Loop:
**Objective of the Loop:**
The loop's intended outcome is to compute the value of `y` such that `y` is equal to `100 - x`, where `x` starts at `1` and is incremented until it reaches `101`. In essence, it calculates `y` for each value of `x` as it iterates from `1` to `100`.

**Structure of the Loop:**
- **Loop Condition:** The loop continues as long as `x <= 100`.
- **Operations Performed:** Within each iteration of the loop:
  - `y` is updated to `100 - x`.
  - `x` is incremented by `1`.
  
**Relevant Variables:**
- `x`: starts at `1` and is incremented until it exceeds `100`.
- `y`: calculated as `100 - x`, which changes in each iteration.

### b. Discussion of the Loop Invariant:
**Proposed Loop Invariant:**
A reasonable loop invariant can be expressed as:
- `((x == 1) && (y == \at(y, Pre))) || (y >= 0 && y <= 100)`

**Validity of the Invariant:**
This invariant is valid because it captures two scenarios: 
1. The initial state where `x` is `1` and `y` is equal to its pre-condition value.
2. The state during iterations where `y` is constrained to be between `0` and `100`, ensuring that it reflects the output of the computation `y = 100 - x`.

### c. Establishment:
**Establishment Condition:**
Before the loop starts, `x` is initialized to `1` and `y` is set to `\at(y, Pre)`. Thus, the invariant holds true since the first part of the invariant `((x == 1) && (y == \at(y, Pre)))` is satisfied.

### d. Preservation:
**Preservation Condition:**
At the start of each iteration, if the invariant holds true, we have either the initial state or a valid state where `y` is between `0` and `100`. After executing the loop body:
- `y = 100 - x` will be non-negative and less than or equal to `100` as long as `x` is between `1` and `100` (inclusive).
- `x` is incremented, which maintains the condition `x <= 100` for the next iteration. Therefore, the invariant holds true at the end of each iteration.

### e. Termination Analysis of the Loop:
**Termination Condition:**
When the loop terminates, `x` will be `101`, which means `x <= 100` is no longer true. At this point:
- `y` will have been assigned values from `99` to `0` during the iterations.
- Thus, the invariant `((x == 1) && (y == \at(y, Pre))) || (y >= 0 && y <= 100)` holds true as `y` will have been maintained within the correct bounds throughout.

### f. Correctness of the Post-condition:
**Post-condition:**
The assertion `assert (y >= 0);` is guaranteed to be true because `y` was calculated as `100 - x`, which means it will always be `0` or greater when `x` is `1` to `100`. This is consistent with the invariant we established.

### g. Implication of the Pre-condition:
**Pre-condition Implication:**
The pre-condition `(x == 1) * (y == \at(y, Pre))` guarantees that when the loop begins, `x` is `1` and `y` takes its initial value from the input, satisfying the establishment part of the invariant. Therefore, the invariant is indeed established before the loop starts.

### Complete C Loop Program with Invariant Annotations:
```c
void foo(int y) {
    int x = 1;
    
    /*@ 
      loop invariant  ((x == 1) && (y == \at(y, Pre))) || (y >= 0 && y <= 100);
      loop invariant  ((x == 1) && (y == \at(y, Pre))) || (x >= 1 && x <= 100);
    */
    while (x <= 100) {
        y = 100 - x;
        x = x + 1;
    }

    /*@ assert (y >= 0); */
}
``` 

This annotated code provides the necessary loop invariants that Frama-C can use to verify the properties of the loop effectively.

void foo(int y) {
    int x = 1;
    
    /*@ 
      loop invariant  ((x == 1) && (y == \at(y, Pre))) || (y >= 0 && y <= 100);
      loop invariant  ((x == 1) && (y == \at(y, Pre))) || (x >= 1 && x <= 100);
    */
    while (x <= 100) {
        y = 100 - x;
        x = x + 1;
    }

    /*@ assert (y >= 0); */
}


void foo(int y) {
    int x = 1;
    
    /*@ 
      loop invariant  ((x == 1) && (y == \at(y, Pre))) || (y >= 0 && y <= 100);
      loop invariant  ((x == 1) && (y == \at(y, Pre))) || (x >= 1 && x <= 100);
    */
    while (x <= 100) {
        y = 100 - x;
        x = x + 1;
    }

    /*@ assert (y >= 0); */
}

syntax Correct
Validate:
[True, False]

Goal Preservation of Invariant (file output/65.c, line 7):
Let x_1 = x + y.
Assume {
  Type: is_sint32(x) /\ is_sint32(y) /\ is_sint32(y_1) /\ is_sint32(1 + x) /\
      is_sint32(100 - x).
  (* Invariant *)
  Have: ((x = 1) /\ (y_1 = y)) \/ ((0 <= y_1) /\ (y_1 <= 100)).
  (* Invariant *)
  Have: (0 < x) \/ ((x = 1) /\ (y_1 = y)).
  (* Then *)
  Have: x <= 100.
  (* Invariant *)
  Have: (0 <= x) \/ ((x = 0) /\ (x_1 = 100)).
}
Prove: ((0 <= x) /\ (x <= 99)) \/ ((x = 0) /\ (x_1 = 100)).
Prover Z3 4.8.12 returns Timeout (Qed:5ms) (3s)
Error found in file: output/65.c at line: 7
Error line content: loop invariant  ((x == 1) && (y == \at(y, Pre))) || (x >= 1 && x <= 100);

Verify:
[True]


void foo(int y) {
    int x = 1;
    
    /*@ 
      loop invariant  ((x == 1) && (y == \at(y, Pre))) || (y >= 0 && y <= 100);
      loop invariant  ((x == 1) && (y == \at(y, Pre))) || (x >= 1 && x <= 100) [INVARIANT FAILED] ;
    */
    while (x <= 100) {
        y = 100 - x;
        x = x + 1;
    }

    /*@ assert (y >= 0); */
}

### Error Analysis:

The error report indicates that the loop invariant's preservation condition fails. Specifically, the second invariant `((x == 1) && (y == \at(y, Pre))) || (x >= 1 && x <= 100)` is problematic. The range constraints for `x` are not properly reflecting the behavior of the loop, leading to difficulties in proving that the invariant holds after each iteration.

The loop operates by incrementing `x` starting from 1 up to 100, while `y` is recalculated as `y = 100 - x`. Therefore, the invariant should account for the fact that `x` will take on values from 1 to 100 and `y` will take on values from 99 down to 0 as `x` increments. The equality constraint on `x` in the invariant is problematic because it does not cover all possible valid states after the first iteration.

To fix the preservation issue, we will replace the equality constraint with a range constraint that reflects the possible values of `x` during loop execution, ensuring it can be verified at every step.

### Fixed C Code:

```c
void foo(int y) {
    int x = 1;
    
    /*@ 
      loop invariant  ((x == 1) && (y == \at(y, Pre))) || (y >= 0 && y <= 100);
      loop invariant  ((x == 1) && (y == \at(y, Pre))) || (x >= 1 && x <= 101) ;
    */
    while (x <= 100) {
        y = 100 - x;
        x = x + 1;
    }

    /*@ assert (y >= 0); */
}
```
after weaken

void foo(int y) {
    int x = 1;
    
    /*@ 
      loop invariant  ((x == 1) && (y == \at(y, Pre))) || (y >= 0 && y <= 100);
      loop invariant  ((x == 1) && (y == \at(y, Pre))) || (x >= 1 && x <= 101) ;
    */
    while (x <= 100) {
        y = 100 - x;
        x = x + 1;
    }

    /*@ assert (y >= 0); */
}

syntax Correct
Validate:
[True, True]

Verify:
[True]

CORRECT INVARIANT
syntax Correct
Validate:
[True, True]

Verify:
[True]

syntax Correct
Validate:
[True, True]

Verify:
[True]

已移动文件: 65.c -> finish
-----------------------------------------

文件 65.c 处理完成. 总耗时: 91.55249619483948
-----------------------------------------
finshed_files:['29.c', '87.c', '9.c', '107.c', '65.c']
