file:72.c
Successfully generated loop/72.json
INNER_FLAG: False
Variable Maps: [{'z': '36 * y@pre', 'c': '0', 'y': 'y@pre'}]
Path conditions: ['0 <= y@pre && y@pre <= 127']
Pre condition: 0 <= y@pre && y@pre <= 127 && (z == 36 * y@pre) * (c == 0) * (y == y@pre)
Loop Condition: unknown()
Updated Loop Conditions: ['unknown()']
Global Unchanged Variables ['y']
Non Inductive Variables []
[{'z': '36 * y@pre', 'c': '0', 'y': 'y@pre'}]
['0 <= y@pre && y@pre <= 127']

            
    /* >>> LOOP INVARIANT TO FILL <<< 
       >>> PRECONDITION OF THE LOOP : 0 <= \at(y, Pre) && \at(y, Pre) <= 127 && (z == 36 * \at(y, Pre)) * (c == 0) * (y == \at(y, Pre)) <<< */
    
            /*@
          loop invariant (0 <= \at(y, Pre) && \at(y, Pre) <= 127) ==> (y == \at(y, Pre));
            */
            while (unknown()) {

    if ( c < 36 )
    {
    z  = z + 1;
    c  = c + 1;
    }
  }
            

            
    /* >>> LOOP INVARIANT TO FILL <<< 
       >>> PRECONDITION OF THE LOOP : 0 <= \at(y, Pre) && \at(y, Pre) <= 127 && (z == 36 * \at(y, Pre)) * (c == 0) * (y == \at(y, Pre)) <<< */
    
            /*@
          loop invariant  (0 <= \at(y, Pre) && \at(y, Pre) <= 127) ==> (((z == 36 * \at(y, Pre))&&(c == 0)&&(y == \at(y, Pre))) || (PLACE_HOLDER_c)) ;
          loop invariant  (0 <= \at(y, Pre) && \at(y, Pre) <= 127) ==> (((z == 36 * \at(y, Pre))&&(c == 0)&&(y == \at(y, Pre))) || (PLACE_HOLDER_z)) ;
          loop invariant (0 <= \at(y, Pre) && \at(y, Pre) <= 127) ==> (y == \at(y, Pre));
            */
            while (unknown()) {

    if ( c < 36 )
    {
    z  = z + 1;
    c  = c + 1;
    }
  }
            
int unknown();
/*@ requires 0 <= y && y <= 127; */
void foo(int y) {
  int c = 0;
  int z = 36 * y;
  



  
            
    /* >>> LOOP INVARIANT TO FILL <<< 
       >>> PRECONDITION OF THE LOOP : 0 <= \at(y, Pre) && \at(y, Pre) <= 127 && (z == 36 * \at(y, Pre)) * (c == 0) * (y == \at(y, Pre)) <<< */
    
            /*@
          loop invariant  (0 <= \at(y, Pre) && \at(y, Pre) <= 127) ==> (((z == 36 * \at(y, Pre))&&(c == 0)&&(y == \at(y, Pre))) || (PLACE_HOLDER_c)) ;
          loop invariant  (0 <= \at(y, Pre) && \at(y, Pre) <= 127) ==> (((z == 36 * \at(y, Pre))&&(c == 0)&&(y == \at(y, Pre))) || (PLACE_HOLDER_z)) ;
          loop invariant (0 <= \at(y, Pre) && \at(y, Pre) <= 127) ==> (y == \at(y, Pre));
            */
            while (unknown()) {

    if ( c < 36 )
    {
    z  = z + 1;
    c  = c + 1;
    }
  }
            

  /*@ assert  ( c < 36 ) ==> ( z >= 0 ) ; */
    


}
### Analysis of the Loop

#### a. Purpose and Structure of the Loop:
The objective of the loop is to increment the variable `z` and the counter `c` until `c` reaches 36. The loop continues as long as the condition given by `unknown()` is true. Specifically, the loop is structured to ensure that for every iteration, if `c` is less than 36, `z` is incremented by 1, and `c` is incremented by 1 as well.

- **Loop Condition**: `unknown()` (the exact nature of this condition is not defined, but it governs the loop execution).
- **Operations in Loop**: 
  - If `c < 36`, both `z` and `c` are incremented by 1.
  
Relevant variables:
- `y`: input parameter, constrained by the pre-condition.
- `c`: counter starting at 0, increments by 1 on each iteration until it reaches 36.
- `z`: starts at `36 * y` and increments by 1 for each iteration where `c < 36`.

#### b. Discussion of the Loop Invariant:
The proposed loop invariant needs to capture the state of `z`, `c`, and `y` during the loop execution. The invariant can include conditions that relate the variables and maintain their constraints throughout the iterations.

A valid invariant could be:
1. `0 <= c <= 36`: This ensures `c` remains within valid bounds through every iteration.
2. `z == (36 * y + c)`: This relates `z` to its initial value and the increments made by `c`.

#### c. Establishment:
Before the loop begins, we have the following conditions:
- `c` is initialized to `0`, which satisfies `0 <= c <= 36`.
- `z` is initialized to `36 * y`, and since `y` is in the range `[0, 127]`, `z` starts at a valid value.

Therefore, the invariant holds true before the loop starts.

#### d. Preservation:
Assuming the invariant is true at the start of an iteration, we have:
- `0 <= c < 36`
- `z == (36 * y + c)`

During the iteration:
- If `c < 36`, then at the end of the iteration, `c` becomes `c + 1`, and `z` becomes `z + 1`.
- This means `c` will still be less than or equal to 36, and `z` will now be equal to `36 * y + (c + 1)`.

Thus, the invariant remains true throughout.

#### e. Termination Analysis of the Loop:
The loop terminates when `c` reaches 36. At this point:
- `c` equals `36`, fulfilling the invariant `0 <= c <= 36`.
- `z` equals `36 * y + 36`, which maintains the relation `z == (36 * y + c)`.

Thus, the invariant holds true when the loop terminates.

#### f. Correctness of the Post-condition:
The post-condition states that if `c < 36`, then `z >= 0`. Since when the loop terminates `c` is exactly `36`, the condition `c < 36` does not apply. However, the invariant ensures that `z` has been incremented correctly based on the initial value of `y` and the increments from `c`. Therefore, `z` will always be non-negative because it started from `36 * y`, which is non-negative given the constraints on `y`.

#### g. Implication of the Pre-condition:
The pre-condition guarantees:
- `0 <= y <= 127`
- This ensures that `z` starts at a non-negative value (`36 * y`), thus establishing the invariant that `z` is valid before the loop starts.

### C Loop Program with Filled Invariants

```c
int unknown();
/*@ requires 0 <= y && y <= 127; */
void foo(int y) {
  int c = 0;
  int z = 36 * y;
  
            /* >>> LOOP INVARIANT TO FILL <<< 
               >>> PRECONDITION OF THE LOOP : 0 <= \at(y, Pre) && \at(y, Pre) <= 127 && (z == 36 * \at(y, Pre)) * (c == 0) * (y == \at(y, Pre)) <<< */
    
            /*@
          loop invariant  (0 <= \at(y, Pre) && \at(y, Pre) <= 127) ==> (0 <= c && c <= 36);
          loop invariant  (0 <= \at(y, Pre) && \at(y, Pre) <= 127) ==> (z == (36 * \at(y, Pre) + c));
          loop invariant (0 <= \at(y, Pre) && \at(y, Pre) <= 127) ==> (y == \at(y, Pre));
            */
            while (unknown()) {

    if ( c < 36 )
    {
    z  = z + 1;
    c  = c + 1;
    }
  }
            
  /*@ assert  ( c < 36 ) ==> ( z >= 0 ) ; */
}
``` 

This program now contains the necessary loop invariants to assist in verifying its behavior in Frama-C.

int unknown();
/*@ requires 0 <= y && y <= 127; */
void foo(int y) {
  int c = 0;
  int z = 36 * y;
  
            /* >>> LOOP INVARIANT TO FILL <<< 
               >>> PRECONDITION OF THE LOOP : 0 <= \at(y, Pre) && \at(y, Pre) <= 127 && (z == 36 * \at(y, Pre)) * (c == 0) * (y == \at(y, Pre)) <<< */
    
            /*@
          loop invariant  (0 <= \at(y, Pre) && \at(y, Pre) <= 127) ==> (0 <= c && c <= 36);
          loop invariant  (0 <= \at(y, Pre) && \at(y, Pre) <= 127) ==> (z == (36 * \at(y, Pre) + c));
          loop invariant (0 <= \at(y, Pre) && \at(y, Pre) <= 127) ==> (y == \at(y, Pre));
            */
            while (unknown()) {

    if ( c < 36 )
    {
    z  = z + 1;
    c  = c + 1;
    }
  }
            
  /*@ assert  ( c < 36 ) ==> ( z >= 0 ) ; */
}


int unknown();
/*@ requires 0 <= y && y <= 127; */
void foo(int y) {
  int c = 0;
  int z = 36 * y;
  
            /* >>> LOOP INVARIANT TO FILL <<< 
               >>> PRECONDITION OF THE LOOP : 0 <= \at(y, Pre) && \at(y, Pre) <= 127 && (z == 36 * \at(y, Pre)) * (c == 0) * (y == \at(y, Pre)) <<< */
    
            /*@
          loop invariant  (0 <= \at(y, Pre) && \at(y, Pre) <= 127) ==> (0 <= c && c <= 36);
          loop invariant  (0 <= \at(y, Pre) && \at(y, Pre) <= 127) ==> (z == (36 * \at(y, Pre) + c));
          loop invariant (0 <= \at(y, Pre) && \at(y, Pre) <= 127) ==> (y == \at(y, Pre));
            */
            while (unknown()) {

    if ( c < 36 )
    {
    z  = z + 1;
    c  = c + 1;
    }
  }
            
  /*@ assert  ( c < 36 ) ==> ( z >= 0 ) ; */
}

syntax Correct
Validate:
[True, True, True]

Verify:
[True]

CORRECT INVARIANT
syntax Correct
Validate:
[True, True, True]

Verify:
[True]

syntax Correct
Validate:
[True, True, True]

Verify:
[True]

已移动文件: 72.c -> finish
-----------------------------------------

文件 72.c 处理完成. 总耗时: 56.1404914855957
-----------------------------------------
finshed_files:['29.c', '87.c', '9.c', '107.c', '65.c', '59.c', '46.c', '60.c', '78.c', '11.c', '132.c', '70.c', '121.c', '94.c', '109.c', '61.c', '120.c', '42.c', '33.c', '17.c', '105.c', '101.c', '38.c', '40.c', '88.c', '4.c', '114.c', '8.c', '84.c', '83.c', '111.c', '47.c', '14.c', '49.c', '131.c', '119.c', '43.c', '50.c', '56.c', '18.c', '53.c', '35.c', '10.c', '28.c', '26.c', '73.c', '89.c', '126.c', '96.c', '57.c', '37.c', '36.c', '92.c', '68.c', '115.c', '71.c', '91.c', '22.c', '19.c', '124.c', '52.c', '100.c', '95.c', '90.c', '86.c', '128.c', '62.c', '77.c', '79.c', '108.c', '129.c', '34.c', '123.c', '98.c', '41.c', '27.c', '106.c', '58.c', '130.c', '20.c', '85.c', '15.c', '75.c', '104.c', '2.c', '82.c', '32.c', '23.c', '117.c', '125.c', '64.c', '6.c', '1.c', '12.c', '45.c', '113.c', '13.c', '31.c', '54.c', '93.c', '3.c', '30.c', '133.c', '112.c', '103.c', '69.c', '122.c', '44.c', '51.c', '16.c', '74.c', '81.c', '39.c', '116.c', '7.c', '48.c', '21.c', '110.c', '97.c', '5.c', '24.c', '80.c', '63.c', '25.c', '67.c', '99.c', '72.c']
