file:75.c
Successfully generated loop/75.json
INNER_FLAG: False
Variable Maps: [{'z': '36 * y@pre', 'c': '0', 'x3': 'x3@pre', 'x2': 'x2@pre', 'x1': 'x1@pre', 'y': 'y@pre'}]
Path conditions: ['0 <= y@pre && y@pre <= 127']
Pre condition: 0 <= y@pre && y@pre <= 127 && (z == 36 * y@pre) * (c == 0) * (x3 == x3@pre) * (x2 == x2@pre) * (x1 == x1@pre) * (y == y@pre)
Loop Condition: unknown()
Updated Loop Conditions: ['unknown()']
Global Unchanged Variables ['x3', 'x2', 'x1', 'y']
Non Inductive Variables []
[{'z': '36 * y@pre', 'c': '0', 'x3': 'x3@pre', 'x2': 'x2@pre', 'x1': 'x1@pre', 'y': 'y@pre'}]
['0 <= y@pre && y@pre <= 127']

            
    /* >>> LOOP INVARIANT TO FILL <<< 
       >>> PRECONDITION OF THE LOOP : 0 <= \at(y, Pre) && \at(y, Pre) <= 127 && (z == 36 * \at(y, Pre)) * (c == 0) * (x3 == \at(x3, Pre)) * (x2 == \at(x2, Pre)) * (x1 == \at(x1, Pre)) * (y == \at(y, Pre)) <<< */
    
            /*@
          loop invariant (0 <= \at(y, Pre) && \at(y, Pre) <= 127) ==> (x3 == \at(x3, Pre));
          loop invariant (0 <= \at(y, Pre) && \at(y, Pre) <= 127) ==> (x2 == \at(x2, Pre));
          loop invariant (0 <= \at(y, Pre) && \at(y, Pre) <= 127) ==> (x1 == \at(x1, Pre));
          loop invariant (0 <= \at(y, Pre) && \at(y, Pre) <= 127) ==> (y == \at(y, Pre));
            */
            while (unknown()) {

    if ( c < 36 )
    {
    z  = z + 1;
    c  = c + 1;
    }
  }
            

            
    /* >>> LOOP INVARIANT TO FILL <<< 
       >>> PRECONDITION OF THE LOOP : 0 <= \at(y, Pre) && \at(y, Pre) <= 127 && (z == 36 * \at(y, Pre)) * (c == 0) * (x3 == \at(x3, Pre)) * (x2 == \at(x2, Pre)) * (x1 == \at(x1, Pre)) * (y == \at(y, Pre)) <<< */
    
            /*@
          loop invariant  (0 <= \at(y, Pre) && \at(y, Pre) <= 127) ==> (((z == 36 * \at(y, Pre))&&(c == 0)&&(x3 == \at(x3, Pre))&&(x2 == \at(x2, Pre))&&(x1 == \at(x1, Pre))&&(y == \at(y, Pre))) || (PLACE_HOLDER_c)) ;
          loop invariant  (0 <= \at(y, Pre) && \at(y, Pre) <= 127) ==> (((z == 36 * \at(y, Pre))&&(c == 0)&&(x3 == \at(x3, Pre))&&(x2 == \at(x2, Pre))&&(x1 == \at(x1, Pre))&&(y == \at(y, Pre))) || (PLACE_HOLDER_z)) ;
          loop invariant (0 <= \at(y, Pre) && \at(y, Pre) <= 127) ==> (x3 == \at(x3, Pre));
          loop invariant (0 <= \at(y, Pre) && \at(y, Pre) <= 127) ==> (x2 == \at(x2, Pre));
          loop invariant (0 <= \at(y, Pre) && \at(y, Pre) <= 127) ==> (x1 == \at(x1, Pre));
          loop invariant (0 <= \at(y, Pre) && \at(y, Pre) <= 127) ==> (y == \at(y, Pre));
            */
            while (unknown()) {

    if ( c < 36 )
    {
    z  = z + 1;
    c  = c + 1;
    }
  }
            
int unknown();
/*@ requires 0 <= y && y <= 127; */
void foo(int y,int x1,int x2,int x3) {
  int c = 0;
  int z = 36 * y;
  

  
            
    /* >>> LOOP INVARIANT TO FILL <<< 
       >>> PRECONDITION OF THE LOOP : 0 <= \at(y, Pre) && \at(y, Pre) <= 127 && (z == 36 * \at(y, Pre)) * (c == 0) * (x3 == \at(x3, Pre)) * (x2 == \at(x2, Pre)) * (x1 == \at(x1, Pre)) * (y == \at(y, Pre)) <<< */
    
            /*@
          loop invariant  (0 <= \at(y, Pre) && \at(y, Pre) <= 127) ==> (((z == 36 * \at(y, Pre))&&(c == 0)&&(x3 == \at(x3, Pre))&&(x2 == \at(x2, Pre))&&(x1 == \at(x1, Pre))&&(y == \at(y, Pre))) || (PLACE_HOLDER_c)) ;
          loop invariant  (0 <= \at(y, Pre) && \at(y, Pre) <= 127) ==> (((z == 36 * \at(y, Pre))&&(c == 0)&&(x3 == \at(x3, Pre))&&(x2 == \at(x2, Pre))&&(x1 == \at(x1, Pre))&&(y == \at(y, Pre))) || (PLACE_HOLDER_z)) ;
          loop invariant (0 <= \at(y, Pre) && \at(y, Pre) <= 127) ==> (x3 == \at(x3, Pre));
          loop invariant (0 <= \at(y, Pre) && \at(y, Pre) <= 127) ==> (x2 == \at(x2, Pre));
          loop invariant (0 <= \at(y, Pre) && \at(y, Pre) <= 127) ==> (x1 == \at(x1, Pre));
          loop invariant (0 <= \at(y, Pre) && \at(y, Pre) <= 127) ==> (y == \at(y, Pre));
            */
            while (unknown()) {

    if ( c < 36 )
    {
    z  = z + 1;
    c  = c + 1;
    }
  }
            
    /*@ assert  ( c < 36 ) ==> ( z >= 0 ) ; */
      
  
}
### Analysis of the Loop

#### a. Purpose and Structure of the Loop
The loop's purpose is to increment the variable `z` until `c` reaches 36. The loop executes as long as the condition `unknown()` holds true. Inside the loop, if `c` is less than 36, both `z` and `c` are incremented by 1. The variables involved are:
- `c`: a counter that tracks the number of iterations.
- `z`: a cumulative value that is incremented alongside `c`.

#### b. Discussion of the Loop Invariant
A proposed loop invariant could be:
- `0 <= c <= 36 && z == 36 * \at(y, Pre) + c`
This invariant states that `c` starts at 0 and can go up to 36, while `z` is equal to the initial value of `z` (which is `36 * y`) plus the current value of `c`. This invariant is valid because it reflects the behavior of the loop accurately.

#### c. Establishment
Before the loop starts, `c` is initialized to 0 and `z` is set to `36 * y`. Thus, the invariant `0 <= c <= 36` and `z == 36 * \at(y, Pre) + c` holds true since `c` is 0, which is within the bounds, and `z` is initialized correctly.

#### d. Preservation
If the invariant holds true at the start of an iteration (i.e., `0 <= c < 36` and `z == 36 * \at(y, Pre) + c`), then:
- If `c < 36`, we enter the `if` block, incrementing both `c` and `z` by 1.
- After incrementing, we have `c` becoming `c + 1`, which still satisfies `0 <= c <= 36`. 
- For `z`, it becomes `z + 1`, which can be expressed as `36 * \at(y, Pre) + (c + 1)`, confirming the invariant remains true.

#### e. Termination Analysis of the Loop
The loop terminates when `c` reaches 36. At this point:
- `c` is exactly 36.
- `z` equals `36 * \at(y, Pre) + 36`, confirming the invariant `z == 36 * \at(y, Pre) + c`.
Since `c` is at its maximum and matches the invariant's conditions, the invariant still holds true.

#### f. Correctness of the Post-condition
The post-condition asserts that if `c < 36`, then `z >= 0`. Since `c` can only go up to 36 and starts at 0, this condition holds. The loop invariant, combined with the loop's termination conditions, guarantees that when the loop ends, `c` is 36, and thus `z` is always non-negative.

#### g. Implication of the Pre-condition
The pre-condition states `0 <= y <= 127`, which ensures that the initial value of `z` is well-defined and non-negative since `z = 36 * y`. Thus, the pre-condition guarantees that `z` is initialized correctly, satisfying the invariant before the loop begins.

### C Loop Program with Annotations

```c
int unknown();
/*@ requires 0 <= y && y <= 127; */
void foo(int y,int x1,int x2,int x3) {
  int c = 0;
  int z = 36 * y;

  
            
    /* >>> LOOP INVARIANT TO FILL <<< 
       >>> PRECONDITION OF THE LOOP : 0 <= \at(y, Pre) && \at(y, Pre) <= 127 && (z == 36 * \at(y, Pre)) * (c == 0) * (x3 == \at(x3, Pre)) * (x2 == \at(x2, Pre)) * (x1 == \at(x1, Pre)) * (y == \at(y, Pre)) <<< */
    
            /*@
          loop invariant  (0 <= \at(y, Pre) && \at(y, Pre) <= 127) ==> (((z == 36 * \at(y, Pre))&&(c == 0)&&(x3 == \at(x3, Pre))&&(x2 == \at(x2, Pre))&&(x1 == \at(x1, Pre))&&(y == \at(y, Pre))) || (0 <= c && c <= 36 && z == 36 * \at(y, Pre) + c)) ;
          loop invariant  (0 <= \at(y, Pre) && \at(y, Pre) <= 127) ==> (((z == 36 * \at(y, Pre))&&(c == 0)&&(x3 == \at(x3, Pre))&&(x2 == \at(x2, Pre))&&(x1 == \at(x1, Pre))&&(y == \at(y, Pre))) || (c < 36 && z == 36 * \at(y, Pre) + c)) ;
          loop invariant (0 <= \at(y, Pre) && \at(y, Pre) <= 127) ==> (x3 == \at(x3, Pre));
          loop invariant (0 <= \at(y, Pre) && \at(y, Pre) <= 127) ==> (x2 == \at(x2, Pre));
          loop invariant (0 <= \at(y, Pre) && \at(y, Pre) <= 127) ==> (x1 == \at(x1, Pre));
          loop invariant (0 <= \at(y, Pre) && \at(y, Pre) <= 127) ==> (y == \at(y, Pre));
            */
            while (unknown()) {

    if ( c < 36 )
    {
    z  = z + 1;
    c  = c + 1;
    }
  }
            
    /*@ assert  ( c < 36 ) ==> ( z >= 0 ) ; */
      
  
}
```

int unknown();
/*@ requires 0 <= y && y <= 127; */
void foo(int y,int x1,int x2,int x3) {
  int c = 0;
  int z = 36 * y;

  
            
            /*@
          loop invariant  (0 <= \at(y, Pre) && \at(y, Pre) <= 127) ==> (((z == 36 * \at(y, Pre))&&(c == 0)&&(x3 == \at(x3, Pre))&&(x2 == \at(x2, Pre))&&(x1 == \at(x1, Pre))&&(y == \at(y, Pre))) || (0 <= c && c <= 36 && z == 36 * \at(y, Pre) + c)) ;
          loop invariant  (0 <= \at(y, Pre) && \at(y, Pre) <= 127) ==> (((z == 36 * \at(y, Pre))&&(c == 0)&&(x3 == \at(x3, Pre))&&(x2 == \at(x2, Pre))&&(x1 == \at(x1, Pre))&&(y == \at(y, Pre))) || (c < 36 && z == 36 * \at(y, Pre) + c)) ;
          loop invariant (0 <= \at(y, Pre) && \at(y, Pre) <= 127) ==> (x3 == \at(x3, Pre));
          loop invariant (0 <= \at(y, Pre) && \at(y, Pre) <= 127) ==> (x2 == \at(x2, Pre));
          loop invariant (0 <= \at(y, Pre) && \at(y, Pre) <= 127) ==> (x1 == \at(x1, Pre));
          loop invariant (0 <= \at(y, Pre) && \at(y, Pre) <= 127) ==> (y == \at(y, Pre));
            */
            while (unknown()) {

    if ( c < 36 )
    {
    z  = z + 1;
    c  = c + 1;
    }
  }
            
    /*@ assert  ( c < 36 ) ==> ( z >= 0 ) ; */
      
  
}


int unknown();
/*@ requires 0 <= y && y <= 127; */
void foo(int y,int x1,int x2,int x3) {
  int c = 0;
  int z = 36 * y;

  
            
            /*@
          loop invariant  (0 <= \at(y, Pre) && \at(y, Pre) <= 127) ==> (((z == 36 * \at(y, Pre))&&(c == 0)&&(x3 == \at(x3, Pre))&&(x2 == \at(x2, Pre))&&(x1 == \at(x1, Pre))&&(y == \at(y, Pre))) || (0 <= c && c <= 36 && z == 36 * \at(y, Pre) + c)) ;
          loop invariant  (0 <= \at(y, Pre) && \at(y, Pre) <= 127) ==> (((z == 36 * \at(y, Pre))&&(c == 0)&&(x3 == \at(x3, Pre))&&(x2 == \at(x2, Pre))&&(x1 == \at(x1, Pre))&&(y == \at(y, Pre))) || (c < 36 && z == 36 * \at(y, Pre) + c)) ;
          loop invariant (0 <= \at(y, Pre) && \at(y, Pre) <= 127) ==> (x3 == \at(x3, Pre));
          loop invariant (0 <= \at(y, Pre) && \at(y, Pre) <= 127) ==> (x2 == \at(x2, Pre));
          loop invariant (0 <= \at(y, Pre) && \at(y, Pre) <= 127) ==> (x1 == \at(x1, Pre));
          loop invariant (0 <= \at(y, Pre) && \at(y, Pre) <= 127) ==> (y == \at(y, Pre));
            */
            while (unknown()) {

    if ( c < 36 )
    {
    z  = z + 1;
    c  = c + 1;
    }
  }
            
    /*@ assert  ( c < 36 ) ==> ( z >= 0 ) ; */
      
  
}

syntax Correct
Validate:
[True, False, True, True, True, True]

Goal Preservation of Invariant (file output/75.c, line 12):
Let x = 1 + z.
Let x_1 = 36 * y.
Let x_2 = c + x_1.
Assume {
  Type: is_sint32(c) /\ is_sint32(tmp_0) /\ is_sint32(y) /\ is_sint32(z) /\
      is_sint32(x_1) /\ is_sint32(1 + c) /\ is_sint32(x).
  (* Residual *)
  When: c <= 35.
  (* Goal *)
  When: (0 <= y) /\ (y <= 127).
  (* Invariant *)
  Have: ((c = 0) /\ (x_1 = z)) \/ ((x_2 = z) /\ (0 <= c) /\ (c <= 36)).
  (* Invariant *)
  Have: (x_2 = z) \/ ((c = 0) /\ (x_1 = z)).
  (* Then *)
  Have: tmp_0 != 0.
  (* Invariant *)
  Have: ((c = (-1)) /\ (x = x_1)) \/ ((x_2 = z) /\ ((-1) <= c)).
}
Prove: ((c = (-1)) /\ (x = x_1)) \/ ((x_2 = z) /\ (c <= 34)).
Prover Z3 4.8.12 returns Timeout (Qed:20ms) (3s)
Error found in file: output/75.c at line: 12
Error line content: loop invariant  (0 <= \at(y, Pre) && \at(y, Pre) <= 127) ==> (((z == 36 * \at(y, Pre))&&(c == 0)&&(x3 == \at(x3, Pre))&&(x2 == \at(x2, Pre))&&(x1 == \at(x1, Pre))&&(y == \at(y, Pre))) || (c < 36 && z == 36 * \at(y, Pre) + c)) ;

Verify:
[True]


int unknown();
/*@ requires 0 <= y && y <= 127; */
void foo(int y,int x1,int x2,int x3) {
  int c = 0;
  int z = 36 * y;

  
            
            /*@
          loop invariant  (0 <= \at(y, Pre) && \at(y, Pre) <= 127) ==> (((z == 36 * \at(y, Pre))&&(c == 0)&&(x3 == \at(x3, Pre))&&(x2 == \at(x2, Pre))&&(x1 == \at(x1, Pre))&&(y == \at(y, Pre))) || (0 <= c && c <= 36 && z == 36 * \at(y, Pre) + c)) ;
          loop invariant  (0 <= \at(y, Pre) && \at(y, Pre) <= 127) ==> (((z == 36 * \at(y, Pre))&&(c == 0)&&(x3 == \at(x3, Pre))&&(x2 == \at(x2, Pre))&&(x1 == \at(x1, Pre))&&(y == \at(y, Pre))) || (c < 36 && z == 36 * \at(y, Pre) + c))  [INVARIANT FAILED] ;
          loop invariant (0 <= \at(y, Pre) && \at(y, Pre) <= 127) ==> (x3 == \at(x3, Pre));
          loop invariant (0 <= \at(y, Pre) && \at(y, Pre) <= 127) ==> (x2 == \at(x2, Pre));
          loop invariant (0 <= \at(y, Pre) && \at(y, Pre) <= 127) ==> (x1 == \at(x1, Pre));
          loop invariant (0 <= \at(y, Pre) && \at(y, Pre) <= 127) ==> (y == \at(y, Pre));
            */
            while (unknown()) {

    if ( c < 36 )
    {
    z  = z + 1;
    c  = c + 1;
    }
  }
            
    /*@ assert  ( c < 36 ) ==> ( z >= 0 ) ; */
      
  
}

### Error Analysis:

The error indicates a failure in the preservation of the loop invariant during each iteration of the loop. The existing loop invariant states:

```c
loop invariant  (0 <= \at(y, Pre) && \at(y, Pre) <= 127) ==> (((z == 36 * \at(y, Pre))&&(c == 0)&&(x3 == \at(x3, Pre))&&(x2 == \at(x2, Pre))&&(x1 == \at(x1, Pre))&&(y == \at(y, Pre))) || (c < 36 && z == 36 * \at(y, Pre) + c))
```

The invariant attempts to maintain a relationship between `c`, `z`, and the preconditioned value of `y`. The preservation goal is not met because the conditions involving `c` and `z` become complex due to the arithmetic operations performed in the loop (`z` is incremented as `c` is incremented). 

To resolve this, we can weaken the invariant by replacing the equality constraints with range constraints. Specifically, since `c` can only take values from `0` to `36`, we can express the relationship between `c` and `z` in terms of ranges. 

### Fixed C Code:

```c
int unknown();
/*@ requires 0 <= y && y <= 127; */
void foo(int y,int x1,int x2,int x3) {
  int c = 0;
  int z = 36 * y;

  
            
            /*@
          loop invariant  (0 <= \at(y, Pre) && \at(y, Pre) <= 127) ==> (((z == 36 * \at(y, Pre))&&(c == 0)&&(x3 == \at(x3, Pre))&&(x2 == \at(x2, Pre))&&(x1 == \at(x1, Pre))&&(y == \at(y, Pre))) || (0 <= c && c <= 36 && 36 * \at(y, Pre) <= z && z <= 36 * \at(y, Pre) + 36)) ;
          loop invariant  (0 <= \at(y, Pre) && \at(y, Pre) <= 127) ==> (((z == 36 * \at(y, Pre))&&(c == 0)&&(x3 == \at(x3, Pre))&&(x2 == \at(x2, Pre))&&(x1 == \at(x1, Pre))&&(y == \at(y, Pre))) || (0 <= c && c < 36 && z == 36 * \at(y, Pre) + c)) ;
          loop invariant (0 <= \at(y, Pre) && \at(y, Pre) <= 127) ==> (x3 == \at(x3, Pre));
          loop invariant (0 <= \at(y, Pre) && \at(y, Pre) <= 127) ==> (x2 == \at(x2, Pre));
          loop invariant (0 <= \at(y, Pre) && \at(y, Pre) <= 127) ==> (x1 == \at(x1, Pre));
          loop invariant (0 <= \at(y, Pre) && \at(y, Pre) <= 127) ==> (y == \at(y, Pre));
            */
            while (unknown()) {

    if ( c < 36 )
    {
    z  = z + 1;
    c  = c + 1;
    }
  }
            
    /*@ assert  ( c < 36 ) ==> ( z >= 0 ) ; */
      
  
}
```
after weaken

int unknown();
/*@ requires 0 <= y && y <= 127; */
void foo(int y,int x1,int x2,int x3) {
  int c = 0;
  int z = 36 * y;

  
            
            /*@
          loop invariant  (0 <= \at(y, Pre) && \at(y, Pre) <= 127) ==> (((z == 36 * \at(y, Pre))&&(c == 0)&&(x3 == \at(x3, Pre))&&(x2 == \at(x2, Pre))&&(x1 == \at(x1, Pre))&&(y == \at(y, Pre))) || (0 <= c && c <= 36 && 36 * \at(y, Pre) <= z && z <= 36 * \at(y, Pre) + 36)) ;
          loop invariant  (0 <= \at(y, Pre) && \at(y, Pre) <= 127) ==> (((z == 36 * \at(y, Pre))&&(c == 0)&&(x3 == \at(x3, Pre))&&(x2 == \at(x2, Pre))&&(x1 == \at(x1, Pre))&&(y == \at(y, Pre))) || (0 <= c && c < 36 && z == 36 * \at(y, Pre) + c)) ;
          loop invariant (0 <= \at(y, Pre) && \at(y, Pre) <= 127) ==> (x3 == \at(x3, Pre));
          loop invariant (0 <= \at(y, Pre) && \at(y, Pre) <= 127) ==> (x2 == \at(x2, Pre));
          loop invariant (0 <= \at(y, Pre) && \at(y, Pre) <= 127) ==> (x1 == \at(x1, Pre));
          loop invariant (0 <= \at(y, Pre) && \at(y, Pre) <= 127) ==> (y == \at(y, Pre));
            */
            while (unknown()) {

    if ( c < 36 )
    {
    z  = z + 1;
    c  = c + 1;
    }
  }
            
    /*@ assert  ( c < 36 ) ==> ( z >= 0 ) ; */
      
  
}

syntax Correct
Validate:
[True, False, True, True, True, True]

Goal Preservation of Invariant (file output/75.c, line 12):
Let x = 1 + z.
Let x_1 = 36 * y.
Let x_2 = c + x_1.
Assume {
  Type: is_sint32(c) /\ is_sint32(tmp_0) /\ is_sint32(y) /\ is_sint32(z) /\
      is_sint32(x_1) /\ is_sint32(1 + c) /\ is_sint32(x).
  (* Residual *)
  When: c <= 35.
  (* Goal *)
  When: (0 <= y) /\ (y <= 127).
  (* Invariant *)
  Have: ((c = 0) /\ (x_1 = z)) \/
      ((0 <= c) /\ (x_1 <= z) /\ (c <= 36) /\ (z <= (36 + x_1))).
  (* Invariant *)
  Have: ((c = 0) /\ (x_1 = z)) \/ ((x_2 = z) /\ (0 <= c)).
  (* Then *)
  Have: tmp_0 != 0.
  (* Invariant *)
  Have: ((c = (-1)) /\ (x = x_1)) \/
      (((-1) <= c) /\ (x_1 <= x) /\ (z <= (35 + x_1))).
}
Prove: ((c = (-1)) /\ (x = x_1)) \/ ((x_2 = z) /\ ((-1) <= c) /\ (c <= 34)).
Prover Z3 4.8.12 returns Timeout (Qed:22ms) (3s)
Error found in file: output/75.c at line: 12
Error line content: loop invariant  (0 <= \at(y, Pre) && \at(y, Pre) <= 127) ==> (((z == 36 * \at(y, Pre))&&(c == 0)&&(x3 == \at(x3, Pre))&&(x2 == \at(x2, Pre))&&(x1 == \at(x1, Pre))&&(y == \at(y, Pre))) || (0 <= c && c < 36 && z == 36 * \at(y, Pre) + c)) ;

Verify:
[True]


int unknown();
/*@ requires 0 <= y && y <= 127; */
void foo(int y,int x1,int x2,int x3) {
  int c = 0;
  int z = 36 * y;

  
            
            /*@
          loop invariant  (0 <= \at(y, Pre) && \at(y, Pre) <= 127) ==> (((z == 36 * \at(y, Pre))&&(c == 0)&&(x3 == \at(x3, Pre))&&(x2 == \at(x2, Pre))&&(x1 == \at(x1, Pre))&&(y == \at(y, Pre))) || (0 <= c && c <= 36 && 36 * \at(y, Pre) <= z && z <= 36 * \at(y, Pre) + 36)) ;
          loop invariant  (0 <= \at(y, Pre) && \at(y, Pre) <= 127) ==> (((z == 36 * \at(y, Pre))&&(c == 0)&&(x3 == \at(x3, Pre))&&(x2 == \at(x2, Pre))&&(x1 == \at(x1, Pre))&&(y == \at(y, Pre))) || (0 <= c && c < 36 && z == 36 * \at(y, Pre) + c))  [INVARIANT FAILED] ;
          loop invariant (0 <= \at(y, Pre) && \at(y, Pre) <= 127) ==> (x3 == \at(x3, Pre));
          loop invariant (0 <= \at(y, Pre) && \at(y, Pre) <= 127) ==> (x2 == \at(x2, Pre));
          loop invariant (0 <= \at(y, Pre) && \at(y, Pre) <= 127) ==> (x1 == \at(x1, Pre));
          loop invariant (0 <= \at(y, Pre) && \at(y, Pre) <= 127) ==> (y == \at(y, Pre));
            */
            while (unknown()) {

    if ( c < 36 )
    {
    z  = z + 1;
    c  = c + 1;
    }
  }
            
    /*@ assert  ( c < 36 ) ==> ( z >= 0 ) ; */
      
  
}

1. **Error Analysis:**

   The error message indicates a problem with the preservation of the loop invariant. The invariant fails to hold true after the iteration of the loop. Specifically, the invariant contains an equality constraint that cannot be satisfied in all cases due to the operations performed in the loop. 

   The invariant checks for the condition `(0 <= c && c < 36 && z == 36 * \at(y, Pre) + c)`, but as `c` increases with each iteration, the condition on `z` becomes problematic. Since `z` is incremented as `c` is incremented, the equality constraint on `z` may not hold in subsequent iterations. 

   Thus, we can replace the problematic equality constraints with range constraints, which can better account for the changes in `z` and `c` over iterations without breaking the invariant.

2. **Fixed C Code:**

```c
int unknown();
/*@ requires 0 <= y && y <= 127; */
void foo(int y,int x1,int x2,int x3) {
  int c = 0;
  int z = 36 * y;

  
            
            /*@
          loop invariant  (0 <= \at(y, Pre) && \at(y, Pre) <= 127) ==> (((z == 36 * \at(y, Pre))&&(c == 0)&&(x3 == \at(x3, Pre))&&(x2 == \at(x2, Pre))&&(x1 == \at(x1, Pre))&&(y == \at(y, Pre))) || (0 <= c && c <= 36 && 36 * \at(y, Pre) <= z && z <= 36 * \at(y, Pre) + 36)) ;
          loop invariant  (0 <= \at(y, Pre) && \at(y, Pre) <= 127) ==> (((z == 36 * \at(y, Pre))&&(c == 0)&&(x3 == \at(x3, Pre))&&(x2 == \at(x2, Pre))&&(x1 == \at(x1, Pre))&&(y == \at(y, Pre))) || (0 <= c && c < 36 && 36 * \at(y, Pre) + c <= z && z <= 36 * \at(y, Pre) + 36))  ;
          loop invariant (0 <= \at(y, Pre) && \at(y, Pre) <= 127) ==> (x3 == \at(x3, Pre));
          loop invariant (0 <= \at(y, Pre) && \at(y, Pre) <= 127) ==> (x2 == \at(x2, Pre));
          loop invariant (0 <= \at(y, Pre) && \at(y, Pre) <= 127) ==> (x1 == \at(x1, Pre));
          loop invariant (0 <= \at(y, Pre) && \at(y, Pre) <= 127) ==> (y == \at(y, Pre));
            */
            while (unknown()) {

    if ( c < 36 )
    {
    z  = z + 1;
    c  = c + 1;
    }
  }
            
    /*@ assert  ( c < 36 ) ==> ( z >= 0 ) ; */
      
  
}
```
after weaken

int unknown();
/*@ requires 0 <= y && y <= 127; */
void foo(int y,int x1,int x2,int x3) {
  int c = 0;
  int z = 36 * y;

  
            
            /*@
          loop invariant  (0 <= \at(y, Pre) && \at(y, Pre) <= 127) ==> (((z == 36 * \at(y, Pre))&&(c == 0)&&(x3 == \at(x3, Pre))&&(x2 == \at(x2, Pre))&&(x1 == \at(x1, Pre))&&(y == \at(y, Pre))) || (0 <= c && c <= 36 && 36 * \at(y, Pre) <= z && z <= 36 * \at(y, Pre) + 36)) ;
          loop invariant  (0 <= \at(y, Pre) && \at(y, Pre) <= 127) ==> (((z == 36 * \at(y, Pre))&&(c == 0)&&(x3 == \at(x3, Pre))&&(x2 == \at(x2, Pre))&&(x1 == \at(x1, Pre))&&(y == \at(y, Pre))) || (0 <= c && c < 36 && 36 * \at(y, Pre) + c <= z && z <= 36 * \at(y, Pre) + 36))  ;
          loop invariant (0 <= \at(y, Pre) && \at(y, Pre) <= 127) ==> (x3 == \at(x3, Pre));
          loop invariant (0 <= \at(y, Pre) && \at(y, Pre) <= 127) ==> (x2 == \at(x2, Pre));
          loop invariant (0 <= \at(y, Pre) && \at(y, Pre) <= 127) ==> (x1 == \at(x1, Pre));
          loop invariant (0 <= \at(y, Pre) && \at(y, Pre) <= 127) ==> (y == \at(y, Pre));
            */
            while (unknown()) {

    if ( c < 36 )
    {
    z  = z + 1;
    c  = c + 1;
    }
  }
            
    /*@ assert  ( c < 36 ) ==> ( z >= 0 ) ; */
      
  
}

syntax Correct
Validate:
[False, False, True, True, True, True]

Goal Preservation of Invariant (file output/75.c, line 11):
Let x = 36 * y.
Let x_1 = 36 + x.
Let x_2 = 1 + z.
Assume {
  Type: is_sint32(c) /\ is_sint32(tmp_0) /\ is_sint32(y) /\ is_sint32(z) /\
      is_sint32(x) /\ is_sint32(1 + c) /\ is_sint32(x_2).
  (* Residual *)
  When: c <= 35.
  (* Goal *)
  When: (0 <= y) /\ (y <= 127).
  (* Invariant *)
  Have: ((c = 0) /\ (x = z)) \/
      ((0 <= c) /\ (x <= z) /\ (c <= 36) /\ (z <= x_1)).
  (* Invariant *)
  Have: ((c = 0) /\ (x = z)) \/ ((0 <= c) /\ ((c + x) <= z) /\ (z <= x_1)).
  (* Then *)
  Have: tmp_0 != 0.
}
Prove: ((c = (-1)) /\ (x_2 = x)) \/
    (((-1) <= c) /\ (x <= x_2) /\ (z <= (35 + x))).
Prover Z3 4.8.12 returns Timeout (Qed:24ms) (3s)
Error found in file: output/75.c at line: 11
Error line content: loop invariant  (0 <= \at(y, Pre) && \at(y, Pre) <= 127) ==> (((z == 36 * \at(y, Pre))&&(c == 0)&&(x3 == \at(x3, Pre))&&(x2 == \at(x2, Pre))&&(x1 == \at(x1, Pre))&&(y == \at(y, Pre))) || (0 <= c && c <= 36 && 36 * \at(y, Pre) <= z && z <= 36 * \at(y, Pre) + 36)) ;

Goal Preservation of Invariant (file output/75.c, line 12):
Let x = 1 + z.
Let x_1 = 36 * y.
Let x_2 = 35 + x_1.
Let x_3 = c + x_1.
Let x_4 = 36 + x_1.
Assume {
  Type: is_sint32(c) /\ is_sint32(tmp_0) /\ is_sint32(y) /\ is_sint32(z) /\
      is_sint32(x_1) /\ is_sint32(1 + c) /\ is_sint32(x).
  (* Residual *)
  When: c <= 35.
  (* Goal *)
  When: (0 <= y) /\ (y <= 127).
  (* Invariant *)
  Have: ((c = 0) /\ (x_1 = z)) \/
      ((0 <= c) /\ (x_1 <= z) /\ (c <= 36) /\ (z <= x_4)).
  (* Invariant *)
  Have: ((c = 0) /\ (x_1 = z)) \/ ((0 <= c) /\ (x_3 <= z) /\ (z <= x_4)).
  (* Then *)
  Have: tmp_0 != 0.
  (* Invariant *)
  Have: ((c = (-1)) /\ (x = x_1)) \/
      (((-1) <= c) /\ (x_1 <= x) /\ (z <= x_2)).
}
Prove: ((c = (-1)) /\ (x = x_1)) \/
    ((x_3 <= z) /\ ((-1) <= c) /\ (c <= 34) /\ (z <= x_2)).
Prover Z3 4.8.12 returns Timeout (Qed:28ms) (3s)
Error found in file: output/75.c at line: 12
Error line content: loop invariant  (0 <= \at(y, Pre) && \at(y, Pre) <= 127) ==> (((z == 36 * \at(y, Pre))&&(c == 0)&&(x3 == \at(x3, Pre))&&(x2 == \at(x2, Pre))&&(x1 == \at(x1, Pre))&&(y == \at(y, Pre))) || (0 <= c && c < 36 && 36 * \at(y, Pre) + c <= z && z <= 36 * \at(y, Pre) + 36))  ;

Verify:
[True]


int unknown();
/*@ requires 0 <= y && y <= 127; */
void foo(int y,int x1,int x2,int x3) {
  int c = 0;
  int z = 36 * y;

  
            
            /*@
          loop invariant  (0 <= \at(y, Pre) && \at(y, Pre) <= 127) ==> (((z == 36 * \at(y, Pre))&&(c == 0)&&(x3 == \at(x3, Pre))&&(x2 == \at(x2, Pre))&&(x1 == \at(x1, Pre))&&(y == \at(y, Pre))) || (0 <= c && c <= 36 && 36 * \at(y, Pre) <= z && z <= 36 * \at(y, Pre) + 36))  [INVARIANT FAILED] ;
          loop invariant  (0 <= \at(y, Pre) && \at(y, Pre) <= 127) ==> (((z == 36 * \at(y, Pre))&&(c == 0)&&(x3 == \at(x3, Pre))&&(x2 == \at(x2, Pre))&&(x1 == \at(x1, Pre))&&(y == \at(y, Pre))) || (0 <= c && c < 36 && 36 * \at(y, Pre) + c <= z && z <= 36 * \at(y, Pre) + 36))   [INVARIANT FAILED] ;
          loop invariant (0 <= \at(y, Pre) && \at(y, Pre) <= 127) ==> (x3 == \at(x3, Pre));
          loop invariant (0 <= \at(y, Pre) && \at(y, Pre) <= 127) ==> (x2 == \at(x2, Pre));
          loop invariant (0 <= \at(y, Pre) && \at(y, Pre) <= 127) ==> (x1 == \at(x1, Pre));
          loop invariant (0 <= \at(y, Pre) && \at(y, Pre) <= 127) ==> (y == \at(y, Pre));
            */
            while (unknown()) {

    if ( c < 36 )
    {
    z  = z + 1;
    c  = c + 1;
    }
  }
            
    /*@ assert  ( c < 36 ) ==> ( z >= 0 ) ; */
      
  
}

1. **Error Analysis:**

The Frama-C tool has reported issues with the preservation of the loop invariants in the provided C code. Specifically, it indicates that the invariants fail to hold true after each iteration of the loop. The key problems identified are related to the equality constraints in the loop invariants.

In the first invariant, the expression involving `z` and `c` uses strict equality and bounding constraints that may not hold after multiple iterations of the loop, particularly as `c` is incremented and may not be equal to 0. The use of equality like `c == 0` can lead to inconsistencies, especially since `c` is incremented during the loop, which could make the condition invalid after the first iteration.

In the second invariant, while `c < 36` is a valid check, the use of `36 * \at(y, Pre) + c <= z` might not hold as `c` increments, which again can cause the invariant to fail after some iterations.

Thus, the strategy to resolve these issues involves replacing the strict equality constraints with range constraints, which will allow the invariants to hold true throughout the loop's execution.

2. **Fixed C Code:**

```c
int unknown();
/*@ requires 0 <= y && y <= 127; */
void foo(int y,int x1,int x2,int x3) {
  int c = 0;
  int z = 36 * y;

  
            
            /*@
          loop invariant  (0 <= \at(y, Pre) && \at(y, Pre) <= 127) ==> (((z == 36 * \at(y, Pre))&&(c == 0)&&(x3 == \at(x3, Pre))&&(x2 == \at(x2, Pre))&&(x1 == \at(x1, Pre))&&(y == \at(y, Pre))) || (0 <= c && c <= 36 && 36 * \at(y, Pre) <= z && z <= 36 * \at(y, Pre) + 36)) ;
          loop invariant  (0 <= \at(y, Pre) && \at(y, Pre) <= 127) ==> (((z == 36 * \at(y, Pre))&&(c == 0)&&(x3 == \at(x3, Pre))&&(x2 == \at(x2, Pre))&&(x1 == \at(x1, Pre))&&(y == \at(y, Pre))) || (0 <= c && c < 36 && z >= 36 * \at(y, Pre) + c && z <= 36 * \at(y, Pre) + 36)) ;
          loop invariant (0 <= \at(y, Pre) && \at(y, Pre) <= 127) ==> (x3 == \at(x3, Pre));
          loop invariant (0 <= \at(y, Pre) && \at(y, Pre) <= 127) ==> (x2 == \at(x2, Pre));
          loop invariant (0 <= \at(y, Pre) && \at(y, Pre) <= 127) ==> (x1 == \at(x1, Pre));
          loop invariant (0 <= \at(y, Pre) && \at(y, Pre) <= 127) ==> (y == \at(y, Pre));
            */
            while (unknown()) {

    if ( c < 36 )
    {
    z  = z + 1;
    c  = c + 1;
    }
  }
            
    /*@ assert  ( c < 36 ) ==> ( z >= 0 ) ; */
      
  
}
```
after weaken

int unknown();
/*@ requires 0 <= y && y <= 127; */
void foo(int y,int x1,int x2,int x3) {
  int c = 0;
  int z = 36 * y;

  
            
            /*@
          loop invariant  (0 <= \at(y, Pre) && \at(y, Pre) <= 127) ==> (((z == 36 * \at(y, Pre))&&(c == 0)&&(x3 == \at(x3, Pre))&&(x2 == \at(x2, Pre))&&(x1 == \at(x1, Pre))&&(y == \at(y, Pre))) || (0 <= c && c <= 36 && 36 * \at(y, Pre) <= z && z <= 36 * \at(y, Pre) + 36)) ;
          loop invariant  (0 <= \at(y, Pre) && \at(y, Pre) <= 127) ==> (((z == 36 * \at(y, Pre))&&(c == 0)&&(x3 == \at(x3, Pre))&&(x2 == \at(x2, Pre))&&(x1 == \at(x1, Pre))&&(y == \at(y, Pre))) || (0 <= c && c < 36 && z >= 36 * \at(y, Pre) + c && z <= 36 * \at(y, Pre) + 36)) ;
          loop invariant (0 <= \at(y, Pre) && \at(y, Pre) <= 127) ==> (x3 == \at(x3, Pre));
          loop invariant (0 <= \at(y, Pre) && \at(y, Pre) <= 127) ==> (x2 == \at(x2, Pre));
          loop invariant (0 <= \at(y, Pre) && \at(y, Pre) <= 127) ==> (x1 == \at(x1, Pre));
          loop invariant (0 <= \at(y, Pre) && \at(y, Pre) <= 127) ==> (y == \at(y, Pre));
            */
            while (unknown()) {

    if ( c < 36 )
    {
    z  = z + 1;
    c  = c + 1;
    }
  }
            
    /*@ assert  ( c < 36 ) ==> ( z >= 0 ) ; */
      
  
}

syntax Correct
Validate:
[False, False, True, True, True, True]

Goal Preservation of Invariant (file output/75.c, line 11):
Let x = 36 * y.
Let x_1 = 36 + x.
Let x_2 = 1 + z.
Assume {
  Type: is_sint32(c) /\ is_sint32(tmp_0) /\ is_sint32(y) /\ is_sint32(z) /\
      is_sint32(x) /\ is_sint32(1 + c) /\ is_sint32(x_2).
  (* Residual *)
  When: c <= 35.
  (* Goal *)
  When: (0 <= y) /\ (y <= 127).
  (* Invariant *)
  Have: ((c = 0) /\ (x = z)) \/
      ((0 <= c) /\ (x <= z) /\ (c <= 36) /\ (z <= x_1)).
  (* Invariant *)
  Have: ((c = 0) /\ (x = z)) \/ ((0 <= c) /\ ((c + x) <= z) /\ (z <= x_1)).
  (* Then *)
  Have: tmp_0 != 0.
}
Prove: ((c = (-1)) /\ (x_2 = x)) \/
    (((-1) <= c) /\ (x <= x_2) /\ (z <= (35 + x))).
Prover Z3 4.8.12 returns Timeout (Qed:23ms) (3s)
Error found in file: output/75.c at line: 11
Error line content: loop invariant  (0 <= \at(y, Pre) && \at(y, Pre) <= 127) ==> (((z == 36 * \at(y, Pre))&&(c == 0)&&(x3 == \at(x3, Pre))&&(x2 == \at(x2, Pre))&&(x1 == \at(x1, Pre))&&(y == \at(y, Pre))) || (0 <= c && c <= 36 && 36 * \at(y, Pre) <= z && z <= 36 * \at(y, Pre) + 36)) ;

Goal Preservation of Invariant (file output/75.c, line 12):
Let x = 1 + z.
Let x_1 = 36 * y.
Let x_2 = 35 + x_1.
Let x_3 = c + x_1.
Let x_4 = 36 + x_1.
Assume {
  Type: is_sint32(c) /\ is_sint32(tmp_0) /\ is_sint32(y) /\ is_sint32(z) /\
      is_sint32(x_1) /\ is_sint32(1 + c) /\ is_sint32(x).
  (* Residual *)
  When: c <= 35.
  (* Goal *)
  When: (0 <= y) /\ (y <= 127).
  (* Invariant *)
  Have: ((c = 0) /\ (x_1 = z)) \/
      ((0 <= c) /\ (x_1 <= z) /\ (c <= 36) /\ (z <= x_4)).
  (* Invariant *)
  Have: ((c = 0) /\ (x_1 = z)) \/ ((0 <= c) /\ (x_3 <= z) /\ (z <= x_4)).
  (* Then *)
  Have: tmp_0 != 0.
  (* Invariant *)
  Have: ((c = (-1)) /\ (x = x_1)) \/
      (((-1) <= c) /\ (x_1 <= x) /\ (z <= x_2)).
}
Prove: ((c = (-1)) /\ (x = x_1)) \/
    ((x_3 <= z) /\ ((-1) <= c) /\ (c <= 34) /\ (z <= x_2)).
Prover Z3 4.8.12 returns Timeout (Qed:26ms) (3s)
Error found in file: output/75.c at line: 12
Error line content: loop invariant  (0 <= \at(y, Pre) && \at(y, Pre) <= 127) ==> (((z == 36 * \at(y, Pre))&&(c == 0)&&(x3 == \at(x3, Pre))&&(x2 == \at(x2, Pre))&&(x1 == \at(x1, Pre))&&(y == \at(y, Pre))) || (0 <= c && c < 36 && z >= 36 * \at(y, Pre) + c && z <= 36 * \at(y, Pre) + 36)) ;

Verify:
[True]

after hudini

int unknown();
/*@ requires 0 <= y && y <= 127; */
void foo(int y,int x1,int x2,int x3) {
  int c = 0;
  int z = 36 * y;

  
            
            /*@          loop invariant  (0 <= \at(y, Pre) && \at(y, Pre) <= 127) ==> (((z == 36 * \at(y, Pre))&&(c == 0)&&(x3 == \at(x3, Pre))&&(x2 == \at(x2, Pre))&&(x1 == \at(x1, Pre))&&(y == \at(y, Pre))) || (0 <= c && c < 36 && z >= 36 * \at(y, Pre) + c && z <= 36 * \at(y, Pre) + 36)) ;
          loop invariant (0 <= \at(y, Pre) && \at(y, Pre) <= 127) ==> (x3 == \at(x3, Pre));
          loop invariant (0 <= \at(y, Pre) && \at(y, Pre) <= 127) ==> (x2 == \at(x2, Pre));
          loop invariant (0 <= \at(y, Pre) && \at(y, Pre) <= 127) ==> (x1 == \at(x1, Pre));
          loop invariant (0 <= \at(y, Pre) && \at(y, Pre) <= 127) ==> (y == \at(y, Pre));
            */
            while (unknown()) {

    if ( c < 36 )
    {
    z  = z + 1;
    c  = c + 1;
    }
  }
            
    /*@ assert  ( c < 36 ) ==> ( z >= 0 ) ; */
      
  
}

syntax Correct
Validate:
[False, True, True, True, True]

Goal Preservation of Invariant (file output/75.c, line 10):
Let x = 36 * y.
Let x_1 = c + x.
Let x_2 = 1 + z.
Assume {
  Type: is_sint32(c) /\ is_sint32(tmp_0) /\ is_sint32(y) /\ is_sint32(z) /\
      is_sint32(x) /\ is_sint32(1 + c) /\ is_sint32(x_2).
  (* Residual *)
  When: c <= 35.
  (* Goal *)
  When: (0 <= y) /\ (y <= 127).
  (* Invariant *)
  Have: ((c = 0) /\ (x = z)) \/ ((0 <= c) /\ (x_1 <= z) /\ (z <= (36 + x))).
  (* Then *)
  Have: tmp_0 != 0.
}
Prove: ((c = (-1)) /\ (x_2 = x)) \/
    ((x_1 <= z) /\ ((-1) <= c) /\ (c <= 34) /\ (z <= (35 + x))).
Prover Z3 4.8.12 returns Timeout (Qed:21ms) (3s)
Error found in file: output/75.c at line: 10
Error line content: /*@          loop invariant  (0 <= \at(y, Pre) && \at(y, Pre) <= 127) ==> (((z == 36 * \at(y, Pre))&&(c == 0)&&(x3 == \at(x3, Pre))&&(x2 == \at(x2, Pre))&&(x1 == \at(x1, Pre))&&(y == \at(y, Pre))) || (0 <= c && c < 36 && z >= 36 * \at(y, Pre) + c && z <= 36 * \at(y, Pre) + 36)) ;

Verify:
[True]

after hudini

int unknown();
/*@ requires 0 <= y && y <= 127; */
void foo(int y,int x1,int x2,int x3) {
  int c = 0;
  int z = 36 * y;

  
            
            /*@          loop invariant (0 <= \at(y, Pre) && \at(y, Pre) <= 127) ==> (x3 == \at(x3, Pre));
          loop invariant (0 <= \at(y, Pre) && \at(y, Pre) <= 127) ==> (x2 == \at(x2, Pre));
          loop invariant (0 <= \at(y, Pre) && \at(y, Pre) <= 127) ==> (x1 == \at(x1, Pre));
          loop invariant (0 <= \at(y, Pre) && \at(y, Pre) <= 127) ==> (y == \at(y, Pre));
            */
            while (unknown()) {

    if ( c < 36 )
    {
    z  = z + 1;
    c  = c + 1;
    }
  }
            
    /*@ assert  ( c < 36 ) ==> ( z >= 0 ) ; */
      
  
}

syntax Correct
Validate:
[True, True, True, True]

Verify:
[False]

Goal Assertion (file output/75.c, line 24):
Assume {
  Type: is_sint32(c) /\ is_sint32(y) /\ is_sint32(z).
  (* Goal *)
  When: c <= 35.
  (* Pre-condition *)
  Have: (0 <= y) /\ (y <= 127).
}
Prove: 0 <= z.
Prover Z3 4.8.12 returns Timeout (Qed:7ms) (3s)
Error found in file: output/75.c at line: 24
Error line content: /*@ assert  ( c < 36 ) ==> ( z >= 0 ) ; */

after hudini

int unknown();
/*@ requires 0 <= y && y <= 127; */
void foo(int y,int x1,int x2,int x3) {
  int c = 0;
  int z = 36 * y;

  
            
            /*@          loop invariant (0 <= \at(y, Pre) && \at(y, Pre) <= 127) ==> (x3 == \at(x3, Pre));
          loop invariant (0 <= \at(y, Pre) && \at(y, Pre) <= 127) ==> (x2 == \at(x2, Pre));
          loop invariant (0 <= \at(y, Pre) && \at(y, Pre) <= 127) ==> (x1 == \at(x1, Pre));
          loop invariant (0 <= \at(y, Pre) && \at(y, Pre) <= 127) ==> (y == \at(y, Pre));
            */
            while (unknown()) {

    if ( c < 36 )
    {
    z  = z + 1;
    c  = c + 1;
    }
  }
            
    /*@ assert  ( c < 36 ) ==> ( z >= 0 ) ; */
      
  
}

syntax Correct
Validate:
[True, True, True, True]

Verify:
[False]

Goal Assertion (file output/75.c, line 24):
Assume {
  Type: is_sint32(c) /\ is_sint32(y) /\ is_sint32(z).
  (* Goal *)
  When: c <= 35.
  (* Pre-condition *)
  Have: (0 <= y) /\ (y <= 127).
}
Prove: 0 <= z.
Prover Z3 4.8.12 returns Timeout (Qed:6ms) (3s)
Error found in file: output/75.c at line: 24
Error line content: /*@ assert  ( c < 36 ) ==> ( z >= 0 ) ; */

syntax Correct
Validate:
[True, True, True, True]

Verify:
[False]

Goal Assertion (file output/75.c, line 24):
Assume {
  Type: is_sint32(c) /\ is_sint32(y) /\ is_sint32(z).
  (* Goal *)
  When: c <= 35.
  (* Pre-condition *)
  Have: (0 <= y) /\ (y <= 127).
}
Prove: 0 <= z.
Prover Z3 4.8.12 returns Timeout (Qed:6ms) (3s)
Error found in file: output/75.c at line: 24
Error line content: /*@ assert  ( c < 36 ) ==> ( z >= 0 ) ; */

[(145, 231, 0)]
[(145, 231, 0)]
[(145, 231, 0)]
[(145, 231, 0)]
Loop 0 : Outer
Sorted indices: [0]
File found: ../sac_c_parser/test/../ip_postcond/goal/75_goal.v. Deleting the file.
File found: ../sac_c_parser/test/../ip_postcond/goal/75_proof_auto.v. Deleting the file.
File found: ../sac_c_parser/test/../ip_postcond/goal/75_proof_manual.v. Deleting the file.
LoopEntry_0:
0 <= y@pre && y@pre <= 127 && (z == 36 * y@pre) * (c == 0) * (x3 == x3@pre) * (x2 == x2@pre) * (x1 == x1@pre) * (y == y@pre)

Successfully generated loop/75.json
INNER_FLAG: False
Variable Maps: [{'z': '36 * y@pre', 'c': '0', 'x3': 'x3@pre', 'x2': 'x2@pre', 'x1': 'x1@pre', 'y': 'y@pre'}]
Path conditions: ['0 <= y@pre && y@pre <= 127']
Pre condition: 0 <= y@pre && y@pre <= 127 && (z == 36 * y@pre) * (c == 0) * (x3 == x3@pre) * (x2 == x2@pre) * (x1 == x1@pre) * (y == y@pre)
Loop Condition: unknown()
Updated Loop Conditions: ['unknown()']
Global Unchanged Variables ['x3', 'x2', 'x1', 'y']
Non Inductive Variables []
[{'z': '36 * y@pre', 'c': '0', 'x3': 'x3@pre', 'x2': 'x2@pre', 'x1': 'x1@pre', 'y': 'y@pre'}]
['0 <= y@pre && y@pre <= 127']

            
    /* >>> LOOP INVARIANT TO FILL <<< 
       >>> PRECONDITION OF THE LOOP : 0 <= \at(y, Pre) && \at(y, Pre) <= 127 && (z == 36 * \at(y, Pre)) * (c == 0) * (x3 == \at(x3, Pre)) * (x2 == \at(x2, Pre)) * (x1 == \at(x1, Pre)) * (y == \at(y, Pre)) <<< */
    
            /*@
          loop invariant (0 <= \at(y, Pre) && \at(y, Pre) <= 127) ==> (x3 == \at(x3, Pre));
          loop invariant (0 <= \at(y, Pre) && \at(y, Pre) <= 127) ==> (x2 == \at(x2, Pre));
          loop invariant (0 <= \at(y, Pre) && \at(y, Pre) <= 127) ==> (x1 == \at(x1, Pre));
          loop invariant (0 <= \at(y, Pre) && \at(y, Pre) <= 127) ==> (y == \at(y, Pre));
            */
            while (unknown()) {

    if ( c < 36 )
    {
    z  = z + 1;
    c  = c + 1;
    }
  }
            

            
    /* >>> LOOP INVARIANT TO FILL <<< 
       >>> PRECONDITION OF THE LOOP : 0 <= \at(y, Pre) && \at(y, Pre) <= 127 && (z == 36 * \at(y, Pre)) * (c == 0) * (x3 == \at(x3, Pre)) * (x2 == \at(x2, Pre)) * (x1 == \at(x1, Pre)) * (y == \at(y, Pre)) <<< */
    
            /*@
          loop invariant  (0 <= \at(y, Pre) && \at(y, Pre) <= 127) ==> (((z == 36 * \at(y, Pre))&&(c == 0)&&(x3 == \at(x3, Pre))&&(x2 == \at(x2, Pre))&&(x1 == \at(x1, Pre))&&(y == \at(y, Pre))) || (PLACE_HOLDER_c)) ;
          loop invariant  (0 <= \at(y, Pre) && \at(y, Pre) <= 127) ==> (((z == 36 * \at(y, Pre))&&(c == 0)&&(x3 == \at(x3, Pre))&&(x2 == \at(x2, Pre))&&(x1 == \at(x1, Pre))&&(y == \at(y, Pre))) || (PLACE_HOLDER_z)) ;
          loop invariant (0 <= \at(y, Pre) && \at(y, Pre) <= 127) ==> (x3 == \at(x3, Pre));
          loop invariant (0 <= \at(y, Pre) && \at(y, Pre) <= 127) ==> (x2 == \at(x2, Pre));
          loop invariant (0 <= \at(y, Pre) && \at(y, Pre) <= 127) ==> (x1 == \at(x1, Pre));
          loop invariant (0 <= \at(y, Pre) && \at(y, Pre) <= 127) ==> (y == \at(y, Pre));
            */
            while (unknown()) {

    if ( c < 36 )
    {
    z  = z + 1;
    c  = c + 1;
    }
  }
            
int unknown();
/*@ requires 0 <= y && y <= 127; */
void foo(int y,int x1,int x2,int x3) {
  int c = 0;
  int z = 36 * y;
  

  
            
    /* >>> LOOP INVARIANT TO FILL <<< 
       >>> PRECONDITION OF THE LOOP : 0 <= \at(y, Pre) && \at(y, Pre) <= 127 && (z == 36 * \at(y, Pre)) * (c == 0) * (x3 == \at(x3, Pre)) * (x2 == \at(x2, Pre)) * (x1 == \at(x1, Pre)) * (y == \at(y, Pre)) <<< */
    
            /*@
          loop invariant  (0 <= \at(y, Pre) && \at(y, Pre) <= 127) ==> (((z == 36 * \at(y, Pre))&&(c == 0)&&(x3 == \at(x3, Pre))&&(x2 == \at(x2, Pre))&&(x1 == \at(x1, Pre))&&(y == \at(y, Pre))) || (PLACE_HOLDER_c)) ;
          loop invariant  (0 <= \at(y, Pre) && \at(y, Pre) <= 127) ==> (((z == 36 * \at(y, Pre))&&(c == 0)&&(x3 == \at(x3, Pre))&&(x2 == \at(x2, Pre))&&(x1 == \at(x1, Pre))&&(y == \at(y, Pre))) || (PLACE_HOLDER_z)) ;
          loop invariant (0 <= \at(y, Pre) && \at(y, Pre) <= 127) ==> (x3 == \at(x3, Pre));
          loop invariant (0 <= \at(y, Pre) && \at(y, Pre) <= 127) ==> (x2 == \at(x2, Pre));
          loop invariant (0 <= \at(y, Pre) && \at(y, Pre) <= 127) ==> (x1 == \at(x1, Pre));
          loop invariant (0 <= \at(y, Pre) && \at(y, Pre) <= 127) ==> (y == \at(y, Pre));
            */
            while (unknown()) {

    if ( c < 36 )
    {
    z  = z + 1;
    c  = c + 1;
    }
  }
            
    /*@ assert  ( c < 36 ) ==> ( z >= 0 ) ; */
      
  
}
Let's analyze the provided C program and fill in the necessary loop invariants in ACSL annotations.

### 1. Analysis of the Loop

#### a. Purpose and Structure of the Loop:
- **Objective:** The loop is intended to increment `z` and `c` until `c` reaches the value of 36. Given that `z` starts at `36 * y`, the loop effectively increments `z` while counting how many times this occurs, with `c` serving as a counter to ensure it does not exceed 36.
- **Structure:** The loop condition is `unknown()`, which implies the loop will continue until some condition defined outside is met. Inside the loop, `z` is incremented by 1 and `c` is incremented by 1 each time `c` is less than 36. Relevant variables include `c`, `z`, and `y`.

#### b. Discussion of the Loop Invariant:
- **Proposed Loop Invariant:** At any point in the loop, the following invariant holds:
  - `c >= 0 && c <= 36 && z == 36 * y + c`
- **Validity:** This invariant is valid because:
  - `c` starts at 0 and can only increase by 1 until it reaches 36.
  - `z` starts at `36 * y` and increases by 1 for each increment of `c`, reflecting their relationship.

#### c. Establishment:
- **Before the Loop Starts:** At the beginning of the loop, `c` is initialized to 0, and `z` is initialized to `36 * y`. Thus:
  - `c >= 0 && c <= 36` is true (specifically, `c = 0`).
  - `z == 36 * y + c` holds since `z = 36 * y + 0`.

#### d. Preservation:
- **During Loop Iteration:** If the invariant holds at the start of an iteration (`c < 36`), then:
  - After `z` is incremented, `z` becomes `36 * y + (c + 1)`, and `c` becomes `c + 1`.
  - Thus, `z == 36 * y + c` continues to hold true. The conditions `c >= 0` and `c <= 36` remain valid.

#### e. Termination Analysis of the Loop:
- **Termination Condition:** The loop terminates when `c` reaches 36. At this point:
  - `c == 36`, thus the invariant `c <= 36` holds.
  - `z == 36 * y + 36` holds true.

#### f. Correctness of the Post-condition:
- **Post-condition:** When the loop finishes, it can be asserted that `c == 36`, and thus `z >= 0` because `z` will have at least been `36 * y` plus the increments made in the loop. Therefore, the post-condition ` ( c < 36 ) ==> ( z >= 0 )` is fulfilled.

#### g. Implication of the Pre-condition:
- **Pre-condition Implication:** The pre-condition guarantees that `0 <= y <= 127`, which ensures that `z` starts from a valid positive value (`36 * y`). Thus, it ensures the loop invariant is established as `c` starts from 0 and increases up to 36.

### 2. Filled C Loop Program with Invariant Annotations

```c
int unknown();
/*@ requires 0 <= y && y <= 127; */
void foo(int y,int x1,int x2,int x3) {
  int c = 0;
  int z = 36 * y;
  
  /*@ loop invariant (0 <= y && y <= 127) ==> (0 <= c && c <= 36) ; 
    loop invariant (0 <= y && y <= 127) ==> (z == 36 * y + c) ; 
    loop invariant (0 <= y && y <= 127) ==> (x3 == \at(x3, Pre));
    loop invariant (0 <= y && y <= 127) ==> (x2 == \at(x2, Pre));
    loop invariant (0 <= y && y <= 127) ==> (x1 == \at(x1, Pre));
    loop invariant (0 <= y && y <= 127) ==> (y == \at(y, Pre));
  */
  while (unknown()) {
    if ( c < 36 ) {
      z  = z + 1;
      c  = c + 1;
    }
  }
  
  /*@ assert ( c < 36 ) ==> ( z >= 0 ) ; */
}
```

This code provides the necessary loop invariants that can be used to verify the correctness of the program using Frama-C.

int unknown();
/*@ requires 0 <= y && y <= 127; */
void foo(int y,int x1,int x2,int x3) {
  int c = 0;
  int z = 36 * y;
  
  /*@ loop invariant (0 <= y && y <= 127) ==> (0 <= c && c <= 36) ; 
    loop invariant (0 <= y && y <= 127) ==> (z == 36 * y + c) ; 
    loop invariant (0 <= y && y <= 127) ==> (x3 == \at(x3, Pre));
    loop invariant (0 <= y && y <= 127) ==> (x2 == \at(x2, Pre));
    loop invariant (0 <= y && y <= 127) ==> (x1 == \at(x1, Pre));
    loop invariant (0 <= y && y <= 127) ==> (y == \at(y, Pre));
  */
  while (unknown()) {
    if ( c < 36 ) {
      z  = z + 1;
      c  = c + 1;
    }
  }
  
  /*@ assert ( c < 36 ) ==> ( z >= 0 ) ; */
}


int unknown();
/*@ requires 0 <= y && y <= 127; */
void foo(int y,int x1,int x2,int x3) {
  int c = 0;
  int z = 36 * y;
  
  /*@ loop invariant (0 <= y && y <= 127) ==> (0 <= c && c <= 36) ; 
    loop invariant (0 <= y && y <= 127) ==> (z == 36 * y + c) ; 
    loop invariant (0 <= y && y <= 127) ==> (x3 == \at(x3, Pre));
    loop invariant (0 <= y && y <= 127) ==> (x2 == \at(x2, Pre));
    loop invariant (0 <= y && y <= 127) ==> (x1 == \at(x1, Pre));
    loop invariant (0 <= y && y <= 127) ==> (y == \at(y, Pre));
  */
  while (unknown()) {
    if ( c < 36 ) {
      z  = z + 1;
      c  = c + 1;
    }
  }
  
  /*@ assert ( c < 36 ) ==> ( z >= 0 ) ; */
}

syntax Correct
Validate:
[True, True, True, True, True, True]

Verify:
[False]

Goal Assertion (file output/75.c, line 22):
Assume {
  Type: is_sint32(c) /\ is_sint32(x1_0) /\ is_sint32(x1_1) /\
      is_sint32(x2_0) /\ is_sint32(x2_1) /\ is_sint32(x3_0) /\
      is_sint32(x3_1) /\ is_sint32(y) /\ is_sint32(y_1) /\ is_sint32(z) /\
      is_sint32(36 * y).
  (* Goal *)
  When: c <= 35.
  (* Pre-condition *)
  Have: (0 <= y) /\ (y <= 127).
  (* Invariant *)
  Have: ((0 <= y_1) -> ((y_1 <= 127) -> ((0 <= c) /\ (c <= 36)))).
  (* Invariant *)
  Have: ((0 <= y_1) -> ((y_1 <= 127) -> ((c + (36 * y_1)) = z))).
  (* Invariant *)
  Have: ((0 <= y_1) -> ((y_1 <= 127) -> (x3_1 = x3_0))).
  (* Invariant *)
  Have: ((0 <= y_1) -> ((y_1 <= 127) -> (x2_1 = x2_0))).
  (* Invariant *)
  Have: ((0 <= y_1) -> ((y_1 <= 127) -> (x1_1 = x1_0))).
  (* Invariant *)
  Have: ((0 <= y_1) -> ((y_1 <= 127) -> (y_1 = y))).
}
Prove: 0 <= z.
Prover Z3 4.8.12 returns Timeout (Qed:10ms) (3s)
Error found in file: output/75.c at line: 22
Error line content: /*@ assert ( c < 36 ) ==> ( z >= 0 ) ; */

### Error Analysis

The error indicates that the assertion `/*@ assert ( c < 36 ) ==> ( z >= 0 ) ; */` is incorrect because the current loop invariant does not sufficiently guarantee that `z` will be non-negative when `c` is less than 36. The loop invariant states that `z` is equal to `36 * y + c`, but it does not explicitly ensure that `z` will be non-negative after the loop execution, especially since `c` can only go up to 36 and `y` is bounded between 0 and 127. 

To correct this, we need to reinforce the loop invariant to ensure that `z` is always greater than or equal to 0, considering the fact that `z` starts at `36 * y`, which is non-negative due to the pre-condition on `y`. Therefore, we should add an invariant that asserts `z >= 0` at the start and ensure that it holds throughout the loop iterations.

### Fixed C Code

```c
int unknown();
/*@ requires 0 <= y && y <= 127; */
void foo(int y,int x1,int x2,int x3) {
  int c = 0;
  int z = 36 * y;
  
  /*@ loop invariant (0 <= y && y <= 127) ==> (0 <= c && c <= 36) ; 
    loop invariant (0 <= y && y <= 127) ==> (z == 36 * y + c) ; 
    loop invariant (0 <= y && y <= 127) ==> (z >= 0);
    loop invariant (0 <= y && y <= 127) ==> (x3 == \at(x3, Pre));
    loop invariant (0 <= y && y <= 127) ==> (x2 == \at(x2, Pre));
    loop invariant (0 <= y && y <= 127) ==> (x1 == \at(x1, Pre));
    loop invariant (0 <= y && y <= 127) ==> (y == \at(y, Pre));
  */
  while (unknown()) {
    if ( c < 36 ) {
      z  = z + 1;
      c  = c + 1;
    }
  }
  
  /*@ assert ( c < 36 ) ==> ( z >= 0 ) ; */
}
```
after strength

int unknown();
/*@ requires 0 <= y && y <= 127; */
void foo(int y,int x1,int x2,int x3) {
  int c = 0;
  int z = 36 * y;
  
  /*@ loop invariant (0 <= y && y <= 127) ==> (0 <= c && c <= 36) ; 
    loop invariant (0 <= y && y <= 127) ==> (z == 36 * y + c) ; 
    loop invariant (0 <= y && y <= 127) ==> (z >= 0);
    loop invariant (0 <= y && y <= 127) ==> (x3 == \at(x3, Pre));
    loop invariant (0 <= y && y <= 127) ==> (x2 == \at(x2, Pre));
    loop invariant (0 <= y && y <= 127) ==> (x1 == \at(x1, Pre));
    loop invariant (0 <= y && y <= 127) ==> (y == \at(y, Pre));
  */
  while (unknown()) {
    if ( c < 36 ) {
      z  = z + 1;
      c  = c + 1;
    }
  }
  
  /*@ assert ( c < 36 ) ==> ( z >= 0 ) ; */
}

syntax Correct
Validate:
[True, True, True, True, True, True, True]

Verify:
[False]

Goal Assertion (file output/75.c, line 23):
Assume {
  Type: is_sint32(c) /\ is_sint32(x1_0) /\ is_sint32(x1_1) /\
      is_sint32(x2_0) /\ is_sint32(x2_1) /\ is_sint32(x3_0) /\
      is_sint32(x3_1) /\ is_sint32(y) /\ is_sint32(y_1) /\ is_sint32(z) /\
      is_sint32(36 * y).
  (* Goal *)
  When: c <= 35.
  (* Pre-condition *)
  Have: (0 <= y) /\ (y <= 127).
  (* Invariant *)
  Have: ((0 <= y_1) -> ((y_1 <= 127) -> ((0 <= c) /\ (c <= 36)))).
  (* Invariant *)
  Have: ((0 <= y_1) -> ((y_1 <= 127) -> ((c + (36 * y_1)) = z))).
  (* Invariant *)
  Have: ((0 <= y_1) -> ((y_1 <= 127) -> (0 <= z))).
  (* Invariant *)
  Have: ((0 <= y_1) -> ((y_1 <= 127) -> (x3_1 = x3_0))).
  (* Invariant *)
  Have: ((0 <= y_1) -> ((y_1 <= 127) -> (x2_1 = x2_0))).
  (* Invariant *)
  Have: ((0 <= y_1) -> ((y_1 <= 127) -> (x1_1 = x1_0))).
  (* Invariant *)
  Have: ((0 <= y_1) -> ((y_1 <= 127) -> (y_1 = y))).
}
Prove: 0 <= z.
Prover Z3 4.8.12 returns Timeout (Qed:9ms) (3s)
Error found in file: output/75.c at line: 23
Error line content: /*@ assert ( c < 36 ) ==> ( z >= 0 ) ; */

1. **Error Analysis:**

The error in the specifications arises because the current loop invariants are not strong enough to guarantee the post-condition that \( z \geq 0 \) when \( c < 36 \). The loop invariant \( z \geq 0 \) is not sufficient alone, as it assumes \( z \) is initially non-negative, but does not take into account the changes made to \( z \) throughout the loop iterations. 

To strengthen the loop invariants, we need to ensure that the relationship between \( c \) and \( z \) is properly maintained. Specifically, we can introduce a new invariant that explicitly states that \( z \) is always non-negative given that \( c \) is within its bounds and considering the starting value of \( z \). 

Additionally, we need to ensure that the invariant linking \( c \) with \( z \) is clear: since \( z \) starts as \( 36 \times y \) and \( c \) can only increase up to 36, we can assert that \( z \) remains at least \( 36 \times y \) minus the maximum possible value of \( c \).

2. **Fixed C Code:**

```c
int unknown();
/*@ requires 0 <= y && y <= 127; */
void foo(int y,int x1,int x2,int x3) {
  int c = 0;
  int z = 36 * y;
  
  /*@ loop invariant (0 <= y && y <= 127) ==> (0 <= c && c <= 36) ; 
    loop invariant (0 <= y && y <= 127) ==> (z == 36 * y + c) ; 
    loop invariant (0 <= y && y <= 127) ==> (z >= 36 * y); 
    loop invariant (0 <= y && y <= 127) ==> (z >= 0); 
    loop invariant (0 <= y && y <= 127) ==> (x3 == \at(x3, Pre));
    loop invariant (0 <= y && y <= 127) ==> (x2 == \at(x2, Pre));
    loop invariant (0 <= y && y <= 127) ==> (x1 == \at(x1, Pre));
    loop invariant (0 <= y && y <= 127) ==> (y == \at(y, Pre));
  */
  while (unknown()) {
    if ( c < 36 ) {
      z  = z + 1;
      c  = c + 1;
    }
  }
  
  /*@ assert ( c < 36 ) ==> ( z >= 0 ) ; */
}
```
after strength

int unknown();
/*@ requires 0 <= y && y <= 127; */
void foo(int y,int x1,int x2,int x3) {
  int c = 0;
  int z = 36 * y;
  
  /*@ loop invariant (0 <= y && y <= 127) ==> (0 <= c && c <= 36) ; 
    loop invariant (0 <= y && y <= 127) ==> (z == 36 * y + c) ; 
    loop invariant (0 <= y && y <= 127) ==> (z >= 36 * y); 
    loop invariant (0 <= y && y <= 127) ==> (z >= 0); 
    loop invariant (0 <= y && y <= 127) ==> (x3 == \at(x3, Pre));
    loop invariant (0 <= y && y <= 127) ==> (x2 == \at(x2, Pre));
    loop invariant (0 <= y && y <= 127) ==> (x1 == \at(x1, Pre));
    loop invariant (0 <= y && y <= 127) ==> (y == \at(y, Pre));
  */
  while (unknown()) {
    if ( c < 36 ) {
      z  = z + 1;
      c  = c + 1;
    }
  }
  
  /*@ assert ( c < 36 ) ==> ( z >= 0 ) ; */
}

syntax Correct
Validate:
[True, True, True, True, True, True, True, True]

Verify:
[False]

Goal Assertion (file output/75.c, line 24):
Let x = 36 * y_1.
Assume {
  Type: is_sint32(c) /\ is_sint32(x1_0) /\ is_sint32(x1_1) /\
      is_sint32(x2_0) /\ is_sint32(x2_1) /\ is_sint32(x3_0) /\
      is_sint32(x3_1) /\ is_sint32(y) /\ is_sint32(y_1) /\ is_sint32(z) /\
      is_sint32(36 * y).
  (* Goal *)
  When: c <= 35.
  (* Pre-condition *)
  Have: (0 <= y) /\ (y <= 127).
  (* Invariant *)
  Have: ((0 <= y_1) -> ((y_1 <= 127) -> ((0 <= c) /\ (c <= 36)))).
  (* Invariant *)
  Have: ((0 <= y_1) -> ((y_1 <= 127) -> ((c + x) = z))).
  (* Invariant *)
  Have: ((0 <= y_1) -> ((y_1 <= 127) -> (x <= z))).
  (* Invariant *)
  Have: ((0 <= y_1) -> ((y_1 <= 127) -> (0 <= z))).
  (* Invariant *)
  Have: ((0 <= y_1) -> ((y_1 <= 127) -> (x3_1 = x3_0))).
  (* Invariant *)
  Have: ((0 <= y_1) -> ((y_1 <= 127) -> (x2_1 = x2_0))).
  (* Invariant *)
  Have: ((0 <= y_1) -> ((y_1 <= 127) -> (x1_1 = x1_0))).
  (* Invariant *)
  Have: ((0 <= y_1) -> ((y_1 <= 127) -> (y_1 = y))).
}
Prove: 0 <= z.
Prover Z3 4.8.12 returns Timeout (Qed:9ms) (3s)
Error found in file: output/75.c at line: 24
Error line content: /*@ assert ( c < 36 ) ==> ( z >= 0 ) ; */

1.  Error Analysis:

The error with the goal assertion is that while the current loop invariants ensure the bounds on `c` and the relationship between `z` and `c`, they do not sufficiently guarantee that `z` will always be non-negative after the loop terminates. The existing invariant `(0 <= y && y <= 127) ==> (z >= 0)` is not strong enough because it does not account for the fact that `z` is modified within the loop based on the value of `c`. Specifically, since `z` starts as `36 * y` and is incremented by 1 for each iteration where `c` is less than 36, we need to strengthen the invariant to reflect this.

To strengthen the loop invariants, we can add specific constraints that ensure that `z` is always greater than or equal to `36 * y`, even after increments. We also need to ensure that `z` remains non-negative based on the precondition `0 <= y <= 127`.

2.  Fixed C Code:

```c
int unknown();
/*@ requires 0 <= y && y <= 127; */
void foo(int y,int x1,int x2,int x3) {
  int c = 0;
  int z = 36 * y;
  
  /*@ loop invariant (0 <= y && y <= 127) ==> (0 <= c && c <= 36) ; 
    loop invariant (0 <= y && y <= 127) ==> (z == 36 * y + c) ; 
    loop invariant (0 <= y && y <= 127) ==> (z >= 36 * y); 
    loop invariant (0 <= y && y <= 127) ==> (z >= 0); 
    loop invariant (0 <= y && y <= 127) ==> (x3 == \at(x3, Pre));
    loop invariant (0 <= y && y <= 127) ==> (x2 == \at(x2, Pre));
    loop invariant (0 <= y && y <= 127) ==> (x1 == \at(x1, Pre));
    loop invariant (0 <= y && y <= 127) ==> (y == \at(y, Pre));
    loop invariant (0 <= y && y <= 127) ==> (z >= 36 * y) ; // ensures z remains >= 36 * y
  */
  while (unknown()) {
    if ( c < 36 ) {
      z  = z + 1;
      c  = c + 1;
    }
  }
  
  /*@ assert ( c < 36 ) ==> ( z >= 0 ) ; */
}
```
after strength

int unknown();
/*@ requires 0 <= y && y <= 127; */
void foo(int y,int x1,int x2,int x3) {
  int c = 0;
  int z = 36 * y;
  
  /*@ loop invariant (0 <= y && y <= 127) ==> (0 <= c && c <= 36) ; 
    loop invariant (0 <= y && y <= 127) ==> (z == 36 * y + c) ; 
    loop invariant (0 <= y && y <= 127) ==> (z >= 36 * y); 
    loop invariant (0 <= y && y <= 127) ==> (z >= 0); 
    loop invariant (0 <= y && y <= 127) ==> (x3 == \at(x3, Pre));
    loop invariant (0 <= y && y <= 127) ==> (x2 == \at(x2, Pre));
    loop invariant (0 <= y && y <= 127) ==> (x1 == \at(x1, Pre));
    loop invariant (0 <= y && y <= 127) ==> (y == \at(y, Pre));
    loop invariant (0 <= y && y <= 127) ==> (z >= 36 * y) ; // ensures z remains >= 36 * y
  */
  while (unknown()) {
    if ( c < 36 ) {
      z  = z + 1;
      c  = c + 1;
    }
  }
  
  /*@ assert ( c < 36 ) ==> ( z >= 0 ) ; */
}

syntax Correct
Validate:
[True, True, True, True, True, True, True, True, True]

Verify:
[False]

Goal Assertion (file output/75.c, line 25):
Let x = 36 * y.
Assume {
  Type: is_sint32(c) /\ is_sint32(x1_0) /\ is_sint32(x1_1) /\
      is_sint32(x2_0) /\ is_sint32(x2_1) /\ is_sint32(x3_0) /\
      is_sint32(x3_1) /\ is_sint32(y) /\ is_sint32(y_1) /\ is_sint32(z) /\
      is_sint32(36 * y_1).
  (* Goal *)
  When: c <= 35.
  (* Pre-condition *)
  Have: (0 <= y_1) /\ (y_1 <= 127).
  (* Invariant *)
  Have: ((0 <= y) -> ((y <= 127) -> ((0 <= c) /\ (c <= 36)))).
  (* Invariant *)
  Have: ((0 <= y) -> ((y <= 127) -> ((c + x) = z))).
  (* Invariant *)
  Have: ((0 <= y) -> ((y <= 127) -> (x <= z))).
  (* Invariant *)
  Have: ((0 <= y) -> ((y <= 127) -> (0 <= z))).
  (* Invariant *)
  Have: ((0 <= y) -> ((y <= 127) -> (x3_1 = x3_0))).
  (* Invariant *)
  Have: ((0 <= y) -> ((y <= 127) -> (x2_1 = x2_0))).
  (* Invariant *)
  Have: ((0 <= y) -> ((y <= 127) -> (x1_1 = x1_0))).
  (* Invariant *)
  Have: ((0 <= y) -> ((y <= 127) -> (y_1 = y))).
}
Prove: 0 <= z.
Prover Z3 4.8.12 returns Timeout (Qed:9ms) (3s)
Error found in file: output/75.c at line: 25
Error line content: /*@ assert ( c < 36 ) ==> ( z >= 0 ) ; */

syntax Correct
Validate:
[True, True, True, True, True, True, True, True, True]

Verify:
[False]

Goal Assertion (file output/75.c, line 25):
Let x = 36 * y.
Assume {
  Type: is_sint32(c) /\ is_sint32(x1_0) /\ is_sint32(x1_1) /\
      is_sint32(x2_0) /\ is_sint32(x2_1) /\ is_sint32(x3_0) /\
      is_sint32(x3_1) /\ is_sint32(y) /\ is_sint32(y_1) /\ is_sint32(z) /\
      is_sint32(36 * y_1).
  (* Goal *)
  When: c <= 35.
  (* Pre-condition *)
  Have: (0 <= y_1) /\ (y_1 <= 127).
  (* Invariant *)
  Have: ((0 <= y) -> ((y <= 127) -> ((0 <= c) /\ (c <= 36)))).
  (* Invariant *)
  Have: ((0 <= y) -> ((y <= 127) -> ((c + x) = z))).
  (* Invariant *)
  Have: ((0 <= y) -> ((y <= 127) -> (x <= z))).
  (* Invariant *)
  Have: ((0 <= y) -> ((y <= 127) -> (0 <= z))).
  (* Invariant *)
  Have: ((0 <= y) -> ((y <= 127) -> (x3_1 = x3_0))).
  (* Invariant *)
  Have: ((0 <= y) -> ((y <= 127) -> (x2_1 = x2_0))).
  (* Invariant *)
  Have: ((0 <= y) -> ((y <= 127) -> (x1_1 = x1_0))).
  (* Invariant *)
  Have: ((0 <= y) -> ((y <= 127) -> (y_1 = y))).
}
Prove: 0 <= z.
Prover Z3 4.8.12 returns Timeout (Qed:9ms) (3s)
Error found in file: output/75.c at line: 25
Error line content: /*@ assert ( c < 36 ) ==> ( z >= 0 ) ; */

[(145, 231, 0)]
[(145, 231, 0)]
[(145, 231, 0)]
[(145, 231, 0)]
Loop 0 : Outer
Sorted indices: [0]
File found: ../sac_c_parser/test/../ip_postcond/goal/75_goal.v. Deleting the file.
File found: ../sac_c_parser/test/../ip_postcond/goal/75_proof_auto.v. Deleting the file.
File found: ../sac_c_parser/test/../ip_postcond/goal/75_proof_manual.v. Deleting the file.
LoopEntry_0:
0 <= y@pre && y@pre <= 127 && (z == 36 * y@pre) * (c == 0) * (x3 == x3@pre) * (x2 == x2@pre) * (x1 == x1@pre) * (y == y@pre)

Successfully generated loop/75.json
INNER_FLAG: False
Variable Maps: [{'z': '36 * y@pre', 'c': '0', 'x3': 'x3@pre', 'x2': 'x2@pre', 'x1': 'x1@pre', 'y': 'y@pre'}]
Path conditions: ['0 <= y@pre && y@pre <= 127']
Pre condition: 0 <= y@pre && y@pre <= 127 && (z == 36 * y@pre) * (c == 0) * (x3 == x3@pre) * (x2 == x2@pre) * (x1 == x1@pre) * (y == y@pre)
Loop Condition: unknown()
Updated Loop Conditions: ['unknown()']
Global Unchanged Variables ['x3', 'x2', 'x1', 'y']
Non Inductive Variables []
[{'z': '36 * y@pre', 'c': '0', 'x3': 'x3@pre', 'x2': 'x2@pre', 'x1': 'x1@pre', 'y': 'y@pre'}]
['0 <= y@pre && y@pre <= 127']

            
    /* >>> LOOP INVARIANT TO FILL <<< 
       >>> PRECONDITION OF THE LOOP : 0 <= \at(y, Pre) && \at(y, Pre) <= 127 && (z == 36 * \at(y, Pre)) * (c == 0) * (x3 == \at(x3, Pre)) * (x2 == \at(x2, Pre)) * (x1 == \at(x1, Pre)) * (y == \at(y, Pre)) <<< */
    
            /*@
          loop invariant (0 <= \at(y, Pre) && \at(y, Pre) <= 127) ==> (x3 == \at(x3, Pre));
          loop invariant (0 <= \at(y, Pre) && \at(y, Pre) <= 127) ==> (x2 == \at(x2, Pre));
          loop invariant (0 <= \at(y, Pre) && \at(y, Pre) <= 127) ==> (x1 == \at(x1, Pre));
          loop invariant (0 <= \at(y, Pre) && \at(y, Pre) <= 127) ==> (y == \at(y, Pre));
            */
            while (unknown()) {

    if ( c < 36 )
    {
    z  = z + 1;
    c  = c + 1;
    }
  }
            

            
    /* >>> LOOP INVARIANT TO FILL <<< 
       >>> PRECONDITION OF THE LOOP : 0 <= \at(y, Pre) && \at(y, Pre) <= 127 && (z == 36 * \at(y, Pre)) * (c == 0) * (x3 == \at(x3, Pre)) * (x2 == \at(x2, Pre)) * (x1 == \at(x1, Pre)) * (y == \at(y, Pre)) <<< */
    
            /*@
          loop invariant  (0 <= \at(y, Pre) && \at(y, Pre) <= 127) ==> (((z == 36 * \at(y, Pre))&&(c == 0)&&(x3 == \at(x3, Pre))&&(x2 == \at(x2, Pre))&&(x1 == \at(x1, Pre))&&(y == \at(y, Pre))) || (PLACE_HOLDER_c)) ;
          loop invariant  (0 <= \at(y, Pre) && \at(y, Pre) <= 127) ==> (((z == 36 * \at(y, Pre))&&(c == 0)&&(x3 == \at(x3, Pre))&&(x2 == \at(x2, Pre))&&(x1 == \at(x1, Pre))&&(y == \at(y, Pre))) || (PLACE_HOLDER_z)) ;
          loop invariant (0 <= \at(y, Pre) && \at(y, Pre) <= 127) ==> (x3 == \at(x3, Pre));
          loop invariant (0 <= \at(y, Pre) && \at(y, Pre) <= 127) ==> (x2 == \at(x2, Pre));
          loop invariant (0 <= \at(y, Pre) && \at(y, Pre) <= 127) ==> (x1 == \at(x1, Pre));
          loop invariant (0 <= \at(y, Pre) && \at(y, Pre) <= 127) ==> (y == \at(y, Pre));
            */
            while (unknown()) {

    if ( c < 36 )
    {
    z  = z + 1;
    c  = c + 1;
    }
  }
            
int unknown();
/*@ requires 0 <= y && y <= 127; */
void foo(int y,int x1,int x2,int x3) {
  int c = 0;
  int z = 36 * y;
  

  
            
    /* >>> LOOP INVARIANT TO FILL <<< 
       >>> PRECONDITION OF THE LOOP : 0 <= \at(y, Pre) && \at(y, Pre) <= 127 && (z == 36 * \at(y, Pre)) * (c == 0) * (x3 == \at(x3, Pre)) * (x2 == \at(x2, Pre)) * (x1 == \at(x1, Pre)) * (y == \at(y, Pre)) <<< */
    
            /*@
          loop invariant  (0 <= \at(y, Pre) && \at(y, Pre) <= 127) ==> (((z == 36 * \at(y, Pre))&&(c == 0)&&(x3 == \at(x3, Pre))&&(x2 == \at(x2, Pre))&&(x1 == \at(x1, Pre))&&(y == \at(y, Pre))) || (PLACE_HOLDER_c)) ;
          loop invariant  (0 <= \at(y, Pre) && \at(y, Pre) <= 127) ==> (((z == 36 * \at(y, Pre))&&(c == 0)&&(x3 == \at(x3, Pre))&&(x2 == \at(x2, Pre))&&(x1 == \at(x1, Pre))&&(y == \at(y, Pre))) || (PLACE_HOLDER_z)) ;
          loop invariant (0 <= \at(y, Pre) && \at(y, Pre) <= 127) ==> (x3 == \at(x3, Pre));
          loop invariant (0 <= \at(y, Pre) && \at(y, Pre) <= 127) ==> (x2 == \at(x2, Pre));
          loop invariant (0 <= \at(y, Pre) && \at(y, Pre) <= 127) ==> (x1 == \at(x1, Pre));
          loop invariant (0 <= \at(y, Pre) && \at(y, Pre) <= 127) ==> (y == \at(y, Pre));
            */
            while (unknown()) {

    if ( c < 36 )
    {
    z  = z + 1;
    c  = c + 1;
    }
  }
            
    /*@ assert  ( c < 36 ) ==> ( z >= 0 ) ; */
      
  
}
### Analysis of the C Loop Program

#### a. Purpose and Structure of the Loop
The objective of the loop is to increment the variable `z` and the counter `c` until `c` reaches a value of 36. The loop runs as long as the condition `unknown()` is true. Within the loop body, if `c` is less than 36, both `z` and `c` are incremented by 1.

The structure of the loop consists of:
- A condition (`unknown()`) that governs its execution.
- An operation that increments `z` and `c` when `c < 36` holds true.
- Relevant variables include `c`, which counts the iterations, and `z`, which accumulates the number of increments.

#### b. Discussion of the Loop Invariant
The proposed loop invariant relates to the values of `c` and `z`, ensuring they adhere to specific conditions throughout the loop's execution. The invariant must capture the relationship between `c`, `z`, and the initial constraints established by the pre-condition.

For the loop invariant, we can state:
- `c` starts at 0 and cannot exceed 36 as the loop runs.
- `z` must be equal to the initial value of `z` plus `c`.

This invariant is valid because it maintains the necessary conditions for `c` and `z` throughout every iteration.

#### c. Establishment
Before the loop begins, `c` is initialized to 0 and `z` is set to `36 * y`. Therefore, at the beginning of the loop, we can establish that:
- `c` is 0.
- The relationship `z == 36 * y` holds true based on the pre-condition.

Thus, the invariant is established before the loop starts.

#### d. Preservation
During each iteration of the loop:
- If `c < 36`, both `c` and `z` are incremented by 1.
- This means that after an iteration, the new value of `c` will still be less than or equal to 36, and `z` will be `36 * y + c`, which preserves the relationship established in the invariant.

Hence, if the invariant holds at the start of an iteration, it remains true at the end of that iteration.

#### e. Termination Analysis of the Loop
The loop terminates when `c` reaches 36, and thus the loop condition `unknown()` becomes false. At this point:
- `c` is equal to 36.
- `z` has been incremented 36 times, so `z` will be `36 * y + 36`.

The loop invariant still holds true because:
- We have established that `c` cannot exceed 36.
- The relationship between `z` and `c` remains consistent with the invariant.

#### f. Correctness of the Post-condition
Once the loop terminates:
- The condition `(c < 36)` is false, meaning `c` has reached its maximum allowed value (36).
- The assertion `assert (c < 36) ==> (z >= 0)` implies that `z` will always be non-negative, as it has been incremented starting from a non-negative base.

Thus, the post-condition is satisfied.

#### g. Implication of the Pre-condition
The pre-condition guarantees that:
- `0 <= y <= 127` ensures a valid range for `y`.
- The condition `(z == 36 * \at(y, Pre))` establishes the initial value of `z` relative to `y`.
- Since `c` is initialized to 0, the pre-condition ensures that the invariant regarding `c` being less than or equal to 36 is valid before the loop begins.

### Complete C Loop Program with Invariant Annotations

```c
int unknown();
/*@ requires 0 <= y && y <= 127; */
void foo(int y,int x1,int x2,int x3) {
  int c = 0;
  int z = 36 * y;
  

  
            
    /* >>> LOOP INVARIANT TO FILL <<< 
       >>> PRECONDITION OF THE LOOP : 0 <= \at(y, Pre) && \at(y, Pre) <= 127 && (z == 36 * \at(y, Pre)) * (c == 0) * (x3 == \at(x3, Pre)) * (x2 == \at(x2, Pre)) * (x1 == \at(x1, Pre)) * (y == \at(y, Pre)) <<< */
    
            /*@
          loop invariant  (0 <= \at(y, Pre) && \at(y, Pre) <= 127) ==> (((z == 36 * \at(y, Pre))&&(c == 0)&&(x3 == \at(x3, Pre))&&(x2 == \at(x2, Pre))&&(x1 == \at(x1, Pre))&&(y == \at(y, Pre))) || (c <= 36)) ;
          loop invariant  (0 <= \at(y, Pre) && \at(y, Pre) <= 127) ==> (((z == 36 * \at(y, Pre))&&(c == 0)&&(x3 == \at(x3, Pre))&&(x2 == \at(x2, Pre))&&(x1 == \at(x1, Pre))&&(y == \at(y, Pre))) || (z == 36 * \at(y, Pre) + c)) ;
          loop invariant (0 <= \at(y, Pre) && \at(y, Pre) <= 127) ==> (x3 == \at(x3, Pre));
          loop invariant (0 <= \at(y, Pre) && \at(y, Pre) <= 127) ==> (x2 == \at(x2, Pre));
          loop invariant (0 <= \at(y, Pre) && \at(y, Pre) <= 127) ==> (x1 == \at(x1, Pre));
          loop invariant (0 <= \at(y, Pre) && \at(y, Pre) <= 127) ==> (y == \at(y, Pre));
            */
            while (unknown()) {

    if ( c < 36 )
    {
    z  = z + 1;
    c  = c + 1;
    }
  }
            
    /*@ assert  ( c < 36 ) ==> ( z >= 0 ) ; */
      
  
}
```

int unknown();
/*@ requires 0 <= y && y <= 127; */
void foo(int y,int x1,int x2,int x3) {
  int c = 0;
  int z = 36 * y;
  

  
            
            /*@
          loop invariant  (0 <= \at(y, Pre) && \at(y, Pre) <= 127) ==> (((z == 36 * \at(y, Pre))&&(c == 0)&&(x3 == \at(x3, Pre))&&(x2 == \at(x2, Pre))&&(x1 == \at(x1, Pre))&&(y == \at(y, Pre))) || (c <= 36)) ;
          loop invariant  (0 <= \at(y, Pre) && \at(y, Pre) <= 127) ==> (((z == 36 * \at(y, Pre))&&(c == 0)&&(x3 == \at(x3, Pre))&&(x2 == \at(x2, Pre))&&(x1 == \at(x1, Pre))&&(y == \at(y, Pre))) || (z == 36 * \at(y, Pre) + c)) ;
          loop invariant (0 <= \at(y, Pre) && \at(y, Pre) <= 127) ==> (x3 == \at(x3, Pre));
          loop invariant (0 <= \at(y, Pre) && \at(y, Pre) <= 127) ==> (x2 == \at(x2, Pre));
          loop invariant (0 <= \at(y, Pre) && \at(y, Pre) <= 127) ==> (x1 == \at(x1, Pre));
          loop invariant (0 <= \at(y, Pre) && \at(y, Pre) <= 127) ==> (y == \at(y, Pre));
            */
            while (unknown()) {

    if ( c < 36 )
    {
    z  = z + 1;
    c  = c + 1;
    }
  }
            
    /*@ assert  ( c < 36 ) ==> ( z >= 0 ) ; */
      
  
}


int unknown();
/*@ requires 0 <= y && y <= 127; */
void foo(int y,int x1,int x2,int x3) {
  int c = 0;
  int z = 36 * y;
  

  
            
            /*@
          loop invariant  (0 <= \at(y, Pre) && \at(y, Pre) <= 127) ==> (((z == 36 * \at(y, Pre))&&(c == 0)&&(x3 == \at(x3, Pre))&&(x2 == \at(x2, Pre))&&(x1 == \at(x1, Pre))&&(y == \at(y, Pre))) || (c <= 36)) ;
          loop invariant  (0 <= \at(y, Pre) && \at(y, Pre) <= 127) ==> (((z == 36 * \at(y, Pre))&&(c == 0)&&(x3 == \at(x3, Pre))&&(x2 == \at(x2, Pre))&&(x1 == \at(x1, Pre))&&(y == \at(y, Pre))) || (z == 36 * \at(y, Pre) + c)) ;
          loop invariant (0 <= \at(y, Pre) && \at(y, Pre) <= 127) ==> (x3 == \at(x3, Pre));
          loop invariant (0 <= \at(y, Pre) && \at(y, Pre) <= 127) ==> (x2 == \at(x2, Pre));
          loop invariant (0 <= \at(y, Pre) && \at(y, Pre) <= 127) ==> (x1 == \at(x1, Pre));
          loop invariant (0 <= \at(y, Pre) && \at(y, Pre) <= 127) ==> (y == \at(y, Pre));
            */
            while (unknown()) {

    if ( c < 36 )
    {
    z  = z + 1;
    c  = c + 1;
    }
  }
            
    /*@ assert  ( c < 36 ) ==> ( z >= 0 ) ; */
      
  
}

syntax Correct
Validate:
[True, True, True, True, True, True]

Verify:
[False]

Goal Assertion (file output/75.c, line 28):
Let x = 36 * y.
Assume {
  Type: is_sint32(c) /\ is_sint32(y) /\ is_sint32(z) /\ is_sint32(x).
  (* Goal *)
  When: c <= 35.
  (* Pre-condition *)
  Have: (0 <= y) /\ (y <= 127).
  (* Invariant *)
  Have: (c <= 36) \/ ((c = 0) /\ (x = z)).
  (* Invariant *)
  Have: ((c + x) = z) \/ ((c = 0) /\ (x = z)).
}
Prove: 0 <= z.
Prover Z3 4.8.12 returns Timeout (Qed:8ms) (3s)
Error found in file: output/75.c at line: 28
Error line content: /*@ assert  ( c < 36 ) ==> ( z >= 0 ) ; */

### Error Analysis:

The error indicates that the goal assertion `0 <= z` could not be proven with the existing loop invariants. The current invariants do not sufficiently constrain the relationship between `c` and `z` during the loop's execution. Specifically, the invariant needs to ensure that the value of `z` remains non-negative throughout the iterations of the loop.

To address this, we need to strengthen the existing loop invariants to better capture the relationship between `c`, `z`, and the value of `y`. The expression `z == 36 * y + c` suggests that `z` is incremented as `c` is incremented, which is crucial for maintaining the invariant needed for the post-condition. 

We will modify the loop invariants to ensure that they reflect that `z` is always greater than or equal to zero, particularly since `c` is always less than or equal to 35 while `z` starts at `36 * y` which is non-negative given the pre-condition.

### Fixed C Code:

```c
int unknown();
/*@ requires 0 <= y && y <= 127; */
void foo(int y,int x1,int x2,int x3) {
  int c = 0;
  int z = 36 * y;

            /*@
          loop invariant  (0 <= \at(y, Pre) && \at(y, Pre) <= 127) ==> (((z == 36 * \at(y, Pre))&&(c == 0)&&(x3 == \at(x3, Pre))&&(x2 == \at(x2, Pre))&&(x1 == \at(x1, Pre))&&(y == \at(y, Pre))) || (c <= 35)) ;
          loop invariant  (0 <= \at(y, Pre) && \at(y, Pre) <= 127) ==> (((z == 36 * \at(y, Pre))&&(c == 0)&&(x3 == \at(x3, Pre))&&(x2 == \at(x2, Pre))&&(x1 == \at(x1, Pre))&&(y == \at(y, Pre))) || (z == 36 * \at(y, Pre) + c)) ;
          loop invariant (0 <= \at(y, Pre) && \at(y, Pre) <= 127) ==> (x3 == \at(x3, Pre));
          loop invariant (0 <= \at(y, Pre) && \at(y, Pre) <= 127) ==> (x2 == \at(x2, Pre));
          loop invariant (0 <= \at(y, Pre) && \at(y, Pre) <= 127) ==> (x1 == \at(x1, Pre));
          loop invariant (0 <= \at(y, Pre) && \at(y, Pre) <= 127) ==> (y == \at(y, Pre));
            */
            while (unknown()) {

    if ( c < 36 )
    {
    z  = z + 1;
    c  = c + 1;
    }
  }
            
    /*@ assert  ( c < 36 ) ==> ( z >= 0 ) ; */
      
  
}
```
after strength

int unknown();
/*@ requires 0 <= y && y <= 127; */
void foo(int y,int x1,int x2,int x3) {
  int c = 0;
  int z = 36 * y;

            /*@
          loop invariant  (0 <= \at(y, Pre) && \at(y, Pre) <= 127) ==> (((z == 36 * \at(y, Pre))&&(c == 0)&&(x3 == \at(x3, Pre))&&(x2 == \at(x2, Pre))&&(x1 == \at(x1, Pre))&&(y == \at(y, Pre))) || (c <= 35)) ;
          loop invariant  (0 <= \at(y, Pre) && \at(y, Pre) <= 127) ==> (((z == 36 * \at(y, Pre))&&(c == 0)&&(x3 == \at(x3, Pre))&&(x2 == \at(x2, Pre))&&(x1 == \at(x1, Pre))&&(y == \at(y, Pre))) || (z == 36 * \at(y, Pre) + c)) ;
          loop invariant (0 <= \at(y, Pre) && \at(y, Pre) <= 127) ==> (x3 == \at(x3, Pre));
          loop invariant (0 <= \at(y, Pre) && \at(y, Pre) <= 127) ==> (x2 == \at(x2, Pre));
          loop invariant (0 <= \at(y, Pre) && \at(y, Pre) <= 127) ==> (x1 == \at(x1, Pre));
          loop invariant (0 <= \at(y, Pre) && \at(y, Pre) <= 127) ==> (y == \at(y, Pre));
            */
            while (unknown()) {

    if ( c < 36 )
    {
    z  = z + 1;
    c  = c + 1;
    }
  }
            
    /*@ assert  ( c < 36 ) ==> ( z >= 0 ) ; */
      
  
}

syntax Correct
Validate:
[False, True, True, True, True, True]

Goal Preservation of Invariant (file output/75.c, line 9):
Let x = 36 * y.
Let x_1 = 1 + z.
Assume {
  Type: is_sint32(c) /\ is_sint32(tmp_0) /\ is_sint32(y) /\ is_sint32(z) /\
      is_sint32(x) /\ is_sint32(1 + c) /\ is_sint32(x_1).
  (* Residual *)
  When: c <= 35.
  (* Goal *)
  When: (0 <= y) /\ (y <= 127).
  (* Invariant *)
  Have: ((c + x) = z) \/ ((c = 0) /\ (x = z)).
  (* Then *)
  Have: tmp_0 != 0.
}
Prove: (c <= 34) \/ ((c = (-1)) /\ (x_1 = x)).
Prover Z3 4.8.12 returns Timeout (Qed:17ms) (3s)
Error found in file: output/75.c at line: 9
Error line content: loop invariant  (0 <= \at(y, Pre) && \at(y, Pre) <= 127) ==> (((z == 36 * \at(y, Pre))&&(c == 0)&&(x3 == \at(x3, Pre))&&(x2 == \at(x2, Pre))&&(x1 == \at(x1, Pre))&&(y == \at(y, Pre))) || (c <= 35)) ;

Verify:
[False]

Goal Assertion (file output/75.c, line 25):
Let x = 36 * y.
Assume {
  Type: is_sint32(c) /\ is_sint32(y) /\ is_sint32(z) /\ is_sint32(x).
  (* Goal *)
  When: c <= 35.
  (* Pre-condition *)
  Have: (0 <= y) /\ (y <= 127).
  (* Invariant *)
  Have: ((c + x) = z) \/ ((c = 0) /\ (x = z)).
}
Prove: 0 <= z.
Prover Z3 4.8.12 returns Timeout (Qed:8ms) (3s)
Error found in file: output/75.c at line: 25
Error line content: /*@ assert  ( c < 36 ) ==> ( z >= 0 ) ; */


int unknown();
/*@ requires 0 <= y && y <= 127; */
void foo(int y,int x1,int x2,int x3) {
  int c = 0;
  int z = 36 * y;

            /*@
          loop invariant  (0 <= \at(y, Pre) && \at(y, Pre) <= 127) ==> (((z == 36 * \at(y, Pre))&&(c == 0)&&(x3 == \at(x3, Pre))&&(x2 == \at(x2, Pre))&&(x1 == \at(x1, Pre))&&(y == \at(y, Pre))) || (c <= 35))  [INVARIANT FAILED] ;
          loop invariant  (0 <= \at(y, Pre) && \at(y, Pre) <= 127) ==> (((z == 36 * \at(y, Pre))&&(c == 0)&&(x3 == \at(x3, Pre))&&(x2 == \at(x2, Pre))&&(x1 == \at(x1, Pre))&&(y == \at(y, Pre))) || (z == 36 * \at(y, Pre) + c)) ;
          loop invariant (0 <= \at(y, Pre) && \at(y, Pre) <= 127) ==> (x3 == \at(x3, Pre));
          loop invariant (0 <= \at(y, Pre) && \at(y, Pre) <= 127) ==> (x2 == \at(x2, Pre));
          loop invariant (0 <= \at(y, Pre) && \at(y, Pre) <= 127) ==> (x1 == \at(x1, Pre));
          loop invariant (0 <= \at(y, Pre) && \at(y, Pre) <= 127) ==> (y == \at(y, Pre));
            */
            while (unknown()) {

    if ( c < 36 )
    {
    z  = z + 1;
    c  = c + 1;
    }
  }
            
    /*@ assert  ( c < 36 ) ==> ( z >= 0 ) ; */
      
  
}

### Error Analysis:

The provided loop invariant in the C code is insufficient for both the establishment and preservation conditions, as indicated by the errors. 

1. **Goal Establishment of Invariant**: The current loop invariant does not hold true when the loop begins. Specifically, the invariant must account for the initial conditions of `c` and `z`. The loop invariant must confirm that `z` is correctly initialized based on `y` and that `c` starts at `0`.

2. **Goal Preservation of Invariant**: The invariant must be preserved after each iteration. The incrementing of `c` and `z` needs to be reflected in the invariant to ensure it continues to hold true throughout the loop's execution. The existing invariant fails to adequately reflect the relationship between `c` and `z` after updates.

3. **Goal Assertion**: The assertion that `0 <= z` when `c < 36` needs to be supported by a stronger invariant that ensures that `z` will remain non-negative as `c` increments, given its initial value based on `y`.

To address these issues, the loop invariant must be regenerated to capture these relationships more accurately.

### Fixed C Code:

```c
int unknown();
/*@ requires 0 <= y && y <= 127; */
void foo(int y,int x1,int x2,int x3) {
  int c = 0;
  int z = 36 * y;

            /*@
          loop invariant  (0 <= \at(y, Pre) && \at(y, Pre) <= 127) ==> (z == 36 * \at(y, Pre) + c) ;
          loop invariant  (0 <= \at(y, Pre) && \at(y, Pre) <= 127) ==> (0 <= c && c <= 36) ;
          loop invariant  (0 <= \at(y, Pre) && \at(y, Pre) <= 127) ==> (x3 == \at(x3, Pre));
          loop invariant  (0 <= \at(y, Pre) && \at(y, Pre) <= 127) ==> (x2 == \at(x2, Pre));
          loop invariant  (0 <= \at(y, Pre) && \at(y, Pre) <= 127) ==> (x1 == \at(x1, Pre));
          loop invariant  (0 <= \at(y, Pre) && \at(y, Pre) <= 127) ==> (y == \at(y, Pre));
            */
            while (unknown()) {

    if ( c < 36 )
    {
    z  = z + 1;
    c  = c + 1;
    }
  }
            
    /*@ assert  ( c < 36 ) ==> ( z >= 0 ) ; */
      
}
```
after regen

int unknown();
/*@ requires 0 <= y && y <= 127; */
void foo(int y,int x1,int x2,int x3) {
  int c = 0;
  int z = 36 * y;

            /*@
          loop invariant  (0 <= \at(y, Pre) && \at(y, Pre) <= 127) ==> (z == 36 * \at(y, Pre) + c) ;
          loop invariant  (0 <= \at(y, Pre) && \at(y, Pre) <= 127) ==> (0 <= c && c <= 36) ;
          loop invariant  (0 <= \at(y, Pre) && \at(y, Pre) <= 127) ==> (x3 == \at(x3, Pre));
          loop invariant  (0 <= \at(y, Pre) && \at(y, Pre) <= 127) ==> (x2 == \at(x2, Pre));
          loop invariant  (0 <= \at(y, Pre) && \at(y, Pre) <= 127) ==> (x1 == \at(x1, Pre));
          loop invariant  (0 <= \at(y, Pre) && \at(y, Pre) <= 127) ==> (y == \at(y, Pre));
            */
            while (unknown()) {

    if ( c < 36 )
    {
    z  = z + 1;
    c  = c + 1;
    }
  }
            
    /*@ assert  ( c < 36 ) ==> ( z >= 0 ) ; */
      
}

syntax Correct
Validate:
[True, True, True, True, True, True]

Verify:
[True]

CORRECT INVARIANT
syntax Correct
Validate:
[True, True, True, True, True, True]

Verify:
[True]

syntax Correct
Validate:
[True, True, True, True, True, True]

Verify:
[True]

: 75.c -> finish
-----------------------------------------

 75.c . : 385.4394385814667
-----------------------------------------
finshed_files:['29.c', '87.c', '9.c', '107.c', '65.c', '59.c', '46.c', '60.c', '78.c', '11.c', '132.c', '70.c', '121.c', '94.c', '109.c', '61.c', '120.c', '42.c', '33.c', '17.c', '105.c', '101.c', '38.c', '40.c', '88.c', '4.c', '114.c', '8.c', '84.c', '83.c', '111.c', '47.c', '14.c', '49.c', '131.c', '119.c', '43.c', '50.c', '56.c', '18.c', '53.c', '35.c', '10.c', '28.c', '26.c', '73.c', '89.c', '126.c', '96.c', '57.c', '37.c', '36.c', '92.c', '68.c', '115.c', '71.c', '91.c', '22.c', '19.c', '124.c', '52.c', '100.c', '95.c', '90.c', '86.c', '128.c', '62.c', '77.c', '79.c', '108.c', '129.c', '34.c', '123.c', '98.c', '41.c', '27.c', '106.c', '58.c', '130.c', '20.c', '85.c', '15.c', '75.c']
