file:8.c
Successfully generated loop/8.json
INNER_FLAG: False
Variable Maps: [{'y': 'y@pre', 'x': 'x@pre'}]
Path conditions: ['x@pre >= 0 && x@pre <= 10 && y@pre <= 10 && y@pre >= 0']
Pre condition: x@pre >= 0 && x@pre <= 10 && y@pre <= 10 && y@pre >= 0 && (y == y@pre) * (x == x@pre)
Loop Condition: unknown()
Updated Loop Conditions: ['unknown()']
Global Unchanged Variables []
Non Inductive Variables []
[{'y': 'y@pre', 'x': 'x@pre'}]
['x@pre >= 0 && x@pre <= 10 && y@pre <= 10 && y@pre >= 0']

            
    /* >>> LOOP INVARIANT TO FILL <<< 
       >>> PRECONDITION OF THE LOOP : \at(x, Pre) >= 0 && \at(x, Pre) <= 10 && \at(y, Pre) <= 10 && \at(y, Pre) >= 0 && (y == \at(y, Pre)) * (x == \at(x, Pre)) <<< */
    
            /*@
            */
            while (unknown()) {
      
        x = x + 10;
        y = y + 10;
        
      
    }
            

            
    /* >>> LOOP INVARIANT TO FILL <<< 
       >>> PRECONDITION OF THE LOOP : \at(x, Pre) >= 0 && \at(x, Pre) <= 10 && \at(y, Pre) <= 10 && \at(y, Pre) >= 0 && (y == \at(y, Pre)) * (x == \at(x, Pre)) <<< */
    
            /*@
          loop invariant  (\at(x, Pre) >= 0 && \at(x, Pre) <= 10 && \at(y, Pre) <= 10 && \at(y, Pre) >= 0) ==> (((y == \at(y, Pre))&&(x == \at(x, Pre))) || (PLACE_HOLDER_x)) ;
          loop invariant  (\at(x, Pre) >= 0 && \at(x, Pre) <= 10 && \at(y, Pre) <= 10 && \at(y, Pre) >= 0) ==> (((y == \at(y, Pre))&&(x == \at(x, Pre))) || (PLACE_HOLDER_y)) ;
            */
            while (unknown()) {
      
        x = x + 10;
        y = y + 10;
        
      
    }
            
int unknown();
/*@ requires x >= 0 && x <= 10 && y <= 10 && y >= 0; */
void foo(int x, int y) {
  
  
    
            
    /* >>> LOOP INVARIANT TO FILL <<< 
       >>> PRECONDITION OF THE LOOP : \at(x, Pre) >= 0 && \at(x, Pre) <= 10 && \at(y, Pre) <= 10 && \at(y, Pre) >= 0 && (y == \at(y, Pre)) * (x == \at(x, Pre)) <<< */
    
            /*@
          loop invariant  (\at(x, Pre) >= 0 && \at(x, Pre) <= 10 && \at(y, Pre) <= 10 && \at(y, Pre) >= 0) ==> (((y == \at(y, Pre))&&(x == \at(x, Pre))) || (PLACE_HOLDER_x)) ;
          loop invariant  (\at(x, Pre) >= 0 && \at(x, Pre) <= 10 && \at(y, Pre) <= 10 && \at(y, Pre) >= 0) ==> (((y == \at(y, Pre))&&(x == \at(x, Pre))) || (PLACE_HOLDER_y)) ;
            */
            while (unknown()) {
      
        x = x + 10;
        y = y + 10;
        
      
    }
            

    /*@ assert (y == 0) ==>  (x != 20); */
    
  }
Here's the analysis and the filled-in loop program with ACSL annotations:

### 1. Analysis of the Loop

#### a. Purpose and Structure of the Loop:
The objective of the loop in the function `foo(int x, int y)` is to increment the variables `x` and `y` by 10 until the condition defined by the function `unknown()` is no longer satisfied. The loop modifies `x` and `y` in each iteration, which may eventually lead to a situation where `unknown()` returns false, terminating the loop. The intended outcome is to ensure that the values of `x` and `y` can be analyzed after the loop completes, particularly in relation to the post-conditions stipulated.

#### b. Discussion of the Loop Invariant:
A suitable loop invariant for this loop can be expressed as follows:
- The invariant should express that the values of `x` and `y` remain within certain bounds and reflect their initial values. The invariant also needs to ensure that the increments preserve these characteristics.

#### c. Establishment:
Before the loop begins execution, the pre-condition guarantees that:
- `\at(x, Pre) >= 0 && \at(x, Pre) <= 10`
- `\at(y, Pre) >= 0 && \at(y, Pre) <= 10`

These bounds confirm that the initial conditions satisfy the invariant.

#### d. Preservation:
Assuming the invariant holds at the start of an iteration and the loop condition is true, if we increment `x` and `y` by 10, we need to verify that the new values still satisfy the invariant. The increment will lead to:
- `x` will become `x + 10`
- `y` will become `y + 10`

As long as `unknown()` remains true, we can assert that:
- After the increment, the new value of `x` will remain in the range of `[0, 20]` and for `y`, it will be in the range of `[0, 20]` (assuming `unknown()` does not allow excessive increments).

#### e. Termination Analysis of the Loop:
When the loop terminates, the loop condition `unknown()` becomes false. At this point, the values of `x` and `y` can be analyzed. The invariant ensures that, regardless of how many times the loop has iterated, the increments maintain the relationships established at the start, and the bounds are still respected as long as `unknown()` appropriately restricts the increments.

#### f. Correctness of the Post-condition:
The post-condition `assert (y == 0) ==> (x != 20);` implies that if `y` is zero at loop termination, then `x` cannot be 20. The loop invariant, combined with the fact that `unknown()` must have guaranteed non-exceeding increments, strengthens this assertion.

#### g. Implication of the Pre-condition:
The pre-condition guarantees that before the loop starts executing, the variables `x` and `y` are within the bounds defined in the invariant. This relationship ensures that the invariant is established upfront.

### 2. Complete C Loop Program with Invariant Annotations

```c
int unknown();
/*@ requires x >= 0 && x <= 10 && y <= 10 && y >= 0; */
void foo(int x, int y) {
  
    /*@
      loop invariant  (\at(x, Pre) >= 0 && \at(x, Pre) <= 10 && \at(y, Pre) <= 10 && \at(y, Pre) >= 0) ==> ((x >= \at(x, Pre) && x <= \at(x, Pre) + 10) && (y >= \at(y, Pre) && y <= \at(y, Pre) + 10));
      loop invariant  (\at(x, Pre) >= 0 && \at(x, Pre) <= 10 && \at(y, Pre) <= 10 && \at(y, Pre) >= 0) ==> ((x >= \at(x, Pre) && x <= \at(x, Pre) + 10) && (y >= \at(y, Pre) && y <= \at(y, Pre) + 10));
    */
    while (unknown()) {
        x = x + 10;
        y = y + 10;
    }
    
    /*@ assert (y == 0) ==> (x != 20); */
}
```

In this program, the loop invariants are designed to confirm that `x` and `y` remain bounded within their respective ranges, reflecting their initial states at the beginning of the loop and after each iteration. The annotations ensure that Frama-C can verify the desired properties of the program effectively.

int unknown();
/*@ requires x >= 0 && x <= 10 && y <= 10 && y >= 0; */
void foo(int x, int y) {
  
    /*@
      loop invariant  (\at(x, Pre) >= 0 && \at(x, Pre) <= 10 && \at(y, Pre) <= 10 && \at(y, Pre) >= 0) ==> ((x >= \at(x, Pre) && x <= \at(x, Pre) + 10) && (y >= \at(y, Pre) && y <= \at(y, Pre) + 10));
      loop invariant  (\at(x, Pre) >= 0 && \at(x, Pre) <= 10 && \at(y, Pre) <= 10 && \at(y, Pre) >= 0) ==> ((x >= \at(x, Pre) && x <= \at(x, Pre) + 10) && (y >= \at(y, Pre) && y <= \at(y, Pre) + 10));
    */
    while (unknown()) {
        x = x + 10;
        y = y + 10;
    }
    
    /*@ assert (y == 0) ==> (x != 20); */
}


int unknown();
/*@ requires x >= 0 && x <= 10 && y <= 10 && y >= 0; */
void foo(int x, int y) {
  
    /*@
      loop invariant  (\at(x, Pre) >= 0 && \at(x, Pre) <= 10 && \at(y, Pre) <= 10 && \at(y, Pre) >= 0) ==> ((x >= \at(x, Pre) && x <= \at(x, Pre) + 10) && (y >= \at(y, Pre) && y <= \at(y, Pre) + 10));
      loop invariant  (\at(x, Pre) >= 0 && \at(x, Pre) <= 10 && \at(y, Pre) <= 10 && \at(y, Pre) >= 0) ==> ((x >= \at(x, Pre) && x <= \at(x, Pre) + 10) && (y >= \at(y, Pre) && y <= \at(y, Pre) + 10));
    */
    while (unknown()) {
        x = x + 10;
        y = y + 10;
    }
    
    /*@ assert (y == 0) ==> (x != 20); */
}

syntax Correct
Validate:
[False, True]

Goal Preservation of Invariant (file output/8.c, line 7):
Let x_2 = 10 + x.
Let x_3 = 10 + y.
Assume {
  Type: is_sint32(tmp_0) /\ is_sint32(x_1) /\ is_sint32(x) /\
      is_sint32(y_1) /\ is_sint32(y) /\ is_sint32(x_2) /\ is_sint32(x_3).
  (* Goal *)
  When: (0 <= x_1) /\ (0 <= y_1) /\ (x_1 <= 10) /\ (y_1 <= 10).
  (* Invariant *)
  Have: (x_1 <= x) /\ (y_1 <= y) /\ (x <= (10 + x_1)) /\ (y <= (10 + y_1)).
  (* Then *)
  Have: tmp_0 != 0.
}
Prove: (x <= x_1) /\ (y <= y_1) /\ (x_1 <= x_2) /\ (y_1 <= x_3).
Prover Z3 4.8.12 returns Timeout (Qed:7ms) (3s)
Error found in file: output/8.c at line: 7
Error line content: loop invariant  (\at(x, Pre) >= 0 && \at(x, Pre) <= 10 && \at(y, Pre) <= 10 && \at(y, Pre) >= 0) ==> ((x >= \at(x, Pre) && x <= \at(x, Pre) + 10) && (y >= \at(y, Pre) && y <= \at(y, Pre) + 10));

Verify:
[False]

Goal Assertion (file output/8.c, line 15):
Assume {
  Type: is_sint32(x_1) /\ is_sint32(x) /\ is_sint32(y).
  (* Pre-condition *)
  Have: (0 <= x_1) /\ (0 <= y) /\ (x_1 <= 10) /\ (y <= 10).
  (* Invariant *)
  Have: (y <= 0) /\ (x_1 <= x) /\ ((-10) <= y) /\ (x <= (10 + x_1)).
}
Prove: x != 20.
Prover Z3 4.8.12 returns Timeout (Qed:4ms) (3s)
Error found in file: output/8.c at line: 15
Error line content: /*@ assert (y == 0) ==> (x != 20); */


int unknown();
/*@ requires x >= 0 && x <= 10 && y <= 10 && y >= 0; */
void foo(int x, int y) {
  
    /*@
      loop invariant  (\at(x, Pre) >= 0 && \at(x, Pre) <= 10 && \at(y, Pre) <= 10 && \at(y, Pre) >= 0) ==> ((x >= \at(x, Pre) && x <= \at(x, Pre) + 10) && (y >= \at(y, Pre) && y <= \at(y, Pre) + 10)) [INVARIANT FAILED] ;
      loop invariant  (\at(x, Pre) >= 0 && \at(x, Pre) <= 10 && \at(y, Pre) <= 10 && \at(y, Pre) >= 0) ==> ((x >= \at(x, Pre) && x <= \at(x, Pre) + 10) && (y >= \at(y, Pre) && y <= \at(y, Pre) + 10));
    */
    while (unknown()) {
        x = x + 10;
        y = y + 10;
    }
    
    /*@ assert (y == 0) ==> (x != 20); */
}

### Error Analysis:

1. **Goal Establishment of Invariant**: The current loop invariant attempts to establish that the values of `x` and `y` will remain within certain bounds throughout the iterations of the loop. However, it does not sufficiently account for the changes made to `x` and `y` in the loop body (`x = x + 10` and `y = y + 10`). As a result, the invariant fails to hold at the start of the loop since it does not adequately express that `x` and `y` will be incremented by 10 with each iteration. 

2. **Goal Preservation of Invariant**: The invariant fails to be preserved through the iterations of the loop. The current invariant does not take into account the fact that `x` and `y` are being incremented by 10 during each iteration. Thus, after an iteration where the conditions hold true, the values of `x` and `y` may no longer satisfy the invariant constraints if the loop runs multiple iterations. 

3. **Goal Assertion**: The assertion after the loop involves a condition on `y` and an implication for `x`. The loop invariant must ensure that when the loop terminates, `y` reaches a specific value (0 in this case) and that `x` is constrained accordingly. However, the current invariant does not guarantee that `x` will not be equal to 20 when `y` is 0, thus rendering the assertion unprovable.

### Fixed C Code:

```c
int unknown();
/*@ requires x >= 0 && x <= 10 && y <= 10 && y >= 0; */
void foo(int x, int y) {
  
    /*@
      loop invariant  (\at(x, Pre) >= 0 && \at(x, Pre) <= 10 && \at(y, Pre) <= 10 && \at(y, Pre) >= 0) ==> ((x >= \at(x, Pre) && x <= \at(x, Pre) + 10 * (\at(x, Pre) + 1)) && (y >= \at(y, Pre) && y <= \at(y, Pre) + 10 * (\at(y, Pre) + 1))) 
    */
    while (unknown()) {
        x = x + 10;
        y = y + 10;
    }
    
    /*@ assert (y == 0) ==> (x != 20); */
}
```
after regen

int unknown();
/*@ requires x >= 0 && x <= 10 && y <= 10 && y >= 0; */
void foo(int x, int y) {
  
    /*@
      loop invariant  (\at(x, Pre) >= 0 && \at(x, Pre) <= 10 && \at(y, Pre) <= 10 && \at(y, Pre) >= 0) ==> ((x >= \at(x, Pre) && x <= \at(x, Pre) + 10 * (\at(x, Pre) + 1)) && (y >= \at(y, Pre) && y <= \at(y, Pre) + 10 * (\at(y, Pre) + 1))) 
    */
    while (unknown()) {
        x = x + 10;
        y = y + 10;
    }
    
    /*@ assert (y == 0) ==> (x != 20); */
}

syntax Error
[kernel] Parsing output/8.c (with preprocessing)
[kernel:annot-error] output/8.c:8: Warning: unexpected token ''
[kernel] User Error: warning annot-error treated as fatal error.
[kernel] Frama-C aborted: invalid user input.

after repair

   int unknown();
   /*@ requires x >= 0 && x <= 10 && y <= 10 && y >= 0; */
   void foo(int x, int y) {
     
       /*@
         loop invariant  (\at(x, Pre) >= 0 && \at(x, Pre) <= 10 && \at(y, Pre) <= 10 && \at(y, Pre) >= 0) ==> ((x >= \at(x, Pre) && x <= \at(x, Pre) + 10) && (y >= \at(y, Pre) && y <= \at(y, Pre) + 10));
       */
       while (unknown()) {
           x = x + 10;
           y = y + 10;
       }
       
       /*@ assert (y == 0) ==> (x != 20); */
   }
   
syntax Correct
Validate:
[False]

Goal Preservation of Invariant (file output/8.c, line 7):
Let x_2 = 10 + x.
Let x_3 = 10 + y.
Assume {
  Type: is_sint32(tmp_0) /\ is_sint32(x_1) /\ is_sint32(x) /\
      is_sint32(y_1) /\ is_sint32(y) /\ is_sint32(x_2) /\ is_sint32(x_3).
  (* Goal *)
  When: (0 <= x_1) /\ (0 <= y_1) /\ (x_1 <= 10) /\ (y_1 <= 10).
  (* Invariant *)
  Have: (x_1 <= x) /\ (y_1 <= y) /\ (x <= (10 + x_1)) /\ (y <= (10 + y_1)).
  (* Then *)
  Have: tmp_0 != 0.
}
Prove: (x <= x_1) /\ (y <= y_1) /\ (x_1 <= x_2) /\ (y_1 <= x_3).
Prover Z3 4.8.12 returns Timeout (Qed:7ms) (3s)
Error found in file: output/8.c at line: 7
Error line content: loop invariant  (\at(x, Pre) >= 0 && \at(x, Pre) <= 10 && \at(y, Pre) <= 10 && \at(y, Pre) >= 0) ==> ((x >= \at(x, Pre) && x <= \at(x, Pre) + 10) && (y >= \at(y, Pre) && y <= \at(y, Pre) + 10));

Verify:
[False]

Goal Assertion (file output/8.c, line 14):
Assume {
  Type: is_sint32(x_1) /\ is_sint32(x) /\ is_sint32(y).
  (* Pre-condition *)
  Have: (0 <= x_1) /\ (0 <= y) /\ (x_1 <= 10) /\ (y <= 10).
  (* Invariant *)
  Have: (y <= 0) /\ (x_1 <= x) /\ ((-10) <= y) /\ (x <= (10 + x_1)).
}
Prove: x != 20.
Prover Z3 4.8.12 returns Timeout (Qed:4ms) (3s)
Error found in file: output/8.c at line: 14
Error line content: /*@ assert (y == 0) ==> (x != 20); */


   int unknown();
   /*@ requires x >= 0 && x <= 10 && y <= 10 && y >= 0; */
   void foo(int x, int y) {
     
       /*@
         loop invariant  (\at(x, Pre) >= 0 && \at(x, Pre) <= 10 && \at(y, Pre) <= 10 && \at(y, Pre) >= 0) ==> ((x >= \at(x, Pre) && x <= \at(x, Pre) + 10) && (y >= \at(y, Pre) && y <= \at(y, Pre) + 10)) [INVARIANT FAILED] ;
       */
       while (unknown()) {
           x = x + 10;
           y = y + 10;
       }
       
       /*@ assert (y == 0) ==> (x != 20); */
   }
   
1. **Error Analysis:**

The provided loop invariant is failing both in preservation and establishment, which indicates that it does not accurately represent the state of the variables during the loop's execution. 

- **Establishment Issue:** The invariant must hold true at the start of the loop. The current invariant attempts to relate `x` and `y` to their initial values, but it does not properly account for how `x` and `y` are modified during the loop iterations.
  
- **Preservation Issue:** The invariant must remain true after every iteration of the loop. The original invariant does not correctly describe the relationship of `x` and `y` after they are incremented by 10 in each iteration, which is critical for establishing the preservation condition.

To correct the invariant, it needs to reflect that `x` and `y` can increase by multiples of 10, while still ensuring that they stay within the bounds defined by the preconditions.

2. **Fixed C Code:**

```c
int unknown();
/*@ requires x >= 0 && x <= 10 && y <= 10 && y >= 0; */
void foo(int x, int y) {
  
    /*@
      loop invariant  (\at(x, Pre) >= 0 && \at(x, Pre) <= 10 && \at(y, Pre) <= 10 && \at(y, Pre) >= 0) ==> (x >= \at(x, Pre) && x <= \at(x, Pre) + 10 * (\at(x, Pre) + 1) && y >= \at(y, Pre) && y <= \at(y, Pre) + 10 * (\at(y, Pre) + 1));
    */
    while (unknown()) {
        x = x + 10;
        y = y + 10;
    }
    
    /*@ assert (y == 0) ==> (x != 20); */
}
```
after regen

int unknown();
/*@ requires x >= 0 && x <= 10 && y <= 10 && y >= 0; */
void foo(int x, int y) {
  
    /*@
      loop invariant  (\at(x, Pre) >= 0 && \at(x, Pre) <= 10 && \at(y, Pre) <= 10 && \at(y, Pre) >= 0) ==> (x >= \at(x, Pre) && x <= \at(x, Pre) + 10 * (\at(x, Pre) + 1) && y >= \at(y, Pre) && y <= \at(y, Pre) + 10 * (\at(y, Pre) + 1));
    */
    while (unknown()) {
        x = x + 10;
        y = y + 10;
    }
    
    /*@ assert (y == 0) ==> (x != 20); */
}

syntax Correct
Validate:
[False]

Goal Preservation of Invariant (file output/8.c, line 7):
Let x_2 = 11 * x_1.
Let x_3 = 11 * y_1.
Let x_4 = 10 + x.
Let x_5 = 10 + y.
Assume {
  Type: is_sint32(tmp_0) /\ is_sint32(x_1) /\ is_sint32(x) /\
      is_sint32(y_1) /\ is_sint32(y) /\ is_sint32(x_4) /\ is_sint32(x_5).
  (* Goal *)
  When: (0 <= x_1) /\ (0 <= y_1) /\ (x_1 <= 10) /\ (y_1 <= 10).
  (* Invariant *)
  Have: ((-1) <= x_1) /\ ((-1) <= y_1).
  (* Invariant *)
  Have: (x_1 <= x) /\ (y_1 <= y) /\ (x <= (10 + x_2)) /\ (y <= (10 + x_3)).
  (* Then *)
  Have: tmp_0 != 0.
}
Prove: (x <= x_2) /\ (y <= x_3) /\ (x_1 <= x_4) /\ (y_1 <= x_5).
Prover Z3 4.8.12 returns Timeout (Qed:7ms) (3s)
Error found in file: output/8.c at line: 7
Error line content: loop invariant  (\at(x, Pre) >= 0 && \at(x, Pre) <= 10 && \at(y, Pre) <= 10 && \at(y, Pre) >= 0) ==> (x >= \at(x, Pre) && x <= \at(x, Pre) + 10 * (\at(x, Pre) + 1) && y >= \at(y, Pre) && y <= \at(y, Pre) + 10 * (\at(y, Pre) + 1));

Verify:
[False]

Goal Assertion (file output/8.c, line 14):
Assume {
  Type: is_sint32(x_1) /\ is_sint32(x) /\ is_sint32(y).
  (* Pre-condition *)
  Have: (0 <= x_1) /\ (0 <= y) /\ (x_1 <= 10) /\ (y <= 10).
  (* Invariant *)
  Have: ((-1) <= x_1) /\ ((-1) <= y).
  (* Invariant *)
  Have: (y <= 0) /\ (x_1 <= x) /\ (x <= (10 + (11 * x_1))).
}
Prove: x != 20.
Prover Z3 4.8.12 returns Timeout (Qed:4ms) (3s)
Error found in file: output/8.c at line: 14
Error line content: /*@ assert (y == 0) ==> (x != 20); */

syntax Correct
Validate:
[False]

Goal Preservation of Invariant (file output/8.c, line 7):
Let x_2 = 11 * x_1.
Let x_3 = 11 * y_1.
Let x_4 = 10 + x.
Let x_5 = 10 + y.
Assume {
  Type: is_sint32(tmp_0) /\ is_sint32(x_1) /\ is_sint32(x) /\
      is_sint32(y_1) /\ is_sint32(y) /\ is_sint32(x_4) /\ is_sint32(x_5).
  (* Goal *)
  When: (0 <= x_1) /\ (0 <= y_1) /\ (x_1 <= 10) /\ (y_1 <= 10).
  (* Invariant *)
  Have: ((-1) <= x_1) /\ ((-1) <= y_1).
  (* Invariant *)
  Have: (x_1 <= x) /\ (y_1 <= y) /\ (x <= (10 + x_2)) /\ (y <= (10 + x_3)).
  (* Then *)
  Have: tmp_0 != 0.
}
Prove: (x <= x_2) /\ (y <= x_3) /\ (x_1 <= x_4) /\ (y_1 <= x_5).
Prover Z3 4.8.12 returns Timeout (Qed:7ms) (3s)
Error found in file: output/8.c at line: 7
Error line content: loop invariant  (\at(x, Pre) >= 0 && \at(x, Pre) <= 10 && \at(y, Pre) <= 10 && \at(y, Pre) >= 0) ==> (x >= \at(x, Pre) && x <= \at(x, Pre) + 10 * (\at(x, Pre) + 1) && y >= \at(y, Pre) && y <= \at(y, Pre) + 10 * (\at(y, Pre) + 1));

Verify:
[False]

Goal Assertion (file output/8.c, line 14):
Assume {
  Type: is_sint32(x_1) /\ is_sint32(x) /\ is_sint32(y).
  (* Pre-condition *)
  Have: (0 <= x_1) /\ (0 <= y) /\ (x_1 <= 10) /\ (y <= 10).
  (* Invariant *)
  Have: ((-1) <= x_1) /\ ((-1) <= y).
  (* Invariant *)
  Have: (y <= 0) /\ (x_1 <= x) /\ (x <= (10 + (11 * x_1))).
}
Prove: x != 20.
Prover Z3 4.8.12 returns Timeout (Qed:4ms) (3s)
Error found in file: output/8.c at line: 14
Error line content: /*@ assert (y == 0) ==> (x != 20); */

syntax Correct
Validate:
[False]

Goal Preservation of Invariant (file output/8.c, line 7):
Let x_2 = 11 * x_1.
Let x_3 = 11 * y_1.
Let x_4 = 10 + x.
Let x_5 = 10 + y.
Assume {
  Type: is_sint32(tmp_0) /\ is_sint32(x_1) /\ is_sint32(x) /\
      is_sint32(y_1) /\ is_sint32(y) /\ is_sint32(x_4) /\ is_sint32(x_5).
  (* Goal *)
  When: (0 <= x_1) /\ (0 <= y_1) /\ (x_1 <= 10) /\ (y_1 <= 10).
  (* Invariant *)
  Have: ((-1) <= x_1) /\ ((-1) <= y_1).
  (* Invariant *)
  Have: (x_1 <= x) /\ (y_1 <= y) /\ (x <= (10 + x_2)) /\ (y <= (10 + x_3)).
  (* Then *)
  Have: tmp_0 != 0.
}
Prove: (x <= x_2) /\ (y <= x_3) /\ (x_1 <= x_4) /\ (y_1 <= x_5).
Prover Z3 4.8.12 returns Timeout (Qed:8ms) (3s)
Error found in file: output/8.c at line: 7
Error line content: loop invariant  (\at(x, Pre) >= 0 && \at(x, Pre) <= 10 && \at(y, Pre) <= 10 && \at(y, Pre) >= 0) ==> (x >= \at(x, Pre) && x <= \at(x, Pre) + 10 * (\at(x, Pre) + 1) && y >= \at(y, Pre) && y <= \at(y, Pre) + 10 * (\at(y, Pre) + 1));

Verify:
[False]

Goal Assertion (file output/8.c, line 14):
Assume {
  Type: is_sint32(x_1) /\ is_sint32(x) /\ is_sint32(y).
  (* Pre-condition *)
  Have: (0 <= x_1) /\ (0 <= y) /\ (x_1 <= 10) /\ (y <= 10).
  (* Invariant *)
  Have: ((-1) <= x_1) /\ ((-1) <= y).
  (* Invariant *)
  Have: (y <= 0) /\ (x_1 <= x) /\ (x <= (10 + (11 * x_1))).
}
Prove: x != 20.
Prover Z3 4.8.12 returns Timeout (Qed:4ms) (3s)
Error found in file: output/8.c at line: 14
Error line content: /*@ assert (y == 0) ==> (x != 20); */

[(128, 216, 0)]
[(128, 216, 0)]
[(128, 216, 0)]
[(128, 216, 0)]
Loop 0 : Outer
Sorted indices: [0]
File found: ../sac_c_parser/test/../ip_postcond/goal/8_goal.v. Deleting the file.
File found: ../sac_c_parser/test/../ip_postcond/goal/8_proof_auto.v. Deleting the file.
File found: ../sac_c_parser/test/../ip_postcond/goal/8_proof_manual.v. Deleting the file.
LoopEntry_0:
x@pre >= 0 && x@pre <= 10 && y@pre <= 10 && y@pre >= 0 && (y == y@pre) * (x == x@pre)

Successfully generated loop/8.json
INNER_FLAG: False
Variable Maps: [{'y': 'y@pre', 'x': 'x@pre'}]
Path conditions: ['x@pre >= 0 && x@pre <= 10 && y@pre <= 10 && y@pre >= 0']
Pre condition: x@pre >= 0 && x@pre <= 10 && y@pre <= 10 && y@pre >= 0 && (y == y@pre) * (x == x@pre)
Loop Condition: unknown()
Updated Loop Conditions: ['unknown()']
Global Unchanged Variables []
Non Inductive Variables []
[{'y': 'y@pre', 'x': 'x@pre'}]
['x@pre >= 0 && x@pre <= 10 && y@pre <= 10 && y@pre >= 0']

            
    /* >>> LOOP INVARIANT TO FILL <<< 
       >>> PRECONDITION OF THE LOOP : \at(x, Pre) >= 0 && \at(x, Pre) <= 10 && \at(y, Pre) <= 10 && \at(y, Pre) >= 0 && (y == \at(y, Pre)) * (x == \at(x, Pre)) <<< */
    
            /*@
            */
            while (unknown()) {
      
        x = x + 10;
        y = y + 10;
        
      
    }
            

            
    /* >>> LOOP INVARIANT TO FILL <<< 
       >>> PRECONDITION OF THE LOOP : \at(x, Pre) >= 0 && \at(x, Pre) <= 10 && \at(y, Pre) <= 10 && \at(y, Pre) >= 0 && (y == \at(y, Pre)) * (x == \at(x, Pre)) <<< */
    
            /*@
          loop invariant  (\at(x, Pre) >= 0 && \at(x, Pre) <= 10 && \at(y, Pre) <= 10 && \at(y, Pre) >= 0) ==> (((y == \at(y, Pre))&&(x == \at(x, Pre))) || (PLACE_HOLDER_x)) ;
          loop invariant  (\at(x, Pre) >= 0 && \at(x, Pre) <= 10 && \at(y, Pre) <= 10 && \at(y, Pre) >= 0) ==> (((y == \at(y, Pre))&&(x == \at(x, Pre))) || (PLACE_HOLDER_y)) ;
            */
            while (unknown()) {
      
        x = x + 10;
        y = y + 10;
        
      
    }
            
int unknown();
/*@ requires x >= 0 && x <= 10 && y <= 10 && y >= 0; */
void foo(int x, int y) {
  
  
    
            
    /* >>> LOOP INVARIANT TO FILL <<< 
       >>> PRECONDITION OF THE LOOP : \at(x, Pre) >= 0 && \at(x, Pre) <= 10 && \at(y, Pre) <= 10 && \at(y, Pre) >= 0 && (y == \at(y, Pre)) * (x == \at(x, Pre)) <<< */
    
            /*@
          loop invariant  (\at(x, Pre) >= 0 && \at(x, Pre) <= 10 && \at(y, Pre) <= 10 && \at(y, Pre) >= 0) ==> (((y == \at(y, Pre))&&(x == \at(x, Pre))) || (PLACE_HOLDER_x)) ;
          loop invariant  (\at(x, Pre) >= 0 && \at(x, Pre) <= 10 && \at(y, Pre) <= 10 && \at(y, Pre) >= 0) ==> (((y == \at(y, Pre))&&(x == \at(x, Pre))) || (PLACE_HOLDER_y)) ;
            */
            while (unknown()) {
      
        x = x + 10;
        y = y + 10;
        
      
    }
            

    /*@ assert (y == 0) ==>  (x != 20); */
    
  }
### Analysis of the Loop

#### a. Purpose and Structure of the Loop:
The loop is designed to increment the values of `x` and `y` by 10 in each iteration based on the condition of an unknown function. The intended outcome is to update `x` and `y` until the loop condition (from `unknown()`) becomes false.

The structure of the loop consists of:
- A condition that governs its execution, which is `unknown()`. The exact behavior of this condition is not specified, so we can't ascertain when it will terminate.
- Inside the loop body, the operations performed are `x = x + 10;` and `y = y + 10;` which simply add 10 to the current values of `x` and `y` respectively.
- The relevant variables are `x` and `y`, both of which are manipulated in the loop.

#### b. Discussion of the Loop Invariant:
A proposed loop invariant could be that `x` and `y` remain within the bounds of 0 to 10 throughout the loop execution, as well as ensuring that the relationship established by the pre-condition holds. 

A valid invariant could look as follows:
- `x >= 0 && x <= 10` 
- `y >= 0 && y <= 10` 
- This ensures that the values of `x` and `y` do not exceed their initial constraints as they are continuously incremented.

#### c. Establishment:
Before the loop starts, the pre-condition states:
```
\at(x, Pre) >= 0 && \at(x, Pre) <= 10 && \at(y, Pre) <= 10 && \at(y, Pre) >= 0
```
This guarantees that at the beginning of the loop, both `x` and `y` are within their specified bounds. Therefore, the loop invariant will hold true before the loop begins.

#### d. Preservation:
If the invariant `x >= 0 && x <= 10` and `y >= 0 && y <= 10` is true at the beginning of an iteration and the loop condition `unknown()` holds, the operations `x = x + 10;` and `y = y + 10;` will result in:
```
x' = x + 10
y' = y + 10
```
For the invariant to hold, we need to check:
- The updated `x'` should still satisfy the bounds, which it won't unless we introduce mechanisms to keep `x` and `y` within limits, e.g., through the loop condition `unknown()`. 

Thus, as long as `unknown()` ensures that `x + 10 <= 10` and `y + 10 <= 10`, the invariant is preserved.

#### e. Termination Analysis of the Loop:
When the loop terminates, the condition `unknown()` becomes false. At this point, the precise values of `x` and `y` depend on how many iterations occurred, but they must still respect the bounds defined in the invariant. 

If we denote the number of iterations as `n`, we have:
```
x = \at(x, Pre) + 10 * n
y = \at(y, Pre) + 10 * n
```
To ensure the invariant still holds, the loop must terminate before `x` or `y` exceeds their limits.

#### f. Correctness of the Post-condition:
The post-condition states that if `y` is 0, then `x` should not equal 20. If the loop invariant holds, then the loop will terminate before `x` can reach 20 under the condition that `y` is 0 (as both increase together). Hence, when the loop condition fails, it ensures the correctness of the post-condition.

#### g. Implication of the Pre-condition:
The pre-condition guarantees that:
```
\at(x, Pre) >= 0 && \at(x, Pre) <= 10 && \at(y, Pre) <= 10 && \at(y, Pre) >= 0
```
This ensures that the values of `x` and `y` are initialized within valid bounds, thus establishing the invariant before the loop begins execution.

### Complete C Loop Program with Invariant Annotations

```c
int unknown();
/*@ requires x >= 0 && x <= 10 && y <= 10 && y >= 0; */
void foo(int x, int y) {
  
    /*@
      loop invariant  (\at(x, Pre) >= 0 && \at(x, Pre) <= 10 && \at(y, Pre) <= 10 && \at(y, Pre) >= 0) ==> (x >= 0 && x <= 10);
      loop invariant  (\at(x, Pre) >= 0 && \at(x, Pre) <= 10 && \at(y, Pre) <= 10 && \at(y, Pre) >= 0) ==> (y >= 0 && y <= 10);
    */
    while (unknown()) {
        x = x + 10;
        y = y + 10;
    }

    /*@ assert (y == 0) ==>  (x != 20); */
}
```

int unknown();
/*@ requires x >= 0 && x <= 10 && y <= 10 && y >= 0; */
void foo(int x, int y) {
  
    /*@
      loop invariant  (\at(x, Pre) >= 0 && \at(x, Pre) <= 10 && \at(y, Pre) <= 10 && \at(y, Pre) >= 0) ==> (x >= 0 && x <= 10);
      loop invariant  (\at(x, Pre) >= 0 && \at(x, Pre) <= 10 && \at(y, Pre) <= 10 && \at(y, Pre) >= 0) ==> (y >= 0 && y <= 10);
    */
    while (unknown()) {
        x = x + 10;
        y = y + 10;
    }

    /*@ assert (y == 0) ==>  (x != 20); */
}


int unknown();
/*@ requires x >= 0 && x <= 10 && y <= 10 && y >= 0; */
void foo(int x, int y) {
  
    /*@
      loop invariant  (\at(x, Pre) >= 0 && \at(x, Pre) <= 10 && \at(y, Pre) <= 10 && \at(y, Pre) >= 0) ==> (x >= 0 && x <= 10);
      loop invariant  (\at(x, Pre) >= 0 && \at(x, Pre) <= 10 && \at(y, Pre) <= 10 && \at(y, Pre) >= 0) ==> (y >= 0 && y <= 10);
    */
    while (unknown()) {
        x = x + 10;
        y = y + 10;
    }

    /*@ assert (y == 0) ==>  (x != 20); */
}

syntax Correct
Validate:
[False, False]

Goal Preservation of Invariant (file output/8.c, line 7):
Assume {
  Type: is_sint32(tmp_0) /\ is_sint32(x_1) /\ is_sint32(x) /\ is_sint32(y) /\
      is_sint32(y_1) /\ is_sint32(10 + x).
  (* Goal *)
  When: (0 <= x_1) /\ (0 <= y) /\ (x_1 <= 10) /\ (y <= 10).
  (* Invariant *)
  Have: (0 <= x) /\ (x <= 10).
  (* Invariant *)
  Have: (0 <= y_1) /\ (y_1 <= 10).
  (* Then *)
  Have: tmp_0 != 0.
}
Prove: (x <= 0) /\ ((-10) <= x).
Prover Z3 4.8.12 returns Timeout (Qed:6ms) (3s)
Error found in file: output/8.c at line: 7
Error line content: loop invariant  (\at(x, Pre) >= 0 && \at(x, Pre) <= 10 && \at(y, Pre) <= 10 && \at(y, Pre) >= 0) ==> (x >= 0 && x <= 10);

Goal Preservation of Invariant (file output/8.c, line 8):
Assume {
  Type: is_sint32(tmp_0) /\ is_sint32(x) /\ is_sint32(x_1) /\
      is_sint32(y_1) /\ is_sint32(y) /\ is_sint32(10 + x_1) /\
      is_sint32(10 + y).
  (* Goal *)
  When: (0 <= x) /\ (0 <= y_1) /\ (x <= 10) /\ (y_1 <= 10).
  (* Invariant *)
  Have: (0 <= x_1) /\ (x_1 <= 10).
  (* Invariant *)
  Have: (0 <= y) /\ (y <= 10).
  (* Then *)
  Have: tmp_0 != 0.
  (* Invariant *)
  Have: (x_1 <= 0) /\ ((-10) <= x_1).
}
Prove: (y <= 0) /\ ((-10) <= y).
Prover Z3 4.8.12 returns Timeout (Qed:7ms) (3s)
Error found in file: output/8.c at line: 8
Error line content: loop invariant  (\at(x, Pre) >= 0 && \at(x, Pre) <= 10 && \at(y, Pre) <= 10 && \at(y, Pre) >= 0) ==> (y >= 0 && y <= 10);

Verify:
[True]


int unknown();
/*@ requires x >= 0 && x <= 10 && y <= 10 && y >= 0; */
void foo(int x, int y) {
  
    /*@
      loop invariant  (\at(x, Pre) >= 0 && \at(x, Pre) <= 10 && \at(y, Pre) <= 10 && \at(y, Pre) >= 0) ==> (x >= 0 && x <= 10) [INVARIANT FAILED] ;
      loop invariant  (\at(x, Pre) >= 0 && \at(x, Pre) <= 10 && \at(y, Pre) <= 10 && \at(y, Pre) >= 0) ==> (y >= 0 && y <= 10) [INVARIANT FAILED] ;
    */
    while (unknown()) {
        x = x + 10;
        y = y + 10;
    }

    /*@ assert (y == 0) ==>  (x != 20); */
}

### 1. Error Analysis:

The provided loop invariant annotations are failing due to the preservation condition. The loop modifies the variables `x` and `y` by adding `10` to each during every iteration. Consequently, the invariant must account for this modification, which makes the current equality constraints insufficient. 

- **Goal Establishment Error**: The constraints imposed by the pre-condition are not strong enough to ensure that the invariant holds at the start of the loop. This might not be the primary issue given the description, but it indicates that we need a better invariant that reflects the behavior of the loop.
  
- **Goal Preservation Error**: The invariant states that `x` must remain between `0` and `10`, and similarly for `y`. However, since the loop adds `10` to both variables, both `x` and `y` can exceed their upper bounds of `10` during iterations. Thus, the preservation condition fails because the loop body violates the established bounds.

To correct this, we can replace the strict equality constraints with range constraints that allow for the increased values of `x` and `y`. Since the loop adds `10` each time, we should specify that `x` and `y` will always be greater than or equal to their initial values plus `10 * n` for `n` iterations. 

### 2. Fixed C Code:

```c
int unknown();
/*@ requires x >= 0 && x <= 10 && y <= 10 && y >= 0; */
void foo(int x, int y) {
  
    /*@
      loop invariant  (\at(x, Pre) >= 0 && \at(x, Pre) <= 10 && \at(y, Pre) <= 10 && \at(y, Pre) >= 0) ==> (x >= 0 && x <= \at(x, Pre) + 10) ;
      loop invariant  (\at(x, Pre) >= 0 && \at(x, Pre) <= 10 && \at(y, Pre) <= 10 && \at(y, Pre) >= 0) ==> (y >= 0 && y <= \at(y, Pre) + 10) ;
    */
    while (unknown()) {
        x = x + 10;
        y = y + 10;
    }

    /*@ assert (y == 0) ==>  (x != 20); */
}
```
after weaken

int unknown();
/*@ requires x >= 0 && x <= 10 && y <= 10 && y >= 0; */
void foo(int x, int y) {
  
    /*@
      loop invariant  (\at(x, Pre) >= 0 && \at(x, Pre) <= 10 && \at(y, Pre) <= 10 && \at(y, Pre) >= 0) ==> (x >= 0 && x <= \at(x, Pre) + 10) ;
      loop invariant  (\at(x, Pre) >= 0 && \at(x, Pre) <= 10 && \at(y, Pre) <= 10 && \at(y, Pre) >= 0) ==> (y >= 0 && y <= \at(y, Pre) + 10) ;
    */
    while (unknown()) {
        x = x + 10;
        y = y + 10;
    }

    /*@ assert (y == 0) ==>  (x != 20); */
}

syntax Correct
Validate:
[False, False]

Goal Preservation of Invariant (file output/8.c, line 7):
Assume {
  Type: is_sint32(tmp_0) /\ is_sint32(x_1) /\ is_sint32(x) /\ is_sint32(y) /\
      is_sint32(y_1) /\ is_sint32(10 + x).
  (* Goal *)
  When: (0 <= x_1) /\ (0 <= y) /\ (x_1 <= 10) /\ (y <= 10).
  (* Invariant *)
  Have: (0 <= x) /\ (x <= (10 + x_1)).
  (* Invariant *)
  Have: (0 <= y_1) /\ (y_1 <= (10 + y)).
  (* Then *)
  Have: tmp_0 != 0.
}
Prove: (x <= x_1) /\ ((-10) <= x).
Prover Z3 4.8.12 returns Timeout (Qed:6ms) (3s)
Error found in file: output/8.c at line: 7
Error line content: loop invariant  (\at(x, Pre) >= 0 && \at(x, Pre) <= 10 && \at(y, Pre) <= 10 && \at(y, Pre) >= 0) ==> (x >= 0 && x <= \at(x, Pre) + 10) ;

Goal Preservation of Invariant (file output/8.c, line 8):
Assume {
  Type: is_sint32(tmp_0) /\ is_sint32(x) /\ is_sint32(x_1) /\
      is_sint32(y_1) /\ is_sint32(y) /\ is_sint32(10 + x_1) /\
      is_sint32(10 + y).
  (* Goal *)
  When: (0 <= x) /\ (0 <= y_1) /\ (x <= 10) /\ (y_1 <= 10).
  (* Invariant *)
  Have: (0 <= x_1) /\ (x_1 <= (10 + x)).
  (* Invariant *)
  Have: (0 <= y) /\ (y <= (10 + y_1)).
  (* Then *)
  Have: tmp_0 != 0.
  (* Invariant *)
  Have: (x_1 <= x) /\ ((-10) <= x_1).
}
Prove: (y <= y_1) /\ ((-10) <= y).
Prover Z3 4.8.12 returns Timeout (Qed:8ms) (3s)
Error found in file: output/8.c at line: 8
Error line content: loop invariant  (\at(x, Pre) >= 0 && \at(x, Pre) <= 10 && \at(y, Pre) <= 10 && \at(y, Pre) >= 0) ==> (y >= 0 && y <= \at(y, Pre) + 10) ;

Verify:
[False]

Goal Assertion (file output/8.c, line 15):
Assume {
  Type: is_sint32(x_1) /\ is_sint32(x) /\ is_sint32(y).
  (* Pre-condition *)
  Have: (0 <= x_1) /\ (0 <= y) /\ (x_1 <= 10) /\ (y <= 10).
  (* Invariant *)
  Have: (0 <= x) /\ (x <= (10 + x_1)).
  (* Invariant *)
  Have: (-10) <= y.
}
Prove: x != 20.
Prover Z3 4.8.12 returns Timeout (Qed:5ms) (3s)
Error found in file: output/8.c at line: 15
Error line content: /*@ assert (y == 0) ==>  (x != 20); */


int unknown();
/*@ requires x >= 0 && x <= 10 && y <= 10 && y >= 0; */
void foo(int x, int y) {
  
    /*@
      loop invariant  (\at(x, Pre) >= 0 && \at(x, Pre) <= 10 && \at(y, Pre) <= 10 && \at(y, Pre) >= 0) ==> (x >= 0 && x <= \at(x, Pre) + 10)  [INVARIANT FAILED] ;
      loop invariant  (\at(x, Pre) >= 0 && \at(x, Pre) <= 10 && \at(y, Pre) <= 10 && \at(y, Pre) >= 0) ==> (y >= 0 && y <= \at(y, Pre) + 10)  [INVARIANT FAILED] ;
    */
    while (unknown()) {
        x = x + 10;
        y = y + 10;
    }

    /*@ assert (y == 0) ==>  (x != 20); */
}

1. **Error Analysis:**

The errors indicate that the current loop invariants are fundamentally flawed, as they are unable to satisfy both the establishment and preservation conditions. 

- **Goal Establishment:** The loop invariant fails to hold before the loop begins, meaning the preconditions do not provide sufficient constraints for the invariants to be valid initially. The current invariant claims that `x` and `y` can be within certain bounds based on their preconditions, but the increments within the loop could lead `x` and `y` to exceed those bounds. 

- **Goal Preservation:** The invariants do not hold after each iteration. The loop increments both `x` and `y` by 10, which means their values can exceed the limits defined by the preconditions and invariants. Therefore, the current invariants that check for bounds on `x` and `y` are not preserved through the iterations.

Given these issues, the invariants need to be regenerated to reflect the actual behavior of `x` and `y` during the loop iterations. Instead of asserting that `x` and `y` remain within their initial bounds, we need to express that their values are non-negative and will not exceed a certain limit as they are incremented.

2. **Fixed C Code:**

```c
int unknown();
/*@ requires x >= 0 && x <= 10 && y <= 10 && y >= 0; */
void foo(int x, int y) {
  
    /*@
      loop invariant  (0 <= x && x <= 10 + \at(x, Pre)) ;
      loop invariant  (0 <= y && y <= 10 + \at(y, Pre)) ;
    */
    while (unknown()) {
        x = x + 10;
        y = y + 10;
    }

    /*@ assert (y == 0) ==>  (x != 20); */
}
```
after regen

int unknown();
/*@ requires x >= 0 && x <= 10 && y <= 10 && y >= 0; */
void foo(int x, int y) {
  
    /*@
      loop invariant  (0 <= x && x <= 10 + \at(x, Pre)) ;
      loop invariant  (0 <= y && y <= 10 + \at(y, Pre)) ;
    */
    while (unknown()) {
        x = x + 10;
        y = y + 10;
    }

    /*@ assert (y == 0) ==>  (x != 20); */
}

syntax Correct
Validate:
[False, False]

Goal Preservation of Invariant (file output/8.c, line 7):
Assume {
  Type: is_sint32(tmp_0) /\ is_sint32(x_1) /\ is_sint32(x) /\ is_sint32(y) /\
      is_sint32(y_1) /\ is_sint32(10 + x).
  (* Pre-condition *)
  Have: (0 <= x_1) /\ (0 <= y) /\ (x_1 <= 10) /\ (y <= 10).
  (* Invariant *)
  Have: (0 <= x) /\ (x <= (10 + x_1)).
  (* Invariant *)
  Have: (0 <= y_1) /\ (y_1 <= (10 + y)).
  (* Then *)
  Have: tmp_0 != 0.
}
Prove: (x <= x_1) /\ ((-10) <= x).
Prover Z3 4.8.12 returns Timeout (Qed:6ms) (3s)
Error found in file: output/8.c at line: 7
Error line content: loop invariant  (0 <= x && x <= 10 + \at(x, Pre)) ;

Goal Preservation of Invariant (file output/8.c, line 8):
Assume {
  Type: is_sint32(tmp_0) /\ is_sint32(x) /\ is_sint32(x_1) /\
      is_sint32(y_1) /\ is_sint32(y) /\ is_sint32(10 + x_1) /\
      is_sint32(10 + y).
  (* Pre-condition *)
  Have: (0 <= x) /\ (0 <= y_1) /\ (x <= 10) /\ (y_1 <= 10).
  (* Invariant *)
  Have: (0 <= x_1) /\ (x_1 <= (10 + x)).
  (* Invariant *)
  Have: (0 <= y) /\ (y <= (10 + y_1)).
  (* Then *)
  Have: tmp_0 != 0.
  (* Invariant *)
  Have: (x_1 <= x) /\ ((-10) <= x_1).
}
Prove: (y <= y_1) /\ ((-10) <= y).
Prover Z3 4.8.12 returns Timeout (Qed:7ms) (3s)
Error found in file: output/8.c at line: 8
Error line content: loop invariant  (0 <= y && y <= 10 + \at(y, Pre)) ;

Verify:
[False]

Goal Assertion (file output/8.c, line 15):
Assume {
  Type: is_sint32(x_1) /\ is_sint32(x) /\ is_sint32(y).
  (* Pre-condition *)
  Have: (0 <= x_1) /\ (0 <= y) /\ (x_1 <= 10) /\ (y <= 10).
  (* Invariant *)
  Have: (0 <= x) /\ (x <= (10 + x_1)).
  (* Invariant *)
  Have: (-10) <= y.
}
Prove: x != 20.
Prover Z3 4.8.12 returns Timeout (Qed:4ms) (3s)
Error found in file: output/8.c at line: 15
Error line content: /*@ assert (y == 0) ==>  (x != 20); */


int unknown();
/*@ requires x >= 0 && x <= 10 && y <= 10 && y >= 0; */
void foo(int x, int y) {
  
    /*@
      loop invariant  (0 <= x && x <= 10 + \at(x, Pre))  [INVARIANT FAILED] ;
      loop invariant  (0 <= y && y <= 10 + \at(y, Pre))  [INVARIANT FAILED] ;
    */
    while (unknown()) {
        x = x + 10;
        y = y + 10;
    }

    /*@ assert (y == 0) ==>  (x != 20); */
}

1.  Error Analysis:

The provided loop invariants are fundamentally incorrect because they do not hold under the conditions of the loop, both at the establishment and preservation phases. The following points outline the issues:

- **Goal Establishment of Invariant**: The pre-condition `x >= 0 && x <= 10` and `y >= 0 && y <= 10` are insufficient to establish the invariants that `0 <= x && x <= 10 + \at(x, Pre)` and `0 <= y && y <= 10 + \at(y, Pre)`. The loop modifies `x` and `y` in each iteration by adding 10, which means that after the initial iteration, `x` and `y` may exceed their original bounds.

- **Goal Preservation of Invariant**: The loop body's operations (`x = x + 10` and `y = y + 10`) increase `x` and `y` by 10 in each iteration. The invariants as stated will not hold after the first iteration since `x` and `y` will no longer be within the bounds defined by the original precondition after they are incremented.

- **Goal Assertion**: The assertion `(y == 0) ==> (x != 20)` cannot be verified because there is no guarantee from the invariants that `x` will not equal 20 when `y` equals 0, as `x` may have been incremented to 20 or beyond during iterations.

Given these issues, the loop invariants need to be regenerated to accurately reflect the behavior of `x` and `y` during the loop, taking into account that both variables are increased by 10 on each iteration.

2.  Fixed C Code:

```c
int unknown();
/*@ requires x >= 0 && x <= 10 && y <= 10 && y >= 0; */
void foo(int x, int y) {
  
    /*@
      loop invariant  (0 <= x && x <= 10 + \at(x, Pre) + 10 * \count{0, unknown()}) ;
      loop invariant  (0 <= y && y <= 10 + \at(y, Pre) + 10 * \count{0, unknown()}) ;
    */
    while (unknown()) {
        x = x + 10;
        y = y + 10;
    }

    /*@ assert (y == 0) ==>  (x != 20); */
}
``` 

In this corrected version, the loop invariants account for the fact that `x` and `y` will increase by 10 for each iteration of the loop, thus allowing for a more accurate range during the loop's execution. The use of `10 * \count{0, unknown()}` provides a way to express how many times the loop may run and thus how much `x` and `y` may increase.
after regen

int unknown();
/*@ requires x >= 0 && x <= 10 && y <= 10 && y >= 0; */
void foo(int x, int y) {
  
    /*@
      loop invariant  (0 <= x && x <= 10 + \at(x, Pre) + 10 * \count{0, unknown()}) ;
      loop invariant  (0 <= y && y <= 10 + \at(y, Pre) + 10 * \count{0, unknown()}) ;
    */
    while (unknown()) {
        x = x + 10;
        y = y + 10;
    }

    /*@ assert (y == 0) ==>  (x != 20); */
}

syntax Error
[kernel] Parsing output/8.c (with preprocessing)
[kernel:annot-error] output/8.c:7: Warning: unexpected token '0'
[kernel] User Error: warning annot-error treated as fatal error.
[kernel] Frama-C aborted: invalid user input.

syntax Error
[kernel] Parsing output/8.c (with preprocessing)
[kernel:annot-error] output/8.c:7: Warning: unexpected token '0'
[kernel] User Error: warning annot-error treated as fatal error.
[kernel] Frama-C aborted: invalid user input.

syntax Error
[kernel] Parsing output/8.c (with preprocessing)
[kernel:annot-error] output/8.c:7: Warning: unexpected token '0'
[kernel] User Error: warning annot-error treated as fatal error.
[kernel] Frama-C aborted: invalid user input.

[(128, 216, 0)]
[(128, 216, 0)]
[(128, 216, 0)]
[(128, 216, 0)]
Loop 0 : Outer
Sorted indices: [0]
File found: ../sac_c_parser/test/../ip_postcond/goal/8_goal.v. Deleting the file.
File found: ../sac_c_parser/test/../ip_postcond/goal/8_proof_auto.v. Deleting the file.
File found: ../sac_c_parser/test/../ip_postcond/goal/8_proof_manual.v. Deleting the file.
LoopEntry_0:
x@pre >= 0 && x@pre <= 10 && y@pre <= 10 && y@pre >= 0 && (y == y@pre) * (x == x@pre)

Successfully generated loop/8.json
INNER_FLAG: False
Variable Maps: [{'y': 'y@pre', 'x': 'x@pre'}]
Path conditions: ['x@pre >= 0 && x@pre <= 10 && y@pre <= 10 && y@pre >= 0']
Pre condition: x@pre >= 0 && x@pre <= 10 && y@pre <= 10 && y@pre >= 0 && (y == y@pre) * (x == x@pre)
Loop Condition: unknown()
Updated Loop Conditions: ['unknown()']
Global Unchanged Variables []
Non Inductive Variables []
[{'y': 'y@pre', 'x': 'x@pre'}]
['x@pre >= 0 && x@pre <= 10 && y@pre <= 10 && y@pre >= 0']

            
    /* >>> LOOP INVARIANT TO FILL <<< 
       >>> PRECONDITION OF THE LOOP : \at(x, Pre) >= 0 && \at(x, Pre) <= 10 && \at(y, Pre) <= 10 && \at(y, Pre) >= 0 && (y == \at(y, Pre)) * (x == \at(x, Pre)) <<< */
    
            /*@
            */
            while (unknown()) {
      
        x = x + 10;
        y = y + 10;
        
      
    }
            

            
    /* >>> LOOP INVARIANT TO FILL <<< 
       >>> PRECONDITION OF THE LOOP : \at(x, Pre) >= 0 && \at(x, Pre) <= 10 && \at(y, Pre) <= 10 && \at(y, Pre) >= 0 && (y == \at(y, Pre)) * (x == \at(x, Pre)) <<< */
    
            /*@
          loop invariant  (\at(x, Pre) >= 0 && \at(x, Pre) <= 10 && \at(y, Pre) <= 10 && \at(y, Pre) >= 0) ==> (((y == \at(y, Pre))&&(x == \at(x, Pre))) || (PLACE_HOLDER_x)) ;
          loop invariant  (\at(x, Pre) >= 0 && \at(x, Pre) <= 10 && \at(y, Pre) <= 10 && \at(y, Pre) >= 0) ==> (((y == \at(y, Pre))&&(x == \at(x, Pre))) || (PLACE_HOLDER_y)) ;
            */
            while (unknown()) {
      
        x = x + 10;
        y = y + 10;
        
      
    }
            
int unknown();
/*@ requires x >= 0 && x <= 10 && y <= 10 && y >= 0; */
void foo(int x, int y) {
  
  
    
            
    /* >>> LOOP INVARIANT TO FILL <<< 
       >>> PRECONDITION OF THE LOOP : \at(x, Pre) >= 0 && \at(x, Pre) <= 10 && \at(y, Pre) <= 10 && \at(y, Pre) >= 0 && (y == \at(y, Pre)) * (x == \at(x, Pre)) <<< */
    
            /*@
          loop invariant  (\at(x, Pre) >= 0 && \at(x, Pre) <= 10 && \at(y, Pre) <= 10 && \at(y, Pre) >= 0) ==> (((y == \at(y, Pre))&&(x == \at(x, Pre))) || (PLACE_HOLDER_x)) ;
          loop invariant  (\at(x, Pre) >= 0 && \at(x, Pre) <= 10 && \at(y, Pre) <= 10 && \at(y, Pre) >= 0) ==> (((y == \at(y, Pre))&&(x == \at(x, Pre))) || (PLACE_HOLDER_y)) ;
            */
            while (unknown()) {
      
        x = x + 10;
        y = y + 10;
        
      
    }
            

    /*@ assert (y == 0) ==>  (x != 20); */
    
  }
Let's analyze the provided C loop code and generate the necessary loop invariants in ACSL annotations.

### a. Purpose and Structure of the Loop:
The objective of this loop is to increment the variables `x` and `y` by 10 in each iteration, while an unspecified condition (represented by `unknown()`) holds true. The loop continues until `unknown()` returns false. The relevant variables that affect the loop's behavior are `x` and `y`.

### b. Discussion of the Loop Invariant:
A valid loop invariant for this loop will state the relationships among `x`, `y`, and their initial values before entering the loop. The invariant should capture the fact that `x` and `y` are being incremented, while also ensuring they remain within the bounds defined by the pre-condition.

### c. Establishment:
Before the loop starts, the pre-condition guarantees that `x` is between 0 and 10, and `y` is also between 0 and 10. Therefore, the proposed loop invariant must reflect these bounds and the relationship between the current values and their initial values.

### d. Preservation:
If the invariant holds at the beginning of each iteration, when we increment `x` and `y` by 10, the new values of `x` and `y` will be `x + 10` and `y + 10`, respectively. The invariant must ensure that after these increments, the conditions still hold true.

### e. Termination Analysis of the Loop:
When the loop condition becomes false, the values of `x` and `y` will be `x + 10 * n` and `y + 10 * n` for some integer `n`, where `unknown()` was true for `n` iterations. The invariant must hold at this point and help in proving the post-condition.

### f. Correctness of the Post-condition:
The post-condition `assert (y == 0) ==> (x != 20);` needs to be verified against the loop invariant. If `y` is 0, then `y + 10 * n = 0` implies that `n` must be 0 (because `y` starts from a non-negative value). This means `x` also remains unchanged, thus ensuring `x` cannot equal 20.

### g. Implication of the Pre-condition:
The pre-condition ensures that before the loop starts, `x` and `y` are both within their respective bounds. This guarantees that the loop invariant is established right before the loop begins execution.

### Complete C Loop Program with Invariant Annotations:
Here is the C program with the filled loop invariants:

```c
int unknown();
/*@ requires x >= 0 && x <= 10 && y <= 10 && y >= 0; */
void foo(int x, int y) {
  
    /*@
      loop invariant  (\at(x, Pre) >= 0 && \at(x, Pre) <= 10 && \at(y, Pre) <= 10 && \at(y, Pre) >= 0) ==> 
      (x == \at(x, Pre) + 10 * n && y == \at(y, Pre) + 10 * n)  // PLACE_HOLDER_x
      
      loop invariant  (\at(x, Pre) >= 0 && \at(x, Pre) <= 10 && \at(y, Pre) <= 10 && \at(y, Pre) >= 0) ==> 
      (y == \at(y, Pre) + 10 * n)  // PLACE_HOLDER_y
    */
    
    while (unknown()) {
        x = x + 10;
        y = y + 10;
    }

    /*@ assert (y == 0) ==>  (x != 20); */
}
```

In this code:
- `PLACE_HOLDER_x` is replaced with the expression that relates `x` to its initial value and the iteration count (`n`).
- `PLACE_HOLDER_y` reflects a similar relationship for `y`. 

The expressions capture the increment behavior while respecting the bounds established by the pre-condition.

int unknown();
/*@ requires x >= 0 && x <= 10 && y <= 10 && y >= 0; */
void foo(int x, int y) {
  
    /*@
      loop invariant  (\at(x, Pre) >= 0 && \at(x, Pre) <= 10 && \at(y, Pre) <= 10 && \at(y, Pre) >= 0) ==> 
      (x == \at(x, Pre) + 10 * n && y == \at(y, Pre) + 10 * n)  // PLACE_HOLDER_x
      
      loop invariant  (\at(x, Pre) >= 0 && \at(x, Pre) <= 10 && \at(y, Pre) <= 10 && \at(y, Pre) >= 0) ==> 
      (y == \at(y, Pre) + 10 * n)  // PLACE_HOLDER_y
    */
    
    while (unknown()) {
        x = x + 10;
        y = y + 10;
    }

    /*@ assert (y == 0) ==>  (x != 20); */
}


int unknown();
/*@ requires x >= 0 && x <= 10 && y <= 10 && y >= 0; */
void foo(int x, int y) {
  
    /*@
      loop invariant  (\at(x, Pre) >= 0 && \at(x, Pre) <= 10 && \at(y, Pre) <= 10 && \at(y, Pre) >= 0) ==> 
      (x == \at(x, Pre) + 10 * n && y == \at(y, Pre) + 10 * n)  // PLACE_HOLDER_x
      
      loop invariant  (\at(x, Pre) >= 0 && \at(x, Pre) <= 10 && \at(y, Pre) <= 10 && \at(y, Pre) >= 0) ==> 
      (y == \at(y, Pre) + 10 * n)  // PLACE_HOLDER_y
    */
    
    while (unknown()) {
        x = x + 10;
        y = y + 10;
    }

    /*@ assert (y == 0) ==>  (x != 20); */
}

syntax Error
[kernel] Parsing output/8.c (with preprocessing)
[kernel:annot-error] output/8.c:10: Warning: unexpected token 'loop'
[kernel] User Error: warning annot-error treated as fatal error.
[kernel] Frama-C aborted: invalid user input.

after repair

int unknown();
/*@ requires x >= 0 && x <= 10 && y <= 10 && y >= 0; */
void foo(int x, int y) {
  
    /*@
      loop invariant  (\at(x, Pre) >= 0 && \at(x, Pre) <= 10 && \at(y, Pre) <= 10 && \at(y, Pre) >= 0) ==> 
      (x == \at(x, Pre) + 10 * n && y == \at(y, Pre) + 10 * n);
    */
    
    while (unknown()) {
        x = x + 10;
        y = y + 10;
    }

    /*@ assert (y == 0) ==>  (x != 20); */
}

syntax Error
[kernel] Parsing output/8.c (with preprocessing)
[kernel:annot-error] output/8.c:8: Warning: 
  unbound logic variable n. Ignoring loop annotation
[kernel] User Error: warning annot-error treated as fatal error.
[kernel] Frama-C aborted: invalid user input.

after repair

    int unknown();
/*@ requires x >= 0 && x <= 10 && y <= 10 && y >= 0; */
void foo(int x, int y) {
  
    /*@
      loop invariant  (\at(x, Pre) >= 0 && \at(x, Pre) <= 10 && \at(y, Pre) <= 10 && \at(y, Pre) >= 0) ==> 
      (x == \at(x, Pre) + 10 * (\at(y, Pre) - y) / 10 && y == \at(y, Pre) + 10 * (\at(y, Pre) - y) / 10);
    */
    
    while (unknown()) {
        x = x + 10;
        y = y + 10;
    }

    /*@ assert (y == 0) ==>  (x != 20); */
    }
    
syntax Correct
Validate:
[False]

Goal Preservation of Invariant (file output/8.c, line 7):
Assume {
  Type: is_sint32(tmp_0) /\ is_sint32(x) /\ is_sint32(y) /\
      is_sint32(10 + x) /\ is_sint32(10 + y).
  (* Goal *)
  When: (0 <= x) /\ (0 <= y) /\ (x <= 10) /\ (y <= 10).
  (* Then *)
  Have: tmp_0 != 0.
}
Prove: false.
Prover Z3 4.8.12 returns Timeout (Qed:5ms) (3s)
Error found in file: output/8.c at line: 7
Error line content: loop invariant  (\at(x, Pre) >= 0 && \at(x, Pre) <= 10 && \at(y, Pre) <= 10 && \at(y, Pre) >= 0) ==>

Verify:
[True]


    int unknown();
/*@ requires x >= 0 && x <= 10 && y <= 10 && y >= 0; */
void foo(int x, int y) {
  
    /*@
      loop invariant  (\at(x, Pre) >= 0 && \at(x, Pre) <= 10 && \at(y, Pre) <= 10 && \at(y, Pre) >= 0) ==> 
      (x == \at(x, Pre) + 10 * (\at(y, Pre) - y) / 10 && y == \at(y, Pre) + 10 * (\at(y, Pre) - y) / 10) [INVARIANT FAILED] ;
    */
    
    while (unknown()) {
        x = x + 10;
        y = y + 10;
    }

    /*@ assert (y == 0) ==>  (x != 20); */
    }
    
1. **Error Analysis:**

   The error message indicates that the loop invariant fails the "Goal Preservation" condition. The invariant attempts to express that `x` and `y` are equal to their initial values plus some calculations based on the decrement of `y`. However, this approach is flawed as it mixes initial values with calculations that do not correctly reflect the changes made in the loop. Since the loop modifies both `x` and `y` by adding 10 each iteration, the invariant must capture that both `x` and `y` will increase consistently in a way that reflects their relative increments rather than exact equality to some computed value. 

   Therefore, to correct the invariant, we will replace the equality constraints with range constraints that capture the essence of how `x` and `y` change over the loop iterations. Given that `x` and `y` are incremented by 10 in each iteration, we can express their values in terms of the number of iterations of the loop instead.

2. **Fixed C Code:**

    ```c
    int unknown();
/*@ requires x >= 0 && x <= 10 && y <= 10 && y >= 0; */
void foo(int x, int y) {
  
    /*@
      loop invariant  (\at(x, Pre) >= 0 && \at(x, Pre) <= 10 && \at(y, Pre) <= 10 && \at(y, Pre) >= 0) ==> 
      (x >= \at(x, Pre) + 10 * n && y >= \at(y, Pre) + 10 * n);
    */
    
    while (unknown()) {
        x = x + 10;
        y = y + 10;
    }

    /*@ assert (y == 0) ==>  (x != 20); */
    }
    ``` 

In this fixed version, the loop invariant has been modified to use a range constraint (`x >= \at(x, Pre) + 10 * n && y >= \at(y, Pre) + 10 * n`), which correctly reflects that `x` and `y` will increase by 10 for each iteration (`n`). This adjustment ensures that the invariant is preserved through the loop iterations.
after weaken

    int unknown();
/*@ requires x >= 0 && x <= 10 && y <= 10 && y >= 0; */
void foo(int x, int y) {
  
    /*@
      loop invariant  (\at(x, Pre) >= 0 && \at(x, Pre) <= 10 && \at(y, Pre) <= 10 && \at(y, Pre) >= 0) ==> 
      (x >= \at(x, Pre) + 10 * n && y >= \at(y, Pre) + 10 * n);
    */
    
    while (unknown()) {
        x = x + 10;
        y = y + 10;
    }

    /*@ assert (y == 0) ==>  (x != 20); */
    }
    
syntax Error
[kernel] Parsing output/8.c (with preprocessing)
[kernel:annot-error] output/8.c:8: Warning: 
  unbound logic variable n. Ignoring loop annotation
[kernel] User Error: warning annot-error treated as fatal error.
[kernel] Frama-C aborted: invalid user input.

syntax Error
[kernel] Parsing output/8.c (with preprocessing)
[kernel:annot-error] output/8.c:8: Warning: 
  unbound logic variable n. Ignoring loop annotation
[kernel] User Error: warning annot-error treated as fatal error.
[kernel] Frama-C aborted: invalid user input.

syntax Error
[kernel] Parsing output/8.c (with preprocessing)
[kernel:annot-error] output/8.c:8: Warning: 
  unbound logic variable n. Ignoring loop annotation
[kernel] User Error: warning annot-error treated as fatal error.
[kernel] Frama-C aborted: invalid user input.

[(128, 216, 0)]
[(128, 216, 0)]
[(128, 216, 0)]
[(128, 216, 0)]
Loop 0 : Outer
Sorted indices: [0]
File found: ../sac_c_parser/test/../ip_postcond/goal/8_goal.v. Deleting the file.
File found: ../sac_c_parser/test/../ip_postcond/goal/8_proof_auto.v. Deleting the file.
File found: ../sac_c_parser/test/../ip_postcond/goal/8_proof_manual.v. Deleting the file.
LoopEntry_0:
x@pre >= 0 && x@pre <= 10 && y@pre <= 10 && y@pre >= 0 && (y == y@pre) * (x == x@pre)

Successfully generated loop/8.json
INNER_FLAG: False
Variable Maps: [{'y': 'y@pre', 'x': 'x@pre'}]
Path conditions: ['x@pre >= 0 && x@pre <= 10 && y@pre <= 10 && y@pre >= 0']
Pre condition: x@pre >= 0 && x@pre <= 10 && y@pre <= 10 && y@pre >= 0 && (y == y@pre) * (x == x@pre)
Loop Condition: unknown()
Updated Loop Conditions: ['unknown()']
Global Unchanged Variables []
Non Inductive Variables []
[{'y': 'y@pre', 'x': 'x@pre'}]
['x@pre >= 0 && x@pre <= 10 && y@pre <= 10 && y@pre >= 0']

            
    /* >>> LOOP INVARIANT TO FILL <<< 
       >>> PRECONDITION OF THE LOOP : \at(x, Pre) >= 0 && \at(x, Pre) <= 10 && \at(y, Pre) <= 10 && \at(y, Pre) >= 0 && (y == \at(y, Pre)) * (x == \at(x, Pre)) <<< */
    
            /*@
            */
            while (unknown()) {
      
        x = x + 10;
        y = y + 10;
        
      
    }
            

            
    /* >>> LOOP INVARIANT TO FILL <<< 
       >>> PRECONDITION OF THE LOOP : \at(x, Pre) >= 0 && \at(x, Pre) <= 10 && \at(y, Pre) <= 10 && \at(y, Pre) >= 0 && (y == \at(y, Pre)) * (x == \at(x, Pre)) <<< */
    
            /*@
          loop invariant  (\at(x, Pre) >= 0 && \at(x, Pre) <= 10 && \at(y, Pre) <= 10 && \at(y, Pre) >= 0) ==> (((y == \at(y, Pre))&&(x == \at(x, Pre))) || (PLACE_HOLDER_x)) ;
          loop invariant  (\at(x, Pre) >= 0 && \at(x, Pre) <= 10 && \at(y, Pre) <= 10 && \at(y, Pre) >= 0) ==> (((y == \at(y, Pre))&&(x == \at(x, Pre))) || (PLACE_HOLDER_y)) ;
            */
            while (unknown()) {
      
        x = x + 10;
        y = y + 10;
        
      
    }
            
int unknown();
/*@ requires x >= 0 && x <= 10 && y <= 10 && y >= 0; */
void foo(int x, int y) {
  
  
    
            
    /* >>> LOOP INVARIANT TO FILL <<< 
       >>> PRECONDITION OF THE LOOP : \at(x, Pre) >= 0 && \at(x, Pre) <= 10 && \at(y, Pre) <= 10 && \at(y, Pre) >= 0 && (y == \at(y, Pre)) * (x == \at(x, Pre)) <<< */
    
            /*@
          loop invariant  (\at(x, Pre) >= 0 && \at(x, Pre) <= 10 && \at(y, Pre) <= 10 && \at(y, Pre) >= 0) ==> (((y == \at(y, Pre))&&(x == \at(x, Pre))) || (PLACE_HOLDER_x)) ;
          loop invariant  (\at(x, Pre) >= 0 && \at(x, Pre) <= 10 && \at(y, Pre) <= 10 && \at(y, Pre) >= 0) ==> (((y == \at(y, Pre))&&(x == \at(x, Pre))) || (PLACE_HOLDER_y)) ;
            */
            while (unknown()) {
      
        x = x + 10;
        y = y + 10;
        
      
    }
            

    /*@ assert (y == 0) ==>  (x != 20); */
    
  }
### Analysis of the Loop

#### a. Purpose and Structure of the Loop:
The objective of the loop in the provided C program is to increment the values of `x` and `y` by 10 in each iteration until a condition (denoted by `unknown()`) becomes false. The loop's execution is governed by the `unknown()` function, which determines whether the loop should continue. The key operations performed within the body of the loop are `x = x + 10;` and `y = y + 10;`. The relevant variables that affect the loop's behavior are `x` and `y`, which are both modified during each iteration.

#### b. Discussion of the Loop Invariant:
A proposed loop invariant is that both `x` and `y` remain within specific bounds throughout the execution of the loop. Specifically, the invariant can be expressed as:
- `x` is always within the range `[0, 20]` (since it starts from a maximum of 10 and can be incremented by 10).
- `y` is always within the range `[0, 20]` (similar reasoning as for `x`).

This invariant is valid because it captures the behavior of `x` and `y` as they are incremented, ensuring they do not exceed the logical limits based on the initial constraints.

#### c. Establishment:
Before the loop begins execution, the pre-condition states that `x` is within the range `[0, 10]` and `y` is within `[0, 10]`. Therefore, the invariant `0 <= x <= 20 && 0 <= y <= 20` holds true from the start since both `x` and `y` are initialized within these bounds.

#### d. Preservation:
During each iteration of the loop, both `x` and `y` are incremented by 10. Thus, if the invariant holds at the start of the iteration (i.e., `0 <= x <= 20 && 0 <= y <= 20`), after the increment, `x` will be within `[10, 30]` and `y` will similarly fall within `[10, 30]`. However, we need to adjust the invariant to ensure it remains valid throughout the loop's execution, particularly ensuring we do not exceed the maximum logical bounds.

#### e. Termination Analysis of the Loop:
The loop terminates when `unknown()` returns false. At this point, the values of `x` and `y` will depend on how many iterations were executed. Since we increment by 10 and start from values in `[0, 10]`, by the time the loop terminates, the maximum possible values for `x` and `y` can be `20` if one iteration occurs, or `30` if two iterations occur. Therefore, when the loop terminates, we can still assume `0 <= x <= 30` and `0 <= y <= 30` holds, as long as the loop condition and increments were followed correctly.

#### f. Correctness of the Post-condition:
Once the loop has finished executing, the assertion `assert (y == 0) ==> (x != 20);` holds true because if `y` were to equal 0, it could only occur if no iterations were executed. If no iterations occurred, `x` would retain its initial value, which is constrained to not equal 20 by the pre-condition. Thus, the post-condition is correct under the assumption that `x` and `y` remain within their bounds.

#### g. Implication of the Pre-condition:
The provided pre-condition guarantees that both `x` and `y` are initialized within specific bounds before the loop begins its execution. This guarantees that the loop invariant can be established at the outset, ensuring that the conditions required for the loop invariant are met.

### Completed C Loop Program with Invariant Annotations

```c
int unknown();
/*@ requires x >= 0 && x <= 10 && y <= 10 && y >= 0; */
void foo(int x, int y) {
  
    /*@
      loop invariant  (0 <= x <= 30) && (0 <= y <= 30);
      loop invariant  (\at(x, Pre) >= 0 && \at(x, Pre) <= 10 && \at(y, Pre) <= 10 && \at(y, Pre) >= 0) ==> (x == \at(x, Pre) + 10 * n && y == \at(y, Pre) + 10 * n);
      // where n is the number of iterations completed so far
    */
    while (unknown()) {
        x = x + 10;
        y = y + 10;
    }

    /*@ assert (y == 0) ==>  (x != 20); */
}
```

In this completed program, the placeholders are filled with appropriate logical expressions that uphold the loop invariant. The loop invariant ensures that the values of `x` and `y` are maintained within their expected bounds throughout the execution of the loop.

int unknown();
/*@ requires x >= 0 && x <= 10 && y <= 10 && y >= 0; */
void foo(int x, int y) {
  
    /*@
      loop invariant  (0 <= x <= 30) && (0 <= y <= 30);
      loop invariant  (\at(x, Pre) >= 0 && \at(x, Pre) <= 10 && \at(y, Pre) <= 10 && \at(y, Pre) >= 0) ==> (x == \at(x, Pre) + 10 * n && y == \at(y, Pre) + 10 * n);
      // where n is the number of iterations completed so far
    */
    while (unknown()) {
        x = x + 10;
        y = y + 10;
    }

    /*@ assert (y == 0) ==>  (x != 20); */
}


int unknown();
/*@ requires x >= 0 && x <= 10 && y <= 10 && y >= 0; */
void foo(int x, int y) {
  
    /*@
      loop invariant  (0 <= x <= 30) && (0 <= y <= 30);
      loop invariant  (\at(x, Pre) >= 0 && \at(x, Pre) <= 10 && \at(y, Pre) <= 10 && \at(y, Pre) >= 0) ==> (x == \at(x, Pre) + 10 * n && y == \at(y, Pre) + 10 * n);
      // where n is the number of iterations completed so far
    */
    while (unknown()) {
        x = x + 10;
        y = y + 10;
    }

    /*@ assert (y == 0) ==>  (x != 20); */
}

syntax Error
[kernel] Parsing output/8.c (with preprocessing)
[kernel:annot-error] output/8.c:8: Warning: 
  unbound logic variable n. Ignoring loop annotation
[kernel] User Error: warning annot-error treated as fatal error.
[kernel] Frama-C aborted: invalid user input.

after repair

int unknown();
/*@ requires x >= 0 && x <= 10 && y <= 10 && y >= 0; */
void foo(int x, int y) {
  
    /*@
      loop invariant  (0 <= x <= 30) && (0 <= y <= 30);
      loop invariant  (\at(x, Pre) >= 0 && \at(x, Pre) <= 10 && \at(y, Pre) <= 10 && \at(y, Pre) >= 0) ==> (x == \at(x, Pre) + 10 * ((x - \at(x, Pre)) / 10) && y == \at(y, Pre) + 10 * ((y - \at(y, Pre)) / 10));
      // where n is the number of iterations completed so far
    */
    while (unknown()) {
        x = x + 10;
        y = y + 10;
    }

    /*@ assert (y == 0) ==>  (x != 20); */
}

syntax Correct
Validate:
[False, True]

Goal Preservation of Invariant (file output/8.c, line 7):
Assume {
  Type: is_sint32(tmp_0) /\ is_sint32(x_1) /\ is_sint32(x) /\
      is_sint32(y_1) /\ is_sint32(y) /\ is_sint32(10 + x) /\
      is_sint32(10 + y).
  (* Pre-condition *)
  Have: (0 <= x_1) /\ (0 <= y_1) /\ (x_1 <= 10) /\ (y_1 <= 10).
  (* Invariant *)
  Have: (x_1 <= 30) /\ (y_1 <= 30).
  (* Invariant *)
  Have: (0 <= x) /\ (0 <= y) /\ (x <= 30) /\ (y <= 30).
  (* Invariant *)
  Have: ((x_1 + (10 * ((x - x_1) / 10))) = x) /\
      ((y_1 + (10 * ((y - y_1) / 10))) = y).
  (* Then *)
  Have: tmp_0 != 0.
}
Prove: ((-10) <= x) /\ ((-10) <= y) /\ (x <= 20) /\ (y <= 20).
Prover Z3 4.8.12 returns Timeout (Qed:8ms) (3s)
Error found in file: output/8.c at line: 7
Error line content: loop invariant  (0 <= x <= 30) && (0 <= y <= 30);

Verify:
[False]

Goal Assertion (file output/8.c, line 16):
Assume {
  Type: is_sint32(x_1) /\ is_sint32(x) /\ is_sint32(y).
  (* Pre-condition *)
  Have: (0 <= x_1) /\ (0 <= y) /\ (x_1 <= 10) /\ (y <= 10).
  (* Invariant *)
  Have: (x_1 <= 30) /\ (y <= 30).
  (* Invariant *)
  Have: (0 <= x) /\ (x <= 30).
  (* Invariant *)
  Have: ((y + (10 * ((-y) / 10))) = 0) /\
      ((x_1 + (10 * ((x - x_1) / 10))) = x).
}
Prove: x != 20.
Prover Z3 4.8.12 returns Timeout (Qed:4ms) (3s)
Error found in file: output/8.c at line: 16
Error line content: /*@ assert (y == 0) ==>  (x != 20); */


int unknown();
/*@ requires x >= 0 && x <= 10 && y <= 10 && y >= 0; */
void foo(int x, int y) {
  
    /*@
      loop invariant  (0 <= x <= 30) && (0 <= y <= 30) [INVARIANT FAILED] ;
      loop invariant  (\at(x, Pre) >= 0 && \at(x, Pre) <= 10 && \at(y, Pre) <= 10 && \at(y, Pre) >= 0) ==> (x == \at(x, Pre) + 10 * ((x - \at(x, Pre)) / 10) && y == \at(y, Pre) + 10 * ((y - \at(y, Pre)) / 10));
      // where n is the number of iterations completed so far
    */
    while (unknown()) {
        x = x + 10;
        y = y + 10;
    }

    /*@ assert (y == 0) ==>  (x != 20); */
}

1. **Error Analysis:**

   The errors stem from the inadequacy of the current loop invariants to satisfy the requirements of establishment, preservation, and post-condition verification.

   - **Goal Establishment of Invariant**: The invariant `(0 <= x <= 30) && (0 <= y <= 30)` does not hold true at the beginning of the loop because `x` is initially constrained between 0 and 10, while `y` is constrained between 0 and 10 as well. However, as the loop iterates, `x` and `y` can exceed 30, thus making the invariant invalid.
   
   - **Goal Preservation of Invariant**: The invariant fails to remain valid after iterations because while `x` is incremented by 10 in each iteration, the invariant does not account for the potential values of `x` and `y` after multiple iterations. As `x` and `y` can exceed 30, the preservation condition is not satisfied.
   
   - **Goal Assertion**: The assertion `(y == 0) ==>  (x != 20)` cannot be established due to the failure of the invariant to properly reflect the conditions under which the assertion holds after the loop execution.

   Thus, the loop invariant needs to be redefined to ensure that it holds true at the beginning and end of each iteration, and sufficiently constrains `x` and `y` based on their expected values throughout the loop.

2. **Fixed C Code:**

    ```c
    int unknown();
    /*@ requires x >= 0 && x <= 10 && y <= 10 && y >= 0; */
    void foo(int x, int y) {
      
        /*@
          loop invariant  (0 <= x <= 30) && (0 <= y <= 30);
          loop invariant  (\at(x, Pre) >= 0 && \at(x, Pre) <= 10 && \at(y, Pre) <= 10 && \at(y, Pre) >= 0) ==> (x == \at(x, Pre) + 10 * n && y == \at(y, Pre) + 10 * n);
          // where n is the number of iterations completed so far
        */
        while (unknown()) {
            x = x + 10;
            y = y + 10;
        }
    
        /*@ assert (y == 0) ==>  (x != 20); */
    }
    ```

In this fixed version, the loop invariant has been adjusted to correctly reflect the relationship between `x`, `y`, and their respective initial values, thus providing a valid basis for the establishment and preservation conditions of the invariant.
after regen

    int unknown();
    /*@ requires x >= 0 && x <= 10 && y <= 10 && y >= 0; */
    void foo(int x, int y) {
      
        /*@
          loop invariant  (0 <= x <= 30) && (0 <= y <= 30);
          loop invariant  (\at(x, Pre) >= 0 && \at(x, Pre) <= 10 && \at(y, Pre) <= 10 && \at(y, Pre) >= 0) ==> (x == \at(x, Pre) + 10 * n && y == \at(y, Pre) + 10 * n);
          // where n is the number of iterations completed so far
        */
        while (unknown()) {
            x = x + 10;
            y = y + 10;
        }
    
        /*@ assert (y == 0) ==>  (x != 20); */
    }
    
syntax Error
[kernel] Parsing output/8.c (with preprocessing)
[kernel:annot-error] output/8.c:8: Warning: 
  unbound logic variable n. Ignoring loop annotation
[kernel] User Error: warning annot-error treated as fatal error.
[kernel] Frama-C aborted: invalid user input.

after repair

   int unknown();
   /*@ requires x >= 0 && x <= 10 && y <= 10 && y >= 0; */
   void foo(int x, int y) {
     
       /*@
         loop invariant  (0 <= x <= 30) && (0 <= y <= 30);
         loop invariant  (\at(x, Pre) >= 0 && \at(x, Pre) <= 10 && \at(y, Pre) <= 10 && \at(y, Pre) >= 0) ==> (x == \at(x, Pre) + 10 * ((x - \at(x, Pre)) / 10) && y == \at(y, Pre) + 10 * ((y - \at(y, Pre)) / 10));
       */
       while (unknown()) {
           x = x + 10;
           y = y + 10;
       }

       /*@ assert (y == 0) ==>  (x != 20); */
   }
   
syntax Correct
Validate:
[False, True]

Goal Preservation of Invariant (file output/8.c, line 7):
Assume {
  Type: is_sint32(tmp_0) /\ is_sint32(x_1) /\ is_sint32(x) /\
      is_sint32(y_1) /\ is_sint32(y) /\ is_sint32(10 + x) /\
      is_sint32(10 + y).
  (* Pre-condition *)
  Have: (0 <= x_1) /\ (0 <= y_1) /\ (x_1 <= 10) /\ (y_1 <= 10).
  (* Invariant *)
  Have: (x_1 <= 30) /\ (y_1 <= 30).
  (* Invariant *)
  Have: (0 <= x) /\ (0 <= y) /\ (x <= 30) /\ (y <= 30).
  (* Invariant *)
  Have: ((x_1 + (10 * ((x - x_1) / 10))) = x) /\
      ((y_1 + (10 * ((y - y_1) / 10))) = y).
  (* Then *)
  Have: tmp_0 != 0.
}
Prove: ((-10) <= x) /\ ((-10) <= y) /\ (x <= 20) /\ (y <= 20).
Prover Z3 4.8.12 returns Timeout (Qed:8ms) (3s)
Error found in file: output/8.c at line: 7
Error line content: loop invariant  (0 <= x <= 30) && (0 <= y <= 30);

Verify:
[False]

Goal Assertion (file output/8.c, line 15):
Assume {
  Type: is_sint32(x_1) /\ is_sint32(x) /\ is_sint32(y).
  (* Pre-condition *)
  Have: (0 <= x_1) /\ (0 <= y) /\ (x_1 <= 10) /\ (y <= 10).
  (* Invariant *)
  Have: (x_1 <= 30) /\ (y <= 30).
  (* Invariant *)
  Have: (0 <= x) /\ (x <= 30).
  (* Invariant *)
  Have: ((y + (10 * ((-y) / 10))) = 0) /\
      ((x_1 + (10 * ((x - x_1) / 10))) = x).
}
Prove: x != 20.
Prover Z3 4.8.12 returns Timeout (Qed:4ms) (3s)
Error found in file: output/8.c at line: 15
Error line content: /*@ assert (y == 0) ==>  (x != 20); */

after hudini

   int unknown();
   /*@ requires x >= 0 && x <= 10 && y <= 10 && y >= 0; */
   void foo(int x, int y) {
     
       /*@         loop invariant  (\at(x, Pre) >= 0 && \at(x, Pre) <= 10 && \at(y, Pre) <= 10 && \at(y, Pre) >= 0) ==> (x == \at(x, Pre) + 10 * ((x - \at(x, Pre)) / 10) && y == \at(y, Pre) + 10 * ((y - \at(y, Pre)) / 10));
       */
       while (unknown()) {
           x = x + 10;
           y = y + 10;
       }

       /*@ assert (y == 0) ==>  (x != 20); */
   }
   
syntax Correct
Validate:
[True]

Verify:
[False]

Goal Assertion (file output/8.c, line 13):
Assume {
  Type: is_sint32(x_1) /\ is_sint32(x) /\ is_sint32(y).
  (* Pre-condition *)
  Have: (0 <= x_1) /\ (0 <= y) /\ (x_1 <= 10) /\ (y <= 10).
  (* Invariant *)
  Have: ((y + (10 * ((-y) / 10))) = 0) /\
      ((x_1 + (10 * ((x - x_1) / 10))) = x).
}
Prove: x != 20.
Prover Z3 4.8.12 returns Timeout (Qed:4ms) (3s)
Error found in file: output/8.c at line: 13
Error line content: /*@ assert (y == 0) ==>  (x != 20); */

syntax Correct
Validate:
[True]

Verify:
[False]

Goal Assertion (file output/8.c, line 13):
Assume {
  Type: is_sint32(x_1) /\ is_sint32(x) /\ is_sint32(y).
  (* Pre-condition *)
  Have: (0 <= x_1) /\ (0 <= y) /\ (x_1 <= 10) /\ (y <= 10).
  (* Invariant *)
  Have: ((y + (10 * ((-y) / 10))) = 0) /\
      ((x_1 + (10 * ((x - x_1) / 10))) = x).
}
Prove: x != 20.
Prover Z3 4.8.12 returns Timeout (Qed:4ms) (3s)
Error found in file: output/8.c at line: 13
Error line content: /*@ assert (y == 0) ==>  (x != 20); */

syntax Correct
Validate:
[True]

Verify:
[False]

Goal Assertion (file output/8.c, line 13):
Assume {
  Type: is_sint32(x_1) /\ is_sint32(x) /\ is_sint32(y).
  (* Pre-condition *)
  Have: (0 <= x_1) /\ (0 <= y) /\ (x_1 <= 10) /\ (y <= 10).
  (* Invariant *)
  Have: ((y + (10 * ((-y) / 10))) = 0) /\
      ((x_1 + (10 * ((x - x_1) / 10))) = x).
}
Prove: x != 20.
Prover Z3 4.8.12 returns Timeout (Qed:4ms) (3s)
Error found in file: output/8.c at line: 13
Error line content: /*@ assert (y == 0) ==>  (x != 20); */

[(128, 216, 0)]
[(128, 216, 0)]
[(128, 216, 0)]
[(128, 216, 0)]
Loop 0 : Outer
Sorted indices: [0]
File found: ../sac_c_parser/test/../ip_postcond/goal/8_goal.v. Deleting the file.
File found: ../sac_c_parser/test/../ip_postcond/goal/8_proof_auto.v. Deleting the file.
File found: ../sac_c_parser/test/../ip_postcond/goal/8_proof_manual.v. Deleting the file.
LoopEntry_0:
x@pre >= 0 && x@pre <= 10 && y@pre <= 10 && y@pre >= 0 && (y == y@pre) * (x == x@pre)

Successfully generated loop/8.json
INNER_FLAG: False
Variable Maps: [{'y': 'y@pre', 'x': 'x@pre'}]
Path conditions: ['x@pre >= 0 && x@pre <= 10 && y@pre <= 10 && y@pre >= 0']
Pre condition: x@pre >= 0 && x@pre <= 10 && y@pre <= 10 && y@pre >= 0 && (y == y@pre) * (x == x@pre)
Loop Condition: unknown()
Updated Loop Conditions: ['unknown()']
Global Unchanged Variables []
Non Inductive Variables []
[{'y': 'y@pre', 'x': 'x@pre'}]
['x@pre >= 0 && x@pre <= 10 && y@pre <= 10 && y@pre >= 0']

            
    /* >>> LOOP INVARIANT TO FILL <<< 
       >>> PRECONDITION OF THE LOOP : \at(x, Pre) >= 0 && \at(x, Pre) <= 10 && \at(y, Pre) <= 10 && \at(y, Pre) >= 0 && (y == \at(y, Pre)) * (x == \at(x, Pre)) <<< */
    
            /*@
            */
            while (unknown()) {
      
        x = x + 10;
        y = y + 10;
        
      
    }
            

            
    /* >>> LOOP INVARIANT TO FILL <<< 
       >>> PRECONDITION OF THE LOOP : \at(x, Pre) >= 0 && \at(x, Pre) <= 10 && \at(y, Pre) <= 10 && \at(y, Pre) >= 0 && (y == \at(y, Pre)) * (x == \at(x, Pre)) <<< */
    
            /*@
          loop invariant  (\at(x, Pre) >= 0 && \at(x, Pre) <= 10 && \at(y, Pre) <= 10 && \at(y, Pre) >= 0) ==> (((y == \at(y, Pre))&&(x == \at(x, Pre))) || (PLACE_HOLDER_x)) ;
          loop invariant  (\at(x, Pre) >= 0 && \at(x, Pre) <= 10 && \at(y, Pre) <= 10 && \at(y, Pre) >= 0) ==> (((y == \at(y, Pre))&&(x == \at(x, Pre))) || (PLACE_HOLDER_y)) ;
            */
            while (unknown()) {
      
        x = x + 10;
        y = y + 10;
        
      
    }
            
int unknown();
/*@ requires x >= 0 && x <= 10 && y <= 10 && y >= 0; */
void foo(int x, int y) {
  
  
    
            
    /* >>> LOOP INVARIANT TO FILL <<< 
       >>> PRECONDITION OF THE LOOP : \at(x, Pre) >= 0 && \at(x, Pre) <= 10 && \at(y, Pre) <= 10 && \at(y, Pre) >= 0 && (y == \at(y, Pre)) * (x == \at(x, Pre)) <<< */
    
            /*@
          loop invariant  (\at(x, Pre) >= 0 && \at(x, Pre) <= 10 && \at(y, Pre) <= 10 && \at(y, Pre) >= 0) ==> (((y == \at(y, Pre))&&(x == \at(x, Pre))) || (PLACE_HOLDER_x)) ;
          loop invariant  (\at(x, Pre) >= 0 && \at(x, Pre) <= 10 && \at(y, Pre) <= 10 && \at(y, Pre) >= 0) ==> (((y == \at(y, Pre))&&(x == \at(x, Pre))) || (PLACE_HOLDER_y)) ;
            */
            while (unknown()) {
      
        x = x + 10;
        y = y + 10;
        
      
    }
            

    /*@ assert (y == 0) ==>  (x != 20); */
    
  }
### Analysis of the Loop

#### a. Purpose and Structure of the Loop
The purpose of the loop is to increment the values of `x` and `y` by 10 each iteration, as long as the condition `unknown()` evaluates to true. The intended outcome appears to be manipulating `x` and `y` until the condition fails. 

The loop structure consists of:
- A while loop that continues executing as long as `unknown()` returns true.
- Within the loop body, both `x` and `y` are incremented by 10.

The relevant variables are `x` and `y`.

#### b. Discussion of the Loop Invariant
A suitable loop invariant could be that both `x` and `y` remain within specified bounds while being incremented. A valid invariant could state that:
- `x` is always within the range of `[0, 10]` plus the number of iterations multiplied by 10.
- `y` is always within the range of `[0, 10]` plus the number of iterations multiplied by 10.

This invariant ensures that as `x` and `y` are incremented, we can maintain their integrity in relation to their initial values.

#### c. Establishment
Before the loop starts, the pre-condition guarantees that:
- `\at(x, Pre) >= 0` and `\at(x, Pre) <= 10`
- `\at(y, Pre) >= 0` and `\at(y, Pre) <= 10`

Thus, the invariant holds true initially because `x` and `y` are both initialized to values that satisfy these constraints.

#### d. Preservation
Assuming the invariant holds at the start of an iteration:
- If we perform `x = x + 10` and `y = y + 10`, we must ensure that the new values of `x` and `y` still satisfy the invariant:
- If the previous iteration established that `x` and `y` are within the required bounds, after the increment, they will still be within the bounds of `\at(x, Pre) + 10 * iterations` and `\at(y, Pre) + 10 * iterations`.
  
Thus, the invariant is preserved through each iteration.

#### e. Termination Analysis of the Loop
When the loop terminates, the condition `unknown()` is false. At this point, the values of `x` and `y` would be:
- `x = \at(x, Pre) + 10 * count` 
- `y = \at(y, Pre) + 10 * count` 
Where `count` is the number of iterations executed.

The invariant still holds because the loop's purpose of incrementing both variables is consistent with the established range.

#### f. Correctness of the Post-condition
The post-condition states:
```c
assert (y == 0) ==>  (x != 20);
```
If `y` equals 0 upon termination, it means that the increments of `y` have not exceeded its allowed range of `[0, 10]`. Thus, since `y` can only equal 0 if it was initialized to 0 (given the bounds and increments), `x` must not equal 20 because `x` would have been incremented beyond its initial value of 10 (as it can only start from 0 to 10). 

#### g. Implication of the Pre-condition
The pre-condition guarantees that:
- `x` is within `[0, 10]` and `y` is also within `[0, 10]` when entering the loop. 

This directly supports the establishment of the loop invariant since it ensures that both `x` and `y` start within the defined bounds, allowing the loop invariant to be true at the beginning of the loop.

### Updated C Program with Loop Invariants

```c
int unknown();
/*@ requires x >= 0 && x <= 10 && y <= 10 && y >= 0; */
void foo(int x, int y) {
  
    /* >>> LOOP INVARIANT TO FILL <<< 
       >>> PRECONDITION OF THE LOOP : \at(x, Pre) >= 0 && \at(x, Pre) <= 10 && \at(y, Pre) <= 10 && \at(y, Pre) >= 0 && (y == \at(y, Pre)) * (x == \at(x, Pre)) <<< */
    
            /*@
          loop invariant  (\at(x, Pre) >= 0 && \at(x, Pre) <= 10 && \at(y, Pre) <= 10 && \at(y, Pre) >= 0) ==> (x >= \at(x, Pre) && x <= 10 + 10 * n && y >= \at(y, Pre) && y <= 10 + 10 * n); 
          loop invariant  (\at(x, Pre) >= 0 && \at(x, Pre) <= 10 && \at(y, Pre) <= 10 && \at(y, Pre) >= 0) ==> (y == \at(y, Pre) + 10 * m && x == \at(x, Pre) + 10 * m); 
            */
            while (unknown()) {
      
        x = x + 10;
        y = y + 10;
        
      
    }
            

    /*@ assert (y == 0) ==>  (x != 20); */
    
}
``` 

In this code, `PLACE_HOLDER_x` and `PLACE_HOLDER_y` have been filled with logical expressions that express the constraints on `x` and `y` throughout the loop iterations.

int unknown();
/*@ requires x >= 0 && x <= 10 && y <= 10 && y >= 0; */
void foo(int x, int y) {
  
            /*@
          loop invariant  (\at(x, Pre) >= 0 && \at(x, Pre) <= 10 && \at(y, Pre) <= 10 && \at(y, Pre) >= 0) ==> (x >= \at(x, Pre) && x <= 10 + 10 * n && y >= \at(y, Pre) && y <= 10 + 10 * n); 
          loop invariant  (\at(x, Pre) >= 0 && \at(x, Pre) <= 10 && \at(y, Pre) <= 10 && \at(y, Pre) >= 0) ==> (y == \at(y, Pre) + 10 * m && x == \at(x, Pre) + 10 * m); 
            */
            while (unknown()) {
      
        x = x + 10;
        y = y + 10;
        
      
    }
            

    /*@ assert (y == 0) ==>  (x != 20); */
    
}


int unknown();
/*@ requires x >= 0 && x <= 10 && y <= 10 && y >= 0; */
void foo(int x, int y) {
  
            /*@
          loop invariant  (\at(x, Pre) >= 0 && \at(x, Pre) <= 10 && \at(y, Pre) <= 10 && \at(y, Pre) >= 0) ==> (x >= \at(x, Pre) && x <= 10 + 10 * n && y >= \at(y, Pre) && y <= 10 + 10 * n); 
          loop invariant  (\at(x, Pre) >= 0 && \at(x, Pre) <= 10 && \at(y, Pre) <= 10 && \at(y, Pre) >= 0) ==> (y == \at(y, Pre) + 10 * m && x == \at(x, Pre) + 10 * m); 
            */
            while (unknown()) {
      
        x = x + 10;
        y = y + 10;
        
      
    }
            

    /*@ assert (y == 0) ==>  (x != 20); */
    
}

syntax Error
[kernel] Parsing output/8.c (with preprocessing)
[kernel:annot-error] output/8.c:7: Warning: 
  unbound logic variable n. Ignoring loop annotation
[kernel] User Error: warning annot-error treated as fatal error.
[kernel] Frama-C aborted: invalid user input.

after repair

int unknown();
/*@ requires x >= 0 && x <= 10 && y <= 10 && y >= 0; */
void foo(int x, int y) {
  
            /*@
          loop invariant  (\at(x, Pre) >= 0 && \at(x, Pre) <= 10 && \at(y, Pre) <= 10 && \at(y, Pre) >= 0) ==> (x >= \at(x, Pre) && x <= 10 + 10 * (10 - (x - \at(x, Pre)) / 10) && y >= \at(y, Pre) && y <= 10 + 10 * (10 - (y - \at(y, Pre)) / 10)); 
          loop invariant  (\at(x, Pre) >= 0 && \at(x, Pre) <= 10 && \at(y, Pre) <= 10 && \at(y, Pre) >= 0) ==> (y == \at(y, Pre) + 10 * ((x - \at(x, Pre)) / 10) && x == \at(x, Pre) + 10 * ((x - \at(x, Pre)) / 10)); 
            */
            while (unknown()) {
      
        x = x + 10;
        y = y + 10;
        
      
    }
            

    /*@ assert (y == 0) ==>  (x != 20); */
    
}

syntax Correct
Validate:
[False, True]

Goal Preservation of Invariant (file output/8.c, line 7):
Let x_2 = -x.
Let x_3 = (x_1 - x) / 10.
Let x_4 = 10 * x_3.
Let x_5 = 10 + x_4.
Let x_6 = 10 + x_1.
Assume {
  Type: is_sint32(tmp_0) /\ is_sint32(x) /\ is_sint32(x_1) /\ is_sint32(y) /\
      is_sint32(x_6) /\ is_sint32(10 + y) /\ is_sint32(y - x_4).
  (* Goal *)
  When: (0 <= x) /\ (x_4 <= y) /\ (x <= 10) /\ (y <= x_5).
  (* Invariant *)
  Have: (x <= 110) /\ (y <= (110 + x_4)).
  (* Invariant *)
  Have: (x <= x_1) /\ (x <= (9 + x_1)) /\ ((x_1 + x_4) <= 110) /\
      ((y + x_4) <= 110).
  (* Invariant *)
  Have: (x + x_4) = x_1.
  (* Then *)
  Have: tmp_0 != 0.
}
Prove: (x <= x_6) /\ (x <= (19 + x_1)) /\
    ((x_1 + (10 * ((10 + x_1 - x) / 10))) <= 100) /\
    ((y + (10 * (x_5 / 10))) <= 100).
Prover Z3 4.8.12 returns Timeout (Qed:11ms) (3s)
Error found in file: output/8.c at line: 7
Error line content: loop invariant  (\at(x, Pre) >= 0 && \at(x, Pre) <= 10 && \at(y, Pre) <= 10 && \at(y, Pre) >= 0) ==> (x >= \at(x, Pre) && x <= 10 + 10 * (10 - (x - \at(x, Pre)) / 10) && y >= \at(y, Pre) && y <= 10 + 10 * (10 - (y - \at(y, Pre)) / 10));

Verify:
[True]


int unknown();
/*@ requires x >= 0 && x <= 10 && y <= 10 && y >= 0; */
void foo(int x, int y) {
  
            /*@
          loop invariant  (\at(x, Pre) >= 0 && \at(x, Pre) <= 10 && \at(y, Pre) <= 10 && \at(y, Pre) >= 0) ==> (x >= \at(x, Pre) && x <= 10 + 10 * (10 - (x - \at(x, Pre)) / 10) && y >= \at(y, Pre) && y <= 10 + 10 * (10 - (y - \at(y, Pre)) / 10)); 
          loop invariant  (\at(x, Pre) >= 0 && \at(x, Pre) <= 10 && \at(y, Pre) <= 10 && \at(y, Pre) >= 0) ==> (y == \at(y, Pre) + 10 * ((x - \at(x, Pre)) / 10) && x == \at(x, Pre) + 10 * ((x - \at(x, Pre)) / 10)); 
            */
            while (unknown()) {
      
        x = x + 10 [INVARIANT FAILED] ;
        y = y + 10;
        
      
    }
            

    /*@ assert (y == 0) ==>  (x != 20); */
    
}

1. **Error Analysis:**

   The error message indicates that the preservation of the loop invariant fails. Specifically, the invariant that is meant to preserve the relationships between `x` and `y` in the loop body does not hold after an iteration. The original invariant contains equality constraints such as `y == \at(y, Pre) + 10 * ((x - \at(x, Pre)) / 10)` and `x == \at(x, Pre) + 10 * ((x - \at(x, Pre)) / 10)`, which are problematic because they assume certain values of `x` and `y` that may not hold after the loop has executed. 

   To address this, we can weaken the invariant by replacing these equality constraints with range constraints. This will allow us to maintain valid conditions without relying on exact equality, which is more likely to fail in a dynamic context where `x` and `y` are continually updated in the loop.

2. **Fixed C Code:**

   ```c
   int unknown();
   /*@ requires x >= 0 && x <= 10 && y <= 10 && y >= 0; */
   void foo(int x, int y) {
  
               /*@
             loop invariant  (\at(x, Pre) >= 0 && \at(x, Pre) <= 10 && \at(y, Pre) <= 10 && \at(y, Pre) >= 0) ==> (x >= \at(x, Pre) && x <= 10 + 10 * (10 - (x - \at(x, Pre)) / 10) && y >= \at(y, Pre) && y <= 10 + 10 * (10 - (y - \at(y, Pre)) / 10)); 
             loop invariant  (\at(x, Pre) >= 0 && \at(x, Pre) <= 10 && \at(y, Pre) <= 10 && \at(y, Pre) >= 0) ==> (y >= \at(y, Pre) + 10 * ((x - \at(x, Pre)) / 10) && x >= \at(x, Pre) + 10 * ((x - \at(x, Pre)) / 10)); 
               */
               while (unknown()) {
      
           x = x + 10;
           y = y + 10;
        
      
       }
              

       /*@ assert (y == 0) ==>  (x != 20); */
       
   }
   ``` 

In the fixed code, the equality constraints in the second loop invariant have been replaced with range constraints for `x` and `y`, allowing for the correct preservation of the loop invariant through iterations without relying on specific values.
after weaken

   int unknown();
   /*@ requires x >= 0 && x <= 10 && y <= 10 && y >= 0; */
   void foo(int x, int y) {
  
               /*@
             loop invariant  (\at(x, Pre) >= 0 && \at(x, Pre) <= 10 && \at(y, Pre) <= 10 && \at(y, Pre) >= 0) ==> (x >= \at(x, Pre) && x <= 10 + 10 * (10 - (x - \at(x, Pre)) / 10) && y >= \at(y, Pre) && y <= 10 + 10 * (10 - (y - \at(y, Pre)) / 10)); 
             loop invariant  (\at(x, Pre) >= 0 && \at(x, Pre) <= 10 && \at(y, Pre) <= 10 && \at(y, Pre) >= 0) ==> (y >= \at(y, Pre) + 10 * ((x - \at(x, Pre)) / 10) && x >= \at(x, Pre) + 10 * ((x - \at(x, Pre)) / 10)); 
               */
               while (unknown()) {
      
           x = x + 10;
           y = y + 10;
        
      
       }
              

       /*@ assert (y == 0) ==>  (x != 20); */
       
   }
   
syntax Correct
Validate:
[False, True]

Goal Preservation of Invariant (file output/8.c, line 7):
Let x_2 = -x.
Let x_3 = 10 * ((x_1 - x) / 10).
Let x_4 = -y.
Let x_5 = 10 + x_1.
Let x_6 = 10 + y_1.
Assume {
  Type: is_sint32(tmp_0) /\ is_sint32(x) /\ is_sint32(x_1) /\ is_sint32(y) /\
      is_sint32(y_1) /\ is_sint32(x_5) /\ is_sint32(x_6).
  (* Goal *)
  When: (0 <= x) /\ (0 <= y) /\ (x <= 10) /\ (y <= 10).
  (* Invariant *)
  Have: (x <= 110) /\ (y <= 110).
  (* Invariant *)
  Have: (x <= x_1) /\ (y <= y_1) /\ ((x_1 + x_3) <= 110) /\
      ((y_1 + (10 * ((y_1 - y) / 10))) <= 110).
  (* Invariant *)
  Have: ((x + x_3) <= x_1) /\ ((y + x_3) <= y_1).
  (* Then *)
  Have: tmp_0 != 0.
}
Prove: (x <= x_5) /\ (y <= x_6) /\
    ((x_1 + (10 * ((10 + x_1 - x) / 10))) <= 100) /\
    ((y_1 + (10 * ((10 + y_1 - y) / 10))) <= 100).
Prover Z3 4.8.12 returns Timeout (Qed:9ms) (3s)
Error found in file: output/8.c at line: 7
Error line content: loop invariant  (\at(x, Pre) >= 0 && \at(x, Pre) <= 10 && \at(y, Pre) <= 10 && \at(y, Pre) >= 0) ==> (x >= \at(x, Pre) && x <= 10 + 10 * (10 - (x - \at(x, Pre)) / 10) && y >= \at(y, Pre) && y <= 10 + 10 * (10 - (y - \at(y, Pre)) / 10));

Verify:
[True]


   int unknown();
   /*@ requires x >= 0 && x <= 10 && y <= 10 && y >= 0; */
   void foo(int x, int y) {
  
               /*@
             loop invariant  (\at(x, Pre) >= 0 && \at(x, Pre) <= 10 && \at(y, Pre) <= 10 && \at(y, Pre) >= 0) ==> (x >= \at(x, Pre) && x <= 10 + 10 * (10 - (x - \at(x, Pre)) / 10) && y >= \at(y, Pre) && y <= 10 + 10 * (10 - (y - \at(y, Pre)) / 10)); 
             loop invariant  (\at(x, Pre) >= 0 && \at(x, Pre) <= 10 && \at(y, Pre) <= 10 && \at(y, Pre) >= 0) ==> (y >= \at(y, Pre) + 10 * ((x - \at(x, Pre)) / 10) && x >= \at(x, Pre) + 10 * ((x - \at(x, Pre)) / 10)); 
               */
               while (unknown()) {
      
           x = x + 10 [INVARIANT FAILED] ;
           y = y + 10;
        
      
       }
              

       /*@ assert (y == 0) ==>  (x != 20); */
       
   }
   
1. **Error Analysis:**

   The error reported indicates a failure in the preservation of the loop invariant. The original invariant uses equality constraints to express the relationship between `x` and `y` after the updates in the loop. However, since both `x` and `y` are incremented by 10 in each iteration, these equality constraints are not maintained as the loop progresses. The invariant needs to be weakened by replacing the equality constraints with range constraints. This approach acknowledges the increase in both `x` and `y` without requiring them to match specific values.

2. **Fixed C Code:**

   ```c
   int unknown();
   /*@ requires x >= 0 && x <= 10 && y <= 10 && y >= 0; */
   void foo(int x, int y) {
  
               /*@
             loop invariant  (\at(x, Pre) >= 0 && \at(x, Pre) <= 10 && \at(y, Pre) <= 10 && \at(y, Pre) >= 0) ==> (x >= \at(x, Pre) && x <= 10 + 10 * (10 - (x - \at(x, Pre)) / 10) && y >= \at(y, Pre) && y <= 10 + 10 * (10 - (y - \at(y, Pre)) / 10)); 
             loop invariant  (\at(x, Pre) >= 0 && \at(x, Pre) <= 10 && \at(y, Pre) <= 10 && \at(y, Pre) >= 0) ==> (y >= \at(y, Pre) + 10 * ((x - \at(x, Pre)) / 10) && x >= \at(x, Pre) + 10 * ((x - \at(x, Pre)) / 10)); 
               */
               while (unknown()) {
      
           x = x + 10; 
           y = y + 10;
        
      
       }

       /*@ assert (y == 0) ==>  (x != 20); */
       
   }
   ``` 

In this fixed code, the loop invariant has been retained for the first invariant, while the second invariant now reflects the change from equality to a range condition that accommodates the increments of `x` and `y`.
after weaken

   int unknown();
   /*@ requires x >= 0 && x <= 10 && y <= 10 && y >= 0; */
   void foo(int x, int y) {
  
               /*@
             loop invariant  (\at(x, Pre) >= 0 && \at(x, Pre) <= 10 && \at(y, Pre) <= 10 && \at(y, Pre) >= 0) ==> (x >= \at(x, Pre) && x <= 10 + 10 * (10 - (x - \at(x, Pre)) / 10) && y >= \at(y, Pre) && y <= 10 + 10 * (10 - (y - \at(y, Pre)) / 10)); 
             loop invariant  (\at(x, Pre) >= 0 && \at(x, Pre) <= 10 && \at(y, Pre) <= 10 && \at(y, Pre) >= 0) ==> (y >= \at(y, Pre) + 10 * ((x - \at(x, Pre)) / 10) && x >= \at(x, Pre) + 10 * ((x - \at(x, Pre)) / 10)); 
               */
               while (unknown()) {
      
           x = x + 10; 
           y = y + 10;
        
      
       }

       /*@ assert (y == 0) ==>  (x != 20); */
       
   }
   
syntax Correct
Validate:
[False, True]

Goal Preservation of Invariant (file output/8.c, line 7):
Let x_2 = -x.
Let x_3 = 10 * ((x_1 - x) / 10).
Let x_4 = -y.
Let x_5 = 10 + x_1.
Let x_6 = 10 + y_1.
Assume {
  Type: is_sint32(tmp_0) /\ is_sint32(x) /\ is_sint32(x_1) /\ is_sint32(y) /\
      is_sint32(y_1) /\ is_sint32(x_5) /\ is_sint32(x_6).
  (* Goal *)
  When: (0 <= x) /\ (0 <= y) /\ (x <= 10) /\ (y <= 10).
  (* Invariant *)
  Have: (x <= 110) /\ (y <= 110).
  (* Invariant *)
  Have: (x <= x_1) /\ (y <= y_1) /\ ((x_1 + x_3) <= 110) /\
      ((y_1 + (10 * ((y_1 - y) / 10))) <= 110).
  (* Invariant *)
  Have: ((x + x_3) <= x_1) /\ ((y + x_3) <= y_1).
  (* Then *)
  Have: tmp_0 != 0.
}
Prove: (x <= x_5) /\ (y <= x_6) /\
    ((x_1 + (10 * ((10 + x_1 - x) / 10))) <= 100) /\
    ((y_1 + (10 * ((10 + y_1 - y) / 10))) <= 100).
Prover Z3 4.8.12 returns Timeout (Qed:9ms) (3s)
Error found in file: output/8.c at line: 7
Error line content: loop invariant  (\at(x, Pre) >= 0 && \at(x, Pre) <= 10 && \at(y, Pre) <= 10 && \at(y, Pre) >= 0) ==> (x >= \at(x, Pre) && x <= 10 + 10 * (10 - (x - \at(x, Pre)) / 10) && y >= \at(y, Pre) && y <= 10 + 10 * (10 - (y - \at(y, Pre)) / 10));

Verify:
[True]

after hudini

   int unknown();
   /*@ requires x >= 0 && x <= 10 && y <= 10 && y >= 0; */
   void foo(int x, int y) {
  
               /*@             loop invariant  (\at(x, Pre) >= 0 && \at(x, Pre) <= 10 && \at(y, Pre) <= 10 && \at(y, Pre) >= 0) ==> (y >= \at(y, Pre) + 10 * ((x - \at(x, Pre)) / 10) && x >= \at(x, Pre) + 10 * ((x - \at(x, Pre)) / 10)); 
               */
               while (unknown()) {
      
           x = x + 10; 
           y = y + 10;
        
      
       }

       /*@ assert (y == 0) ==>  (x != 20); */
       
   }
   
syntax Correct
Validate:
[True]

Verify:
[True]

syntax Correct
Validate:
[True]

Verify:
[True]

syntax Correct
Validate:
[True]

Verify:
[True]

: 8.c -> finish
-----------------------------------------

 8.c . : 445.3550217151642
-----------------------------------------
finshed_files:['29.c', '87.c', '9.c', '107.c', '65.c', '59.c', '46.c', '60.c', '78.c', '11.c', '132.c', '70.c', '121.c', '94.c', '109.c', '61.c', '120.c', '42.c', '33.c', '17.c', '105.c', '101.c', '38.c', '40.c', '88.c', '4.c', '114.c', '8.c']
