file:83.c
Successfully generated loop/83.json
INNER_FLAG: False
Variable Maps: [{'x': '-5000', 'y': 'y@pre'}]
Path conditions: [None]
Pre condition: (x == -5000) * (y == y@pre)
Loop Condition: x < 0
Updated Loop Conditions: ['-5000 < 0']
Global Unchanged Variables []
Non Inductive Variables []
[{'x': '-5000', 'y': 'y@pre'}]
[None]

            
    /* >>> LOOP INVARIANT TO FILL <<< 
       >>> PRECONDITION OF THE LOOP : (x == -5000) * (y == \at(y, Pre)) <<< */
    
            /*@
            */
            while (x < 0) {
      
      x  = x + y;
      y  = y + 1;
      
  
    }
            

            
    /* >>> LOOP INVARIANT TO FILL <<< 
       >>> PRECONDITION OF THE LOOP : (x == -5000) * (y == \at(y, Pre)) <<< */
    
            /*@
          loop invariant  ((x == -5000)&&(y == \at(y, Pre))) || (PLACE_HOLDER_y) ;
          loop invariant  ((x == -5000)&&(y == \at(y, Pre))) || (PLACE_HOLDER_x) ;
            */
            while (x < 0) {
      
      x  = x + y;
      y  = y + 1;
      
  
    }
            
void foo(int y) {

    int x = -5000;
  
    
    
            
    /* >>> LOOP INVARIANT TO FILL <<< 
       >>> PRECONDITION OF THE LOOP : (x == -5000) * (y == \at(y, Pre)) <<< */
    
            /*@
          loop invariant  ((x == -5000)&&(y == \at(y, Pre))) || (PLACE_HOLDER_y) ;
          loop invariant  ((x == -5000)&&(y == \at(y, Pre))) || (PLACE_HOLDER_x) ;
            */
            while (x < 0) {
      
      x  = x + y;
      y  = y + 1;
      
  
    }
            
    /*@ assert y > 0; */
  
  }
### Analysis of the C Loop Program

#### a. Purpose and Structure of the Loop:
**Objective of the Loop:**
The loop aims to update the variable `x` by adding `y` to it in each iteration until `x` is no longer less than 0. Each iteration also increments `y` by 1. The intended outcome is to exit the loop when `x` becomes non-negative, thus ensuring that the final value of `y` is greater than 0, as indicated by the post-condition.

**Structure of the Loop:**
- **Loop Condition:** The loop continues executing as long as `x < 0`.
- **Operations Performed:** Within the loop body, `x` is updated with the sum of its current value and `y`, while `y` is incremented by 1.
- **Relevant Variables:** The key variables involved in the loop's behavior are `x` and `y`.

#### b. Discussion of the Loop Invariant:
**Proposed Loop Invariant:**
- `((x == -5000) && (y == \at(y, Pre))) || (y >= \at(y, Pre))`
- `((x == -5000) && (y == \at(y, Pre))) || (x == -5000 + k * \at(y, Pre) + (k * (k - 1)) / 2)` for some integer `k` such that `k >= 0`.

**Validity of the Invariant:**
This invariant captures that `x` starts from -5000 and that `y` is incremented in each iteration. The expression ensures that either the initial conditions are met, or that `y` has increased adequately as `x` accumulates the changes from `y`.

#### c. Establishment:
**Establishment Condition:**
Before the loop starts, `x` is initialized to -5000, and `y` is at its initial value passed in as `\at(y, Pre)`. Therefore, the invariant holds true since `x == -5000` and `y == \at(y, Pre)` is satisfied.

#### d. Preservation:
**Preservation Condition:**
If the invariant holds at the start of an iteration and the condition `x < 0` is true, after executing the loop body:
- `x` becomes `x + y`, and `y` increments by 1. 
- The invariant still holds as `y` will have increased, maintaining the condition captured in the invariant. Hence, the invariant remains true at the end of the iteration.

#### e. Termination Analysis of the Loop:
**Termination Condition:**
When the loop terminates, `x` is no longer less than 0. Hence, we can express this as `x >= 0`. At this point, `y` will have been incremented several times, leading to the conclusion that `y > 0` since it started from `\at(y, Pre)` and was incremented at least once (given `x` started from -5000 and was incremented enough times to cross 0).

**Invariant Holding at Termination:**
Even at termination, the invariant conditions express that the values of `x` and `y` maintain consistency with the loop's operational constraints.

#### f. Correctness of the Post-condition:
**Post-condition Validity:**
The post-condition asserts that `y > 0`. Given that the loop increments `y` starting from its initial value, and that `x` was initially negative (thus ensuring at least one iteration occurs), it guarantees that `y` must be greater than 0 once the loop exits.

#### g. Implication of the Pre-condition:
**Pre-condition Implication:**
The pre-condition `(x == -5000) * (y == \at(y, Pre))` directly ensures that the invariant is established before the loop begins, as it satisfies the initial conditions required for the invariant to hold.

### Complete C Loop Program with Invariant Annotations:

```c
void foo(int y) {

    int x = -5000;

    /*@
      loop invariant  ((x == -5000)&&(y == \at(y, Pre))) || (y >= \at(y, Pre)) ;
      loop invariant  ((x == -5000)&&(y == \at(y, Pre))) || (x == -5000 + k * \at(y, Pre) + (k * (k - 1)) / 2) ; // for some integer k >= 0
    */
    while (x < 0) {

      x  = x + y;
      y  = y + 1;

    }

    /*@ assert y > 0; */
}
``` 

This analysis and annotated code should help with the verification of the loop's behavior using Frama-C by establishing and maintaining the necessary invariants.

void foo(int y) {

    int x = -5000;

    /*@
      loop invariant  ((x == -5000)&&(y == \at(y, Pre))) || (y >= \at(y, Pre)) ;
      loop invariant  ((x == -5000)&&(y == \at(y, Pre))) || (x == -5000 + k * \at(y, Pre) + (k * (k - 1)) / 2) ; // for some integer k >= 0
    */
    while (x < 0) {

      x  = x + y;
      y  = y + 1;

    }

    /*@ assert y > 0; */
}


void foo(int y) {

    int x = -5000;

    /*@
      loop invariant  ((x == -5000)&&(y == \at(y, Pre))) || (y >= \at(y, Pre)) ;
      loop invariant  ((x == -5000)&&(y == \at(y, Pre))) || (x == -5000 + k * \at(y, Pre) + (k * (k - 1)) / 2) ; // for some integer k >= 0
    */
    while (x < 0) {

      x  = x + y;
      y  = y + 1;

    }

    /*@ assert y > 0; */
}

syntax Error
[kernel] Parsing output/83.c (with preprocessing)
[kernel:annot-error] output/83.c:8: Warning: 
  unbound logic variable k. Ignoring loop annotation
[kernel] User Error: warning annot-error treated as fatal error.
[kernel] Frama-C aborted: invalid user input.

after repair

void foo(int y) {

    int x = -5000;

    /*@
      loop invariant  ((x == -5000)&&(y == \at(y, Pre))) || (y >= \at(y, Pre)) ;
      loop invariant  ((x == -5000)&&(y == \at(y, Pre))) || (x == -5000 + \exists integer k; (k >= 0) && (k * \at(y, Pre) + (k * (k - 1)) / 2)) ; // for some integer k >= 0
    */
    while (x < 0) {

      x  = x + y;
      y  = y + 1;

    }

    /*@ assert y > 0; */
}

syntax Error
[kernel] Parsing output/83.c (with preprocessing)
[kernel:annot-error] output/83.c:8: Warning: unexpected token '\exists'
[kernel] User Error: warning annot-error treated as fatal error.
[kernel] Frama-C aborted: invalid user input.

after repair

   void foo(int y) {

       int x = -5000;

       /*@
         loop invariant  ((x == -5000)&&(y == \at(y, Pre))) || (y >= \at(y, Pre)) ;
         loop invariant  ((x == -5000)&&(y == \at(y, Pre))) || (x == -5000 + k * \at(y, Pre) + (k * (k - 1)) / 2) ; // for some integer k such that k >= 0
       */
       while (x < 0) {

         x  = x + y;
         y  = y + 1;

       }

       /*@ assert y > 0; */
   }
   
syntax Error
[kernel] Parsing output/83.c (with preprocessing)
[kernel:annot-error] output/83.c:8: Warning: 
  unbound logic variable k. Ignoring loop annotation
[kernel] User Error: warning annot-error treated as fatal error.
[kernel] Frama-C aborted: invalid user input.

after repair

   void foo(int y) {

       int x = -5000;

       /*@
         loop invariant  ((x == -5000)&&(y == \at(y, Pre))) || (y >= \at(y, Pre)) ;
         loop invariant  ((x == -5000)&&(y == \at(y, Pre))) || (x == -5000 + \exists integer k; (k >= 0) && (k * \at(y, Pre) + (k * (k - 1)) / 2)) ; // for some integer k such that k >= 0
       */
       while (x < 0) {

         x  = x + y;
         y  = y + 1;

       }

       /*@ assert y > 0; */
   }
    
syntax Error
[kernel] Parsing output/83.c (with preprocessing)
[kernel:annot-error] output/83.c:8: Warning: unexpected token '\exists'
[kernel] User Error: warning annot-error treated as fatal error.
[kernel] Frama-C aborted: invalid user input.

syntax Error
[kernel] Parsing output/83.c (with preprocessing)
[kernel:annot-error] output/83.c:8: Warning: unexpected token '\exists'
[kernel] User Error: warning annot-error treated as fatal error.
[kernel] Frama-C aborted: invalid user input.

syntax Error
[kernel] Parsing output/83.c (with preprocessing)
[kernel:annot-error] output/83.c:8: Warning: unexpected token '\exists'
[kernel] User Error: warning annot-error treated as fatal error.
[kernel] Frama-C aborted: invalid user input.

[(91, 165, 0)]
[(91, 165, 0)]
[(91, 165, 0)]
[(91, 165, 0)]
Loop 0 : Outer
Sorted indices: [0]
File found: ../sac_c_parser/test/../ip_postcond/goal/83_goal.v. Deleting the file.
File found: ../sac_c_parser/test/../ip_postcond/goal/83_proof_auto.v. Deleting the file.
File found: ../sac_c_parser/test/../ip_postcond/goal/83_proof_manual.v. Deleting the file.
LoopEntry_0:
(x == -5000) * (y == y@pre)

Successfully generated loop/83.json
INNER_FLAG: False
Variable Maps: [{'x': '-5000', 'y': 'y@pre'}]
Path conditions: [None]
Pre condition: (x == -5000) * (y == y@pre)
Loop Condition: x < 0
Updated Loop Conditions: ['-5000 < 0']
Global Unchanged Variables []
Non Inductive Variables []
[{'x': '-5000', 'y': 'y@pre'}]
[None]

            
    /* >>> LOOP INVARIANT TO FILL <<< 
       >>> PRECONDITION OF THE LOOP : (x == -5000) * (y == \at(y, Pre)) <<< */
    
            /*@
            */
            while (x < 0) {
      
      x  = x + y;
      y  = y + 1;
      
  
    }
            

            
    /* >>> LOOP INVARIANT TO FILL <<< 
       >>> PRECONDITION OF THE LOOP : (x == -5000) * (y == \at(y, Pre)) <<< */
    
            /*@
          loop invariant  ((x == -5000)&&(y == \at(y, Pre))) || (PLACE_HOLDER_y) ;
          loop invariant  ((x == -5000)&&(y == \at(y, Pre))) || (PLACE_HOLDER_x) ;
            */
            while (x < 0) {
      
      x  = x + y;
      y  = y + 1;
      
  
    }
            
void foo(int y) {

    int x = -5000;
  
    
    
            
    /* >>> LOOP INVARIANT TO FILL <<< 
       >>> PRECONDITION OF THE LOOP : (x == -5000) * (y == \at(y, Pre)) <<< */
    
            /*@
          loop invariant  ((x == -5000)&&(y == \at(y, Pre))) || (PLACE_HOLDER_y) ;
          loop invariant  ((x == -5000)&&(y == \at(y, Pre))) || (PLACE_HOLDER_x) ;
            */
            while (x < 0) {
      
      x  = x + y;
      y  = y + 1;
      
  
    }
            
    /*@ assert y > 0; */
  
  }
Let's analyze the provided C loop program, identify the necessary loop invariants, and fill in the required annotations.

### a. Purpose and Structure of the Loop:
The purpose of the loop is to repeatedly modify the variables `x` and `y` until `x` is no longer less than `0`. The loop starts with `x` initialized to `-5000` and continues to add the current value of `y` to `x` and increment `y` by `1` until `x` becomes non-negative.

The structure of the loop is governed by the condition `x < 0`. The operations performed in the loop body are:
- `x = x + y;` which updates `x` by adding the value of `y`.
- `y = y + 1;` which increments `y` by `1`.

The relevant variables are:
- `x`: starts at `-5000` and is modified within the loop.
- `y`: is passed as a parameter and is modified within the loop.

### b. Discussion of the Loop Invariant:
A proposed loop invariant could be:
- \( (x == -5000) \land (y == \at(y, Pre)) \) is maintained throughout the loop, and the following expressions will help ensure correctness:
  - **For `y`**: `y >= \at(y, Pre) && y > 0`
  - **For `x`**: `x >= -5000 && x < 0`

This invariant indicates that `x` starts at `-5000` and remains less than `0`, while `y` starts from its initial value and increases.

### c. Establishment:
Before the loop starts, we have:
- \( x = -5000 \)
- \( y = \at(y, Pre) \)

Thus, the invariant \( (x == -5000) \land (y == \at(y, Pre)) \) is established before the loop begins.

### d. Preservation:
At the start of each iteration, assuming the invariant holds:
- After executing `x = x + y;`, `x` is modified to \( x + y \).
- After executing `y = y + 1;`, `y` becomes \( y + 1 \).

We need to show that the invariant remains true:
- For the preservation of `y`: Since `y` was initially \( \at(y, Pre) \) and is incremented by `1`, it will always be greater than its initial value, hence \( y > \at(y, Pre) \) holds true.
- For `x`: Since \( x < 0 \) in all iterations, and as long as \( y \) is positive and increases, \( x \) will eventually reach \( 0 \), maintaining \( x \geq -5000 \).

### e. Termination Analysis of the Loop:
When the loop terminates, \( x \) is no longer less than `0`. At termination:
- \( x \geq 0 \)
- Since `y` has been incremented, and \( y > 0 \) definitely holds as it starts from a positive value and continues to increment.

Thus, the invariant still holds under these terminating conditions.

### f. Correctness of the Post-condition:
Once the loop has finished executing, we assert \( y > 0 \) which is guaranteed because \( y \) was initially greater than or equal to its pre-condition value and incremented during each iteration. The loop invariant ensures that \( y \) has been incremented sufficiently to ensure \( y > 0 \), thus validating the post-condition.

### g. Implication of the Pre-condition:
The pre-condition \( (x == -5000) \land (y == \at(y, Pre)) \) guarantees that before entering the loop, `x` is initialized at `-5000`, and `y` takes its initial value from the function parameter. This directly establishes the loop invariant before the loop begins.

### Final C Loop Program with Invariant Annotations:

```c
void foo(int y) {

    int x = -5000;
  
    
    
            
    /* >>> LOOP INVARIANT TO FILL <<< 
       >>> PRECONDITION OF THE LOOP : (x == -5000) * (y == \at(y, Pre)) <<< */
    
            /*@
          loop invariant  ((x == -5000)&&(y == \at(y, Pre))) || (y >= \at(y, Pre) && y > 0) ;
          loop invariant  ((x == -5000)&&(y == \at(y, Pre))) || (x >= -5000 && x < 0) ;
            */
            while (x < 0) {
      
      x  = x + y;
      y  = y + 1;
      
  
    }
            
    /*@ assert y > 0; */
  
  }
```

void foo(int y) {

    int x = -5000;
  
    
    
            
            /*@
          loop invariant  ((x == -5000)&&(y == \at(y, Pre))) || (y >= \at(y, Pre) && y > 0) ;
          loop invariant  ((x == -5000)&&(y == \at(y, Pre))) || (x >= -5000 && x < 0) ;
            */
            while (x < 0) {
      
      x  = x + y;
      y  = y + 1;
      
  
    }
            
    /*@ assert y > 0; */
  
  }


void foo(int y) {

    int x = -5000;
  
    
    
            
            /*@
          loop invariant  ((x == -5000)&&(y == \at(y, Pre))) || (y >= \at(y, Pre) && y > 0) ;
          loop invariant  ((x == -5000)&&(y == \at(y, Pre))) || (x >= -5000 && x < 0) ;
            */
            while (x < 0) {
      
      x  = x + y;
      y  = y + 1;
      
  
    }
            
    /*@ assert y > 0; */
  
  }

syntax Correct
Validate:
[False, False]

Goal Preservation of Invariant (file output/83.c, line 10):
Let x_1 = 1 + y.
Let x_2 = x + y.
Assume {
  Type: is_sint32(x) /\ is_sint32(y_1) /\ is_sint32(y) /\ is_sint32(x_1) /\
      is_sint32(x_2).
  (* Invariant *)
  Have: ((x = (-5000)) /\ (y = y_1)) \/ ((0 < y) /\ (y_1 <= y)).
  (* Invariant *)
  Have: ((-5000) <= x) \/ ((x = (-5000)) /\ (y = y_1)).
  (* Then *)
  Have: x < 0.
}
Prove: ((x_1 = y_1) /\ (x_2 = (-5000))) \/ ((0 <= y) /\ (y_1 <= x_1)).
Prover Z3 4.8.12 returns Timeout (Qed:5ms) (3s)
Error found in file: output/83.c at line: 10
Error line content: loop invariant  ((x == -5000)&&(y == \at(y, Pre))) || (y >= \at(y, Pre) && y > 0) ;

Goal Preservation of Invariant (file output/83.c, line 11):
Let x_1 = 1 + y.
Let x_2 = x + y.
Assume {
  Type: is_sint32(x) /\ is_sint32(y_1) /\ is_sint32(y) /\ is_sint32(x_1) /\
      is_sint32(x_2).
  (* Invariant *)
  Have: ((x = (-5000)) /\ (y = y_1)) \/ ((0 < y) /\ (y_1 <= y)).
  (* Invariant *)
  Have: ((-5000) <= x) \/ ((x = (-5000)) /\ (y = y_1)).
  (* Then *)
  Have: x < 0.
  (* Invariant *)
  Have: ((x_1 = y_1) /\ (x_2 = (-5000))) \/ ((0 <= y) /\ (y_1 <= x_1)).
}
Prove: ((x_1 = y_1) /\ (x_2 = (-5000))) \/ ((x_2 < 0) /\ ((-5000) <= x_2)).
Prover Z3 4.8.12 returns Timeout (Qed:5ms) (3s)
Error found in file: output/83.c at line: 11
Error line content: loop invariant  ((x == -5000)&&(y == \at(y, Pre))) || (x >= -5000 && x < 0) ;

Verify:
[True]


void foo(int y) {

    int x = -5000;
  
    
    
            
            /*@
          loop invariant  ((x == -5000)&&(y == \at(y, Pre))) || (y >= \at(y, Pre) && y > 0)  [INVARIANT FAILED] ;
          loop invariant  ((x == -5000)&&(y == \at(y, Pre))) || (x >= -5000 && x < 0)  [INVARIANT FAILED] ;
            */
            while (x < 0) {
      
      x  = x + y;
      y  = y + 1;
      
  
    }
            
    /*@ assert y > 0; */
  
  }

1. **Error Analysis:**

   The provided loop invariants have been found to be incorrect in terms of their establishment and preservation:

   - The first loop invariant, `((x == -5000)&&(y == \at(y, Pre))) || (y >= \at(y, Pre) && y > 0)`, fails to establish preservation because, during the loop execution, `y` is being incremented by 1 each iteration. Thus, the condition `y >= \at(y, Pre)` might not hold true in subsequent iterations if `y` is incremented enough to exceed the precondition's value.

   - The second loop invariant, `((x == -5000)&&(y == \at(y, Pre))) || (x >= -5000 && x < 0)`, fails as well because, while `x` does start at -5000 and is incremented by `y`, the invariant's preservation condition is not satisfied after the first iteration due to the change in `x` and the relationship with `y`. Specifically, `x` can become non-negative if `y` is large enough, which violates the invariant condition.

   To fix these issues, I will modify the invariants to use range constraints that are easier to satisfy given the operations performed in the loop.

2. **Fixed C Code:**

   ```c
   void foo(int y) {

       int x = -5000;
  
       /*@
         loop invariant  (x == -5000) || (y >= \at(y, Pre) && y > 0) ;
         loop invariant  (x >= -5000 && x < 0) || (y > 0) ;
       */
       while (x < 0) {
           x  = x + y;
           y  = y + 1;
       }
       
       /*@ assert y > 0; */
   }
   ```
after weaken

   void foo(int y) {

       int x = -5000;
  
       /*@
         loop invariant  (x == -5000) || (y >= \at(y, Pre) && y > 0) ;
         loop invariant  (x >= -5000 && x < 0) || (y > 0) ;
       */
       while (x < 0) {
           x  = x + y;
           y  = y + 1;
       }
       
       /*@ assert y > 0; */
   }
   
syntax Correct
Validate:
[False, True]

Goal Preservation of Invariant (file output/83.c, line 7):
Let x_1 = 1 + y.
Let x_2 = x + y.
Assume {
  Type: is_sint32(x) /\ is_sint32(y_1) /\ is_sint32(y) /\ is_sint32(x_1) /\
      is_sint32(x_2).
  (* Invariant *)
  Have: (x = (-5000)) \/ ((0 < y) /\ (y_1 <= y)).
  (* Invariant *)
  Have: (0 < y) \/ ((-5000) <= x).
  (* Then *)
  Have: x < 0.
}
Prove: (x_2 = (-5000)) \/ ((0 <= y) /\ (y_1 <= x_1)).
Prover Z3 4.8.12 returns Timeout (Qed:4ms) (3s)
Error found in file: output/83.c at line: 7
Error line content: loop invariant  (x == -5000) || (y >= \at(y, Pre) && y > 0) ;

Verify:
[True]


   void foo(int y) {

       int x = -5000;
  
       /*@
         loop invariant  (x == -5000) || (y >= \at(y, Pre) && y > 0)  [INVARIANT FAILED] ;
         loop invariant  (x >= -5000 && x < 0) || (y > 0) ;
       */
       while (x < 0) {
           x  = x + y;
           y  = y + 1;
       }
       
       /*@ assert y > 0; */
   }
   
1. Error Analysis:

The provided loop invariant contains an equality constraint `(x == -5000)` which is causing the establishment and preservation goals to fail. The reason for this is that `x` is modified in the loop body, and it will no longer equal `-5000` after the first iteration. Therefore, maintaining this equality constraint is incorrect as `x` becomes `-5000 + y` in subsequent iterations. 

To address this, we can replace the equality constraint with a range constraint that captures the valid values for `x` throughout the loop execution. Since `x` starts at `-5000` and is increased by `y` during the loop, we can state that `x` is always less than `0` while the loop is executing, which also covers the preservation requirement.

2. Fixed C Code:

```c
void foo(int y) {

    int x = -5000;
  
    /*@
      loop invariant  (x < 0) || (y >= \at(y, Pre) && y > 0) ; 
      loop invariant  (x >= -5000 && x < 0) || (y > 0) ;
    */
    while (x < 0) {
        x  = x + y;
        y  = y + 1;
    }
    
    /*@ assert y > 0; */
}
```
after weaken

void foo(int y) {

    int x = -5000;
  
    /*@
      loop invariant  (x < 0) || (y >= \at(y, Pre) && y > 0) ; 
      loop invariant  (x >= -5000 && x < 0) || (y > 0) ;
    */
    while (x < 0) {
        x  = x + y;
        y  = y + 1;
    }
    
    /*@ assert y > 0; */
}

syntax Correct
Validate:
[False, False]

Goal Preservation of Invariant (file output/83.c, line 7):
Let x_1 = 1 + y.
Let x_2 = x + y.
Assume {
  Type: is_sint32(x) /\ is_sint32(y_1) /\ is_sint32(y) /\ is_sint32(x_1) /\
      is_sint32(x_2).
  (* Invariant *)
  Have: (0 < y) \/ ((-5000) <= x).
  (* Then *)
  Have: x < 0.
}
Prove: (x_2 < 0) \/ ((0 <= y) /\ (y_1 <= x_1)).
Prover Z3 4.8.12 returns Timeout (Qed:4ms) (3s)
Error found in file: output/83.c at line: 7
Error line content: loop invariant  (x < 0) || (y >= \at(y, Pre) && y > 0) ;

Goal Preservation of Invariant (file output/83.c, line 8):
Let x_1 = x + y.
Let x_2 = 1 + y.
Assume {
  Type: is_sint32(x) /\ is_sint32(y_1) /\ is_sint32(y) /\ is_sint32(x_2) /\
      is_sint32(x_1).
  (* Invariant *)
  Have: (0 < y) \/ ((-5000) <= x).
  (* Then *)
  Have: x < 0.
  (* Invariant *)
  Have: (x_1 < 0) \/ ((0 <= y) /\ (y_1 <= x_2)).
}
Prove: (0 <= y) \/ ((x_1 < 0) /\ ((-5000) <= x_1)).
Prover Z3 4.8.12 returns Timeout (Qed:4ms) (3s)
Error found in file: output/83.c at line: 8
Error line content: loop invariant  (x >= -5000 && x < 0) || (y > 0) ;

Verify:
[True]


void foo(int y) {

    int x = -5000;
  
    /*@
      loop invariant  (x < 0) || (y >= \at(y, Pre) && y > 0) ; 
      loop invariant  (x >= -5000 && x < 0) || (y > 0)  [INVARIANT FAILED] ;
    */
    while (x < 0) {
        x  = x + y;
        y  = y + 1;
    }
    
    /*@ assert y > 0; */
}

1. **Error Analysis:**

   The provided loop invariants are failing during the preservation checks. Specifically, the first invariant `(x < 0) || (y >= \at(y, Pre) && y > 0)` is not preserved correctly throughout the loop iterations. The second invariant `(x >= -5000 && x < 0) || (y > 0)` also fails preservation due to the fact that `x` will change and can reach values that do not satisfy the invariant after the loop execution depending on the updates. 

   Based on the feedback from Frama-C, the equality constraints are leading to issues because they do not hold true in all iterations of the loop (specifically when `y` is increased). To address this, I will replace the equality constraints with range constraints that are more flexible and can accommodate the changing values of `x` and `y`. 

2. **Fixed C Code:**

```c
void foo(int y) {

    int x = -5000;
  
    /*@
      loop invariant  (x < 0) || (y > 0) ; 
      loop invariant  (x >= -5000 && x < 0) || (y >= \at(y, Pre)) ; 
    */
    while (x < 0) {
        x  = x + y;
        y  = y + 1;
    }
    
    /*@ assert y > 0; */
}
```
after weaken

void foo(int y) {

    int x = -5000;
  
    /*@
      loop invariant  (x < 0) || (y > 0) ; 
      loop invariant  (x >= -5000 && x < 0) || (y >= \at(y, Pre)) ; 
    */
    while (x < 0) {
        x  = x + y;
        y  = y + 1;
    }
    
    /*@ assert y > 0; */
}

syntax Correct
Validate:
[True, False]

Goal Preservation of Invariant (file output/83.c, line 8):
Let x_1 = x + y_1.
Let x_2 = 1 + y_1.
Assume {
  Type: is_sint32(x) /\ is_sint32(y) /\ is_sint32(y_1) /\ is_sint32(x_2) /\
      is_sint32(x_1).
  (* Invariant *)
  Have: (y <= y_1) \/ ((-5000) <= x).
  (* Then *)
  Have: x < 0.
  (* Invariant *)
  Have: (0 <= y_1) \/ (x_1 < 0).
}
Prove: (y <= x_2) \/ ((x_1 < 0) /\ ((-5000) <= x_1)).
Prover Z3 4.8.12 returns Timeout (Qed:4ms) (3s)
Error found in file: output/83.c at line: 8
Error line content: loop invariant  (x >= -5000 && x < 0) || (y >= \at(y, Pre)) ;

Verify:
[True]

after hudini

void foo(int y) {

    int x = -5000;
  
    /*@
      loop invariant  (x < 0) || (y > 0) ; 
      loop invariant  (x >= -5000 && x < 0) || (y >= \at(y, Pre)) ; 
    */
    while (x < 0) {
        x  = x + y;
        y  = y + 1;
    }
    
    /*@ assert y > 0; */
}

syntax Correct
Validate:
[True, False]

Goal Preservation of Invariant (file output/83.c, line 8):
Let x_1 = x + y_1.
Let x_2 = 1 + y_1.
Assume {
  Type: is_sint32(x) /\ is_sint32(y) /\ is_sint32(y_1) /\ is_sint32(x_2) /\
      is_sint32(x_1).
  (* Invariant *)
  Have: (y <= y_1) \/ ((-5000) <= x).
  (* Then *)
  Have: x < 0.
  (* Invariant *)
  Have: (0 <= y_1) \/ (x_1 < 0).
}
Prove: (y <= x_2) \/ ((x_1 < 0) /\ ((-5000) <= x_1)).
Prover Z3 4.8.12 returns Timeout (Qed:4ms) (3s)
Error found in file: output/83.c at line: 8
Error line content: loop invariant  (x >= -5000 && x < 0) || (y >= \at(y, Pre)) ;

Verify:
[True]

after hudini

void foo(int y) {

    int x = -5000;
  
    /*@
      loop invariant  (x < 0) || (y > 0) ; 
      loop invariant  (x >= -5000 && x < 0) || (y >= \at(y, Pre)) ; 
    */
    while (x < 0) {
        x  = x + y;
        y  = y + 1;
    }
    
    /*@ assert y > 0; */
}

syntax Correct
Validate:
[True, False]

Goal Preservation of Invariant (file output/83.c, line 8):
Let x_1 = x + y_1.
Let x_2 = 1 + y_1.
Assume {
  Type: is_sint32(x) /\ is_sint32(y) /\ is_sint32(y_1) /\ is_sint32(x_2) /\
      is_sint32(x_1).
  (* Invariant *)
  Have: (y <= y_1) \/ ((-5000) <= x).
  (* Then *)
  Have: x < 0.
  (* Invariant *)
  Have: (0 <= y_1) \/ (x_1 < 0).
}
Prove: (y <= x_2) \/ ((x_1 < 0) /\ ((-5000) <= x_1)).
Prover Z3 4.8.12 returns Timeout (Qed:4ms) (3s)
Error found in file: output/83.c at line: 8
Error line content: loop invariant  (x >= -5000 && x < 0) || (y >= \at(y, Pre)) ;

Verify:
[True]

after hudini

void foo(int y) {

    int x = -5000;
  
    /*@
      loop invariant  (x < 0) || (y > 0) ; 
      loop invariant  (x >= -5000 && x < 0) || (y >= \at(y, Pre)) ; 
    */
    while (x < 0) {
        x  = x + y;
        y  = y + 1;
    }
    
    /*@ assert y > 0; */
}

syntax Correct
Validate:
[True, False]

Goal Preservation of Invariant (file output/83.c, line 8):
Let x_1 = x + y_1.
Let x_2 = 1 + y_1.
Assume {
  Type: is_sint32(x) /\ is_sint32(y) /\ is_sint32(y_1) /\ is_sint32(x_2) /\
      is_sint32(x_1).
  (* Invariant *)
  Have: (y <= y_1) \/ ((-5000) <= x).
  (* Then *)
  Have: x < 0.
  (* Invariant *)
  Have: (0 <= y_1) \/ (x_1 < 0).
}
Prove: (y <= x_2) \/ ((x_1 < 0) /\ ((-5000) <= x_1)).
Prover Z3 4.8.12 returns Timeout (Qed:4ms) (3s)
Error found in file: output/83.c at line: 8
Error line content: loop invariant  (x >= -5000 && x < 0) || (y >= \at(y, Pre)) ;

Verify:
[True]

after hudini

void foo(int y) {

    int x = -5000;
  
    /*@
      loop invariant  (x < 0) || (y > 0) ; 
      loop invariant  (x >= -5000 && x < 0) || (y >= \at(y, Pre)) ; 
    */
    while (x < 0) {
        x  = x + y;
        y  = y + 1;
    }
    
    /*@ assert y > 0; */
}

syntax Correct
Validate:
[True, False]

Goal Preservation of Invariant (file output/83.c, line 8):
Let x_1 = x + y_1.
Let x_2 = 1 + y_1.
Assume {
  Type: is_sint32(x) /\ is_sint32(y) /\ is_sint32(y_1) /\ is_sint32(x_2) /\
      is_sint32(x_1).
  (* Invariant *)
  Have: (y <= y_1) \/ ((-5000) <= x).
  (* Then *)
  Have: x < 0.
  (* Invariant *)
  Have: (0 <= y_1) \/ (x_1 < 0).
}
Prove: (y <= x_2) \/ ((x_1 < 0) /\ ((-5000) <= x_1)).
Prover Z3 4.8.12 returns Timeout (Qed:4ms) (3s)
Error found in file: output/83.c at line: 8
Error line content: loop invariant  (x >= -5000 && x < 0) || (y >= \at(y, Pre)) ;

Verify:
[True]

after hudini

void foo(int y) {

    int x = -5000;
  
    /*@
      loop invariant  (x < 0) || (y > 0) ; 
      loop invariant  (x >= -5000 && x < 0) || (y >= \at(y, Pre)) ; 
    */
    while (x < 0) {
        x  = x + y;
        y  = y + 1;
    }
    
    /*@ assert y > 0; */
}

syntax Correct
Validate:
[True, False]

Goal Preservation of Invariant (file output/83.c, line 8):
Let x_1 = x + y_1.
Let x_2 = 1 + y_1.
Assume {
  Type: is_sint32(x) /\ is_sint32(y) /\ is_sint32(y_1) /\ is_sint32(x_2) /\
      is_sint32(x_1).
  (* Invariant *)
  Have: (y <= y_1) \/ ((-5000) <= x).
  (* Then *)
  Have: x < 0.
  (* Invariant *)
  Have: (0 <= y_1) \/ (x_1 < 0).
}
Prove: (y <= x_2) \/ ((x_1 < 0) /\ ((-5000) <= x_1)).
Prover Z3 4.8.12 returns Timeout (Qed:4ms) (3s)
Error found in file: output/83.c at line: 8
Error line content: loop invariant  (x >= -5000 && x < 0) || (y >= \at(y, Pre)) ;

Verify:
[True]

after hudini

void foo(int y) {

    int x = -5000;
  
    /*@
      loop invariant  (x < 0) || (y > 0) ; 
      loop invariant  (x >= -5000 && x < 0) || (y >= \at(y, Pre)) ; 
    */
    while (x < 0) {
        x  = x + y;
        y  = y + 1;
    }
    
    /*@ assert y > 0; */
}

syntax Correct
Validate:
[True, False]

Goal Preservation of Invariant (file output/83.c, line 8):
Let x_1 = x + y_1.
Let x_2 = 1 + y_1.
Assume {
  Type: is_sint32(x) /\ is_sint32(y) /\ is_sint32(y_1) /\ is_sint32(x_2) /\
      is_sint32(x_1).
  (* Invariant *)
  Have: (y <= y_1) \/ ((-5000) <= x).
  (* Then *)
  Have: x < 0.
  (* Invariant *)
  Have: (0 <= y_1) \/ (x_1 < 0).
}
Prove: (y <= x_2) \/ ((x_1 < 0) /\ ((-5000) <= x_1)).
Prover Z3 4.8.12 returns Timeout (Qed:4ms) (3s)
Error found in file: output/83.c at line: 8
Error line content: loop invariant  (x >= -5000 && x < 0) || (y >= \at(y, Pre)) ;

Verify:
[True]

syntax Correct
Validate:
[True, False]

Goal Preservation of Invariant (file output/83.c, line 8):
Let x_1 = x + y_1.
Let x_2 = 1 + y_1.
Assume {
  Type: is_sint32(x) /\ is_sint32(y) /\ is_sint32(y_1) /\ is_sint32(x_2) /\
      is_sint32(x_1).
  (* Invariant *)
  Have: (y <= y_1) \/ ((-5000) <= x).
  (* Then *)
  Have: x < 0.
  (* Invariant *)
  Have: (0 <= y_1) \/ (x_1 < 0).
}
Prove: (y <= x_2) \/ ((x_1 < 0) /\ ((-5000) <= x_1)).
Prover Z3 4.8.12 returns Timeout (Qed:4ms) (3s)
Error found in file: output/83.c at line: 8
Error line content: loop invariant  (x >= -5000 && x < 0) || (y >= \at(y, Pre)) ;

Verify:
[True]

[(91, 165, 0)]
[(91, 165, 0)]
[(91, 165, 0)]
[(91, 165, 0)]
Loop 0 : Outer
Sorted indices: [0]
File found: ../sac_c_parser/test/../ip_postcond/goal/83_goal.v. Deleting the file.
File found: ../sac_c_parser/test/../ip_postcond/goal/83_proof_auto.v. Deleting the file.
File found: ../sac_c_parser/test/../ip_postcond/goal/83_proof_manual.v. Deleting the file.
LoopEntry_0:
(x == -5000) * (y == y@pre)

Successfully generated loop/83.json
INNER_FLAG: False
Variable Maps: [{'x': '-5000', 'y': 'y@pre'}]
Path conditions: [None]
Pre condition: (x == -5000) * (y == y@pre)
Loop Condition: x < 0
Updated Loop Conditions: ['-5000 < 0']
Global Unchanged Variables []
Non Inductive Variables []
[{'x': '-5000', 'y': 'y@pre'}]
[None]

            
    /* >>> LOOP INVARIANT TO FILL <<< 
       >>> PRECONDITION OF THE LOOP : (x == -5000) * (y == \at(y, Pre)) <<< */
    
            /*@
            */
            while (x < 0) {
      
      x  = x + y;
      y  = y + 1;
      
  
    }
            

            
    /* >>> LOOP INVARIANT TO FILL <<< 
       >>> PRECONDITION OF THE LOOP : (x == -5000) * (y == \at(y, Pre)) <<< */
    
            /*@
          loop invariant  ((x == -5000)&&(y == \at(y, Pre))) || (PLACE_HOLDER_y) ;
          loop invariant  ((x == -5000)&&(y == \at(y, Pre))) || (PLACE_HOLDER_x) ;
            */
            while (x < 0) {
      
      x  = x + y;
      y  = y + 1;
      
  
    }
            
void foo(int y) {

    int x = -5000;
  
    
    
            
    /* >>> LOOP INVARIANT TO FILL <<< 
       >>> PRECONDITION OF THE LOOP : (x == -5000) * (y == \at(y, Pre)) <<< */
    
            /*@
          loop invariant  ((x == -5000)&&(y == \at(y, Pre))) || (PLACE_HOLDER_y) ;
          loop invariant  ((x == -5000)&&(y == \at(y, Pre))) || (PLACE_HOLDER_x) ;
            */
            while (x < 0) {
      
      x  = x + y;
      y  = y + 1;
      
  
    }
            
    /*@ assert y > 0; */
  
  }
Let's analyze the provided C loop and generate the necessary loop invariants in ACSL annotations. 

### a. Purpose and Structure of the Loop:
**Objective of the Loop:**  
The loop is designed to repeatedly update the values of `x` and `y` until `x` becomes non-negative. The intended outcome is to modify `y` and ensure that when the loop ends, `y` has increased sufficiently such that `x` is no longer less than zero.

**Structure of the Loop:**  
- The loop continues as long as `x < 0`.
- Within each iteration: 
  - `x` is incremented by the current value of `y`.
  - `y` is incremented by 1.

**Relevant Variables:**  
- `x`: starts at `-5000` and is modified in each iteration.
- `y`: starts at its pre-condition value and is also modified in each iteration.

### b. Discussion of the Loop Invariant:
**Proposed Loop Invariant:**  
The loop invariant can be proposed as: 
1. `x == -5000` (constant throughout the loop).
2. `y == \at(y, Pre) + n` where `n` is the number of iterations taken so far, which implies `y` will be increasing by `1` in each iteration.

**Validity of the Invariant:**  
Since `x` starts at `-5000` and does not change in any other way than by adding `y`, and since `y` starts at a value defined by the pre-condition and is incremented at each iteration, this invariant captures the relationship between `x` and `y` throughout the loop.

### c. Establishment:
**Establishment Condition:**  
Before the loop starts, `x` is set to `-5000` and `y` is equal to its pre-condition value `\at(y, Pre)`. Thus, the invariant holds true before the loop begins execution.

### d. Preservation:
**Preservation Condition:**  
At the start of each iteration, the loop invariant holds. When the loop executes:
- `x` is updated to `x + y`. 
- `y` is updated to `y + 1`. 

After these updates, the invariant still holds because `x` is modified based on the current value of `y`. Therefore, if the invariant holds at the beginning of an iteration, it remains true at the end of that iteration as well.

### e. Termination Analysis of the Loop:
**Termination Values:**  
The loop terminates when `x` is no longer less than 0. At this point:
- `x` will be equal to `-5000 + (n * y)` where `n` is the number of iterations.
- `y` will be equal to `\at(y, Pre) + n`.

The invariant holds true as it reflects the final state of both `x` and `y` as they have been modified consistently according to the loop's behavior.

### f. Correctness of the Post-condition:
**Correctness of the Post-condition:**  
Once the loop has finished executing, we have ensured that `x >= 0`. The post-condition states `assert y > 0`, which holds true because `y` is incremented in each loop iteration starting from its initial positive value. Thus, the loop invariant, combined with the negation of the loop condition, ensures the post-condition is satisfied.

### g. Implication of the Pre-condition:
**Implication of the Pre-condition:**  
The pre-condition `(x == -5000) * (y == \at(y, Pre))` guarantees that before the loop starts, `x` is `-5000` and `y` takes its initial value. This directly establishes the loop invariant as true right before the loop begins execution.

### Complete C Loop Program with Invariant Annotations:
```c
void foo(int y) {
    int x = -5000;
    
    /*@ 
      loop invariant  ((x == -5000) && (y == \at(y, Pre))) || (y >= \at(y, Pre));
      loop invariant  ((x == -5000) && (y == \at(y, Pre))) || (x + 5000 == n * (y - \at(y, Pre)));
    */
    while (x < 0) {
        x = x + y;
        y = y + 1;
    }
    
    /*@ assert y > 0; */
}
```
In this program, `PLACE_HOLDER_y` is replaced with `y >= \at(y, Pre)` and `PLACE_HOLDER_x` is replaced with `x + 5000 == n * (y - \at(y, Pre))`, capturing the behavior of `y` and the relationship between `x` and `y` during the loop execution.

void foo(int y) {
    int x = -5000;
    
    /*@ 
      loop invariant  ((x == -5000) && (y == \at(y, Pre))) || (y >= \at(y, Pre));
      loop invariant  ((x == -5000) && (y == \at(y, Pre))) || (x + 5000 == n * (y - \at(y, Pre)));
    */
    while (x < 0) {
        x = x + y;
        y = y + 1;
    }
    
    /*@ assert y > 0; */
}


void foo(int y) {
    int x = -5000;
    
    /*@ 
      loop invariant  ((x == -5000) && (y == \at(y, Pre))) || (y >= \at(y, Pre));
      loop invariant  ((x == -5000) && (y == \at(y, Pre))) || (x + 5000 == n * (y - \at(y, Pre)));
    */
    while (x < 0) {
        x = x + y;
        y = y + 1;
    }
    
    /*@ assert y > 0; */
}

syntax Error
[kernel] Parsing output/83.c (with preprocessing)
[kernel:annot-error] output/83.c:7: Warning: 
  unbound logic variable n. Ignoring loop annotation
[kernel] User Error: warning annot-error treated as fatal error.
[kernel] Frama-C aborted: invalid user input.

after repair

void foo(int y) {
    int x = -5000;
    
    /*@ 
      loop invariant  ((x == -5000) && (y == \at(y, Pre))) || (y >= \at(y, Pre));
      loop invariant  ((x == -5000) && (y == \at(y, Pre))) || (x + 5000 == (y - \at(y, Pre)));
    */
    while (x < 0) {
        x = x + y;
        y = y + 1;
    }
    
    /*@ assert y > 0; */
}

syntax Correct
Validate:
[True, False]

Goal Preservation of Invariant (file output/83.c, line 7):
Let x_1 = 1 + y_1.
Let x_2 = x + y_1.
Assume {
  Type: is_sint32(x) /\ is_sint32(y) /\ is_sint32(y_1) /\ is_sint32(x_1) /\
      is_sint32(x_2).
  (* Invariant *)
  Have: (y <= y_1) \/ ((x = (-5000)) /\ (y_1 = y)).
  (* Invariant *)
  Have: ((5000 + x + y) = y_1) \/ ((x = (-5000)) /\ (y_1 = y)).
  (* Then *)
  Have: x < 0.
  (* Invariant *)
  Have: (y <= x_1) \/ ((x_1 = y) /\ (x_2 = (-5000))).
}
Prove: ((x + y) = (-4999)) \/ ((x_1 = y) /\ (x_2 = (-5000))).
Prover Z3 4.8.12 returns Timeout (Qed:4ms) (3s)
Error found in file: output/83.c at line: 7
Error line content: loop invariant  ((x == -5000) && (y == \at(y, Pre))) || (x + 5000 == (y - \at(y, Pre)));

Verify:
[False]

Goal Assertion (file output/83.c, line 14):
Assume {
  Type: is_sint32(x) /\ is_sint32(y_1) /\ is_sint32(y).
  (* Invariant *)
  Have: (y_1 <= y) \/ ((x = (-5000)) /\ (y = y_1)).
  (* Invariant *)
  Have: ((5000 + x + y_1) = y) \/ ((x = (-5000)) /\ (y = y_1)).
  (* Else *)
  Have: 0 <= x.
}
Prove: 0 < y.
Prover Z3 4.8.12 returns Timeout (Qed:3ms) (3s)
Error found in file: output/83.c at line: 14
Error line content: /*@ assert y > 0; */


void foo(int y) {
    int x = -5000;
    
    /*@ 
      loop invariant  ((x == -5000) && (y == \at(y, Pre))) || (y >= \at(y, Pre));
      loop invariant  ((x == -5000) && (y == \at(y, Pre))) || (x + 5000 == (y - \at(y, Pre))) [INVARIANT FAILED] ;
    */
    while (x < 0) {
        x = x + y;
        y = y + 1;
    }
    
    /*@ assert y > 0; */
}

1. **Error Analysis:**

   The provided loop invariants are fundamentally flawed based on the error reports from Frama-C. 

   - **Goal Establishment of Invariant**: The first invariant does not properly establish that the state of `x` and `y` before the iteration starts is sufficient to satisfy the invariant. Specifically, while `x` starts at -5000, the conditions regarding `y` do not take into account its initial state correctly, leading to a failure in verification. 

   - **Goal Preservation of Invariant**: The second invariant fails to maintain its validity after iteration. The expression `x + 5000 == (y - \at(y, Pre))` does not remain true through the loop iterations due to the fact that `y` is being incremented while `x` is also being adjusted. This leads to logical inconsistencies as the loop progresses.

   - **Goal Assertion**: The assertion `assert y > 0;` cannot be verified due to the failure of the invariants to ensure that `y` is guaranteed to be greater than zero after the loop terminates. The loop's behavior of increasing `y` does not provide enough constraints to ensure this condition.

   In summary, the invariants need to be restructured to ensure they respect the requirements of establishment, preservation, and implications that lead to the assertion after the loop.

2. **Fixed C Code:**

    ```c
    void foo(int y) {
        int x = -5000;
        
        /*@ 
          loop invariant  (x == -5000) && (y == \at(y, Pre) + \at(y, Pre) * (5000 + (-x)) / \at(y, Pre));
          loop invariant  (x == -5000) && (y >= \at(y, Pre)) && (x + 5000 + y > 0);
        */
        while (x < 0) {
            x = x + y;
            y = y + 1;
        }
        
        /*@ assert y > 0; */
    }
    ```
after regen

    void foo(int y) {
        int x = -5000;
        
        /*@ 
          loop invariant  (x == -5000) && (y == \at(y, Pre) + \at(y, Pre) * (5000 + (-x)) / \at(y, Pre));
          loop invariant  (x == -5000) && (y >= \at(y, Pre)) && (x + 5000 + y > 0);
        */
        while (x < 0) {
            x = x + y;
            y = y + 1;
        }
        
        /*@ assert y > 0; */
    }
    
syntax Correct
Validate:
[False, False]

Goal Establishment of Invariant (file output/83.c, line 6):
Assume { Type: is_sint32(y). }
Prove: ((10000 * y) / y) = 0.
Prover Z3 4.8.12 returns Timeout (Qed:1ms) (3s)
Error found in file: output/83.c at line: 6
Error line content: loop invariant  (x == -5000) && (y == \at(y, Pre) + \at(y, Pre) * (5000 + (-x)) / \at(y, Pre));

Goal Establishment of Invariant (file output/83.c, line 7):
Assume { Type: is_sint32(y). Have: ((10000 * y) / y) = 0. }
Prove: 0 < y.
Prover Z3 4.8.12 returns Timeout (Qed:2ms) (3s)
Error found in file: output/83.c at line: 7
Error line content: loop invariant  (x == -5000) && (y >= \at(y, Pre)) && (x + 5000 + y > 0);

Verify:
[True]


    void foo(int y) {
        int x = -5000;
        
        /*@ 
          loop invariant  (x == -5000) && (y == \at(y, Pre) + \at(y, Pre) * (5000 + (-x)) / \at(y, Pre)) [INVARIANT FAILED] ;
          loop invariant  (x == -5000) && (y >= \at(y, Pre)) && (x + 5000 + y > 0) [INVARIANT FAILED] ;
        */
        while (x < 0) {
            x = x + y;
            y = y + 1;
        }
        
        /*@ assert y > 0; */
    }
    
1. **Error Analysis:**

   The first error indicates that the establishment of the loop invariant fails because it relies on a complex expression involving division by `\at(y, Pre)`. This expression can lead to undefined behavior if `y` is zero, and the current precondition does not sufficiently guarantee that `y` will not be zero when entering the loop. The second invariant also fails establishment because it includes an equality involving `x + 5000 + y > 0`, which is too strict given that `x` starts at `-5000` and `y` is incremented within the loop.

   To fix these issues, we will weaken the invariants. For the first invariant, we can simplify the expression to avoid division and focus on the relationship between `y` and its initial value. For the second invariant, we can replace the strict inequality with a more general range condition that reflects the loop's logic while ensuring that it remains valid through the loop's execution.

2. **Fixed C Code:**

```c
void foo(int y) {
    int x = -5000;
    
    /*@ 
      loop invariant  (x == -5000) && (y >= \at(y, Pre)) [INVARIANT MODIFIED] ;
      loop invariant  (x == -5000) && (y >= \at(y, Pre)) && (y > 0) [INVARIANT MODIFIED] ;
    */
    while (x < 0) {
        x = x + y;
        y = y + 1;
    }
    
    /*@ assert y > 0; */
}
```
after weaken

void foo(int y) {
    int x = -5000;
    
    /*@ 
      loop invariant  (x == -5000) && (y >= \at(y, Pre)) [INVARIANT MODIFIED] ;
      loop invariant  (x == -5000) && (y >= \at(y, Pre)) && (y > 0) [INVARIANT MODIFIED] ;
    */
    while (x < 0) {
        x = x + y;
        y = y + 1;
    }
    
    /*@ assert y > 0; */
}

syntax Error
[kernel] Parsing output/83.c (with preprocessing)
[kernel:annot-error] output/83.c:6: Warning: unexpected token 'MODIFIED'
[kernel] User Error: warning annot-error treated as fatal error.
[kernel] Frama-C aborted: invalid user input.

syntax Error
[kernel] Parsing output/83.c (with preprocessing)
[kernel:annot-error] output/83.c:6: Warning: unexpected token 'MODIFIED'
[kernel] User Error: warning annot-error treated as fatal error.
[kernel] Frama-C aborted: invalid user input.

syntax Error
[kernel] Parsing output/83.c (with preprocessing)
[kernel:annot-error] output/83.c:6: Warning: unexpected token 'MODIFIED'
[kernel] User Error: warning annot-error treated as fatal error.
[kernel] Frama-C aborted: invalid user input.

[(91, 165, 0)]
[(91, 165, 0)]
[(91, 165, 0)]
[(91, 165, 0)]
Loop 0 : Outer
Sorted indices: [0]
File found: ../sac_c_parser/test/../ip_postcond/goal/83_goal.v. Deleting the file.
File found: ../sac_c_parser/test/../ip_postcond/goal/83_proof_auto.v. Deleting the file.
File found: ../sac_c_parser/test/../ip_postcond/goal/83_proof_manual.v. Deleting the file.
LoopEntry_0:
(x == -5000) * (y == y@pre)

Successfully generated loop/83.json
INNER_FLAG: False
Variable Maps: [{'x': '-5000', 'y': 'y@pre'}]
Path conditions: [None]
Pre condition: (x == -5000) * (y == y@pre)
Loop Condition: x < 0
Updated Loop Conditions: ['-5000 < 0']
Global Unchanged Variables []
Non Inductive Variables []
[{'x': '-5000', 'y': 'y@pre'}]
[None]

            
    /* >>> LOOP INVARIANT TO FILL <<< 
       >>> PRECONDITION OF THE LOOP : (x == -5000) * (y == \at(y, Pre)) <<< */
    
            /*@
            */
            while (x < 0) {
      
      x  = x + y;
      y  = y + 1;
      
  
    }
            

            
    /* >>> LOOP INVARIANT TO FILL <<< 
       >>> PRECONDITION OF THE LOOP : (x == -5000) * (y == \at(y, Pre)) <<< */
    
            /*@
          loop invariant  ((x == -5000)&&(y == \at(y, Pre))) || (PLACE_HOLDER_y) ;
          loop invariant  ((x == -5000)&&(y == \at(y, Pre))) || (PLACE_HOLDER_x) ;
            */
            while (x < 0) {
      
      x  = x + y;
      y  = y + 1;
      
  
    }
            
void foo(int y) {

    int x = -5000;
  
    
    
            
    /* >>> LOOP INVARIANT TO FILL <<< 
       >>> PRECONDITION OF THE LOOP : (x == -5000) * (y == \at(y, Pre)) <<< */
    
            /*@
          loop invariant  ((x == -5000)&&(y == \at(y, Pre))) || (PLACE_HOLDER_y) ;
          loop invariant  ((x == -5000)&&(y == \at(y, Pre))) || (PLACE_HOLDER_x) ;
            */
            while (x < 0) {
      
      x  = x + y;
      y  = y + 1;
      
  
    }
            
    /*@ assert y > 0; */
  
  }
### Analysis of the Loop

#### a. Purpose and Structure of the Loop:
The objective of the loop is to modify the values of `x` and `y` until `x` is no longer less than 0. Initially, `x` is set to -5000, and `y` represents some value passed into the function. Each iteration of the loop increases `x` by `y` and increments `y` by 1. The loop continues executing as long as `x` remains negative.

The loop's structure consists of:
- **Condition**: `x < 0`
- **Operations**:
  - Update `x` with `x + y`
  - Update `y` with `y + 1`
- **Relevant Variables**: `x` (initialized to -5000) and `y` (passed as a parameter).

#### b. Discussion of the Loop Invariant:
A proposed loop invariant is:
1. The assertion that `x` remains equal to -5000 throughout the iterations of the loop.
2. As `y` is incremented in each iteration, it will always be greater than or equal to its initial value (which is \`y == \at(y, Pre)\`).

The invariant can be expressed as:
- `\forall n: (n >= 0) ==> (y == \at(y, Pre) + n)`

This invariant is valid because it captures the initial state of `y`, and the relationship between `x` and `y` throughout the loop.

#### c. Establishment:
Before the loop starts, we have:
- `x == -5000` (as initialized in the code).
- `y == \at(y, Pre)` (as per the pre-condition).

Thus, the invariant holds true before the loop begins, satisfying the establishment condition.

#### d. Preservation:
At the start of any iteration, if the invariant holds:
- `x` is still -5000.
- `y` is equal to its initial value plus the number of iterations done so far.

After executing the loop's body (where `x` is updated to `x + y` and `y` to `y + 1`), we find:
- The new value of `y` will be `\at(y, Pre) + n + 1` on the next iteration (where `n` is the current iteration count).
- The value of `x` becomes `-5000 + (\at(y, Pre) + n)`.

Since `x` keeps increasing while `y` keeps incrementing, the invariant remains true at the end of each iteration.

#### e. Termination Analysis of the Loop:
The loop terminates when `x` is no longer less than 0. At the point of termination, we have:
- `x >= 0`
- `y` has incremented through each loop iteration, thus `y == \at(y, Pre) + n` for some `n`.

The invariant still holds true since `x` will have been updated to some non-negative value based on the sums of `y` from each iteration.

#### f. Correctness of the Post-condition:
Once the loop finishes executing, we assert `y > 0`. The invariant, combined with the termination condition, ensures that:
- `y` has been incremented at least as many times as needed to make `x` non-negative. Hence, `y` must be greater than `0` when the loop exits.

#### g. Implication of the Pre-condition:
The pre-condition:
- `(x == -5000) * (y == \at(y, Pre))`
ensures that at the loop's entry, `x` is properly initialized to -5000 and `y` reflects its initial value. Thus, it guarantees that the invariant holds true before the loop starts executing.

### Complete C Loop Program with Invariant Annotations

```c
void foo(int y) {
    int x = -5000;

    /*@ loop invariant ((x == -5000) && (y == \at(y, Pre))) || (y == \at(y, Pre) + (n)) ; 
        loop invariant ((x == -5000) && (y == \at(y, Pre))) || (x == -5000 + (y - \at(y, Pre))) ; */
    while (x < 0) {
        x = x + y;
        y = y + 1;
    }

    /*@ assert y > 0; */
}
``` 

In this final program, `PLACE_HOLDER_y` has been replaced with `(y == \at(y, Pre) + (n))`, and `PLACE_HOLDER_x` has been replaced with `(x == -5000 + (y - \at(y, Pre)))`, where `n` is the number of iterations performed. This ensures the loop invariant is complete and correctly represents the state of the variables during loop execution.

void foo(int y) {
    int x = -5000;

    /*@ loop invariant ((x == -5000) && (y == \at(y, Pre))) || (y == \at(y, Pre) + (n)) ; 
        loop invariant ((x == -5000) && (y == \at(y, Pre))) || (x == -5000 + (y - \at(y, Pre))) ; */
    while (x < 0) {
        x = x + y;
        y = y + 1;
    }

    /*@ assert y > 0; */
}


void foo(int y) {
    int x = -5000;

    /*@ loop invariant ((x == -5000) && (y == \at(y, Pre))) || (y == \at(y, Pre) + (n)) ; 
        loop invariant ((x == -5000) && (y == \at(y, Pre))) || (x == -5000 + (y - \at(y, Pre))) ; */
    while (x < 0) {
        x = x + y;
        y = y + 1;
    }

    /*@ assert y > 0; */
}

syntax Error
[kernel] Parsing output/83.c (with preprocessing)
[kernel:annot-error] output/83.c:5: Warning: 
  unbound logic variable n. Ignoring loop annotation
[kernel] User Error: warning annot-error treated as fatal error.
[kernel] Frama-C aborted: invalid user input.

after repair

void foo(int y) {
    int x = -5000;

    /*@ loop invariant ((x == -5000) && (y == \at(y, Pre))) || (y == \at(y, Pre) + (x + 5000)) ; 
        loop invariant ((x == -5000) && (y == \at(y, Pre))) || (x == -5000 + (y - \at(y, Pre))) ; */
    while (x < 0) {
        x = x + y;
        y = y + 1;
    }

    /*@ assert y > 0; */
}

syntax Correct
Validate:
[False, True]

Goal Preservation of Invariant (file output/83.c, line 5):
Let x_1 = 1 + y_1.
Let x_2 = x + y_1.
Assume {
  Type: is_sint32(x) /\ is_sint32(y) /\ is_sint32(y_1) /\ is_sint32(x_1) /\
      is_sint32(x_2).
  (* Invariant *)
  Have: ((5000 + x + y) = y_1) \/ ((x = (-5000)) /\ (y_1 = y)).
  (* Then *)
  Have: x < 0.
}
Prove: ((x + y) = (-4999)) \/ ((x_1 = y) /\ (x_2 = (-5000))).
Prover Z3 4.8.12 returns Timeout (Qed:5ms) (3s)
Error found in file: output/83.c at line: 5
Error line content: /*@ loop invariant ((x == -5000) && (y == \at(y, Pre))) || (y == \at(y, Pre) + (x + 5000)) ;

Verify:
[False]

Goal Assertion (file output/83.c, line 12):
Assume {
  Type: is_sint32(x) /\ is_sint32(y_1) /\ is_sint32(y).
  (* Invariant *)
  Have: ((5000 + x + y_1) = y) \/ ((x = (-5000)) /\ (y = y_1)).
  (* Else *)
  Have: 0 <= x.
}
Prove: 0 < y.
Prover Z3 4.8.12 returns Timeout (Qed:2ms) (3s)
Error found in file: output/83.c at line: 12
Error line content: /*@ assert y > 0; */


void foo(int y) {
    int x = -5000;

    /*@ loop invariant ((x == -5000) && (y == \at(y, Pre))) || (y == \at(y, Pre) + (x + 5000)) ; 
        loop invariant ((x == -5000) && (y == \at(y, Pre))) || (x == -5000 + (y - \at(y, Pre))) ; */
    while (x < 0) {
        x = x + y [INVARIANT FAILED] ;
        y = y + 1;
    }

    /*@ assert y > 0; */
}

### Error Analysis:

1. **Goal Establishment of Invariant**: The first invariant fails establishment because it does not hold true when the loop starts. The precondition states that `x = -5000` and `y = \at(y, Pre)`, but the invariant tries to relate `y` with `x + 5000`, which is not valid in the initial state as it does not provide a valid relationship for all iterations.

2. **Goal Preservation of Invariant**: The preservation problem arises because the current loop body modifies `x` and `y`, but the invariant does not correctly account for the changes made by the body of the loop. Specifically, as `x` is incremented by `y`, the invariant fails to remain true after the execution of `x = x + y`.

3. **Goal Assertion**: The assertion that `y > 0` fails because the invariant does not adequately capture the relationship between `x` and `y` during the loop iterations, leading to a situation where `y` could potentially not satisfy the postcondition when the loop terminates.

Given these issues, the invariants need to be completely re-evaluated to ensure they establish, preserve, and lead to the correct postcondition.

### Fixed C Code:

```c
void foo(int y) {
    int x = -5000;

    /*@ loop invariant (x == -5000) && (y == \at(y, Pre) + (n)) ; 
        loop invariant (x == -5000 + n * (y - \at(y, Pre)) ) ; */
    while (x < 0) {
        x = x + y;
        y = y + 1;
    }

    /*@ assert y > 0; */
}
```
after regen

void foo(int y) {
    int x = -5000;

    /*@ loop invariant (x == -5000) && (y == \at(y, Pre) + (n)) ; 
        loop invariant (x == -5000 + n * (y - \at(y, Pre)) ) ; */
    while (x < 0) {
        x = x + y;
        y = y + 1;
    }

    /*@ assert y > 0; */
}

syntax Error
[kernel] Parsing output/83.c (with preprocessing)
[kernel:annot-error] output/83.c:5: Warning: 
  unbound logic variable n. Ignoring loop annotation
[kernel] User Error: warning annot-error treated as fatal error.
[kernel] Frama-C aborted: invalid user input.

after repair

void foo(int y) {
    int x = -5000;

    /*@ loop invariant (x == -5000) && (y == \at(y, Pre) + (\at(y, Pre) + 1) * (1 + (-5000 - x))) ; 
        loop invariant (x == -5000 + (y - \at(y, Pre)) ) ; */
    while (x < 0) {
        x = x + y;
        y = y + 1;
    }

    /*@ assert y > 0; */
}

syntax Correct
Validate:
[False, True]

Goal Preservation of Invariant (file output/83.c, line 5):
Prove: false.
Prover Z3 4.8.12 returns Timeout (Qed:3ms) (3s)
Error found in file: output/83.c at line: 5
Error line content: /*@ loop invariant (x == -5000) && (y == \at(y, Pre) + (\at(y, Pre) + 1) * (1 + (-5000 - x))) ;

Goal Establishment of Invariant (file output/83.c, line 5):
Assume { Type: is_sint32(y). }
Prove: y = (-1).
Prover Z3 4.8.12 returns Timeout (Qed:1ms) (3s)
Error found in file: output/83.c at line: 5
Error line content: /*@ loop invariant (x == -5000) && (y == \at(y, Pre) + (\at(y, Pre) + 1) * (1 + (-5000 - x))) ;

Verify:
[True]

after hudini

void foo(int y) {
    int x = -5000;

    /*@        loop invariant (x == -5000 + (y - \at(y, Pre)) ) ; */
    while (x < 0) {
        x = x + y;
        y = y + 1;
    }

    /*@ assert y > 0; */
}

syntax Correct
Validate:
[False]

Goal Preservation of Invariant (file output/83.c, line 5):
Assume {
  Type: is_sint32(x) /\ is_sint32(y) /\ is_sint32(1 + y) /\
      is_sint32(x + y) /\ is_sint32(y - 5000 - x).
  (* Then *)
  Have: x < 0.
}
Prove: y = 1.
Prover Z3 4.8.12 returns Timeout (Qed:5ms) (3s)
Error found in file: output/83.c at line: 5
Error line content: /*@        loop invariant (x == -5000 + (y - \at(y, Pre)) ) ; */

Verify:
[False]

Goal Assertion (file output/83.c, line 11):
Assume {
  Type: is_sint32(y_1) /\ is_sint32(y) /\ is_sint32(y - 5000 - y_1).
  (* Else *)
  Have: (5000 + y_1) <= y.
}
Prove: 0 < y.
Prover Z3 4.8.12 returns Timeout (Qed:2ms) (3s)
Error found in file: output/83.c at line: 11
Error line content: /*@ assert y > 0; */

syntax Correct
Validate:
[False]

Goal Preservation of Invariant (file output/83.c, line 5):
Assume {
  Type: is_sint32(x) /\ is_sint32(y) /\ is_sint32(1 + y) /\
      is_sint32(x + y) /\ is_sint32(y - 5000 - x).
  (* Then *)
  Have: x < 0.
}
Prove: y = 1.
Prover Z3 4.8.12 returns Timeout (Qed:5ms) (3s)
Error found in file: output/83.c at line: 5
Error line content: /*@        loop invariant (x == -5000 + (y - \at(y, Pre)) ) ; */

Verify:
[False]

Goal Assertion (file output/83.c, line 11):
Assume {
  Type: is_sint32(y_1) /\ is_sint32(y) /\ is_sint32(y - 5000 - y_1).
  (* Else *)
  Have: (5000 + y_1) <= y.
}
Prove: 0 < y.
Prover Z3 4.8.12 returns Timeout (Qed:2ms) (3s)
Error found in file: output/83.c at line: 11
Error line content: /*@ assert y > 0; */

syntax Correct
Validate:
[False]

Goal Preservation of Invariant (file output/83.c, line 5):
Assume {
  Type: is_sint32(x) /\ is_sint32(y) /\ is_sint32(1 + y) /\
      is_sint32(x + y) /\ is_sint32(y - 5000 - x).
  (* Then *)
  Have: x < 0.
}
Prove: y = 1.
Prover Z3 4.8.12 returns Timeout (Qed:5ms) (3s)
Error found in file: output/83.c at line: 5
Error line content: /*@        loop invariant (x == -5000 + (y - \at(y, Pre)) ) ; */

Verify:
[False]

Goal Assertion (file output/83.c, line 11):
Assume {
  Type: is_sint32(y_1) /\ is_sint32(y) /\ is_sint32(y - 5000 - y_1).
  (* Else *)
  Have: (5000 + y_1) <= y.
}
Prove: 0 < y.
Prover Z3 4.8.12 returns Timeout (Qed:2ms) (3s)
Error found in file: output/83.c at line: 11
Error line content: /*@ assert y > 0; */

[(91, 165, 0)]
[(91, 165, 0)]
[(91, 165, 0)]
[(91, 165, 0)]
Loop 0 : Outer
Sorted indices: [0]
File found: ../sac_c_parser/test/../ip_postcond/goal/83_goal.v. Deleting the file.
File found: ../sac_c_parser/test/../ip_postcond/goal/83_proof_auto.v. Deleting the file.
File found: ../sac_c_parser/test/../ip_postcond/goal/83_proof_manual.v. Deleting the file.
LoopEntry_0:
(x == -5000) * (y == y@pre)

Successfully generated loop/83.json
INNER_FLAG: False
Variable Maps: [{'x': '-5000', 'y': 'y@pre'}]
Path conditions: [None]
Pre condition: (x == -5000) * (y == y@pre)
Loop Condition: x < 0
Updated Loop Conditions: ['-5000 < 0']
Global Unchanged Variables []
Non Inductive Variables []
[{'x': '-5000', 'y': 'y@pre'}]
[None]

            
    /* >>> LOOP INVARIANT TO FILL <<< 
       >>> PRECONDITION OF THE LOOP : (x == -5000) * (y == \at(y, Pre)) <<< */
    
            /*@
            */
            while (x < 0) {
      
      x  = x + y;
      y  = y + 1;
      
  
    }
            

            
    /* >>> LOOP INVARIANT TO FILL <<< 
       >>> PRECONDITION OF THE LOOP : (x == -5000) * (y == \at(y, Pre)) <<< */
    
            /*@
          loop invariant  ((x == -5000)&&(y == \at(y, Pre))) || (PLACE_HOLDER_y) ;
          loop invariant  ((x == -5000)&&(y == \at(y, Pre))) || (PLACE_HOLDER_x) ;
            */
            while (x < 0) {
      
      x  = x + y;
      y  = y + 1;
      
  
    }
            
void foo(int y) {

    int x = -5000;
  
    
    
            
    /* >>> LOOP INVARIANT TO FILL <<< 
       >>> PRECONDITION OF THE LOOP : (x == -5000) * (y == \at(y, Pre)) <<< */
    
            /*@
          loop invariant  ((x == -5000)&&(y == \at(y, Pre))) || (PLACE_HOLDER_y) ;
          loop invariant  ((x == -5000)&&(y == \at(y, Pre))) || (PLACE_HOLDER_x) ;
            */
            while (x < 0) {
      
      x  = x + y;
      y  = y + 1;
      
  
    }
            
    /*@ assert y > 0; */
  
  }
Let's analyze the provided C loop program and fill in the loop invariants as requested.

### a. Purpose and Structure of the Loop:

**Objective of the Loop:**
The loop aims to modify the values of the variables `x` and `y` while ensuring that `x` remains less than 0. It starts with `x` initialized to -5000 and increments `y` in each iteration. The loop will terminate when `x` reaches 0 or a positive value.

**Structure of the Loop:**
- **Loop Condition:** The loop continues as long as `x < 0`.
- **Operations in the Loop Body:**
  - `x` is updated by adding the current value of `y`.
  - `y` is incremented by 1.
- **Relevant Variables:** `x` (initialized to -5000 and modified in the loop) and `y` (initialized to the function parameter and modified in the loop).

### b. Discussion of the Loop Invariant:

**Proposed Loop Invariant:**
1. `((x == -5000) && (y == \at(y, Pre))) || (y >= 0)` - This states that either `x` remains -5000 and `y` equals its initial value before the loop, or `y` has become non-negative.
   
2. `((x == -5000) && (y == \at(y, Pre))) || (x == -5000 + k * \at(y, Pre) + k * (k - 1) / 2)` for some non-negative integer `k` - This states that `x` can be expressed in terms of the initial `y` and the number of iterations.

### c. Establishment:

**Establishment Condition:**
Before the loop starts, `x` is initialized to -5000 and `y` is the parameter passed into the function. Since the pre-condition states that `(x == -5000) * (y == \at(y, Pre))`, both parts of the invariant hold true at the loop's entry. Thus, the invariant is established.

### d. Preservation:

**Preservation Condition:**
At the start of any iteration, `x < 0` holds true. When executing the loop body:
- `x` is updated to `x + y`. Since `x` was less than 0 and `y` (initially positive) is added, `x` may still be negative or become 0.
- `y` is incremented by 1, ensuring that `y` is always non-negative after the first iteration. 

Thus, if the invariant holds at the start of an iteration, it remains true at the end of that iteration.

### e. Termination Analysis of the Loop:

**Termination Analysis:**
The loop terminates when `x` is no longer less than 0. At this point, the values of `x` and `y` can be described as follows:
- If the loop exits, `x` could be 0 or greater, while `y` would have been incremented several times starting from its initial value.

Hence, the invariant still holds true as `y` would be non-negative due to the increments, and `x` would have reached a value that satisfies the invariant.

### f. Correctness of the Post-condition:

**Correctness of the Post-condition:**
The post-condition states that `assert y > 0;` is true once the loop finishes. Given that `y` starts at its initial value and is incremented in each iteration, when the loop exits, `y` must have been incremented at least once from its initial value. This guarantees `y` is positive, satisfying the post-condition.

### g. Implication of the Pre-condition:

**Implication of the Pre-condition:**
The pre-condition `(x == -5000) * (y == \at(y, Pre))` guarantees that before the loop begins, `x` is -5000 and `y` is whatever was passed in. This directly supports the establishment of the invariant as it ensures both `x` and `y` start at valid states defined in the loop invariant.

### Complete C Loop Program with Invariant Annotations:

```c
void foo(int y) {
    int x = -5000;

    /*@ 
      loop invariant  ((x == -5000) && (y == \at(y, Pre))) || (y >= 0) ;
      loop invariant  ((x == -5000) && (y == \at(y, Pre))) || (x == -5000 + k * \at(y, Pre) + k * (k - 1) / 2) for some non-negative integer k;
    */
    while (x < 0) {
        x  = x + y;
        y  = y + 1;
    }
    
    /*@ assert y > 0; */
}
```

This code includes the necessary loop invariants filled in for verification with Frama-C.

void foo(int y) {
    int x = -5000;

    /*@ 
      loop invariant  ((x == -5000) && (y == \at(y, Pre))) || (y >= 0) ;
      loop invariant  ((x == -5000) && (y == \at(y, Pre))) || (x == -5000 + k * \at(y, Pre) + k * (k - 1) / 2) for some non-negative integer k;
    */
    while (x < 0) {
        x  = x + y;
        y  = y + 1;
    }
    
    /*@ assert y > 0; */
}


void foo(int y) {
    int x = -5000;

    /*@ 
      loop invariant  ((x == -5000) && (y == \at(y, Pre))) || (y >= 0) ;
      loop invariant  ((x == -5000) && (y == \at(y, Pre))) || (x == -5000 + k * \at(y, Pre) + k * (k - 1) / 2) for some non-negative integer k;
    */
    while (x < 0) {
        x  = x + y;
        y  = y + 1;
    }
    
    /*@ assert y > 0; */
}

syntax Error
[kernel] Parsing output/83.c (with preprocessing)
[kernel:annot-error] output/83.c:7: Warning: unexpected token 'for'
[kernel] User Error: warning annot-error treated as fatal error.
[kernel] Frama-C aborted: invalid user input.

after repair

void foo(int y) {
    int x = -5000;

    /*@ 
      loop invariant  ((x == -5000) && (y == \at(y, Pre))) || (y >= 0) ;
      loop invariant  ((x == -5000) && (y == \at(y, Pre))) || (x == -5000 + k * \at(y, Pre) + k * (k - 1) / 2) 
      ensures \exists integer k; k >= 0; 
    */
    while (x < 0) {
        x  = x + y;
        y  = y + 1;
    }
    
    /*@ assert y > 0; */
}

syntax Error
[kernel] Parsing output/83.c (with preprocessing)
[kernel:annot-error] output/83.c:8: Warning: unexpected token 'ensures'
[kernel] User Error: warning annot-error treated as fatal error.
[kernel] Frama-C aborted: invalid user input.

after repair

    
void foo(int y) {
    int x = -5000;

    /*@ 
      loop invariant  ((x == -5000) && (y == \at(y, Pre))) || (y >= 0) ;
      loop invariant  ((x == -5000) && (y == \at(y, Pre))) || (x == -5000 + k * \at(y, Pre) + k * (k - 1) / 2) 
      // for some non-negative integer k; 
      // The quantification should be omitted from this context
    */
    while (x < 0) {
        x  = x + y;
        y  = y + 1;
    }
    
    /*@ assert y > 0; */
}

    
syntax Error
[kernel] Parsing output/83.c (with preprocessing)
[kernel:annot-error] output/83.c:11: Warning: unexpected token ''
[kernel] User Error: warning annot-error treated as fatal error.
[kernel] Frama-C aborted: invalid user input.

after repair

void foo(int y) {
    int x = -5000;

    /*@ 
      loop invariant  ((x == -5000) && (y == \at(y, Pre))) || (y >= 0) ;
      loop invariant  ((x == -5000) && (y == \at(y, Pre))) || (x == -5000 + k * \at(y, Pre) + k * (k - 1) / 2) ;
    */
    while (x < 0) {
        x  = x + y;
        y  = y + 1;
    }
    
    /*@ assert y > 0; */
}

syntax Error
[kernel] Parsing output/83.c (with preprocessing)
[kernel:annot-error] output/83.c:7: Warning: 
  unbound logic variable k. Ignoring loop annotation
[kernel] User Error: warning annot-error treated as fatal error.
[kernel] Frama-C aborted: invalid user input.

syntax Error
[kernel] Parsing output/83.c (with preprocessing)
[kernel:annot-error] output/83.c:7: Warning: 
  unbound logic variable k. Ignoring loop annotation
[kernel] User Error: warning annot-error treated as fatal error.
[kernel] Frama-C aborted: invalid user input.

syntax Error
[kernel] Parsing output/83.c (with preprocessing)
[kernel:annot-error] output/83.c:7: Warning: 
  unbound logic variable k. Ignoring loop annotation
[kernel] User Error: warning annot-error treated as fatal error.
[kernel] Frama-C aborted: invalid user input.

: 83.c -> finish
-----------------------------------------

 83.c . : 404.6439883708954
-----------------------------------------
finshed_files:['29.c', '87.c', '9.c', '107.c', '65.c', '59.c', '46.c', '60.c', '78.c', '11.c', '132.c', '70.c', '121.c', '94.c', '109.c', '61.c', '120.c', '42.c', '33.c', '17.c', '105.c', '101.c', '38.c', '40.c', '88.c', '4.c', '114.c', '8.c', '84.c', '83.c']
