file:88.c
Successfully generated loop/88.json
INNER_FLAG: False
Variable Maps: [{'y': 'x@pre + 1', 'lock': '1', 'x': 'x@pre'}]
Path conditions: [None]
Pre condition: (y == x@pre + 1) * (lock == 1) * (x == x@pre)
Loop Condition: x != y
Updated Loop Conditions: ['x@pre != x@pre + 1']
Global Unchanged Variables []
Non Inductive Variables ['lock', 'x', 'lock', 'x']
[{'y': 'x@pre + 1', 'lock': '1', 'x': 'x@pre'}]
[None]

            
    /* >>> LOOP INVARIANT TO FILL <<< 
       >>> PRECONDITION OF THE LOOP : (y == \at(x, Pre) + 1) * (lock == 1) * (x == \at(x, Pre)) <<< */
    
            /*@
            */
            while (x != y) {
        if ( unknown() ) {
          
          lock  = 1;
          x  = y;
          
        } else {
          
          lock  = 0;
          x  = y;
          y  = y + 1;
          
        }
 
    }
            

            
    /* >>> LOOP INVARIANT TO FILL <<< 
       >>> PRECONDITION OF THE LOOP : (y == \at(x, Pre) + 1) * (lock == 1) * (x == \at(x, Pre)) <<< */
    
            /*@
          loop invariant (\at(x, Pre) != \at(x, Pre) + 1) ==> (((y == \at(x, Pre) + 1)&&(lock == 1)&&(x == \at(x, Pre))) || (PLACE_HOLDER_x));
          loop invariant (\at(x, Pre) != \at(x, Pre) + 1) ==> (((y == \at(x, Pre) + 1)&&(lock == 1)&&(x == \at(x, Pre))) || (PLACE_HOLDER_lock));
          loop invariant (\at(x, Pre) != \at(x, Pre) + 1) ==> (((y == \at(x, Pre) + 1)&&(lock == 1)&&(x == \at(x, Pre))) || (PLACE_HOLDER_y));
          loop invariant (!(\at(x, Pre) != \at(x, Pre) + 1)) ==> ((y == \at(x, Pre) + 1)&&(lock == 1)&&(x == \at(x, Pre)));
            */
            while (x != y) {
        if ( unknown() ) {
          
          lock  = 1;
          x  = y;
          
        } else {
          
          lock  = 0;
          x  = y;
          y  = y + 1;
          
        }
 
    }
            
int unknown();

int main(int x) {

    int lock = 1;
    int y = x + 1;

    
            
    /* >>> LOOP INVARIANT TO FILL <<< 
       >>> PRECONDITION OF THE LOOP : (y == \at(x, Pre) + 1) * (lock == 1) * (x == \at(x, Pre)) <<< */
    
            /*@
          loop invariant (\at(x, Pre) != \at(x, Pre) + 1) ==> (((y == \at(x, Pre) + 1)&&(lock == 1)&&(x == \at(x, Pre))) || (PLACE_HOLDER_x));
          loop invariant (\at(x, Pre) != \at(x, Pre) + 1) ==> (((y == \at(x, Pre) + 1)&&(lock == 1)&&(x == \at(x, Pre))) || (PLACE_HOLDER_lock));
          loop invariant (\at(x, Pre) != \at(x, Pre) + 1) ==> (((y == \at(x, Pre) + 1)&&(lock == 1)&&(x == \at(x, Pre))) || (PLACE_HOLDER_y));
          loop invariant (!(\at(x, Pre) != \at(x, Pre) + 1)) ==> ((y == \at(x, Pre) + 1)&&(lock == 1)&&(x == \at(x, Pre)));
            */
            while (x != y) {
        if ( unknown() ) {
          
          lock  = 1;
          x  = y;
          
        } else {
          
          lock  = 0;
          x  = y;
          y  = y + 1;
          
        }
 
    }
            
    /*@ assert lock == 1;*/
  }
Let's analyze the provided C loop program systematically, identifying the loop invariants that will help in verifying the post-condition using Frama-C.

### a. Purpose and Structure of the Loop

**Objective of the Loop:**
The loop aims to synchronize the values of `x` and `y` based on a certain condition evaluated by the `unknown()` function. The loop continues until `x` equals `y`, modifying `x` and `y` as necessary based on the outcome of the `unknown()` function.

**Loop Structure:**
- The loop condition is `x != y`. The loop will execute as long as `x` is not equal to `y`.
- Inside the loop, there are two branches controlled by the `unknown()` function:
  - If `unknown()` returns true, `lock` is set to 1, and `x` is set to `y`.
  - If `unknown()` returns false, `lock` is set to 0, `x` is set to `y`, and `y` is incremented by 1.
  
### b. Discussion of the Loop Invariant

**Proposed Loop Invariant:**
Let's define the invariant as:
- `lock == 1 || lock == 0`
- `y >= \at(x, Pre) + 1`
- `x <= y`

This invariant is valid because:
1. **lock** must always be either 1 or 0, which reflects the state of the lock.
2. **y** must always be at least `\at(x, Pre) + 1` because `y` starts with this value and is only incremented in the loop.
3. **x** is constrained to be less than or equal to **y** as the loop continues until they are equal.

### c. Establishment

**Establishment Condition:**
Before the loop starts, `y` is initialized to `\at(x, Pre) + 1`, `lock` is set to 1, and `x` is equal to `\at(x, Pre)`. Therefore, at the beginning of the loop:
- `lock == 1`
- `y == \at(x, Pre) + 1`
- `x == \at(x, Pre)`

These values satisfy the proposed invariant.

### d. Preservation

**Preservation Condition:**
At the start of each iteration, we have:
1. If `unknown()` returns true, `x` is set to `y`, and `lock` remains 1. Thus, `lock == 1 || lock == 0` is preserved.
2. If `unknown()` returns false, `x` is again set to `y`, and `y` is incremented by 1. The condition `y >= \at(x, Pre) + 1` remains true as it was increased, and `x <= y` holds since `x` is set to `y`.

### e. Termination Analysis of the Loop

**Termination:**
The loop terminates when `x` equals `y`. At termination:
- `x == y`
- Since `y` is at least `\at(x, Pre) + 1`, `x` must also be at least `\at(x, Pre) + 1` when the loop ends.

Thus, the loop invariant still holds true because the conditions that defined it are satisfied.

### f. Correctness of the Post-condition

**Post-condition:**
The post-condition asserts `lock == 1`. Given the structure of the loop, when `x` equals `y`, if `unknown()` was ever true during iterations leading up to termination, `lock` would remain as 1, ensuring that the post-condition holds true.

### g. Implication of the Pre-condition

**Pre-condition Implication:**
The pre-condition `(y == \at(x, Pre) + 1) * (lock == 1) * (x == \at(x, Pre))` directly implies the established invariant because:
- `y` is initialized to `\at(x, Pre) + 1`
- `lock` starts at 1, which is part of the invariant
- `x` is initialized to `\at(x, Pre)`, fulfilling the conditions needed for our invariant.

### Complete C Loop Program with Invariant Annotations

Now, let's fill in the `PLACE_HOLDER` with the derived loop invariant:

```c
int unknown();

int main(int x) {

    int lock = 1;
    int y = x + 1;

    
            
    /* >>> LOOP INVARIANT TO FILL <<< 
       >>> PRECONDITION OF THE LOOP : (y == \at(x, Pre) + 1) * (lock == 1) * (x == \at(x, Pre)) <<< */
    
            /*@
          loop invariant (\at(x, Pre) != \at(x, Pre) + 1) ==> (((y == \at(x, Pre) + 1)&&(lock == 1)&&(x == \at(x, Pre))) || (lock == 1 || lock == 0));
          loop invariant (\at(x, Pre) != \at(x, Pre) + 1) ==> (((y == \at(x, Pre) + 1)&&(lock == 1)&&(x == \at(x, Pre))) || (y >= \at(x, Pre) + 1));
          loop invariant (\at(x, Pre) != \at(x, Pre) + 1) ==> (((y == \at(x, Pre) + 1)&&(lock == 1)&&(x == \at(x, Pre))) || (x <= y));
          loop invariant (!(\at(x, Pre) != \at(x, Pre) + 1)) ==> ((y == \at(x, Pre) + 1)&&(lock == 1)&&(x == \at(x, Pre)));
            */
            while (x != y) {
        if ( unknown() ) {
          
          lock  = 1;
          x  = y;
          
        } else {
          
          lock  = 0;
          x  = y;
          y  = y + 1;
          
        }
 
    }
            
    /*@ assert lock == 1;*/
}
``` 

This implementation should facilitate Frama-C in verifying the post-conditions and validating the loop's behavior.

int unknown();

int main(int x) {

    int lock = 1;
    int y = x + 1;

    
            
            /*@
          loop invariant (\at(x, Pre) != \at(x, Pre) + 1) ==> (((y == \at(x, Pre) + 1)&&(lock == 1)&&(x == \at(x, Pre))) || (lock == 1 || lock == 0));
          loop invariant (\at(x, Pre) != \at(x, Pre) + 1) ==> (((y == \at(x, Pre) + 1)&&(lock == 1)&&(x == \at(x, Pre))) || (y >= \at(x, Pre) + 1));
          loop invariant (\at(x, Pre) != \at(x, Pre) + 1) ==> (((y == \at(x, Pre) + 1)&&(lock == 1)&&(x == \at(x, Pre))) || (x <= y));
          loop invariant (!(\at(x, Pre) != \at(x, Pre) + 1)) ==> ((y == \at(x, Pre) + 1)&&(lock == 1)&&(x == \at(x, Pre)));
            */
            while (x != y) {
        if ( unknown() ) {
          
          lock  = 1;
          x  = y;
          
        } else {
          
          lock  = 0;
          x  = y;
          y  = y + 1;
          
        }
 
    }
            
    /*@ assert lock == 1;*/
}


int unknown();

int main(int x) {

    int lock = 1;
    int y = x + 1;

    
            
            /*@
          loop invariant (\at(x, Pre) != \at(x, Pre) + 1) ==> (((y == \at(x, Pre) + 1)&&(lock == 1)&&(x == \at(x, Pre))) || (lock == 1 || lock == 0));
          loop invariant (\at(x, Pre) != \at(x, Pre) + 1) ==> (((y == \at(x, Pre) + 1)&&(lock == 1)&&(x == \at(x, Pre))) || (y >= \at(x, Pre) + 1));
          loop invariant (\at(x, Pre) != \at(x, Pre) + 1) ==> (((y == \at(x, Pre) + 1)&&(lock == 1)&&(x == \at(x, Pre))) || (x <= y));
          loop invariant (!(\at(x, Pre) != \at(x, Pre) + 1)) ==> ((y == \at(x, Pre) + 1)&&(lock == 1)&&(x == \at(x, Pre)));
            */
            while (x != y) {
        if ( unknown() ) {
          
          lock  = 1;
          x  = y;
          
        } else {
          
          lock  = 0;
          x  = y;
          y  = y + 1;
          
        }
 
    }
            
    /*@ assert lock == 1;*/
}

syntax Correct
Validate:
[True, True, True, True]

Verify:
[False]

Goal Assertion (file output/88.c, line 33):
Let x_1 = 1 + x.
Assume {
  Type: is_sint32(lock_0) /\ is_sint32(x) /\ is_sint32(y) /\
      is_sint32(y - 1).
  (* Invariant *)
  Have: (lock_0 = 0) \/ (lock_0 = 1) \/
      ((lock_0 = 1) /\ (y = x) /\ (x_1 = y)).
  (* Invariant *)
  Have: (y <= x) \/ ((lock_0 = 1) /\ (y = x) /\ (x_1 = y)).
}
Prove: lock_0 = 1.
Prover Z3 4.8.12 returns Timeout (Qed:4ms) (3s)
Error found in file: output/88.c at line: 33
Error line content: /*@ assert lock == 1;*/

### Error Analysis:

The error indicates that the current loop invariant is not strong enough to guarantee that `lock` will be `1` after the loop terminates. The provided invariants do not sufficiently constrain the relationship between `lock`, `x`, and `y`. 

1. The assertion `/*@ assert lock == 1; */` is failing because the invariants do not adequately ensure that the `lock` variable remains `1` when the loop terminates. The existing invariant conditions allow for the possibility that `lock` can be `0`, which contradicts the post-condition.

2. To strengthen the invariants, we need to ensure that when `lock` is `1`, the loop's conditions lead to `x` equating to `y`, thus confirming that `lock` is indeed `1` upon termination of the loop.

3. The invariant must ensure that if `lock` is `0`, it can only occur when `x` has not yet equaled `y`, and once `lock` is set to `1`, it remains so until `x` equals `y`.

### Fixed C Code:

```c
int unknown();

int main(int x) {

    int lock = 1;
    int y = x + 1;

    
            
            /*@
          loop invariant (\at(x, Pre) != \at(x, Pre) + 1) ==> (((y == \at(x, Pre) + 1)&&(lock == 1)&&(x == \at(x, Pre))) || (lock == 1));
          loop invariant (\at(x, Pre) != \at(x, Pre) + 1) ==> (((y == \at(x, Pre) + 1)&&(lock == 1)&&(x == \at(x, Pre))) || (y >= \at(x, Pre) + 1));
          loop invariant (\at(x, Pre) != \at(x, Pre) + 1) ==> (((y == \at(x, Pre) + 1)&&(lock == 1)&&(x == \at(x, Pre))) || (x <= y));
          loop invariant (!(\at(x, Pre) != \at(x, Pre) + 1)) ==> ((y == \at(x, Pre) + 1)&&(lock == 1)&&(x == \at(x, Pre)));
            */
            while (x != y) {
        if ( unknown() ) {
          
          lock  = 1;
          x  = y;
          
        } else {
          
          lock  = 0;
          x  = y;
          y  = y + 1;
          
        }
 
    }
            
    /*@ assert lock == 1;*/
}
```
after strength

int unknown();

int main(int x) {

    int lock = 1;
    int y = x + 1;

    
            
            /*@
          loop invariant (\at(x, Pre) != \at(x, Pre) + 1) ==> (((y == \at(x, Pre) + 1)&&(lock == 1)&&(x == \at(x, Pre))) || (lock == 1));
          loop invariant (\at(x, Pre) != \at(x, Pre) + 1) ==> (((y == \at(x, Pre) + 1)&&(lock == 1)&&(x == \at(x, Pre))) || (y >= \at(x, Pre) + 1));
          loop invariant (\at(x, Pre) != \at(x, Pre) + 1) ==> (((y == \at(x, Pre) + 1)&&(lock == 1)&&(x == \at(x, Pre))) || (x <= y));
          loop invariant (!(\at(x, Pre) != \at(x, Pre) + 1)) ==> ((y == \at(x, Pre) + 1)&&(lock == 1)&&(x == \at(x, Pre)));
            */
            while (x != y) {
        if ( unknown() ) {
          
          lock  = 1;
          x  = y;
          
        } else {
          
          lock  = 0;
          x  = y;
          y  = y + 1;
          
        }
 
    }
            
    /*@ assert lock == 1;*/
}

syntax Correct
Validate:
[False, True, True, True]

Goal Preservation of Invariant (file output/88.c, line 12):
Let x_1 = 1 + x.
Assume {
  Type: is_sint32(lock_0) /\ is_sint32(x) /\ is_sint32(y) /\
      is_sint32(y_1) /\ is_sint32(y_1 - 1) /\ is_sint32(1 + y).
  (* Invariant *)
  Have: (lock_0 = 1) \/ ((lock_0 = 1) /\ (y_1 = y) /\ (x_1 = y_1)).
  (* Invariant *)
  Have: (y_1 <= y) \/ ((lock_0 = 1) /\ (y_1 = y) /\ (x_1 = y_1)).
  (* Invariant *)
  Have: (x <= y) \/ ((lock_0 = 1) /\ (y_1 = y) /\ (x_1 = y_1)).
  (* Then *)
  Have: y != x.
}
Prove: false.
Prover Z3 4.8.12 returns Timeout (Qed:38ms) (3s)
Error found in file: output/88.c at line: 12
Error line content: loop invariant (\at(x, Pre) != \at(x, Pre) + 1) ==> (((y == \at(x, Pre) + 1)&&(lock == 1)&&(x == \at(x, Pre))) || (lock == 1));

Verify:
[True]


int unknown();

int main(int x) {

    int lock = 1;
    int y = x + 1;

    
            
            /*@
          loop invariant (\at(x, Pre) != \at(x, Pre) + 1) ==> (((y == \at(x, Pre) + 1)&&(lock == 1)&&(x == \at(x, Pre))) || (lock == 1)) [INVARIANT FAILED] ;
          loop invariant (\at(x, Pre) != \at(x, Pre) + 1) ==> (((y == \at(x, Pre) + 1)&&(lock == 1)&&(x == \at(x, Pre))) || (y >= \at(x, Pre) + 1));
          loop invariant (\at(x, Pre) != \at(x, Pre) + 1) ==> (((y == \at(x, Pre) + 1)&&(lock == 1)&&(x == \at(x, Pre))) || (x <= y));
          loop invariant (!(\at(x, Pre) != \at(x, Pre) + 1)) ==> ((y == \at(x, Pre) + 1)&&(lock == 1)&&(x == \at(x, Pre)));
            */
            while (x != y) {
        if ( unknown() ) {
          
          lock  = 1;
          x  = y;
          
        } else {
          
          lock  = 0;
          x  = y;
          y  = y + 1;
          
        }
 
    }
            
    /*@ assert lock == 1;*/
}

1. **Error Analysis:**

   The error indicates that the loop invariant does not hold true after some iterations of the loop, which is a failure of the preservation condition. The invariant in question is:

   ```
   loop invariant (\at(x, Pre) != \at(x, Pre) + 1) ==> (((y == \at(x, Pre) + 1)&&(lock == 1)&&(x == \at(x, Pre))) || (lock == 1));
   ```
   
   The invariant should ensure that the values of `y`, `lock`, and `x` remain in a consistent state throughout the loop. However, the presence of strict equality checks (like `y == \at(x, Pre) + 1`) may restrict the states that can be reached, especially given that `y` is modified during the loop execution, which can lead to invalid states when `lock` is set to `0` in certain conditions.

   To address this, we can replace the strict equality constraints with range constraints that allow for a broader set of valid states. This will help ensure that the invariant holds during both the establishment and preservation phases.

2. **Fixed C Code:**

   ```c
   int unknown();

   int main(int x) {

       int lock = 1;
       int y = x + 1;

       
               
               /*@
             loop invariant (\at(x, Pre) != \at(x, Pre) + 1) ==> (((y >= \at(x, Pre) + 1)&&(lock == 1)&&(x == \at(x, Pre))) || (lock == 1));
             loop invariant (\at(x, Pre) != \at(x, Pre) + 1) ==> (((y >= \at(x, Pre) + 1)&&(lock == 1)&&(x == \at(x, Pre))) || (y >= \at(x, Pre) + 1));
             loop invariant (\at(x, Pre) != \at(x, Pre) + 1) ==> (((y >= \at(x, Pre) + 1)&&(lock == 1)&&(x == \at(x, Pre))) || (x <= y));
             loop invariant (!(\at(x, Pre) != \at(x, Pre) + 1)) ==> ((y == \at(x, Pre) + 1)&&(lock == 1)&&(x == \at(x, Pre)));
               */
               while (x != y) {
           if ( unknown() ) {
             
             lock  = 1;
             x  = y;
             
           } else {
             
             lock  = 0;
             x  = y;
             y  = y + 1;
             
           }
    
       }
               
       /*@ assert lock == 1;*/
   }
   ```
after weaken

   int unknown();

   int main(int x) {

       int lock = 1;
       int y = x + 1;

       
               
               /*@
             loop invariant (\at(x, Pre) != \at(x, Pre) + 1) ==> (((y >= \at(x, Pre) + 1)&&(lock == 1)&&(x == \at(x, Pre))) || (lock == 1));
             loop invariant (\at(x, Pre) != \at(x, Pre) + 1) ==> (((y >= \at(x, Pre) + 1)&&(lock == 1)&&(x == \at(x, Pre))) || (y >= \at(x, Pre) + 1));
             loop invariant (\at(x, Pre) != \at(x, Pre) + 1) ==> (((y >= \at(x, Pre) + 1)&&(lock == 1)&&(x == \at(x, Pre))) || (x <= y));
             loop invariant (!(\at(x, Pre) != \at(x, Pre) + 1)) ==> ((y == \at(x, Pre) + 1)&&(lock == 1)&&(x == \at(x, Pre)));
               */
               while (x != y) {
           if ( unknown() ) {
             
             lock  = 1;
             x  = y;
             
           } else {
             
             lock  = 0;
             x  = y;
             y  = y + 1;
             
           }
    
       }
               
       /*@ assert lock == 1;*/
   }
   
syntax Correct
Validate:
[False, True, True, True]

Goal Preservation of Invariant (file output/88.c, line 12):
Let x_1 = 1 + x.
Assume {
  Type: is_sint32(lock_0) /\ is_sint32(x) /\ is_sint32(y) /\
      is_sint32(y_1) /\ is_sint32(y_1 - 1) /\ is_sint32(1 + y).
  (* Invariant *)
  Have: (lock_0 = 1) \/ ((lock_0 = 1) /\ (x_1 = y_1) /\ (y_1 <= y)).
  (* Invariant *)
  Have: (y_1 <= y) \/ ((lock_0 = 1) /\ (x_1 = y_1) /\ (y_1 <= y)).
  (* Invariant *)
  Have: (x <= y) \/ ((lock_0 = 1) /\ (x_1 = y_1) /\ (y_1 <= y)).
  (* Then *)
  Have: y != x.
}
Prove: false.
Prover Z3 4.8.12 returns Timeout (Qed:39ms) (3s)
Error found in file: output/88.c at line: 12
Error line content: loop invariant (\at(x, Pre) != \at(x, Pre) + 1) ==> (((y >= \at(x, Pre) + 1)&&(lock == 1)&&(x == \at(x, Pre))) || (lock == 1));

Verify:
[True]


   int unknown();

   int main(int x) {

       int lock = 1;
       int y = x + 1;

       
               
               /*@
             loop invariant (\at(x, Pre) != \at(x, Pre) + 1) ==> (((y >= \at(x, Pre) + 1)&&(lock == 1)&&(x == \at(x, Pre))) || (lock == 1)) [INVARIANT FAILED] ;
             loop invariant (\at(x, Pre) != \at(x, Pre) + 1) ==> (((y >= \at(x, Pre) + 1)&&(lock == 1)&&(x == \at(x, Pre))) || (y >= \at(x, Pre) + 1));
             loop invariant (\at(x, Pre) != \at(x, Pre) + 1) ==> (((y >= \at(x, Pre) + 1)&&(lock == 1)&&(x == \at(x, Pre))) || (x <= y));
             loop invariant (!(\at(x, Pre) != \at(x, Pre) + 1)) ==> ((y == \at(x, Pre) + 1)&&(lock == 1)&&(x == \at(x, Pre)));
               */
               while (x != y) {
           if ( unknown() ) {
             
             lock  = 1;
             x  = y;
             
           } else {
             
             lock  = 0;
             x  = y;
             y  = y + 1;
             
           }
    
       }
               
       /*@ assert lock == 1;*/
   }
   
1. **Error Analysis:**

   The "Goal Preservation of Invariant" error indicates that the loop invariant fails to hold after certain iterations of the loop. In particular, the invariant is expected to remain true after the changes made by the loop body. The current invariant checks whether `y` is greater than or equal to `\at(x, Pre) + 1`, which may not be strong enough to ensure that it remains valid after executing the loop body when `lock` is set to `0` and `y` is incremented.

   To address this, we will modify the invariant to use range constraints instead of strict equality or greater-than checks, which can lead to inconsistencies when updates occur. By replacing the equality constraints with broader range constraints, we can ensure that the invariant holds across iterations.

2. **Fixed C Code:**

```c
int unknown();

int main(int x) {

    int lock = 1;
    int y = x + 1;

    
    /*@
      loop invariant (\at(x, Pre) != \at(x, Pre) + 1) ==> (((y >= \at(x, Pre) + 1)&&(lock == 1)&&(x == \at(x, Pre))) || (lock == 1));
      loop invariant (\at(x, Pre) != \at(x, Pre) + 1) ==> (((y >= \at(x, Pre) + 1)&&(lock == 1)&&(x == \at(x, Pre))) || (y >= \at(x, Pre) + 1));
      loop invariant (\at(x, Pre) != \at(x, Pre) + 1) ==> (((y >= \at(x, Pre) + 1)&&(lock == 1)&&(x == \at(x, Pre))) || (x <= y));
      loop invariant (!(\at(x, Pre) != \at(x, Pre) + 1)) ==> ((y == \at(x, Pre) + 1)&&(lock == 1)&&(x == \at(x, Pre)));
    */
    while (x != y) {
        if ( unknown() ) {
            lock  = 1;
            x  = y;
        } else {
            lock  = 0;
            x  = y;
            y  = y + 1;
        }
    }

    /*@ assert lock == 1;*/
}
```
after weaken

int unknown();

int main(int x) {

    int lock = 1;
    int y = x + 1;

    
    /*@
      loop invariant (\at(x, Pre) != \at(x, Pre) + 1) ==> (((y >= \at(x, Pre) + 1)&&(lock == 1)&&(x == \at(x, Pre))) || (lock == 1));
      loop invariant (\at(x, Pre) != \at(x, Pre) + 1) ==> (((y >= \at(x, Pre) + 1)&&(lock == 1)&&(x == \at(x, Pre))) || (y >= \at(x, Pre) + 1));
      loop invariant (\at(x, Pre) != \at(x, Pre) + 1) ==> (((y >= \at(x, Pre) + 1)&&(lock == 1)&&(x == \at(x, Pre))) || (x <= y));
      loop invariant (!(\at(x, Pre) != \at(x, Pre) + 1)) ==> ((y == \at(x, Pre) + 1)&&(lock == 1)&&(x == \at(x, Pre)));
    */
    while (x != y) {
        if ( unknown() ) {
            lock  = 1;
            x  = y;
        } else {
            lock  = 0;
            x  = y;
            y  = y + 1;
        }
    }

    /*@ assert lock == 1;*/
}

syntax Correct
Validate:
[False, True, True, True]

Goal Preservation of Invariant (file output/88.c, line 11):
Let x_1 = 1 + x.
Assume {
  Type: is_sint32(lock_0) /\ is_sint32(x) /\ is_sint32(y) /\
      is_sint32(y_1) /\ is_sint32(y_1 - 1) /\ is_sint32(1 + y).
  (* Invariant *)
  Have: (lock_0 = 1) \/ ((lock_0 = 1) /\ (x_1 = y_1) /\ (y_1 <= y)).
  (* Invariant *)
  Have: (y_1 <= y) \/ ((lock_0 = 1) /\ (x_1 = y_1) /\ (y_1 <= y)).
  (* Invariant *)
  Have: (x <= y) \/ ((lock_0 = 1) /\ (x_1 = y_1) /\ (y_1 <= y)).
  (* Then *)
  Have: y != x.
}
Prove: false.
Prover Z3 4.8.12 returns Timeout (Qed:38ms) (3s)
Error found in file: output/88.c at line: 11
Error line content: loop invariant (\at(x, Pre) != \at(x, Pre) + 1) ==> (((y >= \at(x, Pre) + 1)&&(lock == 1)&&(x == \at(x, Pre))) || (lock == 1));

Verify:
[True]

after hudini

int unknown();

int main(int x) {

    int lock = 1;
    int y = x + 1;

    
    /*@      loop invariant (\at(x, Pre) != \at(x, Pre) + 1) ==> (((y >= \at(x, Pre) + 1)&&(lock == 1)&&(x == \at(x, Pre))) || (y >= \at(x, Pre) + 1));
      loop invariant (\at(x, Pre) != \at(x, Pre) + 1) ==> (((y >= \at(x, Pre) + 1)&&(lock == 1)&&(x == \at(x, Pre))) || (x <= y));
      loop invariant (!(\at(x, Pre) != \at(x, Pre) + 1)) ==> ((y == \at(x, Pre) + 1)&&(lock == 1)&&(x == \at(x, Pre)));
    */
    while (x != y) {
        if ( unknown() ) {
            lock  = 1;
            x  = y;
        } else {
            lock  = 0;
            x  = y;
            y  = y + 1;
        }
    }

    /*@ assert lock == 1;*/
}

syntax Correct
Validate:
[True, True, True]

Verify:
[False]

Goal Assertion (file output/88.c, line 25):
Assume {
  Type: is_sint32(lock_0) /\ is_sint32(x) /\ is_sint32(y) /\
      is_sint32(y - 1).
  (* Invariant *)
  Have: (y <= x) \/ ((lock_0 = 1) /\ ((1 + x) = y) /\ (y <= x)).
}
Prove: lock_0 = 1.
Prover Z3 4.8.12 returns Timeout (Qed:4ms) (3s)
Error found in file: output/88.c at line: 25
Error line content: /*@ assert lock == 1;*/

after hudini

int unknown();

int main(int x) {

    int lock = 1;
    int y = x + 1;

    
    /*@      loop invariant (\at(x, Pre) != \at(x, Pre) + 1) ==> (((y >= \at(x, Pre) + 1)&&(lock == 1)&&(x == \at(x, Pre))) || (y >= \at(x, Pre) + 1));
      loop invariant (\at(x, Pre) != \at(x, Pre) + 1) ==> (((y >= \at(x, Pre) + 1)&&(lock == 1)&&(x == \at(x, Pre))) || (x <= y));
      loop invariant (!(\at(x, Pre) != \at(x, Pre) + 1)) ==> ((y == \at(x, Pre) + 1)&&(lock == 1)&&(x == \at(x, Pre)));
    */
    while (x != y) {
        if ( unknown() ) {
            lock  = 1;
            x  = y;
        } else {
            lock  = 0;
            x  = y;
            y  = y + 1;
        }
    }

    /*@ assert lock == 1;*/
}

syntax Correct
Validate:
[True, True, True]

Verify:
[False]

Goal Assertion (file output/88.c, line 25):
Assume {
  Type: is_sint32(lock_0) /\ is_sint32(x) /\ is_sint32(y) /\
      is_sint32(y - 1).
  (* Invariant *)
  Have: (y <= x) \/ ((lock_0 = 1) /\ ((1 + x) = y) /\ (y <= x)).
}
Prove: lock_0 = 1.
Prover Z3 4.8.12 returns Timeout (Qed:4ms) (3s)
Error found in file: output/88.c at line: 25
Error line content: /*@ assert lock == 1;*/

syntax Correct
Validate:
[True, True, True]

Verify:
[False]

Goal Assertion (file output/88.c, line 25):
Assume {
  Type: is_sint32(lock_0) /\ is_sint32(x) /\ is_sint32(y) /\
      is_sint32(y - 1).
  (* Invariant *)
  Have: (y <= x) \/ ((lock_0 = 1) /\ ((1 + x) = y) /\ (y <= x)).
}
Prove: lock_0 = 1.
Prover Z3 4.8.12 returns Timeout (Qed:4ms) (3s)
Error found in file: output/88.c at line: 25
Error line content: /*@ assert lock == 1;*/

[(117, 338, 0)]
[(117, 338, 0)]
[(117, 338, 0)]
[(117, 338, 0)]
Loop 0 : Outer
Sorted indices: [0]
File found: ../sac_c_parser/test/../ip_postcond/goal/88_goal.v. Deleting the file.
File found: ../sac_c_parser/test/../ip_postcond/goal/88_proof_auto.v. Deleting the file.
File found: ../sac_c_parser/test/../ip_postcond/goal/88_proof_manual.v. Deleting the file.
LoopEntry_0:
(y == x@pre + 1) * (lock == 1) * (x == x@pre)

Successfully generated loop/88.json
INNER_FLAG: False
Variable Maps: [{'y': 'x@pre + 1', 'lock': '1', 'x': 'x@pre'}]
Path conditions: [None]
Pre condition: (y == x@pre + 1) * (lock == 1) * (x == x@pre)
Loop Condition: x != y
Updated Loop Conditions: ['x@pre != x@pre + 1']
Global Unchanged Variables []
Non Inductive Variables ['lock', 'x', 'lock', 'x']
[{'y': 'x@pre + 1', 'lock': '1', 'x': 'x@pre'}]
[None]

            
    /* >>> LOOP INVARIANT TO FILL <<< 
       >>> PRECONDITION OF THE LOOP : (y == \at(x, Pre) + 1) * (lock == 1) * (x == \at(x, Pre)) <<< */
    
            /*@
            */
            while (x != y) {
        if ( unknown() ) {
          
          lock  = 1;
          x  = y;
          
        } else {
          
          lock  = 0;
          x  = y;
          y  = y + 1;
          
        }
 
    }
            

            
    /* >>> LOOP INVARIANT TO FILL <<< 
       >>> PRECONDITION OF THE LOOP : (y == \at(x, Pre) + 1) * (lock == 1) * (x == \at(x, Pre)) <<< */
    
            /*@
          loop invariant (\at(x, Pre) != \at(x, Pre) + 1) ==> (((y == \at(x, Pre) + 1)&&(lock == 1)&&(x == \at(x, Pre))) || (PLACE_HOLDER_x));
          loop invariant (\at(x, Pre) != \at(x, Pre) + 1) ==> (((y == \at(x, Pre) + 1)&&(lock == 1)&&(x == \at(x, Pre))) || (PLACE_HOLDER_lock));
          loop invariant (\at(x, Pre) != \at(x, Pre) + 1) ==> (((y == \at(x, Pre) + 1)&&(lock == 1)&&(x == \at(x, Pre))) || (PLACE_HOLDER_y));
          loop invariant (!(\at(x, Pre) != \at(x, Pre) + 1)) ==> ((y == \at(x, Pre) + 1)&&(lock == 1)&&(x == \at(x, Pre)));
            */
            while (x != y) {
        if ( unknown() ) {
          
          lock  = 1;
          x  = y;
          
        } else {
          
          lock  = 0;
          x  = y;
          y  = y + 1;
          
        }
 
    }
            
int unknown();

int main(int x) {

    int lock = 1;
    int y = x + 1;

    
            
    /* >>> LOOP INVARIANT TO FILL <<< 
       >>> PRECONDITION OF THE LOOP : (y == \at(x, Pre) + 1) * (lock == 1) * (x == \at(x, Pre)) <<< */
    
            /*@
          loop invariant (\at(x, Pre) != \at(x, Pre) + 1) ==> (((y == \at(x, Pre) + 1)&&(lock == 1)&&(x == \at(x, Pre))) || (PLACE_HOLDER_x));
          loop invariant (\at(x, Pre) != \at(x, Pre) + 1) ==> (((y == \at(x, Pre) + 1)&&(lock == 1)&&(x == \at(x, Pre))) || (PLACE_HOLDER_lock));
          loop invariant (\at(x, Pre) != \at(x, Pre) + 1) ==> (((y == \at(x, Pre) + 1)&&(lock == 1)&&(x == \at(x, Pre))) || (PLACE_HOLDER_y));
          loop invariant (!(\at(x, Pre) != \at(x, Pre) + 1)) ==> ((y == \at(x, Pre) + 1)&&(lock == 1)&&(x == \at(x, Pre)));
            */
            while (x != y) {
        if ( unknown() ) {
          
          lock  = 1;
          x  = y;
          
        } else {
          
          lock  = 0;
          x  = y;
          y  = y + 1;
          
        }
 
    }
            
    /*@ assert lock == 1;*/
  }
### Analysis of the Loop

#### a. Purpose and Structure of the Loop
The purpose of the loop in the provided C program is to synchronize the variable `x` with `y`, while also managing a `lock` variable. The loop continues iterating until `x` is equal to `y`. Within the loop, there is a conditional statement that checks the return value of `unknown()`. Depending on this value, the loop either sets `lock` to 1 or 0 and updates the values of `x` and `y`. The structure of the loop is driven by the condition `x != y`, which dictates when the loop should continue executing.

#### b. Discussion of the Loop Invariant
The proposed loop invariant must encapsulate the relationship between `x`, `y`, and `lock` throughout each iteration. A valid loop invariant could be that `y` is always greater than `x` by at least 1 when `lock` is 1, and that `lock` can only be 0 when `y` is incremented. This invariant helps maintain the conditions established by the pre-condition and the logic of the loop.

#### c. Establishment
Before the loop begins execution, the pre-condition ensures that `y` is initialized to `x + 1`, `lock` is set to 1, and `x` retains its initial value. Therefore, the loop invariant can be established as true because:
- `y == x + 1` implies that `y` is greater than `x`.
- The values of `lock` and `x` match those set in the pre-condition.

#### d. Preservation
At the start of each iteration, if the loop invariant holds true (e.g., `y > x`), we analyze both branches of the conditional statement:
1. If `unknown()` returns true, `lock` is set to 1 and `x` is updated to `y`, maintaining the relationship since `y` was previously `x + 1`.
2. If `unknown()` returns false, `lock` is set to 0, `x` is also set to `y`, and `y` is incremented. Here, the relationship `y > x` is preserved because `y` becomes greater than its previous value.

#### e. Termination Analysis of the Loop
The loop terminates when `x` equals `y`. At this point, we have:
- `lock` may be either 1 or 0, depending on the last iteration.
- The invariant is still valid because, when the loop exits, it is guaranteed that `y` was at least `x + 1` before the final assignment, ensuring the relationship holds.

#### f. Correctness of the Post-condition
Once the loop has finished executing, the assertion `lock == 1` can be validated. If the loop terminates, it means `x` has been updated to equal `y`, and the last state of `lock` (which was set to 1 when `x` was updated to `y`) satisfies the post-condition.

#### g. Implication of the Pre-condition
The given pre-condition guarantees that before the loop begins, `y` is initialized to `x + 1`, `lock` is set to 1, and `x` retains its initial value. This setup ensures that the invariant is established before the loop starts, thus fulfilling the requirements of the loop invariant.

### Complete C Loop Program with Invariant Annotations

```c
int unknown();

int main(int x) {
    int lock = 1;
    int y = x + 1;

    /*@
      loop invariant (\at(x, Pre) != \at(x, Pre) + 1) ==> (((y == \at(x, Pre) + 1) && (lock == 1) && (x == \at(x, Pre))) || (x >= \at(x, Pre) && y > x));
      loop invariant (\at(x, Pre) != \at(x, Pre) + 1) ==> (((y == \at(x, Pre) + 1) && (lock == 1) && (x == \at(x, Pre))) || (lock == 0 && y > x));
      loop invariant (\at(x, Pre) != \at(x, Pre) + 1) ==> (((y == \at(x, Pre) + 1) && (lock == 1) && (x == \at(x, Pre))) || (y > x));
      loop invariant (!(\at(x, Pre) != \at(x, Pre) + 1)) ==> ((y == \at(x, Pre) + 1) && (lock == 1) && (x == \at(x, Pre)));
    */
    while (x != y) {
        if (unknown()) {
            lock = 1;
            x = y;
        } else {
            lock = 0;
            x = y;
            y = y + 1;
        }
    }

    /*@ assert lock == 1;*/
}
```

int unknown();

int main(int x) {
    int lock = 1;
    int y = x + 1;

    /*@
      loop invariant (\at(x, Pre) != \at(x, Pre) + 1) ==> (((y == \at(x, Pre) + 1) && (lock == 1) && (x == \at(x, Pre))) || (x >= \at(x, Pre) && y > x));
      loop invariant (\at(x, Pre) != \at(x, Pre) + 1) ==> (((y == \at(x, Pre) + 1) && (lock == 1) && (x == \at(x, Pre))) || (lock == 0 && y > x));
      loop invariant (\at(x, Pre) != \at(x, Pre) + 1) ==> (((y == \at(x, Pre) + 1) && (lock == 1) && (x == \at(x, Pre))) || (y > x));
      loop invariant (!(\at(x, Pre) != \at(x, Pre) + 1)) ==> ((y == \at(x, Pre) + 1) && (lock == 1) && (x == \at(x, Pre)));
    */
    while (x != y) {
        if (unknown()) {
            lock = 1;
            x = y;
        } else {
            lock = 0;
            x = y;
            y = y + 1;
        }
    }

    /*@ assert lock == 1;*/
}


int unknown();

int main(int x) {
    int lock = 1;
    int y = x + 1;

    /*@
      loop invariant (\at(x, Pre) != \at(x, Pre) + 1) ==> (((y == \at(x, Pre) + 1) && (lock == 1) && (x == \at(x, Pre))) || (x >= \at(x, Pre) && y > x));
      loop invariant (\at(x, Pre) != \at(x, Pre) + 1) ==> (((y == \at(x, Pre) + 1) && (lock == 1) && (x == \at(x, Pre))) || (lock == 0 && y > x));
      loop invariant (\at(x, Pre) != \at(x, Pre) + 1) ==> (((y == \at(x, Pre) + 1) && (lock == 1) && (x == \at(x, Pre))) || (y > x));
      loop invariant (!(\at(x, Pre) != \at(x, Pre) + 1)) ==> ((y == \at(x, Pre) + 1) && (lock == 1) && (x == \at(x, Pre)));
    */
    while (x != y) {
        if (unknown()) {
            lock = 1;
            x = y;
        } else {
            lock = 0;
            x = y;
            y = y + 1;
        }
    }

    /*@ assert lock == 1;*/
}

syntax Correct
Validate:
[False, True, True, True]

Goal Preservation of Invariant (file output/88.c, line 9):
Let x_2 = 1 + x_1.
Let x_3 = 1 + x.
Assume {
  Type: is_sint32(lock_0) /\ is_sint32(lock_1) /\ is_sint32(tmp_0) /\
      is_sint32(x) /\ is_sint32(x_1) /\ is_sint32(y) /\ is_sint32(y_1) /\
      is_sint32(y_1 - 1).
  (* Invariant *)
  Have: ((x_1 < x) /\ (y_1 <= x_2)) \/
      ((lock_1 = 1) /\ (y_1 = x) /\ (x_2 = y_1)).
  (* Invariant *)
  Have: ((lock_1 = 0) /\ (x_1 < x)) \/
      ((lock_1 = 1) /\ (y_1 = x) /\ (x_2 = y_1)).
  (* Invariant *)
  Have: (x_1 < x) \/ ((lock_1 = 1) /\ (y_1 = x) /\ (x_2 = y_1)).
  (* Then *)
  Have: x_1 != x.
  If tmp_0 != 0
  Then { Have: y = x. Have: lock_0 = 1. }
  Else { Have: x_3 = y. Have: lock_0 = 0. }
}
Prove: ((x < y) /\ (y_1 <= x_3)) \/
    ((lock_0 = 1) /\ (y_1 = y) /\ (x_3 = y_1)).
Prover Z3 4.8.12 returns Timeout (Qed:45ms) (3s)
Error found in file: output/88.c at line: 9
Error line content: loop invariant (\at(x, Pre) != \at(x, Pre) + 1) ==> (((y == \at(x, Pre) + 1) && (lock == 1) && (x == \at(x, Pre))) || (x >= \at(x, Pre) && y > x));

Verify:
[True]


int unknown();

int main(int x) {
    int lock = 1;
    int y = x + 1;

    /*@
      loop invariant (\at(x, Pre) != \at(x, Pre) + 1) ==> (((y == \at(x, Pre) + 1) && (lock == 1) && (x == \at(x, Pre))) || (x >= \at(x, Pre) && y > x)) [INVARIANT FAILED] ;
      loop invariant (\at(x, Pre) != \at(x, Pre) + 1) ==> (((y == \at(x, Pre) + 1) && (lock == 1) && (x == \at(x, Pre))) || (lock == 0 && y > x));
      loop invariant (\at(x, Pre) != \at(x, Pre) + 1) ==> (((y == \at(x, Pre) + 1) && (lock == 1) && (x == \at(x, Pre))) || (y > x));
      loop invariant (!(\at(x, Pre) != \at(x, Pre) + 1)) ==> ((y == \at(x, Pre) + 1) && (lock == 1) && (x == \at(x, Pre)));
    */
    while (x != y) {
        if (unknown()) {
            lock = 1;
            x = y;
        } else {
            lock = 0;
            x = y;
            y = y + 1;
        }
    }

    /*@ assert lock == 1;*/
}

### Error Analysis:

The error reported by Frama-C indicates a failure in the "Goal Preservation of Invariant" for the loop invariant that was initially specified. The invariant's failure suggests that it does not remain valid after each iteration of the loop, which means the conditions defined in the invariant do not hold after executing the loop body, particularly during the transitions between states of the variables involved in the loop.

The specific invariant that fails is:
```c
loop invariant (\at(x, Pre) != \at(x, Pre) + 1) ==> (((y == \at(x, Pre) + 1) && (lock == 1) && (x == \at(x, Pre))) || (x >= \at(x, Pre) && y > x));
```

This invariant asserts that either `y` is equal to `x + 1` (initially) and `lock` is 1, or that `x` is at least equal to its initial value and `y` is greater than `x`. However, the condition `y > x` can become invalid in certain iterations of the loop, particularly when `x` is updated to equal `y`. 

To address this, we can weaken the invariant by replacing the strict equality condition with a range condition that allows for the possibility of `y` being equal to `x` after the update in the loop. This ensures that the invariant holds true regardless of the specific logic within the loop.

### Fixed C Code:

```c
int unknown();

int main(int x) {
    int lock = 1;
    int y = x + 1;

    /*@
      loop invariant (\at(x, Pre) != \at(x, Pre) + 1) ==> (((y == \at(x, Pre) + 1) && (lock == 1) && (x == \at(x, Pre))) || (x >= \at(x, Pre) && y >= x)); 
      loop invariant (\at(x, Pre) != \at(x, Pre) + 1) ==> (((y == \at(x, Pre) + 1) && (lock == 1) && (x == \at(x, Pre))) || (lock == 0 && y > x));
      loop invariant (\at(x, Pre) != \at(x, Pre) + 1) ==> (((y == \at(x, Pre) + 1) && (lock == 1) && (x == \at(x, Pre))) || (y > x));
      loop invariant (!(\at(x, Pre) != \at(x, Pre) + 1)) ==> ((y == \at(x, Pre) + 1) && (lock == 1) && (x == \at(x, Pre)));
    */
    while (x != y) {
        if (unknown()) {
            lock = 1;
            x = y;
        } else {
            lock = 0;
            x = y;
            y = y + 1;
        }
    }

    /*@ assert lock == 1;*/
}
```
after weaken

int unknown();

int main(int x) {
    int lock = 1;
    int y = x + 1;

    /*@
      loop invariant (\at(x, Pre) != \at(x, Pre) + 1) ==> (((y == \at(x, Pre) + 1) && (lock == 1) && (x == \at(x, Pre))) || (x >= \at(x, Pre) && y >= x)); 
      loop invariant (\at(x, Pre) != \at(x, Pre) + 1) ==> (((y == \at(x, Pre) + 1) && (lock == 1) && (x == \at(x, Pre))) || (lock == 0 && y > x));
      loop invariant (\at(x, Pre) != \at(x, Pre) + 1) ==> (((y == \at(x, Pre) + 1) && (lock == 1) && (x == \at(x, Pre))) || (y > x));
      loop invariant (!(\at(x, Pre) != \at(x, Pre) + 1)) ==> ((y == \at(x, Pre) + 1) && (lock == 1) && (x == \at(x, Pre)));
    */
    while (x != y) {
        if (unknown()) {
            lock = 1;
            x = y;
        } else {
            lock = 0;
            x = y;
            y = y + 1;
        }
    }

    /*@ assert lock == 1;*/
}

syntax Correct
Validate:
[True, False, True, True]

Goal Preservation of Invariant (file output/88.c, line 10):
Let x_2 = 1 + x.
Let x_3 = 1 + x_1.
Assume {
  Type: is_sint32(lock_0) /\ is_sint32(tmp_0) /\ is_sint32(x) /\
      is_sint32(x_1) /\ is_sint32(y) /\ is_sint32(y - 1).
  (* Residual *)
  When: tmp_0 != 0.
  (* Invariant *)
  Have: ((x_1 <= x) /\ (y <= x_3)) \/ ((lock_0 = 1) /\ (y = x) /\ (x_3 = y)).
  (* Invariant *)
  Have: ((lock_0 = 0) /\ (x_1 < x)) \/
      ((lock_0 = 1) /\ (y = x) /\ (x_3 = y)).
  (* Invariant *)
  Have: (x_1 < x) \/ ((lock_0 = 1) /\ (y = x) /\ (x_3 = y)).
  (* Then *)
  Have: x_1 != x.
  (* Invariant *)
  Have: (y <= x_2) \/ ((y = x) /\ (x_2 = y)).
}
Prove: (y = x) /\ (x_2 = y).
Prover Z3 4.8.12 returns Timeout (Qed:48ms) (3s)
Error found in file: output/88.c at line: 10
Error line content: loop invariant (\at(x, Pre) != \at(x, Pre) + 1) ==> (((y == \at(x, Pre) + 1) && (lock == 1) && (x == \at(x, Pre))) || (lock == 0 && y > x));

Verify:
[True]


int unknown();

int main(int x) {
    int lock = 1;
    int y = x + 1;

    /*@
      loop invariant (\at(x, Pre) != \at(x, Pre) + 1) ==> (((y == \at(x, Pre) + 1) && (lock == 1) && (x == \at(x, Pre))) || (x >= \at(x, Pre) && y >= x)); 
      loop invariant (\at(x, Pre) != \at(x, Pre) + 1) ==> (((y == \at(x, Pre) + 1) && (lock == 1) && (x == \at(x, Pre))) || (lock == 0 && y > x));
      loop invariant (\at(x, Pre) != \at(x, Pre) + 1) ==> (((y == \at(x, Pre) + 1) && (lock == 1) && (x == \at(x, Pre))) || (y > x)) [INVARIANT FAILED] ;
      loop invariant (!(\at(x, Pre) != \at(x, Pre) + 1)) ==> ((y == \at(x, Pre) + 1) && (lock == 1) && (x == \at(x, Pre)));
    */
    while (x != y) {
        if (unknown()) {
            lock = 1;
            x = y;
        } else {
            lock = 0;
            x = y;
            y = y + 1;
        }
    }

    /*@ assert lock == 1;*/
}

1. **Error Analysis:**

The provided loop invariant has issues with preservation, specifically related to the expression `(((y == \at(x, Pre) + 1) && (lock == 1) && (x == \at(x, Pre))) || (y > x))`. The loop's behavior can lead to situations where `y` may not necessarily be greater than `x`, especially given the operations performed within the loop. When `lock` is set to `0`, and `y` is incremented, the relationship between `y` and `x` may violate the existing invariant. 

To address this, we can replace the equality constraint with a range constraint, ensuring that `y` will always be greater than or equal to `x` during iterations. This change accommodates the possibility that `y` may be equal to `x` after the assignment `x = y` within the loop. This modification will also ensure that the invariant holds true throughout the loop's execution.

2. **Fixed C Code:**

```c
int unknown();

int main(int x) {
    int lock = 1;
    int y = x + 1;

    /*@
      loop invariant (\at(x, Pre) != \at(x, Pre) + 1) ==> (((y == \at(x, Pre) + 1) && (lock == 1) && (x == \at(x, Pre))) || (x >= \at(x, Pre) && y >= x)); 
      loop invariant (\at(x, Pre) != \at(x, Pre) + 1) ==> (((y == \at(x, Pre) + 1) && (lock == 1) && (x == \at(x, Pre))) || (lock == 0 && y >= x)); 
      loop invariant (\at(x, Pre) != \at(x, Pre) + 1) ==> (((y == \at(x, Pre) + 1) && (lock == 1) && (x == \at(x, Pre))) || (y >= x)); 
      loop invariant (!(\at(x, Pre) != \at(x, Pre) + 1)) ==> ((y == \at(x, Pre) + 1) && (lock == 1) && (x == \at(x, Pre)));
    */
    while (x != y) {
        if (unknown()) {
            lock = 1;
            x = y;
        } else {
            lock = 0;
            x = y;
            y = y + 1;
        }
    }

    /*@ assert lock == 1;*/
}
```
after weaken

int unknown();

int main(int x) {
    int lock = 1;
    int y = x + 1;

    /*@
      loop invariant (\at(x, Pre) != \at(x, Pre) + 1) ==> (((y == \at(x, Pre) + 1) && (lock == 1) && (x == \at(x, Pre))) || (x >= \at(x, Pre) && y >= x)); 
      loop invariant (\at(x, Pre) != \at(x, Pre) + 1) ==> (((y == \at(x, Pre) + 1) && (lock == 1) && (x == \at(x, Pre))) || (lock == 0 && y >= x)); 
      loop invariant (\at(x, Pre) != \at(x, Pre) + 1) ==> (((y == \at(x, Pre) + 1) && (lock == 1) && (x == \at(x, Pre))) || (y >= x)); 
      loop invariant (!(\at(x, Pre) != \at(x, Pre) + 1)) ==> ((y == \at(x, Pre) + 1) && (lock == 1) && (x == \at(x, Pre)));
    */
    while (x != y) {
        if (unknown()) {
            lock = 1;
            x = y;
        } else {
            lock = 0;
            x = y;
            y = y + 1;
        }
    }

    /*@ assert lock == 1;*/
}

syntax Correct
Validate:
[True, False, True, True]

Goal Preservation of Invariant (file output/88.c, line 10):
Let x_2 = 1 + x.
Let x_3 = 1 + x_1.
Assume {
  Type: is_sint32(lock_0) /\ is_sint32(tmp_0) /\ is_sint32(x) /\
      is_sint32(x_1) /\ is_sint32(y) /\ is_sint32(y - 1).
  (* Residual *)
  When: tmp_0 != 0.
  (* Invariant *)
  Have: ((x_1 <= x) /\ (y <= x_3)) \/ ((lock_0 = 1) /\ (y = x) /\ (x_3 = y)).
  (* Invariant *)
  Have: ((lock_0 = 0) /\ (x_1 <= x)) \/
      ((lock_0 = 1) /\ (y = x) /\ (x_3 = y)).
  (* Invariant *)
  Have: (x_1 <= x) \/ ((lock_0 = 1) /\ (y = x) /\ (x_3 = y)).
  (* Then *)
  Have: x_1 != x.
  (* Invariant *)
  Have: (y <= x_2) \/ ((y = x) /\ (x_2 = y)).
}
Prove: (y = x) /\ (x_2 = y).
Prover Z3 4.8.12 returns Timeout (Qed:48ms) (3s)
Error found in file: output/88.c at line: 10
Error line content: loop invariant (\at(x, Pre) != \at(x, Pre) + 1) ==> (((y == \at(x, Pre) + 1) && (lock == 1) && (x == \at(x, Pre))) || (lock == 0 && y >= x));

Verify:
[False]

Goal Assertion (file output/88.c, line 25):
Let x_1 = 1 + x.
Assume {
  Type: is_sint32(lock_0) /\ is_sint32(x) /\ is_sint32(y) /\
      is_sint32(y - 1).
  (* Invariant *)
  Have: (y <= x_1) \/ ((lock_0 = 1) /\ (y = x) /\ (x_1 = y)).
  (* Invariant *)
  Have: (lock_0 = 0) \/ ((lock_0 = 1) /\ (y = x) /\ (x_1 = y)).
}
Prove: lock_0 = 1.
Prover Z3 4.8.12 returns Timeout (Qed:4ms) (3s)
Error found in file: output/88.c at line: 25
Error line content: /*@ assert lock == 1;*/


int unknown();

int main(int x) {
    int lock = 1;
    int y = x + 1;

    /*@
      loop invariant (\at(x, Pre) != \at(x, Pre) + 1) ==> (((y == \at(x, Pre) + 1) && (lock == 1) && (x == \at(x, Pre))) || (x >= \at(x, Pre) && y >= x)); 
      loop invariant (\at(x, Pre) != \at(x, Pre) + 1) ==> (((y == \at(x, Pre) + 1) && (lock == 1) && (x == \at(x, Pre))) || (lock == 0 && y >= x)); 
      loop invariant (\at(x, Pre) != \at(x, Pre) + 1) ==> (((y == \at(x, Pre) + 1) && (lock == 1) && (x == \at(x, Pre))) || (y >= x)); 
      loop invariant (!(\at(x, Pre) != \at(x, Pre) + 1)) ==> ((y == \at(x, Pre) + 1) && (lock == 1) && (x == \at(x, Pre)));
    */
    while (x != y) {
        if (unknown()) {
            lock = 1;
            x = y;
        } else {
            lock = 0;
            x = y;
            y = y + 1;
        }
    }

    /*@ assert lock == 1;*/
}

1. **Error Analysis:**

   The errors stem from the failure of both the loop invariant establishment and preservation conditions, as well as the inability to verify the post-condition after the loop. The current invariants make assumptions about the relationships between `x`, `y`, and `lock`, which are not satisfied by the preconditions or the state during iterations of the loop.

   The establishment failure indicates that the invariant does not hold initially given the preconditions, particularly because the conditions involving `y` and `lock` do not reflect the initial state where `y` is equal to `x + 1`. The preservation issue suggests that the loop's operations can violate the invariant, especially when `lock` changes or `y` is updated.

   To correct the loop invariants, we need to create a new set of invariants that accurately reflects the relationships between `x`, `y`, and `lock` throughout the loop's execution. This includes ensuring that the invariants hold true when entering the loop as well as maintaining their truth through all iterations.

   The new loop invariant must encapsulate the fact that `y` will always be greater than or equal to `x`, and that `lock` will be 1 when `x` is updated from `y`. We will also ensure that the invariants can safely imply the post-condition that `lock` equals 1 after the loop terminates.

2. **Fixed C Code:**

   ```c
   int unknown();

   int main(int x) {
       int lock = 1;
       int y = x + 1;

       /*@
         loop invariant (\at(x, Pre) != \at(x, Pre) + 1) ==> (y == \at(x, Pre) + 1 && lock == 1 && x == \at(x, Pre)) || (y >= x);
         loop invariant (\at(x, Pre) != \at(x, Pre) + 1) ==> (lock == 0 && y > x) || (lock == 1 && y >= x);
         loop invariant (\at(x, Pre) != \at(x, Pre) + 1) ==> (y >= x);
         loop invariant (!(\at(x, Pre) != \at(x, Pre) + 1)) ==> (y == \at(x, Pre) + 1 && lock == 1 && x == \at(x, Pre));
       */
       while (x != y) {
           if (unknown()) {
               lock = 1;
               x = y;
           } else {
               lock = 0;
               x = y;
               y = y + 1;
           }
       }

       /*@ assert lock == 1;*/
   }
   ```
after regen

   int unknown();

   int main(int x) {
       int lock = 1;
       int y = x + 1;

       /*@
         loop invariant (\at(x, Pre) != \at(x, Pre) + 1) ==> (y == \at(x, Pre) + 1 && lock == 1 && x == \at(x, Pre)) || (y >= x);
         loop invariant (\at(x, Pre) != \at(x, Pre) + 1) ==> (lock == 0 && y > x) || (lock == 1 && y >= x);
         loop invariant (\at(x, Pre) != \at(x, Pre) + 1) ==> (y >= x);
         loop invariant (!(\at(x, Pre) != \at(x, Pre) + 1)) ==> (y == \at(x, Pre) + 1 && lock == 1 && x == \at(x, Pre));
       */
       while (x != y) {
           if (unknown()) {
               lock = 1;
               x = y;
           } else {
               lock = 0;
               x = y;
               y = y + 1;
           }
       }

       /*@ assert lock == 1;*/
   }
   
syntax Correct
Validate:
[True, True, True, True]

Verify:
[True]

after hudini

   int unknown();

   int main(int x) {
       int lock = 1;
       int y = x + 1;

       /*@
         loop invariant (\at(x, Pre) != \at(x, Pre) + 1) ==> (y == \at(x, Pre) + 1 && lock == 1 && x == \at(x, Pre)) || (y >= x);
         loop invariant (\at(x, Pre) != \at(x, Pre) + 1) ==> (lock == 0 && y > x) || (lock == 1 && y >= x);
         loop invariant (\at(x, Pre) != \at(x, Pre) + 1) ==> (y >= x);
         loop invariant (!(\at(x, Pre) != \at(x, Pre) + 1)) ==> (y == \at(x, Pre) + 1 && lock == 1 && x == \at(x, Pre));
       */
       while (x != y) {
           if (unknown()) {
               lock = 1;
               x = y;
           } else {
               lock = 0;
               x = y;
               y = y + 1;
           }
       }

       /*@ assert lock == 1;*/
   }
   
syntax Correct
Validate:
[True, True, True, True]

Verify:
[True]

syntax Correct
Validate:
[True, True, True, True]

Verify:
[True]

: 88.c -> finish
-----------------------------------------

 88.c . : 284.54330015182495
-----------------------------------------
finshed_files:['29.c', '87.c', '9.c', '107.c', '65.c', '59.c', '46.c', '60.c', '78.c', '11.c', '132.c', '70.c', '121.c', '94.c', '109.c', '61.c', '120.c', '42.c', '33.c', '17.c', '105.c', '101.c', '38.c', '40.c', '88.c']
