file:93.c
Successfully generated loop/93.json
INNER_FLAG: False
Variable Maps: [{'y': '0', 'x': '0', 'i': '0', 'n': 'n@pre'}]
Path conditions: ['n@pre >= 0']
Pre condition: n@pre >= 0 && (y == 0) * (x == 0) * (i == 0) * (n == n@pre)
Loop Condition: i < n
Updated Loop Conditions: ['0 < n@pre']
Global Unchanged Variables ['n']
Non Inductive Variables []
[{'y': '0', 'x': '0', 'i': '0', 'n': 'n@pre'}]
['n@pre >= 0']

            
    /* >>> LOOP INVARIANT TO FILL <<< 
       >>> PRECONDITION OF THE LOOP : \at(n, Pre) >= 0 && (y == 0) * (x == 0) * (i == 0) * (n == \at(n, Pre)) <<< */
    
            /*@
          loop invariant (\at(n, Pre) >= 0) ==> (n == \at(n, Pre));
            */
            while (i < n) {
      
        i  = i + 1;
        if (unknown()) {
          
          x  = x + 1;
          y  = y + 2;
          
        } else {
          
          x  = x + 2;
          y  = y + 1;
          
        }
  
  
    }
            

            
    /* >>> LOOP INVARIANT TO FILL <<< 
       >>> PRECONDITION OF THE LOOP : \at(n, Pre) >= 0 && (y == 0) * (x == 0) * (i == 0) * (n == \at(n, Pre)) <<< */
    
            /*@
          loop invariant  (\at(n, Pre) >= 0) ==> ((0 < \at(n, Pre)) ==> (((y == 0)&&(x == 0)&&(i == 0)&&(n == \at(n, Pre))) || (PLACE_HOLDER_i))) ;
          loop invariant  (\at(n, Pre) >= 0) ==> ((0 < \at(n, Pre)) ==> (((y == 0)&&(x == 0)&&(i == 0)&&(n == \at(n, Pre))) || (PLACE_HOLDER_x))) ;
          loop invariant  (\at(n, Pre) >= 0) ==> ((0 < \at(n, Pre)) ==> (((y == 0)&&(x == 0)&&(i == 0)&&(n == \at(n, Pre))) || (PLACE_HOLDER_y))) ;
          loop invariant (\at(n, Pre) >= 0) ==> ((!(0 < \at(n, Pre))) ==> ((y == 0)&&(x == 0)&&(i == 0)&&(n == \at(n, Pre))));
          loop invariant (\at(n, Pre) >= 0) ==> (n == \at(n, Pre));
            */
            while (i < n) {
      
        i  = i + 1;
        if (unknown()) {
          
          x  = x + 1;
          y  = y + 2;
          
        } else {
          
          x  = x + 2;
          y  = y + 1;
          
        }
  
  
    }
            
int unknown();

/*@ requires n >= 0; */
void foo(int n) {
  
    int i = 0;
    int x = 0;
    int y = 0;
    
  
    
            
    /* >>> LOOP INVARIANT TO FILL <<< 
       >>> PRECONDITION OF THE LOOP : \at(n, Pre) >= 0 && (y == 0) * (x == 0) * (i == 0) * (n == \at(n, Pre)) <<< */
    
            /*@
          loop invariant  (\at(n, Pre) >= 0) ==> ((0 < \at(n, Pre)) ==> (((y == 0)&&(x == 0)&&(i == 0)&&(n == \at(n, Pre))) || (PLACE_HOLDER_i))) ;
          loop invariant  (\at(n, Pre) >= 0) ==> ((0 < \at(n, Pre)) ==> (((y == 0)&&(x == 0)&&(i == 0)&&(n == \at(n, Pre))) || (PLACE_HOLDER_x))) ;
          loop invariant  (\at(n, Pre) >= 0) ==> ((0 < \at(n, Pre)) ==> (((y == 0)&&(x == 0)&&(i == 0)&&(n == \at(n, Pre))) || (PLACE_HOLDER_y))) ;
          loop invariant (\at(n, Pre) >= 0) ==> ((!(0 < \at(n, Pre))) ==> ((y == 0)&&(x == 0)&&(i == 0)&&(n == \at(n, Pre))));
          loop invariant (\at(n, Pre) >= 0) ==> (n == \at(n, Pre));
            */
            while (i < n) {
      
        i  = i + 1;
        if (unknown()) {
          
          x  = x + 1;
          y  = y + 2;
          
        } else {
          
          x  = x + 2;
          y  = y + 1;
          
        }
  
  
    }
            
  
    /*@ assert (3 * n) == (x + y); */
  
  }
Here’s the analysis of the provided C loop program along with the necessary loop invariants filled in:

### 1. Analysis of the Loop

#### a. Purpose and Structure of the Loop:
The purpose of the loop is to iterate from `i = 0` to `i < n`, incrementing `i` on each iteration. During each iteration, it conditionally updates the variables `x` and `y` based on the result of the `unknown()` function. The intended outcome is that after `n` iterations, the relationship `3 * n == (x + y)` holds true. 

The loop's structure consists of:
- Initialization of `i`, `x`, and `y` to `0`.
- A loop condition `i < n`.
- An iteration body that increments `i` and conditionally updates `x` and `y`.

#### b. Discussion of the Loop Invariant:
The proposed loop invariant must capture the relationship between `x`, `y`, and `i`, as well as their bounds based on `n`. A suitable invariant could express that the total count of updates to `x` and `y` after `i` iterations would lead to the expected relationship with `n`.

#### c. Establishment:
Before the loop starts, `i`, `x`, and `y` are initialized to `0`. The loop invariant holds because when `i = 0`, both `x` and `y` are `0`, satisfying the initial condition as per the invariant that states `i == 0`, `x == 0`, and `y == 0`.

#### d. Preservation:
Assuming the invariant holds at the start of an iteration, if the loop condition `i < n` still holds true, then:
- `i` is incremented by `1`.
- Depending on the value returned by `unknown()`, either `x` is incremented by `1` or `2`, and `y` is incremented by `2` or `1`. 

In either case, the updates to `x` and `y` will ensure that the relationship between them remains valid under the invariant. 

#### e. Termination Analysis of the Loop:
The loop terminates when `i` reaches `n`. At this point, the loop invariant must still hold true, meaning that the relationship between `x`, `y`, and `i` will still be valid as per the specified requirements. Particularly, we can conclude that the updates made during the iterations will collectively satisfy the post-condition.

#### f. Correctness of the Post-condition:
Once the loop has finished executing, we assert that `3 * n == (x + y)`. Given that the loop was designed to update `x` and `y` in such a way that after `n` iterations this equality holds, we can conclude that the post-condition is indeed correct.

#### g. Implication of the Pre-condition:
The pre-condition guarantees that `n >= 0`. This implies that the loop invariant holds before the loop execution starts. Specifically, it ensures that `i`, `x`, and `y` start at `0`, satisfying the conditions required by the loop invariant.

### 2. Complete C Loop Program with Invariant Annotations

```c
int unknown();

/*@ requires n >= 0; */
void foo(int n) {
  
    int i = 0;
    int x = 0;
    int y = 0;
    
    /*@ 
      loop invariant  (\at(n, Pre) >= 0) ==> ((0 < \at(n, Pre)) ==> (((y == 0) && (x == 0) && (i == 0) && (n == \at(n, Pre))) || (i <= n) && (x + y == 3 * i))) ;
      loop invariant  (\at(n, Pre) >= 0) ==> ((0 < \at(n, Pre)) ==> (((y == 0) && (x == 0) && (i == 0) && (n == \at(n, Pre))) || (x >= 0))) ;
      loop invariant  (\at(n, Pre) >= 0) ==> ((0 < \at(n, Pre)) ==> (((y == 0) && (x == 0) && (i == 0) && (n == \at(n, Pre))) || (y >= 0))) ;
      loop invariant (\at(n, Pre) >= 0) ==> ((!(0 < \at(n, Pre))) ==> ((y == 0) && (x == 0) && (i == 0) && (n == \at(n, Pre))));
      loop invariant (\at(n, Pre) >= 0) ==> (n == \at(n, Pre));
    */
    
    while (i < n) {
        i  = i + 1;
        if (unknown()) {
            x  = x + 1;
            y  = y + 2;
        } else {
            x  = x + 2;
            y  = y + 1;
        }
    }
  
    /*@ assert (3 * n) == (x + y); */
}
```

The above loop invariants satisfy the conditions required for establishment, preservation, and termination, thus allowing Frama-C to verify the post-condition effectively.

int unknown();

/*@ requires n >= 0; */
void foo(int n) {
  
    int i = 0;
    int x = 0;
    int y = 0;
    
    /*@ 
      loop invariant  (\at(n, Pre) >= 0) ==> ((0 < \at(n, Pre)) ==> (((y == 0) && (x == 0) && (i == 0) && (n == \at(n, Pre))) || (i <= n) && (x + y == 3 * i))) ;
      loop invariant  (\at(n, Pre) >= 0) ==> ((0 < \at(n, Pre)) ==> (((y == 0) && (x == 0) && (i == 0) && (n == \at(n, Pre))) || (x >= 0))) ;
      loop invariant  (\at(n, Pre) >= 0) ==> ((0 < \at(n, Pre)) ==> (((y == 0) && (x == 0) && (i == 0) && (n == \at(n, Pre))) || (y >= 0))) ;
      loop invariant (\at(n, Pre) >= 0) ==> ((!(0 < \at(n, Pre))) ==> ((y == 0) && (x == 0) && (i == 0) && (n == \at(n, Pre))));
      loop invariant (\at(n, Pre) >= 0) ==> (n == \at(n, Pre));
    */
    
    while (i < n) {
        i  = i + 1;
        if (unknown()) {
            x  = x + 1;
            y  = y + 2;
        } else {
            x  = x + 2;
            y  = y + 1;
        }
    }
  
    /*@ assert (3 * n) == (x + y); */
}


int unknown();

/*@ requires n >= 0; */
void foo(int n) {
  
    int i = 0;
    int x = 0;
    int y = 0;
    
    /*@ 
      loop invariant  (\at(n, Pre) >= 0) ==> ((0 < \at(n, Pre)) ==> (((y == 0) && (x == 0) && (i == 0) && (n == \at(n, Pre))) || (i <= n) && (x + y == 3 * i))) ;
      loop invariant  (\at(n, Pre) >= 0) ==> ((0 < \at(n, Pre)) ==> (((y == 0) && (x == 0) && (i == 0) && (n == \at(n, Pre))) || (x >= 0))) ;
      loop invariant  (\at(n, Pre) >= 0) ==> ((0 < \at(n, Pre)) ==> (((y == 0) && (x == 0) && (i == 0) && (n == \at(n, Pre))) || (y >= 0))) ;
      loop invariant (\at(n, Pre) >= 0) ==> ((!(0 < \at(n, Pre))) ==> ((y == 0) && (x == 0) && (i == 0) && (n == \at(n, Pre))));
      loop invariant (\at(n, Pre) >= 0) ==> (n == \at(n, Pre));
    */
    
    while (i < n) {
        i  = i + 1;
        if (unknown()) {
            x  = x + 1;
            y  = y + 2;
        } else {
            x  = x + 2;
            y  = y + 1;
        }
    }
  
    /*@ assert (3 * n) == (x + y); */
}

syntax Correct
Validate:
[True, True, True, True, True]

Verify:
[True]

CORRECT INVARIANT
syntax Correct
Validate:
[True, True, True, True, True]

Verify:
[True]

syntax Correct
Validate:
[True, True, True, True, True]

Verify:
[True]

已移动文件: 93.c -> finish
-----------------------------------------

文件 93.c 处理完成. 总耗时: 58.05779695510864
-----------------------------------------
finshed_files:['29.c', '87.c', '9.c', '107.c', '65.c', '59.c', '46.c', '60.c', '78.c', '11.c', '132.c', '70.c', '121.c', '94.c', '109.c', '61.c', '120.c', '42.c', '33.c', '17.c', '105.c', '101.c', '38.c', '40.c', '88.c', '4.c', '114.c', '8.c', '84.c', '83.c', '111.c', '47.c', '14.c', '49.c', '131.c', '119.c', '43.c', '50.c', '56.c', '18.c', '53.c', '35.c', '10.c', '28.c', '26.c', '73.c', '89.c', '126.c', '96.c', '57.c', '37.c', '36.c', '92.c', '68.c', '115.c', '71.c', '91.c', '22.c', '19.c', '124.c', '52.c', '100.c', '95.c', '90.c', '86.c', '128.c', '62.c', '77.c', '79.c', '108.c', '129.c', '34.c', '123.c', '98.c', '41.c', '27.c', '106.c', '58.c', '130.c', '20.c', '85.c', '15.c', '75.c', '104.c', '2.c', '82.c', '32.c', '23.c', '117.c', '125.c', '64.c', '6.c', '1.c', '12.c', '45.c', '113.c', '13.c', '31.c', '54.c', '93.c']
