file:95.c
Successfully generated loop/95.json
INNER_FLAG: False
Variable Maps: [{'y': '1', 'j': '0', 'i': '0', 'x': 'x@pre'}]
Path conditions: [None]
Pre condition: (y == 1) * (j == 0) * (i == 0) * (x == x@pre)
Loop Condition: i <= x
Updated Loop Conditions: ['0 <= x@pre']
Global Unchanged Variables ['y', 'x']
Non Inductive Variables []
[{'y': '1', 'j': '0', 'i': '0', 'x': 'x@pre'}]
[None]

            
    /* >>> LOOP INVARIANT TO FILL <<< 
       >>> PRECONDITION OF THE LOOP : (y == 1) * (j == 0) * (i == 0) * (x == \at(x, Pre)) <<< */
    
            /*@
          loop invariant y == 1;
          loop invariant x == \at(x, Pre);
            */
            while (i <= x) {
      
      i  = i + 1;
      j  = j + y;
  
    }
            

            
    /* >>> LOOP INVARIANT TO FILL <<< 
       >>> PRECONDITION OF THE LOOP : (y == 1) * (j == 0) * (i == 0) * (x == \at(x, Pre)) <<< */
    
            /*@
          loop invariant (0 <= \at(x, Pre)) ==> (((y == 1)&&(j == 0)&&(i == 0)&&(x == \at(x, Pre))) || (PLACE_HOLDER_i));
          loop invariant (0 <= \at(x, Pre)) ==> (((y == 1)&&(j == 0)&&(i == 0)&&(x == \at(x, Pre))) || (PLACE_HOLDER_j));
          loop invariant (!(0 <= \at(x, Pre))) ==> ((y == 1)&&(j == 0)&&(i == 0)&&(x == \at(x, Pre)));
          loop invariant y == 1;
          loop invariant x == \at(x, Pre);
            */
            while (i <= x) {
      
      i  = i + 1;
      j  = j + y;
  
    }
            
void foo(int x) {
    int i =0;
    int j =0;
    int y =1;
    
    
    
            
    /* >>> LOOP INVARIANT TO FILL <<< 
       >>> PRECONDITION OF THE LOOP : (y == 1) * (j == 0) * (i == 0) * (x == \at(x, Pre)) <<< */
    
            /*@
          loop invariant (0 <= \at(x, Pre)) ==> (((y == 1)&&(j == 0)&&(i == 0)&&(x == \at(x, Pre))) || (PLACE_HOLDER_i));
          loop invariant (0 <= \at(x, Pre)) ==> (((y == 1)&&(j == 0)&&(i == 0)&&(x == \at(x, Pre))) || (PLACE_HOLDER_j));
          loop invariant (!(0 <= \at(x, Pre))) ==> ((y == 1)&&(j == 0)&&(i == 0)&&(x == \at(x, Pre)));
          loop invariant y == 1;
          loop invariant x == \at(x, Pre);
            */
            while (i <= x) {
      
      i  = i + 1;
      j  = j + y;
  
    }
            
  
  /*@ assert (y == 1) ==> (i == j) ;*/
  
  }
### Analysis of the C Loop

#### a. Purpose and Structure of the Loop
The objective of the loop is to iterate from `i = 0` to `i = x`, incrementing `i` in each iteration and updating `j` by adding `y` (which is always `1`). The intended outcome is to ensure that after the loop completes, `j` will equal `i`, which is the number of iterations performed.

The loop structure consists of:
- **Condition**: The loop runs while `i <= x`.
- **Body Operations**: 
  - `i` is incremented by `1` in each iteration.
  - `j` is incremented by `y` (which is `1`).
- **Relevant Variables**: `i`, `j`, and `y`.

#### b. Discussion of the Loop Invariant
The proposed loop invariant is designed to capture the state of the variables at the start of each iteration. The invariant reflects that `y` is always `1`, `j` is equal to `i` (after the loop), and it reflects the relationship between `i` and the initial value of `x`.

A valid invariant could be:
- `i` is incremented from `0` to `x`, thus it must be less than or equal to `x`.
- `j` accumulates the total number of iterations.

#### c. Establishment
Before the loop starts, the variables are initialized as follows:
- `i = 0`
- `j = 0`
- `y = 1`

Thus, the invariant holds true:
- `(y == 1)` is true.
- `(j == 0)` is true.
- `(i == 0)` is true.
- `x == \at(x, Pre)` holds as `x` is the input parameter.

#### d. Preservation
At the start of each iteration:
- If `i <= x` holds true and the invariant is valid at that point, after executing the loop body:
  - `i` is increased by `1` (so `i` will be `1` more than before).
  - `j` is increased by `y` which is `1` (thus `j` will also increase by `1`).

The invariant must still hold:
- After incrementing, `j` will equal the new value of `i` (i.e., after `k` iterations, `j` equals `i`).

#### e. Termination Analysis of the Loop
The loop terminates when `i` exceeds `x` (when `i > x`). At this point:
- `j` has been incremented exactly `x + 1` times (since it starts from `0`), which means `j` will be equal to `i`.
- The invariant is still valid because it does not contradict the state at termination.

#### f. Correctness of the Post-condition
Once the loop has finished executing, we can assert `(y == 1) ==> (i == j)`. This means that if `y` is `1`, then `j` should equal `i`, which is indeed the case because both were incremented the same number of times during the loop.

#### g. Implication of the Pre-condition
The pre-condition establishes that at the start:
- `y` is `1` (always true),
- `j` is `0`,
- `i` is `0`,
- `x` is set to its initial value.

This guarantees that the invariant holds before the loop begins execution.

### C Loop Program with Invariant Annotations
```c
void foo(int x) {
    int i = 0;
    int j = 0;
    int y = 1;
    
    /* >>> LOOP INVARIANT TO FILL <<< 
       >>> PRECONDITION OF THE LOOP : (y == 1) * (j == 0) * (i == 0) * (x == \at(x, Pre)) <<< */
    
    /*@
      loop invariant (0 <= \at(x, Pre)) ==> (((y == 1)&&(j == 0)&&(i == 0)&&(x == \at(x, Pre))) || (i == j));
      loop invariant (0 <= \at(x, Pre)) ==> (((y == 1)&&(j == 0)&&(i == 0)&&(x == \at(x, Pre))) || (j == i));
      loop invariant (!(0 <= \at(x, Pre))) ==> ((y == 1)&&(j == 0)&&(i == 0)&&(x == \at(x, Pre)));
      loop invariant y == 1;
      loop invariant x == \at(x, Pre);
    */
    while (i <= x) {
        i  = i + 1;
        j  = j + y;
    }
  
    /*@ assert (y == 1) ==> (i == j) ;*/
}
```

void foo(int x) {
    int i = 0;
    int j = 0;
    int y = 1;
    
    /*@
      loop invariant (0 <= \at(x, Pre)) ==> (((y == 1)&&(j == 0)&&(i == 0)&&(x == \at(x, Pre))) || (i == j));
      loop invariant (0 <= \at(x, Pre)) ==> (((y == 1)&&(j == 0)&&(i == 0)&&(x == \at(x, Pre))) || (j == i));
      loop invariant (!(0 <= \at(x, Pre))) ==> ((y == 1)&&(j == 0)&&(i == 0)&&(x == \at(x, Pre)));
      loop invariant y == 1;
      loop invariant x == \at(x, Pre);
    */
    while (i <= x) {
        i  = i + 1;
        j  = j + y;
    }
  
    /*@ assert (y == 1) ==> (i == j) ;*/
}


void foo(int x) {
    int i = 0;
    int j = 0;
    int y = 1;
    
    /*@
      loop invariant (0 <= \at(x, Pre)) ==> (((y == 1)&&(j == 0)&&(i == 0)&&(x == \at(x, Pre))) || (i == j));
      loop invariant (0 <= \at(x, Pre)) ==> (((y == 1)&&(j == 0)&&(i == 0)&&(x == \at(x, Pre))) || (j == i));
      loop invariant (!(0 <= \at(x, Pre))) ==> ((y == 1)&&(j == 0)&&(i == 0)&&(x == \at(x, Pre)));
      loop invariant y == 1;
      loop invariant x == \at(x, Pre);
    */
    while (i <= x) {
        i  = i + 1;
        j  = j + y;
    }
  
    /*@ assert (y == 1) ==> (i == j) ;*/
}

syntax Correct
Validate:
[True, True, True, True, True]

Verify:
[True]

CORRECT INVARIANT
syntax Correct
Validate:
[True, True, True, True, True]

Verify:
[True]

syntax Correct
Validate:
[True, True, True, True, True]

Verify:
[True]

已移动文件: 95.c -> finish
-----------------------------------------

文件 95.c 处理完成. 总耗时: 60.78796172142029
-----------------------------------------
finshed_files:['29.c', '87.c', '9.c', '107.c', '65.c', '59.c', '46.c', '60.c', '78.c', '11.c', '132.c', '70.c', '121.c', '94.c', '109.c', '61.c', '120.c', '42.c', '33.c', '17.c', '105.c', '101.c', '38.c', '40.c', '88.c', '4.c', '114.c', '8.c', '84.c', '83.c', '111.c', '47.c', '14.c', '49.c', '131.c', '119.c', '43.c', '50.c', '56.c', '18.c', '53.c', '35.c', '10.c', '28.c', '26.c', '73.c', '89.c', '126.c', '96.c', '57.c', '37.c', '36.c', '92.c', '68.c', '115.c', '71.c', '91.c', '22.c', '19.c', '124.c', '52.c', '100.c', '95.c']
