file:001.c
TRY TIME: 0
[(80, 143, 0)]
[(80, 143, 0)]
[(80, 143, 0)]
[(80, 143, 0)]
Loop 0 : Outer
Sorted indices: [0]
File found: ../sac_c_parser/test/../ip_postcond/goal/001_goal.v. Deleting the file.
File found: ../sac_c_parser/test/../ip_postcond/goal/001_proof_auto.v. Deleting the file.
File found: ../sac_c_parser/test/../ip_postcond/goal/001_proof_manual.v. Deleting the file.
LoopEntry_0:
(y == 0) * (x == 1)

[(0, '(y == 0) * (x == 1)')]
Successfully generated loop/001.json
INNER_FLAG: False
Variable Maps: [{'y': '0', 'x': '1'}]
Path conditions: [None]
Pre condition: (y == 0) * (x == 1)
Loop Condition: y < 1000
Updated Loop Conditions: ['0 < 1000']
Global Unchanged Variables []
Non Inductive Variables []
[{'y': '0', 'x': '1'}]
[None]

                
        /* >>> LOOP INVARIANT TO FILL <<< */
        
                /*@
                */
                while (y < 1000 ) {
        x = x + y;
        y = y + 1;
    }
                

                
        /* >>> LOOP INVARIANT TO FILL <<< */
        
                /*@
          loop invariant  ((y == 0)&&(x == 1)) || (PLACE_HOLDER_x) ;
          loop invariant  ((y == 0)&&(x == 1)) || (PLACE_HOLDER_y) ;
                */
                while (y < 1000 ) {
        x = x + y;
        y = y + 1;
    }
                

void foo() {
    int x = 1;
    int y = 0;


    
                
        /* >>> LOOP INVARIANT TO FILL <<< */
        
                /*@
          loop invariant  ((y == 0)&&(x == 1)) || (PLACE_HOLDER_x) ;
          loop invariant  ((y == 0)&&(x == 1)) || (PLACE_HOLDER_y) ;
                */
                while (y < 1000 ) {
        x = x + y;
        y = y + 1;
    }
                
    /*@ assert x >= y;*/

}
Certainly! Let's analyze the provided C loop program and fill in the placeholders for the loop invariants.

### Analysis:

#### a. Purpose and Structure of the Loop:
- **Objective:** The loop is intended to increment the variable `y` from 0 to 999 and simultaneously update `x` by adding the current value of `y` to it in each iteration.
- **Structure:**
  - **Condition:** The loop runs while `y < 1000`.
  - **Operations:**
    - `x = x + y;`
    - `y = y + 1;`
  - **Variables:**
    - `x` (initially 1)
    - `y` (initially 0)

#### b. Discussion of the Loop Invariant:
The proposed loop invariants need to reflect the relationship between `x` and `y` throughout the loop's execution. The invariants given are:
```c
loop invariant  ((y == 0)&&(x == 1)) || (PLACE_HOLDER_x) ;
loop invariant  ((y == 0)&&(x == 1)) || (PLACE_HOLDER_y) ;
```

#### c. Establishment:
Before the loop starts, we have `y == 0` and `x == 1`. This satisfies the initial part of both invariants (`(y == 0) && (x == 1)`).

#### d. Preservation:
To ensure the invariants hold after each iteration:
- For `PLACE_HOLDER_x`, `x` will be the sum of the initial `x` and the arithmetic series sum of `y` values from 0 to `y-1`.
- For `PLACE_HOLDER_y`, `y` will be incremented by 1 each time.

#### e. Termination Analysis of the Loop:
When the loop terminates, `y` will be exactly 1000. The final value of `x` will be the initial `x` plus the sum of integers from 0 to 999.

#### f. Correctness of the Post-condition:
The post-condition `x >= y` must hold when the loop finishes. Given that `x` is the sum of `y` values up to 999 plus the initial `x`, `x` will always be greater than or equal to `y`.

#### g. Implication of the Pre-condition:
The pre-condition `(y == 0) * (x == 1)` directly implies the initial state of the invariants.

### Filled-in Invariants:
Based on the above discussion, we fill the placeholders as follows:
- `PLACE_HOLDER_x` should be `x == 1 + y*(y-1)/2`
- `PLACE_HOLDER_y` should be `y <= 1000`

### Complete C Loop Program with Invariant Annotations:
```c
void foo() {
    int x = 1;
    int y = 0;

    /* >>> LOOP INVARIANT TO FILL <<< */
    /*@
      loop invariant  ((y == 0)&&(x == 1)) || (x == 1 + y*(y-1)/2) ;
      loop invariant  ((y == 0)&&(x == 1)) || (y <= 1000) ;
    */
    while (y < 1000) {
        x = x + y;
        y = y + 1;
    }

    /*@ assert x >= y; */
}
```

This filled-in program should allow Frama-C to verify the correctness of the post-condition using the provided loop invariants.

void foo() {
    int x = 1;
    int y = 0;

    /* >>> LOOP INVARIANT TO FILL <<< */
    /*@
      loop invariant  ((y == 0)&&(x == 1)) || (x == 1 + y*(y-1)/2) ;
      loop invariant  ((y == 0)&&(x == 1)) || (y <= 1000) ;
    */
    while (y < 1000) {
        x = x + y;
        y = y + 1;
    }

    /*@ assert x >= y; */
}


void foo() {
    int x = 1;
    int y = 0;

    /* >>> LOOP INVARIANT TO FILL <<< */
    /*@
      loop invariant  ((y == 0)&&(x == 1)) || (x == 1 + y*(y-1)/2) ;
      loop invariant  ((y == 0)&&(x == 1)) || (y <= 1000) ;
    */
    while (y < 1000) {
        x = x + y;
        y = y + 1;
    }

    /*@ assert x >= y; */
}

syntax Correct
Validate:
[True, True]

Verify:
[True]

syntax Correct
Validate:
[True, True]

Verify:
[True]

CORRECT INVARIANT
syntax Correct
Validate:
[True, True]

Verify:
[True]

已移动文件: 001.c -> finish
-----------------------------------------

文件 001.c 处理完成. 总耗时: 53.78120803833008
错误的文件名:
  - 0021.c
  - 0013.c
  - 007.c
  - 0014.c
  - 008.c
  - 0019.c
  - 006.c
========================================
错误的文件名:
  - 0021.c
  - 0013.c
  - 0014.c
  - 008.c
  - 0019.c
========================================
错误的文件名:
  - 0021.c
  - 0013.c
  - 0014.c
  - 008.c
  - 0019.c
========================================
-----------------------------------------
finshed_files:['0021.c', '0013.c', '007.c', '0014.c', '008.c', '0019.c', '0016.c', '0010.c', '006.c', '001.c']
