file:003.c
TRY TIME: 0
[(140, 325, 0)]
[(140, 325, 0)]
[(140, 325, 0)]
[(140, 325, 0)]
Loop 0 : Outer
Sorted indices: [0]
File found: ../sac_c_parser/test/../ip_postcond/goal/003_goal.v. Deleting the file.
File found: ../sac_c_parser/test/../ip_postcond/goal/003_proof_auto.v. Deleting the file.
File found: ../sac_c_parser/test/../ip_postcond/goal/003_proof_manual.v. Deleting the file.
LoopEntry_0:
0 <= n@pre && n@pre < 1000000 && (b == 0) * (a == 0) * (i == 0) * (n == n@pre)

Successfully generated loop/003.json
INNER_FLAG: False
Variable Maps: [{'b': '0', 'a': '0', 'i': '0', 'n': 'n@pre'}]
Path conditions: ['0 <= n@pre && n@pre < 1000000']
Pre condition: 0 <= n@pre && n@pre < 1000000 && (b == 0) * (a == 0) * (i == 0) * (n == n@pre)
Loop Condition: i < n
Updated Loop Conditions: ['0 < n@pre']
Global Unchanged Variables ['n']
Non Inductive Variables []
[{'b': '0', 'a': '0', 'i': '0', 'n': 'n@pre'}]
['0 <= n@pre && n@pre < 1000000']

                
        /* >>> LOOP INVARIANT TO FILL <<< */
        
                /*@
          loop invariant (0 <= \at(n, Pre) && \at(n, Pre) < 1000000) ==> (n == \at(n, Pre));
                */
                while (i < n) {
        if (unknown1()) {
            a = a + 1;
            b = b + 2;
        } else {
            a = a + 2;
            b = b + 1;
        }
        i = i + 1;
    }
                

                
        /* >>> LOOP INVARIANT TO FILL <<< */
        
                /*@
          loop invariant  (0 <= \at(n, Pre) && \at(n, Pre) < 1000000) ==> ((0 < \at(n, Pre)) ==> (((b == 0)&&(a == 0)&&(i == 0)&&(n == \at(n, Pre))) || (PLACE_HOLDER_i))) ;
          loop invariant  (0 <= \at(n, Pre) && \at(n, Pre) < 1000000) ==> ((0 < \at(n, Pre)) ==> (((b == 0)&&(a == 0)&&(i == 0)&&(n == \at(n, Pre))) || (PLACE_HOLDER_a))) ;
          loop invariant  (0 <= \at(n, Pre) && \at(n, Pre) < 1000000) ==> ((0 < \at(n, Pre)) ==> (((b == 0)&&(a == 0)&&(i == 0)&&(n == \at(n, Pre))) || (PLACE_HOLDER_b))) ;
          loop invariant (0 <= \at(n, Pre) && \at(n, Pre) < 1000000) ==> ((!(0 < \at(n, Pre))) ==> ((b == 0)&&(a == 0)&&(i == 0)&&(n == \at(n, Pre))));
          loop invariant (0 <= \at(n, Pre) && \at(n, Pre) < 1000000) ==> (n == \at(n, Pre));
                */
                while (i < n) {
        if (unknown1()) {
            a = a + 1;
            b = b + 2;
        } else {
            a = a + 2;
            b = b + 1;
        }
        i = i + 1;
    }
                

int unknown1();

/*@ 
requires 0 <= n && n < 1000000;
*/
int foo(int n) {
    int i = 0; 
    int a = 0; 
    int b = 0; 
    
    
                
        /* >>> LOOP INVARIANT TO FILL <<< */
        
                /*@
          loop invariant  (0 <= \at(n, Pre) && \at(n, Pre) < 1000000) ==> ((0 < \at(n, Pre)) ==> (((b == 0)&&(a == 0)&&(i == 0)&&(n == \at(n, Pre))) || (PLACE_HOLDER_i))) ;
          loop invariant  (0 <= \at(n, Pre) && \at(n, Pre) < 1000000) ==> ((0 < \at(n, Pre)) ==> (((b == 0)&&(a == 0)&&(i == 0)&&(n == \at(n, Pre))) || (PLACE_HOLDER_a))) ;
          loop invariant  (0 <= \at(n, Pre) && \at(n, Pre) < 1000000) ==> ((0 < \at(n, Pre)) ==> (((b == 0)&&(a == 0)&&(i == 0)&&(n == \at(n, Pre))) || (PLACE_HOLDER_b))) ;
          loop invariant (0 <= \at(n, Pre) && \at(n, Pre) < 1000000) ==> ((!(0 < \at(n, Pre))) ==> ((b == 0)&&(a == 0)&&(i == 0)&&(n == \at(n, Pre))));
          loop invariant (0 <= \at(n, Pre) && \at(n, Pre) < 1000000) ==> (n == \at(n, Pre));
                */
                while (i < n) {
        if (unknown1()) {
            a = a + 1;
            b = b + 2;
        } else {
            a = a + 2;
            b = b + 1;
        }
        i = i + 1;
    }
                

    /*@ assert a + b == 3 * n;*/
    
}

### Analysis

#### Purpose and Structure of the Loop
The objective of the loop is to increment variables `a` and `b` while iterating over the range `[0, n-1]` using a loop controlled by variable `i`. The loop condition is `i < n`. Inside the loop, depending on the return value of `unknown1()`, the values of `a` and `b` are updated differently:
- If `unknown1()` returns true, `a` is incremented by 1, and `b` is incremented by 2.
- Otherwise, `a` is incremented by 2, and `b` is incremented by 1.
The loop variable `i` is incremented by 1 in each iteration.

#### Discussion of the Loop Invariant
The proposed loop invariant maintains the relationship between the variables `a`, `b`, and `i` with respect to the initial value of `n`. Specifically, it ensures the sum of `a` and `b` is always `3 * i` throughout the loop execution.

#### Establishment
Before the loop starts, `i = 0`, `a = 0`, and `b = 0`. Thus, the invariant `a + b == 3 * i` holds as `0 + 0 == 3 * 0`.

#### Preservation
If the invariant holds at the start of an iteration and the loop condition `i < n` is true, then:
- If `unknown1()` returns true, `a` becomes `a + 1`, `b` becomes `b + 2`, and `i` becomes `i + 1`. The sum `a + b` then becomes `a + 1 + b + 2`, which is `a + b + 3`. Since `i` is incremented by 1, `3 * (i + 1)` equals `a + b + 3`.
- Otherwise, `a` becomes `a + 2`, `b` becomes `b + 1`, and `i` becomes `i + 1`. Similarly, `a + b` becomes `a + 2 + b + 1`, which is `a + b + 3`. Again, `3 * (i + 1)` equals `a + b + 3`.
Thus, the invariant `a + b == 3 * i` is preserved.

#### Termination Analysis of the Loop
When the loop terminates, the condition `i < n` becomes false, meaning `i` equals `n`. Since the invariant states `a + b == 3 * i` and `i` is now `n`, it implies `a + b == 3 * n`.

#### Correctness of the Post-condition
The post-condition `a + b == 3 * n` is directly derived from the loop invariant and the termination condition. When `i == n`, the invariant `a + b == 3 * i` ensures that `a + b == 3 * n`.

#### Implication of the Pre-condition
The given pre-condition ensures that `n` is a non-negative integer less than 1,000,000. It also initializes `a`, `b`, and `i` to 0. This initialization guarantees that the loop invariant `a + b == 3 * i` holds before the loop execution begins.

### Filled-in Program with Invariants

```c
int unknown1();

/*@ 
requires 0 <= n && n < 1000000;
*/
int foo(int n) {
    int i = 0; 
    int a = 0; 
    int b = 0; 
    
    
                
    /* >>> LOOP INVARIANT TO FILL <<< */
        
    /*@
      loop invariant  (0 <= \at(n, Pre) && \at(n, Pre) < 1000000) ==> ((0 < \at(n, Pre)) ==> (((b == 0)&&(a == 0)&&(i == 0)&&(n == \at(n, Pre))) || (a + b == 3 * i))) ;
      loop invariant  (0 <= \at(n, Pre) && \at(n, Pre) < 1000000) ==> ((0 < \at(n, Pre)) ==> (((b == 0)&&(a == 0)&&(i == 0)&&(n == \at(n, Pre))) || (a + b == 3 * i))) ;
      loop invariant  (0 <= \at(n, Pre) && \at(n, Pre) < 1000000) ==> ((0 < \at(n, Pre)) ==> (((b == 0)&&(a == 0)&&(i == 0)&&(n == \at(n, Pre))) || (a + b == 3 * i))) ;
      loop invariant (0 <= \at(n, Pre) && \at(n, Pre) < 1000000) ==> ((!(0 < \at(n, Pre))) ==> ((b == 0)&&(a == 0)&&(i == 0)&&(n == \at(n, Pre))));
      loop invariant (0 <= \at(n, Pre) && \at(n, Pre) < 1000000) ==> (n == \at(n, Pre));
    */
    while (i < n) {
        if (unknown1()) {
            a = a + 1;
            b = b + 2;
        } else {
            a = a + 2;
            b = b + 1;
        }
        i = i + 1;
    }
                

    /*@ assert a + b == 3 * n;*/
    
}
```

int unknown1();

/*@ 
requires 0 <= n && n < 1000000;
*/
int foo(int n) {
    int i = 0; 
    int a = 0; 
    int b = 0; 
    
    
                
    /* >>> LOOP INVARIANT TO FILL <<< */
        
    /*@
      loop invariant  (0 <= \at(n, Pre) && \at(n, Pre) < 1000000) ==> ((0 < \at(n, Pre)) ==> (((b == 0)&&(a == 0)&&(i == 0)&&(n == \at(n, Pre))) || (a + b == 3 * i))) ;
      loop invariant  (0 <= \at(n, Pre) && \at(n, Pre) < 1000000) ==> ((0 < \at(n, Pre)) ==> (((b == 0)&&(a == 0)&&(i == 0)&&(n == \at(n, Pre))) || (a + b == 3 * i))) ;
      loop invariant  (0 <= \at(n, Pre) && \at(n, Pre) < 1000000) ==> ((0 < \at(n, Pre)) ==> (((b == 0)&&(a == 0)&&(i == 0)&&(n == \at(n, Pre))) || (a + b == 3 * i))) ;
      loop invariant (0 <= \at(n, Pre) && \at(n, Pre) < 1000000) ==> ((!(0 < \at(n, Pre))) ==> ((b == 0)&&(a == 0)&&(i == 0)&&(n == \at(n, Pre))));
      loop invariant (0 <= \at(n, Pre) && \at(n, Pre) < 1000000) ==> (n == \at(n, Pre));
    */
    while (i < n) {
        if (unknown1()) {
            a = a + 1;
            b = b + 2;
        } else {
            a = a + 2;
            b = b + 1;
        }
        i = i + 1;
    }
                

    /*@ assert a + b == 3 * n;*/
    
}


int unknown1();

/*@ 
requires 0 <= n && n < 1000000;
*/
int foo(int n) {
    int i = 0; 
    int a = 0; 
    int b = 0; 
    
    
                
    /* >>> LOOP INVARIANT TO FILL <<< */
        
    /*@
      loop invariant  (0 <= \at(n, Pre) && \at(n, Pre) < 1000000) ==> ((0 < \at(n, Pre)) ==> (((b == 0)&&(a == 0)&&(i == 0)&&(n == \at(n, Pre))) || (a + b == 3 * i))) ;
      loop invariant  (0 <= \at(n, Pre) && \at(n, Pre) < 1000000) ==> ((0 < \at(n, Pre)) ==> (((b == 0)&&(a == 0)&&(i == 0)&&(n == \at(n, Pre))) || (a + b == 3 * i))) ;
      loop invariant  (0 <= \at(n, Pre) && \at(n, Pre) < 1000000) ==> ((0 < \at(n, Pre)) ==> (((b == 0)&&(a == 0)&&(i == 0)&&(n == \at(n, Pre))) || (a + b == 3 * i))) ;
      loop invariant (0 <= \at(n, Pre) && \at(n, Pre) < 1000000) ==> ((!(0 < \at(n, Pre))) ==> ((b == 0)&&(a == 0)&&(i == 0)&&(n == \at(n, Pre))));
      loop invariant (0 <= \at(n, Pre) && \at(n, Pre) < 1000000) ==> (n == \at(n, Pre));
    */
    while (i < n) {
        if (unknown1()) {
            a = a + 1;
            b = b + 2;
        } else {
            a = a + 2;
            b = b + 1;
        }
        i = i + 1;
    }
                

    /*@ assert a + b == 3 * n;*/
    
}

syntax Correct
Validate:
[True, True, True, True, True]

Verify:
[False]

Goal Assertion (file output/003.c, line 35)
Error found in file: output/003.c at line: 35
Error line content: /*@ assert a + b == 3 * n;*/

### Error Analysis ###

1. **Formula it violates**:
   The goal assertion `assert a + b == 3 * n;` is violated. This implies the loop invariant cannot sufficiently establish that the sum of `a` and `b` equals `3 * n` when the loop terminates.

   The relevant formula is:
   ```
   Inv(var) && !loopcond ==> postcond
   ```
   Specifically:
   ```
   (loop invariant) && (i >= n) ==> (a + b == 3 * n)
   ```

2. **Why the loop invariant can't verify the postcondition**:
   The current loop invariant only tracks the relationship `a + b == 3 * i` during the loop's execution but does not propagate this relationship adequately to the postcondition when the loop terminates (i.e., when `i == n`). The invariant must ensure that the relationship between `a`, `b`, and `i` holds for all iterations and leads to `a + b == 3 * n` when the loop ends.

3. **How to modify the loop invariant**:
   Strengthen the invariant to include the relationship `a + b == 3 * i` explicitly for every loop iteration and ensure it propagates to the postcondition. This requires adding a stronger invariant that directly ties `a`, `b`, and `i` to the loop's termination condition.

4. **Rationale behind the modification**:
   By explicitly tracking the relationship `a + b == 3 * i` for every iteration, the invariant ensures that when `i == n` (loop termination), the relationship `a + b == 3 * n` naturally holds. This strengthened invariant allows Frama-C to prove the postcondition.

---

### Fixed C Code ###

```c
int unknown1();

/*@ 
requires 0 <= n && n < 1000000;
*/
int foo(int n) {
    int i = 0; 
    int a = 0; 
    int b = 0; 
    
    
                
    /* >>> LOOP INVARIANT TO FILL <<< */
        
    /*@
      loop invariant  0 <= i <= n;
      loop invariant  a + b == 3 * i;
      loop invariant  0 <= \at(n, Pre) && \at(n, Pre) < 1000000;
      loop invariant  n == \at(n, Pre);
    */
    while (i < n) {
        if (unknown1()) {
            a = a + 1;
            b = b + 2;
        } else {
            a = a + 2;
            b = b + 1;
        }
        i = i + 1;
    }
                

    /*@ assert a + b == 3 * n;*/
    
}
```
after strength

int unknown1();

/*@ 
requires 0 <= n && n < 1000000;
*/
int foo(int n) {
    int i = 0; 
    int a = 0; 
    int b = 0; 
    
    
                
    /* >>> LOOP INVARIANT TO FILL <<< */
        
    /*@
      loop invariant  0 <= i <= n;
      loop invariant  a + b == 3 * i;
      loop invariant  0 <= \at(n, Pre) && \at(n, Pre) < 1000000;
      loop invariant  n == \at(n, Pre);
    */
    while (i < n) {
        if (unknown1()) {
            a = a + 1;
            b = b + 2;
        } else {
            a = a + 2;
            b = b + 1;
        }
        i = i + 1;
    }
                

    /*@ assert a + b == 3 * n;*/
    
}

syntax Correct
Validate:
[True, True, True, True]

Verify:
[True]

/*@
      loop invariant  0 <= i <= n;
      loop invariant  a + b == 3 * i;
      loop invariant  0 <= \at(n, Pre) && \at(n, Pre) < 1000000;
      loop invariant  n == \at(n, Pre);
    */
    while (i < n) {
        if (unknown1()) {
            a = a + 1;
            b = b + 2;
        } else {
            a = a + 2;
            b = b + 1;
        }
        i = i + 1;
    }
转换后
/*@ Inv
    (0 <= i && i <= n) &&
(a + b == 3 * i) &&
(0 <= n@pre && n@pre < 1000000) &&
(n == n@pre)
    */
    
    while (i < n) {
        if (unknown1()) {
            a = a + 1;
            b = b + 2;
        } else {
            a = a + 2;
            b = b + 1;
        }
        i = i + 1;
    }
PARTIAL CORRECT INVARIANT
继续符号执行
/*@ Inv
    (0 <= i && i <= n) &&
(a + b == 3 * i) &&
(0 <= n@pre && n@pre < 1000000) &&
(n == n@pre)
    */
    
    while (i < n) {
        if (unknown1()) {
            a = a + 1;
            b = b + 2;
        } else {
            a = a + 2;
            b = b + 1;
        }
        i = i + 1;
    }
File found: ../sac_c_parser/test/../ip_postcond/goal/003_goal.v. Deleting the file.
File found: ../sac_c_parser/test/../ip_postcond/goal/003_proof_auto.v. Deleting the file.
File found: ../sac_c_parser/test/../ip_postcond/goal/003_proof_manual.v. Deleting the file.
LoopEntry_0:
0 <= n@pre && n@pre < 1000000 && (b == 0) * (a == 0) * (i == 0) * (n == n@pre)

Successfully generated loop/003.json
syntax Correct
Validate:
[True, True, True, True]

Verify:
[True]

CORRECT INVARIANT
syntax Correct
Validate:
[True, True, True, True]

Verify:
[True]

已移动文件: 003.c -> finish
-----------------------------------------

文件 003.c 处理完成. 总耗时: 101.79732775688171
所有文件验证通过，没有错误文件。
========================================
所有文件验证通过，没有错误文件。
========================================
所有文件验证通过，没有错误文件。
========================================
-----------------------------------------
finshed_files:['003.c']
