file:010.c
Successfully generated loop/010.json
INNER_FLAG: False
Variable Maps: [{'y': '0', 'x': '0', 'z': '0', 'w': '1'}]
Path conditions: [None]
Pre condition: (y == 0) * (x == 0) * (z == 0) * (w == 1)
Loop Condition: unknown()
Updated Loop Conditions: ['unknown()']
Global Unchanged Variables []
Non Inductive Variables []
[{'y': '0', 'x': '0', 'z': '0', 'w': '1'}]
[None]

            
    /* >>> LOOP INVARIANT TO FILL <<< 
       >>> PRECONDITION OF THE LOOP : (y == 0) * (x == 0) * (z == 0) * (w == 1) <<< */
    
            /*@
            */
            while(unknown()){
  	if(w) {
  	  x++;
  	  w = !w;
	  }
	
    if(!z) {
      y++; 
      z=!z;
    }
  }
            

            
    /* >>> LOOP INVARIANT TO FILL <<< 
       >>> PRECONDITION OF THE LOOP : (y == 0) * (x == 0) * (z == 0) * (w == 1) <<< */
    
            /*@
          loop invariant  ((y == 0)&&(x == 0)&&(z == 0)&&(w == 1)) || (PLACE_HOLDER_w) ;
          loop invariant  ((y == 0)&&(x == 0)&&(z == 0)&&(w == 1)) || (PLACE_HOLDER_z) ;
          loop invariant  ((y == 0)&&(x == 0)&&(z == 0)&&(w == 1)) || (PLACE_HOLDER_x) ;
          loop invariant  ((y == 0)&&(x == 0)&&(z == 0)&&(w == 1)) || (PLACE_HOLDER_y) ;
            */
            while(unknown()){
  	if(w) {
  	  x++;
  	  w = !w;
	  }
	
    if(!z) {
      y++; 
      z=!z;
    }
  }
            

int unknown();


void foo() {


  int w = 1;
  int z = 0;
  int x = 0;
  int y = 0;


  
            
    /* >>> LOOP INVARIANT TO FILL <<< 
       >>> PRECONDITION OF THE LOOP : (y == 0) * (x == 0) * (z == 0) * (w == 1) <<< */
    
            /*@
          loop invariant  ((y == 0)&&(x == 0)&&(z == 0)&&(w == 1)) || (PLACE_HOLDER_w) ;
          loop invariant  ((y == 0)&&(x == 0)&&(z == 0)&&(w == 1)) || (PLACE_HOLDER_z) ;
          loop invariant  ((y == 0)&&(x == 0)&&(z == 0)&&(w == 1)) || (PLACE_HOLDER_x) ;
          loop invariant  ((y == 0)&&(x == 0)&&(z == 0)&&(w == 1)) || (PLACE_HOLDER_y) ;
            */
            while(unknown()){
  	if(w) {
  	  x++;
  	  w = !w;
	  }
	
    if(!z) {
      y++; 
      z=!z;
    }
  }
            

  /*@ assert x == y; */
  
}

### Analysis

#### a. Purpose and Structure of the Loop
The loop's objective is to increment `x` and `y` under certain conditions (`w` and `z` respectively) and toggle the flags `w` and `z` after each increment. The loop condition `unknown()` means the loop can execute any number of times (including zero). The intended outcome is that `x` and `y` are equal when the loop terminates, as asserted by the post-condition `x == y`.

Relevant variables:
- `w`: A flag that controls whether `x` is incremented. Toggled after each increment.
- `z`: A flag that controls whether `y` is incremented. Toggled after each increment.
- `x`: Counter incremented when `w` is true.
- `y`: Counter incremented when `z` is false.

#### b. Discussion of the Loop Invariant
The loop invariant must capture the relationship between `x`, `y`, `w`, and `z` such that the post-condition `x == y` holds upon termination. The invariant should account for two cases:
1. The loop has not executed yet (`x == 0 && y == 0 && z == 0 && w == 1`).
2. The loop has executed at least once, and the relationship between `x`, `y`, `w`, and `z` is maintained.

The proposed invariant separates these cases using `||` (logical OR). For the second case, we need to express the relationship between the variables after loop iterations.

#### c. Establishment
Before the loop starts, the pre-condition `(y == 0) && (x == 0) && (z == 0) && (w == 1)` holds. This satisfies the first part of each invariant (`(y == 0)&&(x == 0)&&(z == 0)&&(w == 1)`), so the invariant is established.

#### d. Preservation
For the loop body to preserve the invariant:
- If `w` is true, `x` is incremented and `w` is toggled to false.
- If `z` is false, `y` is incremented and `z` is toggled to true.
After each iteration, the following must hold:
   - `x` and `y` are incremented in pairs (since `w` and `z` are toggled in a way that ensures `x` and `y` are incremented alternately but in equal numbers over time).
   - The flags `w` and `z` are toggled consistently.

The invariant must reflect that `x == y` is maintained and that `w` and `z` are complements (since `w` starts as `1` and `z` as `0`, and they toggle alternately).

#### e. Termination Analysis
When the loop terminates (after `unknown()` returns false), the invariant must still hold. At termination:
- If the loop never executed, `x == y == 0` (from the pre-condition).
- If the loop executed, the invariant ensures `x == y` (from the second part of the invariant).

#### f. Correctness of the Post-condition
The post-condition `x == y` is correct because:
1. If the loop never executed, `x == y == 0`.
2. If the loop executed, the invariant ensures `x == y` (since `x` and `y` are incremented in pairs due to the toggling of `w` and `z`).

#### g. Implication of the Pre-condition
The pre-condition `(y == 0) && (x == 0) && (z == 0) && (w == 1)` directly implies the first part of the invariant (`(y == 0)&&(x == 0)&&(z == 0)&&(w == 1)`), so the invariant is established before the loop begins.

### Filled-in Loop Invariants
The placeholders should be filled as follows:
- `PLACE_HOLDER_w`: `w == (x % 2 == 0)`
- `PLACE_HOLDER_z`: `z == (y % 2 != 0)`
- `PLACE_HOLDER_x`: `x == y`
- `PLACE_HOLDER_y`: `x == y`

These express that:
- `w` is true when `x` is even (since `w` starts as `1` and toggles after each increment of `x`).
- `z` is true when `y` is odd (since `z` starts as `0` and toggles after each increment of `y`).
- `x` and `y` are always equal.

### Complete Program with Filled Invariants
```c
int unknown();


void foo() {


  int w = 1;
  int z = 0;
  int x = 0;
  int y = 0;


  
            
    /* >>> LOOP INVARIANT TO FILL <<< 
       >>> PRECONDITION OF THE LOOP : (y == 0) * (x == 0) * (z == 0) * (w == 1) <<< */
    
            /*@
          loop invariant  ((y == 0)&&(x == 0)&&(z == 0)&&(w == 1)) || (w == (x % 2 == 0)) ;
          loop invariant  ((y == 0)&&(x == 0)&&(z == 0)&&(w == 1)) || (z == (y % 2 != 0)) ;
          loop invariant  ((y == 0)&&(x == 0)&&(z == 0)&&(w == 1)) || (x == y) ;
          loop invariant  ((y == 0)&&(x == 0)&&(z == 0)&&(w == 1)) || (x == y) ;
            */
            while(unknown()){
  	if(w) {
  	  x++;
  	  w = !w;
	  }
	
    if(!z) {
      y++; 
      z=!z;
    }
  }
            

  /*@ assert x == y; */
  
}
```

int unknown();


void foo() {


  int w = 1;
  int z = 0;
  int x = 0;
  int y = 0;


  
            
            /*@
          loop invariant  ((y == 0)&&(x == 0)&&(z == 0)&&(w == 1)) || (w == (x % 2 == 0)) ;
          loop invariant  ((y == 0)&&(x == 0)&&(z == 0)&&(w == 1)) || (z == (y % 2 != 0)) ;
          loop invariant  ((y == 0)&&(x == 0)&&(z == 0)&&(w == 1)) || (x == y) ;
          loop invariant  ((y == 0)&&(x == 0)&&(z == 0)&&(w == 1)) || (x == y) ;
            */
            while(unknown()){
  	if(w) {
  	  x++;
  	  w = !w;
	  }
	
    if(!z) {
      y++; 
      z=!z;
    }
  }
            

  /*@ assert x == y; */
  
}


int unknown();


void foo() {


  int w = 1;
  int z = 0;
  int x = 0;
  int y = 0;


  
            
            /*@
          loop invariant  ((y == 0)&&(x == 0)&&(z == 0)&&(w == 1)) || (w == (x % 2 == 0)) ;
          loop invariant  ((y == 0)&&(x == 0)&&(z == 0)&&(w == 1)) || (z == (y % 2 != 0)) ;
          loop invariant  ((y == 0)&&(x == 0)&&(z == 0)&&(w == 1)) || (x == y) ;
          loop invariant  ((y == 0)&&(x == 0)&&(z == 0)&&(w == 1)) || (x == y) ;
            */
            while(unknown()){
  	if(w) {
  	  x++;
  	  w = !w;
	  }
	
    if(!z) {
      y++; 
      z=!z;
    }
  }
            

  /*@ assert x == y; */
  
}

syntax Correct
Validate:
[True, True, True, True]

Verify:
[True]

CORRECT INVARIANT
syntax Correct
Validate:
[True, True, True, True]

Verify:
[True]

syntax Correct
Validate:
[True, True, True, True]

Verify:
[True]

已移动文件: 010.c -> finish1
-----------------------------------------

文件 010.c 处理完成. 总耗时: 82.95772671699524
-----------------------------------------
finshed_files:['033.c', '010.c']
