file:013.c
Successfully generated loop/013.json
INNER_FLAG: False
Variable Maps: [{'k': '0', 'j': '2', 'flag': 'flag@pre'}]
Path conditions: [None]
Pre condition: (k == 0) * (j == 2) * (flag == flag@pre)
Loop Condition: unknown()
Updated Loop Conditions: ['unknown()']
Global Unchanged Variables ['flag']
Non Inductive Variables []
[{'k': '0', 'j': '2', 'flag': 'flag@pre'}]
[None]

            
    /* >>> LOOP INVARIANT TO FILL <<< 
       >>> PRECONDITION OF THE LOOP : (k == 0) * (j == 2) * (flag == \at(flag, Pre)) <<< */
    
            /*@
          loop invariant flag == \at(flag, Pre);
            */
            while(unknown()){ 
     if (flag)
       j = j + 4;
     else {
       j = j + 2;
       k = k + 1;
     }
   }
            

            
    /* >>> LOOP INVARIANT TO FILL <<< 
       >>> PRECONDITION OF THE LOOP : (k == 0) * (j == 2) * (flag == \at(flag, Pre)) <<< */
    
            /*@
          loop invariant  ((k == 0)&&(j == 2)&&(flag == \at(flag, Pre))) || (PLACE_HOLDER_j) ;
          loop invariant  ((k == 0)&&(j == 2)&&(flag == \at(flag, Pre))) || (PLACE_HOLDER_k) ;
          loop invariant flag == \at(flag, Pre);
            */
            while(unknown()){ 
     if (flag)
       j = j + 4;
     else {
       j = j + 2;
       k = k + 1;
     }
   }
            

int unknown();

void foo(int flag) {
   int j = 2; 
   int k = 0;

   
   
            
    /* >>> LOOP INVARIANT TO FILL <<< 
       >>> PRECONDITION OF THE LOOP : (k == 0) * (j == 2) * (flag == \at(flag, Pre)) <<< */
    
            /*@
          loop invariant  ((k == 0)&&(j == 2)&&(flag == \at(flag, Pre))) || (PLACE_HOLDER_j) ;
          loop invariant  ((k == 0)&&(j == 2)&&(flag == \at(flag, Pre))) || (PLACE_HOLDER_k) ;
          loop invariant flag == \at(flag, Pre);
            */
            while(unknown()){ 
     if (flag)
       j = j + 4;
     else {
       j = j + 2;
       k = k + 1;
     }
   }
            
   /*@ assert (k!= 0 )==> (j == 2 * k + 2 ); */
}

### Analysis

#### a. Purpose and Structure of the Loop:
The loop's purpose is to modify the values of `j` and `k` based on the value of `flag`. The loop condition `unknown()` means the loop can execute any number of times (including zero). Inside the loop:
- If `flag` is true, `j` is incremented by 4.
- If `flag` is false, `j` is incremented by 2 and `k` is incremented by 1.

The relevant variables are `j`, `k`, and `flag`. The loop's post-condition asserts that if `k` is not zero, then `j` must equal `2 * k + 2`.

#### b. Discussion of the Loop Invariant:
The loop invariant must capture the relationship between `j` and `k` based on the value of `flag`. The invariant should reflect that:
- If the loop hasn't run yet (`k == 0 && j == 2`), the initial conditions hold.
- If the loop has run (`k != 0`), then `j` is `2 * k + 2` (from the post-condition) when `flag` is false, or `j` is `4 * k + 2` when `flag` is true (since `j` increases by 4 for each `flag` true iteration, but `k` only increments when `flag` is false).

#### c. Establishment:
Before the loop starts, `k == 0` and `j == 2`, so the first part of the invariant `(k == 0) && (j == 2) && (flag == \at(flag, Pre))` holds. The second part (`PLACE_HOLDER_j` and `PLACE_HOLDER_k`) is irrelevant at this point because the first part is true.

#### d. Preservation:
If the loop runs:
- If `flag` is true, `j` increases by 4 and `k` remains the same. The invariant must reflect that `j` is `4 * k + 2 + 4` (but `k` doesn't change).
- If `flag` is false, `j` increases by 2 and `k` increases by 1. The invariant must reflect that `j` is `2 * (k + 1) + 2` (simplifying to `2 * k + 4`).

The invariant must account for both cases. The correct relationship is:
- `(flag ==> j == 4 * k + 2) && (!flag ==> j == 2 * k + 2)`.

#### e. Termination Analysis:
When the loop terminates, the invariant still holds. If `k != 0`, the post-condition `(k != 0) ==> (j == 2 * k + 2)` is implied by the invariant `!flag ==> j == 2 * k + 2`. If `flag` is true, the post-condition doesn't constrain `j` (since the post-condition only applies when `k != 0`, but the invariant covers all cases).

#### f. Correctness of the Post-condition:
The post-condition `(k != 0) ==> (j == 2 * k + 2)` is correct because:
- If `k != 0`, then at least one iteration with `flag == false` occurred (since `k` only increments when `flag` is false).
- The invariant ensures that when `flag` is false, `j == 2 * k + 2`.
- The post-condition is directly implied by the invariant when `k != 0`.

#### g. Implication of the Pre-condition:
The pre-condition `(k == 0) && (j == 2) && (flag == \at(flag, Pre))` implies the loop invariant because:
- Before the loop, `k == 0` and `j == 2`, so the first part of the invariant holds.
- The second part of the invariant is irrelevant until the loop runs at least once.

### Filled-in Loop Program:
```c
int unknown();

void foo(int flag) {
   int j = 2; 
   int k = 0;

   
   
            
    /* >>> LOOP INVARIANT TO FILL <<< 
       >>> PRECONDITION OF THE LOOP : (k == 0) * (j == 2) * (flag == \at(flag, Pre)) <<< */
    
            /*@
          loop invariant  ((k == 0)&&(j == 2)&&(flag == \at(flag, Pre))) || ((flag ==> j == 4 * k + 2) && (!flag ==> j == 2 * k + 2)) ;
          loop invariant  ((k == 0)&&(j == 2)&&(flag == \at(flag, Pre))) || (k >= 0) ;
          loop invariant flag == \at(flag, Pre);
            */
            while(unknown()){ 
     if (flag)
       j = j + 4;
     else {
       j = j + 2;
       k = k + 1;
     }
   }
            
   /*@ assert (k!= 0 )==> (j == 2 * k + 2 ); */
}
```

### Explanation of Filled Placeholders:
- `PLACE_HOLDER_j`: `(flag ==> j == 4 * k + 2) && (!flag ==> j == 2 * k + 2)`
  - This captures the relationship between `j` and `k` based on `flag`.
- `PLACE_HOLDER_k`: `k >= 0`
  - This ensures `k` is never negative (since it starts at 0 and increments by 1 when `flag` is false).

The invariant is sufficient to prove the post-condition because it covers all cases of `flag` and ensures the post-condition holds when `k != 0`.

int unknown();

void foo(int flag) {
   int j = 2; 
   int k = 0;

   
   
            
            /*@
          loop invariant  ((k == 0)&&(j == 2)&&(flag == \at(flag, Pre))) || ((flag ==> j == 4 * k + 2) && (!flag ==> j == 2 * k + 2)) ;
          loop invariant  ((k == 0)&&(j == 2)&&(flag == \at(flag, Pre))) || (k >= 0) ;
          loop invariant flag == \at(flag, Pre);
            */
            while(unknown()){ 
     if (flag)
       j = j + 4;
     else {
       j = j + 2;
       k = k + 1;
     }
   }
            
   /*@ assert (k!= 0 )==> (j == 2 * k + 2 ); */
}


int unknown();

void foo(int flag) {
   int j = 2; 
   int k = 0;

   
   
            
            /*@
          loop invariant  ((k == 0)&&(j == 2)&&(flag == \at(flag, Pre))) || ((flag ==> j == 4 * k + 2) && (!flag ==> j == 2 * k + 2)) ;
          loop invariant  ((k == 0)&&(j == 2)&&(flag == \at(flag, Pre))) || (k >= 0) ;
          loop invariant flag == \at(flag, Pre);
            */
            while(unknown()){ 
     if (flag)
       j = j + 4;
     else {
       j = j + 2;
       k = k + 1;
     }
   }
            
   /*@ assert (k!= 0 )==> (j == 2 * k + 2 ); */
}

syntax Correct
Validate:
[False, True, True]

Goal Preservation of Invariant (file output/013.c, line 12):
Assume {
  Type: is_sint32(flag_0) /\ is_sint32(j) /\ is_sint32(j_1) /\
      is_sint32(j_2) /\ is_sint32(j_3) /\ is_sint32(k) /\ is_sint32(k_1) /\
      is_sint32(k_2) /\ is_sint32(tmp_0).
  (* Invariant *)
  Have: ((j_3 = 2) /\ (k_2 = 0)) \/
      ((((flag_0 = 0) -> ((2 + (2 * k_2)) = j_3))) /\
       (((flag_0 != 0) -> ((2 + (4 * k_2)) = j_3)))).
  (* Invariant *)
  Have: (0 <= k_2) \/ ((j_3 = 2) /\ (k_2 = 0)).
  (* Then *)
  Have: tmp_0 != 0.
  If flag_0 != 0
  Then { Have: (j_3 = j_1) /\ (k_2 = k). Have: (4 + j_1) = j. }
  Else {
    Have: (j_3 = j_2) /\ (k_2 = k_1).
    Have: (2 + j_2) = j.
    Have: (1 + k_1) = k.
  }
}
Prove: ((j = 2) /\ (k = 0)) \/
    ((((flag_0 = 0) -> ((2 + (2 * k)) = j))) /\
     (((flag_0 != 0) -> ((2 + (4 * k)) = j)))).
Prover Z3 4.8.12 returns Timeout (Qed:21ms) (3s)
Error found in file: output/013.c at line: 12
Error line content: loop invariant  ((k == 0)&&(j == 2)&&(flag == \at(flag, Pre))) || ((flag ==> j == 4 * k + 2) && (!flag ==> j == 2 * k + 2)) ;

Verify:
[False]

Goal Assertion (file output/013.c, line 25):
Let x = 2 + (2 * k).
Assume {
  Type: is_sint32(flag_0) /\ is_sint32(j) /\ is_sint32(k).
  (* Goal *)
  When: k != 0.
  (* Invariant *)
  Have: (((flag_0 = 0) -> (x = j))) /\
      (((flag_0 != 0) -> ((2 + (4 * k)) = j))).
  (* Invariant *)
  Have: 0 <= k.
}
Prove: x = j.
Prover Z3 4.8.12 returns Timeout (Qed:4ms) (3s)
Error found in file: output/013.c at line: 25
Error line content: /*@ assert (k!= 0 )==> (j == 2 * k + 2 ); */


int unknown();

void foo(int flag) {
   int j = 2; 
   int k = 0;

   
   
            
            /*@
          loop invariant  ((k == 0)&&(j == 2)&&(flag == \at(flag, Pre))) || ((flag ==> j == 4 * k + 2) && (!flag ==> j == 2 * k + 2))  [INVARIANT FAILED] ;
          loop invariant  ((k == 0)&&(j == 2)&&(flag == \at(flag, Pre))) || (k >= 0) ;
          loop invariant flag == \at(flag, Pre);
            */
            while(unknown()){ 
     if (flag)
       j = j + 4;
     else {
       j = j + 2;
       k = k + 1;
     }
   }
            
   /*@ assert (k!= 0 )==> (j == 2 * k + 2 ); */
}

### Error Analysis

1. **Goal Preservation of Invariant Error**:
   - The current invariant fails to be preserved during loop iterations. The invariant attempts to capture two cases based on `flag`:
     - If `flag` is true: `j == 4 * k + 2`
     - If `flag` is false: `j == 2 * k + 2`
   - However, the invariant does not account for the initial state where `k == 0` and `j == 2` properly. The disjunction `((k == 0) && (j == 2) && (flag == \at(flag, Pre))) || ...` is not sufficient to ensure the invariant holds after the first iteration.

2. **Goal Assertion Error**:
   - The post-condition `(k != 0) ==> (j == 2 * k + 2)` cannot be verified because the loop invariant does not guarantee this relationship when the loop terminates. The invariant does not properly constrain `j` and `k` in a way that implies the post-condition.

### Rationale for Regenerated Invariant

The loop invariant must:
1. **Establishment**: Be true initially when `k == 0` and `j == 2`.
2. **Preservation**: Be maintained after each iteration, regardless of whether `flag` is true or false.
3. **Termination**: Imply the post-condition `(k != 0) ==> (j == 2 * k + 2)` when the loop terminates.

The key insight is that:
- If `flag` is true, `j` increases by 4 and `k` remains unchanged.
- If `flag` is false, `j` increases by 2 and `k` increases by 1.

Thus, the invariant should capture:
- The initial state (`k == 0 && j == 2`).
- The relationship between `j` and `k` based on `flag`:
  - If `flag` is true: `j == 2 + 4 * (k - k_initial)`, but since `k` does not change, this simplifies to `j == 2 + 4 * m` (where `m` is the number of `flag`-true iterations).
  - If `flag` is false: `j == 2 + 2 * k` (since `k` counts the number of `flag`-false iterations).

However, since `flag` is constant, we can simplify the invariant to:
- `(k == 0 && j == 2) || (flag && j == 2 + 4 * m) || (!flag && j == 2 + 2 * k)`, but this is complex.
- Instead, we can use a simpler invariant that captures the post-condition:
  - `(k == 0 && j == 2) || (!flag && j == 2 + 2 * k)`, since the post-condition only cares about the `!flag` case.

### Fixed C Code

```c
int unknown();

void foo(int flag) {
   int j = 2; 
   int k = 0;

   /*@
     loop invariant (k == 0 && j == 2) || (!flag && j == 2 + 2 * k);
     loop invariant k >= 0;
     loop invariant flag == \at(flag, Pre);
   */
   while(unknown()) { 
     if (flag)
       j = j + 4;
     else {
       j = j + 2;
       k = k + 1;
     }
   }
            
   /*@ assert (k != 0) ==> (j == 2 * k + 2); */
}
```

### Explanation of the New Invariant

1. **Establishment**:
   - Initially, `k == 0` and `j == 2`, so the first part of the disjunction `(k == 0 && j == 2)` holds.

2. **Preservation**:
   - If `flag` is true, `j` increases by 4 and `k` remains unchanged. The invariant `!flag && j == 2 + 2 * k` is not affected because `flag` is still true (and the first part of the disjunction is not relevant after the first iteration).
   - If `flag` is false, `j` increases by 2 and `k` increases by 1. The invariant `!flag && j == 2 + 2 * k` is preserved because:
     - Before the iteration: `j == 2 + 2 * k_old`.
     - After the iteration: `j_new == j_old + 2 == 2 + 2 * k_old + 2 == 2 + 2 * (k_old + 1) == 2 + 2 * k_new`.

3. **Termination**:
   - When the loop terminates, if `k != 0`, then the invariant `!flag && j == 2 + 2 * k` must hold (since the first part `k == 0 && j == 2` is false). This directly implies the post-condition `j == 2 * k + 2`.

This invariant is simpler and directly supports the post-condition. The `flag`-true case is not needed in the invariant because the post-condition does not depend on it.
after regen

int unknown();

void foo(int flag) {
   int j = 2; 
   int k = 0;

   /*@
     loop invariant (k == 0 && j == 2) || (!flag && j == 2 + 2 * k);
     loop invariant k >= 0;
     loop invariant flag == \at(flag, Pre);
   */
   while(unknown()) { 
     if (flag)
       j = j + 4;
     else {
       j = j + 2;
       k = k + 1;
     }
   }
            
   /*@ assert (k != 0) ==> (j == 2 * k + 2); */
}

syntax Correct
Validate:
[False, True, True]

Goal Preservation of Invariant (file output/013.c, line 9):
Assume {
  Type: is_sint32(flag_0) /\ is_sint32(j) /\ is_sint32(j_1) /\
      is_sint32(j_2) /\ is_sint32(j_3) /\ is_sint32(k) /\ is_sint32(k_1) /\
      is_sint32(k_2) /\ is_sint32(tmp_0).
  (* Invariant *)
  Have: ((j_3 = 2) /\ (k_2 = 0)) \/
      ((flag_0 = 0) /\ ((2 + (2 * k_2)) = j_3)).
  (* Invariant *)
  Have: 0 <= k_2.
  (* Then *)
  Have: tmp_0 != 0.
  If flag_0 != 0
  Then { Have: (j_3 = j_1) /\ (k_2 = k). Have: (4 + j_1) = j. }
  Else {
    Have: (j_3 = j_2) /\ (k_2 = k_1).
    Have: (2 + j_2) = j.
    Have: (1 + k_1) = k.
  }
}
Prove: ((j = 2) /\ (k = 0)) \/ ((flag_0 = 0) /\ ((2 + (2 * k)) = j)).
Prover Z3 4.8.12 returns Timeout (Qed:16ms) (3s)
Error found in file: output/013.c at line: 9
Error line content: loop invariant (k == 0 && j == 2) || (!flag && j == 2 + 2 * k);

Verify:
[True]


int unknown();

void foo(int flag) {
   int j = 2; 
   int k = 0;

   /*@
     loop invariant (k == 0 && j == 2) || (!flag && j == 2 + 2 * k) [INVARIANT FAILED] ;
     loop invariant k >= 0;
     loop invariant flag == \at(flag, Pre);
   */
   while(unknown()) { 
     if (flag)
       j = j + 4;
     else {
       j = j + 2;
       k = k + 1;
     }
   }
            
   /*@ assert (k != 0) ==> (j == 2 * k + 2); */
}

### Error Analysis

The error message indicates that the **Goal Preservation of Invariant** fails. Specifically, the current invariant `(k == 0 && j == 2) || (!flag && j == 2 + 2 * k)` cannot be preserved after an iteration where `flag != 0`. 

#### Problem Breakdown:
1. **Current Invariant**: 
   - The invariant claims that either:
     - `k == 0 && j == 2` (initial state), or
     - `!flag && j == 2 + 2 * k` (state after some iterations where `flag` is false).
   - However, the loop body can modify `j` and `k` in two ways:
     - If `flag` is true: `j = j + 4` (no change to `k`).
     - If `flag` is false: `j = j + 2` and `k = k + 1`.

2. **Preservation Failure**:
   - When `flag != 0`, the invariant `(!flag && j == 2 + 2 * k)` is false (since `flag` is true), and the initial state `(k == 0 && j == 2)` may no longer hold after the first iteration. Thus, the entire invariant becomes false after an iteration where `flag != 0`.

3. **Postcondition**:
   - The postcondition `(k != 0) ==> (j == 2 * k + 2)` must hold when the loop terminates. This suggests that the loop's behavior is primarily concerned with the case where `flag == 0` (since `k` is only incremented when `flag == 0`).

#### Solution:
The invariant must account for both cases (`flag == 0` and `flag != 0`). We weaken the invariant to:
- Allow `flag != 0` cases by not constraining `j` in terms of `k` when `flag != 0`.
- Ensure the postcondition can still be verified by preserving the relationship between `j` and `k` when `flag == 0`.

### Fixed C Code

```c
int unknown();

void foo(int flag) {
   int j = 2; 
   int k = 0;

   /*@
     loop invariant (k == 0 && j == 2) || 
                     (flag == 0 ==> j == 2 + 2 * k);
     loop invariant k >= 0;
     loop invariant flag == \at(flag, Pre);
   */
   while(unknown()) { 
     if (flag)
       j = j + 4;
     else {
       j = j + 2;
       k = k + 1;
     }
   }
            
   /*@ assert (k != 0) ==> (j == 2 * k + 2); */
}
```

### Key Changes:
1. **Weakened Invariant**:
   - The new invariant `(k == 0 && j == 2) || (flag == 0 ==> j == 2 + 2 * k)` allows for arbitrary changes to `j` when `flag != 0` (no constraint on `j` in this case).
   - When `flag == 0`, the relationship `j == 2 + 2 * k` is preserved, which is sufficient to prove the postcondition.

2. **Preservation**:
   - If `flag == 0`, the body increments `k` by 1 and `j` by 2, so `j == 2 + 2 * k` is preserved.
   - If `flag != 0`, the invariant reduces to `(k == 0 && j == 2)` or `true` (since `flag == 0 ==> ...` is vacuously true when `flag != 0`), so the invariant holds.

3. **Postcondition**:
   - The postcondition `(k != 0) ==> (j == 2 * k + 2)` holds because:
     - If `k != 0`, then `flag` must have been `0` at some point (since `k` is only incremented when `flag == 0`).
     - The invariant ensures that when `flag == 0`, `j == 2 + 2 * k`, which matches the postcondition.

This fix ensures the invariant is preserved and the postcondition is verifiable.
after weaken

int unknown();

void foo(int flag) {
   int j = 2; 
   int k = 0;

   /*@
     loop invariant (k == 0 && j == 2) || 
                     (flag == 0 ==> j == 2 + 2 * k);
     loop invariant k >= 0;
     loop invariant flag == \at(flag, Pre);
   */
   while(unknown()) { 
     if (flag)
       j = j + 4;
     else {
       j = j + 2;
       k = k + 1;
     }
   }
            
   /*@ assert (k != 0) ==> (j == 2 * k + 2); */
}

syntax Correct
Validate:
[True, True, True]

Verify:
[False]

Goal Assertion (file output/013.c, line 23):
Let x = 2 + (2 * k).
Assume {
  Type: is_sint32(flag_0) /\ is_sint32(j) /\ is_sint32(k).
  (* Goal *)
  When: k != 0.
  (* Invariant *)
  Have: ((flag_0 = 0) -> (x = j)).
  (* Invariant *)
  Have: 0 <= k.
}
Prove: x = j.
Prover Z3 4.8.12 returns Timeout (Qed:4ms) (3s)
Error found in file: output/013.c at line: 23
Error line content: /*@ assert (k != 0) ==> (j == 2 * k + 2); */

### Error Analysis

The error message indicates that the post-condition `(k != 0) ==> (j == 2 * k + 2)` cannot be verified. The current loop invariant only covers the case when `flag == 0`, but doesn't provide any information about the relationship between `j` and `k` when `flag != 0`. 

The loop body has two branches:
1. When `flag` is true: `j` increases by 4, `k` remains unchanged
2. When `flag` is false: `j` increases by 2, `k` increases by 1

To verify the post-condition, we need to strengthen the invariant to cover both cases of `flag`. The post-condition only concerns the case when `k != 0`, which can only happen when `flag` is false (since `k` only increments when `flag` is false). However, we still need to maintain the invariant for both cases to ensure the verification.

### Fixed C Code

```c
int unknown();

void foo(int flag) {
   int j = 2; 
   int k = 0;

   /*@
     loop invariant (k == 0 && j == 2) || 
                     (flag == 0 ==> j == 2 + 2 * k) ||
                     (flag != 0 ==> j == 2 + 4 * k);
     loop invariant k >= 0;
     loop invariant flag == \at(flag, Pre);
   */
   while(unknown()) { 
     if (flag)
       j = j + 4;
     else {
       j = j + 2;
       k = k + 1;
     }
   }
            
   /*@ assert (k != 0) ==> (j == 2 * k + 2); */
}
```

The key changes are:
1. Added the case for `flag != 0` in the loop invariant: `(flag != 0 ==> j == 2 + 4 * k)`
2. Maintained all other existing invariants

This strengthened invariant now properly tracks the relationship between `j` and `k` in both cases of `flag`, which allows the post-condition to be verified when `k != 0` (which implies `flag` was false at least once during execution).
after strength

int unknown();

void foo(int flag) {
   int j = 2; 
   int k = 0;

   /*@
     loop invariant (k == 0 && j == 2) || 
                     (flag == 0 ==> j == 2 + 2 * k) ||
                     (flag != 0 ==> j == 2 + 4 * k);
     loop invariant k >= 0;
     loop invariant flag == \at(flag, Pre);
   */
   while(unknown()) { 
     if (flag)
       j = j + 4;
     else {
       j = j + 2;
       k = k + 1;
     }
   }
            
   /*@ assert (k != 0) ==> (j == 2 * k + 2); */
}

syntax Correct
Validate:
[True, True, True]

Verify:
[False]

Goal Assertion (file output/013.c, line 24):
Let x = 2 + (2 * k).
Assume {
  Type: is_sint32(flag_0) /\ is_sint32(j) /\ is_sint32(k).
  (* Goal *)
  When: k != 0.
  (* Invariant *)
  Have: (((flag_0 = 0) -> (x = j))) \/
      (((flag_0 != 0) -> ((2 + (4 * k)) = j))).
  (* Invariant *)
  Have: 0 <= k.
}
Prove: x = j.
Prover Z3 4.8.12 returns Timeout (Qed:4ms) (3s)
Error found in file: output/013.c at line: 24
Error line content: /*@ assert (k != 0) ==> (j == 2 * k + 2); */

syntax Correct
Validate:
[True, True, True]

Verify:
[False]

Goal Assertion (file output/013.c, line 24):
Let x = 2 + (2 * k).
Assume {
  Type: is_sint32(flag_0) /\ is_sint32(j) /\ is_sint32(k).
  (* Goal *)
  When: k != 0.
  (* Invariant *)
  Have: (((flag_0 = 0) -> (x = j))) \/
      (((flag_0 != 0) -> ((2 + (4 * k)) = j))).
  (* Invariant *)
  Have: 0 <= k.
}
Prove: x = j.
Prover Z3 4.8.12 returns Timeout (Qed:4ms) (3s)
Error found in file: output/013.c at line: 24
Error line content: /*@ assert (k != 0) ==> (j == 2 * k + 2); */

[(188, 299, 0)]
[(188, 299, 0)]
[(188, 299, 0)]
[(188, 299, 0)]
Loop 0 : Outer
Sorted indices: [0]
File found: ../sac_c_parser/test/../ip_postcond/goal/013_goal.v. Deleting the file.
File found: ../sac_c_parser/test/../ip_postcond/goal/013_proof_auto.v. Deleting the file.
File found: ../sac_c_parser/test/../ip_postcond/goal/013_proof_manual.v. Deleting the file.
LoopEntry_0:
(k == 0) * (j == 2) * (flag == flag@pre)

Successfully generated loop/013.json
INNER_FLAG: False
Variable Maps: [{'k': '0', 'j': '2', 'flag': 'flag@pre'}]
Path conditions: [None]
Pre condition: (k == 0) * (j == 2) * (flag == flag@pre)
Loop Condition: unknown()
Updated Loop Conditions: ['unknown()']
Global Unchanged Variables ['flag']
Non Inductive Variables []
[{'k': '0', 'j': '2', 'flag': 'flag@pre'}]
[None]

            
    /* >>> LOOP INVARIANT TO FILL <<< 
       >>> PRECONDITION OF THE LOOP : (k == 0) * (j == 2) * (flag == \at(flag, Pre)) <<< */
    
            /*@
          loop invariant flag == \at(flag, Pre);
            */
            while(unknown()){ 
     if (flag)
       j = j + 4;
     else {
       j = j + 2;
       k = k + 1;
     }
   }
            

            
    /* >>> LOOP INVARIANT TO FILL <<< 
       >>> PRECONDITION OF THE LOOP : (k == 0) * (j == 2) * (flag == \at(flag, Pre)) <<< */
    
            /*@
          loop invariant  ((k == 0)&&(j == 2)&&(flag == \at(flag, Pre))) || (PLACE_HOLDER_j) ;
          loop invariant  ((k == 0)&&(j == 2)&&(flag == \at(flag, Pre))) || (PLACE_HOLDER_k) ;
          loop invariant flag == \at(flag, Pre);
            */
            while(unknown()){ 
     if (flag)
       j = j + 4;
     else {
       j = j + 2;
       k = k + 1;
     }
   }
            

int unknown();

void foo(int flag) {
   int j = 2; 
   int k = 0;

   
   
            
    /* >>> LOOP INVARIANT TO FILL <<< 
       >>> PRECONDITION OF THE LOOP : (k == 0) * (j == 2) * (flag == \at(flag, Pre)) <<< */
    
            /*@
          loop invariant  ((k == 0)&&(j == 2)&&(flag == \at(flag, Pre))) || (PLACE_HOLDER_j) ;
          loop invariant  ((k == 0)&&(j == 2)&&(flag == \at(flag, Pre))) || (PLACE_HOLDER_k) ;
          loop invariant flag == \at(flag, Pre);
            */
            while(unknown()){ 
     if (flag)
       j = j + 4;
     else {
       j = j + 2;
       k = k + 1;
     }
   }
            
   /*@ assert (k!= 0 )==> (j == 2 * k + 2 ); */
}

### Analysis

#### a. Purpose and Structure of the Loop
The loop's objective is to modify the values of `j` and `k` based on the value of `flag`. The loop condition `unknown()` means the loop can execute any number of times (including zero). Inside the loop:
- If `flag` is true, `j` is incremented by 4.
- If `flag` is false, `j` is incremented by 2 and `k` is incremented by 1.

Relevant variables: `j`, `k`, `flag`.

#### b. Discussion of the Loop Invariant
The loop invariant must capture the relationship between `j` and `k` based on the value of `flag`. The invariant should hold whether the loop executes zero times or many times.

#### c. Establishment
Before the loop starts, `k == 0`, `j == 2`, and `flag` is unchanged from its pre-state. The invariant must hold in this initial state.

#### d. Preservation
If the loop executes:
- If `flag` is true, `j` increases by 4, but `k` remains unchanged. The invariant must account for this.
- If `flag` is false, `j` increases by 2 and `k` increases by 1. The invariant must account for this.

#### e. Termination Analysis
When the loop terminates, the invariant must still hold, and the post-condition `(k != 0) ==> (j == 2 * k + 2)` must be implied by the invariant and the negation of the loop condition.

#### f. Correctness of the Post-condition
The post-condition states that if `k` is not zero, then `j` must equal `2 * k + 2`. This is true because:
- If `flag` is always false, `j` increases by 2 for every increase of `k` by 1. Starting from `j == 2` and `k == 0`, after `k` increments, `j` becomes `2 + 2 * k`.
- If `flag` is sometimes true, `j` increases by 4 (no `k` increment), which would break the post-condition unless `flag` is always false. Thus, the invariant must ensure that if `k != 0`, `flag` must have been false in all iterations where `k` was incremented.

#### g. Implication of the Pre-condition
The pre-condition `(k == 0) && (j == 2) && (flag == \at(flag, Pre))` implies the loop invariant because it matches the initial state before the loop starts.

### Filled-in Loop Invariants
The placeholders `PLACE_HOLDER_j` and `PLACE_HOLDER_k` should reflect the relationship between `j` and `k` based on `flag`. The correct invariants are:
- `PLACE_HOLDER_j`: `j == 2 * k + 2`
- `PLACE_HOLDER_k`: `k >= 0`

### Final Program with Filled Invariants
```c
int unknown();

void foo(int flag) {
   int j = 2; 
   int k = 0;

   
   
            
    /* >>> LOOP INVARIANT TO FILL <<< 
       >>> PRECONDITION OF THE LOOP : (k == 0) * (j == 2) * (flag == \at(flag, Pre)) <<< */
    
            /*@
          loop invariant  ((k == 0)&&(j == 2)&&(flag == \at(flag, Pre))) || (j == 2 * k + 2) ;
          loop invariant  ((k == 0)&&(j == 2)&&(flag == \at(flag, Pre))) || (k >= 0) ;
          loop invariant flag == \at(flag, Pre);
            */
            while(unknown()){ 
     if (flag)
       j = j + 4;
     else {
       j = j + 2;
       k = k + 1;
     }
   }
            
   /*@ assert (k!= 0 )==> (j == 2 * k + 2 ); */
}
```

### Explanation of Invariants
1. `j == 2 * k + 2`: This captures the relationship between `j` and `k` when `flag` is false. If `flag` is always false, `j` increases by 2 for every `k` increase by 1, starting from `j == 2` and `k == 0`.
2. `k >= 0`: This ensures `k` never becomes negative, which is trivial here but necessary for completeness.
3. The first part of the invariant (`(k == 0) && (j == 2) && (flag == \at(flag, Pre))`) handles the case where the loop executes zero times. The second part handles the case where the loop executes at least once.

These invariants are sufficient to prove the post-condition.

int unknown();

void foo(int flag) {
   int j = 2; 
   int k = 0;

   
   
            
            /*@
          loop invariant  ((k == 0)&&(j == 2)&&(flag == \at(flag, Pre))) || (j == 2 * k + 2) ;
          loop invariant  ((k == 0)&&(j == 2)&&(flag == \at(flag, Pre))) || (k >= 0) ;
          loop invariant flag == \at(flag, Pre);
            */
            while(unknown()){ 
     if (flag)
       j = j + 4;
     else {
       j = j + 2;
       k = k + 1;
     }
   }
            
   /*@ assert (k!= 0 )==> (j == 2 * k + 2 ); */
}


int unknown();

void foo(int flag) {
   int j = 2; 
   int k = 0;

   
   
            
            /*@
          loop invariant  ((k == 0)&&(j == 2)&&(flag == \at(flag, Pre))) || (j == 2 * k + 2) ;
          loop invariant  ((k == 0)&&(j == 2)&&(flag == \at(flag, Pre))) || (k >= 0) ;
          loop invariant flag == \at(flag, Pre);
            */
            while(unknown()){ 
     if (flag)
       j = j + 4;
     else {
       j = j + 2;
       k = k + 1;
     }
   }
            
   /*@ assert (k!= 0 )==> (j == 2 * k + 2 ); */
}

syntax Correct
Validate:
[False, True, True]

Goal Preservation of Invariant (file output/013.c, line 12):
Assume {
  Type: is_sint32(flag_0) /\ is_sint32(j) /\ is_sint32(j_1) /\
      is_sint32(j_2) /\ is_sint32(j_3) /\ is_sint32(k) /\ is_sint32(k_1) /\
      is_sint32(k_2) /\ is_sint32(tmp_0).
  (* Invariant *)
  Have: ((2 + (2 * k_2)) = j_3) \/ ((j_3 = 2) /\ (k_2 = 0)).
  (* Invariant *)
  Have: (0 <= k_2) \/ ((j_3 = 2) /\ (k_2 = 0)).
  (* Then *)
  Have: tmp_0 != 0.
  If flag_0 != 0
  Then { Have: (j_3 = j_1) /\ (k_2 = k). Have: (4 + j_1) = j. }
  Else {
    Have: (j_3 = j_2) /\ (k_2 = k_1).
    Have: (2 + j_2) = j.
    Have: (1 + k_1) = k.
  }
}
Prove: ((2 + (2 * k)) = j) \/ ((j = 2) /\ (k = 0)).
Prover Z3 4.8.12 returns Timeout (Qed:19ms) (3s)
Error found in file: output/013.c at line: 12
Error line content: loop invariant  ((k == 0)&&(j == 2)&&(flag == \at(flag, Pre))) || (j == 2 * k + 2) ;

Verify:
[True]


int unknown();

void foo(int flag) {
   int j = 2; 
   int k = 0;

   
   
            
            /*@
          loop invariant  ((k == 0)&&(j == 2)&&(flag == \at(flag, Pre))) || (j == 2 * k + 2)  [INVARIANT FAILED] ;
          loop invariant  ((k == 0)&&(j == 2)&&(flag == \at(flag, Pre))) || (k >= 0) ;
          loop invariant flag == \at(flag, Pre);
            */
            while(unknown()){ 
     if (flag)
       j = j + 4;
     else {
       j = j + 2;
       k = k + 1;
     }
   }
            
   /*@ assert (k!= 0 )==> (j == 2 * k + 2 ); */
}

### Error Analysis

The error message indicates that the **"Goal Preservation of Invariant"** fails for the loop invariant `((k == 0) && (j == 2) && (flag == \at(flag, Pre))) || (j == 2 * k + 2)`. Specifically, Frama-C cannot prove that this invariant is preserved after each iteration of the loop.

#### Problem Breakdown:
1. **Invariant Structure**: The invariant is a disjunction (logical OR) of two parts:
   - `(k == 0) && (j == 2) && (flag == \at(flag, Pre))`: This part represents the initial state of the loop.
   - `j == 2 * k + 2`: This part represents the relationship between `j` and `k` after the loop has started executing.

2. **Preservation Failure**:
   - When `flag` is true, `j` is updated by adding 4 (`j = j + 4`), but `k` remains unchanged. In this case, the relationship `j == 2 * k + 2` is violated because `j` increases by 4, while `k` stays the same.
   - When `flag` is false, `j` is updated by adding 2 (`j = j + 2`), and `k` is incremented by 1 (`k = k + 1`). Here, the relationship `j == 2 * k + 2` is preserved because `j` increases by 2 and `k` increases by 1, maintaining the relationship.

3. **Issue**: The invariant `j == 2 * k + 2` is only valid when `flag` is false but fails when `flag` is true. This means the invariant is not preserved across all possible iterations of the loop.

#### Solution Strategy:
To fix this, we need to weaken the invariant to account for the cases where `flag` is true. Instead of enforcing the strict equality `j == 2 * k + 2`, we can introduce a range or a modulo constraint that accommodates both scenarios (`flag` true and `flag` false).

#### Proposed Fix:
Replace the equality constraint `j == 2 * k + 2` with a range constraint that ensures `j` is always greater than or equal to `2 * k + 2`. This allows `j` to increase by 4 when `flag` is true while still maintaining the invariant.

---

### Fixed C Code

```c
int unknown();

void foo(int flag) {
   int j = 2; 
   int k = 0;

   /*@
     loop invariant  ((k == 0) && (j == 2) && (flag == \at(flag, Pre))) || (j >= 2 * k + 2);
     loop invariant  ((k == 0) && (j == 2) && (flag == \at(flag, Pre))) || (k >= 0);
     loop invariant flag == \at(flag, Pre);
   */
   while (unknown()) { 
     if (flag)
       j = j + 4;
     else {
       j = j + 2;
       k = k + 1;
     }
   }

   /*@ assert (k != 0) ==> (j == 2 * k + 2); */
}
```

### Explanation of Fix:
1. **Weakened Invariant**: The invariant `j >= 2 * k + 2` is weaker than `j == 2 * k + 2`. It allows `j` to increase by 4 when `flag` is true while still ensuring that `j` is at least `2 * k + 2`.
2. **Preservation**:
   - When `flag` is true: `j` increases by 4, and `k` stays the same. This preserves `j >= 2 * k + 2` because `j` grows faster than `k`.
   - When `flag` is false: `j` increases by 2, and `k` increases by 1. This preserves `j >= 2 * k + 2` because `j` and `k` grow at the same rate.
3. **Post-condition**: The post-condition `(k != 0) ==> (j == 2 * k + 2)` is still valid because `j` is only equal to `2 * k + 2` when `flag` is false, which is the only case where `k` increases.

This fix ensures that the invariant is preserved across all iterations of the loop while still allowing the post-condition to be verified.
after weaken

int unknown();

void foo(int flag) {
   int j = 2; 
   int k = 0;

   /*@
     loop invariant  ((k == 0) && (j == 2) && (flag == \at(flag, Pre))) || (j >= 2 * k + 2);
     loop invariant  ((k == 0) && (j == 2) && (flag == \at(flag, Pre))) || (k >= 0);
     loop invariant flag == \at(flag, Pre);
   */
   while (unknown()) { 
     if (flag)
       j = j + 4;
     else {
       j = j + 2;
       k = k + 1;
     }
   }

   /*@ assert (k != 0) ==> (j == 2 * k + 2); */
}

syntax Correct
Validate:
[True, True, True]

Verify:
[False]

Goal Assertion (file output/013.c, line 22):
Let x = 2 + (2 * k).
Assume {
  Type: is_sint32(j) /\ is_sint32(k).
  (* Goal *)
  When: k != 0.
  (* Invariant *)
  Have: x <= j.
  (* Invariant *)
  Have: 0 <= k.
}
Prove: x = j.
Prover Z3 4.8.12 returns Timeout (Qed:3ms) (3s)
Error found in file: output/013.c at line: 22
Error line content: /*@ assert (k != 0) ==> (j == 2 * k + 2); */

### Error Analysis:

The error message indicates that while the loop invariants are correct (as evidenced by the "Have" statements showing the invariants hold), they are not strong enough to prove the post-condition `(k != 0) ==> (j == 2 * k + 2)`. 

The key issue is that the current invariant `j >= 2*k + 2` is too weak - it only provides a lower bound for `j` but doesn't constrain `j` enough to prove the exact equality required by the post-condition. 

From the code, we can see that:
1. When `flag` is true, `j` increases by 4 and `k` stays the same
2. When `flag` is false, `j` increases by 2 and `k` increases by 1

However, the post-condition only needs to hold when `k != 0`, meaning at least one iteration where `flag` was false occurred. In this case, we need a stronger invariant that captures the exact relationship between `j` and `k`.

### Fixed C Code:

```c
int unknown();

void foo(int flag) {
   int j = 2; 
   int k = 0;

   /*@
     loop invariant ((k == 0) && (j == 2) && (flag == \at(flag, Pre))) || 
                    (j == 2 * k + 2 + (flag ? 2 : 0));
     loop invariant ((k == 0) && (j == 2) && (flag == \at(flag, Pre))) || (k >= 0);
     loop invariant flag == \at(flag, Pre);
   */
   while (unknown()) { 
     if (flag)
       j = j + 4;
     else {
       j = j + 2;
       k = k + 1;
     }
   }

   /*@ assert (k != 0) ==> (j == 2 * k + 2); */
}
```

The key change is strengthening the first invariant to:
`j == 2 * k + 2 + (flag ? 2 : 0)`

This captures:
1. When `flag` is true (1), `j` will be `2*k + 4` (since we add 4 each time)
2. When `flag` is false (0), `j` will be exactly `2*k + 2` (since we add 2 to j and 1 to k)

When the loop exits:
- If `k != 0`, then at least one iteration with `flag == 0` occurred, so the term `(flag ? 2 : 0)` must be 0, giving us exactly `j == 2*k + 2` as required by the post-condition.
- If `k == 0`, then either no iterations occurred (so `j == 2`) or only iterations with `flag == 1` occurred (so `j == 2 + 4*n` for some n), but the post-condition doesn't need to hold in this case.
after strength

int unknown();

void foo(int flag) {
   int j = 2; 
   int k = 0;

   /*@
     loop invariant ((k == 0) && (j == 2) && (flag == \at(flag, Pre))) || 
                    (j == 2 * k + 2 + (flag ? 2 : 0));
     loop invariant ((k == 0) && (j == 2) && (flag == \at(flag, Pre))) || (k >= 0);
     loop invariant flag == \at(flag, Pre);
   */
   while (unknown()) { 
     if (flag)
       j = j + 4;
     else {
       j = j + 2;
       k = k + 1;
     }
   }

   /*@ assert (k != 0) ==> (j == 2 * k + 2); */
}

syntax Correct
Validate:
[False, True, True]

Goal Preservation of Invariant (file output/013.c, line 9):
Assume {
  Type: is_sint32(flag_0) /\ is_sint32(j) /\ is_sint32(j_1) /\
      is_sint32(j_2) /\ is_sint32(j_3) /\ is_sint32(k) /\ is_sint32(k_1) /\
      is_sint32(k_2) /\ is_sint32(tmp_0).
  (* Invariant *)
  Have: ((2 + (2 * k_2) + (if (flag_0 = 0) then 0 else 2)) = j_3) \/
      ((j_3 = 2) /\ (k_2 = 0)).
  (* Invariant *)
  Have: (0 <= k_2) \/ ((j_3 = 2) /\ (k_2 = 0)).
  (* Then *)
  Have: tmp_0 != 0.
  If flag_0 != 0
  Then { Have: (j_3 = j_1) /\ (k_2 = k). Have: (4 + j_1) = j. }
  Else {
    Have: (j_3 = j_2) /\ (k_2 = k_1).
    Have: (2 + j_2) = j.
    Have: (1 + k_1) = k.
  }
}
Prove: ((2 + (2 * k) + (if (flag_0 = 0) then 0 else 2)) = j) \/
    ((j = 2) /\ (k = 0)).
Prover Z3 4.8.12 returns Timeout (Qed:20ms) (3s)
Error found in file: output/013.c at line: 9
Error line content: loop invariant ((k == 0) && (j == 2) && (flag == \at(flag, Pre))) ||

Verify:
[False]

Goal Assertion (file output/013.c, line 23):
Assume {
  Type: is_sint32(flag_0) /\ is_sint32(k) /\
      is_sint32(2 + (2 * k) + (if (flag_0 = 0) then 0 else 2)).
  (* Goal *)
  When: k != 0.
  (* Invariant *)
  Have: 0 <= k.
}
Prove: flag_0 = 0.
Prover Z3 4.8.12 returns Timeout (Qed:6ms) (3s)
Error found in file: output/013.c at line: 23
Error line content: /*@ assert (k != 0) ==> (j == 2 * k + 2); */


int unknown();

void foo(int flag) {
   int j = 2; 
   int k = 0;

   /*@
     loop invariant ((k == 0) && (j == 2) && (flag == \at(flag, Pre))) || 
                    (j == 2 * k + 2 + (flag ? 2 : 0)) [INVARIANT FAILED] ;
     loop invariant ((k == 0) && (j == 2) && (flag == \at(flag, Pre))) || (k >= 0);
     loop invariant flag == \at(flag, Pre);
   */
   while (unknown()) { 
     if (flag)
       j = j + 4;
     else {
       j = j + 2;
       k = k + 1;
     }
   }

   /*@ assert (k != 0) ==> (j == 2 * k + 2); */
}

### Error Analysis

The errors indicate that the current loop invariant is fundamentally incorrect and cannot be used to verify the post-condition. Specifically:

1. **Goal Preservation of Invariant**: The invariant `(j == 2 * k + 2 + (flag ? 2 : 0))` fails to be preserved across iterations. This is because the invariant does not account for the different ways `j` and `k` are updated based on the value of `flag`. When `flag` is true, `j` is increased by 4, and when `flag` is false, `j` is increased by 2 and `k` is increased by 1. The invariant does not correctly capture these relationships.

2. **Goal Assertion**: The assertion `(k != 0) ==> (j == 2 * k + 2)` cannot be verified because the invariant does not provide enough information to prove the post-condition. The invariant needs to be strong enough to ensure that when the loop terminates, the post-condition holds.

### Rationale for Regeneration

To fix these issues, the loop invariant must correctly capture the relationship between `j` and `k` based on the value of `flag`. The invariant should:
- Account for the fact that `j` increases by 4 when `flag` is true.
- Account for the fact that `j` increases by 2 and `k` increases by 1 when `flag` is false.
- Ensure that the invariant is strong enough to imply the post-condition when the loop terminates.

### Fixed C Code

```c
int unknown();

void foo(int flag) {
   int j = 2; 
   int k = 0;

   /*@
     loop invariant ((k == 0) && (j == 2) && (flag == \at(flag, Pre))) || 
                    (j == 2 * k + 2 + (flag ? 2 * k : 0));
     loop invariant ((k == 0) && (j == 2) && (flag == \at(flag, Pre))) || (k >= 0);
     loop invariant flag == \at(flag, Pre);
   */
   while (unknown()) { 
     if (flag)
       j = j + 4;
     else {
       j = j + 2;
       k = k + 1;
     }
   }

   /*@ assert (k != 0) ==> (j == 2 * k + 2); */
}
```

### Explanation of the Fix

1. **New Loop Invariant**: The invariant `(j == 2 * k + 2 + (flag ? 2 * k : 0))` correctly captures the relationship between `j` and `k` based on the value of `flag`. When `flag` is true, `j` increases by 4 for each iteration, which is equivalent to adding `2 * k` (since `k` does not change). When `flag` is false, `j` increases by 2 and `k` increases by 1, which is correctly captured by the invariant.

2. **Establishment**: The invariant holds true before the loop starts because `k == 0` and `j == 2`, which satisfies the invariant.

3. **Preservation**: The invariant is preserved across iterations because it correctly accounts for the updates to `j` and `k` based on the value of `flag`.

4. **Termination**: When the loop terminates, the invariant, combined with the negation of the loop condition, implies the post-condition `(k != 0) ==> (j == 2 * k + 2)`. This is because the invariant ensures that `j` is correctly related to `k` based on the value of `flag`.

This revised invariant is now strong enough to verify the post-condition and is inductively valid.
after regen

int unknown();

void foo(int flag) {
   int j = 2; 
   int k = 0;

   /*@
     loop invariant ((k == 0) && (j == 2) && (flag == \at(flag, Pre))) || 
                    (j == 2 * k + 2 + (flag ? 2 * k : 0));
     loop invariant ((k == 0) && (j == 2) && (flag == \at(flag, Pre))) || (k >= 0);
     loop invariant flag == \at(flag, Pre);
   */
   while (unknown()) { 
     if (flag)
       j = j + 4;
     else {
       j = j + 2;
       k = k + 1;
     }
   }

   /*@ assert (k != 0) ==> (j == 2 * k + 2); */
}

syntax Correct
Validate:
[False, True, True]

Goal Preservation of Invariant (file output/013.c, line 9):
Let x = 2 * k_2.
Let x_1 = 2 * k.
Assume {
  Type: is_sint32(flag_0) /\ is_sint32(j) /\ is_sint32(j_1) /\
      is_sint32(j_2) /\ is_sint32(j_3) /\ is_sint32(k) /\ is_sint32(k_1) /\
      is_sint32(k_2) /\ is_sint32(tmp_0).
  (* Invariant *)
  Have: ((2 + x + (if (flag_0 = 0) then 0 else x)) = j_3) \/
      ((j_3 = 2) /\ (k_2 = 0)).
  (* Invariant *)
  Have: (0 <= k_2) \/ ((j_3 = 2) /\ (k_2 = 0)).
  (* Then *)
  Have: tmp_0 != 0.
  If flag_0 != 0
  Then { Have: (j_3 = j_1) /\ (k_2 = k). Have: (4 + j_1) = j. }
  Else {
    Have: (j_3 = j_2) /\ (k_2 = k_1).
    Have: (2 + j_2) = j.
    Have: (1 + k_1) = k.
  }
}
Prove: ((2 + x_1 + (if (flag_0 = 0) then 0 else x_1)) = j) \/
    ((j = 2) /\ (k = 0)).
Prover Z3 4.8.12 returns Timeout (Qed:19ms) (3s)
Error found in file: output/013.c at line: 9
Error line content: loop invariant ((k == 0) && (j == 2) && (flag == \at(flag, Pre))) ||

Verify:
[False]

Goal Assertion (file output/013.c, line 23):
Let x = 2 * k.
Assume {
  Type: is_sint32(flag_0) /\ is_sint32(k) /\
      is_sint32(2 + x + (if (flag_0 = 0) then 0 else x)).
  (* Goal *)
  When: k != 0.
  (* Invariant *)
  Have: 0 <= k.
}
Prove: flag_0 = 0.
Prover Z3 4.8.12 returns Timeout (Qed:6ms) (3s)
Error found in file: output/013.c at line: 23
Error line content: /*@ assert (k != 0) ==> (j == 2 * k + 2); */

after hudini

int unknown();

void foo(int flag) {
   int j = 2; 
   int k = 0;

   /*@     loop invariant ((k == 0) && (j == 2) && (flag == \at(flag, Pre))) || (k >= 0);
     loop invariant flag == \at(flag, Pre);
   */
   while (unknown()) { 
     if (flag)
       j = j + 4;
     else {
       j = j + 2;
       k = k + 1;
     }
   }

   /*@ assert (k != 0) ==> (j == 2 * k + 2); */
}

syntax Correct
Validate:
[True, True]

Verify:
[False]

Goal Assertion (file output/013.c, line 20):
Assume {
  Type: is_sint32(j) /\ is_sint32(k).
  (* Goal *)
  When: k != 0.
  (* Invariant *)
  Have: 0 <= k.
}
Prove: (2 + (2 * k)) = j.
Prover Z3 4.8.12 returns Timeout (Qed:4ms) (3s)
Error found in file: output/013.c at line: 20
Error line content: /*@ assert (k != 0) ==> (j == 2 * k + 2); */

after hudini

int unknown();

void foo(int flag) {
   int j = 2; 
   int k = 0;

   /*@     loop invariant ((k == 0) && (j == 2) && (flag == \at(flag, Pre))) || (k >= 0);
     loop invariant flag == \at(flag, Pre);
   */
   while (unknown()) { 
     if (flag)
       j = j + 4;
     else {
       j = j + 2;
       k = k + 1;
     }
   }

   /*@ assert (k != 0) ==> (j == 2 * k + 2); */
}

syntax Correct
Validate:
[True, True]

Verify:
[False]

Goal Assertion (file output/013.c, line 20):
Assume {
  Type: is_sint32(j) /\ is_sint32(k).
  (* Goal *)
  When: k != 0.
  (* Invariant *)
  Have: 0 <= k.
}
Prove: (2 + (2 * k)) = j.
Prover Z3 4.8.12 returns Timeout (Qed:4ms) (3s)
Error found in file: output/013.c at line: 20
Error line content: /*@ assert (k != 0) ==> (j == 2 * k + 2); */

syntax Correct
Validate:
[True, True]

Verify:
[False]

Goal Assertion (file output/013.c, line 20):
Assume {
  Type: is_sint32(j) /\ is_sint32(k).
  (* Goal *)
  When: k != 0.
  (* Invariant *)
  Have: 0 <= k.
}
Prove: (2 + (2 * k)) = j.
Prover Z3 4.8.12 returns Timeout (Qed:4ms) (3s)
Error found in file: output/013.c at line: 20
Error line content: /*@ assert (k != 0) ==> (j == 2 * k + 2); */

[(188, 299, 0)]
[(188, 299, 0)]
[(188, 299, 0)]
[(188, 299, 0)]
Loop 0 : Outer
Sorted indices: [0]
File found: ../sac_c_parser/test/../ip_postcond/goal/013_goal.v. Deleting the file.
File found: ../sac_c_parser/test/../ip_postcond/goal/013_proof_auto.v. Deleting the file.
File found: ../sac_c_parser/test/../ip_postcond/goal/013_proof_manual.v. Deleting the file.
LoopEntry_0:
(k == 0) * (j == 2) * (flag == flag@pre)

Successfully generated loop/013.json
INNER_FLAG: False
Variable Maps: [{'k': '0', 'j': '2', 'flag': 'flag@pre'}]
Path conditions: [None]
Pre condition: (k == 0) * (j == 2) * (flag == flag@pre)
Loop Condition: unknown()
Updated Loop Conditions: ['unknown()']
Global Unchanged Variables ['flag']
Non Inductive Variables []
[{'k': '0', 'j': '2', 'flag': 'flag@pre'}]
[None]

            
    /* >>> LOOP INVARIANT TO FILL <<< 
       >>> PRECONDITION OF THE LOOP : (k == 0) * (j == 2) * (flag == \at(flag, Pre)) <<< */
    
            /*@
          loop invariant flag == \at(flag, Pre);
            */
            while(unknown()){ 
     if (flag)
       j = j + 4;
     else {
       j = j + 2;
       k = k + 1;
     }
   }
            

            
    /* >>> LOOP INVARIANT TO FILL <<< 
       >>> PRECONDITION OF THE LOOP : (k == 0) * (j == 2) * (flag == \at(flag, Pre)) <<< */
    
            /*@
          loop invariant  ((k == 0)&&(j == 2)&&(flag == \at(flag, Pre))) || (PLACE_HOLDER_j) ;
          loop invariant  ((k == 0)&&(j == 2)&&(flag == \at(flag, Pre))) || (PLACE_HOLDER_k) ;
          loop invariant flag == \at(flag, Pre);
            */
            while(unknown()){ 
     if (flag)
       j = j + 4;
     else {
       j = j + 2;
       k = k + 1;
     }
   }
            

int unknown();

void foo(int flag) {
   int j = 2; 
   int k = 0;

   
   
            
    /* >>> LOOP INVARIANT TO FILL <<< 
       >>> PRECONDITION OF THE LOOP : (k == 0) * (j == 2) * (flag == \at(flag, Pre)) <<< */
    
            /*@
          loop invariant  ((k == 0)&&(j == 2)&&(flag == \at(flag, Pre))) || (PLACE_HOLDER_j) ;
          loop invariant  ((k == 0)&&(j == 2)&&(flag == \at(flag, Pre))) || (PLACE_HOLDER_k) ;
          loop invariant flag == \at(flag, Pre);
            */
            while(unknown()){ 
     if (flag)
       j = j + 4;
     else {
       j = j + 2;
       k = k + 1;
     }
   }
            
   /*@ assert (k!= 0 )==> (j == 2 * k + 2 ); */
}

### Analysis

#### a. Purpose and Structure of the Loop
The loop's objective is to modify the values of `j` and `k` based on the value of `flag`. The loop continues for an unknown number of iterations (since the condition is `unknown()`). Inside the loop:
- If `flag` is true, `j` is incremented by 4.
- If `flag` is false, `j` is incremented by 2 and `k` is incremented by 1.

Relevant variables:
- `j`: Initialized to 2, incremented by 4 or 2 depending on `flag`.
- `k`: Initialized to 0, incremented by 1 when `flag` is false.
- `flag`: Unchanged during the loop.

#### b. Discussion of the Loop Invariant
The loop invariant must capture the relationship between `j`, `k`, and `flag` across iterations. The given invariants are:
1. `((k == 0)&&(j == 2)&&(flag == \at(flag, Pre))) || (PLACE_HOLDER_j)`: This should describe the possible states of `j`.
2. `((k == 0)&&(j == 2)&&(flag == \at(flag, Pre))) || (PLACE_HOLDER_k)`: This should describe the possible states of `k`.
3. `flag == \at(flag, Pre)`: `flag` remains unchanged.

The `PLACE_HOLDER_j` and `PLACE_HOLDER_k` should describe the state when the loop has executed at least once. From the loop body:
- If `flag` is true, `j` increases by 4 per iteration, and `k` remains unchanged.
- If `flag` is false, `j` increases by 2 and `k` increases by 1 per iteration.

Thus:
- `PLACE_HOLDER_j`: `j == 2 + 4 * n_true + 2 * n_false`, where `n_true` is the number of times `flag` was true and `n_false` is the number of times `flag` was false.
- `PLACE_HOLDER_k`: `k == n_false`.

But since we don't track `n_true` and `n_false`, we can instead express the relationship between `j`, `k`, and `flag`:
- If `flag` is true, `j` increases by 4 and `k` remains 0.
- If `flag` is false, `j` increases by 2 and `k` increases by 1.

Thus:
- `PLACE_HOLDER_j`: `(flag ==> j == 2 + 4 * (k == 0 ? 0 : k - 1)) && (!flag ==> j == 2 + 2 * k)`
But this is too complex. A simpler invariant is:
- `PLACE_HOLDER_j`: `j == 2 + 2 * k + (flag ? 2 * (k == 0 ? 1 : 0) : 0)`
But this is still complex. The simplest correct invariant is:
- `PLACE_HOLDER_j`: `j == 2 + 2 * k + (flag ? 2 : 0)`
But this doesn't hold if `flag` changes. Since `flag` is constant, we can split into two cases:
- If `flag` is true: `j == 2 + 4 * m` (where `m` is the number of iterations).
- If `flag` is false: `j == 2 + 2 * k` and `k == m`.

But since `flag` is constant, we can use:
- `PLACE_HOLDER_j`: `(flag ==> j == 2 + 4 * (k == 0 ? 0 : k)) && (!flag ==> j == 2 + 2 * k)`
But this is still not minimal. The minimal invariant is:
- `PLACE_HOLDER_j`: `(flag ==> j % 4 == 2) && (!flag ==> j == 2 + 2 * k)`
- `PLACE_HOLDER_k`: `(flag ==> k == 0) && (!flag ==> k >= 0)`

But the post-condition only requires `(k != 0) ==> (j == 2 * k + 2)`, which is implied by `!flag ==> j == 2 + 2 * k`. Thus, we can simplify to:
- `PLACE_HOLDER_j`: `!flag ==> j == 2 + 2 * k`
- `PLACE_HOLDER_k`: `flag ==> k == 0`

#### c. Establishment
Before the loop:
- `k == 0`, `j == 2`, `flag` is unchanged.
Thus:
- `(k == 0 && j == 2 && flag == \at(flag, Pre))` is true, so the disjunction holds.

#### d. Preservation
Assume the invariant holds at the start of an iteration and `unknown()` is true.
- If `flag` is true:
  - `j` becomes `j + 4`, `k` remains unchanged.
  - `PLACE_HOLDER_j`: `!flag ==> j == 2 + 2 * k` is vacuously true since `flag` is true.
  - `PLACE_HOLDER_k`: `flag ==> k == 0` remains true since `k` is unchanged.
- If `flag` is false:
  - `j` becomes `j + 2`, `k` becomes `k + 1`.
  - `PLACE_HOLDER_j`: `!flag ==> j == 2 + 2 * k` becomes `j + 2 == 2 + 2 * (k + 1)`, which simplifies to `j == 2 + 2 * k`, which was true before.
  - `PLACE_HOLDER_k`: `flag ==> k == 0` is vacuously true since `flag` is false.

#### e. Termination Analysis
When the loop terminates (`unknown()` is false), the invariant still holds:
- If `flag` is true:
  - `k == 0` (from `PLACE_HOLDER_k`).
  - The post-condition `(k != 0) ==> (j == 2 * k + 2)` is vacuously true since `k == 0`.
- If `flag` is false:
  - `j == 2 + 2 * k` (from `PLACE_HOLDER_j`).
  - The post-condition `(k != 0) ==> (j == 2 * k + 2)` holds because `j == 2 + 2 * k`.

#### f. Correctness of the Post-condition
The post-condition is `(k != 0) ==> (j == 2 * k + 2)`. From the invariant:
- If `k != 0`, then `flag` must be false (since `flag ==> k == 0`).
- If `flag` is false, then `j == 2 + 2 * k`, which matches the post-condition.

#### g. Implication of the Pre-condition
The pre-condition `(k == 0) && (j == 2) && (flag == \at(flag, Pre))` implies the invariant:
- The first part of the disjunction `(k == 0) && (j == 2) && (flag == \at(flag, Pre))` is true initially, so the invariant holds.

### Filled-in Program
```c
int unknown();

void foo(int flag) {
   int j = 2; 
   int k = 0;

   
   
            
    /* >>> LOOP INVARIANT TO FILL <<< 
       >>> PRECONDITION OF THE LOOP : (k == 0) * (j == 2) * (flag == \at(flag, Pre)) <<< */
    
            /*@
          loop invariant  ((k == 0)&&(j == 2)&&(flag == \at(flag, Pre))) || (!flag ==> j == 2 + 2 * k) ;
          loop invariant  ((k == 0)&&(j == 2)&&(flag == \at(flag, Pre))) || (flag ==> k == 0) ;
          loop invariant flag == \at(flag, Pre);
            */
            while(unknown()){ 
     if (flag)
       j = j + 4;
     else {
       j = j + 2;
       k = k + 1;
     }
   }
            
   /*@ assert (k!= 0 )==> (j == 2 * k + 2 ); */
}
```

int unknown();

void foo(int flag) {
   int j = 2; 
   int k = 0;

   
   
            
            /*@
          loop invariant  ((k == 0)&&(j == 2)&&(flag == \at(flag, Pre))) || (!flag ==> j == 2 + 2 * k) ;
          loop invariant  ((k == 0)&&(j == 2)&&(flag == \at(flag, Pre))) || (flag ==> k == 0) ;
          loop invariant flag == \at(flag, Pre);
            */
            while(unknown()){ 
     if (flag)
       j = j + 4;
     else {
       j = j + 2;
       k = k + 1;
     }
   }
            
   /*@ assert (k!= 0 )==> (j == 2 * k + 2 ); */
}


int unknown();

void foo(int flag) {
   int j = 2; 
   int k = 0;

   
   
            
            /*@
          loop invariant  ((k == 0)&&(j == 2)&&(flag == \at(flag, Pre))) || (!flag ==> j == 2 + 2 * k) ;
          loop invariant  ((k == 0)&&(j == 2)&&(flag == \at(flag, Pre))) || (flag ==> k == 0) ;
          loop invariant flag == \at(flag, Pre);
            */
            while(unknown()){ 
     if (flag)
       j = j + 4;
     else {
       j = j + 2;
       k = k + 1;
     }
   }
            
   /*@ assert (k!= 0 )==> (j == 2 * k + 2 ); */
}

syntax Correct
Validate:
[True, True, True]

Verify:
[True]

CORRECT INVARIANT
syntax Correct
Validate:
[True, True, True]

Verify:
[True]

syntax Correct
Validate:
[True, True, True]

Verify:
[True]

: 013.c -> finish1
-----------------------------------------

 013.c . : 600.6970360279083
-----------------------------------------
finshed_files:['09.c', '015.c', '032.c', '025.c', '01.c', '018.c', '06.c', '031.c', '046.c', '038.c', '029.c', '017.c', '042.c', '040.c', '039.c', '020.c', '043.c', '07.c', '013.c']
