file:019.c
Successfully generated loop/019.json
INNER_FLAG: False
Variable Maps: [{'y': 'm@pre', 'x': '0', 'm': 'm@pre', 'n': 'n@pre'}]
Path conditions: ['n@pre >= 0 && m@pre >= 0 && m@pre < n@pre']
Pre condition: n@pre >= 0 && m@pre >= 0 && m@pre < n@pre && (y == m@pre) * (x == 0) * (m == m@pre) * (n == n@pre)
Loop Condition: x < n
Updated Loop Conditions: ['0 < n@pre']
Global Unchanged Variables ['m', 'n']
Non Inductive Variables []
[{'y': 'm@pre', 'x': '0', 'm': 'm@pre', 'n': 'n@pre'}]
['n@pre >= 0 && m@pre >= 0 && m@pre < n@pre']

            
    /* >>> LOOP INVARIANT TO FILL <<< 
       >>> PRECONDITION OF THE LOOP : \at(n, Pre) >= 0 && \at(m, Pre) >= 0 && \at(m, Pre) < \at(n, Pre) && (y == \at(m, Pre)) * (x == 0) * (m == \at(m, Pre)) * (n == \at(n, Pre)) <<< */
    
            /*@
          loop invariant (\at(n, Pre) >= 0 && \at(m, Pre) >= 0 && \at(m, Pre) < \at(n, Pre)) ==> (m == \at(m, Pre));
          loop invariant (\at(n, Pre) >= 0 && \at(m, Pre) >= 0 && \at(m, Pre) < \at(n, Pre)) ==> (n == \at(n, Pre));
            */
            while(x < n) {
    x++;
    if(x > m) y++;
  }
            

            
    /* >>> LOOP INVARIANT TO FILL <<< 
       >>> PRECONDITION OF THE LOOP : \at(n, Pre) >= 0 && \at(m, Pre) >= 0 && \at(m, Pre) < \at(n, Pre) && (y == \at(m, Pre)) * (x == 0) * (m == \at(m, Pre)) * (n == \at(n, Pre)) <<< */
    
            /*@
          loop invariant  (\at(n, Pre) >= 0 && \at(m, Pre) >= 0 && \at(m, Pre) < \at(n, Pre)) ==> ((0 < \at(n, Pre)) ==> (((y == \at(m, Pre))&&(x == 0)&&(m == \at(m, Pre))&&(n == \at(n, Pre))) || (PLACE_HOLDER_x))) ;
          loop invariant  (\at(n, Pre) >= 0 && \at(m, Pre) >= 0 && \at(m, Pre) < \at(n, Pre)) ==> ((0 < \at(n, Pre)) ==> (((y == \at(m, Pre))&&(x == 0)&&(m == \at(m, Pre))&&(n == \at(n, Pre))) || (PLACE_HOLDER_y))) ;
          loop invariant (\at(n, Pre) >= 0 && \at(m, Pre) >= 0 && \at(m, Pre) < \at(n, Pre)) ==> ((!(0 < \at(n, Pre))) ==> ((y == \at(m, Pre))&&(x == 0)&&(m == \at(m, Pre))&&(n == \at(n, Pre))));
          loop invariant (\at(n, Pre) >= 0 && \at(m, Pre) >= 0 && \at(m, Pre) < \at(n, Pre)) ==> (m == \at(m, Pre));
          loop invariant (\at(n, Pre) >= 0 && \at(m, Pre) >= 0 && \at(m, Pre) < \at(n, Pre)) ==> (n == \at(n, Pre));
            */
            while(x < n) {
    x++;
    if(x > m) y++;
  }
            


/*@
requires n >= 0;
requires m >= 0;
requires m < n;
*/
void foo(int n, int m)
{
 
  int x = 0; 
  int y = m;
 
  
            
    /* >>> LOOP INVARIANT TO FILL <<< 
       >>> PRECONDITION OF THE LOOP : \at(n, Pre) >= 0 && \at(m, Pre) >= 0 && \at(m, Pre) < \at(n, Pre) && (y == \at(m, Pre)) * (x == 0) * (m == \at(m, Pre)) * (n == \at(n, Pre)) <<< */
    
            /*@
          loop invariant  (\at(n, Pre) >= 0 && \at(m, Pre) >= 0 && \at(m, Pre) < \at(n, Pre)) ==> ((0 < \at(n, Pre)) ==> (((y == \at(m, Pre))&&(x == 0)&&(m == \at(m, Pre))&&(n == \at(n, Pre))) || (PLACE_HOLDER_x))) ;
          loop invariant  (\at(n, Pre) >= 0 && \at(m, Pre) >= 0 && \at(m, Pre) < \at(n, Pre)) ==> ((0 < \at(n, Pre)) ==> (((y == \at(m, Pre))&&(x == 0)&&(m == \at(m, Pre))&&(n == \at(n, Pre))) || (PLACE_HOLDER_y))) ;
          loop invariant (\at(n, Pre) >= 0 && \at(m, Pre) >= 0 && \at(m, Pre) < \at(n, Pre)) ==> ((!(0 < \at(n, Pre))) ==> ((y == \at(m, Pre))&&(x == 0)&&(m == \at(m, Pre))&&(n == \at(n, Pre))));
          loop invariant (\at(n, Pre) >= 0 && \at(m, Pre) >= 0 && \at(m, Pre) < \at(n, Pre)) ==> (m == \at(m, Pre));
          loop invariant (\at(n, Pre) >= 0 && \at(m, Pre) >= 0 && \at(m, Pre) < \at(n, Pre)) ==> (n == \at(n, Pre));
            */
            while(x < n) {
    x++;
    if(x > m) y++;
  }
            
  /*@ assert y==n; */
}
Let me analyze the loop and fill in the appropriate loop invariants.

### Analysis:

a. Purpose and Structure of the Loop:
- Objective: The loop increments `x` from 0 to `n-1`, and increments `y` whenever `x` exceeds `m`. The post-condition asserts that `y == n` at the end.
- Structure: 
  - Loop condition: `x < n`
  - Loop body: increments `x`, then increments `y` if `x > m`
  - Relevant variables: `x`, `y`, `n`, `m`

b. Discussion of the Loop Invariant:
The key invariant is that `y` equals `m` plus the number of times `x` has exceeded `m`. This can be expressed as `y == m + (x > m ? x - m : 0)`.

c. Establishment:
Before the loop starts, `x == 0` and `y == m`, so the invariant holds since `0 > m` is false (from pre-condition `m >= 0`).

d. Preservation:
In each iteration:
1. `x` increases by 1
2. If the new `x > m`, `y` increases by 1
Thus the relationship `y == m + max(0, x - m)` is maintained.

e. Termination Analysis:
When loop terminates, `x == n`. From invariant `y == m + max(0, x - m)`, when `x == n`, `y == m + (n - m) == n`.

f. Correctness of Post-condition:
At termination, `x == n` and invariant gives `y == m + (n - m) == n`.

g. Implication of Pre-condition:
Pre-condition gives `y == m` and `x == 0`, which satisfies `y == m + max(0, x - m)` since `x == 0 <= m`.

### Filled-in Program:

```c
/*@
requires n >= 0;
requires m >= 0;
requires m < n;
*/
void foo(int n, int m)
{
 
  int x = 0; 
  int y = m;
 
  
            
    /* >>> LOOP INVARIANT TO FILL <<< 
       >>> PRECONDITION OF THE LOOP : \at(n, Pre) >= 0 && \at(m, Pre) >= 0 && \at(m, Pre) < \at(n, Pre) && (y == \at(m, Pre)) * (x == 0) * (m == \at(m, Pre)) * (n == \at(n, Pre)) <<< */
    
            /*@
          loop invariant  (\at(n, Pre) >= 0 && \at(m, Pre) >= 0 && \at(m, Pre) < \at(n, Pre)) ==> ((0 < \at(n, Pre)) ==> (((y == \at(m, Pre))&&(x == 0)&&(m == \at(m, Pre))&&(n == \at(n, Pre))) || (y == m + (x > m ? x - m : 0)))) ;
          loop invariant  (\at(n, Pre) >= 0 && \at(m, Pre) >= 0 && \at(m, Pre) < \at(n, Pre)) ==> ((0 < \at(n, Pre)) ==> (((y == \at(m, Pre))&&(x == 0)&&(m == \at(m, Pre))&&(n == \at(n, Pre))) || (x >= 0 && x <= n))) ;
          loop invariant (\at(n, Pre) >= 0 && \at(m, Pre) >= 0 && \at(m, Pre) < \at(n, Pre)) ==> ((!(0 < \at(n, Pre))) ==> ((y == \at(m, Pre))&&(x == 0)&&(m == \at(m, Pre))&&(n == \at(n, Pre))));
          loop invariant (\at(n, Pre) >= 0 && \at(m, Pre) >= 0 && \at(m, Pre) < \at(n, Pre)) ==> (m == \at(m, Pre));
          loop invariant (\at(n, Pre) >= 0 && \at(m, Pre) >= 0 && \at(m, Pre) < \at(n, Pre)) ==> (n == \at(n, Pre));
            */
            while(x < n) {
    x++;
    if(x > m) y++;
  }
            
  /*@ assert y==n; */
}
```

The filled placeholders are:
- PLACE_HOLDER_x: `y == m + (x > m ? x - m : 0)`
- PLACE_HOLDER_y: `x >= 0 && x <= n`

These invariants capture:
1. The relationship between `y`, `m` and `x`
2. The bounds of `x` during loop execution
3. The preservation of `m` and `n` values
4. The initial state when `n <= 0` (though pre-condition ensures `n > m >= 0`)

/*@
requires n >= 0;
requires m >= 0;
requires m < n;
*/
void foo(int n, int m)
{
 
  int x = 0; 
  int y = m;
 
  
            
            /*@
          loop invariant  (\at(n, Pre) >= 0 && \at(m, Pre) >= 0 && \at(m, Pre) < \at(n, Pre)) ==> ((0 < \at(n, Pre)) ==> (((y == \at(m, Pre))&&(x == 0)&&(m == \at(m, Pre))&&(n == \at(n, Pre))) || (y == m + (x > m ? x - m : 0)))) ;
          loop invariant  (\at(n, Pre) >= 0 && \at(m, Pre) >= 0 && \at(m, Pre) < \at(n, Pre)) ==> ((0 < \at(n, Pre)) ==> (((y == \at(m, Pre))&&(x == 0)&&(m == \at(m, Pre))&&(n == \at(n, Pre))) || (x >= 0 && x <= n))) ;
          loop invariant (\at(n, Pre) >= 0 && \at(m, Pre) >= 0 && \at(m, Pre) < \at(n, Pre)) ==> ((!(0 < \at(n, Pre))) ==> ((y == \at(m, Pre))&&(x == 0)&&(m == \at(m, Pre))&&(n == \at(n, Pre))));
          loop invariant (\at(n, Pre) >= 0 && \at(m, Pre) >= 0 && \at(m, Pre) < \at(n, Pre)) ==> (m == \at(m, Pre));
          loop invariant (\at(n, Pre) >= 0 && \at(m, Pre) >= 0 && \at(m, Pre) < \at(n, Pre)) ==> (n == \at(n, Pre));
            */
            while(x < n) {
    x++;
    if(x > m) y++;
  }
            
  /*@ assert y==n; */
}


/*@
requires n >= 0;
requires m >= 0;
requires m < n;
*/
void foo(int n, int m)
{
 
  int x = 0; 
  int y = m;
 
  
            
            /*@
          loop invariant  (\at(n, Pre) >= 0 && \at(m, Pre) >= 0 && \at(m, Pre) < \at(n, Pre)) ==> ((0 < \at(n, Pre)) ==> (((y == \at(m, Pre))&&(x == 0)&&(m == \at(m, Pre))&&(n == \at(n, Pre))) || (y == m + (x > m ? x - m : 0)))) ;
          loop invariant  (\at(n, Pre) >= 0 && \at(m, Pre) >= 0 && \at(m, Pre) < \at(n, Pre)) ==> ((0 < \at(n, Pre)) ==> (((y == \at(m, Pre))&&(x == 0)&&(m == \at(m, Pre))&&(n == \at(n, Pre))) || (x >= 0 && x <= n))) ;
          loop invariant (\at(n, Pre) >= 0 && \at(m, Pre) >= 0 && \at(m, Pre) < \at(n, Pre)) ==> ((!(0 < \at(n, Pre))) ==> ((y == \at(m, Pre))&&(x == 0)&&(m == \at(m, Pre))&&(n == \at(n, Pre))));
          loop invariant (\at(n, Pre) >= 0 && \at(m, Pre) >= 0 && \at(m, Pre) < \at(n, Pre)) ==> (m == \at(m, Pre));
          loop invariant (\at(n, Pre) >= 0 && \at(m, Pre) >= 0 && \at(m, Pre) < \at(n, Pre)) ==> (n == \at(n, Pre));
            */
            while(x < n) {
    x++;
    if(x > m) y++;
  }
            
  /*@ assert y==n; */
}

syntax Correct
Validate:
[True, True, True, True, True]

Verify:
[True]

CORRECT INVARIANT
syntax Correct
Validate:
[True, True, True, True, True]

Verify:
[True]

syntax Correct
Validate:
[True, True, True, True, True]

Verify:
[True]

已移动文件: 019.c -> finish1
-----------------------------------------

文件 019.c 处理完成. 总耗时: 95.37979888916016
-----------------------------------------
finshed_files:['09.c', '015.c', '032.c', '025.c', '01.c', '018.c', '06.c', '031.c', '046.c', '038.c', '029.c', '017.c', '042.c', '040.c', '039.c', '020.c', '043.c', '07.c', '013.c', '019.c']
