file:026.c
Successfully generated loop/026.json
INNER_FLAG: True
Variable Maps: [{'y': '0', 'x': '0', 'z': '0', 'w': '1'}]
Path conditions: [None]
Pre condition: exists retval_45, retval_45 != 0 && retval_45 <= INT_MAX && retval_45 > INT_MIN && (y == 0) * (x == 0) * (z == 0) * (w == 1)
Loop Condition: unknown2()
Updated Loop Conditions: ['unknown2()']
Global Unchanged Variables ['z', 'w']
Non Inductive Variables []
[{'y': '0', 'x': '0', 'z': '0', 'w': '1'}]
[None]

int unknown1();
int unknown2();
int unknown3();


void main() {
  int w = 1, z = 0, x = 0, y = 0;
 
  while (unknown1()) {
   
    
            
    /* >>> LOOP INVARIANT TO FILL <<< 
       >>> PRECONDITION OF THE LOOP : exists retval_45, retval_45 != 0 && retval_45 <= INT_MAX && retval_45 > INT_MIN && (y == 0) * (x == 0) * (z == 0) * (w == 1) <<< */
    
            /*@
          loop invariant PLACE_HOLDER_w ;
          loop invariant PLACE_HOLDER_z ;
          loop invariant PLACE_HOLDER_x ;
          loop invariant PLACE_HOLDER_y ;
            */
            while (unknown2()) {
      if (w % 2 == 1)
        x++;
      if (z % 2 == 0)
        y++;
    }
            
   
    while (unknown3()) {
      z = x + y;
      w = z + 1;
    }
  }
  /*@ assert x == y;*/
}
Let me analyze this loop and generate the appropriate loop invariants.

Analysis:

a. Purpose and Structure of the Loop:
- The loop's objective appears to maintain certain relationships between variables x, y, z, and w through nested loops.
- The outer loop condition is unknown1(), with two inner loops (unknown2() and unknown3()).
- The first inner loop increments x when w is odd, and increments y when z is even.
- The second inner loop updates z and w based on x and y values.
- The post-condition asserts that x == y when the outer loop terminates.

b. Discussion of the Loop Invariant:
The invariants need to maintain:
1. The relationships between variables established by the pre-condition
2. The conditions that will eventually lead to x == y
3. The bounds on variables as they're modified

c. Establishment:
From the pre-condition, we know initial values:
w == 1, z == 0, x == 0, y == 0
These satisfy our proposed invariants before loop starts.

d. Preservation:
The invariants are preserved because:
- The first inner loop maintains x <= y + 1 and y <= x + 1
- The second inner loop ensures z == x + y and w == z + 1
- The relationships are maintained through each iteration

e. Termination Analysis:
When the outer loop terminates:
- The invariants still hold
- Combined with loop exit, they imply x == y

f. Correctness of Post-condition:
The invariants ensure that x and y can never diverge by more than 1, and the final assignments in the inner loops force them to be equal.

g. Implication of Pre-condition:
The pre-condition establishes the initial state where all invariants hold (w=1, others=0).

Here's the complete program with filled invariants:

```c
int unknown1();
int unknown2();
int unknown3();


void main() {
  int w = 1, z = 0, x = 0, y = 0;
 
  while (unknown1()) {
   
    
            
    /* >>> LOOP INVARIANT TO FILL <<< 
       >>> PRECONDITION OF THE LOOP : exists retval_45, retval_45 != 0 && retval_45 <= INT_MAX && retval_45 > INT_MIN && (y == 0) * (x == 0) * (z == 0) * (w == 1) <<< */
    
            /*@
          loop invariant w == z + 1;
          loop invariant z == x + y;
          loop invariant x <= y + 1;
          loop invariant y <= x + 1;
            */
            while (unknown2()) {
      if (w % 2 == 1)
        x++;
      if (z % 2 == 0)
        y++;
    }
            
   
    while (unknown3()) {
      z = x + y;
      w = z + 1;
    }
  }
  /*@ assert x == y;*/
}
```

The filled invariants are:
1. w == z + 1
2. z == x + y
3. x <= y + 1
4. y <= x + 1

These maintain the necessary relationships throughout the loop's execution and ensure the post-condition holds upon termination.

int unknown1();
int unknown2();
int unknown3();


void main() {
  int w = 1, z = 0, x = 0, y = 0;
 
  while (unknown1()) {
   
    
            
            /*@
          loop invariant w == z + 1;
          loop invariant z == x + y;
          loop invariant x <= y + 1;
          loop invariant y <= x + 1;
            */
            while (unknown2()) {
      if (w % 2 == 1)
        x++;
      if (z % 2 == 0)
        y++;
    }
            
   
    while (unknown3()) {
      z = x + y;
      w = z + 1;
    }
  }
  /*@ assert x == y;*/
}


int unknown1();
int unknown2();
int unknown3();


void main() {
  int w = 1, z = 0, x = 0, y = 0;
 
  while (unknown1()) {
   
    
            
            /*@
          loop invariant w == z + 1;
          loop invariant z == x + y;
          loop invariant x <= y + 1;
          loop invariant y <= x + 1;
            */
            while (unknown2()) {
      if (w % 2 == 1)
        x++;
      if (z % 2 == 0)
        y++;
    }
            
   
    while (unknown3()) {
      z = x + y;
      w = z + 1;
    }
  }
  /*@ assert x == y;*/
}

INNER_FLAG: True
Variable Maps: [{'y': '0', 'x': '0', 'z': '0', 'w': '1'}]
Path conditions: [None]
Pre condition: exists retval_47, retval_47 == 0 && retval_47 <= INT_MAX && retval_47 > INT_MIN && retval_45 != 0 && retval_45 <= INT_MAX && retval_45 > INT_MIN && (y == 0) * (x == 0) * (z == 0) * (w == 1)
Loop Condition: unknown3()
Updated Loop Conditions: ['unknown3()']
Global Unchanged Variables ['y', 'x']
Non Inductive Variables ['z', 'w']
[{'y': '0', 'x': '0', 'z': '0', 'w': '1'}]
[None]

int unknown1();
int unknown2();
int unknown3();


void main() {
  int w = 1, z = 0, x = 0, y = 0;
 
  while (unknown1()) {
   
    
            
            /*@
          loop invariant w == z + 1;
          loop invariant z == x + y;
          loop invariant x <= y + 1;
          loop invariant y <= x + 1;
            */
            while (unknown2()) {
      if (w % 2 == 1)
        x++;
      if (z % 2 == 0)
        y++;
    }
            
   
    
            
    /* >>> LOOP INVARIANT TO FILL <<< 
       >>> PRECONDITION OF THE LOOP : exists retval_47, retval_47 == 0 && retval_47 <= INT_MAX && retval_47 > INT_MIN && retval_45 != 0 && retval_45 <= INT_MAX && retval_45 > INT_MIN && (y == 0) * (x == 0) * (z == 0) * (w == 1) <<< */
    
            /*@
          loop invariant PLACE_HOLDER_w ;
          loop invariant PLACE_HOLDER_z ;
          loop invariant PLACE_HOLDER_x ;
          loop invariant PLACE_HOLDER_y ;
            */
            while (unknown3()) {
      z = x + y;
      w = z + 1;
    }
            
  }
  /*@ assert x == y;*/
}

Let me analyze the program and fill in the loop invariants systematically.

Analysis:

a. Purpose and Structure of the Loop:
- The outer loop (controlled by unknown1()) contains two nested loops
- The first inner loop (unknown2()) modifies x and y based on w and z's parity
- The second inner loop (unknown3()) updates z and w based on x and y
- The post-condition asserts that x == y after all loops complete

b. Discussion of the Loop Invariant:
For the second inner loop (unknown3()), we need invariants that:
1. Relate w, z, x, and y
2. Maintain the relationships established by the first inner loop
3. Help prove x == y at the end

c. Establishment:
The pre-condition establishes w=1, z=0, x=0, y=0
These satisfy the invariants we'll propose

d. Preservation:
The loop body maintains the relationships between variables
z = x + y and w = z + 1 preserve the invariants

e. Termination Analysis:
When unknown3() becomes false, the invariants still hold
The outer loop's invariants ensure x == y can be proved

f. Correctness of Post-condition:
The combination of all loop invariants ensures x == y at termination

g. Implication of Pre-condition:
The pre-condition's initial values satisfy our proposed invariants

Here's the complete program with filled invariants:

```c
int unknown1();
int unknown2();
int unknown3();


void main() {
  int w = 1, z = 0, x = 0, y = 0;
 
  while (unknown1()) {
   
    
            
            /*@
          loop invariant w == z + 1;
          loop invariant z == x + y;
          loop invariant x <= y + 1;
          loop invariant y <= x + 1;
            */
            while (unknown2()) {
      if (w % 2 == 1)
        x++;
      if (z % 2 == 0)
        y++;
    }
            
   
    
            
    /* >>> LOOP INVARIANT TO FILL <<< 
       >>> PRECONDITION OF THE LOOP : exists retval_47, retval_47 == 0 && retval_47 <= INT_MAX && retval_47 > INT_MIN && retval_45 != 0 && retval_45 <= INT_MAX && retval_45 > INT_MIN && (y == 0) * (x == 0) * (z == 0) * (w == 1) <<< */
    
            /*@
          loop invariant w == z + 1;
          loop invariant z == x + y;
          loop invariant x <= y + 1;
          loop invariant y <= x + 1;
            */
            while (unknown3()) {
      z = x + y;
      w = z + 1;
    }
            
  }
  /*@ assert x == y;*/
}
```

The filled placeholders are:
- PLACE_HOLDER_w → w == z + 1
- PLACE_HOLDER_z → z == x + y
- PLACE_HOLDER_x → x <= y + 1
- PLACE_HOLDER_y → y <= x + 1

These invariants maintain the key relationships between variables throughout the loop's execution and help establish the post-condition x == y.

int unknown1();
int unknown2();
int unknown3();


void main() {
  int w = 1, z = 0, x = 0, y = 0;
 
  while (unknown1()) {
   
    
            
            /*@
          loop invariant w == z + 1;
          loop invariant z == x + y;
          loop invariant x <= y + 1;
          loop invariant y <= x + 1;
            */
            while (unknown2()) {
      if (w % 2 == 1)
        x++;
      if (z % 2 == 0)
        y++;
    }
            
   
    
            
            /*@
          loop invariant w == z + 1;
          loop invariant z == x + y;
          loop invariant x <= y + 1;
          loop invariant y <= x + 1;
            */
            while (unknown3()) {
      z = x + y;
      w = z + 1;
    }
            
  }
  /*@ assert x == y;*/
}


int unknown1();
int unknown2();
int unknown3();


void main() {
  int w = 1, z = 0, x = 0, y = 0;
 
  while (unknown1()) {
   
    
            
            /*@
          loop invariant w == z + 1;
          loop invariant z == x + y;
          loop invariant x <= y + 1;
          loop invariant y <= x + 1;
            */
            while (unknown2()) {
      if (w % 2 == 1)
        x++;
      if (z % 2 == 0)
        y++;
    }
            
   
    
            
            /*@
          loop invariant w == z + 1;
          loop invariant z == x + y;
          loop invariant x <= y + 1;
          loop invariant y <= x + 1;
            */
            while (unknown3()) {
      z = x + y;
      w = z + 1;
    }
            
  }
  /*@ assert x == y;*/
}

INNER_FLAG: False
Variable Maps: [{'y': '0', 'x': '0', 'z': '0', 'w': '1'}]
Path conditions: [None]
Pre condition: (y == 0) * (x == 0) * (z == 0) * (w == 1)
Loop Condition: unknown1()
Updated Loop Conditions: ['unknown1()']
Global Unchanged Variables []
Non Inductive Variables ['z', 'w']
[{'y': '0', 'x': '0', 'z': '0', 'w': '1'}]
[None]

            
    /* >>> LOOP INVARIANT TO FILL <<< 
       >>> PRECONDITION OF THE LOOP : (y == 0) * (x == 0) * (z == 0) * (w == 1) <<< */
    
            /*@
            */
            while (unknown1()) {
   
    
            
            /*@
          loop invariant w == z + 1;
          loop invariant z == x + y;
          loop invariant x <= y + 1;
          loop invariant y <= x + 1;
            */
            while (unknown2()) {
      if (w % 2 == 1)
        x++;
      if (z % 2 == 0)
        y++;
    }
            
   
    
            
            /*@
          loop invariant w == z + 1;
          loop invariant z == x + y;
          loop invariant x <= y + 1;
          loop invariant y <= x + 1;
            */
            while (unknown3()) {
      z = x + y;
      w = z + 1;
    }
            
  }
            

            
    /* >>> LOOP INVARIANT TO FILL <<< 
       >>> PRECONDITION OF THE LOOP : (y == 0) * (x == 0) * (z == 0) * (w == 1) <<< */
    
            /*@
          loop invariant  ((y == 0)&&(x == 0)&&(z == 0)&&(w == 1)) || (PLACE_HOLDER_w) ;
          loop invariant  ((y == 0)&&(x == 0)&&(z == 0)&&(w == 1)) || (PLACE_HOLDER_z) ;
          loop invariant  ((y == 0)&&(x == 0)&&(z == 0)&&(w == 1)) || (PLACE_HOLDER_x) ;
          loop invariant  ((y == 0)&&(x == 0)&&(z == 0)&&(w == 1)) || (PLACE_HOLDER_y) ;
            */
            while (unknown1()) {
   
    
            
            /*@
          loop invariant w == z + 1;
          loop invariant z == x + y;
          loop invariant x <= y + 1;
          loop invariant y <= x + 1;
            */
            while (unknown2()) {
      if (w % 2 == 1)
        x++;
      if (z % 2 == 0)
        y++;
    }
            
   
    
            
            /*@
          loop invariant w == z + 1;
          loop invariant z == x + y;
          loop invariant x <= y + 1;
          loop invariant y <= x + 1;
            */
            while (unknown3()) {
      z = x + y;
      w = z + 1;
    }
            
  }
            

int unknown1();
int unknown2();
int unknown3();


void main() {
  int w = 1, z = 0, x = 0, y = 0;
 
  
            
    /* >>> LOOP INVARIANT TO FILL <<< 
       >>> PRECONDITION OF THE LOOP : (y == 0) * (x == 0) * (z == 0) * (w == 1) <<< */
    
            /*@
          loop invariant  ((y == 0)&&(x == 0)&&(z == 0)&&(w == 1)) || (PLACE_HOLDER_w) ;
          loop invariant  ((y == 0)&&(x == 0)&&(z == 0)&&(w == 1)) || (PLACE_HOLDER_z) ;
          loop invariant  ((y == 0)&&(x == 0)&&(z == 0)&&(w == 1)) || (PLACE_HOLDER_x) ;
          loop invariant  ((y == 0)&&(x == 0)&&(z == 0)&&(w == 1)) || (PLACE_HOLDER_y) ;
            */
            while (unknown1()) {
   
    
            
            /*@
          loop invariant w == z + 1;
          loop invariant z == x + y;
          loop invariant x <= y + 1;
          loop invariant y <= x + 1;
            */
            while (unknown2()) {
      if (w % 2 == 1)
        x++;
      if (z % 2 == 0)
        y++;
    }
            
   
    
            
            /*@
          loop invariant w == z + 1;
          loop invariant z == x + y;
          loop invariant x <= y + 1;
          loop invariant y <= x + 1;
            */
            while (unknown3()) {
      z = x + y;
      w = z + 1;
    }
            
  }
            
  /*@ assert x == y;*/
}

Here is the analysis and the completed C loop program with filled-in loop invariants:

### Analysis:

#### a. Purpose and Structure of the Loop:
The loop's objective is to maintain certain relationships between the variables `w`, `z`, `x`, and `y` such that when the loop terminates, the post-condition `x == y` holds. The loop consists of nested loops:
1. The outer loop (`while (unknown1())`) controls the overall execution.
2. The first inner loop (`while (unknown2())`) increments `x` or `y` based on the parity of `w` and `z`.
3. The second inner loop (`while (unknown3())`) updates `z` and `w` based on the current values of `x` and `y`.

#### b. Discussion of the Loop Invariant:
The loop invariants for the inner loops are already provided and are sufficient to maintain the relationships `w == z + 1`, `z == x + y`, `x <= y + 1`, and `y <= x + 1`. For the outer loop, the invariant must ensure that the initial conditions or the relationships established by the inner loops hold.

#### c. Establishment:
The pre-condition `(y == 0) * (x == 0) * (z == 0) * (w == 1)` ensures that the invariants hold before the loop starts because the initial values satisfy the invariants.

#### d. Preservation:
The invariants are preserved because:
1. The first inner loop ensures that `x` and `y` are incremented in a way that maintains `x <= y + 1` and `y <= x + 1`.
2. The second inner loop updates `z` and `w` to maintain `w == z + 1` and `z == x + y`.

#### e. Termination Analysis of the Loop:
When the loop terminates, the invariants still hold because they are designed to be true at the end of each iteration. The post-condition `x == y` is implied by the invariants and the termination condition.

#### f. Correctness of the Post-condition:
The post-condition `x == y` is correct because the invariants ensure that `x` and `y` are always within 1 of each other, and the loop termination ensures that they are equal.

#### g. Implication of the Pre-condition:
The pre-condition implies the loop invariant because it sets the initial values of `w`, `z`, `x`, and `y` to satisfy the invariants.

### Completed C Loop Program:
```c
int unknown1();
int unknown2();
int unknown3();


void main() {
  int w = 1, z = 0, x = 0, y = 0;
 
  
            
    /* >>> LOOP INVARIANT TO FILL <<< 
       >>> PRECONDITION OF THE LOOP : (y == 0) * (x == 0) * (z == 0) * (w == 1) <<< */
    
            /*@
          loop invariant  ((y == 0)&&(x == 0)&&(z == 0)&&(w == 1)) || (w == z + 1) ;
          loop invariant  ((y == 0)&&(x == 0)&&(z == 0)&&(w == 1)) || (z == x + y) ;
          loop invariant  ((y == 0)&&(x == 0)&&(z == 0)&&(w == 1)) || (x <= y + 1) ;
          loop invariant  ((y == 0)&&(x == 0)&&(z == 0)&&(w == 1)) || (y <= x + 1) ;
            */
            while (unknown1()) {
   
    
            
            /*@
          loop invariant w == z + 1;
          loop invariant z == x + y;
          loop invariant x <= y + 1;
          loop invariant y <= x + 1;
            */
            while (unknown2()) {
      if (w % 2 == 1)
        x++;
      if (z % 2 == 0)
        y++;
    }
            
   
    
            
            /*@
          loop invariant w == z + 1;
          loop invariant z == x + y;
          loop invariant x <= y + 1;
          loop invariant y <= x + 1;
            */
            while (unknown3()) {
      z = x + y;
      w = z + 1;
    }
            
  }
            
  /*@ assert x == y;*/
}
```

int unknown1();
int unknown2();
int unknown3();


void main() {
  int w = 1, z = 0, x = 0, y = 0;
 
  
            
            /*@
          loop invariant  ((y == 0)&&(x == 0)&&(z == 0)&&(w == 1)) || (w == z + 1) ;
          loop invariant  ((y == 0)&&(x == 0)&&(z == 0)&&(w == 1)) || (z == x + y) ;
          loop invariant  ((y == 0)&&(x == 0)&&(z == 0)&&(w == 1)) || (x <= y + 1) ;
          loop invariant  ((y == 0)&&(x == 0)&&(z == 0)&&(w == 1)) || (y <= x + 1) ;
            */
            while (unknown1()) {
   
    
            
            /*@
          loop invariant w == z + 1;
          loop invariant z == x + y;
          loop invariant x <= y + 1;
          loop invariant y <= x + 1;
            */
            while (unknown2()) {
      if (w % 2 == 1)
        x++;
      if (z % 2 == 0)
        y++;
    }
            
   
    
            
            /*@
          loop invariant w == z + 1;
          loop invariant z == x + y;
          loop invariant x <= y + 1;
          loop invariant y <= x + 1;
            */
            while (unknown3()) {
      z = x + y;
      w = z + 1;
    }
            
  }
            
  /*@ assert x == y;*/
}


int unknown1();
int unknown2();
int unknown3();


void main() {
  int w = 1, z = 0, x = 0, y = 0;
 
  
            
            /*@
          loop invariant  ((y == 0)&&(x == 0)&&(z == 0)&&(w == 1)) || (w == z + 1) ;
          loop invariant  ((y == 0)&&(x == 0)&&(z == 0)&&(w == 1)) || (z == x + y) ;
          loop invariant  ((y == 0)&&(x == 0)&&(z == 0)&&(w == 1)) || (x <= y + 1) ;
          loop invariant  ((y == 0)&&(x == 0)&&(z == 0)&&(w == 1)) || (y <= x + 1) ;
            */
            while (unknown1()) {
   
    
            
            /*@
          loop invariant w == z + 1;
          loop invariant z == x + y;
          loop invariant x <= y + 1;
          loop invariant y <= x + 1;
            */
            while (unknown2()) {
      if (w % 2 == 1)
        x++;
      if (z % 2 == 0)
        y++;
    }
            
   
    
            
            /*@
          loop invariant w == z + 1;
          loop invariant z == x + y;
          loop invariant x <= y + 1;
          loop invariant y <= x + 1;
            */
            while (unknown3()) {
      z = x + y;
      w = z + 1;
    }
            
  }
            
  /*@ assert x == y;*/
}

syntax Correct
Validate:
[True, True, True, True, True, False, True, True, True, True, True, True]

Goal Preservation of Invariant (file output/026.c, line 24):
Let x_2 = x + y.
Let x_3 = 1 + x + y.
Let x_4 = 2 * y_2.
Let x_5 = 1 + z.
Assume {
  Type: is_sint32(tmp_0) /\ is_sint32(tmp_1_0) /\ is_sint32(x_1) /\
      is_sint32(x) /\ is_sint32(y_1) /\ is_sint32(y) /\ is_sint32(y_2) /\
      is_sint32(z) /\ is_sint32(x_5) /\ is_sint32(x_2) /\ is_sint32(x_3) /\
      is_sint32(z - y_2).
  (* Then *)
  Have: tmp_1_0 != 0.
  (* Invariant *)
  Have: z <= (1 + x_4).
  (* Invariant *)
  Have: x_4 <= x_5.
  (* Invariant *)
  Have: x <= (1 + y).
  (* Invariant *)
  Have: y <= (1 + x).
  (* Then *)
  Have: tmp_0 != 0.
  If (x_3 % 2) = 1
  Then { Have: (1 + x) = x_1. }
  Else { Have: x = x_1. }
  If (x_2 % 2) = 0
  Then { Have: (1 + y) = y_1. }
  Else { Have: y = y_1. }
}
Prove: x_2 = (x_1 + y_1).
Prover Z3 4.8.12 returns Timeout (Qed:75ms) (3s)
Error found in file: output/026.c at line: 24
Error line content: loop invariant z == x + y;

Verify:
[False]

Goal Assertion (file output/026.c, line 51):
Assume {
  Type: is_sint32(w) /\ is_sint32(x) /\ is_sint32(y) /\ is_sint32(z).
  (* Invariant *)
  Have: ((1 + z) = w) \/ ((w = 1) /\ (x = 0) /\ (y = 0) /\ (z = 0)).
  (* Invariant *)
  Have: ((x + y) = z) \/ ((w = 1) /\ (x = 0) /\ (y = 0) /\ (z = 0)).
  (* Invariant *)
  Have: (x <= (1 + y)) \/ ((w = 1) /\ (x = 0) /\ (y = 0) /\ (z = 0)).
  (* Invariant *)
  Have: (y <= (1 + x)) \/ ((w = 1) /\ (x = 0) /\ (y = 0) /\ (z = 0)).
}
Prove: y = x.
Prover Z3 4.8.12 returns Timeout (Qed:6ms) (3s)
Error found in file: output/026.c at line: 51
Error line content: /*@ assert x == y;*/


int unknown1();
int unknown2();
int unknown3();


void main() {
  int w = 1, z = 0, x = 0, y = 0;
 
  
            
            /*@
          loop invariant  ((y == 0)&&(x == 0)&&(z == 0)&&(w == 1)) || (w == z + 1) ;
          loop invariant  ((y == 0)&&(x == 0)&&(z == 0)&&(w == 1)) || (z == x + y) ;
          loop invariant  ((y == 0)&&(x == 0)&&(z == 0)&&(w == 1)) || (x <= y + 1) ;
          loop invariant  ((y == 0)&&(x == 0)&&(z == 0)&&(w == 1)) || (y <= x + 1) ;
            */
            while (unknown1()) {
   
    
            
            /*@
          loop invariant w == z + 1;
          loop invariant z == x + y [INVARIANT FAILED] ;
          loop invariant x <= y + 1;
          loop invariant y <= x + 1;
            */
            while (unknown2()) {
      if (w % 2 == 1)
        x++;
      if (z % 2 == 0)
        y++;
    }
            
   
    
            
            /*@
          loop invariant w == z + 1;
          loop invariant z == x + y;
          loop invariant x <= y + 1;
          loop invariant y <= x + 1;
            */
            while (unknown3()) {
      z = x + y;
      w = z + 1;
    }
            
  }
            
  /*@ assert x == y;*/
}

Based on the error messages and analysis, I'll regenerate the loop invariants to make them verifiable while preserving the program's correctness.

Error Analysis:
1. The main issue is that the invariant `z == x + y` fails to be preserved during the first inner loop (unknown2) where x and y are modified independently.
2. The assertion `x == y` at the end cannot be proven because the invariants don't maintain a strong enough relationship between x and y.
3. The current invariants are too weak to prove the postcondition after both inner loops execute.

Here's the corrected version with stronger invariants:

```c
int unknown1();
int unknown2();
int unknown3();

void main() {
  int w = 1, z = 0, x = 0, y = 0;
 
  /*@
    loop invariant w == z + 1;
    loop invariant z == x + y;
    loop invariant x == y;
    loop invariant (w == 1 && z == 0 && x == 0 && y == 0) || (x == y);
   */
  while (unknown1()) {
    /*@
      loop invariant w == z + 1;
      loop invariant z == x + y;
      loop invariant x == y;
      loop invariant (w == 1 && z == 0 && x == 0 && y == 0) || (x == y);
     */
    while (unknown2()) {
      if (w % 2 == 1)
        x++;
      if (z % 2 == 0)
        y++;
    }
    
    /*@
      loop invariant w == z + 1;
      loop invariant z == x + y;
      loop invariant x == y;
      loop invariant (w == 1 && z == 0 && x == 0 && y == 0) || (x == y);
     */
    while (unknown3()) {
      z = x + y;
      w = z + 1;
    }
  }
  /*@ assert x == y;*/
}
```

Key improvements:
1. Added `x == y` as a strong invariant that directly supports the postcondition
2. Made the invariant hold both for initial state and during execution
3. Maintained consistency across all loops by using the same invariants
4. The invariants now properly establish, preserve, and lead to the postcondition

The new invariants:
1. Are established by the initial conditions (w=1,z=0,x=0,y=0)
2. Are preserved through both inner loops
3. Directly imply the postcondition x == y when the loop terminates
4. Maintain all necessary relationships between variables (w = z + 1, z = x + y)
after regen

int unknown1();
int unknown2();
int unknown3();

void main() {
  int w = 1, z = 0, x = 0, y = 0;
 
  /*@
    loop invariant w == z + 1;
    loop invariant z == x + y;
    loop invariant x == y;
    loop invariant (w == 1 && z == 0 && x == 0 && y == 0) || (x == y);
   */
  while (unknown1()) {
    /*@
      loop invariant w == z + 1;
      loop invariant z == x + y;
      loop invariant x == y;
      loop invariant (w == 1 && z == 0 && x == 0 && y == 0) || (x == y);
     */
    while (unknown2()) {
      if (w % 2 == 1)
        x++;
      if (z % 2 == 0)
        y++;
    }
    
    /*@
      loop invariant w == z + 1;
      loop invariant z == x + y;
      loop invariant x == y;
      loop invariant (w == 1 && z == 0 && x == 0 && y == 0) || (x == y);
     */
    while (unknown3()) {
      z = x + y;
      w = z + 1;
    }
  }
  /*@ assert x == y;*/
}

syntax Correct
Validate:
[True, True, True, True, True, False, True, True, True, True, True, True]

Goal Preservation of Invariant (file output/026.c, line 18):
Let x_2 = 2 * y.
Let x_3 = x_2 - 1.
Assume {
  Type: is_sint32(tmp_0) /\ is_sint32(tmp_1_0) /\ is_sint32(x) /\
      is_sint32(x_1) /\ is_sint32(y) /\ is_sint32(y - 1) /\
      is_sint32(x_2 - 2) /\ is_sint32(x_3).
  (* Then *)
  Have: tmp_1_0 != 0.
  (* Then *)
  Have: tmp_0 != 0.
  If (x_3 % 2) = 1
  Then { Let x_4 = 1 + x_1. Have: x_4 = y. Have: x_4 = x. }
  Else { Have: (1 + x) = y. }
}
Prove: (2 + x) = y.
Prover Z3 4.8.12 returns Timeout (Qed:39ms) (3s)
Error found in file: output/026.c at line: 18
Error line content: loop invariant z == x + y;

Verify:
[True]


int unknown1();
int unknown2();
int unknown3();

void main() {
  int w = 1, z = 0, x = 0, y = 0;
 
  /*@
    loop invariant w == z + 1;
    loop invariant z == x + y;
    loop invariant x == y;
    loop invariant (w == 1 && z == 0 && x == 0 && y == 0) || (x == y);
   */
  while (unknown1()) {
    /*@
      loop invariant w == z + 1;
      loop invariant z == x + y [INVARIANT FAILED] ;
      loop invariant x == y;
      loop invariant (w == 1 && z == 0 && x == 0 && y == 0) || (x == y);
     */
    while (unknown2()) {
      if (w % 2 == 1)
        x++;
      if (z % 2 == 0)
        y++;
    }
    
    /*@
      loop invariant w == z + 1;
      loop invariant z == x + y;
      loop invariant x == y;
      loop invariant (w == 1 && z == 0 && x == 0 && y == 0) || (x == y);
     */
    while (unknown3()) {
      z = x + y;
      w = z + 1;
    }
  }
  /*@ assert x == y;*/
}

Based on the error messages and the code provided, I'll analyze the issues and provide corrected loop invariants.

Error Analysis:
1. The main issue is with the preservation of the invariant `z == x + y` in the first inner loop (while(unknown2())). The error shows that Frama-C cannot prove this invariant remains true after iteration.
2. The assertion `x == y` at the end is correct, but the invariants leading to it are too strong.
3. The invariants should be weakened to account for the possible changes to x and y in the first inner loop.

The key problems are:
- The equality `z == x + y` is broken in the first inner loop where x and y can be modified independently
- The invariant `x == y` is too strict for the first inner loop's behavior

Fixed C Code:
```c
int unknown1();
int unknown2();
int unknown3();

void main() {
  int w = 1, z = 0, x = 0, y = 0;
 
  /*@
    loop invariant w == z + 1;
    loop invariant z == x + y;
    loop invariant x <= y + 1;
    loop invariant y <= x + 1;
   */
  while (unknown1()) {
    /*@
      loop invariant w == z + 1;
      loop invariant x <= y + 1;
      loop invariant y <= x + 1;
     */
    while (unknown2()) {
      if (w % 2 == 1)
        x++;
      if (z % 2 == 0)
        y++;
    }
    
    /*@
      loop invariant w == z + 1;
      loop invariant z == x + y;
      loop invariant x <= y + 1;
      loop invariant y <= x + 1;
     */
    while (unknown3()) {
      z = x + y;
      w = z + 1;
    }
  }
  /*@ assert x == y;*/
}
```

Key changes made:
1. Removed the strict `x == y` invariant and replaced it with range constraints `x <= y + 1` and `y <= x + 1`
2. Removed the `z == x + y` invariant from the first inner loop where it couldn't be preserved
3. Kept the `w == z + 1` invariant throughout as it's maintained in all loops
4. The range constraints are sufficient to eventually prove `x == y` at the end while being weak enough to be preserved through all loop operations

These changes make the invariants:
- Strong enough to prove the final assertion
- Weak enough to be established and preserved in all loops
- Account for the independent modifications of x and y in the first inner loop
after weaken

int unknown1();
int unknown2();
int unknown3();

void main() {
  int w = 1, z = 0, x = 0, y = 0;
 
  /*@
    loop invariant w == z + 1;
    loop invariant z == x + y;
    loop invariant x <= y + 1;
    loop invariant y <= x + 1;
   */
  while (unknown1()) {
    /*@
      loop invariant w == z + 1;
      loop invariant x <= y + 1;
      loop invariant y <= x + 1;
     */
    while (unknown2()) {
      if (w % 2 == 1)
        x++;
      if (z % 2 == 0)
        y++;
    }
    
    /*@
      loop invariant w == z + 1;
      loop invariant z == x + y;
      loop invariant x <= y + 1;
      loop invariant y <= x + 1;
     */
    while (unknown3()) {
      z = x + y;
      w = z + 1;
    }
  }
  /*@ assert x == y;*/
}

syntax Correct
Validate:
[True, True, True, True, True, True, False, True, False, True, True]

Goal Preservation of Invariant (file output/026.c, line 19):
Let x_4 = 1 + z.
Assume {
  Type: is_sint32(tmp_0) /\ is_sint32(tmp_1_0) /\ is_sint32(x) /\
      is_sint32(x_1) /\ is_sint32(x_2) /\ is_sint32(x_3) /\ is_sint32(y) /\
      is_sint32(y_1) /\ is_sint32(y_2) /\ is_sint32(y_3) /\ is_sint32(z) /\
      is_sint32(x_4) /\ is_sint32(x_3 + y_3) /\ is_sint32(1 + x_3 + y_3).
  (* Invariant *)
  Have: x_3 <= (1 + y_3).
  (* Invariant *)
  Have: y_3 <= (1 + x_3).
  (* Then *)
  Have: tmp_1_0 != 0.
  (* Invariant *)
  Have: x_2 <= (1 + y_2).
  (* Invariant *)
  Have: y_2 <= (1 + x_2).
  (* Then *)
  Have: tmp_0 != 0.
  If (x_4 % 2) = 1
  Then { Have: x_2 = x_1. Have: (1 + x_1) = x. }
  Else { Have: x_2 = x. }
  If (z % 2) = 0
  Then { Have: y_2 = y_1. Have: (1 + y_1) = y. }
  Else { Have: y_2 = y. }
  (* Invariant *)
  Have: x <= (1 + y).
}
Prove: y <= (1 + x).
Prover Z3 4.8.12 returns Timeout (Qed:58ms) (3s)
Error found in file: output/026.c at line: 19
Error line content: loop invariant y <= x + 1;

Goal Establishment of Invariant (file output/026.c, line 30):
Assume {
  Type: is_sint32(tmp_1_0) /\ is_sint32(w) /\ is_sint32(x) /\
      is_sint32(x_1) /\ is_sint32(y) /\ is_sint32(y_1) /\ is_sint32(w - 1) /\
      is_sint32(x_1 + y_1) /\ is_sint32(1 + x_1 + y_1).
  (* Invariant *)
  Have: x_1 <= (1 + y_1).
  (* Invariant *)
  Have: y_1 <= (1 + x_1).
  (* Then *)
  Have: tmp_1_0 != 0.
  (* Invariant *)
  Have: x <= (1 + y).
  (* Invariant *)
  Have: y <= (1 + x).
}
Prove: (1 + x + y) = w.
Prover Z3 4.8.12 returns Timeout (Qed:11ms) (3s)
Error found in file: output/026.c at line: 30
Error line content: loop invariant z == x + y;

Verify:
[False]

Goal Assertion (file output/026.c, line 39):
Assume {
  Type: is_sint32(x) /\ is_sint32(y) /\ is_sint32(x + y) /\
      is_sint32(1 + x + y).
  (* Invariant *)
  Have: x <= (1 + y).
  (* Invariant *)
  Have: y <= (1 + x).
}
Prove: y = x.
Prover Z3 4.8.12 returns Timeout (Qed:5ms) (3s)
Error found in file: output/026.c at line: 39
Error line content: /*@ assert x == y;*/


int unknown1();
int unknown2();
int unknown3();

void main() {
  int w = 1, z = 0, x = 0, y = 0;
 
  /*@
    loop invariant w == z + 1;
    loop invariant z == x + y;
    loop invariant x <= y + 1;
    loop invariant y <= x + 1;
   */
  while (unknown1()) {
    /*@
      loop invariant w == z + 1;
      loop invariant x <= y + 1;
      loop invariant y <= x + 1 [INVARIANT FAILED] ;
     */
    while (unknown2()) {
      if (w % 2 == 1)
        x++;
      if (z % 2 == 0)
        y++;
    }
    
    /*@
      loop invariant w == z + 1;
      loop invariant z == x + y [INVARIANT FAILED] ;
      loop invariant x <= y + 1;
      loop invariant y <= x + 1;
     */
    while (unknown3()) {
      z = x + y;
      w = z + 1;
    }
  }
  /*@ assert x == y;*/
}

Based on the error messages and the program structure, I'll analyze the issues and provide corrected loop invariants.

### Error Analysis ###

1. The main issues are:
   - Preservation fails for `y <= x + 1` in the first inner loop
   - Establishment fails for `z == x + y` in the second inner loop
   - The final assertion `x == y` cannot be verified

2. Key observations:
   - The program maintains relationships between w, z, x, and y
   - The first inner loop modifies x and y based on w and z parity
   - The second inner loop updates z and w based on x and y
   - The invariants need to capture the parity relationships and value dependencies

3. Problems with current invariants:
   - The strict equality `z == x + y` is too strong and not always maintained
   - The bounds `x <= y + 1` and `y <= x + 1` don't account for all possible states
   - The invariants don't properly track the parity conditions that affect updates

### Fixed C Code ###

```c
int unknown1();
int unknown2();
int unknown3();

void main() {
  int w = 1, z = 0, x = 0, y = 0;
 
  /*@
    loop invariant w == z + 1;
    loop invariant z % 2 == (x + y) % 2;
    loop invariant x - y >= -1 && x - y <= 1;
    loop invariant (w == 1 && z == 0 && x == 0 && y == 0) || 
                   (x - y >= -1 && x - y <= 1);
   */
  while (unknown1()) {
    /*@
      loop invariant w == z + 1;
      loop invariant z % 2 == (x + y) % 2;
      loop invariant x - y >= -1 && x - y <= 1;
     */
    while (unknown2()) {
      if (w % 2 == 1)
        x++;
      if (z % 2 == 0)
        y++;
    }
    
    /*@
      loop invariant w == z + 1;
      loop invariant z % 2 == (x + y) % 2;
      loop invariant x - y >= -1 && x - y <= 1;
     */
    while (unknown3()) {
      z = x + y;
      w = z + 1;
    }
  }
  /*@ assert x == y;*/
}
```

Key changes made:

1. Replaced `z == x + y` with `z % 2 == (x + y) % 2` to track parity rather than exact equality
2. Changed bounds to `x - y >= -1 && x - y <= 1` which is equivalent but more verifiable
3. Added disjunction with initial state to handle first iteration
4. Maintained the `w == z + 1` invariant which holds throughout

These changes should:
- Be established by the initial conditions
- Be preserved through both loop bodies
- Lead to the final assertion `x == y` when combined with loop termination
after regen

int unknown1();
int unknown2();
int unknown3();

void main() {
  int w = 1, z = 0, x = 0, y = 0;
 
  /*@
    loop invariant w == z + 1;
    loop invariant z % 2 == (x + y) % 2;
    loop invariant x - y >= -1 && x - y <= 1;
    loop invariant (w == 1 && z == 0 && x == 0 && y == 0) || 
                   (x - y >= -1 && x - y <= 1);
   */
  while (unknown1()) {
    /*@
      loop invariant w == z + 1;
      loop invariant z % 2 == (x + y) % 2;
      loop invariant x - y >= -1 && x - y <= 1;
     */
    while (unknown2()) {
      if (w % 2 == 1)
        x++;
      if (z % 2 == 0)
        y++;
    }
    
    /*@
      loop invariant w == z + 1;
      loop invariant z % 2 == (x + y) % 2;
      loop invariant x - y >= -1 && x - y <= 1;
     */
    while (unknown3()) {
      z = x + y;
      w = z + 1;
    }
  }
  /*@ assert x == y;*/
}

syntax Correct
Validate:
[True, True, True, True, True, False, True, True, True, True]

Goal Preservation of Invariant (file output/026.c, line 19):
Let x_4 = w - 1.
Let x_5 = x_4 % 2.
Assume {
  Type: is_sint32(tmp_0) /\ is_sint32(tmp_1_0) /\ is_sint32(w) /\
      is_sint32(x) /\ is_sint32(x_1) /\ is_sint32(x_2) /\ is_sint32(x_3) /\
      is_sint32(y) /\ is_sint32(y_1) /\ is_sint32(y_2) /\ is_sint32(y_3) /\
      is_sint32(z) /\ is_sint32(x_4) /\ is_sint32(1 + z).
  (* Invariant *)
  Have: ((x_3 + y_3) % 2) = (z % 2).
  (* Invariant *)
  Have: (x_3 <= (1 + y_3)) /\ (y_3 <= (1 + x_3)).
  (* Then *)
  Have: tmp_1_0 != 0.
  (* Invariant *)
  Have: ((x_2 + y_2) % 2) = x_5.
  (* Invariant *)
  Have: (x_2 <= (1 + y_2)) /\ (y_2 <= (1 + x_2)).
  (* Then *)
  Have: tmp_0 != 0.
  If (w % 2) = 1
  Then { Have: x_2 = x_1. Have: (1 + x_1) = x. }
  Else { Have: x_2 = x. }
  If x_5 = 0
  Then { Have: y_2 = y_1. Have: (1 + y_1) = y. }
  Else { Have: y_2 = y. }
}
Prove: ((x + y) % 2) = x_5.
Prover Z3 4.8.12 returns Timeout (Qed:68ms) (3s)
Error found in file: output/026.c at line: 19
Error line content: loop invariant z % 2 == (x + y) % 2;

Verify:
[False]

Goal Assertion (file output/026.c, line 39):
Assume {
  Type: is_sint32(x) /\ is_sint32(y) /\ is_sint32(z) /\ is_sint32(1 + z).
  (* Invariant *)
  Have: ((x + y) % 2) = (z % 2).
  (* Invariant *)
  Have: (x <= (1 + y)) /\ (y <= (1 + x)).
}
Prove: y = x.
Prover Z3 4.8.12 returns Timeout (Qed:5ms) (3s)
Error found in file: output/026.c at line: 39
Error line content: /*@ assert x == y;*/

after hudini

int unknown1();
int unknown2();
int unknown3();

void main() {
  int w = 1, z = 0, x = 0, y = 0;
 
  /*@
    loop invariant w == z + 1;
    loop invariant z % 2 == (x + y) % 2;
    loop invariant x - y >= -1 && x - y <= 1;
    loop invariant (w == 1 && z == 0 && x == 0 && y == 0) || 
                   (x - y >= -1 && x - y <= 1);
   */
  while (unknown1()) {
    /*@
      loop invariant w == z + 1;
      loop invariant z % 2 == (x + y) % 2;
      loop invariant x - y >= -1 && x - y <= 1;
     */
    while (unknown2()) {
      if (w % 2 == 1)
        x++;
      if (z % 2 == 0)
        y++;
    }
    
    /*@
      loop invariant w == z + 1;
      loop invariant z % 2 == (x + y) % 2;
      loop invariant x - y >= -1 && x - y <= 1;
     */
    while (unknown3()) {
      z = x + y;
      w = z + 1;
    }
  }
  /*@ assert x == y;*/
}

syntax Correct
Validate:
[True, True, True, True, True, False, True, True, True, True]

Goal Preservation of Invariant (file output/026.c, line 19):
Let x_4 = w - 1.
Let x_5 = x_4 % 2.
Assume {
  Type: is_sint32(tmp_0) /\ is_sint32(tmp_1_0) /\ is_sint32(w) /\
      is_sint32(x) /\ is_sint32(x_1) /\ is_sint32(x_2) /\ is_sint32(x_3) /\
      is_sint32(y) /\ is_sint32(y_1) /\ is_sint32(y_2) /\ is_sint32(y_3) /\
      is_sint32(z) /\ is_sint32(x_4) /\ is_sint32(1 + z).
  (* Invariant *)
  Have: ((x_3 + y_3) % 2) = (z % 2).
  (* Invariant *)
  Have: (x_3 <= (1 + y_3)) /\ (y_3 <= (1 + x_3)).
  (* Then *)
  Have: tmp_1_0 != 0.
  (* Invariant *)
  Have: ((x_2 + y_2) % 2) = x_5.
  (* Invariant *)
  Have: (x_2 <= (1 + y_2)) /\ (y_2 <= (1 + x_2)).
  (* Then *)
  Have: tmp_0 != 0.
  If (w % 2) = 1
  Then { Have: x_2 = x_1. Have: (1 + x_1) = x. }
  Else { Have: x_2 = x. }
  If x_5 = 0
  Then { Have: y_2 = y_1. Have: (1 + y_1) = y. }
  Else { Have: y_2 = y. }
}
Prove: ((x + y) % 2) = x_5.
Prover Z3 4.8.12 returns Timeout (Qed:64ms) (3s)
Error found in file: output/026.c at line: 19
Error line content: loop invariant z % 2 == (x + y) % 2;

Verify:
[False]

Goal Assertion (file output/026.c, line 39):
Assume {
  Type: is_sint32(x) /\ is_sint32(y) /\ is_sint32(z) /\ is_sint32(1 + z).
  (* Invariant *)
  Have: ((x + y) % 2) = (z % 2).
  (* Invariant *)
  Have: (x <= (1 + y)) /\ (y <= (1 + x)).
}
Prove: y = x.
Prover Z3 4.8.12 returns Timeout (Qed:4ms) (3s)
Error found in file: output/026.c at line: 39
Error line content: /*@ assert x == y;*/

after hudini

int unknown1();
int unknown2();
int unknown3();

void main() {
  int w = 1, z = 0, x = 0, y = 0;
 
  /*@
    loop invariant w == z + 1;
    loop invariant z % 2 == (x + y) % 2;
    loop invariant x - y >= -1 && x - y <= 1;
    loop invariant (w == 1 && z == 0 && x == 0 && y == 0) || 
                   (x - y >= -1 && x - y <= 1);
   */
  while (unknown1()) {
    /*@
      loop invariant w == z + 1;
      loop invariant z % 2 == (x + y) % 2;
      loop invariant x - y >= -1 && x - y <= 1;
     */
    while (unknown2()) {
      if (w % 2 == 1)
        x++;
      if (z % 2 == 0)
        y++;
    }
    
    /*@
      loop invariant w == z + 1;
      loop invariant z % 2 == (x + y) % 2;
      loop invariant x - y >= -1 && x - y <= 1;
     */
    while (unknown3()) {
      z = x + y;
      w = z + 1;
    }
  }
  /*@ assert x == y;*/
}

syntax Correct
Validate:
[True, True, True, True, True, False, True, True, True, True]

Goal Preservation of Invariant (file output/026.c, line 19):
Let x_4 = w - 1.
Let x_5 = x_4 % 2.
Assume {
  Type: is_sint32(tmp_0) /\ is_sint32(tmp_1_0) /\ is_sint32(w) /\
      is_sint32(x) /\ is_sint32(x_1) /\ is_sint32(x_2) /\ is_sint32(x_3) /\
      is_sint32(y) /\ is_sint32(y_1) /\ is_sint32(y_2) /\ is_sint32(y_3) /\
      is_sint32(z) /\ is_sint32(x_4) /\ is_sint32(1 + z).
  (* Invariant *)
  Have: ((x_3 + y_3) % 2) = (z % 2).
  (* Invariant *)
  Have: (x_3 <= (1 + y_3)) /\ (y_3 <= (1 + x_3)).
  (* Then *)
  Have: tmp_1_0 != 0.
  (* Invariant *)
  Have: ((x_2 + y_2) % 2) = x_5.
  (* Invariant *)
  Have: (x_2 <= (1 + y_2)) /\ (y_2 <= (1 + x_2)).
  (* Then *)
  Have: tmp_0 != 0.
  If (w % 2) = 1
  Then { Have: x_2 = x_1. Have: (1 + x_1) = x. }
  Else { Have: x_2 = x. }
  If x_5 = 0
  Then { Have: y_2 = y_1. Have: (1 + y_1) = y. }
  Else { Have: y_2 = y. }
}
Prove: ((x + y) % 2) = x_5.
Prover Z3 4.8.12 returns Timeout (Qed:65ms) (3s)
Error found in file: output/026.c at line: 19
Error line content: loop invariant z % 2 == (x + y) % 2;

Verify:
[False]

Goal Assertion (file output/026.c, line 39):
Assume {
  Type: is_sint32(x) /\ is_sint32(y) /\ is_sint32(z) /\ is_sint32(1 + z).
  (* Invariant *)
  Have: ((x + y) % 2) = (z % 2).
  (* Invariant *)
  Have: (x <= (1 + y)) /\ (y <= (1 + x)).
}
Prove: y = x.
Prover Z3 4.8.12 returns Timeout (Qed:4ms) (3s)
Error found in file: output/026.c at line: 39
Error line content: /*@ assert x == y;*/

after hudini

int unknown1();
int unknown2();
int unknown3();

void main() {
  int w = 1, z = 0, x = 0, y = 0;
 
  /*@
    loop invariant w == z + 1;
    loop invariant z % 2 == (x + y) % 2;
    loop invariant x - y >= -1 && x - y <= 1;
    loop invariant (w == 1 && z == 0 && x == 0 && y == 0) || 
                   (x - y >= -1 && x - y <= 1);
   */
  while (unknown1()) {
    /*@
      loop invariant w == z + 1;
      loop invariant z % 2 == (x + y) % 2;
      loop invariant x - y >= -1 && x - y <= 1;
     */
    while (unknown2()) {
      if (w % 2 == 1)
        x++;
      if (z % 2 == 0)
        y++;
    }
    
    /*@
      loop invariant w == z + 1;
      loop invariant z % 2 == (x + y) % 2;
      loop invariant x - y >= -1 && x - y <= 1;
     */
    while (unknown3()) {
      z = x + y;
      w = z + 1;
    }
  }
  /*@ assert x == y;*/
}

syntax Correct
Validate:
[True, True, True, True, True, False, True, True, True, True]

Goal Preservation of Invariant (file output/026.c, line 19):
Let x_4 = w - 1.
Let x_5 = x_4 % 2.
Assume {
  Type: is_sint32(tmp_0) /\ is_sint32(tmp_1_0) /\ is_sint32(w) /\
      is_sint32(x) /\ is_sint32(x_1) /\ is_sint32(x_2) /\ is_sint32(x_3) /\
      is_sint32(y) /\ is_sint32(y_1) /\ is_sint32(y_2) /\ is_sint32(y_3) /\
      is_sint32(z) /\ is_sint32(x_4) /\ is_sint32(1 + z).
  (* Invariant *)
  Have: ((x_3 + y_3) % 2) = (z % 2).
  (* Invariant *)
  Have: (x_3 <= (1 + y_3)) /\ (y_3 <= (1 + x_3)).
  (* Then *)
  Have: tmp_1_0 != 0.
  (* Invariant *)
  Have: ((x_2 + y_2) % 2) = x_5.
  (* Invariant *)
  Have: (x_2 <= (1 + y_2)) /\ (y_2 <= (1 + x_2)).
  (* Then *)
  Have: tmp_0 != 0.
  If (w % 2) = 1
  Then { Have: x_2 = x_1. Have: (1 + x_1) = x. }
  Else { Have: x_2 = x. }
  If x_5 = 0
  Then { Have: y_2 = y_1. Have: (1 + y_1) = y. }
  Else { Have: y_2 = y. }
}
Prove: ((x + y) % 2) = x_5.
Prover Z3 4.8.12 returns Timeout (Qed:64ms) (3s)
Error found in file: output/026.c at line: 19
Error line content: loop invariant z % 2 == (x + y) % 2;

Verify:
[False]

Goal Assertion (file output/026.c, line 39):
Assume {
  Type: is_sint32(x) /\ is_sint32(y) /\ is_sint32(z) /\ is_sint32(1 + z).
  (* Invariant *)
  Have: ((x + y) % 2) = (z % 2).
  (* Invariant *)
  Have: (x <= (1 + y)) /\ (y <= (1 + x)).
}
Prove: y = x.
Prover Z3 4.8.12 returns Timeout (Qed:5ms) (3s)
Error found in file: output/026.c at line: 39
Error line content: /*@ assert x == y;*/

after hudini

int unknown1();
int unknown2();
int unknown3();

void main() {
  int w = 1, z = 0, x = 0, y = 0;
 
  /*@
    loop invariant w == z + 1;
    loop invariant z % 2 == (x + y) % 2;
    loop invariant x - y >= -1 && x - y <= 1;
    loop invariant (w == 1 && z == 0 && x == 0 && y == 0) || 
                   (x - y >= -1 && x - y <= 1);
   */
  while (unknown1()) {
    /*@
      loop invariant w == z + 1;
      loop invariant z % 2 == (x + y) % 2;
      loop invariant x - y >= -1 && x - y <= 1;
     */
    while (unknown2()) {
      if (w % 2 == 1)
        x++;
      if (z % 2 == 0)
        y++;
    }
    
    /*@
      loop invariant w == z + 1;
      loop invariant z % 2 == (x + y) % 2;
      loop invariant x - y >= -1 && x - y <= 1;
     */
    while (unknown3()) {
      z = x + y;
      w = z + 1;
    }
  }
  /*@ assert x == y;*/
}

syntax Correct
Validate:
[True, True, True, True, True, False, True, True, True, True]

Goal Preservation of Invariant (file output/026.c, line 19):
Let x_4 = w - 1.
Let x_5 = x_4 % 2.
Assume {
  Type: is_sint32(tmp_0) /\ is_sint32(tmp_1_0) /\ is_sint32(w) /\
      is_sint32(x) /\ is_sint32(x_1) /\ is_sint32(x_2) /\ is_sint32(x_3) /\
      is_sint32(y) /\ is_sint32(y_1) /\ is_sint32(y_2) /\ is_sint32(y_3) /\
      is_sint32(z) /\ is_sint32(x_4) /\ is_sint32(1 + z).
  (* Invariant *)
  Have: ((x_3 + y_3) % 2) = (z % 2).
  (* Invariant *)
  Have: (x_3 <= (1 + y_3)) /\ (y_3 <= (1 + x_3)).
  (* Then *)
  Have: tmp_1_0 != 0.
  (* Invariant *)
  Have: ((x_2 + y_2) % 2) = x_5.
  (* Invariant *)
  Have: (x_2 <= (1 + y_2)) /\ (y_2 <= (1 + x_2)).
  (* Then *)
  Have: tmp_0 != 0.
  If (w % 2) = 1
  Then { Have: x_2 = x_1. Have: (1 + x_1) = x. }
  Else { Have: x_2 = x. }
  If x_5 = 0
  Then { Have: y_2 = y_1. Have: (1 + y_1) = y. }
  Else { Have: y_2 = y. }
}
Prove: ((x + y) % 2) = x_5.
Prover Z3 4.8.12 returns Timeout (Qed:66ms) (3s)
Error found in file: output/026.c at line: 19
Error line content: loop invariant z % 2 == (x + y) % 2;

Verify:
[False]

Goal Assertion (file output/026.c, line 39):
Assume {
  Type: is_sint32(x) /\ is_sint32(y) /\ is_sint32(z) /\ is_sint32(1 + z).
  (* Invariant *)
  Have: ((x + y) % 2) = (z % 2).
  (* Invariant *)
  Have: (x <= (1 + y)) /\ (y <= (1 + x)).
}
Prove: y = x.
Prover Z3 4.8.12 returns Timeout (Qed:5ms) (3s)
Error found in file: output/026.c at line: 39
Error line content: /*@ assert x == y;*/

after hudini

int unknown1();
int unknown2();
int unknown3();

void main() {
  int w = 1, z = 0, x = 0, y = 0;
 
  /*@
    loop invariant w == z + 1;
    loop invariant z % 2 == (x + y) % 2;
    loop invariant x - y >= -1 && x - y <= 1;
    loop invariant (w == 1 && z == 0 && x == 0 && y == 0) || 
                   (x - y >= -1 && x - y <= 1);
   */
  while (unknown1()) {
    /*@
      loop invariant w == z + 1;
      loop invariant z % 2 == (x + y) % 2;
      loop invariant x - y >= -1 && x - y <= 1;
     */
    while (unknown2()) {
      if (w % 2 == 1)
        x++;
      if (z % 2 == 0)
        y++;
    }
    
    /*@
      loop invariant w == z + 1;
      loop invariant z % 2 == (x + y) % 2;
      loop invariant x - y >= -1 && x - y <= 1;
     */
    while (unknown3()) {
      z = x + y;
      w = z + 1;
    }
  }
  /*@ assert x == y;*/
}

syntax Correct
Validate:
[True, True, True, True, True, False, True, True, True, True]

Goal Preservation of Invariant (file output/026.c, line 19):
Let x_4 = w - 1.
Let x_5 = x_4 % 2.
Assume {
  Type: is_sint32(tmp_0) /\ is_sint32(tmp_1_0) /\ is_sint32(w) /\
      is_sint32(x) /\ is_sint32(x_1) /\ is_sint32(x_2) /\ is_sint32(x_3) /\
      is_sint32(y) /\ is_sint32(y_1) /\ is_sint32(y_2) /\ is_sint32(y_3) /\
      is_sint32(z) /\ is_sint32(x_4) /\ is_sint32(1 + z).
  (* Invariant *)
  Have: ((x_3 + y_3) % 2) = (z % 2).
  (* Invariant *)
  Have: (x_3 <= (1 + y_3)) /\ (y_3 <= (1 + x_3)).
  (* Then *)
  Have: tmp_1_0 != 0.
  (* Invariant *)
  Have: ((x_2 + y_2) % 2) = x_5.
  (* Invariant *)
  Have: (x_2 <= (1 + y_2)) /\ (y_2 <= (1 + x_2)).
  (* Then *)
  Have: tmp_0 != 0.
  If (w % 2) = 1
  Then { Have: x_2 = x_1. Have: (1 + x_1) = x. }
  Else { Have: x_2 = x. }
  If x_5 = 0
  Then { Have: y_2 = y_1. Have: (1 + y_1) = y. }
  Else { Have: y_2 = y. }
}
Prove: ((x + y) % 2) = x_5.
Prover Z3 4.8.12 returns Timeout (Qed:69ms) (3s)
Error found in file: output/026.c at line: 19
Error line content: loop invariant z % 2 == (x + y) % 2;

Verify:
[False]

Goal Assertion (file output/026.c, line 39):
Assume {
  Type: is_sint32(x) /\ is_sint32(y) /\ is_sint32(z) /\ is_sint32(1 + z).
  (* Invariant *)
  Have: ((x + y) % 2) = (z % 2).
  (* Invariant *)
  Have: (x <= (1 + y)) /\ (y <= (1 + x)).
}
Prove: y = x.
Prover Z3 4.8.12 returns Timeout (Qed:5ms) (3s)
Error found in file: output/026.c at line: 39
Error line content: /*@ assert x == y;*/

after hudini

int unknown1();
int unknown2();
int unknown3();

void main() {
  int w = 1, z = 0, x = 0, y = 0;
 
  /*@
    loop invariant w == z + 1;
    loop invariant z % 2 == (x + y) % 2;
    loop invariant x - y >= -1 && x - y <= 1;
    loop invariant (w == 1 && z == 0 && x == 0 && y == 0) || 
                   (x - y >= -1 && x - y <= 1);
   */
  while (unknown1()) {
    /*@
      loop invariant w == z + 1;
      loop invariant z % 2 == (x + y) % 2;
      loop invariant x - y >= -1 && x - y <= 1;
     */
    while (unknown2()) {
      if (w % 2 == 1)
        x++;
      if (z % 2 == 0)
        y++;
    }
    
    /*@
      loop invariant w == z + 1;
      loop invariant z % 2 == (x + y) % 2;
      loop invariant x - y >= -1 && x - y <= 1;
     */
    while (unknown3()) {
      z = x + y;
      w = z + 1;
    }
  }
  /*@ assert x == y;*/
}

syntax Correct
Validate:
[True, True, True, True, True, False, True, True, True, True]

Goal Preservation of Invariant (file output/026.c, line 19):
Let x_4 = w - 1.
Let x_5 = x_4 % 2.
Assume {
  Type: is_sint32(tmp_0) /\ is_sint32(tmp_1_0) /\ is_sint32(w) /\
      is_sint32(x) /\ is_sint32(x_1) /\ is_sint32(x_2) /\ is_sint32(x_3) /\
      is_sint32(y) /\ is_sint32(y_1) /\ is_sint32(y_2) /\ is_sint32(y_3) /\
      is_sint32(z) /\ is_sint32(x_4) /\ is_sint32(1 + z).
  (* Invariant *)
  Have: ((x_3 + y_3) % 2) = (z % 2).
  (* Invariant *)
  Have: (x_3 <= (1 + y_3)) /\ (y_3 <= (1 + x_3)).
  (* Then *)
  Have: tmp_1_0 != 0.
  (* Invariant *)
  Have: ((x_2 + y_2) % 2) = x_5.
  (* Invariant *)
  Have: (x_2 <= (1 + y_2)) /\ (y_2 <= (1 + x_2)).
  (* Then *)
  Have: tmp_0 != 0.
  If (w % 2) = 1
  Then { Have: x_2 = x_1. Have: (1 + x_1) = x. }
  Else { Have: x_2 = x. }
  If x_5 = 0
  Then { Have: y_2 = y_1. Have: (1 + y_1) = y. }
  Else { Have: y_2 = y. }
}
Prove: ((x + y) % 2) = x_5.
Prover Z3 4.8.12 returns Timeout (Qed:65ms) (3s)
Error found in file: output/026.c at line: 19
Error line content: loop invariant z % 2 == (x + y) % 2;

Verify:
[False]

Goal Assertion (file output/026.c, line 39):
Assume {
  Type: is_sint32(x) /\ is_sint32(y) /\ is_sint32(z) /\ is_sint32(1 + z).
  (* Invariant *)
  Have: ((x + y) % 2) = (z % 2).
  (* Invariant *)
  Have: (x <= (1 + y)) /\ (y <= (1 + x)).
}
Prove: y = x.
Prover Z3 4.8.12 returns Timeout (Qed:5ms) (3s)
Error found in file: output/026.c at line: 39
Error line content: /*@ assert x == y;*/

syntax Correct
Validate:
[True, True, True, True, True, False, True, True, True, True]

Goal Preservation of Invariant (file output/026.c, line 19):
Let x_4 = w - 1.
Let x_5 = x_4 % 2.
Assume {
  Type: is_sint32(tmp_0) /\ is_sint32(tmp_1_0) /\ is_sint32(w) /\
      is_sint32(x) /\ is_sint32(x_1) /\ is_sint32(x_2) /\ is_sint32(x_3) /\
      is_sint32(y) /\ is_sint32(y_1) /\ is_sint32(y_2) /\ is_sint32(y_3) /\
      is_sint32(z) /\ is_sint32(x_4) /\ is_sint32(1 + z).
  (* Invariant *)
  Have: ((x_3 + y_3) % 2) = (z % 2).
  (* Invariant *)
  Have: (x_3 <= (1 + y_3)) /\ (y_3 <= (1 + x_3)).
  (* Then *)
  Have: tmp_1_0 != 0.
  (* Invariant *)
  Have: ((x_2 + y_2) % 2) = x_5.
  (* Invariant *)
  Have: (x_2 <= (1 + y_2)) /\ (y_2 <= (1 + x_2)).
  (* Then *)
  Have: tmp_0 != 0.
  If (w % 2) = 1
  Then { Have: x_2 = x_1. Have: (1 + x_1) = x. }
  Else { Have: x_2 = x. }
  If x_5 = 0
  Then { Have: y_2 = y_1. Have: (1 + y_1) = y. }
  Else { Have: y_2 = y. }
}
Prove: ((x + y) % 2) = x_5.
Prover Z3 4.8.12 returns Timeout (Qed:65ms) (3s)
Error found in file: output/026.c at line: 19
Error line content: loop invariant z % 2 == (x + y) % 2;

Verify:
[False]

Goal Assertion (file output/026.c, line 39):
Assume {
  Type: is_sint32(x) /\ is_sint32(y) /\ is_sint32(z) /\ is_sint32(1 + z).
  (* Invariant *)
  Have: ((x + y) % 2) = (z % 2).
  (* Invariant *)
  Have: (x <= (1 + y)) /\ (y <= (1 + x)).
}
Prove: y = x.
Prover Z3 4.8.12 returns Timeout (Qed:5ms) (3s)
Error found in file: output/026.c at line: 39
Error line content: /*@ assert x == y;*/

[(356, 554, 0), (385, 481, 1), (490, 550, 2)]
[(356, 554, 0), (385, 481, 1), (490, 550, 2)]
[(356, 554, 0), (385, 481, 1), (490, 550, 2)]
[(356, 554, 0), (385, 481, 1), (490, 550, 2)]
Loop 1 : Inner
Loop 2 : Inner
Loop 0 : Outer
Sorted indices: [1, 2, 0]
File found: ../sac_c_parser/test/../ip_postcond/goal/026_goal.v. Deleting the file.
File found: ../sac_c_parser/test/../ip_postcond/goal/026_proof_auto.v. Deleting the file.
File found: ../sac_c_parser/test/../ip_postcond/goal/026_proof_manual.v. Deleting the file.
LoopEntry_0:
(y == 0) * (x == 0) * (z == 0) * (w == 1)
LoopEntry_1:
exists retval_45, retval_45 != 0 && retval_45 <= INT_MAX && retval_45 > INT_MIN && (y == 0) * (x == 0) * (z == 0) * (w == 1)
LoopEntry_2:
exists retval_47, retval_47 == 0 && retval_47 <= INT_MAX && retval_47 > INT_MIN && retval_45 != 0 && retval_45 <= INT_MAX && retval_45 > INT_MIN && (y == 0) * (x == 0) * (z == 0) * (w == 1)

Successfully generated loop/026.json
INNER_FLAG: True
Variable Maps: [{'y': '0', 'x': '0', 'z': '0', 'w': '1'}]
Path conditions: [None]
Pre condition: exists retval_45, retval_45 != 0 && retval_45 <= INT_MAX && retval_45 > INT_MIN && (y == 0) * (x == 0) * (z == 0) * (w == 1)
Loop Condition: unknown2()
Updated Loop Conditions: ['unknown2()']
Global Unchanged Variables ['z', 'w']
Non Inductive Variables []
[{'y': '0', 'x': '0', 'z': '0', 'w': '1'}]
[None]

int unknown1();
int unknown2();
int unknown3();


void main() {
  int w = 1, z = 0, x = 0, y = 0;
 
  while (unknown1()) {
   
    
            
    /* >>> LOOP INVARIANT TO FILL <<< 
       >>> PRECONDITION OF THE LOOP : exists retval_45, retval_45 != 0 && retval_45 <= INT_MAX && retval_45 > INT_MIN && (y == 0) * (x == 0) * (z == 0) * (w == 1) <<< */
    
            /*@
          loop invariant PLACE_HOLDER_w ;
          loop invariant PLACE_HOLDER_z ;
          loop invariant PLACE_HOLDER_x ;
          loop invariant PLACE_HOLDER_y ;
            */
            while (unknown2()) {
      if (w % 2 == 1)
        x++;
      if (z % 2 == 0)
        y++;
    }
            
   
    while (unknown3()) {
      z = x + y;
      w = z + 1;
    }
  }
  /*@ assert x == y;*/
}
Let me analyze this loop and fill in the appropriate loop invariants.

Analysis:

a. Purpose and Structure of the Loop:
- The main loop continues based on unknown1() condition
- It contains two nested loops:
  1. First inner loop (unknown2()): increments x when w is odd, increments y when z is even
  2. Second inner loop (unknown3()): updates z to x+y and w to z+1
- The post-condition asserts x == y after all loops complete

b. Loop Invariant Discussion:
We need invariants that maintain relationships between variables and ensure the post-condition holds. From the pre-condition and loop behavior, we can derive:
- w == z + 1 (from the second inner loop)
- x == y (to satisfy post-condition)
- z == x + y (from second inner loop)

c. Establishment:
From pre-condition: y=0, x=0, z=0, w=1
- w == z + 1 holds (1 == 0 + 1)
- x == y holds (0 == 0)
- z == x + y holds (0 == 0 + 0)

d. Preservation:
- After first inner loop: x and y may increment but maintain x == y
- After second inner loop: z = x + y, w = z + 1 preserves all invariants

e. Termination Analysis:
When unknown1() becomes false:
- All invariants still hold from last iteration
- x == y is preserved, satisfying post-condition

f. Post-condition Correctness:
The invariant x == y combined with loop termination directly proves the post-condition

g. Pre-condition Implication:
Pre-condition establishes initial values that satisfy all invariants immediately

Here's the complete program with filled invariants:

```c
int unknown1();
int unknown2();
int unknown3();


void main() {
  int w = 1, z = 0, x = 0, y = 0;
 
  while (unknown1()) {
   
    
            
    /* >>> LOOP INVARIANT TO FILL <<< 
       >>> PRECONDITION OF THE LOOP : exists retval_45, retval_45 != 0 && retval_45 <= INT_MAX && retval_45 > INT_MIN && (y == 0) * (x == 0) * (z == 0) * (w == 1) <<< */
    
            /*@
          loop invariant w == z + 1;
          loop invariant z == x + y;
          loop invariant x == y;
          loop invariant y >= 0;
            */
            while (unknown2()) {
      if (w % 2 == 1)
        x++;
      if (z % 2 == 0)
        y++;
    }
            
   
    while (unknown3()) {
      z = x + y;
      w = z + 1;
    }
  }
  /*@ assert x == y;*/
}
```

The filled placeholders are:
- PLACE_HOLDER_w: w == z + 1
- PLACE_HOLDER_z: z == x + y
- PLACE_HOLDER_x: x == y
- PLACE_HOLDER_y: y >= 0

I added y >= 0 as an additional invariant since the variables only increase and start at 0, which helps with bounding. The key invariant x == y directly supports the post-condition.

int unknown1();
int unknown2();
int unknown3();


void main() {
  int w = 1, z = 0, x = 0, y = 0;
 
  while (unknown1()) {
   
    
            
            /*@
          loop invariant w == z + 1;
          loop invariant z == x + y;
          loop invariant x == y;
          loop invariant y >= 0;
            */
            while (unknown2()) {
      if (w % 2 == 1)
        x++;
      if (z % 2 == 0)
        y++;
    }
            
   
    while (unknown3()) {
      z = x + y;
      w = z + 1;
    }
  }
  /*@ assert x == y;*/
}


int unknown1();
int unknown2();
int unknown3();


void main() {
  int w = 1, z = 0, x = 0, y = 0;
 
  while (unknown1()) {
   
    
            
            /*@
          loop invariant w == z + 1;
          loop invariant z == x + y;
          loop invariant x == y;
          loop invariant y >= 0;
            */
            while (unknown2()) {
      if (w % 2 == 1)
        x++;
      if (z % 2 == 0)
        y++;
    }
            
   
    while (unknown3()) {
      z = x + y;
      w = z + 1;
    }
  }
  /*@ assert x == y;*/
}

INNER_FLAG: True
Variable Maps: [{'y': '0', 'x': '0', 'z': '0', 'w': '1'}]
Path conditions: [None]
Pre condition: exists retval_47, retval_47 == 0 && retval_47 <= INT_MAX && retval_47 > INT_MIN && retval_45 != 0 && retval_45 <= INT_MAX && retval_45 > INT_MIN && (y == 0) * (x == 0) * (z == 0) * (w == 1)
Loop Condition: unknown3()
Updated Loop Conditions: ['unknown3()']
Global Unchanged Variables ['y', 'x']
Non Inductive Variables ['z', 'w']
[{'y': '0', 'x': '0', 'z': '0', 'w': '1'}]
[None]

int unknown1();
int unknown2();
int unknown3();


void main() {
  int w = 1, z = 0, x = 0, y = 0;
 
  while (unknown1()) {
   
    
            
            /*@
          loop invariant w == z + 1;
          loop invariant z == x + y;
          loop invariant x == y;
          loop invariant y >= 0;
            */
            while (unknown2()) {
      if (w % 2 == 1)
        x++;
      if (z % 2 == 0)
        y++;
    }
            
   
    
            
    /* >>> LOOP INVARIANT TO FILL <<< 
       >>> PRECONDITION OF THE LOOP : exists retval_47, retval_47 == 0 && retval_47 <= INT_MAX && retval_47 > INT_MIN && retval_45 != 0 && retval_45 <= INT_MAX && retval_45 > INT_MIN && (y == 0) * (x == 0) * (z == 0) * (w == 1) <<< */
    
            /*@
          loop invariant PLACE_HOLDER_w ;
          loop invariant PLACE_HOLDER_z ;
          loop invariant PLACE_HOLDER_x ;
          loop invariant PLACE_HOLDER_y ;
            */
            while (unknown3()) {
      z = x + y;
      w = z + 1;
    }
            
  }
  /*@ assert x == y;*/
}

Let me analyze the program and fill in the loop invariants systematically.

1. Analysis:

a. Purpose and Structure of the Loop:
- The outer loop controlled by unknown1() contains two nested loops
- The first nested loop (unknown2()) modifies x and y based on w and z
- The second nested loop (unknown3()) updates z and w based on x and y
- The post-condition asserts that x == y after all loops complete

b. Discussion of the Loop Invariant:
- For the second nested loop (unknown3()), we need invariants that maintain relationships between variables
- The key relationships are:
  * w is always z + 1
  * z is always x + y
  * x equals y
  * variables remain non-negative

c. Establishment:
- From pre-condition: w=1, z=0, x=0, y=0
- These satisfy w == z + 1 (1 == 0 + 1)
- And z == x + y (0 == 0 + 0)
- And x == y (0 == 0)
- And y >= 0

d. Preservation:
- The loop body sets z = x + y and w = z + 1
- If x == y before, then z becomes x + x = 2x
- w becomes 2x + 1
- These maintain all invariant relationships

e. Termination Analysis:
- When unknown3() becomes false, invariants still hold
- We still have w == z + 1, z == x + y, x == y, y >= 0
- These will be used by the outer loop's next iteration

f. Correctness of Post-condition:
- The outer loop's post-condition x == y is ensured because:
  * The inner loops maintain x == y via their invariants
  * When all loops complete, this equality holds

g. Implication of Pre-condition:
- The pre-condition establishes initial values that satisfy all invariants
- w=1, z=0, x=0, y=0 satisfy all placeholder conditions

2. Here's the complete program with filled invariants:

```c
int unknown1();
int unknown2();
int unknown3();


void main() {
  int w = 1, z = 0, x = 0, y = 0;
 
  while (unknown1()) {
   
    
            
            /*@
          loop invariant w == z + 1;
          loop invariant z == x + y;
          loop invariant x == y;
          loop invariant y >= 0;
            */
            while (unknown2()) {
      if (w % 2 == 1)
        x++;
      if (z % 2 == 0)
        y++;
    }
            
   
    
            
    /* >>> LOOP INVARIANT TO FILL <<< 
       >>> PRECONDITION OF THE LOOP : exists retval_47, retval_47 == 0 && retval_47 <= INT_MAX && retval_47 > INT_MIN && retval_45 != 0 && retval_45 <= INT_MAX && retval_45 > INT_MIN && (y == 0) * (x == 0) * (z == 0) * (w == 1) <<< */
    
            /*@
          loop invariant w == z + 1;
          loop invariant z == x + y;
          loop invariant x == y;
          loop invariant y >= 0;
            */
            while (unknown3()) {
      z = x + y;
      w = z + 1;
    }
            
  }
  /*@ assert x == y;*/
}
```

int unknown1();
int unknown2();
int unknown3();


void main() {
  int w = 1, z = 0, x = 0, y = 0;
 
  while (unknown1()) {
   
    
            
            /*@
          loop invariant w == z + 1;
          loop invariant z == x + y;
          loop invariant x == y;
          loop invariant y >= 0;
            */
            while (unknown2()) {
      if (w % 2 == 1)
        x++;
      if (z % 2 == 0)
        y++;
    }
            
   
    
            
            /*@
          loop invariant w == z + 1;
          loop invariant z == x + y;
          loop invariant x == y;
          loop invariant y >= 0;
            */
            while (unknown3()) {
      z = x + y;
      w = z + 1;
    }
            
  }
  /*@ assert x == y;*/
}


int unknown1();
int unknown2();
int unknown3();


void main() {
  int w = 1, z = 0, x = 0, y = 0;
 
  while (unknown1()) {
   
    
            
            /*@
          loop invariant w == z + 1;
          loop invariant z == x + y;
          loop invariant x == y;
          loop invariant y >= 0;
            */
            while (unknown2()) {
      if (w % 2 == 1)
        x++;
      if (z % 2 == 0)
        y++;
    }
            
   
    
            
            /*@
          loop invariant w == z + 1;
          loop invariant z == x + y;
          loop invariant x == y;
          loop invariant y >= 0;
            */
            while (unknown3()) {
      z = x + y;
      w = z + 1;
    }
            
  }
  /*@ assert x == y;*/
}

INNER_FLAG: False
Variable Maps: [{'y': '0', 'x': '0', 'z': '0', 'w': '1'}]
Path conditions: [None]
Pre condition: (y == 0) * (x == 0) * (z == 0) * (w == 1)
Loop Condition: unknown1()
Updated Loop Conditions: ['unknown1()']
Global Unchanged Variables []
Non Inductive Variables ['z', 'w']
[{'y': '0', 'x': '0', 'z': '0', 'w': '1'}]
[None]

            
    /* >>> LOOP INVARIANT TO FILL <<< 
       >>> PRECONDITION OF THE LOOP : (y == 0) * (x == 0) * (z == 0) * (w == 1) <<< */
    
            /*@
            */
            while (unknown1()) {
   
    
            
            /*@
          loop invariant w == z + 1;
          loop invariant z == x + y;
          loop invariant x == y;
          loop invariant y >= 0;
            */
            while (unknown2()) {
      if (w % 2 == 1)
        x++;
      if (z % 2 == 0)
        y++;
    }
            
   
    
            
            /*@
          loop invariant w == z + 1;
          loop invariant z == x + y;
          loop invariant x == y;
          loop invariant y >= 0;
            */
            while (unknown3()) {
      z = x + y;
      w = z + 1;
    }
            
  }
            

            
    /* >>> LOOP INVARIANT TO FILL <<< 
       >>> PRECONDITION OF THE LOOP : (y == 0) * (x == 0) * (z == 0) * (w == 1) <<< */
    
            /*@
          loop invariant  ((y == 0)&&(x == 0)&&(z == 0)&&(w == 1)) || (PLACE_HOLDER_w) ;
          loop invariant  ((y == 0)&&(x == 0)&&(z == 0)&&(w == 1)) || (PLACE_HOLDER_z) ;
          loop invariant  ((y == 0)&&(x == 0)&&(z == 0)&&(w == 1)) || (PLACE_HOLDER_x) ;
          loop invariant  ((y == 0)&&(x == 0)&&(z == 0)&&(w == 1)) || (PLACE_HOLDER_y) ;
            */
            while (unknown1()) {
   
    
            
            /*@
          loop invariant w == z + 1;
          loop invariant z == x + y;
          loop invariant x == y;
          loop invariant y >= 0;
            */
            while (unknown2()) {
      if (w % 2 == 1)
        x++;
      if (z % 2 == 0)
        y++;
    }
            
   
    
            
            /*@
          loop invariant w == z + 1;
          loop invariant z == x + y;
          loop invariant x == y;
          loop invariant y >= 0;
            */
            while (unknown3()) {
      z = x + y;
      w = z + 1;
    }
            
  }
            

int unknown1();
int unknown2();
int unknown3();


void main() {
  int w = 1, z = 0, x = 0, y = 0;
 
  
            
    /* >>> LOOP INVARIANT TO FILL <<< 
       >>> PRECONDITION OF THE LOOP : (y == 0) * (x == 0) * (z == 0) * (w == 1) <<< */
    
            /*@
          loop invariant  ((y == 0)&&(x == 0)&&(z == 0)&&(w == 1)) || (PLACE_HOLDER_w) ;
          loop invariant  ((y == 0)&&(x == 0)&&(z == 0)&&(w == 1)) || (PLACE_HOLDER_z) ;
          loop invariant  ((y == 0)&&(x == 0)&&(z == 0)&&(w == 1)) || (PLACE_HOLDER_x) ;
          loop invariant  ((y == 0)&&(x == 0)&&(z == 0)&&(w == 1)) || (PLACE_HOLDER_y) ;
            */
            while (unknown1()) {
   
    
            
            /*@
          loop invariant w == z + 1;
          loop invariant z == x + y;
          loop invariant x == y;
          loop invariant y >= 0;
            */
            while (unknown2()) {
      if (w % 2 == 1)
        x++;
      if (z % 2 == 0)
        y++;
    }
            
   
    
            
            /*@
          loop invariant w == z + 1;
          loop invariant z == x + y;
          loop invariant x == y;
          loop invariant y >= 0;
            */
            while (unknown3()) {
      z = x + y;
      w = z + 1;
    }
            
  }
            
  /*@ assert x == y;*/
}

Here's the analysis and filled-in program:

1. Analysis:

a. Purpose and Structure of the Loop:
- The outer loop (unknown1()) contains two nested loops (unknown2() and unknown3())
- The objective appears to maintain relationships between w, z, x, y variables
- The post-condition asserts x == y
- Variables: w, z, x, y (all integers)
- The nested loops modify these variables while maintaining certain relationships

b. Discussion of the Loop Invariant:
- The invariant needs to maintain the initial state OR the relationships between variables
- The invariant must be weak enough to be established initially but strong enough to prove x == y

c. Establishment:
- The initial state (w=1, z=0, x=0, y=0) satisfies the first part of each disjunctive invariant

d. Preservation:
- The nested loops maintain w == z+1, z == x+y, x == y, y >= 0
- These properties are preserved through the operations in both inner loops

e. Termination Analysis:
- When unknown1() becomes false, the outer loop terminates
- The invariant still holds as it's checked at each iteration start/end

f. Correctness of Post-condition:
- The invariant x == y is maintained throughout
- The post-condition directly matches this invariant

g. Implication of Pre-condition:
- The pre-condition exactly matches the initial state part of the disjunctive invariant

2. Filled-in program:

```c
int unknown1();
int unknown2();
int unknown3();


void main() {
  int w = 1, z = 0, x = 0, y = 0;
 
  
            
    /* >>> LOOP INVARIANT TO FILL <<< 
       >>> PRECONDITION OF THE LOOP : (y == 0) * (x == 0) * (z == 0) * (w == 1) <<< */
    
            /*@
          loop invariant  ((y == 0)&&(x == 0)&&(z == 0)&&(w == 1)) || (w == z + 1) ;
          loop invariant  ((y == 0)&&(x == 0)&&(z == 0)&&(w == 1)) || (z == x + y) ;
          loop invariant  ((y == 0)&&(x == 0)&&(z == 0)&&(w == 1)) || (x == y) ;
          loop invariant  ((y == 0)&&(x == 0)&&(z == 0)&&(w == 1)) || (y >= 0) ;
            */
            while (unknown1()) {
   
    
            
            /*@
          loop invariant w == z + 1;
          loop invariant z == x + y;
          loop invariant x == y;
          loop invariant y >= 0;
            */
            while (unknown2()) {
      if (w % 2 == 1)
        x++;
      if (z % 2 == 0)
        y++;
    }
            
   
    
            
            /*@
          loop invariant w == z + 1;
          loop invariant z == x + y;
          loop invariant x == y;
          loop invariant y >= 0;
            */
            while (unknown3()) {
      z = x + y;
      w = z + 1;
    }
            
  }
            
  /*@ assert x == y;*/
}
```

int unknown1();
int unknown2();
int unknown3();


void main() {
  int w = 1, z = 0, x = 0, y = 0;
 
  
            
            /*@
          loop invariant  ((y == 0)&&(x == 0)&&(z == 0)&&(w == 1)) || (w == z + 1) ;
          loop invariant  ((y == 0)&&(x == 0)&&(z == 0)&&(w == 1)) || (z == x + y) ;
          loop invariant  ((y == 0)&&(x == 0)&&(z == 0)&&(w == 1)) || (x == y) ;
          loop invariant  ((y == 0)&&(x == 0)&&(z == 0)&&(w == 1)) || (y >= 0) ;
            */
            while (unknown1()) {
   
    
            
            /*@
          loop invariant w == z + 1;
          loop invariant z == x + y;
          loop invariant x == y;
          loop invariant y >= 0;
            */
            while (unknown2()) {
      if (w % 2 == 1)
        x++;
      if (z % 2 == 0)
        y++;
    }
            
   
    
            
            /*@
          loop invariant w == z + 1;
          loop invariant z == x + y;
          loop invariant x == y;
          loop invariant y >= 0;
            */
            while (unknown3()) {
      z = x + y;
      w = z + 1;
    }
            
  }
            
  /*@ assert x == y;*/
}


int unknown1();
int unknown2();
int unknown3();


void main() {
  int w = 1, z = 0, x = 0, y = 0;
 
  
            
            /*@
          loop invariant  ((y == 0)&&(x == 0)&&(z == 0)&&(w == 1)) || (w == z + 1) ;
          loop invariant  ((y == 0)&&(x == 0)&&(z == 0)&&(w == 1)) || (z == x + y) ;
          loop invariant  ((y == 0)&&(x == 0)&&(z == 0)&&(w == 1)) || (x == y) ;
          loop invariant  ((y == 0)&&(x == 0)&&(z == 0)&&(w == 1)) || (y >= 0) ;
            */
            while (unknown1()) {
   
    
            
            /*@
          loop invariant w == z + 1;
          loop invariant z == x + y;
          loop invariant x == y;
          loop invariant y >= 0;
            */
            while (unknown2()) {
      if (w % 2 == 1)
        x++;
      if (z % 2 == 0)
        y++;
    }
            
   
    
            
            /*@
          loop invariant w == z + 1;
          loop invariant z == x + y;
          loop invariant x == y;
          loop invariant y >= 0;
            */
            while (unknown3()) {
      z = x + y;
      w = z + 1;
    }
            
  }
            
  /*@ assert x == y;*/
}

syntax Correct
Validate:
[True, True, True, True, True, False, True, True, True, True, True, True]

Goal Preservation of Invariant (file output/026.c, line 24):
Let x_3 = 2 * y.
Let x_4 = x_3 - 1.
Let x_5 = 2 * x_2.
Assume {
  Type: is_sint32(tmp_0) /\ is_sint32(tmp_1_0) /\ is_sint32(x) /\
      is_sint32(x_1) /\ is_sint32(x_2) /\ is_sint32(y) /\ is_sint32(x_5) /\
      is_sint32(y - 1) /\ is_sint32(x_3 - 2) /\ is_sint32(x_4) /\
      is_sint32(1 + x_5).
  (* Then *)
  Have: tmp_1_0 != 0.
  (* Invariant *)
  Have: 0 <= x_2.
  (* Invariant *)
  Have: 0 < y.
  (* Then *)
  Have: tmp_0 != 0.
  If (x_4 % 2) = 1
  Then { Let x_6 = 1 + x_1. Have: x_6 = y. Have: x_6 = x. }
  Else { Have: (1 + x) = y. }
}
Prove: (2 + x) = y.
Prover Z3 4.8.12 returns Timeout (Qed:41ms) (3s)
Error found in file: output/026.c at line: 24
Error line content: loop invariant z == x + y;

Verify:
[True]


int unknown1();
int unknown2();
int unknown3();


void main() {
  int w = 1, z = 0, x = 0, y = 0;
 
  
            
            /*@
          loop invariant  ((y == 0)&&(x == 0)&&(z == 0)&&(w == 1)) || (w == z + 1) ;
          loop invariant  ((y == 0)&&(x == 0)&&(z == 0)&&(w == 1)) || (z == x + y) ;
          loop invariant  ((y == 0)&&(x == 0)&&(z == 0)&&(w == 1)) || (x == y) ;
          loop invariant  ((y == 0)&&(x == 0)&&(z == 0)&&(w == 1)) || (y >= 0) ;
            */
            while (unknown1()) {
   
    
            
            /*@
          loop invariant w == z + 1;
          loop invariant z == x + y [INVARIANT FAILED] ;
          loop invariant x == y;
          loop invariant y >= 0;
            */
            while (unknown2()) {
      if (w % 2 == 1)
        x++;
      if (z % 2 == 0)
        y++;
    }
            
   
    
            
            /*@
          loop invariant w == z + 1;
          loop invariant z == x + y;
          loop invariant x == y;
          loop invariant y >= 0;
            */
            while (unknown3()) {
      z = x + y;
      w = z + 1;
    }
            
  }
            
  /*@ assert x == y;*/
}

Based on the error message and analysis, here's the corrected version:

1. Error Analysis:
- The error shows "Goal Preservation of Invariant" failing for `z == x + y`
- The proof fails when trying to maintain this equality through the loop iterations
- The issue occurs because the inner loops modify x and y in ways that don't necessarily preserve z = x + y
- We need to weaken this invariant while still maintaining enough information to prove the final assertion x == y

2. Fixed C Code:
```c
int unknown1();
int unknown2();
int unknown3();

void main() {
  int w = 1, z = 0, x = 0, y = 0;
 
            /*@
          loop invariant  ((y == 0)&&(x == 0)&&(z == 0)&&(w == 1)) || (w == z + 1);
          loop invariant  ((y == 0)&&(x == 0)&&(z == 0)&&(w == 1)) || (z >= x + y);
          loop invariant  ((y == 0)&&(x == 0)&&(z == 0)&&(w == 1)) || (x == y);
          loop invariant  ((y == 0)&&(x == 0)&&(z == 0)&&(w == 1)) || (y >= 0);
            */
            while (unknown1()) {
   
            /*@
          loop invariant w == z + 1;
          loop invariant z >= x + y;
          loop invariant x == y;
          loop invariant y >= 0;
            */
            while (unknown2()) {
      if (w % 2 == 1)
        x++;
      if (z % 2 == 0)
        y++;
    }
            
            /*@
          loop invariant w == z + 1;
          loop invariant z == x + y;
          loop invariant x == y;
          loop invariant y >= 0;
            */
            while (unknown3()) {
      z = x + y;
      w = z + 1;
    }
  }
            
  /*@ assert x == y;*/
}
```

Key changes made:
1. Changed `z == x + y` to `z >= x + y` in the outer loop invariant to make it more permissive
2. Kept the exact equality in the inner loops where it can be maintained
3. Maintained all other invariants that were working correctly
4. The weakened invariant is still sufficient to prove the final assertion x == y when combined with the other invariants

The changes preserve the ability to verify the post-condition while fixing the preservation error that was occurring during loop iterations.
after weaken

int unknown1();
int unknown2();
int unknown3();

void main() {
  int w = 1, z = 0, x = 0, y = 0;
 
            /*@
          loop invariant  ((y == 0)&&(x == 0)&&(z == 0)&&(w == 1)) || (w == z + 1);
          loop invariant  ((y == 0)&&(x == 0)&&(z == 0)&&(w == 1)) || (z >= x + y);
          loop invariant  ((y == 0)&&(x == 0)&&(z == 0)&&(w == 1)) || (x == y);
          loop invariant  ((y == 0)&&(x == 0)&&(z == 0)&&(w == 1)) || (y >= 0);
            */
            while (unknown1()) {
   
            /*@
          loop invariant w == z + 1;
          loop invariant z >= x + y;
          loop invariant x == y;
          loop invariant y >= 0;
            */
            while (unknown2()) {
      if (w % 2 == 1)
        x++;
      if (z % 2 == 0)
        y++;
    }
            
            /*@
          loop invariant w == z + 1;
          loop invariant z == x + y;
          loop invariant x == y;
          loop invariant y >= 0;
            */
            while (unknown3()) {
      z = x + y;
      w = z + 1;
    }
  }
            
  /*@ assert x == y;*/
}

syntax Correct
Validate:
[True, True, True, True, True, False, True, True, True, False, True, True]

Goal Preservation of Invariant (file output/026.c, line 19):
Let x_3 = w - 1.
Assume {
  Type: is_sint32(tmp_0) /\ is_sint32(tmp_1_0) /\ is_sint32(w) /\
      is_sint32(x) /\ is_sint32(x_1) /\ is_sint32(x_2) /\ is_sint32(y) /\
      is_sint32(z) /\ is_sint32(x_3) /\ is_sint32(1 + z).
  (* Then *)
  Have: tmp_1_0 != 0.
  (* Invariant *)
  Have: (2 * x_2) <= z.
  (* Invariant *)
  Have: 0 <= x_2.
  (* Invariant *)
  Have: (2 * x_1) < w.
  (* Invariant *)
  Have: 0 <= x_1.
  (* Then *)
  Have: tmp_0 != 0.
  If (w % 2) = 1
  Then { Have: (1 + x_1) = x. }
  Else { Have: x_1 = x. }
  If (x_3 % 2) = 0
  Then { Have: (1 + x_1) = y. }
  Else { Have: y = x_1. }
}
Prove: (x + y) < w.
Prover Z3 4.8.12 returns Timeout (Qed:96ms) (3s)
Error found in file: output/026.c at line: 19
Error line content: loop invariant z >= x + y;

Goal Establishment of Invariant (file output/026.c, line 32):
Let x_2 = 2 * x.
Assume {
  Type: is_sint32(tmp_1_0) /\ is_sint32(w) /\ is_sint32(x) /\
      is_sint32(x_1) /\ is_sint32(z) /\ is_sint32(w - 1) /\ is_sint32(1 + z).
  (* Then *)
  Have: tmp_1_0 != 0.
  (* Invariant *)
  Have: (2 * x_1) <= z.
  (* Invariant *)
  Have: 0 <= x_1.
  (* Invariant *)
  Have: x_2 < w.
  (* Invariant *)
  Have: 0 <= x.
}
Prove: (1 + x_2) = w.
Prover Z3 4.8.12 returns Timeout (Qed:13ms) (3s)
Error found in file: output/026.c at line: 32
Error line content: loop invariant z == x + y;

Verify:
[True]


int unknown1();
int unknown2();
int unknown3();

void main() {
  int w = 1, z = 0, x = 0, y = 0;
 
            /*@
          loop invariant  ((y == 0)&&(x == 0)&&(z == 0)&&(w == 1)) || (w == z + 1);
          loop invariant  ((y == 0)&&(x == 0)&&(z == 0)&&(w == 1)) || (z >= x + y);
          loop invariant  ((y == 0)&&(x == 0)&&(z == 0)&&(w == 1)) || (x == y);
          loop invariant  ((y == 0)&&(x == 0)&&(z == 0)&&(w == 1)) || (y >= 0);
            */
            while (unknown1()) {
   
            /*@
          loop invariant w == z + 1;
          loop invariant z >= x + y [INVARIANT FAILED] ;
          loop invariant x == y;
          loop invariant y >= 0;
            */
            while (unknown2()) {
      if (w % 2 == 1)
        x++;
      if (z % 2 == 0)
        y++;
    }
            
            /*@
          loop invariant w == z + 1;
          loop invariant z == x + y [INVARIANT FAILED] ;
          loop invariant x == y;
          loop invariant y >= 0;
            */
            while (unknown3()) {
      z = x + y;
      w = z + 1;
    }
  }
            
  /*@ assert x == y;*/
}

Based on the error messages and the program structure, here's my analysis and corrected version:

1. Error Analysis:

The main issues are:
- For the first inner loop (unknown2()), the invariant `z >= x + y` fails preservation because the loop can modify x and y in ways that may violate this when w is odd and z is even.
- For the second inner loop (unknown3()), the invariant `z == x + y` fails establishment because the values from the previous loop may not satisfy this exact equality.

The key observations:
- The post-condition only requires x == y, so we don't need strong invariants about z's relationship to x and y
- The modulo operations suggest we should use weaker constraints than exact equalities
- The outer loop's invariants are actually sufficient to prove the post-condition

2. Fixed C Code:

```c
int unknown1();
int unknown2();
int unknown3();

void main() {
  int w = 1, z = 0, x = 0, y = 0;
 
            /*@
          loop invariant  ((y == 0)&&(x == 0)&&(z == 0)&&(w == 1)) || (w == z + 1);
          loop invariant  ((y == 0)&&(x == 0)&&(z == 0)&&(w == 1)) || (z >= 0);
          loop invariant  ((y == 0)&&(x == 0)&&(z == 0)&&(w == 1)) || (x == y);
          loop invariant  ((y == 0)&&(x == 0)&&(z == 0)&&(w == 1)) || (y >= 0);
            */
            while (unknown1()) {
   
            /*@
          loop invariant w == z + 1;
          loop invariant z >= 0;
          loop invariant x == y;
          loop invariant y >= 0;
            */
            while (unknown2()) {
      if (w % 2 == 1)
        x++;
      if (z % 2 == 0)
        y++;
    }
            
            /*@
          loop invariant w == z + 1;
          loop invariant z >= 0;
          loop invariant x == y;
          loop invariant y >= 0;
            */
            while (unknown3()) {
      z = x + y;
      w = z + 1;
    }
  }
            
  /*@ assert x == y;*/
}
```

Key changes made:
1. Removed the `z >= x + y` and `z == x + y` invariants since they weren't necessary for proving x == y
2. Kept the `x == y` invariant which is crucial for the post-condition
3. Maintained non-negativity invariants for all variables
4. Preserved the `w == z + 1` relationship which holds throughout
5. Simplified the invariants to only what's needed to prove the post-condition

The weakened invariants are still sufficient to prove the post-condition while being easier for Frama-C to verify.
after weaken

int unknown1();
int unknown2();
int unknown3();

void main() {
  int w = 1, z = 0, x = 0, y = 0;
 
            /*@
          loop invariant  ((y == 0)&&(x == 0)&&(z == 0)&&(w == 1)) || (w == z + 1);
          loop invariant  ((y == 0)&&(x == 0)&&(z == 0)&&(w == 1)) || (z >= 0);
          loop invariant  ((y == 0)&&(x == 0)&&(z == 0)&&(w == 1)) || (x == y);
          loop invariant  ((y == 0)&&(x == 0)&&(z == 0)&&(w == 1)) || (y >= 0);
            */
            while (unknown1()) {
   
            /*@
          loop invariant w == z + 1;
          loop invariant z >= 0;
          loop invariant x == y;
          loop invariant y >= 0;
            */
            while (unknown2()) {
      if (w % 2 == 1)
        x++;
      if (z % 2 == 0)
        y++;
    }
            
            /*@
          loop invariant w == z + 1;
          loop invariant z >= 0;
          loop invariant x == y;
          loop invariant y >= 0;
            */
            while (unknown3()) {
      z = x + y;
      w = z + 1;
    }
  }
            
  /*@ assert x == y;*/
}

syntax Correct
Validate:
[True, True, True, True, True, True, True, True, True, True, True, True]

Verify:
[True]

CORRECT INVARIANT
syntax Correct
Validate:
[True, True, True, True, True, True, True, True, True, True, True, True]

Verify:
[True]

syntax Correct
Validate:
[True, True, True, True, True, True, True, True, True, True, True, True]

Verify:
[True]

已移动文件: 026.c -> finish1
-----------------------------------------

文件 026.c 处理完成. 总耗时: 725.3236665725708
-----------------------------------------
finshed_files:['030.c', '028.c', '02.c', '035.c', '026.c']
