file:034.c
Successfully generated loop/034.json
INNER_FLAG: False
Variable Maps: [{'m': '10', 'i': '0', 'y': '0', 'x': '0', 'n': 'n@pre'}]
Path conditions: [None]
Pre condition: (m == 10) * (i == 0) * (y == 0) * (x == 0) * (n == n@pre)
Loop Condition: i < n
Updated Loop Conditions: ['0 < n@pre']
Global Unchanged Variables ['m', 'n']
Non Inductive Variables []
[{'m': '10', 'i': '0', 'y': '0', 'x': '0', 'n': 'n@pre'}]
[None]

            
    /* >>> LOOP INVARIANT TO FILL <<< 
       >>> PRECONDITION OF THE LOOP : (m == 10) * (i == 0) * (y == 0) * (x == 0) * (n == \at(n, Pre)) <<< */
    
            /*@
          loop invariant m == 10;
          loop invariant n == \at(n, Pre);
            */
            while(i < n) {
    i++;
    x++;
    if(i%2 == 0) y++;
  }
            

            
    /* >>> LOOP INVARIANT TO FILL <<< 
       >>> PRECONDITION OF THE LOOP : (m == 10) * (i == 0) * (y == 0) * (x == 0) * (n == \at(n, Pre)) <<< */
    
            /*@
          loop invariant (0 < \at(n, Pre)) ==> (((m == 10)&&(i == 0)&&(y == 0)&&(x == 0)&&(n == \at(n, Pre))) || (PLACE_HOLDER_x));
          loop invariant (0 < \at(n, Pre)) ==> (((m == 10)&&(i == 0)&&(y == 0)&&(x == 0)&&(n == \at(n, Pre))) || (PLACE_HOLDER_y));
          loop invariant (0 < \at(n, Pre)) ==> (((m == 10)&&(i == 0)&&(y == 0)&&(x == 0)&&(n == \at(n, Pre))) || (PLACE_HOLDER_i));
          loop invariant (!(0 < \at(n, Pre))) ==> ((m == 10)&&(i == 0)&&(y == 0)&&(x == 0)&&(n == \at(n, Pre)));
          loop invariant m == 10;
          loop invariant n == \at(n, Pre);
            */
            while(i < n) {
    i++;
    x++;
    if(i%2 == 0) y++;
  }
            


void foo(int n)
{
  int x=0;
  int y=0;
  int i=0;
  int m=10;
  
 
  
            
    /* >>> LOOP INVARIANT TO FILL <<< 
       >>> PRECONDITION OF THE LOOP : (m == 10) * (i == 0) * (y == 0) * (x == 0) * (n == \at(n, Pre)) <<< */
    
            /*@
          loop invariant (0 < \at(n, Pre)) ==> (((m == 10)&&(i == 0)&&(y == 0)&&(x == 0)&&(n == \at(n, Pre))) || (PLACE_HOLDER_x));
          loop invariant (0 < \at(n, Pre)) ==> (((m == 10)&&(i == 0)&&(y == 0)&&(x == 0)&&(n == \at(n, Pre))) || (PLACE_HOLDER_y));
          loop invariant (0 < \at(n, Pre)) ==> (((m == 10)&&(i == 0)&&(y == 0)&&(x == 0)&&(n == \at(n, Pre))) || (PLACE_HOLDER_i));
          loop invariant (!(0 < \at(n, Pre))) ==> ((m == 10)&&(i == 0)&&(y == 0)&&(x == 0)&&(n == \at(n, Pre)));
          loop invariant m == 10;
          loop invariant n == \at(n, Pre);
            */
            while(i < n) {
    i++;
    x++;
    if(i%2 == 0) y++;
  }
            
  
  /*@ assert (i == m) ==> (x == 2* y);*/
}


Let me analyze this loop and fill in the loop invariants.

Analysis:

a. Purpose and Structure of the Loop:
- Objective: Count iterations (x), count even iterations (y), and track total iterations (i)
- Structure: 
  - Loop condition: i < n
  - Operations: 
    - Increment i and x each iteration
    - Increment y when i is even
  - Relevant variables: i, x, y, n, m

b. Loop Invariant Discussion:
The invariants need to track:
1. Relationship between x and i (x == i)
2. Relationship between y and i (y == i/2)
3. Constant values (m == 10, n unchanged)
4. Initial state when n ≤ 0

c. Establishment:
Before loop starts (i=0,x=0,y=0), all invariants hold as they match pre-condition.

d. Preservation:
Each iteration:
- x increments with i (maintaining x == i)
- y increments only on even i (maintaining y == i/2)
- m and n remain unchanged

e. Termination:
When i ≥ n:
- All invariants still hold
- Final values:
  - i = min(n, m)
  - x = i
  - y = floor(i/2)

f. Post-condition Correctness:
When i == m (10):
- x == 10
- y == 5
- Thus x == 2*y holds

g. Pre-condition Implication:
Pre-condition matches initial state where all invariants hold.

Filled-in program:

```c
void foo(int n)
{
  int x=0;
  int y=0;
  int i=0;
  int m=10;
  
 
  
            
    /* >>> LOOP INVARIANT TO FILL <<< 
       >>> PRECONDITION OF THE LOOP : (m == 10) * (i == 0) * (y == 0) * (x == 0) * (n == \at(n, Pre)) <<< */
    
            /*@
          loop invariant (0 < \at(n, Pre)) ==> (((m == 10)&&(i == 0)&&(y == 0)&&(x == 0)&&(n == \at(n, Pre))) || (x == i));
          loop invariant (0 < \at(n, Pre)) ==> (((m == 10)&&(i == 0)&&(y == 0)&&(x == 0)&&(n == \at(n, Pre))) || (y == i/2));
          loop invariant (0 < \at(n, Pre)) ==> (((m == 10)&&(i == 0)&&(y == 0)&&(x == 0)&&(n == \at(n, Pre))) || (i <= n));
          loop invariant (!(0 < \at(n, Pre))) ==> ((m == 10)&&(i == 0)&&(y == 0)&&(x == 0)&&(n == \at(n, Pre)));
          loop invariant m == 10;
          loop invariant n == \at(n, Pre);
            */
            while(i < n) {
    i++;
    x++;
    if(i%2 == 0) y++;
  }
            
  
  /*@ assert (i == m) ==> (x == 2* y);*/
}
```

The filled placeholders are:
- PLACE_HOLDER_x: `x == i`
- PLACE_HOLDER_y: `y == i/2`
- PLACE_HOLDER_i: `i <= n`

These invariants capture:
1. x always equals i
2. y equals half of i (integer division)
3. i never exceeds n
4. Initial conditions preserved when n ≤ 0
5. Constants remain unchanged

void foo(int n)
{
  int x=0;
  int y=0;
  int i=0;
  int m=10;
  
 
  
            
            /*@
          loop invariant (0 < \at(n, Pre)) ==> (((m == 10)&&(i == 0)&&(y == 0)&&(x == 0)&&(n == \at(n, Pre))) || (x == i));
          loop invariant (0 < \at(n, Pre)) ==> (((m == 10)&&(i == 0)&&(y == 0)&&(x == 0)&&(n == \at(n, Pre))) || (y == i/2));
          loop invariant (0 < \at(n, Pre)) ==> (((m == 10)&&(i == 0)&&(y == 0)&&(x == 0)&&(n == \at(n, Pre))) || (i <= n));
          loop invariant (!(0 < \at(n, Pre))) ==> ((m == 10)&&(i == 0)&&(y == 0)&&(x == 0)&&(n == \at(n, Pre)));
          loop invariant m == 10;
          loop invariant n == \at(n, Pre);
            */
            while(i < n) {
    i++;
    x++;
    if(i%2 == 0) y++;
  }
            
  
  /*@ assert (i == m) ==> (x == 2* y);*/
}


void foo(int n)
{
  int x=0;
  int y=0;
  int i=0;
  int m=10;
  
 
  
            
            /*@
          loop invariant (0 < \at(n, Pre)) ==> (((m == 10)&&(i == 0)&&(y == 0)&&(x == 0)&&(n == \at(n, Pre))) || (x == i));
          loop invariant (0 < \at(n, Pre)) ==> (((m == 10)&&(i == 0)&&(y == 0)&&(x == 0)&&(n == \at(n, Pre))) || (y == i/2));
          loop invariant (0 < \at(n, Pre)) ==> (((m == 10)&&(i == 0)&&(y == 0)&&(x == 0)&&(n == \at(n, Pre))) || (i <= n));
          loop invariant (!(0 < \at(n, Pre))) ==> ((m == 10)&&(i == 0)&&(y == 0)&&(x == 0)&&(n == \at(n, Pre)));
          loop invariant m == 10;
          loop invariant n == \at(n, Pre);
            */
            while(i < n) {
    i++;
    x++;
    if(i%2 == 0) y++;
  }
            
  
  /*@ assert (i == m) ==> (x == 2* y);*/
}

syntax Correct
Validate:
[True, False, True, True, True, True]

Goal Preservation of Invariant (file output/034.c, line 14):
Let x_1 = 1 + i.
Assume {
  Type: is_sint32(i) /\ is_sint32(n) /\ is_sint32(x) /\ is_sint32(y) /\
      is_sint32(y_1) /\ is_sint32(y_2) /\ is_sint32(x_1) /\ is_sint32(1 + x).
  (* Goal *)
  When: 0 < n.
  (* Invariant *)
  Have: (x = i) \/ ((i = 0) /\ (x = 0) /\ (y_2 = 0)).
  (* Invariant *)
  Have: ((i / 2) = y_2) \/ ((i = 0) /\ (x = 0) /\ (y_2 = 0)).
  (* Invariant *)
  Have: (i <= n) \/ ((i = 0) /\ (x = 0) /\ (y_2 = 0)).
  (* Then *)
  Have: i < n.
  If (x_1 % 2) = 0
  Then { Have: y_2 = y_1. Have: (1 + y_1) = y. }
  Else { Have: y_2 = y. }
  (* Invariant *)
  Have: (x = i) \/ ((i = (-1)) /\ (x = (-1)) /\ (y = 0)).
}
Prove: ((x_1 / 2) = y) \/ ((i = (-1)) /\ (x = (-1)) /\ (y = 0)).
Prover Z3 4.8.12 returns Timeout (Qed:24ms) (3s)
Error found in file: output/034.c at line: 14
Error line content: loop invariant (0 < \at(n, Pre)) ==> (((m == 10)&&(i == 0)&&(y == 0)&&(x == 0)&&(n == \at(n, Pre))) || (y == i/2));

Verify:
[True]


void foo(int n)
{
  int x=0;
  int y=0;
  int i=0;
  int m=10;
  
 
  
            
            /*@
          loop invariant (0 < \at(n, Pre)) ==> (((m == 10)&&(i == 0)&&(y == 0)&&(x == 0)&&(n == \at(n, Pre))) || (x == i));
          loop invariant (0 < \at(n, Pre)) ==> (((m == 10)&&(i == 0)&&(y == 0)&&(x == 0)&&(n == \at(n, Pre))) || (y == i/2)) [INVARIANT FAILED] ;
          loop invariant (0 < \at(n, Pre)) ==> (((m == 10)&&(i == 0)&&(y == 0)&&(x == 0)&&(n == \at(n, Pre))) || (i <= n));
          loop invariant (!(0 < \at(n, Pre))) ==> ((m == 10)&&(i == 0)&&(y == 0)&&(x == 0)&&(n == \at(n, Pre)));
          loop invariant m == 10;
          loop invariant n == \at(n, Pre);
            */
            while(i < n) {
    i++;
    x++;
    if(i%2 == 0) y++;
  }
            
  
  /*@ assert (i == m) ==> (x == 2* y);*/
}

### Error Analysis:

The error message indicates a "Goal Preservation of Invariant" failure for the loop invariant involving `y == i/2`. The prover cannot maintain this invariant through iterations, particularly when `i` is odd. The issue stems from the fact that `y` only increments when `i` is even (via `i%2 == 0`), but the invariant `y == i/2` assumes a relationship that doesn't hold for odd `i`.

Key observations:
1. When `i` is odd, `y` doesn't increment, so `y` remains at `(i-1)/2`
2. The invariant needs to account for both even and odd cases
3. The current invariant is too strong - it requires exact equality when a weaker condition would suffice

### Fixed C Code:

```c
void foo(int n)
{
  int x=0;
  int y=0;
  int i=0;
  int m=10;
  
            /*@
          loop invariant (0 < \at(n, Pre)) ==> (((m == 10)&&(i == 0)&&(y == 0)&&(x == 0)&&(n == \at(n, Pre))) || (x == i));
          loop invariant (0 < \at(n, Pre)) ==> (((m == 10)&&(i == 0)&&(y == 0)&&(x == 0)&&(n == \at(n, Pre))) || (y == i/2 || y == (i-1)/2));
          loop invariant (0 < \at(n, Pre)) ==> (((m == 10)&&(i == 0)&&(y == 0)&&(x == 0)&&(n == \at(n, Pre))) || (i <= n));
          loop invariant (!(0 < \at(n, Pre))) ==> ((m == 10)&&(i == 0)&&(y == 0)&&(x == 0)&&(n == \at(n, Pre)));
          loop invariant m == 10;
          loop invariant n == \at(n, Pre);
            */
            while(i < n) {
    i++;
    x++;
    if(i%2 == 0) y++;
  }
            
  
  /*@ assert (i == m) ==> (x == 2* y);*/
}
```

The key change is weakening the second invariant from `y == i/2` to `y == i/2 || y == (i-1)/2`. This accounts for both cases:
- When `i` is even: `y == i/2` (since we increment)
- When `i` is odd: `y == (i-1)/2` (since we don't increment)

This weaker invariant is still sufficient to prove the post-condition `(i == m) ==> (x == 2*y)` because:
1. When the loop terminates with `i == m == 10` (even number), we'll have `y == i/2 == 5`
2. And `x == i == 10 == 2*5 == 2*y`
3. The invariant holds throughout all iterations while being less restrictive
after weaken

void foo(int n)
{
  int x=0;
  int y=0;
  int i=0;
  int m=10;
  
            /*@
          loop invariant (0 < \at(n, Pre)) ==> (((m == 10)&&(i == 0)&&(y == 0)&&(x == 0)&&(n == \at(n, Pre))) || (x == i));
          loop invariant (0 < \at(n, Pre)) ==> (((m == 10)&&(i == 0)&&(y == 0)&&(x == 0)&&(n == \at(n, Pre))) || (y == i/2 || y == (i-1)/2));
          loop invariant (0 < \at(n, Pre)) ==> (((m == 10)&&(i == 0)&&(y == 0)&&(x == 0)&&(n == \at(n, Pre))) || (i <= n));
          loop invariant (!(0 < \at(n, Pre))) ==> ((m == 10)&&(i == 0)&&(y == 0)&&(x == 0)&&(n == \at(n, Pre)));
          loop invariant m == 10;
          loop invariant n == \at(n, Pre);
            */
            while(i < n) {
    i++;
    x++;
    if(i%2 == 0) y++;
  }
            
  
  /*@ assert (i == m) ==> (x == 2* y);*/
}

syntax Correct
Validate:
[True, False, True, True, True, True]

Goal Preservation of Invariant (file output/034.c, line 11):
Let x_1 = 1 + i.
Let x_2 = i / 2.
Assume {
  Type: is_sint32(i) /\ is_sint32(n) /\ is_sint32(x) /\ is_sint32(y) /\
      is_sint32(y_1) /\ is_sint32(y_2) /\ is_sint32(x_1) /\ is_sint32(1 + x).
  (* Goal *)
  When: 0 < n.
  (* Invariant *)
  Have: (x = i) \/ ((i = 0) /\ (x = 0) /\ (y_2 = 0)).
  (* Invariant *)
  Have: (x_2 = y_2) \/ (((i - 1) / 2) = y_2) \/
      ((i = 0) /\ (x = 0) /\ (y_2 = 0)).
  (* Invariant *)
  Have: (i <= n) \/ ((i = 0) /\ (x = 0) /\ (y_2 = 0)).
  (* Then *)
  Have: i < n.
  If (x_1 % 2) = 0
  Then { Have: y_2 = y_1. Have: (1 + y_1) = y. }
  Else { Have: y_2 = y. }
  (* Invariant *)
  Have: (x = i) \/ ((i = (-1)) /\ (x = (-1)) /\ (y = 0)).
}
Prove: (x_2 = y) \/ ((x_1 / 2) = y) \/ ((i = (-1)) /\ (x = (-1)) /\ (y = 0)).
Prover Z3 4.8.12 returns Timeout (Qed:25ms) (3s)
Error found in file: output/034.c at line: 11
Error line content: loop invariant (0 < \at(n, Pre)) ==> (((m == 10)&&(i == 0)&&(y == 0)&&(x == 0)&&(n == \at(n, Pre))) || (y == i/2 || y == (i-1)/2));

Verify:
[False]

Goal Assertion (file output/034.c, line 24):
Assume {
  Type: is_sint32(n) /\ is_sint32(y).
  (* Invariant *)
  Have: (y = 4) \/ (y = 5).
  (* Invariant *)
  Have: 10 <= n.
  (* Invariant *)
  Have: 0 < n.
  (* Else *)
  Have: n <= 10.
}
Prove: y = 5.
Prover Z3 4.8.12 returns Timeout (Qed:6ms) (3s)
Error found in file: output/034.c at line: 24
Error line content: /*@ assert (i == m) ==> (x == 2* y);*/


void foo(int n)
{
  int x=0;
  int y=0;
  int i=0;
  int m=10;
  
            /*@
          loop invariant (0 < \at(n, Pre)) ==> (((m == 10)&&(i == 0)&&(y == 0)&&(x == 0)&&(n == \at(n, Pre))) || (x == i));
          loop invariant (0 < \at(n, Pre)) ==> (((m == 10)&&(i == 0)&&(y == 0)&&(x == 0)&&(n == \at(n, Pre))) || (y == i/2 || y == (i-1)/2)) [INVARIANT FAILED] ;
          loop invariant (0 < \at(n, Pre)) ==> (((m == 10)&&(i == 0)&&(y == 0)&&(x == 0)&&(n == \at(n, Pre))) || (i <= n));
          loop invariant (!(0 < \at(n, Pre))) ==> ((m == 10)&&(i == 0)&&(y == 0)&&(x == 0)&&(n == \at(n, Pre)));
          loop invariant m == 10;
          loop invariant n == \at(n, Pre);
            */
            while(i < n) {
    i++;
    x++;
    if(i%2 == 0) y++;
  }
            
  
  /*@ assert (i == m) ==> (x == 2* y);*/
}

### Error Analysis

The errors indicate several problems with the current loop invariants:

1. **Preservation Failure**: The invariant `y == i/2 || y == (i-1)/2` fails to be preserved during loop iterations. This is because the relationship between `y` and `i` is more complex due to the conditional increment of `y` (only when `i` is even).

2. **Assertion Failure**: The post-condition `(i == m) ==> (x == 2*y)` cannot be verified because the invariants don't properly capture the relationship between `x` and `y`. When `i == m == 10`, we should have `x == 10` and `y == 5` (since `y` counts even numbers up to 10).

3. **Overly Complex Invariant**: The current invariant tries to track both `i/2` and `(i-1)/2`, which makes preservation difficult to prove.

The key observations are:
- `x` always equals `i` since both are incremented by 1 each iteration
- `y` counts how many times `i` is even, which is approximately `i/2`
- The exact relationship is `y == i/2` when the loop terminates

### Fixed C Code

```c
void foo(int n)
{
  int x=0;
  int y=0;
  int i=0;
  int m=10;
  
            /*@
          loop invariant (0 < \at(n, Pre)) ==> (((m == 10)&&(i == 0)&&(y == 0)&&(x == 0)&&(n == \at(n, Pre))) || (x == i));
          loop invariant (0 < \at(n, Pre)) ==> (((m == 10)&&(i == 0)&&(y == 0)&&(x == 0)&&(n == \at(n, Pre))) || (2*y <= i && i <= 2*y + 1));
          loop invariant (0 < \at(n, Pre)) ==> (((m == 10)&&(i == 0)&&(y == 0)&&(x == 0)&&(n == \at(n, Pre))) || (i <= n));
          loop invariant (!(0 < \at(n, Pre))) ==> ((m == 10)&&(i == 0)&&(y == 0)&&(x == 0)&&(n == \at(n, Pre)));
          loop invariant m == 10;
          loop invariant n == \at(n, Pre);
            */
            while(i < n) {
    i++;
    x++;
    if(i%2 == 0) y++;
  }
            
  
  /*@ assert (i == m) ==> (x == 2* y);*/
}
```

### Key Changes:

1. Simplified the `y` invariant to use bounds instead of exact values: `2*y <= i && i <= 2*y + 1`. This captures that:
   - `y` increments every 2 iterations
   - At any point, `i` is either at `2*y` (just before incrementing) or `2*y + 1`

2. Kept the simple `x == i` invariant since it's straightforward and preserved

3. Maintained all other invariants that were working correctly

This new invariant:
- Is easier to preserve since it uses inequalities instead of exact modulo relationships
- Still strong enough to prove the post-condition when `i == m == 10`
- Handles both even and odd termination cases correctly
after regen

void foo(int n)
{
  int x=0;
  int y=0;
  int i=0;
  int m=10;
  
            /*@
          loop invariant (0 < \at(n, Pre)) ==> (((m == 10)&&(i == 0)&&(y == 0)&&(x == 0)&&(n == \at(n, Pre))) || (x == i));
          loop invariant (0 < \at(n, Pre)) ==> (((m == 10)&&(i == 0)&&(y == 0)&&(x == 0)&&(n == \at(n, Pre))) || (2*y <= i && i <= 2*y + 1));
          loop invariant (0 < \at(n, Pre)) ==> (((m == 10)&&(i == 0)&&(y == 0)&&(x == 0)&&(n == \at(n, Pre))) || (i <= n));
          loop invariant (!(0 < \at(n, Pre))) ==> ((m == 10)&&(i == 0)&&(y == 0)&&(x == 0)&&(n == \at(n, Pre)));
          loop invariant m == 10;
          loop invariant n == \at(n, Pre);
            */
            while(i < n) {
    i++;
    x++;
    if(i%2 == 0) y++;
  }
            
  
  /*@ assert (i == m) ==> (x == 2* y);*/
}

syntax Correct
Validate:
[True, True, True, True, True, True]

Verify:
[True]

CORRECT INVARIANT
syntax Correct
Validate:
[True, True, True, True, True, True]

Verify:
[True]

syntax Correct
Validate:
[True, True, True, True, True, True]

Verify:
[True]

已移动文件: 034.c -> finish1
-----------------------------------------

文件 034.c 处理完成. 总耗时: 149.34282636642456
-----------------------------------------
finshed_files:['033.c', '010.c', '027.c', '012.c', '041.c', '05.c', '014.c', '022.c', '045.c', '034.c']
