file:035.c
Successfully generated loop/035.json
INNER_FLAG: False
Variable Maps: [{'x': '0', 'n': 'n@pre'}]
Path conditions: ['n@pre > 0']
Pre condition: n@pre > 0 && (x == 0) * (n == n@pre)
Loop Condition: x<n
Updated Loop Conditions: ['0<n@pre']
Global Unchanged Variables ['n']
Non Inductive Variables []
[{'x': '0', 'n': 'n@pre'}]
['n@pre > 0']

            
    /* >>> LOOP INVARIANT TO FILL <<< 
       >>> PRECONDITION OF THE LOOP : \at(n, Pre) > 0 && (x == 0) * (n == \at(n, Pre)) <<< */
    
            /*@
          loop invariant (\at(n, Pre) > 0) ==> (n == \at(n, Pre));
            */
            while(x<n) {
    x++;
  }
            

            
    /* >>> LOOP INVARIANT TO FILL <<< 
       >>> PRECONDITION OF THE LOOP : \at(n, Pre) > 0 && (x == 0) * (n == \at(n, Pre)) <<< */
    
            /*@
          loop invariant  (\at(n, Pre) > 0) ==> ((0<\at(n, Pre)) ==> (((x == 0)&&(n == \at(n, Pre))) || (PLACE_HOLDER_x))) ;
          loop invariant (\at(n, Pre) > 0) ==> ((!(0<\at(n, Pre))) ==> ((x == 0)&&(n == \at(n, Pre))));
          loop invariant (\at(n, Pre) > 0) ==> (n == \at(n, Pre));
            */
            while(x<n) {
    x++;
  }
            

/*@
requires n > 0;
*/
void foo(int n) {
  int x= 0;
  
  
            
    /* >>> LOOP INVARIANT TO FILL <<< 
       >>> PRECONDITION OF THE LOOP : \at(n, Pre) > 0 && (x == 0) * (n == \at(n, Pre)) <<< */
    
            /*@
          loop invariant  (\at(n, Pre) > 0) ==> ((0<\at(n, Pre)) ==> (((x == 0)&&(n == \at(n, Pre))) || (PLACE_HOLDER_x))) ;
          loop invariant (\at(n, Pre) > 0) ==> ((!(0<\at(n, Pre))) ==> ((x == 0)&&(n == \at(n, Pre))));
          loop invariant (\at(n, Pre) > 0) ==> (n == \at(n, Pre));
            */
            while(x<n) {
    x++;
  }
             
  /*@ assert (n > 0) ==> (x == n); */
 
}

### Analysis

#### a. Purpose and Structure of the Loop
- **Objective**: The loop increments `x` from `0` until it reaches `n`. The intended outcome is that `x` equals `n` when the loop terminates.
- **Structure**: 
  - **Loop Condition**: `x < n`
  - **Loop Body**: `x++` (increment `x` by 1)
  - **Relevant Variables**: `x` (counter), `n` (upper bound, unchanged in the loop)

#### b. Discussion of the Loop Invariant
The proposed loop invariant captures:
1. If `n > 0` (from the pre-condition), then:
   - If `0 < n` (i.e., the loop can execute), either:
     - `x == 0 && n == \at(n, Pre)` (initial state), or
     - `x` has been incremented (`PLACE_HOLDER_x`).
   - If `0 >= n` (loop cannot execute), the initial state holds (`x == 0 && n == \at(n, Pre)`).
2. `n` remains unchanged (`n == \at(n, Pre)`).

The invariant is valid because:
- It covers the initial state and the state during/after loop execution.
- It ensures `n` is unchanged, which is critical for the post-condition.

#### c. Establishment
Before the loop:
- `x == 0` and `n == \at(n, Pre)` (from the pre-condition).
- The first invariant holds because `(x == 0 && n == \at(n, Pre))` is true.
- The second invariant holds vacuously (since `n > 0` from the pre-condition, `!(0 < n)` is false).
- The third invariant holds because `n == \at(n, Pre)`.

#### d. Preservation
At the start of an iteration:
- If `x < n`, the loop body executes (`x++`).
- The first invariant:
  - If `x == 0`, after `x++`, `x == 1`, so `PLACE_HOLDER_x` must be `x >= 1`.
  - If `x >= 1`, after `x++`, `x` increases further.
- The third invariant (`n == \at(n, Pre)`) remains true since `n` is unchanged.

#### e. Termination Analysis
When the loop terminates:
- `x >= n` (negation of `x < n`).
- From the invariant:
  - `n == \at(n, Pre)` (unchanged).
  - Since `x` was incremented from `0` to `n`, `x == n`.

#### f. Correctness of the Post-condition
Post-condition: `(n > 0) ==> (x == n)`.
- From the invariant:
  - `n == \at(n, Pre)` and `n > 0`.
  - At termination, `x >= n` and `x` was incremented exactly `n` times (from `0`), so `x == n`.

#### g. Implication of the Pre-condition
Pre-condition: `\at(n, Pre) > 0 && (x == 0) * (n == \at(n, Pre))`.
- This implies `n > 0`, `x == 0`, and `n == \at(n, Pre)`.
- Directly establishes the initial state required by the invariants.

### Filled-in Program
```c
/*@
requires n > 0;
*/
void foo(int n) {
  int x= 0;
  
  
            
    /* >>> LOOP INVARIANT TO FILL <<< 
       >>> PRECONDITION OF THE LOOP : \at(n, Pre) > 0 && (x == 0) * (n == \at(n, Pre)) <<< */
    
            /*@
          loop invariant  (\at(n, Pre) > 0) ==> ((0<\at(n, Pre)) ==> (((x == 0)&&(n == \at(n, Pre))) || (x >= 1))) ;
          loop invariant (\at(n, Pre) > 0) ==> ((!(0<\at(n, Pre))) ==> ((x == 0)&&(n == \at(n, Pre))));
          loop invariant (\at(n, Pre) > 0) ==> (n == \at(n, Pre));
            */
            while(x<n) {
    x++;
  }
             
  /*@ assert (n > 0) ==> (x == n); */
 
}
```

/*@
requires n > 0;
*/
void foo(int n) {
  int x= 0;
  
  
            
            /*@
          loop invariant  (\at(n, Pre) > 0) ==> ((0<\at(n, Pre)) ==> (((x == 0)&&(n == \at(n, Pre))) || (x >= 1))) ;
          loop invariant (\at(n, Pre) > 0) ==> ((!(0<\at(n, Pre))) ==> ((x == 0)&&(n == \at(n, Pre))));
          loop invariant (\at(n, Pre) > 0) ==> (n == \at(n, Pre));
            */
            while(x<n) {
    x++;
  }
             
  /*@ assert (n > 0) ==> (x == n); */
 
}


/*@
requires n > 0;
*/
void foo(int n) {
  int x= 0;
  
  
            
            /*@
          loop invariant  (\at(n, Pre) > 0) ==> ((0<\at(n, Pre)) ==> (((x == 0)&&(n == \at(n, Pre))) || (x >= 1))) ;
          loop invariant (\at(n, Pre) > 0) ==> ((!(0<\at(n, Pre))) ==> ((x == 0)&&(n == \at(n, Pre))));
          loop invariant (\at(n, Pre) > 0) ==> (n == \at(n, Pre));
            */
            while(x<n) {
    x++;
  }
             
  /*@ assert (n > 0) ==> (x == n); */
 
}

syntax Correct
Validate:
[True, True, True]

Verify:
[False]

Goal Assertion (file output/035.c, line 19):
Assume {
  Type: is_sint32(n) /\ is_sint32(x).
  (* Goal *)
  When: 0 < n.
  (* Invariant *)
  Have: (x = 0) \/ (0 < x).
  (* Else *)
  Have: n <= x.
}
Prove: x = n.
Prover Z3 4.8.12 returns Timeout (Qed:4ms) (3s)
Error found in file: output/035.c at line: 19
Error line content: /*@ assert (n > 0) ==> (x == n); */

### Error Analysis

The error message indicates that the post-condition `(n > 0) ==> (x == n)` cannot be proven with the current loop invariants. The prover times out trying to establish this assertion. 

Key observations from the error context:
1. The invariant `(x = 0) \/ (0 < x)` is too weak - it doesn't track the relationship between `x` and `n`
2. The invariant `n <= x` only holds at loop exit (when the loop condition is false)
3. We need to strengthen the invariant to show that `x` increments up to `n`

The main issue is that the current invariant doesn't properly track the progress of `x` toward `n`. We need to add an invariant that:
- Maintains `x <= n` during execution
- Shows that `x` increases by exactly 1 each iteration
- When combined with the loop exit condition (`x >= n`), proves `x == n`

### Fixed C Code

```c
/*@
requires n > 0;
*/
void foo(int n) {
  int x= 0;
  
  /*@
    loop invariant 0 <= x <= n;
    loop invariant x <= n;
    loop invariant \at(n, Pre) == n;
    loop assigns x;
   */
  while(x<n) {
    x++;
  }
  
  /*@ assert (n > 0) ==> (x == n); */
}
```

The key improvements in the fixed version:
1. Simplified the invariants to focus on the essential relationships
2. Added `0 <= x <= n` to bound `x`'s progress
3. Maintained `x <= n` as a separate invariant for clarity
4. Kept the invariant about `n` not changing
5. Added `loop assigns` to specify what variables are modified
6. Removed redundant or overly complex invariants that weren't helping the proof

These changes provide the prover with enough information to:
- Track `x`'s value progression
- Know when `x` reaches `n`
- Establish the post-condition when the loop terminates
after strength

/*@
requires n > 0;
*/
void foo(int n) {
  int x= 0;
  
  /*@
    loop invariant 0 <= x <= n;
    loop invariant x <= n;
    loop invariant \at(n, Pre) == n;
    loop assigns x;
   */
  while(x<n) {
    x++;
  }
  
  /*@ assert (n > 0) ==> (x == n); */
}

syntax Correct
Validate:
[True, True, True]

Verify:
[True]

CORRECT INVARIANT
syntax Correct
Validate:
[True, True, True]

Verify:
[True]

syntax Correct
Validate:
[True, True, True]

Verify:
[True]

已移动文件: 035.c -> finish1
-----------------------------------------

文件 035.c 处理完成. 总耗时: 119.1505274772644
-----------------------------------------
finshed_files:['030.c', '028.c', '02.c', '035.c']
