file:037.c
Successfully generated loop/037.json
INNER_FLAG: False
Variable Maps: [{'m': '0', 'x': '0', 'n': 'n@pre'}]
Path conditions: ['n@pre > 0']
Pre condition: n@pre > 0 && (m == 0) * (x == 0) * (n == n@pre)
Loop Condition: x < n
Updated Loop Conditions: ['0 < n@pre']
Global Unchanged Variables ['n']
Non Inductive Variables ['m']
[{'m': '0', 'x': '0', 'n': 'n@pre'}]
['n@pre > 0']

            
    /* >>> LOOP INVARIANT TO FILL <<< 
       >>> PRECONDITION OF THE LOOP : \at(n, Pre) > 0 && (m == 0) * (x == 0) * (n == \at(n, Pre)) <<< */
    
            /*@
          loop invariant (\at(n, Pre) > 0) ==> (n == \at(n, Pre));
            */
            while (x < n) {
    if (unknown()) {
      m = x;
    }
    x = x + 1;
  }
            

            
    /* >>> LOOP INVARIANT TO FILL <<< 
       >>> PRECONDITION OF THE LOOP : \at(n, Pre) > 0 && (m == 0) * (x == 0) * (n == \at(n, Pre)) <<< */
    
            /*@
          loop invariant  (\at(n, Pre) > 0) ==> ((0 < \at(n, Pre)) ==> (((m == 0)&&(x == 0)&&(n == \at(n, Pre))) || (PLACE_HOLDER_x))) ;
          loop invariant  (\at(n, Pre) > 0) ==> ((0 < \at(n, Pre)) ==> (((m == 0)&&(x == 0)&&(n == \at(n, Pre))) || (PLACE_HOLDER_m))) ;
          loop invariant (\at(n, Pre) > 0) ==> ((!(0 < \at(n, Pre))) ==> ((m == 0)&&(x == 0)&&(n == \at(n, Pre))));
          loop invariant (\at(n, Pre) > 0) ==> (n == \at(n, Pre));
            */
            while (x < n) {
    if (unknown()) {
      m = x;
    }
    x = x + 1;
  }
            
int unknown();
/*@
requires n > 0;
*/
void foo(int n) {
  int x = 0;
  int m = 0;
 
  
            
    /* >>> LOOP INVARIANT TO FILL <<< 
       >>> PRECONDITION OF THE LOOP : \at(n, Pre) > 0 && (m == 0) * (x == 0) * (n == \at(n, Pre)) <<< */
    
            /*@
          loop invariant  (\at(n, Pre) > 0) ==> ((0 < \at(n, Pre)) ==> (((m == 0)&&(x == 0)&&(n == \at(n, Pre))) || (PLACE_HOLDER_x))) ;
          loop invariant  (\at(n, Pre) > 0) ==> ((0 < \at(n, Pre)) ==> (((m == 0)&&(x == 0)&&(n == \at(n, Pre))) || (PLACE_HOLDER_m))) ;
          loop invariant (\at(n, Pre) > 0) ==> ((!(0 < \at(n, Pre))) ==> ((m == 0)&&(x == 0)&&(n == \at(n, Pre))));
          loop invariant (\at(n, Pre) > 0) ==> (n == \at(n, Pre));
            */
            while (x < n) {
    if (unknown()) {
      m = x;
    }
    x = x + 1;
  }
            
  /*@ assert (n > 0) ==> (0 <= m && m < n); */
}
Let me analyze the loop and fill in the loop invariants systematically.

Analysis:

a. Purpose and Structure of the Loop:
- Objective: The loop iterates from x=0 to x=n-1, tracking the maximum value of x (stored in m) for which some unknown condition is true.
- Structure: 
  - Loop condition: x < n
  - Variables: n (constant), x (counter), m (max tracker)
  - Operations: Each iteration increments x, and conditionally updates m to current x

b. Discussion of the Loop Invariant:
The invariant needs to track:
1. n remains constant
2. x is bounded by 0 and n
3. m is bounded by -1 and x-1 (since it tracks some x values)

c. Establishment:
Before loop starts (x=0, m=0):
- n == \at(n,Pre) holds
- m == 0 and x == 0 holds
- 0 <= x <= n holds

d. Preservation:
Each iteration:
- x increases by 1
- m either stays same or updates to previous x
- All bounds remain valid

e. Termination:
When x == n:
- m must be between 0 and n-1
- x == n
- n unchanged

f. Correctness of Post-condition:
At end:
- x == n
- 0 <= m < n (since m tracks some x < n)

g. Implication of Pre-condition:
Pre-condition establishes:
- n > 0
- m = 0
- x = 0
Which satisfies initial invariant

Filled-in invariants:
PLACE_HOLDER_x: (0 <= x <= n)
PLACE_HOLDER_m: (0 <= m < x)

Here's the complete program with filled invariants:

```c
int unknown();
/*@
requires n > 0;
*/
void foo(int n) {
  int x = 0;
  int m = 0;
 
  
            
    /* >>> LOOP INVARIANT TO FILL <<< 
       >>> PRECONDITION OF THE LOOP : \at(n, Pre) > 0 && (m == 0) * (x == 0) * (n == \at(n, Pre)) <<< */
    
            /*@
          loop invariant  (\at(n, Pre) > 0) ==> ((0 < \at(n, Pre)) ==> (((m == 0)&&(x == 0)&&(n == \at(n, Pre))) || (0 <= x <= n))) ;
          loop invariant  (\at(n, Pre) > 0) ==> ((0 < \at(n, Pre)) ==> (((m == 0)&&(x == 0)&&(n == \at(n, Pre))) || (0 <= m < x))) ;
          loop invariant (\at(n, Pre) > 0) ==> ((!(0 < \at(n, Pre))) ==> ((m == 0)&&(x == 0)&&(n == \at(n, Pre))));
          loop invariant (\at(n, Pre) > 0) ==> (n == \at(n, Pre));
            */
            while (x < n) {
    if (unknown()) {
      m = x;
    }
    x = x + 1;
  }
            
  /*@ assert (n > 0) ==> (0 <= m && m < n); */
}
```

int unknown();
/*@
requires n > 0;
*/
void foo(int n) {
  int x = 0;
  int m = 0;
 
  
            
            /*@
          loop invariant  (\at(n, Pre) > 0) ==> ((0 < \at(n, Pre)) ==> (((m == 0)&&(x == 0)&&(n == \at(n, Pre))) || (0 <= x <= n))) ;
          loop invariant  (\at(n, Pre) > 0) ==> ((0 < \at(n, Pre)) ==> (((m == 0)&&(x == 0)&&(n == \at(n, Pre))) || (0 <= m < x))) ;
          loop invariant (\at(n, Pre) > 0) ==> ((!(0 < \at(n, Pre))) ==> ((m == 0)&&(x == 0)&&(n == \at(n, Pre))));
          loop invariant (\at(n, Pre) > 0) ==> (n == \at(n, Pre));
            */
            while (x < n) {
    if (unknown()) {
      m = x;
    }
    x = x + 1;
  }
            
  /*@ assert (n > 0) ==> (0 <= m && m < n); */
}


int unknown();
/*@
requires n > 0;
*/
void foo(int n) {
  int x = 0;
  int m = 0;
 
  
            
            /*@
          loop invariant  (\at(n, Pre) > 0) ==> ((0 < \at(n, Pre)) ==> (((m == 0)&&(x == 0)&&(n == \at(n, Pre))) || (0 <= x <= n))) ;
          loop invariant  (\at(n, Pre) > 0) ==> ((0 < \at(n, Pre)) ==> (((m == 0)&&(x == 0)&&(n == \at(n, Pre))) || (0 <= m < x))) ;
          loop invariant (\at(n, Pre) > 0) ==> ((!(0 < \at(n, Pre))) ==> ((m == 0)&&(x == 0)&&(n == \at(n, Pre))));
          loop invariant (\at(n, Pre) > 0) ==> (n == \at(n, Pre));
            */
            while (x < n) {
    if (unknown()) {
      m = x;
    }
    x = x + 1;
  }
            
  /*@ assert (n > 0) ==> (0 <= m && m < n); */
}

syntax Correct
Validate:
[True, True, True, True]

Verify:
[True]

CORRECT INVARIANT
syntax Correct
Validate:
[True, True, True, True]

Verify:
[True]

syntax Correct
Validate:
[True, True, True, True]

Verify:
[True]

已移动文件: 037.c -> finish1
-----------------------------------------

文件 037.c 处理完成. 总耗时: 80.79936814308167
-----------------------------------------
finshed_files:['09.c', '015.c', '032.c', '025.c', '01.c', '018.c', '06.c', '031.c', '046.c', '038.c', '029.c', '017.c', '042.c', '040.c', '039.c', '020.c', '043.c', '07.c', '013.c', '019.c', '023.c', '044.c', '08.c', '037.c']
