file:013.c
Successfully generated loop/013.json
INNER_FLAG: False
Variable Maps: [{'k': '0', 'j': '2', 'flag': 'flag@pre'}]
Path conditions: [None]
Pre condition: (k == 0) * (j == 2) * (flag == flag@pre)
Loop Condition: unknown()
Updated Loop Conditions: ['unknown()']
Global Unchanged Variables ['flag']
Non Inductive Variables []
[{'k': '0', 'j': '2', 'flag': 'flag@pre'}]
[None]

            
    /* >>> LOOP INVARIANT TO FILL <<< 
       >>> PRECONDITION OF THE LOOP : (k == 0) * (j == 2) * (flag == \at(flag, Pre)) <<< */
    
            /*@
          loop invariant flag == \at(flag, Pre);
            */
            while(unknown()){ 
     if (flag)
       j = j + 4;
     else {
       j = j + 2;
       k = k + 1;
     }
   }
            

            
    /* >>> LOOP INVARIANT TO FILL <<< 
       >>> PRECONDITION OF THE LOOP : (k == 0) * (j == 2) * (flag == \at(flag, Pre)) <<< */
    
            /*@
          loop invariant  ((k == 0)&&(j == 2)&&(flag == \at(flag, Pre))) || (PLACE_HOLDER_j) ;
          loop invariant  ((k == 0)&&(j == 2)&&(flag == \at(flag, Pre))) || (PLACE_HOLDER_k) ;
          loop invariant flag == \at(flag, Pre);
            */
            while(unknown()){ 
     if (flag)
       j = j + 4;
     else {
       j = j + 2;
       k = k + 1;
     }
   }
            

int unknown();

void foo(int flag) {
   int j = 2; 
   int k = 0;

   
   
            
    /* >>> LOOP INVARIANT TO FILL <<< 
       >>> PRECONDITION OF THE LOOP : (k == 0) * (j == 2) * (flag == \at(flag, Pre)) <<< */
    
            /*@
          loop invariant  ((k == 0)&&(j == 2)&&(flag == \at(flag, Pre))) || (PLACE_HOLDER_j) ;
          loop invariant  ((k == 0)&&(j == 2)&&(flag == \at(flag, Pre))) || (PLACE_HOLDER_k) ;
          loop invariant flag == \at(flag, Pre);
            */
            while(unknown()){ 
     if (flag)
       j = j + 4;
     else {
       j = j + 2;
       k = k + 1;
     }
   }
            
   /*@ assert (k!= 0 )==> (j == 2 * k + 2 ); */
}

### Analysis of the C Loop

#### a. Purpose and Structure of the Loop
The purpose of the loop is to modify the values of the variables `j` and `k` based on the value of `flag` until the condition defined by `unknown()` becomes false. The loop increments `j` by 4 if `flag` is true; otherwise, it increments `j` by 2 and increments `k` by 1. The loop structure consists of a conditional statement that determines how `j` and `k` are updated based on `flag`.

#### b. Discussion of the Loop Invariant
A suitable loop invariant for this loop could be:
- `k >= 0` (since `k` is only incremented and starts at 0)
- `j == 2 + 2 * k` (this reflects the relationship between `j` and `k` after each iteration, given the increments in `j` based on the value of `flag`)

This invariant is valid because it captures the relationship between `j` and `k` that is maintained throughout the loop's execution.

#### c. Establishment
Before the loop begins, we have:
- `k == 0` (from the pre-condition)
- `j == 2` (from the pre-condition)
Thus, `j == 2 + 2 * k` becomes `j == 2 + 2 * 0`, which simplifies to `j == 2`. Therefore, the invariant `j == 2 + 2 * k` holds true before the loop starts.

#### d. Preservation
At the start of each iteration of the loop:
- If `flag` is true, `j` is incremented by 4. Thus, `j` becomes `j + 4`, and the relationship becomes `j == 2 + 2 * k + 4`, which is not directly aligned with the invariant. However, since `j` is now equal to `2 + 2 * (k + 2)`, the relationship can still hold as `k` does not decrease.
- If `flag` is false, `j` is incremented by 2 and `k` is incremented by 1. This results in `j` changing to `j + 2` and `k` changing to `k + 1`, thus `j` becomes `2 + 2 * (k + 1)`.

In both cases, the loop invariant holds true at the end of the iteration.

#### e. Termination Analysis of the Loop
When the loop terminates, `unknown()` becomes false. The final values can be derived based on the number of iterations:
- If `k = n` at termination, then `j = 2 + 2 * n`. This still satisfies the loop invariant `j == 2 + 2 * k` since they are equal.

#### f. Correctness of the Post-condition
The post-condition states that `k != 0` implies `j == 2 * k + 2`. If `k = n`, then `j = 2 + 2 * n`, which can be rewritten as `j = 2 * (n + 1)`, confirming that if `k != 0`, then `j` indeed equals `2 * k + 2`. Thus, the post-condition holds true based on the loop invariant.

#### g. Implication of the Pre-condition
The pre-condition `(k == 0) * (j == 2) * (flag == \at(flag, Pre))` guarantees that the invariant holds before the loop starts. Specifically, it establishes that the initial values of `k` and `j` satisfy the invariant `j == 2 + 2 * k`.

### C Loop Program with Invariant Annotations

```c
int unknown();

void foo(int flag) {
   int j = 2; 
   int k = 0;

   
   
            
    /* >>> LOOP INVARIANT TO FILL <<< 
       >>> PRECONDITION OF THE LOOP : (k == 0) * (j == 2) * (flag == \at(flag, Pre)) <<< */
    
            /*@
          loop invariant  ((k == 0)&&(j == 2)&&(flag == \at(flag, Pre))) || (j == 2 + 2 * k) ;
          loop invariant  ((k == 0)&&(j == 2)&&(flag == \at(flag, Pre))) || (k >= 0) ;
          loop invariant flag == \at(flag, Pre);
            */
            while(unknown()){ 
     if (flag)
       j = j + 4;
     else {
       j = j + 2;
       k = k + 1;
     }
   }
            
   /*@ assert (k!= 0 )==> (j == 2 * k + 2 ); */
}
```

int unknown();

void foo(int flag) {
   int j = 2; 
   int k = 0;

   
   
            
            /*@
          loop invariant  ((k == 0)&&(j == 2)&&(flag == \at(flag, Pre))) || (j == 2 + 2 * k) ;
          loop invariant  ((k == 0)&&(j == 2)&&(flag == \at(flag, Pre))) || (k >= 0) ;
          loop invariant flag == \at(flag, Pre);
            */
            while(unknown()){ 
     if (flag)
       j = j + 4;
     else {
       j = j + 2;
       k = k + 1;
     }
   }
            
   /*@ assert (k!= 0 )==> (j == 2 * k + 2 ); */
}


int unknown();

void foo(int flag) {
   int j = 2; 
   int k = 0;

   
   
            
            /*@
          loop invariant  ((k == 0)&&(j == 2)&&(flag == \at(flag, Pre))) || (j == 2 + 2 * k) ;
          loop invariant  ((k == 0)&&(j == 2)&&(flag == \at(flag, Pre))) || (k >= 0) ;
          loop invariant flag == \at(flag, Pre);
            */
            while(unknown()){ 
     if (flag)
       j = j + 4;
     else {
       j = j + 2;
       k = k + 1;
     }
   }
            
   /*@ assert (k!= 0 )==> (j == 2 * k + 2 ); */
}

syntax Correct
Validate:
[False, True, True]

Goal Preservation of Invariant (file output/013.c, line 12):
Assume {
  Type: is_sint32(flag_0) /\ is_sint32(j) /\ is_sint32(j_1) /\
      is_sint32(j_2) /\ is_sint32(j_3) /\ is_sint32(k) /\ is_sint32(k_1) /\
      is_sint32(k_2) /\ is_sint32(tmp_0).
  (* Invariant *)
  Have: ((2 + (2 * k_2)) = j_3) \/ ((j_3 = 2) /\ (k_2 = 0)).
  (* Invariant *)
  Have: (0 <= k_2) \/ ((j_3 = 2) /\ (k_2 = 0)).
  (* Then *)
  Have: tmp_0 != 0.
  If flag_0 != 0
  Then { Have: (j_3 = j_1) /\ (k_2 = k). Have: (4 + j_1) = j. }
  Else {
    Have: (j_3 = j_2) /\ (k_2 = k_1).
    Have: (2 + j_2) = j.
    Have: (1 + k_1) = k.
  }
}
Prove: ((2 + (2 * k)) = j) \/ ((j = 2) /\ (k = 0)).
Prover Z3 4.8.12 returns Timeout (Qed:19ms) (3s)
Error found in file: output/013.c at line: 12
Error line content: loop invariant  ((k == 0)&&(j == 2)&&(flag == \at(flag, Pre))) || (j == 2 + 2 * k) ;

Verify:
[True]


int unknown();

void foo(int flag) {
   int j = 2; 
   int k = 0;

   
   
            
            /*@
          loop invariant  ((k == 0)&&(j == 2)&&(flag == \at(flag, Pre))) || (j == 2 + 2 * k)  [INVARIANT FAILED] ;
          loop invariant  ((k == 0)&&(j == 2)&&(flag == \at(flag, Pre))) || (k >= 0) ;
          loop invariant flag == \at(flag, Pre);
            */
            while(unknown()){ 
     if (flag)
       j = j + 4;
     else {
       j = j + 2;
       k = k + 1;
     }
   }
            
   /*@ assert (k!= 0 )==> (j == 2 * k + 2 ); */
}

### Error Analysis:

The error reported indicates that there is a problem with the "Goal Preservation of Invariant" for the loop invariant `((k == 0)&&(j == 2)&&(flag == \at(flag, Pre))) || (j == 2 + 2 * k)`. This invariant aims to assert a relationship between `j` and `k` during each iteration of the loop.

The loop body modifies `j` and `k` based on the value of `flag`. When `flag` is true, `j` is incremented by 4, and when `flag` is false, `j` is incremented by 2 and `k` is incremented by 1. The current invariant fails to properly account for the range of possible values of `j` and `k` after several iterations, especially since `j` can take on a variety of values that are not strictly equal to `2 + 2 * k`.

To fix this, we can replace the equality constraint `j == 2 + 2 * k` with a range constraint that captures the relationship established by the operations within the loop. Given that `j` can increase by 2 or 4 depending on `flag`, we can use a modulo constraint to capture the possible values of `j` effectively.

### Fixed C Code:

```c
int unknown();

void foo(int flag) {
   int j = 2; 
   int k = 0;

   
   
            
            /*@
          loop invariant  ((k == 0)&&(j == 2)&&(flag == \at(flag, Pre))) || (j % 2 == 0 && j >= 2 && j == 2 + 2 * k) ;
          loop invariant  ((k == 0)&&(j == 2)&&(flag == \at(flag, Pre))) || (k >= 0) ;
          loop invariant flag == \at(flag, Pre);
            */
            while(unknown()){ 
     if (flag)
       j = j + 4;
     else {
       j = j + 2;
       k = k + 1;
     }
   }
            
   /*@ assert (k!= 0 )==> (j == 2 * k + 2 ); */
}
```
after weaken

int unknown();

void foo(int flag) {
   int j = 2; 
   int k = 0;

   
   
            
            /*@
          loop invariant  ((k == 0)&&(j == 2)&&(flag == \at(flag, Pre))) || (j % 2 == 0 && j >= 2 && j == 2 + 2 * k) ;
          loop invariant  ((k == 0)&&(j == 2)&&(flag == \at(flag, Pre))) || (k >= 0) ;
          loop invariant flag == \at(flag, Pre);
            */
            while(unknown()){ 
     if (flag)
       j = j + 4;
     else {
       j = j + 2;
       k = k + 1;
     }
   }
            
   /*@ assert (k!= 0 )==> (j == 2 * k + 2 ); */
}

syntax Correct
Validate:
[False, True, True]

Goal Preservation of Invariant (file output/013.c, line 12):
Assume {
  Type: is_sint32(flag_0) /\ is_sint32(j) /\ is_sint32(j_1) /\
      is_sint32(j_2) /\ is_sint32(j_3) /\ is_sint32(k) /\ is_sint32(k_1) /\
      is_sint32(k_2) /\ is_sint32(tmp_0).
  (* Invariant *)
  Have: ((j_3 = 2) /\ (k_2 = 0)) \/
      (((j_3 % 2) = 0) /\ ((2 + (2 * k_2)) = j_3) /\ (2 <= j_3)).
  (* Invariant *)
  Have: (0 <= k_2) \/ ((j_3 = 2) /\ (k_2 = 0)).
  (* Then *)
  Have: tmp_0 != 0.
  If flag_0 != 0
  Then { Have: (j_3 = j_1) /\ (k_2 = k). Have: (4 + j_1) = j. }
  Else {
    Have: (j_3 = j_2) /\ (k_2 = k_1).
    Have: (2 + j_2) = j.
    Have: (1 + k_1) = k.
  }
}
Prove: ((j = 2) /\ (k = 0)) \/
    (((j % 2) = 0) /\ ((2 + (2 * k)) = j) /\ (2 <= j)).
Prover Z3 4.8.12 returns Timeout (Qed:20ms) (3s)
Error found in file: output/013.c at line: 12
Error line content: loop invariant  ((k == 0)&&(j == 2)&&(flag == \at(flag, Pre))) || (j % 2 == 0 && j >= 2 && j == 2 + 2 * k) ;

Verify:
[True]


int unknown();

void foo(int flag) {
   int j = 2; 
   int k = 0;

   
   
            
            /*@
          loop invariant  ((k == 0)&&(j == 2)&&(flag == \at(flag, Pre))) || (j % 2 == 0 && j >= 2 && j == 2 + 2 * k)  [INVARIANT FAILED] ;
          loop invariant  ((k == 0)&&(j == 2)&&(flag == \at(flag, Pre))) || (k >= 0) ;
          loop invariant flag == \at(flag, Pre);
            */
            while(unknown()){ 
     if (flag)
       j = j + 4;
     else {
       j = j + 2;
       k = k + 1;
     }
   }
            
   /*@ assert (k!= 0 )==> (j == 2 * k + 2 ); */
}

1.  **Error Analysis:**

    The error reported by Frama-C indicates a failure in the "Goal Preservation of Invariant." The specific loop invariant that failed to hold is:
    ```
    loop invariant  ((k == 0)&&(j == 2)&&(flag == \at(flag, Pre))) || (j % 2 == 0 && j >= 2 && j == 2 + 2 * k)
    ```
    The presence of the equality constraint `j == 2 + 2 * k` complicates the preservation condition, as `j` can take on values that do not satisfy this equality after the loop body executes, especially in cases where `flag` is true or false. 

    Given the operations within the loop:
    - If `flag` is true, `j` increases by 4.
    - If `flag` is false, `j` increases by 2, and `k` increments by 1. 

    As a result, `j` may not always satisfy the equality `j == 2 + 2 * k` after the increment operations. Therefore, we should replace the equality constraint with a range constraint, allowing for a broader set of values for `j` that can still be consistent with the loop's operations.

2.  **Fixed C Code:**

    ```c
    int unknown();

    void foo(int flag) {
       int j = 2; 
       int k = 0;

       
       
                
                /*@
              loop invariant  ((k == 0)&&(j == 2)&&(flag == \at(flag, Pre))) || (j % 2 == 0 && j >= 2 && j >= 2 + 2 * k)  ;
              loop invariant  ((k == 0)&&(j == 2)&&(flag == \at(flag, Pre))) || (k >= 0) ;
              loop invariant flag == \at(flag, Pre);
                */
                while(unknown()){ 
         if (flag)
           j = j + 4;
         else {
           j = j + 2;
           k = k + 1;
         }
       }
                
       /*@ assert (k!= 0 )==> (j == 2 * k + 2 ); */
    }
    ``` 

In this corrected code, the invariant has been modified to:
```
loop invariant  ((k == 0)&&(j == 2)&&(flag == \at(flag, Pre))) || (j % 2 == 0 && j >= 2 && j >= 2 + 2 * k)
```
This change ensures that the loop invariant is preserved through iterations of the loop, as it accommodates the possible values of `j` that result from the increments within the loop.
after weaken

    int unknown();

    void foo(int flag) {
       int j = 2; 
       int k = 0;

       
       
                
                /*@
              loop invariant  ((k == 0)&&(j == 2)&&(flag == \at(flag, Pre))) || (j % 2 == 0 && j >= 2 && j >= 2 + 2 * k)  ;
              loop invariant  ((k == 0)&&(j == 2)&&(flag == \at(flag, Pre))) || (k >= 0) ;
              loop invariant flag == \at(flag, Pre);
                */
                while(unknown()){ 
         if (flag)
           j = j + 4;
         else {
           j = j + 2;
           k = k + 1;
         }
       }
                
       /*@ assert (k!= 0 )==> (j == 2 * k + 2 ); */
    }
    
syntax Correct
Validate:
[True, True, True]

Verify:
[False]

Goal Assertion (file output/013.c, line 25):
Let x = 2 + (2 * k).
Assume {
  Type: is_sint32(j) /\ is_sint32(k).
  (* Goal *)
  When: k != 0.
  (* Invariant *)
  Have: ((j % 2) = 0) /\ (2 <= j) /\ (x <= j).
  (* Invariant *)
  Have: 0 <= k.
}
Prove: x = j.
Prover Z3 4.8.12 returns Timeout (Qed:4ms) (3s)
Error found in file: output/013.c at line: 25
Error line content: /*@ assert (k!= 0 )==> (j == 2 * k + 2 ); */

1.  Error Analysis:

The goal assertion is failing because the post-condition `assert (k != 0) ==> (j == 2 * k + 2)` is not sufficiently supported by the existing loop invariants. Specifically, the invariant `(j % 2 == 0 && j >= 2 + 2 * k)` does not ensure that `j` will equal `2 * k + 2` when `k` is not zero. To strengthen the invariants, we need to ensure that after the loop, `j` can be expressed in terms of `k` as `2 * k + 2`. 

Thus, we need to modify the loop invariant to include a stronger condition that guarantees `j` can be derived from `k` at loop termination, specifically ensuring that `j` equals `2 + 2 * k` when `k` is positive.

2.  Fixed C Code:

```c
int unknown();

void foo(int flag) {
   int j = 2; 
   int k = 0;

   /*@
     loop invariant  ((k == 0)&&(j == 2)&&(flag == \at(flag, Pre))) || (j == 2 + 2 * k);
     loop invariant  ((k == 0)&&(j == 2)&&(flag == \at(flag, Pre))) || (k >= 0);
     loop invariant flag == \at(flag, Pre);
   */
   while(unknown()){ 
     if (flag)
       j = j + 4;
     else {
       j = j + 2;
       k = k + 1;
     }
   }
   
   /*@ assert (k != 0) ==> (j == 2 * k + 2); */
}
```
after strength

int unknown();

void foo(int flag) {
   int j = 2; 
   int k = 0;

   /*@
     loop invariant  ((k == 0)&&(j == 2)&&(flag == \at(flag, Pre))) || (j == 2 + 2 * k);
     loop invariant  ((k == 0)&&(j == 2)&&(flag == \at(flag, Pre))) || (k >= 0);
     loop invariant flag == \at(flag, Pre);
   */
   while(unknown()){ 
     if (flag)
       j = j + 4;
     else {
       j = j + 2;
       k = k + 1;
     }
   }
   
   /*@ assert (k != 0) ==> (j == 2 * k + 2); */
}

syntax Correct
Validate:
[False, True, True]

Goal Preservation of Invariant (file output/013.c, line 9):
Assume {
  Type: is_sint32(flag_0) /\ is_sint32(j) /\ is_sint32(j_1) /\
      is_sint32(j_2) /\ is_sint32(j_3) /\ is_sint32(k) /\ is_sint32(k_1) /\
      is_sint32(k_2) /\ is_sint32(tmp_0).
  (* Invariant *)
  Have: ((2 + (2 * k_2)) = j_3) \/ ((j_3 = 2) /\ (k_2 = 0)).
  (* Invariant *)
  Have: (0 <= k_2) \/ ((j_3 = 2) /\ (k_2 = 0)).
  (* Then *)
  Have: tmp_0 != 0.
  If flag_0 != 0
  Then { Have: (j_3 = j_1) /\ (k_2 = k). Have: (4 + j_1) = j. }
  Else {
    Have: (j_3 = j_2) /\ (k_2 = k_1).
    Have: (2 + j_2) = j.
    Have: (1 + k_1) = k.
  }
}
Prove: ((2 + (2 * k)) = j) \/ ((j = 2) /\ (k = 0)).
Prover Z3 4.8.12 returns Timeout (Qed:20ms) (3s)
Error found in file: output/013.c at line: 9
Error line content: loop invariant  ((k == 0)&&(j == 2)&&(flag == \at(flag, Pre))) || (j == 2 + 2 * k);

Verify:
[True]

/*@
     loop invariant  ((k == 0)&&(j == 2)&&(flag == \at(flag, Pre))) || (j == 2 + 2 * k);
     loop invariant  ((k == 0)&&(j == 2)&&(flag == \at(flag, Pre))) || (k >= 0);
     loop invariant flag == \at(flag, Pre);
   */
   while(unknown()){ 
     if (flag)
       j = j + 4;
     else {
       j = j + 2;
       k = k + 1;
     }
   }
ç»§ç»­ç¬¦å·æ‰§è¡Œ
/*@ Inv
    (((k == 0)&&(j == 2)&&(flag == flag@pre)) || (j == 2 + 2 * k)) &&
(((k == 0)&&(j == 2)&&(flag == flag@pre)) || (k >= 0)) &&
(flag == flag@pre)
    */
    
   while(unknown()){ 
     if (flag)
       j = j + 4;
     else {
       j = j + 2;
       k = k + 1;
     }
   }
File found: ../sac_c_parser/test/../ip_postcond/goal/013_goal.v. Deleting the file.
File found: ../sac_c_parser/test/../ip_postcond/goal/013_proof_auto.v. Deleting the file.
File found: ../sac_c_parser/test/../ip_postcond/goal/013_proof_manual.v. Deleting the file.
LoopEntry_0:
(k == 0) * (j == 2) * (flag == flag@pre)
[1;31mfatal error: [0minvariant case is branching in ../../LoopInvGen_1/symexe/output/013.c:22:6
Successfully generated loop/013.json
syntax Correct
Validate:
[False, True, True]

Goal Preservation of Invariant (file output/013.c, line 9):
Assume {
  Type: is_sint32(flag_0) /\ is_sint32(j) /\ is_sint32(j_1) /\
      is_sint32(j_2) /\ is_sint32(j_3) /\ is_sint32(k) /\ is_sint32(k_1) /\
      is_sint32(k_2) /\ is_sint32(tmp_0).
  (* Invariant *)
  Have: ((2 + (2 * k_2)) = j_3) \/ ((j_3 = 2) /\ (k_2 = 0)).
  (* Invariant *)
  Have: (0 <= k_2) \/ ((j_3 = 2) /\ (k_2 = 0)).
  (* Then *)
  Have: tmp_0 != 0.
  If flag_0 != 0
  Then { Have: (j_3 = j_1) /\ (k_2 = k). Have: (4 + j_1) = j. }
  Else {
    Have: (j_3 = j_2) /\ (k_2 = k_1).
    Have: (2 + j_2) = j.
    Have: (1 + k_1) = k.
  }
}
Prove: ((2 + (2 * k)) = j) \/ ((j = 2) /\ (k = 0)).
Prover Z3 4.8.12 returns Timeout (Qed:19ms) (3s)
Error found in file: output/013.c at line: 9
Error line content: loop invariant  ((k == 0)&&(j == 2)&&(flag == \at(flag, Pre))) || (j == 2 + 2 * k);

Verify:
[True]

[(188, 299, 0)]
[(188, 299, 0)]
[(188, 299, 0)]
[(188, 299, 0)]
Loop 0 : Outer
Sorted indices: [0]
File found: ../sac_c_parser/test/../ip_postcond/goal/013_goal.v. Deleting the file.
File found: ../sac_c_parser/test/../ip_postcond/goal/013_proof_auto.v. Deleting the file.
File found: ../sac_c_parser/test/../ip_postcond/goal/013_proof_manual.v. Deleting the file.
LoopEntry_0:
(k == 0) * (j == 2) * (flag == flag@pre)

Successfully generated loop/013.json
INNER_FLAG: False
Variable Maps: [{'k': '0', 'j': '2', 'flag': 'flag@pre'}]
Path conditions: [None]
Pre condition: (k == 0) * (j == 2) * (flag == flag@pre)
Loop Condition: unknown()
Updated Loop Conditions: ['unknown()']
Global Unchanged Variables ['flag']
Non Inductive Variables []
[{'k': '0', 'j': '2', 'flag': 'flag@pre'}]
[None]

            
    /* >>> LOOP INVARIANT TO FILL <<< 
       >>> PRECONDITION OF THE LOOP : (k == 0) * (j == 2) * (flag == \at(flag, Pre)) <<< */
    
            /*@
          loop invariant flag == \at(flag, Pre);
            */
            while(unknown()){ 
     if (flag)
       j = j + 4;
     else {
       j = j + 2;
       k = k + 1;
     }
   }
            

            
    /* >>> LOOP INVARIANT TO FILL <<< 
       >>> PRECONDITION OF THE LOOP : (k == 0) * (j == 2) * (flag == \at(flag, Pre)) <<< */
    
            /*@
          loop invariant  ((k == 0)&&(j == 2)&&(flag == \at(flag, Pre))) || (PLACE_HOLDER_j) ;
          loop invariant  ((k == 0)&&(j == 2)&&(flag == \at(flag, Pre))) || (PLACE_HOLDER_k) ;
          loop invariant flag == \at(flag, Pre);
            */
            while(unknown()){ 
     if (flag)
       j = j + 4;
     else {
       j = j + 2;
       k = k + 1;
     }
   }
            

int unknown();

void foo(int flag) {
   int j = 2; 
   int k = 0;

   
   
            
    /* >>> LOOP INVARIANT TO FILL <<< 
       >>> PRECONDITION OF THE LOOP : (k == 0) * (j == 2) * (flag == \at(flag, Pre)) <<< */
    
            /*@
          loop invariant  ((k == 0)&&(j == 2)&&(flag == \at(flag, Pre))) || (PLACE_HOLDER_j) ;
          loop invariant  ((k == 0)&&(j == 2)&&(flag == \at(flag, Pre))) || (PLACE_HOLDER_k) ;
          loop invariant flag == \at(flag, Pre);
            */
            while(unknown()){ 
     if (flag)
       j = j + 4;
     else {
       j = j + 2;
       k = k + 1;
     }
   }
            
   /*@ assert (k!= 0 )==> (j == 2 * k + 2 ); */
}

### Analysis of the Loop

#### a. Purpose and Structure of the Loop:
The objective of the loop is to modify the variables `j` and `k` based on the value of `flag` while the condition provided by the function `unknown()` holds true. The loop iterates as long as `unknown()` returns true, and inside the loop:
- If `flag` is true, `j` is incremented by 4.
- If `flag` is false, `j` is incremented by 2 and `k` is incremented by 1.

The relevant variables that affect the loop's behavior are `j`, `k`, and `flag`.

#### b. Discussion of the Loop Invariant:
The proposed loop invariant is that `k` is always 0, `j` is always 2, and `flag` remains constant. This invariant is valid because it captures the initial conditions and maintains the relationship between `j` and `k` as the loop executes. When `flag` is true, `j` will be increased by 4, but it will still reflect the initial state and the operations performed on it.

#### c. Establishment:
Before the loop starts, the invariant holds because:
- We are given the pre-condition `(k == 0) * (j == 2) * (flag == \at(flag, Pre))`, which directly establishes that `k` is 0, `j` is 2, and `flag` has its initial value.

#### d. Preservation:
At the beginning of each iteration, if the invariant holds and the loop condition is true, we analyze the body:
- If `flag` is true, `j` becomes `j + 4`, but this does not affect the establishment of `k` since `k` remains 0.
- If `flag` is false, `j` becomes `j + 2` and `k` increases by 1, but the invariant must ensure correctness to hold on the subsequent iteration.

Thus, the invariant is preserved as `j` will always reflect the initial state based on `flag` and the conditions under which `k` is modified.

#### e. Termination Analysis of the Loop:
When the loop terminates, `unknown()` returns false. The values of the variables will depend on how many times the loop executed:
- If `flag` was true throughout the execution, `j` would be `2 + 4 * n` (where `n` is the number of iterations), and `k` remains 0.
- If `flag` was false at some points, `j` would reflect the increments based on 2's and `k` would count the number of times the else branch executed.

In either case, the invariant holds as it reflects the established relationships.

#### f. Correctness of the Post-condition:
The post-condition `assert (k != 0) ==> (j == 2 * k + 2);` is correctly ensured because:
- If `k` is not 0, it indicates that the loop executed in the `else` branch, thus `j` must conform to the derived relationship based on the increments of 2 for each execution of the else branch.

#### g. Implication of the Pre-condition:
The pre-condition `(k == 0) * (j == 2) * (flag == \at(flag, Pre))` guarantees that the invariant is established before the loop starts since it directly matches the required conditions of the invariant.

### Complete C Loop Program with Invariant Annotations

```c
int unknown();

void foo(int flag) {
   int j = 2; 
   int k = 0;

   /*@
       loop invariant  (k == 0) && (j == 2 + 4 * \at(flag, Pre) + 2 * (n)) ; // where n is the count of iterations with flag false
       loop invariant  (k >= 0) && (j >= 2); // Ensure j is at least the starting value
       loop invariant flag == \at(flag, Pre);
    */
    while(unknown()){ 
        if (flag)
            j = j + 4;
        else {
            j = j + 2;
            k = k + 1;
        }
    }

   /*@ assert (k != 0) ==> (j == 2 * k + 2); */
}
```

In this code, `PLACE_HOLDER_j` and `PLACE_HOLDER_k` have been replaced with logical conditions that reflect the invariant state of `j` and `k`. The annotations ensure the preservation of the loop invariant throughout the execution of the loop.

int unknown();

void foo(int flag) {
   int j = 2; 
   int k = 0;

   /*@
       loop invariant  (k == 0) && (j == 2 + 4 * \at(flag, Pre) + 2 * (n)) ; // where n is the count of iterations with flag false
       loop invariant  (k >= 0) && (j >= 2); // Ensure j is at least the starting value
       loop invariant flag == \at(flag, Pre);
    */
    while(unknown()){ 
        if (flag)
            j = j + 4;
        else {
            j = j + 2;
            k = k + 1;
        }
    }

   /*@ assert (k != 0) ==> (j == 2 * k + 2); */
}


int unknown();

void foo(int flag) {
   int j = 2; 
   int k = 0;

   /*@
       loop invariant  (k == 0) && (j == 2 + 4 * \at(flag, Pre) + 2 * (n)) ; // where n is the count of iterations with flag false
       loop invariant  (k >= 0) && (j >= 2); // Ensure j is at least the starting value
       loop invariant flag == \at(flag, Pre);
    */
    while(unknown()){ 
        if (flag)
            j = j + 4;
        else {
            j = j + 2;
            k = k + 1;
        }
    }

   /*@ assert (k != 0) ==> (j == 2 * k + 2); */
}

syntax Error
[kernel] Parsing output/013.c (with preprocessing)
[kernel:annot-error] output/013.c:9: Warning: 
  unbound logic variable n. Ignoring loop annotation
[kernel] User Error: warning annot-error treated as fatal error.
[kernel] Frama-C aborted: invalid user input.

after repair

int unknown();

void foo(int flag) {
   int j = 2; 
   int k = 0;

   /*@
       loop invariant  (k == 0) && (j == 2 + 4 * \at(flag, Pre) + 2 * k); // Removed unbound variable n
       loop invariant  (k >= 0) && (j >= 2); // Ensure j is at least the starting value
       loop invariant flag == \at(flag, Pre);
    */
    while(unknown()){ 
        if (flag)
            j = j + 4;
        else {
            j = j + 2;
            k = k + 1;
        }
    }

   /*@ assert (k != 0) ==> (j == 2 * k + 2); */
}

syntax Correct
Validate:
[False, True, True]

Goal Preservation of Invariant (file output/013.c, line 9):
Assume { Type: is_sint32(tmp_0). (* Then *) Have: tmp_0 != 0. }
Prove: false.
Prover Z3 4.8.12 returns Timeout (Qed:5ms) (3s)
Error found in file: output/013.c at line: 9
Error line content: loop invariant  (k == 0) && (j == 2 + 4 * \at(flag, Pre) + 2 * k); // Removed unbound variable n

Goal Establishment of Invariant (file output/013.c, line 9):
Assume { Type: is_sint32(flag_0). }
Prove: flag_0 = 0.
Prover Z3 4.8.12 returns Timeout (Qed:1ms) (3s)
Error found in file: output/013.c at line: 9
Error line content: loop invariant  (k == 0) && (j == 2 + 4 * \at(flag, Pre) + 2 * k); // Removed unbound variable n

Verify:
[True]


int unknown();

void foo(int flag) {
   int j = 2; 
   int k = 0;

   /*@
       loop invariant  (k == 0) && (j == 2 + 4 * \at(flag, Pre) + 2 * k); // Removed unbound variable n
       loop invariant  (k >= 0) && (j >= 2); // Ensure j is at least the starting value
       loop invariant flag == \at(flag, Pre) [INVARIANT FAILED] ;
    */
    while(unknown()){ 
        if (flag)
            j = j + 4;
        else {
            j = j + 2;
            k = k + 1;
        }
    }

   /*@ assert (k != 0) ==> (j == 2 * k + 2); */
}

### Error Analysis:

The loop invariant `(k == 0) && (j == 2 + 4 * \at(flag, Pre) + 2 * k)` fails both in establishment and preservation. 

1. **Establishment Failure**: The invariant requires that `j` equals a specific expression involving `\at(flag, Pre)` and `k`. Since `k` starts at `0`, this means `j` must equal `2 + 4 * \at(flag, Pre)`. However, the precondition does not guarantee that `j` will satisfy this equation when the loop begins, especially since `flag` can be any value. This leads to a situation where the invariant cannot be established from the precondition alone.

2. **Preservation Failure**: During the loop iterations, `j` is incremented by `4` when `flag` is true and by `2` when `flag` is false, while `k` is incremented only when `flag` is false. The specific equality constraint of `j` becomes increasingly difficult to maintain as the loop progresses, especially given the conditions under which `j` is modified.

To resolve these issues, we can replace the specific equality constraint for `j` with a range constraint that reflects the increments made in the loop. This will weaken the invariant while still ensuring it is valid throughout the loop's execution.

### Fixed C Code:

```c
int unknown();

void foo(int flag) {
   int j = 2; 
   int k = 0;

   /*@
       loop invariant (k == 0) && (j >= 2); // Ensure j is at least the starting value
       loop invariant (k >= 0) && (j >= 2); // Ensure j is at least the starting value
       loop invariant flag == \at(flag, Pre);
    */
    while(unknown()){ 
        if (flag)
            j = j + 4;
        else {
            j = j + 2;
            k = k + 1;
        }
    }

   /*@ assert (k != 0) ==> (j == 2 * k + 2); */
}
```
after weaken

int unknown();

void foo(int flag) {
   int j = 2; 
   int k = 0;

   /*@
       loop invariant (k == 0) && (j >= 2); // Ensure j is at least the starting value
       loop invariant (k >= 0) && (j >= 2); // Ensure j is at least the starting value
       loop invariant flag == \at(flag, Pre);
    */
    while(unknown()){ 
        if (flag)
            j = j + 4;
        else {
            j = j + 2;
            k = k + 1;
        }
    }

   /*@ assert (k != 0) ==> (j == 2 * k + 2); */
}

syntax Correct
Validate:
[False, True, True]

Goal Preservation of Invariant (file output/013.c, line 9):
Assume {
  Type: is_sint32(flag_0) /\ is_sint32(j) /\ is_sint32(j_1) /\
      is_sint32(j_2) /\ is_sint32(j_3) /\ is_sint32(k) /\ is_sint32(tmp_0).
  (* Invariant *)
  Have: 2 <= j_3.
  (* Then *)
  Have: tmp_0 != 0.
  If flag_0 != 0
  Then { Have: (j_3 = j_1) /\ (k = 0). Have: (4 + j_1) = j. }
  Else { Have: j_3 = j_2. Have: (2 + j_2) = j. Have: k = 1. }
}
Prove: (k = 0) /\ (2 <= j).
Prover Z3 4.8.12 returns Timeout (Qed:14ms) (3s)
Error found in file: output/013.c at line: 9
Error line content: loop invariant (k == 0) && (j >= 2); // Ensure j is at least the starting value

Verify:
[True]


int unknown();

void foo(int flag) {
   int j = 2; 
   int k = 0;

   /*@
       loop invariant (k == 0) && (j >= 2); // Ensure j is at least the starting value
       loop invariant (k >= 0) && (j >= 2); // Ensure j is at least the starting value
       loop invariant flag == \at(flag, Pre) [INVARIANT FAILED] ;
    */
    while(unknown()){ 
        if (flag)
            j = j + 4;
        else {
            j = j + 2;
            k = k + 1;
        }
    }

   /*@ assert (k != 0) ==> (j == 2 * k + 2); */
}

1. **Error Analysis:**

The error message indicates two main issues with the loop invariant. The first problem is with the "Goal Preservation of Invariant," which means that Frama-C cannot prove that the invariant holds true after each iteration of the loop. This is specifically related to the invariant `(k == 0)`, which becomes problematic because `k` can be incremented within the loop when `flag` is `false`. Hence, the invariant that `k` is always `0` will not hold after the first iteration where `flag` is `false`, leading to a failure in preservation.

To address this, we should replace the strict equality constraint `k == 0` with a more flexible condition that allows `k` to be incremented, such as `k >= 0`. This change still maintains the assertion that `k` should be non-negative, which is sufficient for the purpose of the loop invariant.

2. **Fixed C Code:**

```c
int unknown();

void foo(int flag) {
   int j = 2; 
   int k = 0;

   /*@
       loop invariant (k >= 0) && (j >= 2); // Ensure j is at least the starting value
       loop invariant (k >= 0) && (j >= 2); // Ensure j is at least the starting value
       loop invariant flag == \at(flag, Pre);
    */
    while(unknown()){ 
        if (flag)
            j = j + 4;
        else {
            j = j + 2;
            k = k + 1;
        }
    }

   /*@ assert (k != 0) ==> (j == 2 * k + 2); */
}
```
after weaken

int unknown();

void foo(int flag) {
   int j = 2; 
   int k = 0;

   /*@
       loop invariant (k >= 0) && (j >= 2); // Ensure j is at least the starting value
       loop invariant (k >= 0) && (j >= 2); // Ensure j is at least the starting value
       loop invariant flag == \at(flag, Pre);
    */
    while(unknown()){ 
        if (flag)
            j = j + 4;
        else {
            j = j + 2;
            k = k + 1;
        }
    }

   /*@ assert (k != 0) ==> (j == 2 * k + 2); */
}

syntax Correct
Validate:
[True, True, True]

Verify:
[False]

Goal Assertion (file output/013.c, line 22):
Assume {
  Type: is_sint32(j) /\ is_sint32(k).
  (* Goal *)
  When: k != 0.
  (* Invariant *)
  Have: (0 <= k) /\ (2 <= j).
}
Prove: (2 + (2 * k)) = j.
Prover Z3 4.8.12 returns Timeout (Qed:3ms) (3s)
Error found in file: output/013.c at line: 22
Error line content: /*@ assert (k != 0) ==> (j == 2 * k + 2); */

after hudini

int unknown();

void foo(int flag) {
   int j = 2; 
   int k = 0;

   /*@
       loop invariant (k >= 0) && (j >= 2); // Ensure j is at least the starting value
       loop invariant (k >= 0) && (j >= 2); // Ensure j is at least the starting value
       loop invariant flag == \at(flag, Pre);
    */
    while(unknown()){ 
        if (flag)
            j = j + 4;
        else {
            j = j + 2;
            k = k + 1;
        }
    }

   /*@ assert (k != 0) ==> (j == 2 * k + 2); */
}

syntax Correct
Validate:
[True, True, True]

Verify:
[False]

Goal Assertion (file output/013.c, line 22):
Assume {
  Type: is_sint32(j) /\ is_sint32(k).
  (* Goal *)
  When: k != 0.
  (* Invariant *)
  Have: (0 <= k) /\ (2 <= j).
}
Prove: (2 + (2 * k)) = j.
Prover Z3 4.8.12 returns Timeout (Qed:3ms) (3s)
Error found in file: output/013.c at line: 22
Error line content: /*@ assert (k != 0) ==> (j == 2 * k + 2); */

/*@
       loop invariant (k >= 0) && (j >= 2); // Ensure j is at least the starting value
       loop invariant (k >= 0) && (j >= 2); // Ensure j is at least the starting value
       loop invariant flag == \at(flag, Pre);
    */
    while(unknown()){ 
        if (flag)
            j = j + 4;
        else {
            j = j + 2;
            k = k + 1;
        }
    }
ç»§ç»­ç¬¦å·æ‰§è¡Œ
/*@ Inv
    ((k >= 0) && (j >= 2) // Ensure j is at least the starting value) &&
((k >= 0) && (j >= 2) // Ensure j is at least the starting value) &&
(flag == flag@pre)
    */
    
    while(unknown()){ 
        if (flag)
            j = j + 4;
        else {
            j = j + 2;
            k = k + 1;
        }
    }
File found: ../sac_c_parser/test/../ip_postcond/goal/013_goal.v. Deleting the file.
File found: ../sac_c_parser/test/../ip_postcond/goal/013_proof_auto.v. Deleting the file.
File found: ../sac_c_parser/test/../ip_postcond/goal/013_proof_manual.v. Deleting the file.
LoopEntry_0:
(k == 0) * (j == 2) * (flag == flag@pre)
[1;31mfatal error: [0mbison: syntax error, unexpected PT_SLASH in ../../LoopInvGen_1/symexe/output/013.c:19:28
Successfully generated loop/013.json
syntax Correct
Validate:
[True, True, True]

Verify:
[False]

Goal Assertion (file output/013.c, line 22):
Assume {
  Type: is_sint32(j) /\ is_sint32(k).
  (* Goal *)
  When: k != 0.
  (* Invariant *)
  Have: (0 <= k) /\ (2 <= j).
}
Prove: (2 + (2 * k)) = j.
Prover Z3 4.8.12 returns Timeout (Qed:3ms) (3s)
Error found in file: output/013.c at line: 22
Error line content: /*@ assert (k != 0) ==> (j == 2 * k + 2); */

[(188, 299, 0)]
[(188, 299, 0)]
[(188, 299, 0)]
[(188, 299, 0)]
Loop 0 : Outer
Sorted indices: [0]
File found: ../sac_c_parser/test/../ip_postcond/goal/013_goal.v. Deleting the file.
File found: ../sac_c_parser/test/../ip_postcond/goal/013_proof_auto.v. Deleting the file.
File found: ../sac_c_parser/test/../ip_postcond/goal/013_proof_manual.v. Deleting the file.
LoopEntry_0:
(k == 0) * (j == 2) * (flag == flag@pre)

Successfully generated loop/013.json
INNER_FLAG: False
Variable Maps: [{'k': '0', 'j': '2', 'flag': 'flag@pre'}]
Path conditions: [None]
Pre condition: (k == 0) * (j == 2) * (flag == flag@pre)
Loop Condition: unknown()
Updated Loop Conditions: ['unknown()']
Global Unchanged Variables ['flag']
Non Inductive Variables []
[{'k': '0', 'j': '2', 'flag': 'flag@pre'}]
[None]

            
    /* >>> LOOP INVARIANT TO FILL <<< 
       >>> PRECONDITION OF THE LOOP : (k == 0) * (j == 2) * (flag == \at(flag, Pre)) <<< */
    
            /*@
          loop invariant flag == \at(flag, Pre);
            */
            while(unknown()){ 
     if (flag)
       j = j + 4;
     else {
       j = j + 2;
       k = k + 1;
     }
   }
            

            
    /* >>> LOOP INVARIANT TO FILL <<< 
       >>> PRECONDITION OF THE LOOP : (k == 0) * (j == 2) * (flag == \at(flag, Pre)) <<< */
    
            /*@
          loop invariant  ((k == 0)&&(j == 2)&&(flag == \at(flag, Pre))) || (PLACE_HOLDER_j) ;
          loop invariant  ((k == 0)&&(j == 2)&&(flag == \at(flag, Pre))) || (PLACE_HOLDER_k) ;
          loop invariant flag == \at(flag, Pre);
            */
            while(unknown()){ 
     if (flag)
       j = j + 4;
     else {
       j = j + 2;
       k = k + 1;
     }
   }
            

int unknown();

void foo(int flag) {
   int j = 2; 
   int k = 0;

   
   
            
    /* >>> LOOP INVARIANT TO FILL <<< 
       >>> PRECONDITION OF THE LOOP : (k == 0) * (j == 2) * (flag == \at(flag, Pre)) <<< */
    
            /*@
          loop invariant  ((k == 0)&&(j == 2)&&(flag == \at(flag, Pre))) || (PLACE_HOLDER_j) ;
          loop invariant  ((k == 0)&&(j == 2)&&(flag == \at(flag, Pre))) || (PLACE_HOLDER_k) ;
          loop invariant flag == \at(flag, Pre);
            */
            while(unknown()){ 
     if (flag)
       j = j + 4;
     else {
       j = j + 2;
       k = k + 1;
     }
   }
            
   /*@ assert (k!= 0 )==> (j == 2 * k + 2 ); */
}

### Analysis of the C Loop Program

#### a. Purpose and Structure of the Loop:
The objective of the loop is to manipulate the variables `j` and `k` based on the value of the `flag`, which is an input parameter. The loop continues executing as long as the function `unknown()` returns true. Inside the loop, if `flag` is true, `j` is incremented by 4; otherwise, `j` is incremented by 2, and `k` is incremented by 1. 

The structure of the loop includes:
- A condition `unknown()` that governs its execution.
- Two operations based on the value of `flag`: 
  - If `flag` is true, `j` increases by 4.
  - If `flag` is false, `j` increases by 2 and `k` increases by 1.
  
The relevant variables affecting the loop's behavior are `j`, `k`, and `flag`.

#### b. Discussion of the Loop Invariant:
A suitable loop invariant can be proposed based on the behavior of the loop. The invariant must express the relationships and constraints on `j`, `k`, and `flag` that hold true throughout the loop execution.

An appropriate loop invariant could be:
- `j >= 2 && k >= 0 && (j == 2 * k + 2)`

This invariant is valid because:
- `j` starts at 2, and `k` starts at 0.
- The relationship `j == 2 * k + 2` captures the structure of `j` as it gets updated in relation to `k`.

#### c. Establishment:
Before the loop starts, the pre-condition states:
- `k == 0`
- `j == 2`

Thus, at the beginning:
- The invariant `j >= 2` is satisfied (since `j == 2`).
- The invariant `k >= 0` is satisfied (since `k == 0`).
- The invariant `j == 2 * k + 2` holds true (`2 == 2 * 0 + 2`).

Therefore, the establishment condition is satisfied.

#### d. Preservation:
To show preservation, we consider the two cases inside the loop based on the value of `flag`:

1. **If `flag` is true**:
   - `j` is updated to `j + 4`. Thus, the new value of `j` becomes `j + 4`, still satisfying `j >= 2`.
   - The relationship `j == 2 * k + 2` becomes `(j + 4) == 2 * k + 2`, which simplifies to `j == 2 * k - 2`. Since `k` does not change, the original invariant holds.

2. **If `flag` is false**:
   - `j` is updated to `j + 2` and `k` is incremented (`k + 1`).
   - This leads to `j + 2 == 2 * (k + 1) + 2`, which simplifies correctly, maintaining the invariant.

In both cases, the loop invariant remains true after each iteration, thus satisfying the preservation condition.

#### e. Termination Analysis of the Loop:
When the loop terminates (i.e., `unknown()` returns false), the last values of the relevant variables are:
- `j` is some value that satisfies `j >= 2`.
- `k` is an integer that has been incremented depending on how many times the `flag` was false.

At this point, since the loop invariant `j == 2 * k + 2` was maintained, it still holds true even at termination, which is an essential part of the loop invariant.

#### f. Correctness of the Post-condition:
The post-condition states that if `k != 0`, then `j == 2 * k + 2`. Given that the loop invariant maintained this relationship, when the loop terminates, it guarantees that the post-condition is met. Specifically, if `k` is not 0, the invariant ensures that `j` will equal `2 * k + 2`.

#### g. Implication of the Pre-condition:
The pre-condition `(k == 0) * (j == 2) * (flag == \at(flag, Pre))` ensures that:
- Initially `k` is set to 0 and `j` to 2, which directly establishes the loop invariant `j >= 2`, `k >= 0`, and `j == 2 * k + 2` holds true before the loop starts.

### Complete C Loop Program with Invariant Annotations
```c
int unknown();

void foo(int flag) {
   int j = 2; 
   int k = 0;

   /*@ assert (k == 0) && (j == 2) && (flag == \at(flag, Pre)); */
   
   /*@
     loop invariant ((k == 0) && (j == 2) && (flag == \at(flag, Pre))) || (j >= 2);
     loop invariant ((k == 0) && (j == 2) && (flag == \at(flag, Pre))) || (k >= 0);
     loop invariant ((k == 0) && (j == 2) && (flag == \at(flag, Pre))) || (j == 2 * k + 2);
     loop invariant flag == \at(flag, Pre);
   */
   while(unknown()){ 
     if (flag)
       j = j + 4;
     else {
       j = j + 2;
       k = k + 1;
     }
   }
            
   /*@ assert (k != 0) ==> (j == 2 * k + 2); */
}
```

int unknown();

void foo(int flag) {
   int j = 2; 
   int k = 0;

   /*@ assert (k == 0) && (j == 2) && (flag == \at(flag, Pre)); */
   
   /*@
     loop invariant ((k == 0) && (j == 2) && (flag == \at(flag, Pre))) || (j >= 2);
     loop invariant ((k == 0) && (j == 2) && (flag == \at(flag, Pre))) || (k >= 0);
     loop invariant ((k == 0) && (j == 2) && (flag == \at(flag, Pre))) || (j == 2 * k + 2);
     loop invariant flag == \at(flag, Pre);
   */
   while(unknown()){ 
     if (flag)
       j = j + 4;
     else {
       j = j + 2;
       k = k + 1;
     }
   }
            
   /*@ assert (k != 0) ==> (j == 2 * k + 2); */
}


int unknown();

void foo(int flag) {
   int j = 2; 
   int k = 0;

   /*@ assert (k == 0) && (j == 2) && (flag == \at(flag, Pre)); */
   
   /*@
     loop invariant ((k == 0) && (j == 2) && (flag == \at(flag, Pre))) || (j >= 2);
     loop invariant ((k == 0) && (j == 2) && (flag == \at(flag, Pre))) || (k >= 0);
     loop invariant ((k == 0) && (j == 2) && (flag == \at(flag, Pre))) || (j == 2 * k + 2);
     loop invariant flag == \at(flag, Pre);
   */
   while(unknown()){ 
     if (flag)
       j = j + 4;
     else {
       j = j + 2;
       k = k + 1;
     }
   }
            
   /*@ assert (k != 0) ==> (j == 2 * k + 2); */
}

syntax Correct
Validate:
[True, True, False, True]

Goal Preservation of Invariant (file output/013.c, line 13):
Assume {
  Type: is_sint32(flag_0) /\ is_sint32(j) /\ is_sint32(j_1) /\
      is_sint32(j_2) /\ is_sint32(j_3) /\ is_sint32(k) /\ is_sint32(k_1) /\
      is_sint32(k_2) /\ is_sint32(tmp_0).
  (* Invariant *)
  Have: (2 <= j_3) \/ ((j_3 = 2) /\ (k_2 = 0)).
  (* Invariant *)
  Have: (0 <= k_2) \/ ((j_3 = 2) /\ (k_2 = 0)).
  (* Invariant *)
  Have: ((2 + (2 * k_2)) = j_3) \/ ((j_3 = 2) /\ (k_2 = 0)).
  (* Then *)
  Have: tmp_0 != 0.
  If flag_0 != 0
  Then { Have: (j_3 = j_1) /\ (k_2 = k). Have: (4 + j_1) = j. }
  Else {
    Have: (j_3 = j_2) /\ (k_2 = k_1).
    Have: (2 + j_2) = j.
    Have: (1 + k_1) = k.
  }
  (* Invariant *)
  Have: (2 <= j) \/ ((j = 2) /\ (k = 0)).
  (* Invariant *)
  Have: (0 <= k) \/ ((j = 2) /\ (k = 0)).
}
Prove: ((2 + (2 * k)) = j) \/ ((j = 2) /\ (k = 0)).
Prover Z3 4.8.12 returns Timeout (Qed:23ms) (3s)
Error found in file: output/013.c at line: 13
Error line content: loop invariant ((k == 0) && (j == 2) && (flag == \at(flag, Pre))) || (j == 2 * k + 2);

Verify:
[True, True]


int unknown();

void foo(int flag) {
   int j = 2; 
   int k = 0;

   /*@ assert (k == 0) && (j == 2) && (flag == \at(flag, Pre)); */
   
   /*@
     loop invariant ((k == 0) && (j == 2) && (flag == \at(flag, Pre))) || (j >= 2);
     loop invariant ((k == 0) && (j == 2) && (flag == \at(flag, Pre))) || (k >= 0);
     loop invariant ((k == 0) && (j == 2) && (flag == \at(flag, Pre))) || (j == 2 * k + 2) [INVARIANT FAILED] ;
     loop invariant flag == \at(flag, Pre);
   */
   while(unknown()){ 
     if (flag)
       j = j + 4;
     else {
       j = j + 2;
       k = k + 1;
     }
   }
            
   /*@ assert (k != 0) ==> (j == 2 * k + 2); */
}

### Error Analysis:

The error indicates that the loop invariant `((k == 0) && (j == 2) && (flag == \at(flag, Pre))) || (j == 2 * k + 2)` is failing the preservation condition. This means that after each iteration of the loop, the invariant does not hold true, particularly when the variable `j` is updated based on the value of `flag`.

The provided loop allows `j` to be incremented by either 4 or 2 depending on the value of `flag`, while `k` is incremented by 1 only when `flag` is false. As `j` can take on values that do not conform to the equality `j == 2 * k + 2` for all iterations, the invariant is too rigid. 

To fix this, we can replace the equality constraint with a range condition, which is more flexible and accommodates the changes made to `j` and `k` during the loop's execution. Specifically, we can modify the invariant to reflect that `j` must always be at least `2` and must maintain a relationship with `k` that does not strictly require equality.

### Fixed C Code:

```c
int unknown();

void foo(int flag) {
   int j = 2; 
   int k = 0;

   /*@ assert (k == 0) && (j == 2) && (flag == \at(flag, Pre)); */
   
   /*@
     loop invariant ((k == 0) && (j == 2) && (flag == \at(flag, Pre))) || (j >= 2);
     loop invariant ((k == 0) && (j == 2) && (flag == \at(flag, Pre))) || (k >= 0);
     loop invariant ((k == 0) && (j == 2) && (flag == \at(flag, Pre))) || (j >= 2 * k + 2); // Fixed invariant
     loop invariant flag == \at(flag, Pre);
   */
   while(unknown()){ 
     if (flag)
       j = j + 4;
     else {
       j = j + 2;
       k = k + 1;
     }
   }
            
   /*@ assert (k != 0) ==> (j == 2 * k + 2); */
}
```
after weaken

int unknown();

void foo(int flag) {
   int j = 2; 
   int k = 0;

   /*@ assert (k == 0) && (j == 2) && (flag == \at(flag, Pre)); */
   
   /*@
     loop invariant ((k == 0) && (j == 2) && (flag == \at(flag, Pre))) || (j >= 2);
     loop invariant ((k == 0) && (j == 2) && (flag == \at(flag, Pre))) || (k >= 0);
     loop invariant ((k == 0) && (j == 2) && (flag == \at(flag, Pre))) || (j >= 2 * k + 2); // Fixed invariant
     loop invariant flag == \at(flag, Pre);
   */
   while(unknown()){ 
     if (flag)
       j = j + 4;
     else {
       j = j + 2;
       k = k + 1;
     }
   }
            
   /*@ assert (k != 0) ==> (j == 2 * k + 2); */
}

syntax Correct
Validate:
[True, True, True, True]

Verify:
[True, False]

Goal Assertion (file output/013.c, line 25):
Let x = 2 + (2 * k).
Assume {
  Type: is_sint32(j) /\ is_sint32(k).
  (* Goal *)
  When: k != 0.
  (* Invariant *)
  Have: 2 <= j.
  (* Invariant *)
  Have: 0 <= k.
  (* Invariant *)
  Have: x <= j.
}
Prove: x = j.
Prover Z3 4.8.12 returns Timeout (Qed:4ms) (3s)
Error found in file: output/013.c at line: 25
Error line content: /*@ assert (k != 0) ==> (j == 2 * k + 2); */

1.  **Error Analysis:**

The error indicates that the goal assertion, which states that when \( k \neq 0 \), \( j \) must equal \( 2 \times k + 2 \), is not strong enough to be proven with the current loop invariants. The loop invariant that was supposed to ensure this relationship was:

```c
loop invariant ((k == 0) && (j == 2) && (flag == \at(flag, Pre))) || (j >= 2 * k + 2);
```

However, this invariant is not sufficient because it does not adequately capture the relationship between \( j \) and \( k \) during the iterations of the loop, especially when \( k \) is incremented. The invariant must ensure that \( j \) is always at least \( 2 \times k + 2 \) at every iteration after \( k \) has been incremented.

To correct this, we need to strengthen the invariant to explicitly state that \( j \) equals \( 2 \times k + 2 \) when \( k \) is not zero. This will ensure the postcondition can be verified correctly.

2.  **Fixed C Code:**

```c
int unknown();

void foo(int flag) {
   int j = 2; 
   int k = 0;

   /*@ assert (k == 0) && (j == 2) && (flag == \at(flag, Pre)); */
   
   /*@
     loop invariant ((k == 0) && (j == 2) && (flag == \at(flag, Pre))) || (j >= 2);
     loop invariant ((k == 0) && (j == 2) && (flag == \at(flag, Pre))) || (k >= 0);
     loop invariant ((k == 0) && (j == 2) && (flag == \at(flag, Pre))) || (j == 2 * k + 2); // Strengthened invariant
     loop invariant flag == \at(flag, Pre);
   */
   while(unknown()){ 
     if (flag)
       j = j + 4;
     else {
       j = j + 2;
       k = k + 1;
     }
   }
            
   /*@ assert (k != 0) ==> (j == 2 * k + 2); */
}
```
after strength

int unknown();

void foo(int flag) {
   int j = 2; 
   int k = 0;

   /*@ assert (k == 0) && (j == 2) && (flag == \at(flag, Pre)); */
   
   /*@
     loop invariant ((k == 0) && (j == 2) && (flag == \at(flag, Pre))) || (j >= 2);
     loop invariant ((k == 0) && (j == 2) && (flag == \at(flag, Pre))) || (k >= 0);
     loop invariant ((k == 0) && (j == 2) && (flag == \at(flag, Pre))) || (j == 2 * k + 2); // Strengthened invariant
     loop invariant flag == \at(flag, Pre);
   */
   while(unknown()){ 
     if (flag)
       j = j + 4;
     else {
       j = j + 2;
       k = k + 1;
     }
   }
            
   /*@ assert (k != 0) ==> (j == 2 * k + 2); */
}

syntax Correct
Validate:
[True, True, False, True]

Goal Preservation of Invariant (file output/013.c, line 13):
Assume {
  Type: is_sint32(flag_0) /\ is_sint32(j) /\ is_sint32(j_1) /\
      is_sint32(j_2) /\ is_sint32(j_3) /\ is_sint32(k) /\ is_sint32(k_1) /\
      is_sint32(k_2) /\ is_sint32(tmp_0).
  (* Invariant *)
  Have: (2 <= j_3) \/ ((j_3 = 2) /\ (k_2 = 0)).
  (* Invariant *)
  Have: (0 <= k_2) \/ ((j_3 = 2) /\ (k_2 = 0)).
  (* Invariant *)
  Have: ((2 + (2 * k_2)) = j_3) \/ ((j_3 = 2) /\ (k_2 = 0)).
  (* Then *)
  Have: tmp_0 != 0.
  If flag_0 != 0
  Then { Have: (j_3 = j_1) /\ (k_2 = k). Have: (4 + j_1) = j. }
  Else {
    Have: (j_3 = j_2) /\ (k_2 = k_1).
    Have: (2 + j_2) = j.
    Have: (1 + k_1) = k.
  }
  (* Invariant *)
  Have: (2 <= j) \/ ((j = 2) /\ (k = 0)).
  (* Invariant *)
  Have: (0 <= k) \/ ((j = 2) /\ (k = 0)).
}
Prove: ((2 + (2 * k)) = j) \/ ((j = 2) /\ (k = 0)).
Prover Z3 4.8.12 returns Timeout (Qed:23ms) (3s)
Error found in file: output/013.c at line: 13
Error line content: loop invariant ((k == 0) && (j == 2) && (flag == \at(flag, Pre))) || (j == 2 * k + 2); // Strengthened invariant

Verify:
[True, True]


int unknown();

void foo(int flag) {
   int j = 2; 
   int k = 0;

   /*@ assert (k == 0) && (j == 2) && (flag == \at(flag, Pre)); */
   
   /*@
     loop invariant ((k == 0) && (j == 2) && (flag == \at(flag, Pre))) || (j >= 2);
     loop invariant ((k == 0) && (j == 2) && (flag == \at(flag, Pre))) || (k >= 0);
     loop invariant ((k == 0) && (j == 2) && (flag == \at(flag, Pre))) || (j == 2 * k + 2); // Strengthened invariant
     loop invariant flag == \at(flag, Pre) [INVARIANT FAILED] ;
   */
   while(unknown()){ 
     if (flag)
       j = j + 4;
     else {
       j = j + 2;
       k = k + 1;
     }
   }
            
   /*@ assert (k != 0) ==> (j == 2 * k + 2); */
}

1.  Error Analysis:

The error reported by Frama-C indicates a failure in the preservation of the loop invariant. The specific invariant that is causing issues is the one that asserts an equality constraint: `j == 2 * k + 2`. This invariant is too strong given that `j` is being modified in the loop body, and the relationship between `j` and `k` changes with each iteration. The modifications to `j` depend on the value of `flag`, which means that the relationship asserted by the invariant does not consistently hold after iterations. 

To resolve this, we can replace the equality constraint with a more flexible range constraint that reflects the relationship between `j` and `k`. Instead of asserting that `j` must equal `2 * k + 2`, we can assert that `j` must be at least `2 * k + 2`, which aligns with the operations being performed on `j` in the loop.

2.  Fixed C Code:

```c
int unknown();

void foo(int flag) {
   int j = 2; 
   int k = 0;

   /*@ assert (k == 0) && (j == 2) && (flag == \at(flag, Pre)); */
   
   /*@
     loop invariant ((k == 0) && (j == 2) && (flag == \at(flag, Pre))) || (j >= 2);
     loop invariant ((k == 0) && (j == 2) && (flag == \at(flag, Pre))) || (k >= 0);
     loop invariant ((k == 0) && (j == 2) && (flag == \at(flag, Pre))) || (j >= 2 * k + 2); // Weakened invariant
     loop invariant flag == \at(flag, Pre);
   */
   while(unknown()){ 
     if (flag)
       j = j + 4;
     else {
       j = j + 2;
       k = k + 1;
     }
   }
            
   /*@ assert (k != 0) ==> (j == 2 * k + 2); */
}
```
after weaken

int unknown();

void foo(int flag) {
   int j = 2; 
   int k = 0;

   /*@ assert (k == 0) && (j == 2) && (flag == \at(flag, Pre)); */
   
   /*@
     loop invariant ((k == 0) && (j == 2) && (flag == \at(flag, Pre))) || (j >= 2);
     loop invariant ((k == 0) && (j == 2) && (flag == \at(flag, Pre))) || (k >= 0);
     loop invariant ((k == 0) && (j == 2) && (flag == \at(flag, Pre))) || (j >= 2 * k + 2); // Weakened invariant
     loop invariant flag == \at(flag, Pre);
   */
   while(unknown()){ 
     if (flag)
       j = j + 4;
     else {
       j = j + 2;
       k = k + 1;
     }
   }
            
   /*@ assert (k != 0) ==> (j == 2 * k + 2); */
}

syntax Correct
Validate:
[True, True, True, True]

Verify:
[True, False]

Goal Assertion (file output/013.c, line 25):
Let x = 2 + (2 * k).
Assume {
  Type: is_sint32(j) /\ is_sint32(k).
  (* Goal *)
  When: k != 0.
  (* Invariant *)
  Have: 2 <= j.
  (* Invariant *)
  Have: 0 <= k.
  (* Invariant *)
  Have: x <= j.
}
Prove: x = j.
Prover Z3 4.8.12 returns Timeout (Qed:4ms) (3s)
Error found in file: output/013.c at line: 25
Error line content: /*@ assert (k != 0) ==> (j == 2 * k + 2); */

after hudini

int unknown();

void foo(int flag) {
   int j = 2; 
   int k = 0;

   /*@ assert (k == 0) && (j == 2) && (flag == \at(flag, Pre)); */
   
   /*@
     loop invariant ((k == 0) && (j == 2) && (flag == \at(flag, Pre))) || (j >= 2);
     loop invariant ((k == 0) && (j == 2) && (flag == \at(flag, Pre))) || (k >= 0);
     loop invariant ((k == 0) && (j == 2) && (flag == \at(flag, Pre))) || (j >= 2 * k + 2); // Weakened invariant
     loop invariant flag == \at(flag, Pre);
   */
   while(unknown()){ 
     if (flag)
       j = j + 4;
     else {
       j = j + 2;
       k = k + 1;
     }
   }
            
   /*@ assert (k != 0) ==> (j == 2 * k + 2); */
}

syntax Correct
Validate:
[True, True, True, True]

Verify:
[True, False]

Goal Assertion (file output/013.c, line 25):
Let x = 2 + (2 * k).
Assume {
  Type: is_sint32(j) /\ is_sint32(k).
  (* Goal *)
  When: k != 0.
  (* Invariant *)
  Have: 2 <= j.
  (* Invariant *)
  Have: 0 <= k.
  (* Invariant *)
  Have: x <= j.
}
Prove: x = j.
Prover Z3 4.8.12 returns Timeout (Qed:4ms) (3s)
Error found in file: output/013.c at line: 25
Error line content: /*@ assert (k != 0) ==> (j == 2 * k + 2); */

/*@
     loop invariant ((k == 0) && (j == 2) && (flag == \at(flag, Pre))) || (j >= 2);
     loop invariant ((k == 0) && (j == 2) && (flag == \at(flag, Pre))) || (k >= 0);
     loop invariant ((k == 0) && (j == 2) && (flag == \at(flag, Pre))) || (j >= 2 * k + 2); // Weakened invariant
     loop invariant flag == \at(flag, Pre);
   */
   while(unknown()){ 
     if (flag)
       j = j + 4;
     else {
       j = j + 2;
       k = k + 1;
     }
   }
ç»§ç»­ç¬¦å·æ‰§è¡Œ
/*@ Inv
    (((k == 0) && (j == 2) && (flag == flag@pre)) || (j >= 2)) &&
(((k == 0) && (j == 2) && (flag == flag@pre)) || (k >= 0)) &&
(((k == 0) && (j == 2) && (flag == flag@pre)) || (j >= 2 * k + 2) // Weakened invariant) &&
(flag == flag@pre)
    */
    
   while(unknown()){ 
     if (flag)
       j = j + 4;
     else {
       j = j + 2;
       k = k + 1;
     }
   }
File found: ../sac_c_parser/test/../ip_postcond/goal/013_goal.v. Deleting the file.
File found: ../sac_c_parser/test/../ip_postcond/goal/013_proof_auto.v. Deleting the file.
File found: ../sac_c_parser/test/../ip_postcond/goal/013_proof_manual.v. Deleting the file.
LoopEntry_0:
(k == 0) * (j == 2) * (flag == flag@pre)
[1;31mfatal error: [0mbison: syntax error, unexpected PT_SLASH in ../../LoopInvGen_1/symexe/output/013.c:21:68
Successfully generated loop/013.json
syntax Correct
Validate:
[True, True, True, True]

Verify:
[True, False]

Goal Assertion (file output/013.c, line 25):
Let x = 2 + (2 * k).
Assume {
  Type: is_sint32(j) /\ is_sint32(k).
  (* Goal *)
  When: k != 0.
  (* Invariant *)
  Have: 2 <= j.
  (* Invariant *)
  Have: 0 <= k.
  (* Invariant *)
  Have: x <= j.
}
Prove: x = j.
Prover Z3 4.8.12 returns Timeout (Qed:4ms) (3s)
Error found in file: output/013.c at line: 25
Error line content: /*@ assert (k != 0) ==> (j == 2 * k + 2); */

[(188, 299, 0)]
[(188, 299, 0)]
[(188, 299, 0)]
[(188, 299, 0)]
Loop 0 : Outer
Sorted indices: [0]
File found: ../sac_c_parser/test/../ip_postcond/goal/013_goal.v. Deleting the file.
File found: ../sac_c_parser/test/../ip_postcond/goal/013_proof_auto.v. Deleting the file.
File found: ../sac_c_parser/test/../ip_postcond/goal/013_proof_manual.v. Deleting the file.
LoopEntry_0:
(k == 0) * (j == 2) * (flag == flag@pre)

Successfully generated loop/013.json
INNER_FLAG: False
Variable Maps: [{'k': '0', 'j': '2', 'flag': 'flag@pre'}]
Path conditions: [None]
Pre condition: (k == 0) * (j == 2) * (flag == flag@pre)
Loop Condition: unknown()
Updated Loop Conditions: ['unknown()']
Global Unchanged Variables ['flag']
Non Inductive Variables []
[{'k': '0', 'j': '2', 'flag': 'flag@pre'}]
[None]

            
    /* >>> LOOP INVARIANT TO FILL <<< 
       >>> PRECONDITION OF THE LOOP : (k == 0) * (j == 2) * (flag == \at(flag, Pre)) <<< */
    
            /*@
          loop invariant flag == \at(flag, Pre);
            */
            while(unknown()){ 
     if (flag)
       j = j + 4;
     else {
       j = j + 2;
       k = k + 1;
     }
   }
            

            
    /* >>> LOOP INVARIANT TO FILL <<< 
       >>> PRECONDITION OF THE LOOP : (k == 0) * (j == 2) * (flag == \at(flag, Pre)) <<< */
    
            /*@
          loop invariant  ((k == 0)&&(j == 2)&&(flag == \at(flag, Pre))) || (PLACE_HOLDER_j) ;
          loop invariant  ((k == 0)&&(j == 2)&&(flag == \at(flag, Pre))) || (PLACE_HOLDER_k) ;
          loop invariant flag == \at(flag, Pre);
            */
            while(unknown()){ 
     if (flag)
       j = j + 4;
     else {
       j = j + 2;
       k = k + 1;
     }
   }
            

int unknown();

void foo(int flag) {
   int j = 2; 
   int k = 0;

   
   
            
    /* >>> LOOP INVARIANT TO FILL <<< 
       >>> PRECONDITION OF THE LOOP : (k == 0) * (j == 2) * (flag == \at(flag, Pre)) <<< */
    
            /*@
          loop invariant  ((k == 0)&&(j == 2)&&(flag == \at(flag, Pre))) || (PLACE_HOLDER_j) ;
          loop invariant  ((k == 0)&&(j == 2)&&(flag == \at(flag, Pre))) || (PLACE_HOLDER_k) ;
          loop invariant flag == \at(flag, Pre);
            */
            while(unknown()){ 
     if (flag)
       j = j + 4;
     else {
       j = j + 2;
       k = k + 1;
     }
   }
            
   /*@ assert (k!= 0 )==> (j == 2 * k + 2 ); */
}

### Analysis of the Loop

#### a. Purpose and Structure of the Loop
The objective of the loop is to update the values of `j` and `k` based on the value of `flag` while the condition defined by `unknown()` holds true. The loop modifies the variable `j` by adding `4` if `flag` is true, or adds `2` to `j` and increments `k` by `1` if `flag` is false. The loop continues until the condition provided by `unknown()` evaluates to false.

**Loop Structure:**
- **Loop Condition:** `unknown()`
- **Operations within the Loop:**
  - If `flag` is true, `j` is incremented by `4`.
  - If `flag` is false, `j` is incremented by `2` and `k` is incremented by `1`.
- **Relevant Variables:**
  - `j`: Starts at `2` and is updated on each iteration.
  - `k`: Starts at `0` and is incremented when `flag` is false.

#### b. Discussion of the Loop Invariant
The proposed loop invariant is that `k` remains `0`, `j` is initially `2`, and `flag` retains its initial value throughout the loop's execution. This invariant is valid because:
- It captures the initial conditions and maintains the relationship between `j` and `k` concerning the updates made during the iterations.

#### c. Establishment
Before the loop begins, the values of the variables are `k = 0`, `j = 2`, and `flag` is equal to its initial value as per the pre-condition. Thus, the invariant is established as:
- `((k == 0) && (j == 2) && (flag == \at(flag, Pre)))` holds true before the first iteration.

#### d. Preservation
During each iteration:
- If `flag` is true, `j` increases by `4`, maintaining `j >= 2`.
- If `flag` is false, `j` increases by `2` and `k` increases by `1`, ensuring `k` remains non-negative. The invariant still holds as `k` can only increase and `j` can only increment from its minimum value of `2`.

#### e. Termination Analysis of the Loop
The loop terminates when `unknown()` returns false. At this point:
- Since `k` has not decreased and `j` remains at least `2`, the invariant still holds true.
- The values of `j` and `k` are consistent with the invariant, confirming their relationships established during iterations.

#### f. Correctness of the Post-condition
The post-condition asserts that if `k` is not zero, then `j` equals `2 * k + 2`. Since the loop invariant captures the relationship between `j` and `k`, when the loop terminates, the invariant guarantees that this relationship is maintained, thus ensuring the post-condition is satisfied.

#### g. Implication of the Pre-condition
The pre-condition guarantees that `k` starts at `0`, `j` starts at `2`, and `flag` is equal to its initial value. This initial state satisfies the loop invariant, thereby establishing it before the loop begins execution.

### Complete C Loop Program with Invariant Annotations

```c
int unknown();

void foo(int flag) {
   int j = 2; 
   int k = 0;

   /*@ 
     loop invariant  ((k == 0)&&(j == 2)&&(flag == \at(flag, Pre))) || (j >= 2);
     loop invariant  ((k == 0)&&(j == 2)&&(flag == \at(flag, Pre))) || (k >= 0);
     loop invariant flag == \at(flag, Pre);
   */
   while(unknown()){ 
     if (flag)
       j = j + 4;
     else {
       j = j + 2;
       k = k + 1;
     }
   }

   /*@ assert (k != 0) ==> (j == 2 * k + 2); */
}
``` 

In this code, `PLACE_HOLDER_j` has been filled with `j >= 2` and `PLACE_HOLDER_k` with `k >= 0`, ensuring the loop invariant is adequately satisfied.

int unknown();

void foo(int flag) {
   int j = 2; 
   int k = 0;

   /*@ 
     loop invariant  ((k == 0)&&(j == 2)&&(flag == \at(flag, Pre))) || (j >= 2);
     loop invariant  ((k == 0)&&(j == 2)&&(flag == \at(flag, Pre))) || (k >= 0);
     loop invariant flag == \at(flag, Pre);
   */
   while(unknown()){ 
     if (flag)
       j = j + 4;
     else {
       j = j + 2;
       k = k + 1;
     }
   }

   /*@ assert (k != 0) ==> (j == 2 * k + 2); */
}


int unknown();

void foo(int flag) {
   int j = 2; 
   int k = 0;

   /*@ 
     loop invariant  ((k == 0)&&(j == 2)&&(flag == \at(flag, Pre))) || (j >= 2);
     loop invariant  ((k == 0)&&(j == 2)&&(flag == \at(flag, Pre))) || (k >= 0);
     loop invariant flag == \at(flag, Pre);
   */
   while(unknown()){ 
     if (flag)
       j = j + 4;
     else {
       j = j + 2;
       k = k + 1;
     }
   }

   /*@ assert (k != 0) ==> (j == 2 * k + 2); */
}

syntax Correct
Validate:
[True, True, True]

Verify:
[False]

Goal Assertion (file output/013.c, line 22):
Assume {
  Type: is_sint32(j) /\ is_sint32(k).
  (* Goal *)
  When: k != 0.
  (* Invariant *)
  Have: 2 <= j.
  (* Invariant *)
  Have: 0 <= k.
}
Prove: (2 + (2 * k)) = j.
Prover Z3 4.8.12 returns Timeout (Qed:4ms) (3s)
Error found in file: output/013.c at line: 22
Error line content: /*@ assert (k != 0) ==> (j == 2 * k + 2); */

### Error Analysis:

The error reported indicates that the goal assertion `assert (k != 0) ==> (j == 2 * k + 2);` could not be proven because the loop invariants are not strong enough to establish the necessary relationship between `j` and `k` after the loop terminates. Specifically, while the existing loop invariants ensure that `j` is always greater than or equal to 2 and `k` is always non-negative, they do not capture the precise relationship needed to support the post-condition when `k` is not zero.

To strengthen the loop invariant, we need to establish a relationship that directly correlates the increase in `j` with the increase in `k`. Since `j` increases by 4 when `flag` is true and by 2 when `flag` is false (and `k` is incremented), we can formulate a new invariant that reflects this relationship.

### Fixed C Code:

```c
int unknown();

void foo(int flag) {
   int j = 2; 
   int k = 0;

   /*@ 
     loop invariant  ((k == 0)&&(j == 2)&&(flag == \at(flag, Pre))) || (j == 2 + 2 * k);
     loop invariant  ((k == 0)&&(j == 2)&&(flag == \at(flag, Pre))) || (k >= 0);
     loop invariant flag == \at(flag, Pre);
   */
   while(unknown()){ 
     if (flag)
       j = j + 4;
     else {
       j = j + 2;
       k = k + 1;
     }
   }

   /*@ assert (k != 0) ==> (j == 2 * k + 2); */
}
```
after strength

int unknown();

void foo(int flag) {
   int j = 2; 
   int k = 0;

   /*@ 
     loop invariant  ((k == 0)&&(j == 2)&&(flag == \at(flag, Pre))) || (j == 2 + 2 * k);
     loop invariant  ((k == 0)&&(j == 2)&&(flag == \at(flag, Pre))) || (k >= 0);
     loop invariant flag == \at(flag, Pre);
   */
   while(unknown()){ 
     if (flag)
       j = j + 4;
     else {
       j = j + 2;
       k = k + 1;
     }
   }

   /*@ assert (k != 0) ==> (j == 2 * k + 2); */
}

syntax Correct
Validate:
[False, True, True]

Goal Preservation of Invariant (file output/013.c, line 9):
Assume {
  Type: is_sint32(flag_0) /\ is_sint32(j) /\ is_sint32(j_1) /\
      is_sint32(j_2) /\ is_sint32(j_3) /\ is_sint32(k) /\ is_sint32(k_1) /\
      is_sint32(k_2) /\ is_sint32(tmp_0).
  (* Invariant *)
  Have: ((2 + (2 * k_2)) = j_3) \/ ((j_3 = 2) /\ (k_2 = 0)).
  (* Invariant *)
  Have: (0 <= k_2) \/ ((j_3 = 2) /\ (k_2 = 0)).
  (* Then *)
  Have: tmp_0 != 0.
  If flag_0 != 0
  Then { Have: (j_3 = j_1) /\ (k_2 = k). Have: (4 + j_1) = j. }
  Else {
    Have: (j_3 = j_2) /\ (k_2 = k_1).
    Have: (2 + j_2) = j.
    Have: (1 + k_1) = k.
  }
}
Prove: ((2 + (2 * k)) = j) \/ ((j = 2) /\ (k = 0)).
Prover Z3 4.8.12 returns Timeout (Qed:20ms) (3s)
Error found in file: output/013.c at line: 9
Error line content: loop invariant  ((k == 0)&&(j == 2)&&(flag == \at(flag, Pre))) || (j == 2 + 2 * k);

Verify:
[True]


int unknown();

void foo(int flag) {
   int j = 2; 
   int k = 0;

   /*@ 
     loop invariant  ((k == 0)&&(j == 2)&&(flag == \at(flag, Pre))) || (j == 2 + 2 * k) [INVARIANT FAILED] ;
     loop invariant  ((k == 0)&&(j == 2)&&(flag == \at(flag, Pre))) || (k >= 0);
     loop invariant flag == \at(flag, Pre);
   */
   while(unknown()){ 
     if (flag)
       j = j + 4;
     else {
       j = j + 2;
       k = k + 1;
     }
   }

   /*@ assert (k != 0) ==> (j == 2 * k + 2); */
}

1. **Error Analysis:**

The error indicates a failure in the preservation of the loop invariant during the loop iteration. Specifically, the current invariant `((k == 0)&&(j == 2)&&(flag == \at(flag, Pre))) || (j == 2 + 2 * k)` is too strong because it requires a strict equality relationship that does not hold after the first iteration of the loop, especially when `flag` is true. After adding 4 to `j` when `flag` is true, the relationship between `j` and `k` cannot be maintained as `j` is no longer strictly `2 + 2 * k`. 

To correct this, I will modify the invariant related to `j`. Instead of enforcing an equality condition, I will replace it with a range condition that reflects the growth of `j` based on the operations performed within the loop. This approach allows us to maintain the invariant across iterations without needing to enforce strict equality.

2. **Fixed C Code:**

```c
int unknown();

void foo(int flag) {
   int j = 2; 
   int k = 0;

   /*@ 
     loop invariant  ((k == 0)&&(j == 2)&&(flag == \at(flag, Pre))) || (j >= 2 + 2 * k);
     loop invariant  ((k == 0)&&(j == 2)&&(flag == \at(flag, Pre))) || (k >= 0);
     loop invariant flag == \at(flag, Pre);
   */
   while(unknown()){ 
     if (flag)
       j = j + 4;
     else {
       j = j + 2;
       k = k + 1;
     }
   }

   /*@ assert (k != 0) ==> (j == 2 * k + 2); */
}
```
after weaken

int unknown();

void foo(int flag) {
   int j = 2; 
   int k = 0;

   /*@ 
     loop invariant  ((k == 0)&&(j == 2)&&(flag == \at(flag, Pre))) || (j >= 2 + 2 * k);
     loop invariant  ((k == 0)&&(j == 2)&&(flag == \at(flag, Pre))) || (k >= 0);
     loop invariant flag == \at(flag, Pre);
   */
   while(unknown()){ 
     if (flag)
       j = j + 4;
     else {
       j = j + 2;
       k = k + 1;
     }
   }

   /*@ assert (k != 0) ==> (j == 2 * k + 2); */
}

syntax Correct
Validate:
[True, True, True]

Verify:
[False]

Goal Assertion (file output/013.c, line 22):
Let x = 2 + (2 * k).
Assume {
  Type: is_sint32(j) /\ is_sint32(k).
  (* Goal *)
  When: k != 0.
  (* Invariant *)
  Have: x <= j.
  (* Invariant *)
  Have: 0 <= k.
}
Prove: x = j.
Prover Z3 4.8.12 returns Timeout (Qed:3ms) (3s)
Error found in file: output/013.c at line: 22
Error line content: /*@ assert (k != 0) ==> (j == 2 * k + 2); */

1. **Error Analysis:**

The error indicates that the goal assertion, which is to prove that \( x = j \) (where \( x = 2 + 2 * k \)), fails when \( k \neq 0 \). The current loop invariant states that \( j \) must be at least \( 2 + 2 * k \). This is not strong enough because it only establishes a lower bound for \( j \) rather than ensuring that \( j \) will always equal \( 2 + 2 * k \) after every loop iteration, especially when \( k \) is incremented. 

To resolve this, we need to strengthen the first loop invariant to ensure that it accurately reflects the relationship between \( j \) and \( k \) throughout the loop, particularly ensuring that the equality holds rather than just a lower bound. 

2. **Fixed C Code:**

```c
int unknown();

void foo(int flag) {
   int j = 2; 
   int k = 0;

   /*@ 
     loop invariant  ((k == 0)&&(j == 2)&&(flag == \at(flag, Pre))) || (j == 2 + 2 * k);
     loop invariant  ((k == 0)&&(j == 2)&&(flag == \at(flag, Pre))) || (k >= 0);
     loop invariant flag == \at(flag, Pre);
   */
   while(unknown()){ 
     if (flag)
       j = j + 4;
     else {
       j = j + 2;
       k = k + 1;
     }
   }

   /*@ assert (k != 0) ==> (j == 2 * k + 2); */
}
```
after strength

int unknown();

void foo(int flag) {
   int j = 2; 
   int k = 0;

   /*@ 
     loop invariant  ((k == 0)&&(j == 2)&&(flag == \at(flag, Pre))) || (j == 2 + 2 * k);
     loop invariant  ((k == 0)&&(j == 2)&&(flag == \at(flag, Pre))) || (k >= 0);
     loop invariant flag == \at(flag, Pre);
   */
   while(unknown()){ 
     if (flag)
       j = j + 4;
     else {
       j = j + 2;
       k = k + 1;
     }
   }

   /*@ assert (k != 0) ==> (j == 2 * k + 2); */
}

syntax Correct
Validate:
[False, True, True]

Goal Preservation of Invariant (file output/013.c, line 9):
Assume {
  Type: is_sint32(flag_0) /\ is_sint32(j) /\ is_sint32(j_1) /\
      is_sint32(j_2) /\ is_sint32(j_3) /\ is_sint32(k) /\ is_sint32(k_1) /\
      is_sint32(k_2) /\ is_sint32(tmp_0).
  (* Invariant *)
  Have: ((2 + (2 * k_2)) = j_3) \/ ((j_3 = 2) /\ (k_2 = 0)).
  (* Invariant *)
  Have: (0 <= k_2) \/ ((j_3 = 2) /\ (k_2 = 0)).
  (* Then *)
  Have: tmp_0 != 0.
  If flag_0 != 0
  Then { Have: (j_3 = j_1) /\ (k_2 = k). Have: (4 + j_1) = j. }
  Else {
    Have: (j_3 = j_2) /\ (k_2 = k_1).
    Have: (2 + j_2) = j.
    Have: (1 + k_1) = k.
  }
}
Prove: ((2 + (2 * k)) = j) \/ ((j = 2) /\ (k = 0)).
Prover Z3 4.8.12 returns Timeout (Qed:19ms) (3s)
Error found in file: output/013.c at line: 9
Error line content: loop invariant  ((k == 0)&&(j == 2)&&(flag == \at(flag, Pre))) || (j == 2 + 2 * k);

Verify:
[True]

/*@ 
     loop invariant  ((k == 0)&&(j == 2)&&(flag == \at(flag, Pre))) || (j == 2 + 2 * k);
     loop invariant  ((k == 0)&&(j == 2)&&(flag == \at(flag, Pre))) || (k >= 0);
     loop invariant flag == \at(flag, Pre);
   */
   while(unknown()){ 
     if (flag)
       j = j + 4;
     else {
       j = j + 2;
       k = k + 1;
     }
   }
ç»§ç»­ç¬¦å·æ‰§è¡Œ
/*@ Inv
    (((k == 0)&&(j == 2)&&(flag == flag@pre)) || (j == 2 + 2 * k)) &&
(((k == 0)&&(j == 2)&&(flag == flag@pre)) || (k >= 0)) &&
(flag == flag@pre)
    */
    
   while(unknown()){ 
     if (flag)
       j = j + 4;
     else {
       j = j + 2;
       k = k + 1;
     }
   }
File found: ../sac_c_parser/test/../ip_postcond/goal/013_goal.v. Deleting the file.
File found: ../sac_c_parser/test/../ip_postcond/goal/013_proof_auto.v. Deleting the file.
File found: ../sac_c_parser/test/../ip_postcond/goal/013_proof_manual.v. Deleting the file.
LoopEntry_0:
(k == 0) * (j == 2) * (flag == flag@pre)
[1;31mfatal error: [0minvariant case is branching in ../../LoopInvGen_1/symexe/output/013.c:22:6
Successfully generated loop/013.json
syntax Correct
Validate:
[False, True, True]

Goal Preservation of Invariant (file output/013.c, line 9):
Assume {
  Type: is_sint32(flag_0) /\ is_sint32(j) /\ is_sint32(j_1) /\
      is_sint32(j_2) /\ is_sint32(j_3) /\ is_sint32(k) /\ is_sint32(k_1) /\
      is_sint32(k_2) /\ is_sint32(tmp_0).
  (* Invariant *)
  Have: ((2 + (2 * k_2)) = j_3) \/ ((j_3 = 2) /\ (k_2 = 0)).
  (* Invariant *)
  Have: (0 <= k_2) \/ ((j_3 = 2) /\ (k_2 = 0)).
  (* Then *)
  Have: tmp_0 != 0.
  If flag_0 != 0
  Then { Have: (j_3 = j_1) /\ (k_2 = k). Have: (4 + j_1) = j. }
  Else {
    Have: (j_3 = j_2) /\ (k_2 = k_1).
    Have: (2 + j_2) = j.
    Have: (1 + k_1) = k.
  }
}
Prove: ((2 + (2 * k)) = j) \/ ((j = 2) /\ (k = 0)).
Prover Z3 4.8.12 returns Timeout (Qed:19ms) (3s)
Error found in file: output/013.c at line: 9
Error line content: loop invariant  ((k == 0)&&(j == 2)&&(flag == \at(flag, Pre))) || (j == 2 + 2 * k);

Verify:
[True]

[(188, 299, 0)]
[(188, 299, 0)]
[(188, 299, 0)]
[(188, 299, 0)]
Loop 0 : Outer
Sorted indices: [0]
File found: ../sac_c_parser/test/../ip_postcond/goal/013_goal.v. Deleting the file.
File found: ../sac_c_parser/test/../ip_postcond/goal/013_proof_auto.v. Deleting the file.
File found: ../sac_c_parser/test/../ip_postcond/goal/013_proof_manual.v. Deleting the file.
LoopEntry_0:
(k == 0) * (j == 2) * (flag == flag@pre)

Successfully generated loop/013.json
INNER_FLAG: False
Variable Maps: [{'k': '0', 'j': '2', 'flag': 'flag@pre'}]
Path conditions: [None]
Pre condition: (k == 0) * (j == 2) * (flag == flag@pre)
Loop Condition: unknown()
Updated Loop Conditions: ['unknown()']
Global Unchanged Variables ['flag']
Non Inductive Variables []
[{'k': '0', 'j': '2', 'flag': 'flag@pre'}]
[None]

            
    /* >>> LOOP INVARIANT TO FILL <<< 
       >>> PRECONDITION OF THE LOOP : (k == 0) * (j == 2) * (flag == \at(flag, Pre)) <<< */
    
            /*@
          loop invariant flag == \at(flag, Pre);
            */
            while(unknown()){ 
     if (flag)
       j = j + 4;
     else {
       j = j + 2;
       k = k + 1;
     }
   }
            

            
    /* >>> LOOP INVARIANT TO FILL <<< 
       >>> PRECONDITION OF THE LOOP : (k == 0) * (j == 2) * (flag == \at(flag, Pre)) <<< */
    
            /*@
          loop invariant  ((k == 0)&&(j == 2)&&(flag == \at(flag, Pre))) || (PLACE_HOLDER_j) ;
          loop invariant  ((k == 0)&&(j == 2)&&(flag == \at(flag, Pre))) || (PLACE_HOLDER_k) ;
          loop invariant flag == \at(flag, Pre);
            */
            while(unknown()){ 
     if (flag)
       j = j + 4;
     else {
       j = j + 2;
       k = k + 1;
     }
   }
            

int unknown();

void foo(int flag) {
   int j = 2; 
   int k = 0;

   
   
            
    /* >>> LOOP INVARIANT TO FILL <<< 
       >>> PRECONDITION OF THE LOOP : (k == 0) * (j == 2) * (flag == \at(flag, Pre)) <<< */
    
            /*@
          loop invariant  ((k == 0)&&(j == 2)&&(flag == \at(flag, Pre))) || (PLACE_HOLDER_j) ;
          loop invariant  ((k == 0)&&(j == 2)&&(flag == \at(flag, Pre))) || (PLACE_HOLDER_k) ;
          loop invariant flag == \at(flag, Pre);
            */
            while(unknown()){ 
     if (flag)
       j = j + 4;
     else {
       j = j + 2;
       k = k + 1;
     }
   }
            
   /*@ assert (k!= 0 )==> (j == 2 * k + 2 ); */
}

### Analysis of the Loop

#### a. Purpose and Structure of the Loop:
The purpose of the loop in the given C program is to modify the variables `j` and `k` based on the value of `flag` while an unspecified condition (determined by the function `unknown()`) holds true. The intended outcome is to eventually end the loop when `unknown()` evaluates to false, at which point we want to establish a relationship between `j` and `k` as specified in the post-condition.

The loop's structure consists of:
- A while loop that continues executing as long as `unknown()` is true.
- Inside the loop:
  - If `flag` is true, `j` is incremented by 4.
  - If `flag` is false, `j` is incremented by 2, and `k` is incremented by 1.
  
The relevant variables are:
- `j`: starts at 2 and is modified based on the value of `flag`.
- `k`: starts at 0 and is incremented when `flag` is false.

#### b. Discussion of the Loop Invariant:
A proposed loop invariant could be:
- `j >= 2`: since `j` starts at 2 and only increases.
- `k >= 0`: since `k` starts at 0 and only increases.
- `j == 2 * k + 2`: captures the relationship between `j` and `k`, which is necessary to satisfy the post-condition.

This invariant is valid because it captures the initial state and the transformations applied to `j` and `k` during the loop execution.

#### c. Establishment:
Before the loop begins execution, we have the pre-condition `(k == 0) * (j == 2) * (flag == \at(flag, Pre))`. The invariant `j >= 2` holds because `j` is initialized to 2, and `k >= 0` holds because `k` is initialized to 0. The relationship `j == 2 * k + 2` also holds since substituting `k = 0` gives `j = 2 * 0 + 2`, which is true.

#### d. Preservation:
At the start of each iteration, we have the invariant true:
- If `flag` is true, `j` increments by 4, thus `j >= 2` still holds.
- If `flag` is false, `j` increments by 2 and `k` increments by 1. Then `j` is updated to `2 + 2k + 2`, which can be shown to maintain the relationship `j == 2 * k + 2`.

Thus, the invariant holds true at the end of each iteration.

#### e. Termination Analysis of the Loop:
The loop terminates when `unknown()` becomes false. At that point, we know:
- The relationship `j == 2 * k + 2` holds according to the invariant and the loop's structure.
- `k` is non-negative (since it can only increment), and `j` has increased from its initial value of 2.

Thus, the loop invariant remains true when the loop terminates.

#### f. Correctness of the Post-condition:
The post-condition states that if `k != 0`, then `j == 2 * k + 2`. When the loop terminates, if `k` is non-zero, the invariant `j == 2 * k + 2` ensures that this relationship holds true, thus validating the post-condition.

#### g. Implication of the Pre-condition:
The pre-condition guarantees that before the loop starts, `k` and `j` are initialized to values that satisfy the loop invariant. Specifically, `j = 2` and `k = 0`, which means the invariant is established from the beginning of the loop execution.

### Completed C Loop Program with Invariant Annotations

```c
int unknown();

void foo(int flag) {
   int j = 2; 
   int k = 0;

   /*@ 
     loop invariant  (k >= 0) && (j >= 2) && (j == 2 * k + 2);
     loop invariant  flag == \at(flag, Pre);
   */
   while(unknown()){ 
     if (flag)
       j = j + 4;
     else {
       j = j + 2;
       k = k + 1;
     }
   }
   /*@ assert (k != 0) ==> (j == 2 * k + 2); */
}
``` 

The placeholders have been filled with appropriate logical expressions that maintain the correctness of the loop invariant as required.

int unknown();

void foo(int flag) {
   int j = 2; 
   int k = 0;

   /*@ 
     loop invariant  (k >= 0) && (j >= 2) && (j == 2 * k + 2);
     loop invariant  flag == \at(flag, Pre);
   */
   while(unknown()){ 
     if (flag)
       j = j + 4;
     else {
       j = j + 2;
       k = k + 1;
     }
   }
   /*@ assert (k != 0) ==> (j == 2 * k + 2); */
}


int unknown();

void foo(int flag) {
   int j = 2; 
   int k = 0;

   /*@ 
     loop invariant  (k >= 0) && (j >= 2) && (j == 2 * k + 2);
     loop invariant  flag == \at(flag, Pre);
   */
   while(unknown()){ 
     if (flag)
       j = j + 4;
     else {
       j = j + 2;
       k = k + 1;
     }
   }
   /*@ assert (k != 0) ==> (j == 2 * k + 2); */
}

syntax Correct
Validate:
[False, True]

Goal Preservation of Invariant (file output/013.c, line 9):
Assume {
  Type: is_sint32(flag_0) /\ is_sint32(j) /\ is_sint32(k) /\
      is_sint32(k_1) /\ is_sint32(tmp_0) /\ is_sint32(2 + (2 * k_1)).
  (* Invariant *)
  Have: 0 <= k_1.
  (* Then *)
  Have: tmp_0 != 0.
  If flag_0 != 0
  Then { Have: k_1 = k. Have: (6 + (2 * k)) = j. }
  Else { Have: (4 + (2 * k_1)) = j. Have: (1 + k_1) = k. }
}
Prove: ((2 + (2 * k)) = j) /\ (0 <= k) /\ (2 <= j).
Prover Z3 4.8.12 returns Timeout (Qed:24ms) (3s)
Error found in file: output/013.c at line: 9
Error line content: loop invariant  (k >= 0) && (j >= 2) && (j == 2 * k + 2);

Verify:
[True]


int unknown();

void foo(int flag) {
   int j = 2; 
   int k = 0;

   /*@ 
     loop invariant  (k >= 0) && (j >= 2) && (j == 2 * k + 2) [INVARIANT FAILED] ;
     loop invariant  flag == \at(flag, Pre);
   */
   while(unknown()){ 
     if (flag)
       j = j + 4;
     else {
       j = j + 2;
       k = k + 1;
     }
   }
   /*@ assert (k != 0) ==> (j == 2 * k + 2); */
}

### Error Analysis:

The primary issue reported is with the "Goal Preservation of Invariant." The invariant `j == 2 * k + 2` is too strong given the operations performed inside the loop. Specifically, the loop alters the value of `j` based on the value of `flag`, but since `k` can be incremented under certain conditions, the relationship between `j` and `k` may not hold after each iteration. 

To address this, we need to replace the strict equality constraint `j == 2 * k + 2` with a range constraint that allows for the variations in `j` based on the operations. Given that `j` can increase by either 2 or 4, we can alter the invariant to reflect that `j` should always be at least `2 * k + 2`, allowing for the changes that occur during the loop.

### Fixed C Code:

```c
int unknown();

void foo(int flag) {
   int j = 2; 
   int k = 0;

   /*@ 
     loop invariant  (k >= 0) && (j >= 2) && (j >= 2 * k + 2) ; // Modified invariant
     loop invariant  flag == \at(flag, Pre);
   */
   while(unknown()){ 
     if (flag)
       j = j + 4;
     else {
       j = j + 2;
       k = k + 1;
     }
   }
   /*@ assert (k != 0) ==> (j == 2 * k + 2); */
}
```
after weaken

int unknown();

void foo(int flag) {
   int j = 2; 
   int k = 0;

   /*@ 
     loop invariant  (k >= 0) && (j >= 2) && (j >= 2 * k + 2) ; // Modified invariant
     loop invariant  flag == \at(flag, Pre);
   */
   while(unknown()){ 
     if (flag)
       j = j + 4;
     else {
       j = j + 2;
       k = k + 1;
     }
   }
   /*@ assert (k != 0) ==> (j == 2 * k + 2); */
}

syntax Correct
Validate:
[True, True]

Verify:
[False]

Goal Assertion (file output/013.c, line 20):
Let x = 2 + (2 * k).
Assume {
  Type: is_sint32(j) /\ is_sint32(k).
  (* Goal *)
  When: k != 0.
  (* Invariant *)
  Have: (0 <= k) /\ (2 <= j) /\ (x <= j).
}
Prove: x = j.
Prover Z3 4.8.12 returns Timeout (Qed:4ms) (3s)
Error found in file: output/013.c at line: 20
Error line content: /*@ assert (k != 0) ==> (j == 2 * k + 2); */

1. **Error Analysis:**

The error message indicates that the post-condition assertion `/*@ assert (k != 0) ==> (j == 2 * k + 2); */` is not sufficiently strong to guarantee that `j` equals `2 + (2 * k)` when `k` is not zero. The current invariant `j >= 2 * k + 2` is not sufficient to ensure that `j` is exactly equal to `2 * k + 2` when `k != 0`. 

To address this issue, we need to strengthen the loop invariant. The invariant must ensure that, after the loop terminates (when `unknown()` becomes false), the relationship between `j` and `k` is exact. By strengthening the invariant to explicitly include the condition that `j` is equal to `2 * k + 2`, we can ensure that the assertion can be proven.

2. **Fixed C Code:**

```c
int unknown();

void foo(int flag) {
   int j = 2; 
   int k = 0;

   /*@ 
     loop invariant  (k >= 0) && (j >= 2) && (j == 2 * k + 2) ; // Strengthened invariant
     loop invariant  flag == \at(flag, Pre);
   */
   while(unknown()){ 
     if (flag)
       j = j + 4;
     else {
       j = j + 2;
       k = k + 1;
     }
   }
   /*@ assert (k != 0) ==> (j == 2 * k + 2); */
}
```
after strength

int unknown();

void foo(int flag) {
   int j = 2; 
   int k = 0;

   /*@ 
     loop invariant  (k >= 0) && (j >= 2) && (j == 2 * k + 2) ; // Strengthened invariant
     loop invariant  flag == \at(flag, Pre);
   */
   while(unknown()){ 
     if (flag)
       j = j + 4;
     else {
       j = j + 2;
       k = k + 1;
     }
   }
   /*@ assert (k != 0) ==> (j == 2 * k + 2); */
}

syntax Correct
Validate:
[False, True]

Goal Preservation of Invariant (file output/013.c, line 9):
Assume {
  Type: is_sint32(flag_0) /\ is_sint32(j) /\ is_sint32(k) /\
      is_sint32(k_1) /\ is_sint32(tmp_0) /\ is_sint32(2 + (2 * k_1)).
  (* Invariant *)
  Have: 0 <= k_1.
  (* Then *)
  Have: tmp_0 != 0.
  If flag_0 != 0
  Then { Have: k_1 = k. Have: (6 + (2 * k)) = j. }
  Else { Have: (4 + (2 * k_1)) = j. Have: (1 + k_1) = k. }
}
Prove: ((2 + (2 * k)) = j) /\ (0 <= k) /\ (2 <= j).
Prover Z3 4.8.12 returns Timeout (Qed:25ms) (3s)
Error found in file: output/013.c at line: 9
Error line content: loop invariant  (k >= 0) && (j >= 2) && (j == 2 * k + 2) ; // Strengthened invariant

Verify:
[True]


int unknown();

void foo(int flag) {
   int j = 2; 
   int k = 0;

   /*@ 
     loop invariant  (k >= 0) && (j >= 2) && (j == 2 * k + 2) ; // Strengthened invariant
     loop invariant  flag == \at(flag, Pre) [INVARIANT FAILED] ;
   */
   while(unknown()){ 
     if (flag)
       j = j + 4;
     else {
       j = j + 2;
       k = k + 1;
     }
   }
   /*@ assert (k != 0) ==> (j == 2 * k + 2); */
}

1. **Error Analysis:**

The error indicates a failure in the preservation of the loop invariant. The specific invariant `(k >= 0) && (j >= 2) && (j == 2 * k + 2)` has been deemed too strong for the inductive step of the loop, particularly due to the equality constraint `j == 2 * k + 2`. This equality is not preserved through all iterations because the variable `j` can be modified in multiple ways depending on the value of `flag`. The modifications to `j` (either `j = j + 4` or `j = j + 2`) result in values that may not satisfy the equality `j == 2 * k + 2` after the loop iterations. 

To address this, the invariant should be weakened by replacing the equality condition with a range constraint that reflects the possible values of `j` given the operations performed inside the loop. Hence, I will modify the invariant to ensure it accounts for the possible increase of `j` while still maintaining its lower bound.

2. **Fixed C Code:**

```c
int unknown();

void foo(int flag) {
   int j = 2; 
   int k = 0;

   /*@ 
     loop invariant  (k >= 0) && (j >= 2) && (j >= 2 * k + 2) && (j <= 2 * k + 6) ; // Weakened invariant
     loop invariant  flag == \at(flag, Pre);
   */
   while(unknown()){ 
     if (flag)
       j = j + 4;
     else {
       j = j + 2;
       k = k + 1;
     }
   }
   /*@ assert (k != 0) ==> (j == 2 * k + 2); */
}
```
after weaken

int unknown();

void foo(int flag) {
   int j = 2; 
   int k = 0;

   /*@ 
     loop invariant  (k >= 0) && (j >= 2) && (j >= 2 * k + 2) && (j <= 2 * k + 6) ; // Weakened invariant
     loop invariant  flag == \at(flag, Pre);
   */
   while(unknown()){ 
     if (flag)
       j = j + 4;
     else {
       j = j + 2;
       k = k + 1;
     }
   }
   /*@ assert (k != 0) ==> (j == 2 * k + 2); */
}

syntax Correct
Validate:
[False, True]

Goal Preservation of Invariant (file output/013.c, line 9):
Let x = 2 * k_2.
Let x_1 = 2 * k.
Assume {
  Type: is_sint32(flag_0) /\ is_sint32(j) /\ is_sint32(j_1) /\
      is_sint32(j_2) /\ is_sint32(j_3) /\ is_sint32(k) /\ is_sint32(k_1) /\
      is_sint32(k_2) /\ is_sint32(tmp_0).
  (* Invariant *)
  Have: (0 <= k_2) /\ (2 <= j_3) /\ ((2 + x) <= j_3) /\ (j_3 <= (6 + x)).
  (* Then *)
  Have: tmp_0 != 0.
  If flag_0 != 0
  Then { Have: (j_3 = j_1) /\ (k_2 = k). Have: (4 + j_1) = j. }
  Else {
    Have: (j_3 = j_2) /\ (k_2 = k_1).
    Have: (2 + j_2) = j.
    Have: (1 + k_1) = k.
  }
}
Prove: (0 <= k) /\ (2 <= j) /\ ((2 + x_1) <= j) /\ (j <= (6 + x_1)).
Prover Z3 4.8.12 returns Timeout (Qed:20ms) (3s)
Error found in file: output/013.c at line: 9
Error line content: loop invariant  (k >= 0) && (j >= 2) && (j >= 2 * k + 2) && (j <= 2 * k + 6) ; // Weakened invariant

Verify:
[False]

Goal Assertion (file output/013.c, line 20):
Let x = 2 * k.
Let x_1 = 2 + x.
Assume {
  Type: is_sint32(j) /\ is_sint32(k).
  (* Goal *)
  When: k != 0.
  (* Invariant *)
  Have: (0 <= k) /\ (2 <= j) /\ (x_1 <= j) /\ (j <= (6 + x)).
}
Prove: x_1 = j.
Prover Z3 4.8.12 returns Timeout (Qed:4ms) (3s)
Error found in file: output/013.c at line: 20
Error line content: /*@ assert (k != 0) ==> (j == 2 * k + 2); */

after hudini

int unknown();

void foo(int flag) {
   int j = 2; 
   int k = 0;

   /*@   */
   while(unknown()){ 
     if (flag)
       j = j + 4;
     else {
       j = j + 2;
       k = k + 1;
     }
   }
   /*@ assert (k != 0) ==> (j == 2 * k + 2); */
}

syntax Error
[kernel] Parsing output/013.c (with preprocessing)
[kernel:annot-error] output/013.c:8: Warning: unexpected token ''
[kernel] User Error: warning annot-error treated as fatal error.
[kernel] Frama-C aborted: invalid user input.

syntax Error
[kernel] Parsing output/013.c (with preprocessing)
[kernel:annot-error] output/013.c:8: Warning: unexpected token ''
[kernel] User Error: warning annot-error treated as fatal error.
[kernel] Frama-C aborted: invalid user input.

/*@   */
   while(unknown()){ 
     if (flag)
       j = j + 4;
     else {
       j = j + 2;
       k = k + 1;
     }
   }
ç»§ç»­ç¬¦å·æ‰§è¡Œ
/*@ Inv
    
    */
    
   while(unknown()){ 
     if (flag)
       j = j + 4;
     else {
       j = j + 2;
       k = k + 1;
     }
   }
File found: ../sac_c_parser/test/../ip_postcond/goal/013_goal.v. Deleting the file.
File found: ../sac_c_parser/test/../ip_postcond/goal/013_proof_auto.v. Deleting the file.
File found: ../sac_c_parser/test/../ip_postcond/goal/013_proof_manual.v. Deleting the file.
LoopEntry_0:
(k == 0) * (j == 2) * (flag == flag@pre)
[1;31mfatal error: [0mbison: syntax error, unexpected PT_STARSLASH in ../../LoopInvGen_1/symexe/output/013.c:20:6
Successfully generated loop/013.json
syntax Error
[kernel] Parsing output/013.c (with preprocessing)
[kernel:annot-error] output/013.c:8: Warning: unexpected token ''
[kernel] User Error: warning annot-error treated as fatal error.
[kernel] Frama-C aborted: invalid user input.

å·²ç§»åŠ¨æ–‡ä»¶: 013.c -> finish1
-----------------------------------------

æ–‡ä»¶ 013.c å¤„ç†å®Œæˆ. æ€»è€—æ—¶: 547.1173436641693
-----------------------------------------
finshed_files:['030.c', '028.c', '035.c', '021.c', '03.c', '024.c', '011.c', '016.c', '04.c', '015.c', '01.c', '018.c', '046.c', '038.c', '040.c', '039.c', '020.c', '043.c', '07.c', '013.c']
