file:018.c
Successfully generated loop/018.json
INNER_FLAG: False
Variable Maps: [{'j': '0', 'b': '0', 'a': 'a@pre', 'flag': 'flag@pre'}]
Path conditions: ['flag@pre > 0']
Pre condition: flag@pre > 0 && (j == 0) * (b == 0) * (a == a@pre) * (flag == flag@pre)
Loop Condition: b < 100
Updated Loop Conditions: ['0 < 100']
Global Unchanged Variables ['a', 'flag']
Non Inductive Variables []
[{'j': '0', 'b': '0', 'a': 'a@pre', 'flag': 'flag@pre'}]
['flag@pre > 0']

            
    /* >>> LOOP INVARIANT TO FILL <<< 
       >>> PRECONDITION OF THE LOOP : \at(flag, Pre) > 0 && (j == 0) * (b == 0) * (a == \at(a, Pre)) * (flag == \at(flag, Pre)) <<< */
    
            /*@
          loop invariant (\at(flag, Pre) > 0) ==> (a == \at(a, Pre));
          loop invariant (\at(flag, Pre) > 0) ==> (flag == \at(flag, Pre));
            */
            for (b = 0; b < 100 ; ++b){
      if (flag)
         j = j + 1;
   }
            

            
    /* >>> LOOP INVARIANT TO FILL <<< 
       >>> PRECONDITION OF THE LOOP : \at(flag, Pre) > 0 && (j == 0) * (b == 0) * (a == \at(a, Pre)) * (flag == \at(flag, Pre)) <<< */
    
            /*@
          loop invariant  (\at(flag, Pre) > 0) ==> (((j == 0)&&(b == 0)&&(a == \at(a, Pre))&&(flag == \at(flag, Pre))) || (PLACE_HOLDER_b)) ;
          loop invariant  (\at(flag, Pre) > 0) ==> (((j == 0)&&(b == 0)&&(a == \at(a, Pre))&&(flag == \at(flag, Pre))) || (PLACE_HOLDER_j)) ;
          loop invariant (\at(flag, Pre) > 0) ==> (a == \at(a, Pre));
          loop invariant (\at(flag, Pre) > 0) ==> (flag == \at(flag, Pre));
            */
            for (b = 0; b < 100 ; ++b){
      if (flag)
         j = j + 1;
   }
            

/*@
requires flag > 0;
*/
void foo(int flag, int a) {
   int b = 0;
   int j = 0;
 
   
            
    /* >>> LOOP INVARIANT TO FILL <<< 
       >>> PRECONDITION OF THE LOOP : \at(flag, Pre) > 0 && (j == 0) * (b == 0) * (a == \at(a, Pre)) * (flag == \at(flag, Pre)) <<< */
    
            /*@
          loop invariant  (\at(flag, Pre) > 0) ==> (((j == 0)&&(b == 0)&&(a == \at(a, Pre))&&(flag == \at(flag, Pre))) || (PLACE_HOLDER_b)) ;
          loop invariant  (\at(flag, Pre) > 0) ==> (((j == 0)&&(b == 0)&&(a == \at(a, Pre))&&(flag == \at(flag, Pre))) || (PLACE_HOLDER_j)) ;
          loop invariant (\at(flag, Pre) > 0) ==> (a == \at(a, Pre));
          loop invariant (\at(flag, Pre) > 0) ==> (flag == \at(flag, Pre));
            */
            for (b = 0; b < 100 ; ++b){
      if (flag)
         j = j + 1;
   }
            

   /*@ assert falg ==> (j == 100); */
}
Let's break down the provided C loop program and generate the necessary loop invariants in ACSL (ANSI/ISO C Specification Language) annotations.

### a. Purpose and Structure of the Loop
The objective of the loop is to count how many times the variable `flag` is non-zero within the range of `b` from `0` to `99`. The intended outcome is that after the loop finishes executing, the variable `j` should equal `100` if `flag` is greater than zero.

The loop has the following structure:
- It initializes `b` to `0` and continues iterating until `b` is no longer less than `100`.
- Within the loop body, if `flag` is greater than zero, the variable `j` is incremented by `1`.

### b. Discussion of the Loop Invariant
A proposed loop invariant could be that:
- `j` is always less than or equal to `b` within the loop, and since `b` is incremented from `0` to `99`, `j` should range between `0` and `100`.

This invariant is valid because:
- At the start of the loop, `b` is `0` and `j` is also initialized to `0`, satisfying the condition.
- If the `flag` is greater than `0`, `j` increments; otherwise, it remains unchanged. Thus, the invariant holds true throughout the iterations.

### c. Establishment
Before the loop begins execution, we have:
- `b == 0` and `j == 0`
Thus, the invariant `j <= b` holds true because `0 <= 0` is true. Therefore, the establishment condition is satisfied.

### d. Preservation
During each iteration:
- If `flag` is true, `j` is incremented by `1`, and `b` is incremented by `1`. After the increment, `j` becomes `j + 1` and `b` becomes `b + 1`.
- If `flag` is false, `j` remains unchanged while `b` increments. In both cases, `j` will never exceed `b`, ensuring that the invariant is preserved.

### e. Termination Analysis of the Loop
When the loop terminates (when `b` reaches `100`), we have:
- The condition `b < 100` is false.
- The value of `j` can range from `0` to `100`, depending on how many times `flag` was greater than `0` during the iterations, ensuring that `j <= b` holds.

### f. Correctness of the Post-condition
The post-condition asserts that if `flag > 0`, then `j` should be `100`. The loop invariant `j <= b` ensures that if the loop runs and `flag` is positive, `j` will increment each time `flag` is true. Since the loop runs `100` times, if `flag` is positive throughout, `j` will indeed equal `100`.

### g. Implication of the Pre-condition
The given pre-condition states that `flag > 0` before the loop begins. This ensures that the invariant `j <= b` is established because `j` starts at `0` and the loop increments `j` based on the value of `flag`. Therefore, the pre-condition guarantees that the invariant holds before the loop starts.

### Complete C Loop Program with Invariant Annotations
```c
/*@
requires flag > 0;
*/
void foo(int flag, int a) {
   int b = 0;
   int j = 0;

   /* >>> LOOP INVARIANT TO FILL <<< 
      >>> PRECONDITION OF THE LOOP : \at(flag, Pre) > 0 && (j == 0) * (b == 0) * (a == \at(a, Pre)) * (flag == \at(flag, Pre)) <<< */
    
   /*@
     loop invariant  (\at(flag, Pre) > 0) ==> ((j <= b) && (b >= 0) && (b < 100) && (a == \at(a, Pre)) && (flag == \at(flag, Pre)));
   */
   for (b = 0; b < 100; ++b) {
      if (flag)
         j = j + 1;
   }

   /*@ assert flag ==> (j == 100); */
}
```

This complete program includes the necessary loop invariants filled in, providing Frama-C with the annotations it needs to verify the properties of the program.

/*@
requires flag > 0;
*/
void foo(int flag, int a) {
   int b = 0;
   int j = 0;

   /* >>> LOOP INVARIANT TO FILL <<< 
      >>> PRECONDITION OF THE LOOP : \at(flag, Pre) > 0 && (j == 0) * (b == 0) * (a == \at(a, Pre)) * (flag == \at(flag, Pre)) <<< */
    
   /*@
     loop invariant  (\at(flag, Pre) > 0) ==> ((j <= b) && (b >= 0) && (b < 100) && (a == \at(a, Pre)) && (flag == \at(flag, Pre)));
   */
   for (b = 0; b < 100; ++b) {
      if (flag)
         j = j + 1;
   }

   /*@ assert flag ==> (j == 100); */
}


/*@
requires flag > 0;
*/
void foo(int flag, int a) {
   int b = 0;
   int j = 0;

   /* >>> LOOP INVARIANT TO FILL <<< 
      >>> PRECONDITION OF THE LOOP : \at(flag, Pre) > 0 && (j == 0) * (b == 0) * (a == \at(a, Pre)) * (flag == \at(flag, Pre)) <<< */
    
   /*@
     loop invariant  (\at(flag, Pre) > 0) ==> ((j <= b) && (b >= 0) && (b < 100) && (a == \at(a, Pre)) && (flag == \at(flag, Pre)));
   */
   for (b = 0; b < 100; ++b) {
      if (flag)
         j = j + 1;
   }

   /*@ assert flag ==> (j == 100); */
}

syntax Correct
Validate:
[False]

Goal Preservation of Invariant (file output/018.c, line 13):
Assume {
  Type: is_sint32(b) /\ is_sint32(flag_0) /\ is_sint32(j) /\
      is_sint32(1 + b) /\ is_sint32(1 + j).
  (* Goal *)
  When: 0 < flag_0.
  (* Invariant *)
  Have: (0 <= b) /\ (j <= b) /\ (b <= 99).
}
Prove: ((-1) <= b) /\ (b <= 98).
Prover Z3 4.8.12 returns Timeout (Qed:9ms) (3s)
Error found in file: output/018.c at line: 13
Error line content: loop invariant  (\at(flag, Pre) > 0) ==> ((j <= b) && (b >= 0) && (b < 100) && (a == \at(a, Pre)) && (flag == \at(flag, Pre)));

Verify:
[True]


/*@
requires flag > 0;
*/
void foo(int flag, int a) {
   int b = 0;
   int j = 0;

   /* >>> LOOP INVARIANT TO FILL <<< 
      >>> PRECONDITION OF THE LOOP : \at(flag, Pre) > 0 && (j == 0) * (b == 0) * (a == \at(a, Pre)) * (flag == \at(flag, Pre)) <<< */
    
   /*@
     loop invariant  (\at(flag, Pre) > 0) ==> ((j <= b) && (b >= 0) && (b < 100) && (a == \at(a, Pre)) && (flag == \at(flag, Pre))) [INVARIANT FAILED] ;
   */
   for (b = 0; b < 100; ++b) {
      if (flag)
         j = j + 1;
   }

   /*@ assert flag ==> (j == 100); */
}

### Error Analysis:

The error message indicates a failure in the preservation of the loop invariant. The current invariant states:

```c
loop invariant  (\at(flag, Pre) > 0) ==> ((j <= b) && (b >= 0) && (b < 100) && (a == \at(a, Pre)) && (flag == \at(flag, Pre)));
```

The failures in preservation are likely due to the constraints on `j` and `b`. Specifically, the loop modifies `j` without directly constraining it in relation to `b` after each iteration. The invariant must ensure that `j` remains less than or equal to `b` throughout the loop, but the induction does not account for the increment operation on `j`. 

To fix the preservation failure, we can replace the strict equality constraints on `b` with a more general range constraint since the loop increments `b` until it reaches 100. The preservation condition should reflect that at the end of the loop iteration, `b` is still less than 100 and `j` is constrained by its maximum possible value.

### Fixed C Code:

```c
/*@
requires flag > 0;
*/
void foo(int flag, int a) {
   int b = 0;
   int j = 0;

   /* >>> LOOP INVARIANT TO FILL <<< 
      >>> PRECONDITION OF THE LOOP : \at(flag, Pre) > 0 && (j == 0) * (b == 0) * (a == \at(a, Pre)) * (flag == \at(flag, Pre)) <<< */
    
   /*@
     loop invariant  (\at(flag, Pre) > 0) ==> ((j <= b) && (b >= 0) && (b < 100) && (a == \at(a, Pre)) && (flag == \at(flag, Pre)));
     loop invariant  (\at(flag, Pre) > 0) ==> (b <= 99);
   */
   for (b = 0; b < 100; ++b) {
      if (flag)
         j = j + 1;
   }

   /*@ assert flag ==> (j == 100); */
}
``` 

In this corrected version, the invariant has been simplified to include the condition that `b` is always less than or equal to 99, which allows `j` to increment up to 100 when the flag is true, thereby ensuring the preservation condition is met.
after weaken

/*@
requires flag > 0;
*/
void foo(int flag, int a) {
   int b = 0;
   int j = 0;

   /* >>> LOOP INVARIANT TO FILL <<< 
      >>> PRECONDITION OF THE LOOP : \at(flag, Pre) > 0 && (j == 0) * (b == 0) * (a == \at(a, Pre)) * (flag == \at(flag, Pre)) <<< */
    
   /*@
     loop invariant  (\at(flag, Pre) > 0) ==> ((j <= b) && (b >= 0) && (b < 100) && (a == \at(a, Pre)) && (flag == \at(flag, Pre)));
     loop invariant  (\at(flag, Pre) > 0) ==> (b <= 99);
   */
   for (b = 0; b < 100; ++b) {
      if (flag)
         j = j + 1;
   }

   /*@ assert flag ==> (j == 100); */
}

syntax Correct
Validate:
[False, True]

Goal Preservation of Invariant (file output/018.c, line 13):
Assume {
  Type: is_sint32(b) /\ is_sint32(flag_0) /\ is_sint32(j) /\
      is_sint32(1 + b) /\ is_sint32(1 + j).
  (* Goal *)
  When: 0 < flag_0.
  (* Invariant *)
  Have: (0 <= b) /\ (j <= b) /\ (b <= 99).
}
Prove: ((-1) <= b) /\ (b <= 98).
Prover Z3 4.8.12 returns Timeout (Qed:10ms) (3s)
Error found in file: output/018.c at line: 13
Error line content: loop invariant  (\at(flag, Pre) > 0) ==> ((j <= b) && (b >= 0) && (b < 100) && (a == \at(a, Pre)) && (flag == \at(flag, Pre)));

Verify:
[True]


/*@
requires flag > 0;
*/
void foo(int flag, int a) {
   int b = 0;
   int j = 0;

   /* >>> LOOP INVARIANT TO FILL <<< 
      >>> PRECONDITION OF THE LOOP : \at(flag, Pre) > 0 && (j == 0) * (b == 0) * (a == \at(a, Pre)) * (flag == \at(flag, Pre)) <<< */
    
   /*@
     loop invariant  (\at(flag, Pre) > 0) ==> ((j <= b) && (b >= 0) && (b < 100) && (a == \at(a, Pre)) && (flag == \at(flag, Pre))) [INVARIANT FAILED] ;
     loop invariant  (\at(flag, Pre) > 0) ==> (b <= 99);
   */
   for (b = 0; b < 100; ++b) {
      if (flag)
         j = j + 1;
   }

   /*@ assert flag ==> (j == 100); */
}

1.  Error Analysis:

The error reported is a "Goal Preservation of Invariant" issue, indicating that the loop invariant fails to hold after each iteration of the loop. The specific invariant in question is:

```
loop invariant  (\at(flag, Pre) > 0) ==> ((j <= b) && (b >= 0) && (b < 100) && (a == \at(a, Pre)) && (flag == \at(flag, Pre)));
```

This invariant assumes that `j` will always be less than or equal to `b` throughout the loop. However, since `b` is incremented from `0` to `99`, after the first iteration, `j` becomes `1` (if `flag` is non-zero), while `b` is still `0` at the beginning of the loop. This leads to a potential violation of the invariant as the loop iterates. Therefore, instead of asserting `j <= b`, we need to adjust this constraint to account for the fact that `j` is incremented up to `100`, while `b` is only meant to track the number of iterations.

We can replace the equality constraint `j <= b` with a range constraint that reflects the maximum value of `j` during the loop's execution. Since `b` increments from `0` to `99`, the condition `j <= b` does not hold after the first iteration if `flag` is true. Therefore, we can assert that `j` will be bounded above by the number of iterations done (`b`), thus changing the invariant appropriately.

2.  Fixed C Code:

```c
    
/*@
requires flag > 0;
*/
void foo(int flag, int a) {
   int b = 0;
   int j = 0;

   /* >>> LOOP INVARIANT TO FILL <<< 
      >>> PRECONDITION OF THE LOOP : \at(flag, Pre) > 0 && (j == 0) * (b == 0) * (a == \at(a, Pre)) * (flag == \at(flag, Pre)) <<< */
    
   /*@
     loop invariant  (\at(flag, Pre) > 0) ==> ((j <= 100) && (b >= 0) && (b < 100) && (a == \at(a, Pre)) && (flag == \at(flag, Pre))) ;
     loop invariant  (\at(flag, Pre) > 0) ==> (b <= 99);
   */
   for (b = 0; b < 100; ++b) {
      if (flag)
         j = j + 1;
   }

   /*@ assert flag ==> (j == 100); */
}
```
after weaken

    
/*@
requires flag > 0;
*/
void foo(int flag, int a) {
   int b = 0;
   int j = 0;

   /* >>> LOOP INVARIANT TO FILL <<< 
      >>> PRECONDITION OF THE LOOP : \at(flag, Pre) > 0 && (j == 0) * (b == 0) * (a == \at(a, Pre)) * (flag == \at(flag, Pre)) <<< */
    
   /*@
     loop invariant  (\at(flag, Pre) > 0) ==> ((j <= 100) && (b >= 0) && (b < 100) && (a == \at(a, Pre)) && (flag == \at(flag, Pre))) ;
     loop invariant  (\at(flag, Pre) > 0) ==> (b <= 99);
   */
   for (b = 0; b < 100; ++b) {
      if (flag)
         j = j + 1;
   }

   /*@ assert flag ==> (j == 100); */
}

syntax Correct
Validate:
[False, True]

Goal Preservation of Invariant (file output/018.c, line 14):
Assume {
  Type: is_sint32(b) /\ is_sint32(flag_0) /\ is_sint32(j) /\
      is_sint32(1 + b) /\ is_sint32(1 + j).
  (* Goal *)
  When: 0 < flag_0.
  (* Invariant *)
  Have: (0 <= b) /\ (b <= 99) /\ (j <= 100).
}
Prove: ((-1) <= b) /\ (b <= 98) /\ (j <= 99).
Prover Z3 4.8.12 returns Timeout (Qed:9ms) (3s)
Error found in file: output/018.c at line: 14
Error line content: loop invariant  (\at(flag, Pre) > 0) ==> ((j <= 100) && (b >= 0) && (b < 100) && (a == \at(a, Pre)) && (flag == \at(flag, Pre))) ;

Verify:
[True]


    
/*@
requires flag > 0;
*/
void foo(int flag, int a) {
   int b = 0;
   int j = 0;

   /* >>> LOOP INVARIANT TO FILL <<< 
      >>> PRECONDITION OF THE LOOP : \at(flag, Pre) > 0 && (j == 0) * (b == 0) * (a == \at(a, Pre)) * (flag == \at(flag, Pre)) <<< */
    
   /*@
     loop invariant  (\at(flag, Pre) > 0) ==> ((j <= 100) && (b >= 0) && (b < 100) && (a == \at(a, Pre)) && (flag == \at(flag, Pre)))  [INVARIANT FAILED] ;
     loop invariant  (\at(flag, Pre) > 0) ==> (b <= 99);
   */
   for (b = 0; b < 100; ++b) {
      if (flag)
         j = j + 1;
   }

   /*@ assert flag ==> (j == 100); */
}

1.  Error Analysis:

The error was reported as a "Goal Preservation of Invariant," indicating that the invariant does not hold after each iteration of the loop. The invariant currently specifies that `j <= 100`, which is incorrect because while `j` can reach 100, it can also be 99 at the end of the loop when `b` is incremented to 100. Therefore, stating `j <= 100` is not restrictive enough, and we need to ensure that `j` remains less than or equal to `99` during the loop iterations. 

To fix the invariant, I will replace the equality constraint `j <= 100` with a range constraint that correctly reflects the state of `j` at the end of the loop. The modified invariant will ensure that `j` is always less than or equal to 99 during the iterations.

2.  Fixed C Code:

```c
/*@
requires flag > 0;
*/
void foo(int flag, int a) {
   int b = 0;
   int j = 0;

   /* >>> LOOP INVARIANT TO FILL <<< 
      >>> PRECONDITION OF THE LOOP : \at(flag, Pre) > 0 && (j == 0) * (b == 0) * (a == \at(a, Pre)) * (flag == \at(flag, Pre)) <<< */
    
   /*@
     loop invariant  (\at(flag, Pre) > 0) ==> ((j <= 99) && (b >= 0) && (b < 100) && (a == \at(a, Pre)) && (flag == \at(flag, Pre))) ;
     loop invariant  (\at(flag, Pre) > 0) ==> (b <= 99);
   */
   for (b = 0; b < 100; ++b) {
      if (flag)
         j = j + 1;
   }

   /*@ assert flag ==> (j == 100); */
}
```
after weaken

/*@
requires flag > 0;
*/
void foo(int flag, int a) {
   int b = 0;
   int j = 0;

   /* >>> LOOP INVARIANT TO FILL <<< 
      >>> PRECONDITION OF THE LOOP : \at(flag, Pre) > 0 && (j == 0) * (b == 0) * (a == \at(a, Pre)) * (flag == \at(flag, Pre)) <<< */
    
   /*@
     loop invariant  (\at(flag, Pre) > 0) ==> ((j <= 99) && (b >= 0) && (b < 100) && (a == \at(a, Pre)) && (flag == \at(flag, Pre))) ;
     loop invariant  (\at(flag, Pre) > 0) ==> (b <= 99);
   */
   for (b = 0; b < 100; ++b) {
      if (flag)
         j = j + 1;
   }

   /*@ assert flag ==> (j == 100); */
}

syntax Correct
Validate:
[False, True]

Goal Preservation of Invariant (file output/018.c, line 13):
Assume {
  Type: is_sint32(b) /\ is_sint32(flag_0) /\ is_sint32(j) /\
      is_sint32(1 + b) /\ is_sint32(1 + j).
  (* Goal *)
  When: 0 < flag_0.
  (* Invariant *)
  Have: (0 <= b) /\ (b <= 99) /\ (j <= 99).
}
Prove: ((-1) <= b) /\ (b <= 98) /\ (j <= 98).
Prover Z3 4.8.12 returns Timeout (Qed:9ms) (3s)
Error found in file: output/018.c at line: 13
Error line content: loop invariant  (\at(flag, Pre) > 0) ==> ((j <= 99) && (b >= 0) && (b < 100) && (a == \at(a, Pre)) && (flag == \at(flag, Pre))) ;

Verify:
[True]

after hudini

/*@
requires flag > 0;
*/
void foo(int flag, int a) {
   int b = 0;
   int j = 0;

   /* >>> LOOP INVARIANT TO FILL <<< 
      >>> PRECONDITION OF THE LOOP : \at(flag, Pre) > 0 && (j == 0) * (b == 0) * (a == \at(a, Pre)) * (flag == \at(flag, Pre)) <<< */
    
   /*@     loop invariant  (\at(flag, Pre) > 0) ==> (b <= 99);
   */
   for (b = 0; b < 100; ++b) {
      if (flag)
         j = j + 1;
   }

   /*@ assert flag ==> (j == 100); */
}

syntax Correct
Validate:
[False]

Goal Preservation of Invariant (file output/018.c, line 12):
Assume {
  Type: is_sint32(b) /\ is_sint32(flag_0) /\ is_sint32(1 + b).
  (* Goal *)
  When: 0 < flag_0.
  (* Invariant *)
  Have: b <= 99.
}
Prove: b <= 98.
Prover Z3 4.8.12 returns Timeout (Qed:4ms) (3s)
Error found in file: output/018.c at line: 12
Error line content: /*@     loop invariant  (\at(flag, Pre) > 0) ==> (b <= 99);

Verify:
[True]

syntax Correct
Validate:
[False]

Goal Preservation of Invariant (file output/018.c, line 12):
Assume {
  Type: is_sint32(b) /\ is_sint32(flag_0) /\ is_sint32(1 + b).
  (* Goal *)
  When: 0 < flag_0.
  (* Invariant *)
  Have: b <= 99.
}
Prove: b <= 98.
Prover Z3 4.8.12 returns Timeout (Qed:4ms) (3s)
Error found in file: output/018.c at line: 12
Error line content: /*@     loop invariant  (\at(flag, Pre) > 0) ==> (b <= 99);

Verify:
[True]

/*@     loop invariant  (\at(flag, Pre) > 0) ==> (b <= 99);
   */
   for (b = 0; b < 100; ++b) {
      if (flag)
         j = j + 1;
   }
ç»§ç»­ç¬¦å·æ‰§è¡Œ
/*@ Inv
    ((flag@pre > 0) => (b <= 99))
    */
    
   for (b = 0; b < 100; ++b) {
      if (flag)
         j = j + 1;
   }
File found: ../sac_c_parser/test/../ip_postcond/goal/018_goal.v. Deleting the file.
File found: ../sac_c_parser/test/../ip_postcond/goal/018_proof_auto.v. Deleting the file.
File found: ../sac_c_parser/test/../ip_postcond/goal/018_proof_manual.v. Deleting the file.
LoopEntry_0:
flag@pre > 0 && (j == 0) * (b == 0) * (a == a@pre) * (flag == flag@pre)

Successfully generated loop/018.json
syntax Correct
Validate:
[False]

Goal Preservation of Invariant (file output/018.c, line 12):
Assume {
  Type: is_sint32(b) /\ is_sint32(flag_0) /\ is_sint32(1 + b).
  (* Goal *)
  When: 0 < flag_0.
  (* Invariant *)
  Have: b <= 99.
}
Prove: b <= 98.
Prover Z3 4.8.12 returns Timeout (Qed:4ms) (3s)
Error found in file: output/018.c at line: 12
Error line content: /*@     loop invariant  (\at(flag, Pre) > 0) ==> (b <= 99);

Verify:
[True]

[(103, 171, 0)]
[(103, 171, 0)]
[(103, 171, 0)]
[(103, 171, 0)]
Loop 0 : Outer
Sorted indices: [0]
File found: ../sac_c_parser/test/../ip_postcond/goal/018_goal.v. Deleting the file.
File found: ../sac_c_parser/test/../ip_postcond/goal/018_proof_auto.v. Deleting the file.
File found: ../sac_c_parser/test/../ip_postcond/goal/018_proof_manual.v. Deleting the file.
LoopEntry_0:
flag@pre > 0 && (j == 0) * (b == 0) * (a == a@pre) * (flag == flag@pre)

Successfully generated loop/018.json
INNER_FLAG: False
Variable Maps: [{'j': '0', 'b': '0', 'a': 'a@pre', 'flag': 'flag@pre'}]
Path conditions: ['flag@pre > 0']
Pre condition: flag@pre > 0 && (j == 0) * (b == 0) * (a == a@pre) * (flag == flag@pre)
Loop Condition: b < 100
Updated Loop Conditions: ['0 < 100']
Global Unchanged Variables ['a', 'flag']
Non Inductive Variables []
[{'j': '0', 'b': '0', 'a': 'a@pre', 'flag': 'flag@pre'}]
['flag@pre > 0']

            
    /* >>> LOOP INVARIANT TO FILL <<< 
       >>> PRECONDITION OF THE LOOP : \at(flag, Pre) > 0 && (j == 0) * (b == 0) * (a == \at(a, Pre)) * (flag == \at(flag, Pre)) <<< */
    
            /*@
          loop invariant (\at(flag, Pre) > 0) ==> (a == \at(a, Pre));
          loop invariant (\at(flag, Pre) > 0) ==> (flag == \at(flag, Pre));
            */
            for (b = 0; b < 100 ; ++b){
      if (flag)
         j = j + 1;
   }
            

            
    /* >>> LOOP INVARIANT TO FILL <<< 
       >>> PRECONDITION OF THE LOOP : \at(flag, Pre) > 0 && (j == 0) * (b == 0) * (a == \at(a, Pre)) * (flag == \at(flag, Pre)) <<< */
    
            /*@
          loop invariant  (\at(flag, Pre) > 0) ==> (((j == 0)&&(b == 0)&&(a == \at(a, Pre))&&(flag == \at(flag, Pre))) || (PLACE_HOLDER_b)) ;
          loop invariant  (\at(flag, Pre) > 0) ==> (((j == 0)&&(b == 0)&&(a == \at(a, Pre))&&(flag == \at(flag, Pre))) || (PLACE_HOLDER_j)) ;
          loop invariant (\at(flag, Pre) > 0) ==> (a == \at(a, Pre));
          loop invariant (\at(flag, Pre) > 0) ==> (flag == \at(flag, Pre));
            */
            for (b = 0; b < 100 ; ++b){
      if (flag)
         j = j + 1;
   }
            

/*@
requires flag > 0;
*/
void foo(int flag, int a) {
   int b = 0;
   int j = 0;
 
   
            
    /* >>> LOOP INVARIANT TO FILL <<< 
       >>> PRECONDITION OF THE LOOP : \at(flag, Pre) > 0 && (j == 0) * (b == 0) * (a == \at(a, Pre)) * (flag == \at(flag, Pre)) <<< */
    
            /*@
          loop invariant  (\at(flag, Pre) > 0) ==> (((j == 0)&&(b == 0)&&(a == \at(a, Pre))&&(flag == \at(flag, Pre))) || (PLACE_HOLDER_b)) ;
          loop invariant  (\at(flag, Pre) > 0) ==> (((j == 0)&&(b == 0)&&(a == \at(a, Pre))&&(flag == \at(flag, Pre))) || (PLACE_HOLDER_j)) ;
          loop invariant (\at(flag, Pre) > 0) ==> (a == \at(a, Pre));
          loop invariant (\at(flag, Pre) > 0) ==> (flag == \at(flag, Pre));
            */
            for (b = 0; b < 100 ; ++b){
      if (flag)
         j = j + 1;
   }
            

   /*@ assert falg ==> (j == 100); */
}
### Analysis of the Given C Loop

#### a. Purpose and Structure of the Loop:
The loop in this program aims to increment the variable `j` for each iteration while `flag` is non-zero. The loop runs a fixed number of iterations (100), and it appears to track how many times `j` is incremented based on the state of `flag`. The loop structure includes:
- A loop condition `b < 100`, which ensures that the loop runs exactly 100 times.
- The body of the loop consists of an `if` statement that checks whether `flag` is non-zero and increments `j` accordingly.

#### b. Discussion of the Loop Invariant:
The proposed loop invariant should capture the state of the variables `j`, `b`, and `flag`. A suitable invariant could be:
- `j <= b + j_init`, where `j_init` is the initial value of `j` (which is 0).
- This invariant states that the number of increments to `j` can never exceed the number of iterations completed (which is `b`), plus the initial value of `j`. 

#### c. Establishment:
Before the loop starts, `b` is initialized to 0, and `j` is also initialized to 0. The loop invariant `j <= b + j_init` is true at this point because:
- Initially, `j = 0` and `b = 0`, so `j <= 0 + 0` holds true.

#### d. Preservation:
During each iteration of the loop:
- If `flag` is non-zero, `j` is incremented. After the increment, the invariant `j <= b + j_init` still holds because:
  - `b` is incremented by 1 with each iteration (`b` increases to `b + 1`).
  - If `j` is incremented, then `j` will still be less than or equal to `b + j_init` because the invariant reflects that `j` can only increase while `b` increases as well.

#### e. Termination Analysis of the Loop:
When the loop terminates (when `b` reaches 100), the values of the variables are:
- `b = 100` and `j` is the number of times `flag` was non-zero during the loop. 
The invariant still holds true because `j <= 100 + j_init` (with `j_init = 0`), meaning `j <= 100`, which is consistent with the loop's behavior.

#### f. Correctness of the Post-condition:
The post-condition asserts that if `flag` is non-zero, then `j` must equal 100. Given that the loop iterates 100 times, if `flag` is always non-zero, `j` will increment to 100. Therefore, the invariant ensures that the count in `j` accurately reflects the number of loop iterations based on the state of `flag`.

#### g. Implication of the Pre-condition:
The pre-condition guarantees that `flag > 0`, `j = 0`, and `b = 0` before the loop begins. This ensures that:
- The loop invariant `j <= b + 0` holds true at the start, thus establishing the invariant for the loop.

### Complete C Loop Program with Invariant Annotations
Here's the complete C loop program with filled-in invariant annotations:

```c
/*@
requires flag > 0;
*/
void foo(int flag, int a) {
   int b = 0;
   int j = 0;
 
   
            
    /* >>> LOOP INVARIANT TO FILL <<< 
       >>> PRECONDITION OF THE LOOP : \at(flag, Pre) > 0 && (j == 0) * (b == 0) * (a == \at(a, Pre)) * (flag == \at(flag, Pre)) <<< */
    
            /*@
          loop invariant  (\at(flag, Pre) > 0) ==> (j <= b + 0); // Establishing the relationship between j and b
          loop invariant  (\at(flag, Pre) > 0) ==> (b >= 0 && b < 100); // b is always between 0 and 100
          loop invariant (\at(flag, Pre) > 0) ==> (a == \at(a, Pre));
          loop invariant (\at(flag, Pre) > 0) ==> (flag == \at(flag, Pre));
            */
            for (b = 0; b < 100 ; ++b){
      if (flag)
         j = j + 1;
   }
            

   /*@ assert flag ==> (j == 100); */
}
```

In this filled program, the placeholders have been replaced with logical expressions that reflect the behavior of the loop and satisfy the requirements for a loop invariant in the context of Frama-C verification.

/*@
requires flag > 0;
*/
void foo(int flag, int a) {
   int b = 0;
   int j = 0;
 
   
            
            /*@
          loop invariant  (\at(flag, Pre) > 0) ==> (j <= b + 0); // Establishing the relationship between j and b
          loop invariant  (\at(flag, Pre) > 0) ==> (b >= 0 && b < 100); // b is always between 0 and 100
          loop invariant (\at(flag, Pre) > 0) ==> (a == \at(a, Pre));
          loop invariant (\at(flag, Pre) > 0) ==> (flag == \at(flag, Pre));
            */
            for (b = 0; b < 100 ; ++b){
      if (flag)
         j = j + 1;
   }
            

   /*@ assert flag ==> (j == 100); */
}


/*@
requires flag > 0;
*/
void foo(int flag, int a) {
   int b = 0;
   int j = 0;
 
   
            
            /*@
          loop invariant  (\at(flag, Pre) > 0) ==> (j <= b + 0); // Establishing the relationship between j and b
          loop invariant  (\at(flag, Pre) > 0) ==> (b >= 0 && b < 100); // b is always between 0 and 100
          loop invariant (\at(flag, Pre) > 0) ==> (a == \at(a, Pre));
          loop invariant (\at(flag, Pre) > 0) ==> (flag == \at(flag, Pre));
            */
            for (b = 0; b < 100 ; ++b){
      if (flag)
         j = j + 1;
   }
            

   /*@ assert flag ==> (j == 100); */
}

syntax Correct
Validate:
[True, False, True, True]

Goal Preservation of Invariant (file output/018.c, line 13):
Assume {
  Type: is_sint32(b) /\ is_sint32(flag_0) /\ is_sint32(j) /\
      is_sint32(1 + b) /\ is_sint32(1 + j).
  (* Goal *)
  When: 0 < flag_0.
  (* Invariant *)
  Have: j <= b.
  (* Invariant *)
  Have: (0 <= b) /\ (b <= 99).
}
Prove: ((-1) <= b) /\ (b <= 98).
Prover Z3 4.8.12 returns Timeout (Qed:9ms) (3s)
Error found in file: output/018.c at line: 13
Error line content: loop invariant  (\at(flag, Pre) > 0) ==> (b >= 0 && b < 100); // b is always between 0 and 100

Verify:
[True]


/*@
requires flag > 0;
*/
void foo(int flag, int a) {
   int b = 0;
   int j = 0;
 
   
            
            /*@
          loop invariant  (\at(flag, Pre) > 0) ==> (j <= b + 0); // Establishing the relationship between j and b
          loop invariant  (\at(flag, Pre) > 0) ==> (b >= 0 && b < 100); // b is always between 0 and 100
          loop invariant (\at(flag, Pre) > 0) ==> (a == \at(a, Pre));
          loop invariant (\at(flag, Pre) > 0) ==> (flag == \at(flag, Pre)) [INVARIANT FAILED] ;
            */
            for (b = 0; b < 100 ; ++b){
      if (flag)
         j = j + 1;
   }
            

   /*@ assert flag ==> (j == 100); */
}

### Error Analysis:

The error indicates a "Goal Preservation of Invariant" issue related to the loop invariant `loop invariant  (\at(flag, Pre) > 0) ==> (b >= 0 && b < 100);`, which is intended to assert that the variable `b` remains within the range [0, 100) throughout the loop execution. However, the invariant fails to hold at some iterations, likely because the upper bound of `b` is set as `100`, while the loop condition is `b < 100`. 

The preservation condition requires that after each iteration, the invariant must still be valid. Given that `b` increments and the loop terminates right after `b` reaches `100`, the correct invariant should reflect that `b` can only go up to `99`. Since the loop will exit when `b` becomes `100`, the preservation condition can be expressed more accurately.

### Fixed C Code:

```c
/*@
requires flag > 0;
*/
void foo(int flag, int a) {
   int b = 0;
   int j = 0;
 
   
            
            /*@
          loop invariant  (\at(flag, Pre) > 0) ==> (j <= b); // Establishing the relationship between j and b
          loop invariant  (\at(flag, Pre) > 0) ==> (b >= 0 && b <= 99); // b is always between 0 and 99
          loop invariant (\at(flag, Pre) > 0) ==> (a == \at(a, Pre));
          loop invariant (\at(flag, Pre) > 0) ==> (flag == \at(flag, Pre));
            */
            for (b = 0; b < 100 ; ++b){
      if (flag)
         j = j + 1;
   }
            

   /*@ assert flag ==> (j == 100); */
}
```
after weaken

/*@
requires flag > 0;
*/
void foo(int flag, int a) {
   int b = 0;
   int j = 0;
 
   
            
            /*@
          loop invariant  (\at(flag, Pre) > 0) ==> (j <= b); // Establishing the relationship between j and b
          loop invariant  (\at(flag, Pre) > 0) ==> (b >= 0 && b <= 99); // b is always between 0 and 99
          loop invariant (\at(flag, Pre) > 0) ==> (a == \at(a, Pre));
          loop invariant (\at(flag, Pre) > 0) ==> (flag == \at(flag, Pre));
            */
            for (b = 0; b < 100 ; ++b){
      if (flag)
         j = j + 1;
   }
            

   /*@ assert flag ==> (j == 100); */
}

syntax Correct
Validate:
[True, False, True, True]

Goal Preservation of Invariant (file output/018.c, line 13):
Assume {
  Type: is_sint32(b) /\ is_sint32(flag_0) /\ is_sint32(j) /\
      is_sint32(1 + b) /\ is_sint32(1 + j).
  (* Goal *)
  When: 0 < flag_0.
  (* Invariant *)
  Have: j <= b.
  (* Invariant *)
  Have: (0 <= b) /\ (b <= 99).
}
Prove: ((-1) <= b) /\ (b <= 98).
Prover Z3 4.8.12 returns Timeout (Qed:13ms) (3s)
Error found in file: output/018.c at line: 13
Error line content: loop invariant  (\at(flag, Pre) > 0) ==> (b >= 0 && b <= 99); // b is always between 0 and 99

Verify:
[True]


/*@
requires flag > 0;
*/
void foo(int flag, int a) {
   int b = 0;
   int j = 0;
 
   
            
            /*@
          loop invariant  (\at(flag, Pre) > 0) ==> (j <= b); // Establishing the relationship between j and b
          loop invariant  (\at(flag, Pre) > 0) ==> (b >= 0 && b <= 99); // b is always between 0 and 99
          loop invariant (\at(flag, Pre) > 0) ==> (a == \at(a, Pre));
          loop invariant (\at(flag, Pre) > 0) ==> (flag == \at(flag, Pre)) [INVARIANT FAILED] ;
            */
            for (b = 0; b < 100 ; ++b){
      if (flag)
         j = j + 1;
   }
            

   /*@ assert flag ==> (j == 100); */
}

1. **Error Analysis:**

The error message indicates that there is an issue with the preservation of the loop invariant. The loop invariant `(\at(flag, Pre) > 0) ==> (b >= 0 && b <= 99)` is intended to ensure that the variable `b` remains within the range of 0 to 99 during the execution of the loop. However, Frama-C is unable to prove that this invariant holds true after each iteration of the loop, particularly when it checks the values of `b` after the loop has executed.

The analysis shows that `b` is incremented on each iteration of the loop until it reaches 100. Therefore, while `b` starts at 0 and goes up to 99, the assertion `b <= 99` fails when `b` is incremented to 100, causing the preservation condition to be violated. 

To address this, we can weaken the invariant by changing the upper bound of `b` from `b <= 99` to `b < 100`. This way, the loop invariant would still be valid during the loop execution without conflicting with the loop's termination condition.

2. **Fixed C Code:**

```c
/*@
requires flag > 0;
*/
void foo(int flag, int a) {
   int b = 0;
   int j = 0;
 
   
            
            /*@
          loop invariant  (\at(flag, Pre) > 0) ==> (j <= b); // Establishing the relationship between j and b
          loop invariant  (\at(flag, Pre) > 0) ==> (b >= 0 && b < 100); // b is always between 0 and 100
          loop invariant (\at(flag, Pre) > 0) ==> (a == \at(a, Pre));
          loop invariant (\at(flag, Pre) > 0) ==> (flag == \at(flag, Pre)); 
            */
            for (b = 0; b < 100 ; ++b){
      if (flag)
         j = j + 1;
   }
            

   /*@ assert flag ==> (j == 100); */
}
```
after weaken

/*@
requires flag > 0;
*/
void foo(int flag, int a) {
   int b = 0;
   int j = 0;
 
   
            
            /*@
          loop invariant  (\at(flag, Pre) > 0) ==> (j <= b); // Establishing the relationship between j and b
          loop invariant  (\at(flag, Pre) > 0) ==> (b >= 0 && b < 100); // b is always between 0 and 100
          loop invariant (\at(flag, Pre) > 0) ==> (a == \at(a, Pre));
          loop invariant (\at(flag, Pre) > 0) ==> (flag == \at(flag, Pre)); 
            */
            for (b = 0; b < 100 ; ++b){
      if (flag)
         j = j + 1;
   }
            

   /*@ assert flag ==> (j == 100); */
}

syntax Correct
Validate:
[True, False, True, True]

Goal Preservation of Invariant (file output/018.c, line 13):
Assume {
  Type: is_sint32(b) /\ is_sint32(flag_0) /\ is_sint32(j) /\
      is_sint32(1 + b) /\ is_sint32(1 + j).
  (* Goal *)
  When: 0 < flag_0.
  (* Invariant *)
  Have: j <= b.
  (* Invariant *)
  Have: (0 <= b) /\ (b <= 99).
}
Prove: ((-1) <= b) /\ (b <= 98).
Prover Z3 4.8.12 returns Timeout (Qed:8ms) (3s)
Error found in file: output/018.c at line: 13
Error line content: loop invariant  (\at(flag, Pre) > 0) ==> (b >= 0 && b < 100); // b is always between 0 and 100

Verify:
[True]


/*@
requires flag > 0;
*/
void foo(int flag, int a) {
   int b = 0;
   int j = 0;
 
   
            
            /*@
          loop invariant  (\at(flag, Pre) > 0) ==> (j <= b); // Establishing the relationship between j and b
          loop invariant  (\at(flag, Pre) > 0) ==> (b >= 0 && b < 100); // b is always between 0 and 100
          loop invariant (\at(flag, Pre) > 0) ==> (a == \at(a, Pre));
          loop invariant (\at(flag, Pre) > 0) ==> (flag == \at(flag, Pre)); 
            */
            for (b = 0; b < 100 ; ++b){
      if (flag)
         j = j + 1 [INVARIANT FAILED] ;
   }
            

   /*@ assert flag ==> (j == 100); */
}

1. **Error Analysis:**

The error reported is related to the preservation of the loop invariant. Specifically, the invariant that states `b >= 0 && b < 100` is failing during the preservation check. The loop initializes `b` to 0 and increments it until it reaches 100, but the invariant expects `b` to be strictly less than 100 (i.e., `b < 100`). When `b` reaches 100, the loop condition fails, but during the last iteration, `b` is equal to 100 which leads to a violation of the invariant.

To resolve this, we need to modify the invariant that governs the range of `b`. Instead of using the strict less than (`<`) condition, we can use a less restrictive approach by allowing `b` to equal 100 at the end of the loop. Thus, the invariant should be changed to `b >= 0 && b <= 100`. This adjustment will ensure that the invariant holds true throughout the loop iterations and will also be valid when the loop condition becomes false.

2. **Fixed C Code:**

```c
/*@
requires flag > 0;
*/
void foo(int flag, int a) {
   int b = 0;
   int j = 0;

   /*@
     loop invariant  (\at(flag, Pre) > 0) ==> (j <= b); // Establishing the relationship between j and b
     loop invariant  (\at(flag, Pre) > 0) ==> (b >= 0 && b <= 100); // b is always between 0 and 100
     loop invariant (\at(flag, Pre) > 0) ==> (a == \at(a, Pre));
     loop invariant (\at(flag, Pre) > 0) ==> (flag == \at(flag, Pre));
   */
   for (b = 0; b < 100 ; ++b) {
      if (flag)
         j = j + 1;
   }

   /*@ assert flag ==> (j == 100); */
}
```
after weaken

/*@
requires flag > 0;
*/
void foo(int flag, int a) {
   int b = 0;
   int j = 0;

   /*@
     loop invariant  (\at(flag, Pre) > 0) ==> (j <= b); // Establishing the relationship between j and b
     loop invariant  (\at(flag, Pre) > 0) ==> (b >= 0 && b <= 100); // b is always between 0 and 100
     loop invariant (\at(flag, Pre) > 0) ==> (a == \at(a, Pre));
     loop invariant (\at(flag, Pre) > 0) ==> (flag == \at(flag, Pre));
   */
   for (b = 0; b < 100 ; ++b) {
      if (flag)
         j = j + 1;
   }

   /*@ assert flag ==> (j == 100); */
}

syntax Correct
Validate:
[True, True, True, True]

Verify:
[False]

Goal Assertion (file output/018.c, line 20):
Assume {
  Type: is_sint32(b) /\ is_sint32(flag_0) /\ is_sint32(j).
  (* Goal *)
  When: flag_0 != 0.
  (* Pre-condition *)
  Have: 0 < flag_0.
  (* Invariant *)
  Have: j <= b.
  (* Invariant *)
  Have: (0 <= b) /\ (b <= 100).
  (* Else *)
  Have: 100 <= b.
}
Prove: j = 100.
Prover Z3 4.8.12 returns Timeout (Qed:6ms) (3s)
Error found in file: output/018.c at line: 20
Error line content: /*@ assert flag ==> (j == 100); */

after hudini

/*@
requires flag > 0;
*/
void foo(int flag, int a) {
   int b = 0;
   int j = 0;

   /*@
     loop invariant  (\at(flag, Pre) > 0) ==> (j <= b); // Establishing the relationship between j and b
     loop invariant  (\at(flag, Pre) > 0) ==> (b >= 0 && b <= 100); // b is always between 0 and 100
     loop invariant (\at(flag, Pre) > 0) ==> (a == \at(a, Pre));
     loop invariant (\at(flag, Pre) > 0) ==> (flag == \at(flag, Pre));
   */
   for (b = 0; b < 100 ; ++b) {
      if (flag)
         j = j + 1;
   }

   /*@ assert flag ==> (j == 100); */
}

syntax Correct
Validate:
[True, True, True, True]

Verify:
[False]

Goal Assertion (file output/018.c, line 20):
Assume {
  Type: is_sint32(b) /\ is_sint32(flag_0) /\ is_sint32(j).
  (* Goal *)
  When: flag_0 != 0.
  (* Pre-condition *)
  Have: 0 < flag_0.
  (* Invariant *)
  Have: j <= b.
  (* Invariant *)
  Have: (0 <= b) /\ (b <= 100).
  (* Else *)
  Have: 100 <= b.
}
Prove: j = 100.
Prover Z3 4.8.12 returns Timeout (Qed:6ms) (3s)
Error found in file: output/018.c at line: 20
Error line content: /*@ assert flag ==> (j == 100); */

/*@
     loop invariant  (\at(flag, Pre) > 0) ==> (j <= b); // Establishing the relationship between j and b
     loop invariant  (\at(flag, Pre) > 0) ==> (b >= 0 && b <= 100); // b is always between 0 and 100
     loop invariant (\at(flag, Pre) > 0) ==> (a == \at(a, Pre));
     loop invariant (\at(flag, Pre) > 0) ==> (flag == \at(flag, Pre));
   */
   for (b = 0; b < 100 ; ++b) {
      if (flag)
         j = j + 1;
   }
ç»§ç»­ç¬¦å·æ‰§è¡Œ
/*@ Inv
    ((flag@pre > 0) => (j <= b) // Establishing the relationship between j and b) &&
((flag@pre > 0) => (b >= 0 && b <= 100) // b is always between 0 and 100) &&
((flag@pre > 0) => (a == a@pre)) &&
((flag@pre > 0) => (flag == flag@pre))
    */
    
   for (b = 0; b < 100 ; ++b) {
      if (flag)
         j = j + 1;
   }
File found: ../sac_c_parser/test/../ip_postcond/goal/018_goal.v. Deleting the file.
File found: ../sac_c_parser/test/../ip_postcond/goal/018_proof_auto.v. Deleting the file.
File found: ../sac_c_parser/test/../ip_postcond/goal/018_proof_manual.v. Deleting the file.
LoopEntry_0:
flag@pre > 0 && (j == 0) * (b == 0) * (a == a@pre) * (flag == flag@pre)
[1;31mfatal error: [0mbison: syntax error, unexpected PT_SLASH in ../../LoopInvGen_1/symexe/output/018.c:13:34
Successfully generated loop/018.json
syntax Correct
Validate:
[True, True, True, True]

Verify:
[False]

Goal Assertion (file output/018.c, line 20):
Assume {
  Type: is_sint32(b) /\ is_sint32(flag_0) /\ is_sint32(j).
  (* Goal *)
  When: flag_0 != 0.
  (* Pre-condition *)
  Have: 0 < flag_0.
  (* Invariant *)
  Have: j <= b.
  (* Invariant *)
  Have: (0 <= b) /\ (b <= 100).
  (* Else *)
  Have: 100 <= b.
}
Prove: j = 100.
Prover Z3 4.8.12 returns Timeout (Qed:6ms) (3s)
Error found in file: output/018.c at line: 20
Error line content: /*@ assert flag ==> (j == 100); */

[(103, 171, 0)]
[(103, 171, 0)]
[(103, 171, 0)]
[(103, 171, 0)]
Loop 0 : Outer
Sorted indices: [0]
File found: ../sac_c_parser/test/../ip_postcond/goal/018_goal.v. Deleting the file.
File found: ../sac_c_parser/test/../ip_postcond/goal/018_proof_auto.v. Deleting the file.
File found: ../sac_c_parser/test/../ip_postcond/goal/018_proof_manual.v. Deleting the file.
LoopEntry_0:
flag@pre > 0 && (j == 0) * (b == 0) * (a == a@pre) * (flag == flag@pre)

Successfully generated loop/018.json
INNER_FLAG: False
Variable Maps: [{'j': '0', 'b': '0', 'a': 'a@pre', 'flag': 'flag@pre'}]
Path conditions: ['flag@pre > 0']
Pre condition: flag@pre > 0 && (j == 0) * (b == 0) * (a == a@pre) * (flag == flag@pre)
Loop Condition: b < 100
Updated Loop Conditions: ['0 < 100']
Global Unchanged Variables ['a', 'flag']
Non Inductive Variables []
[{'j': '0', 'b': '0', 'a': 'a@pre', 'flag': 'flag@pre'}]
['flag@pre > 0']

            
    /* >>> LOOP INVARIANT TO FILL <<< 
       >>> PRECONDITION OF THE LOOP : \at(flag, Pre) > 0 && (j == 0) * (b == 0) * (a == \at(a, Pre)) * (flag == \at(flag, Pre)) <<< */
    
            /*@
          loop invariant (\at(flag, Pre) > 0) ==> (a == \at(a, Pre));
          loop invariant (\at(flag, Pre) > 0) ==> (flag == \at(flag, Pre));
            */
            for (b = 0; b < 100 ; ++b){
      if (flag)
         j = j + 1;
   }
            

            
    /* >>> LOOP INVARIANT TO FILL <<< 
       >>> PRECONDITION OF THE LOOP : \at(flag, Pre) > 0 && (j == 0) * (b == 0) * (a == \at(a, Pre)) * (flag == \at(flag, Pre)) <<< */
    
            /*@
          loop invariant  (\at(flag, Pre) > 0) ==> (((j == 0)&&(b == 0)&&(a == \at(a, Pre))&&(flag == \at(flag, Pre))) || (PLACE_HOLDER_b)) ;
          loop invariant  (\at(flag, Pre) > 0) ==> (((j == 0)&&(b == 0)&&(a == \at(a, Pre))&&(flag == \at(flag, Pre))) || (PLACE_HOLDER_j)) ;
          loop invariant (\at(flag, Pre) > 0) ==> (a == \at(a, Pre));
          loop invariant (\at(flag, Pre) > 0) ==> (flag == \at(flag, Pre));
            */
            for (b = 0; b < 100 ; ++b){
      if (flag)
         j = j + 1;
   }
            

/*@
requires flag > 0;
*/
void foo(int flag, int a) {
   int b = 0;
   int j = 0;
 
   
            
    /* >>> LOOP INVARIANT TO FILL <<< 
       >>> PRECONDITION OF THE LOOP : \at(flag, Pre) > 0 && (j == 0) * (b == 0) * (a == \at(a, Pre)) * (flag == \at(flag, Pre)) <<< */
    
            /*@
          loop invariant  (\at(flag, Pre) > 0) ==> (((j == 0)&&(b == 0)&&(a == \at(a, Pre))&&(flag == \at(flag, Pre))) || (PLACE_HOLDER_b)) ;
          loop invariant  (\at(flag, Pre) > 0) ==> (((j == 0)&&(b == 0)&&(a == \at(a, Pre))&&(flag == \at(flag, Pre))) || (PLACE_HOLDER_j)) ;
          loop invariant (\at(flag, Pre) > 0) ==> (a == \at(a, Pre));
          loop invariant (\at(flag, Pre) > 0) ==> (flag == \at(flag, Pre));
            */
            for (b = 0; b < 100 ; ++b){
      if (flag)
         j = j + 1;
   }
            

   /*@ assert falg ==> (j == 100); */
}
### Analysis of the C Loop Program

#### a. Purpose and Structure of the Loop
The purpose of the loop is to count how many times the variable `flag` is true (non-zero) as it iterates through a range of values for `b`, from 0 to 99. The loop will increment the variable `j` each time `flag` is evaluated as true. The loop's structure consists of a `for` loop that initializes `b` to 0, continues while `b` is less than 100, and increments `b` on each iteration. The loop body contains a conditional that checks if `flag` is non-zero, and if so, increments `j` by 1.

#### b. Discussion of the Loop Invariant
A suitable loop invariant for this loop could be that `j` counts the number of iterations where `flag` was true up to the current value of `b`. We can deduce that `j` should always be non-negative and less than or equal to the number of iterations completed (which is equal to `b`). Therefore, the invariant could be expressed as: 
- `0 <= j <= b` (which ensures that `j` is non-negative and does not exceed the current iteration count).

#### c. Establishment
Before the loop starts, `b` is initialized to 0 and `j` is also initialized to 0. Therefore, the invariant `0 <= j <= b` holds true since both `j` and `b` are equal to 0 at the beginning of the loop.

#### d. Preservation
During each iteration of the loop, if `flag` is true, `j` is incremented by 1, and `b` is incremented by 1. Therefore, at the end of each iteration, the invariant `0 <= j <= b` continues to hold:
- If `flag` is true, both `j` and `b` are incremented, maintaining `0 <= j <= b`.
- If `flag` is false, only `b` is incremented, and since `j` does not exceed `b`, the invariant still holds.

#### e. Termination Analysis of the Loop
The loop terminates when `b` reaches 100. At this point, the values of the relevant variables are: `b == 100` and `j` can take any value from 0 to 100, depending on how many times `flag` was true during the iterations. The invariant `0 <= j <= b` still holds true since `b` is now 100, meaning `j` must be less than or equal to 100.

#### f. Correctness of the Post-condition
The post-condition asserts that if `flag` is true, then `j` should equal 100. Given that the invariant ensures that `j` counts the number of times `flag` was true, when the loop terminates with `b` being 100, if `flag` was consistently true throughout the iterations, then `j` must indeed be 100.

#### g. Implication of the Pre-condition
The pre-condition states that `flag` is greater than 0, and thus it is true before the loop starts. This ensures that the loop invariant `0 <= j <= b` is established since both `j` and `b` start at 0. The pre-condition guarantees that the loop can execute and that the conditions for establishing the invariant are met.

### Completed C Loop Program with Invariant Annotations
```c
/*@
requires flag > 0;
*/
void foo(int flag, int a) {
   int b = 0;
   int j = 0;
 
   
            
    /* >>> LOOP INVARIANT TO FILL <<< 
       >>> PRECONDITION OF THE LOOP : \at(flag, Pre) > 0 && (j == 0) * (b == 0) * (a == \at(a, Pre)) * (flag == \at(flag, Pre)) <<< */
    
            /*@
          loop invariant  (\at(flag, Pre) > 0) ==> (((j == 0)&&(b == 0)&&(a == \at(a, Pre))&&(flag == \at(flag, Pre))) || (0 <= j <= b)) ;
          loop invariant  (\at(flag, Pre) > 0) ==> (((j == 0)&&(b == 0)&&(a == \at(a, Pre))&&(flag == \at(flag, Pre))) || (0 <= j <= b)) ;
          loop invariant (\at(flag, Pre) > 0) ==> (a == \at(a, Pre));
          loop invariant (\at(flag, Pre) > 0) ==> (flag == \at(flag, Pre));
            */
            for (b = 0; b < 100 ; ++b){
      if (flag)
         j = j + 1;
   }
            

   /*@ assert flag ==> (j == 100); */
}
```

/*@
requires flag > 0;
*/
void foo(int flag, int a) {
   int b = 0;
   int j = 0;
 
   
            
            /*@
          loop invariant  (\at(flag, Pre) > 0) ==> (((j == 0)&&(b == 0)&&(a == \at(a, Pre))&&(flag == \at(flag, Pre))) || (0 <= j <= b)) ;
          loop invariant  (\at(flag, Pre) > 0) ==> (((j == 0)&&(b == 0)&&(a == \at(a, Pre))&&(flag == \at(flag, Pre))) || (0 <= j <= b)) ;
          loop invariant (\at(flag, Pre) > 0) ==> (a == \at(a, Pre));
          loop invariant (\at(flag, Pre) > 0) ==> (flag == \at(flag, Pre));
            */
            for (b = 0; b < 100 ; ++b){
      if (flag)
         j = j + 1;
   }
            

   /*@ assert flag ==> (j == 100); */
}


/*@
requires flag > 0;
*/
void foo(int flag, int a) {
   int b = 0;
   int j = 0;
 
   
            
            /*@
          loop invariant  (\at(flag, Pre) > 0) ==> (((j == 0)&&(b == 0)&&(a == \at(a, Pre))&&(flag == \at(flag, Pre))) || (0 <= j <= b)) ;
          loop invariant  (\at(flag, Pre) > 0) ==> (((j == 0)&&(b == 0)&&(a == \at(a, Pre))&&(flag == \at(flag, Pre))) || (0 <= j <= b)) ;
          loop invariant (\at(flag, Pre) > 0) ==> (a == \at(a, Pre));
          loop invariant (\at(flag, Pre) > 0) ==> (flag == \at(flag, Pre));
            */
            for (b = 0; b < 100 ; ++b){
      if (flag)
         j = j + 1;
   }
            

   /*@ assert flag ==> (j == 100); */
}

syntax Correct
Validate:
[True, True, True, True]

Verify:
[False]

Goal Assertion (file output/018.c, line 23):
Assume {
  Type: is_sint32(b) /\ is_sint32(flag_0) /\ is_sint32(j).
  (* Goal *)
  When: flag_0 != 0.
  (* Pre-condition *)
  Have: 0 < flag_0.
  (* Invariant *)
  Have: ((b = 0) /\ (j = 0)) \/ ((j <= b) /\ (0 <= j)).
  (* Else *)
  Have: 100 <= b.
}
Prove: j = 100.
Prover Z3 4.8.12 returns Timeout (Qed:6ms) (3s)
Error found in file: output/018.c at line: 23
Error line content: /*@ assert flag ==> (j == 100); */

### Error Analysis:

The provided loop invariant is insufficient to guarantee the correctness of the post-condition `assert flag ==> (j == 100)`. The current loop invariant states that either `b` and `j` are both zero or that `j` is less than or equal to `b` and `j` is non-negative. However, it does not adequately account for the fact that `j` must reach exactly 100 when the loop terminates, given that `b` iterates from 0 to 99 and is incremented by 1 in each iteration when `flag` is non-zero.

To strengthen the loop invariant, we need to include that `j` will equal `b` at the end of the loop when `flag` is true. Specifically, we can assert that `j` will be incremented for each iteration of `b` when `flag` is true, and since `b` runs from 0 to 99, if `flag` is true throughout the loop, `j` must equal 100 at termination.

### Fixed C Code:

```c
/*@
requires flag > 0;
*/
void foo(int flag, int a) {
   int b = 0;
   int j = 0;

   /*@
       loop invariant (\at(flag, Pre) > 0) ==> (j >= 0);
       loop invariant (\at(flag, Pre) > 0) ==> (b >= 0 && b < 100);
       loop invariant (\at(flag, Pre) > 0) ==> (j <= b);
       loop invariant (\at(flag, Pre) > 0) ==> (j == b) <==> (b == 100);
       loop invariant (\at(flag, Pre) > 0) ==> (a == \at(a, Pre));
       loop invariant (\at(flag, Pre) > 0) ==> (flag == \at(flag, Pre));
   */
   for (b = 0; b < 100; ++b) {
      if (flag)
         j = j + 1;
   }

   /*@ assert flag ==> (j == 100); */
}
```
after strength

/*@
requires flag > 0;
*/
void foo(int flag, int a) {
   int b = 0;
   int j = 0;

   /*@
       loop invariant (\at(flag, Pre) > 0) ==> (j >= 0);
       loop invariant (\at(flag, Pre) > 0) ==> (b >= 0 && b < 100);
       loop invariant (\at(flag, Pre) > 0) ==> (j <= b);
       loop invariant (\at(flag, Pre) > 0) ==> (j == b) <==> (b == 100);
       loop invariant (\at(flag, Pre) > 0) ==> (a == \at(a, Pre));
       loop invariant (\at(flag, Pre) > 0) ==> (flag == \at(flag, Pre));
   */
   for (b = 0; b < 100; ++b) {
      if (flag)
         j = j + 1;
   }

   /*@ assert flag ==> (j == 100); */
}

syntax Correct
Validate:
[True, True, True, False, True, True]

Goal Establishment of Invariant (file output/018.c, line 13):
Assume { Type: is_sint32(flag_0). (* Pre-condition *) Have: 0 < flag_0. }
Prove: false.
Prover Z3 4.8.12 returns Timeout (Qed:2ms) (3s)
Error found in file: output/018.c at line: 13
Error line content: loop invariant (\at(flag, Pre) > 0) ==> (j == b) <==> (b == 100);

Verify:
[True]


/*@
requires flag > 0;
*/
void foo(int flag, int a) {
   int b = 0;
   int j = 0;

   /*@
       loop invariant (\at(flag, Pre) > 0) ==> (j >= 0);
       loop invariant (\at(flag, Pre) > 0) ==> (b >= 0 && b < 100);
       loop invariant (\at(flag, Pre) > 0) ==> (j <= b);
       loop invariant (\at(flag, Pre) > 0) ==> (j == b) <==> (b == 100) [INVARIANT FAILED] ;
       loop invariant (\at(flag, Pre) > 0) ==> (a == \at(a, Pre));
       loop invariant (\at(flag, Pre) > 0) ==> (flag == \at(flag, Pre));
   */
   for (b = 0; b < 100; ++b) {
      if (flag)
         j = j + 1;
   }

   /*@ assert flag ==> (j == 100); */
}

1. **Error Analysis:**

   The error reported by Frama-C indicates that the loop invariant `(\at(flag, Pre) > 0) ==> (j == b) <==> (b == 100)` is problematic. Specifically, the "Goal Establishment of Invariant" failed, which means that the precondition does not guarantee that the invariant holds at the loop's entry. The condition `(j == b) <==> (b == 100)` implies that `j` must equal `b` if `b` is 100 and this is not necessarily satisfied at the start of the loop. Given that `b` increments from 0 to 99, this equality constraint cannot hold true initially. 

   To address this, we can weaken the invariant by replacing the strict equality with a more relaxed condition that accounts for the behavior of `j` and `b` during the loop's execution. Specifically, we can use the range condition `j <= b` to allow for the fact that `j` can only be less than or equal to `b` as `b` increases. This will help satisfy the establishment and preservation goals of the invariant.

2. **Fixed C Code:**

```c
/*@
requires flag > 0;
*/
void foo(int flag, int a) {
   int b = 0;
   int j = 0;

   /*@
       loop invariant (\at(flag, Pre) > 0) ==> (j >= 0);
       loop invariant (\at(flag, Pre) > 0) ==> (b >= 0 && b < 100);
       loop invariant (\at(flag, Pre) > 0) ==> (j <= b);
       loop invariant (\at(flag, Pre) > 0) ==> (j <= b) ; // Modified to remove strict equality
       loop invariant (\at(flag, Pre) > 0) ==> (a == \at(a, Pre));
       loop invariant (\at(flag, Pre) > 0) ==> (flag == \at(flag, Pre));
   */
   for (b = 0; b < 100; ++b) {
      if (flag)
         j = j + 1;
   }

   /*@ assert flag ==> (j == 100); */
}
```
after weaken

/*@
requires flag > 0;
*/
void foo(int flag, int a) {
   int b = 0;
   int j = 0;

   /*@
       loop invariant (\at(flag, Pre) > 0) ==> (j >= 0);
       loop invariant (\at(flag, Pre) > 0) ==> (b >= 0 && b < 100);
       loop invariant (\at(flag, Pre) > 0) ==> (j <= b);
       loop invariant (\at(flag, Pre) > 0) ==> (j <= b) ; // Modified to remove strict equality
       loop invariant (\at(flag, Pre) > 0) ==> (a == \at(a, Pre));
       loop invariant (\at(flag, Pre) > 0) ==> (flag == \at(flag, Pre));
   */
   for (b = 0; b < 100; ++b) {
      if (flag)
         j = j + 1;
   }

   /*@ assert flag ==> (j == 100); */
}

syntax Correct
Validate:
[True, False, True, True, True, True]

Goal Preservation of Invariant (file output/018.c, line 11):
Assume {
  Type: is_sint32(b) /\ is_sint32(flag_0) /\ is_sint32(j) /\
      is_sint32(1 + b) /\ is_sint32(1 + j).
  (* Goal *)
  When: 0 < flag_0.
  (* Invariant *)
  Have: 0 <= j.
  (* Invariant *)
  Have: (0 <= b) /\ (b <= 99).
  (* Invariant *)
  Have: j <= b.
  (* Invariant *)
  Have: (-1) <= j.
}
Prove: ((-1) <= b) /\ (b <= 98).
Prover Z3 4.8.12 returns Timeout (Qed:10ms) (3s)
Error found in file: output/018.c at line: 11
Error line content: loop invariant (\at(flag, Pre) > 0) ==> (b >= 0 && b < 100);

Verify:
[True]


/*@
requires flag > 0;
*/
void foo(int flag, int a) {
   int b = 0;
   int j = 0;

   /*@
       loop invariant (\at(flag, Pre) > 0) ==> (j >= 0);
       loop invariant (\at(flag, Pre) > 0) ==> (b >= 0 && b < 100) [INVARIANT FAILED] ;
       loop invariant (\at(flag, Pre) > 0) ==> (j <= b);
       loop invariant (\at(flag, Pre) > 0) ==> (j <= b) ; // Modified to remove strict equality
       loop invariant (\at(flag, Pre) > 0) ==> (a == \at(a, Pre));
       loop invariant (\at(flag, Pre) > 0) ==> (flag == \at(flag, Pre));
   */
   for (b = 0; b < 100; ++b) {
      if (flag)
         j = j + 1;
   }

   /*@ assert flag ==> (j == 100); */
}

1.  **Error Analysis:**

The error indicates that the loop invariant regarding `b` is not preserved during the iterations of the loop. The invariant currently asserts that `b` is always in the range `[0, 100)`, which is true at the start but may not hold after an iteration since the loop increments `b` until it reaches `100`. The condition `b < 100` becomes false after the final iteration when `b` is incremented to `100`, leading to a failure in proving the preservation of the invariant. 

To resolve this, we can modify the invariant involving `b` to clarify that it only needs to hold while the loop is executing, adjusting the upper bound to `99`. This will ensure that the invariant is valid throughout the loop's lifecycle, allowing for the preservation to hold true during the last iteration.

2.  **Fixed C Code:**

```c
/*@
requires flag > 0;
*/
void foo(int flag, int a) {
   int b = 0;
   int j = 0;

   /*@
       loop invariant (\at(flag, Pre) > 0) ==> (j >= 0);
       loop invariant (\at(flag, Pre) > 0) ==> (b >= 0 && b <= 99); // Adjusted upper bound to 99
       loop invariant (\at(flag, Pre) > 0) ==> (j <= b);
       loop invariant (\at(flag, Pre) > 0) ==> (j <= b) ; 
       loop invariant (\at(flag, Pre) > 0) ==> (a == \at(a, Pre));
       loop invariant (\at(flag, Pre) > 0) ==> (flag == \at(flag, Pre));
   */
   for (b = 0; b < 100; ++b) {
      if (flag)
         j = j + 1;
   }

   /*@ assert flag ==> (j == 100); */
}
```
after weaken

/*@
requires flag > 0;
*/
void foo(int flag, int a) {
   int b = 0;
   int j = 0;

   /*@
       loop invariant (\at(flag, Pre) > 0) ==> (j >= 0);
       loop invariant (\at(flag, Pre) > 0) ==> (b >= 0 && b <= 99); // Adjusted upper bound to 99
       loop invariant (\at(flag, Pre) > 0) ==> (j <= b);
       loop invariant (\at(flag, Pre) > 0) ==> (j <= b) ; 
       loop invariant (\at(flag, Pre) > 0) ==> (a == \at(a, Pre));
       loop invariant (\at(flag, Pre) > 0) ==> (flag == \at(flag, Pre));
   */
   for (b = 0; b < 100; ++b) {
      if (flag)
         j = j + 1;
   }

   /*@ assert flag ==> (j == 100); */
}

syntax Correct
Validate:
[True, False, True, True, True, True]

Goal Preservation of Invariant (file output/018.c, line 11):
Assume {
  Type: is_sint32(b) /\ is_sint32(flag_0) /\ is_sint32(j) /\
      is_sint32(1 + b) /\ is_sint32(1 + j).
  (* Goal *)
  When: 0 < flag_0.
  (* Invariant *)
  Have: 0 <= j.
  (* Invariant *)
  Have: (0 <= b) /\ (b <= 99).
  (* Invariant *)
  Have: j <= b.
  (* Invariant *)
  Have: (-1) <= j.
}
Prove: ((-1) <= b) /\ (b <= 98).
Prover Z3 4.8.12 returns Timeout (Qed:9ms) (3s)
Error found in file: output/018.c at line: 11
Error line content: loop invariant (\at(flag, Pre) > 0) ==> (b >= 0 && b <= 99); // Adjusted upper bound to 99

Verify:
[True]

after hudini

/*@
requires flag > 0;
*/
void foo(int flag, int a) {
   int b = 0;
   int j = 0;

   /*@
       loop invariant (\at(flag, Pre) > 0) ==> (j >= 0);
       loop invariant (\at(flag, Pre) > 0) ==> (b >= 0 && b <= 99); // Adjusted upper bound to 99
       loop invariant (\at(flag, Pre) > 0) ==> (j <= b);
       loop invariant (\at(flag, Pre) > 0) ==> (j <= b) ; 
       loop invariant (\at(flag, Pre) > 0) ==> (a == \at(a, Pre));
       loop invariant (\at(flag, Pre) > 0) ==> (flag == \at(flag, Pre));
   */
   for (b = 0; b < 100; ++b) {
      if (flag)
         j = j + 1;
   }

   /*@ assert flag ==> (j == 100); */
}

syntax Correct
Validate:
[True, False, True, True, True, True]

Goal Preservation of Invariant (file output/018.c, line 11):
Assume {
  Type: is_sint32(b) /\ is_sint32(flag_0) /\ is_sint32(j) /\
      is_sint32(1 + b) /\ is_sint32(1 + j).
  (* Goal *)
  When: 0 < flag_0.
  (* Invariant *)
  Have: 0 <= j.
  (* Invariant *)
  Have: (0 <= b) /\ (b <= 99).
  (* Invariant *)
  Have: j <= b.
  (* Invariant *)
  Have: (-1) <= j.
}
Prove: ((-1) <= b) /\ (b <= 98).
Prover Z3 4.8.12 returns Timeout (Qed:10ms) (3s)
Error found in file: output/018.c at line: 11
Error line content: loop invariant (\at(flag, Pre) > 0) ==> (b >= 0 && b <= 99); // Adjusted upper bound to 99

Verify:
[True]

after hudini

/*@
requires flag > 0;
*/
void foo(int flag, int a) {
   int b = 0;
   int j = 0;

   /*@
       loop invariant (\at(flag, Pre) > 0) ==> (j >= 0);
       loop invariant (\at(flag, Pre) > 0) ==> (b >= 0 && b <= 99); // Adjusted upper bound to 99
       loop invariant (\at(flag, Pre) > 0) ==> (j <= b);
       loop invariant (\at(flag, Pre) > 0) ==> (j <= b) ; 
       loop invariant (\at(flag, Pre) > 0) ==> (a == \at(a, Pre));
       loop invariant (\at(flag, Pre) > 0) ==> (flag == \at(flag, Pre));
   */
   for (b = 0; b < 100; ++b) {
      if (flag)
         j = j + 1;
   }

   /*@ assert flag ==> (j == 100); */
}

syntax Correct
Validate:
[True, False, True, True, True, True]

Goal Preservation of Invariant (file output/018.c, line 11):
Assume {
  Type: is_sint32(b) /\ is_sint32(flag_0) /\ is_sint32(j) /\
      is_sint32(1 + b) /\ is_sint32(1 + j).
  (* Goal *)
  When: 0 < flag_0.
  (* Invariant *)
  Have: 0 <= j.
  (* Invariant *)
  Have: (0 <= b) /\ (b <= 99).
  (* Invariant *)
  Have: j <= b.
  (* Invariant *)
  Have: (-1) <= j.
}
Prove: ((-1) <= b) /\ (b <= 98).
Prover Z3 4.8.12 returns Timeout (Qed:9ms) (3s)
Error found in file: output/018.c at line: 11
Error line content: loop invariant (\at(flag, Pre) > 0) ==> (b >= 0 && b <= 99); // Adjusted upper bound to 99

Verify:
[True]

after hudini

/*@
requires flag > 0;
*/
void foo(int flag, int a) {
   int b = 0;
   int j = 0;

   /*@
       loop invariant (\at(flag, Pre) > 0) ==> (j >= 0);
       loop invariant (\at(flag, Pre) > 0) ==> (b >= 0 && b <= 99); // Adjusted upper bound to 99
       loop invariant (\at(flag, Pre) > 0) ==> (j <= b);
       loop invariant (\at(flag, Pre) > 0) ==> (j <= b) ; 
       loop invariant (\at(flag, Pre) > 0) ==> (a == \at(a, Pre));
       loop invariant (\at(flag, Pre) > 0) ==> (flag == \at(flag, Pre));
   */
   for (b = 0; b < 100; ++b) {
      if (flag)
         j = j + 1;
   }

   /*@ assert flag ==> (j == 100); */
}

syntax Correct
Validate:
[True, False, True, True, True, True]

Goal Preservation of Invariant (file output/018.c, line 11):
Assume {
  Type: is_sint32(b) /\ is_sint32(flag_0) /\ is_sint32(j) /\
      is_sint32(1 + b) /\ is_sint32(1 + j).
  (* Goal *)
  When: 0 < flag_0.
  (* Invariant *)
  Have: 0 <= j.
  (* Invariant *)
  Have: (0 <= b) /\ (b <= 99).
  (* Invariant *)
  Have: j <= b.
  (* Invariant *)
  Have: (-1) <= j.
}
Prove: ((-1) <= b) /\ (b <= 98).
Prover Z3 4.8.12 returns Timeout (Qed:9ms) (3s)
Error found in file: output/018.c at line: 11
Error line content: loop invariant (\at(flag, Pre) > 0) ==> (b >= 0 && b <= 99); // Adjusted upper bound to 99

Verify:
[True]

after hudini

/*@
requires flag > 0;
*/
void foo(int flag, int a) {
   int b = 0;
   int j = 0;

   /*@
       loop invariant (\at(flag, Pre) > 0) ==> (j >= 0);
       loop invariant (\at(flag, Pre) > 0) ==> (b >= 0 && b <= 99); // Adjusted upper bound to 99
       loop invariant (\at(flag, Pre) > 0) ==> (j <= b);
       loop invariant (\at(flag, Pre) > 0) ==> (j <= b) ; 
       loop invariant (\at(flag, Pre) > 0) ==> (a == \at(a, Pre));
       loop invariant (\at(flag, Pre) > 0) ==> (flag == \at(flag, Pre));
   */
   for (b = 0; b < 100; ++b) {
      if (flag)
         j = j + 1;
   }

   /*@ assert flag ==> (j == 100); */
}

syntax Correct
Validate:
[True, False, True, True, True, True]

Goal Preservation of Invariant (file output/018.c, line 11):
Assume {
  Type: is_sint32(b) /\ is_sint32(flag_0) /\ is_sint32(j) /\
      is_sint32(1 + b) /\ is_sint32(1 + j).
  (* Goal *)
  When: 0 < flag_0.
  (* Invariant *)
  Have: 0 <= j.
  (* Invariant *)
  Have: (0 <= b) /\ (b <= 99).
  (* Invariant *)
  Have: j <= b.
  (* Invariant *)
  Have: (-1) <= j.
}
Prove: ((-1) <= b) /\ (b <= 98).
Prover Z3 4.8.12 returns Timeout (Qed:9ms) (3s)
Error found in file: output/018.c at line: 11
Error line content: loop invariant (\at(flag, Pre) > 0) ==> (b >= 0 && b <= 99); // Adjusted upper bound to 99

Verify:
[True]

after hudini

/*@
requires flag > 0;
*/
void foo(int flag, int a) {
   int b = 0;
   int j = 0;

   /*@
       loop invariant (\at(flag, Pre) > 0) ==> (j >= 0);
       loop invariant (\at(flag, Pre) > 0) ==> (b >= 0 && b <= 99); // Adjusted upper bound to 99
       loop invariant (\at(flag, Pre) > 0) ==> (j <= b);
       loop invariant (\at(flag, Pre) > 0) ==> (j <= b) ; 
       loop invariant (\at(flag, Pre) > 0) ==> (a == \at(a, Pre));
       loop invariant (\at(flag, Pre) > 0) ==> (flag == \at(flag, Pre));
   */
   for (b = 0; b < 100; ++b) {
      if (flag)
         j = j + 1;
   }

   /*@ assert flag ==> (j == 100); */
}

syntax Correct
Validate:
[True, False, True, True, True, True]

Goal Preservation of Invariant (file output/018.c, line 11):
Assume {
  Type: is_sint32(b) /\ is_sint32(flag_0) /\ is_sint32(j) /\
      is_sint32(1 + b) /\ is_sint32(1 + j).
  (* Goal *)
  When: 0 < flag_0.
  (* Invariant *)
  Have: 0 <= j.
  (* Invariant *)
  Have: (0 <= b) /\ (b <= 99).
  (* Invariant *)
  Have: j <= b.
  (* Invariant *)
  Have: (-1) <= j.
}
Prove: ((-1) <= b) /\ (b <= 98).
Prover Z3 4.8.12 returns Timeout (Qed:9ms) (3s)
Error found in file: output/018.c at line: 11
Error line content: loop invariant (\at(flag, Pre) > 0) ==> (b >= 0 && b <= 99); // Adjusted upper bound to 99

Verify:
[True]

after hudini

/*@
requires flag > 0;
*/
void foo(int flag, int a) {
   int b = 0;
   int j = 0;

   /*@
       loop invariant (\at(flag, Pre) > 0) ==> (j >= 0);
       loop invariant (\at(flag, Pre) > 0) ==> (b >= 0 && b <= 99); // Adjusted upper bound to 99
       loop invariant (\at(flag, Pre) > 0) ==> (j <= b);
       loop invariant (\at(flag, Pre) > 0) ==> (j <= b) ; 
       loop invariant (\at(flag, Pre) > 0) ==> (a == \at(a, Pre));
       loop invariant (\at(flag, Pre) > 0) ==> (flag == \at(flag, Pre));
   */
   for (b = 0; b < 100; ++b) {
      if (flag)
         j = j + 1;
   }

   /*@ assert flag ==> (j == 100); */
}

syntax Correct
Validate:
[True, False, True, True, True, True]

Goal Preservation of Invariant (file output/018.c, line 11):
Assume {
  Type: is_sint32(b) /\ is_sint32(flag_0) /\ is_sint32(j) /\
      is_sint32(1 + b) /\ is_sint32(1 + j).
  (* Goal *)
  When: 0 < flag_0.
  (* Invariant *)
  Have: 0 <= j.
  (* Invariant *)
  Have: (0 <= b) /\ (b <= 99).
  (* Invariant *)
  Have: j <= b.
  (* Invariant *)
  Have: (-1) <= j.
}
Prove: ((-1) <= b) /\ (b <= 98).
Prover Z3 4.8.12 returns Timeout (Qed:9ms) (3s)
Error found in file: output/018.c at line: 11
Error line content: loop invariant (\at(flag, Pre) > 0) ==> (b >= 0 && b <= 99); // Adjusted upper bound to 99

Verify:
[True]

/*@
       loop invariant (\at(flag, Pre) > 0) ==> (j >= 0);
       loop invariant (\at(flag, Pre) > 0) ==> (b >= 0 && b <= 99); // Adjusted upper bound to 99
       loop invariant (\at(flag, Pre) > 0) ==> (j <= b);
       loop invariant (\at(flag, Pre) > 0) ==> (j <= b) ; 
       loop invariant (\at(flag, Pre) > 0) ==> (a == \at(a, Pre));
       loop invariant (\at(flag, Pre) > 0) ==> (flag == \at(flag, Pre));
   */
   for (b = 0; b < 100; ++b) {
      if (flag)
         j = j + 1;
   }
ç»§ç»­ç¬¦å·æ‰§è¡Œ
/*@ Inv
    ((flag@pre > 0) => (j >= 0)) &&
((flag@pre > 0) => (b >= 0 && b <= 99) // Adjusted upper bound to 99) &&
((flag@pre > 0) => (j <= b)) &&
((flag@pre > 0) => (j <= b) ) &&
((flag@pre > 0) => (a == a@pre)) &&
((flag@pre > 0) => (flag == flag@pre))
    */
    
   for (b = 0; b < 100; ++b) {
      if (flag)
         j = j + 1;
   }
File found: ../sac_c_parser/test/../ip_postcond/goal/018_goal.v. Deleting the file.
File found: ../sac_c_parser/test/../ip_postcond/goal/018_proof_auto.v. Deleting the file.
File found: ../sac_c_parser/test/../ip_postcond/goal/018_proof_manual.v. Deleting the file.
LoopEntry_0:
flag@pre > 0 && (j == 0) * (b == 0) * (a == a@pre) * (flag == flag@pre)
[1;31mfatal error: [0mbison: syntax error, unexpected PT_SLASH in ../../LoopInvGen_1/symexe/output/018.c:14:41
Successfully generated loop/018.json
syntax Correct
Validate:
[True, False, True, True, True, True]

Goal Preservation of Invariant (file output/018.c, line 11):
Assume {
  Type: is_sint32(b) /\ is_sint32(flag_0) /\ is_sint32(j) /\
      is_sint32(1 + b) /\ is_sint32(1 + j).
  (* Goal *)
  When: 0 < flag_0.
  (* Invariant *)
  Have: 0 <= j.
  (* Invariant *)
  Have: (0 <= b) /\ (b <= 99).
  (* Invariant *)
  Have: j <= b.
  (* Invariant *)
  Have: (-1) <= j.
}
Prove: ((-1) <= b) /\ (b <= 98).
Prover Z3 4.8.12 returns Timeout (Qed:9ms) (3s)
Error found in file: output/018.c at line: 11
Error line content: loop invariant (\at(flag, Pre) > 0) ==> (b >= 0 && b <= 99); // Adjusted upper bound to 99

Verify:
[True]

[(103, 171, 0)]
[(103, 171, 0)]
[(103, 171, 0)]
[(103, 171, 0)]
Loop 0 : Outer
Sorted indices: [0]
File found: ../sac_c_parser/test/../ip_postcond/goal/018_goal.v. Deleting the file.
File found: ../sac_c_parser/test/../ip_postcond/goal/018_proof_auto.v. Deleting the file.
File found: ../sac_c_parser/test/../ip_postcond/goal/018_proof_manual.v. Deleting the file.
LoopEntry_0:
flag@pre > 0 && (j == 0) * (b == 0) * (a == a@pre) * (flag == flag@pre)

Successfully generated loop/018.json
INNER_FLAG: False
Variable Maps: [{'j': '0', 'b': '0', 'a': 'a@pre', 'flag': 'flag@pre'}]
Path conditions: ['flag@pre > 0']
Pre condition: flag@pre > 0 && (j == 0) * (b == 0) * (a == a@pre) * (flag == flag@pre)
Loop Condition: b < 100
Updated Loop Conditions: ['0 < 100']
Global Unchanged Variables ['a', 'flag']
Non Inductive Variables []
[{'j': '0', 'b': '0', 'a': 'a@pre', 'flag': 'flag@pre'}]
['flag@pre > 0']

            
    /* >>> LOOP INVARIANT TO FILL <<< 
       >>> PRECONDITION OF THE LOOP : \at(flag, Pre) > 0 && (j == 0) * (b == 0) * (a == \at(a, Pre)) * (flag == \at(flag, Pre)) <<< */
    
            /*@
          loop invariant (\at(flag, Pre) > 0) ==> (a == \at(a, Pre));
          loop invariant (\at(flag, Pre) > 0) ==> (flag == \at(flag, Pre));
            */
            for (b = 0; b < 100 ; ++b){
      if (flag)
         j = j + 1;
   }
            

            
    /* >>> LOOP INVARIANT TO FILL <<< 
       >>> PRECONDITION OF THE LOOP : \at(flag, Pre) > 0 && (j == 0) * (b == 0) * (a == \at(a, Pre)) * (flag == \at(flag, Pre)) <<< */
    
            /*@
          loop invariant  (\at(flag, Pre) > 0) ==> (((j == 0)&&(b == 0)&&(a == \at(a, Pre))&&(flag == \at(flag, Pre))) || (PLACE_HOLDER_b)) ;
          loop invariant  (\at(flag, Pre) > 0) ==> (((j == 0)&&(b == 0)&&(a == \at(a, Pre))&&(flag == \at(flag, Pre))) || (PLACE_HOLDER_j)) ;
          loop invariant (\at(flag, Pre) > 0) ==> (a == \at(a, Pre));
          loop invariant (\at(flag, Pre) > 0) ==> (flag == \at(flag, Pre));
            */
            for (b = 0; b < 100 ; ++b){
      if (flag)
         j = j + 1;
   }
            

/*@
requires flag > 0;
*/
void foo(int flag, int a) {
   int b = 0;
   int j = 0;
 
   
            
    /* >>> LOOP INVARIANT TO FILL <<< 
       >>> PRECONDITION OF THE LOOP : \at(flag, Pre) > 0 && (j == 0) * (b == 0) * (a == \at(a, Pre)) * (flag == \at(flag, Pre)) <<< */
    
            /*@
          loop invariant  (\at(flag, Pre) > 0) ==> (((j == 0)&&(b == 0)&&(a == \at(a, Pre))&&(flag == \at(flag, Pre))) || (PLACE_HOLDER_b)) ;
          loop invariant  (\at(flag, Pre) > 0) ==> (((j == 0)&&(b == 0)&&(a == \at(a, Pre))&&(flag == \at(flag, Pre))) || (PLACE_HOLDER_j)) ;
          loop invariant (\at(flag, Pre) > 0) ==> (a == \at(a, Pre));
          loop invariant (\at(flag, Pre) > 0) ==> (flag == \at(flag, Pre));
            */
            for (b = 0; b < 100 ; ++b){
      if (flag)
         j = j + 1;
   }
            

   /*@ assert falg ==> (j == 100); */
}
Let's analyze the provided C loop and derive the necessary loop invariants and their justifications.

### a. Purpose and Structure of the Loop:

**Objective of the Loop:**
The loop iterates 100 times, incrementing the variable `j` each time the condition `flag` evaluates to true. The intended outcome is to count how many times `flag` is true during the iterations.

**Structure of the Loop:**
- **Loop Condition:** The loop continues while `b` is less than 100 (`b < 100`).
- **Operations in the Body:** If `flag` is true, `j` is incremented by 1.
- **Relevant Variables:**
  - `flag`: Determines whether to increment `j`.
  - `j`: Keeps track of the number of times `flag` is true.
  - `b`: Controls the number of iterations, starting at 0 and ending at 99.

### b. Discussion of the Loop Invariant:

**Proposed Loop Invariant:**
The loop invariant can be defined as follows:
- `j` is always non-negative and does not exceed the number of iterations completed, which is `b`.
- `b` is bounded by 0 and 100.

This is valid because:
- At the start and end of each iteration, `j` reflects the number of times `flag` has been true up until that point, and `b` counts iterations.

### c. Establishment:

**Establishment Condition:**
Before the loop begins, `b` is initialized to 0 and `j` is also initialized to 0. This implies:
- `j == 0` (no increments have occurred)
- `b == 0` (no iterations have occurred)

Thus, the invariant `0 <= j <= b` is true (specifically, `j == 0` and `b == 0`).

### d. Preservation:

**Preservation Condition:**
Assuming the invariant holds at the beginning of an iteration (`j` is within the allowed bounds and `b` is as per the current iteration):
- If `flag` is true, `j` increases by 1. Thus, `j` remains non-negative and does not exceed `b + 1` after the increment.
- `b` increments by 1 after each iteration.

Therefore, at the end of the iteration, the invariant `0 <= j <= b` holds since `j` will either stay the same or increase, and `b` increases by 1.

### e. Termination Analysis of the Loop:

**Termination Condition:**
The loop terminates when `b` reaches 100. At that point:
- `b == 100`
- `j` has been incremented based on how many times `flag` was true during the iterations.

The loop invariant holds because `0 <= j <= 100` at termination, satisfying the required bounds.

### f. Correctness of the Post-condition:

**Post-condition:**
The post-condition states `flag ==> (j == 100)`. 

Since the loop continues for exactly 100 iterations, if `flag` is true:
- It will increment `j` for each iteration, leading to `j` being equal to the number of iterations, which is 100. Therefore, if `flag` is true, `j` must equal 100.

### g. Implication of the Pre-condition:

**Pre-condition:**
The pre-condition states `\at(flag, Pre) > 0 && (j == 0) && (b == 0) && (a == \at(a, Pre)) && (flag == \at(flag, Pre))`.

This ensures:
- The initial values of `j` and `b` are 0, establishing the invariant.
- The condition `\at(flag, Pre) > 0` indicates `flag` is true at the beginning, thus setting the stage for potential increments of `j`.

### Complete C Loop Program with Annotations:

Here is the complete C loop program with the placeholders filled in:

```c
/*@
requires flag > 0;
*/
void foo(int flag, int a) {
   int b = 0;
   int j = 0;
 
   /*@
     loop invariant  (\at(flag, Pre) > 0) ==> (0 <= j <= b);
     loop invariant  (\at(flag, Pre) > 0) ==> (0 <= b < 100);
     loop invariant  (\at(flag, Pre) > 0) ==> (a == \at(a, Pre));
     loop invariant  (\at(flag, Pre) > 0) ==> (flag == \at(flag, Pre));
   */
   for (b = 0; b < 100 ; ++b){
      if (flag)
         j = j + 1;
   }
   
   /*@ assert flag ==> (j == 100); */
}
``` 

This implementation follows the requirements and ensures that all specified properties are verified by Frama-C, using appropriate invariants.

/*@
requires flag > 0;
*/
void foo(int flag, int a) {
   int b = 0;
   int j = 0;
 
   /*@
     loop invariant  (\at(flag, Pre) > 0) ==> (0 <= j <= b);
     loop invariant  (\at(flag, Pre) > 0) ==> (0 <= b < 100);
     loop invariant  (\at(flag, Pre) > 0) ==> (a == \at(a, Pre));
     loop invariant  (\at(flag, Pre) > 0) ==> (flag == \at(flag, Pre));
   */
   for (b = 0; b < 100 ; ++b){
      if (flag)
         j = j + 1;
   }
   
   /*@ assert flag ==> (j == 100); */
}


/*@
requires flag > 0;
*/
void foo(int flag, int a) {
   int b = 0;
   int j = 0;
 
   /*@
     loop invariant  (\at(flag, Pre) > 0) ==> (0 <= j <= b);
     loop invariant  (\at(flag, Pre) > 0) ==> (0 <= b < 100);
     loop invariant  (\at(flag, Pre) > 0) ==> (a == \at(a, Pre));
     loop invariant  (\at(flag, Pre) > 0) ==> (flag == \at(flag, Pre));
   */
   for (b = 0; b < 100 ; ++b){
      if (flag)
         j = j + 1;
   }
   
   /*@ assert flag ==> (j == 100); */
}

syntax Correct
Validate:
[True, False, True, True]

Goal Preservation of Invariant (file output/018.c, line 11):
Assume {
  Type: is_sint32(b) /\ is_sint32(flag_0) /\ is_sint32(j) /\
      is_sint32(1 + b) /\ is_sint32(1 + j).
  (* Goal *)
  When: 0 < flag_0.
  (* Invariant *)
  Have: (j <= b) /\ (0 <= j).
  (* Invariant *)
  Have: (0 <= b) /\ (b <= 99).
  (* Invariant *)
  Have: (-1) <= j.
}
Prove: ((-1) <= b) /\ (b <= 98).
Prover Z3 4.8.12 returns Timeout (Qed:9ms) (3s)
Error found in file: output/018.c at line: 11
Error line content: loop invariant  (\at(flag, Pre) > 0) ==> (0 <= b < 100);

Verify:
[True]


/*@
requires flag > 0;
*/
void foo(int flag, int a) {
   int b = 0;
   int j = 0;
 
   /*@
     loop invariant  (\at(flag, Pre) > 0) ==> (0 <= j <= b);
     loop invariant  (\at(flag, Pre) > 0) ==> (0 <= b < 100) [INVARIANT FAILED] ;
     loop invariant  (\at(flag, Pre) > 0) ==> (a == \at(a, Pre));
     loop invariant  (\at(flag, Pre) > 0) ==> (flag == \at(flag, Pre));
   */
   for (b = 0; b < 100 ; ++b){
      if (flag)
         j = j + 1;
   }
   
   /*@ assert flag ==> (j == 100); */
}

### Error Analysis:

The error identified in the loop invariant pertains to the preservation condition, specifically the invariant `(\at(flag, Pre) > 0) ==> (0 <= b < 100)` which has failed. The loop variable `b` is initialized to `0` and is incremented in the loop until it reaches `100` (the loop condition is `b < 100`). However, the current invariant does not accommodate the fact that `b` can equal `100` after the loop terminates, which is outside of the range `0 <= b < 100`. 

To adjust for this and ensure the invariant remains valid throughout the loop execution, we can modify the invariant to allow `b` to reach `100` upon termination. This change will ensure it can hold true after the loop completes, thus satisfying the preservation condition.

### Fixed C Code:

```c
/*@
requires flag > 0;
*/
void foo(int flag, int a) {
   int b = 0;
   int j = 0;

   /*@
     loop invariant  (\at(flag, Pre) > 0) ==> (0 <= j <= b);
     loop invariant  (\at(flag, Pre) > 0) ==> (0 <= b <= 100); // Modified to allow b to equal 100
     loop invariant  (\at(flag, Pre) > 0) ==> (a == \at(a, Pre));
     loop invariant  (\at(flag, Pre) > 0) ==> (flag == \at(flag, Pre));
   */
   for (b = 0; b < 100 ; ++b){
      if (flag)
         j = j + 1;
   }
   
   /*@ assert flag ==> (j == 100); */
}
```
after weaken

/*@
requires flag > 0;
*/
void foo(int flag, int a) {
   int b = 0;
   int j = 0;

   /*@
     loop invariant  (\at(flag, Pre) > 0) ==> (0 <= j <= b);
     loop invariant  (\at(flag, Pre) > 0) ==> (0 <= b <= 100); // Modified to allow b to equal 100
     loop invariant  (\at(flag, Pre) > 0) ==> (a == \at(a, Pre));
     loop invariant  (\at(flag, Pre) > 0) ==> (flag == \at(flag, Pre));
   */
   for (b = 0; b < 100 ; ++b){
      if (flag)
         j = j + 1;
   }
   
   /*@ assert flag ==> (j == 100); */
}

syntax Correct
Validate:
[True, True, True, True]

Verify:
[False]

Goal Assertion (file output/018.c, line 20):
Assume {
  Type: is_sint32(b) /\ is_sint32(flag_0) /\ is_sint32(j).
  (* Goal *)
  When: flag_0 != 0.
  (* Pre-condition *)
  Have: 0 < flag_0.
  (* Invariant *)
  Have: (j <= b) /\ (0 <= j).
  (* Invariant *)
  Have: (0 <= b) /\ (b <= 100).
  (* Else *)
  Have: 100 <= b.
}
Prove: j = 100.
Prover Z3 4.8.12 returns Timeout (Qed:6ms) (3s)
Error found in file: output/018.c at line: 20
Error line content: /*@ assert flag ==> (j == 100); */

1.  Error Analysis:

The error indicates that the assertion `/*@ assert flag ==> (j == 100); */` is not being proven correct by Frama-C. The invariant states that `j` is bounded by `b`, but since `b` ranges from 0 to 99 throughout the loop, there is no guarantee that `j` will equal 100 upon completion of the loop unless we strengthen the invariants to reflect that `j` will be incremented exactly 100 times. The loop condition `b < 100` implies that the loop will iterate exactly 100 times if `flag` is non-zero. Thus, we should strengthen the loop invariant to explicitly state that `j` will equal 100 when the loop terminates.

2.  Fixed C Code:

```c
/*@
requires flag > 0;
*/
void foo(int flag, int a) {
   int b = 0;
   int j = 0;

   /*@
     loop invariant  (\at(flag, Pre) > 0) ==> (0 <= j <= b);
     loop invariant  (\at(flag, Pre) > 0) ==> (0 <= b <= 100);
     loop invariant  (\at(flag, Pre) > 0) ==> (j == b) ==> (b == 100) ==> (j == 100);
     loop invariant  (\at(flag, Pre) > 0) ==> (a == \at(a, Pre));
     loop invariant  (\at(flag, Pre) > 0) ==> (flag == \at(flag, Pre));
   */
   for (b = 0; b < 100 ; ++b){
      if (flag)
         j = j + 1;
   }
   
   /*@ assert flag ==> (j == 100); */
}
```
after strength

/*@
requires flag > 0;
*/
void foo(int flag, int a) {
   int b = 0;
   int j = 0;

   /*@
     loop invariant  (\at(flag, Pre) > 0) ==> (0 <= j <= b);
     loop invariant  (\at(flag, Pre) > 0) ==> (0 <= b <= 100);
     loop invariant  (\at(flag, Pre) > 0) ==> (j == b) ==> (b == 100) ==> (j == 100);
     loop invariant  (\at(flag, Pre) > 0) ==> (a == \at(a, Pre));
     loop invariant  (\at(flag, Pre) > 0) ==> (flag == \at(flag, Pre));
   */
   for (b = 0; b < 100 ; ++b){
      if (flag)
         j = j + 1;
   }
   
   /*@ assert flag ==> (j == 100); */
}

syntax Correct
Validate:
[True, True, True, True, True]

Verify:
[False]

Goal Assertion (file output/018.c, line 21):
Assume {
  Type: is_sint32(b) /\ is_sint32(flag_0) /\ is_sint32(j).
  (* Goal *)
  When: flag_0 != 0.
  (* Pre-condition *)
  Have: 0 < flag_0.
  (* Invariant *)
  Have: (j <= b) /\ (0 <= j).
  (* Invariant *)
  Have: (0 <= b) /\ (b <= 100).
  (* Invariant *)
  Have: ((b = 100) -> ((j = b) -> (j = 100))).
  (* Else *)
  Have: 100 <= b.
}
Prove: j = 100.
Prover Z3 4.8.12 returns Timeout (Qed:9ms) (3s)
Error found in file: output/018.c at line: 21
Error line content: /*@ assert flag ==> (j == 100); */

1.  Error Analysis:

The error indicates that the post-condition `j = 100` cannot be proven due to insufficient strength in the loop invariants. The invariant that asserts `((b = 100) -> ((j = b) -> (j = 100)))` is not strong enough by itself to ensure that `j` equals 100 when `b` reaches 100. Since `b` will indeed reach 100 when the loop terminates, we need to explicitly state that `j` must equal 100 at that point. This can be achieved by directly relating `j` to `b` throughout the loop, ensuring that `j` is incremented correctly in relation to `b`. 

To strengthen the loop invariant, we will modify the invariant related to `j` and `b` to state that if the loop has executed fully, then `j` should equal the value of `b` when `b` is 100, which will allow the post-condition `j = 100` to be proven.

2.  Fixed C Code:

```c
/*@
requires flag > 0;
*/
void foo(int flag, int a) {
   int b = 0;
   int j = 0;

   /*@
     loop invariant  (\at(flag, Pre) > 0) ==> (0 <= j <= b);
     loop invariant  (\at(flag, Pre) > 0) ==> (0 <= b <= 100);
     loop invariant  (\at(flag, Pre) > 0) ==> (j == b);
     loop invariant  (\at(flag, Pre) > 0) ==> (a == \at(a, Pre));
     loop invariant  (\at(flag, Pre) > 0) ==> (flag == \at(flag, Pre));
   */
   for (b = 0; b < 100 ; ++b){
      if (flag)
         j = j + 1;
   }
   
   /*@ assert flag ==> (j == 100); */
}
```
after strength

/*@
requires flag > 0;
*/
void foo(int flag, int a) {
   int b = 0;
   int j = 0;

   /*@
     loop invariant  (\at(flag, Pre) > 0) ==> (0 <= j <= b);
     loop invariant  (\at(flag, Pre) > 0) ==> (0 <= b <= 100);
     loop invariant  (\at(flag, Pre) > 0) ==> (j == b);
     loop invariant  (\at(flag, Pre) > 0) ==> (a == \at(a, Pre));
     loop invariant  (\at(flag, Pre) > 0) ==> (flag == \at(flag, Pre));
   */
   for (b = 0; b < 100 ; ++b){
      if (flag)
         j = j + 1;
   }
   
   /*@ assert flag ==> (j == 100); */
}

syntax Correct
Validate:
[True, True, True, True, True]

Verify:
[True]

/*@
     loop invariant  (\at(flag, Pre) > 0) ==> (0 <= j <= b);
     loop invariant  (\at(flag, Pre) > 0) ==> (0 <= b <= 100);
     loop invariant  (\at(flag, Pre) > 0) ==> (j == b);
     loop invariant  (\at(flag, Pre) > 0) ==> (a == \at(a, Pre));
     loop invariant  (\at(flag, Pre) > 0) ==> (flag == \at(flag, Pre));
   */
   for (b = 0; b < 100 ; ++b){
      if (flag)
         j = j + 1;
   }
ç»§ç»­ç¬¦å·æ‰§è¡Œ
/*@ Inv
    ((flag@pre > 0) => (0 <= j && j <= b)) &&
((flag@pre > 0) => (0 <= b && b <= 100)) &&
((flag@pre > 0) => (j == b)) &&
((flag@pre > 0) => (a == a@pre)) &&
((flag@pre > 0) => (flag == flag@pre))
    */
    
   for (b = 0; b < 100 ; ++b){
      if (flag)
         j = j + 1;
   }
File found: ../sac_c_parser/test/../ip_postcond/goal/018_goal.v. Deleting the file.
File found: ../sac_c_parser/test/../ip_postcond/goal/018_proof_auto.v. Deleting the file.
File found: ../sac_c_parser/test/../ip_postcond/goal/018_proof_manual.v. Deleting the file.
LoopEntry_0:
flag@pre > 0 && (j == 0) * (b == 0) * (a == a@pre) * (flag == flag@pre)

Successfully generated loop/018.json
syntax Correct
Validate:
[True, True, True, True, True]

Verify:
[True]

å·²ç§»åŠ¨æ–‡ä»¶: 018.c -> finish1
-----------------------------------------

æ–‡ä»¶ 018.c å¤„ç†å®Œæˆ. æ€»è€—æ—¶: 554.4265758991241
-----------------------------------------
finshed_files:['030.c', '028.c', '035.c', '021.c', '03.c', '024.c', '011.c', '016.c', '04.c', '015.c', '01.c', '018.c']
