file:046.c
TRY TIME: 0
[(201, 324, 0)]
[(201, 324, 0)]
[(201, 324, 0)]
[(201, 324, 0)]
Loop 0 : Outer
Sorted indices: [0]
File found: ../sac_c_parser/test/../ip_postcond/goal/046_goal.v. Deleting the file.
File found: ../sac_c_parser/test/../ip_postcond/goal/046_proof_auto.v. Deleting the file.
File found: ../sac_c_parser/test/../ip_postcond/goal/046_proof_manual.v. Deleting the file.
LoopEntry_0:
(y == 0) * (x == 0) * (z == 0) * (w == 1)

Successfully generated loop/046.json
INNER_FLAG: False
Variable Maps: [{'y': '0', 'x': '0', 'z': '0', 'w': '1'}]
Path conditions: [None]
Pre condition: (y == 0) * (x == 0) * (z == 0) * (w == 1)
Loop Condition: unknown()
Updated Loop Conditions: ['unknown()']
Global Unchanged Variables []
Non Inductive Variables []
[{'y': '0', 'x': '0', 'z': '0', 'w': '1'}]
[None]

                
        /* >>> LOOP INVARIANT TO FILL <<< */
        
                /*@
                */
                while (unknown()) {
    if (w % 2 == 1) {
      x++;
      w++;
    }
    if (z % 2 == 0) {
      y++;
      z++;
    }
  }
                

                
        /* >>> LOOP INVARIANT TO FILL <<< */
        
                /*@
          loop invariant  ((y == 0)&&(x == 0)&&(z == 0)&&(w == 1)) || (PLACE_HOLDER_w) ;
          loop invariant  ((y == 0)&&(x == 0)&&(z == 0)&&(w == 1)) || (PLACE_HOLDER_z) ;
          loop invariant  ((y == 0)&&(x == 0)&&(z == 0)&&(w == 1)) || (PLACE_HOLDER_x) ;
          loop invariant  ((y == 0)&&(x == 0)&&(z == 0)&&(w == 1)) || (PLACE_HOLDER_y) ;
                */
                while (unknown()) {
    if (w % 2 == 1) {
      x++;
      w++;
    }
    if (z % 2 == 0) {
      y++;
      z++;
    }
  }
                

int unknown();


void foo() {

  int w = 1;
  int z = 0;
  int x = 0;
  int y = 0;


  
                
        /* >>> LOOP INVARIANT TO FILL <<< */
        
                /*@
          loop invariant  ((y == 0)&&(x == 0)&&(z == 0)&&(w == 1)) || (PLACE_HOLDER_w) ;
          loop invariant  ((y == 0)&&(x == 0)&&(z == 0)&&(w == 1)) || (PLACE_HOLDER_z) ;
          loop invariant  ((y == 0)&&(x == 0)&&(z == 0)&&(w == 1)) || (PLACE_HOLDER_x) ;
          loop invariant  ((y == 0)&&(x == 0)&&(z == 0)&&(w == 1)) || (PLACE_HOLDER_y) ;
                */
                while (unknown()) {
    if (w % 2 == 1) {
      x++;
      w++;
    }
    if (z % 2 == 0) {
      y++;
      z++;
    }
  }
                

  /*@ assert x <= 1; */

}
1. **Purpose and Structure of the Loop:**
   - The objective of the loop is to increment the variables `x`, `y`, `z`, and `w` based on certain conditions until the loop condition specified by `unknown()` becomes false. Specifically, `x` is incremented if `w` is odd, and `y` is incremented if `z` is even. The loop continues executing these conditions as long as `unknown()` is true.
   - The loop's structure includes:
     - A single loop governed by the condition `unknown()`.
     - Inside the loop, there are two `if` statements that conditionally increment `x`, `y`, `z`, and `w`.
     - The relevant variables are `w`, `z`, `x`, and `y`, which are all initialized before the loop starts.

2. **Discussion of the Loop Invariant:**
   - The proposed loop invariant is that certain properties of the variables hold throughout the loop execution. Specifically, the invariants ensure that `y`, `x`, `z`, and `w` maintain their initial values of `0`, `0`, `0`, and `1`, respectively, or they are modified in a controlled manner.
   - The loop invariant can be expressed in terms of the relationships between `w`, `z`, `x`, and `y`, capturing the effects of the increments during the loop.

3. **Establishment:**
   - Before the loop begins execution, the variables are initialized as follows: `w = 1`, `z = 0`, `x = 0`, `y = 0`. Thus, the loop invariant holds true at the start since `((y == 0) && (x == 0) && (z == 0) && (w == 1))` is satisfied.

4. **Preservation:**
   - During each iteration of the loop, if the invariant holds at the start and the loop condition (`unknown()`) is true, the changes to `x`, `y`, `z`, and `w` are driven by controlled increments. The invariant structure ensures that any modifications continue to satisfy the logical conditions outlined in the invariant.

5. **Termination Analysis of the Loop:**
   - When the loop terminates (when `unknown()` becomes false), the values of the relevant variables can be affected by the number of iterations executed. However, the loop invariant ensures that the properties concerning the relationship between `w`, `z`, `x`, and `y` are maintained up to the point of termination.

6. **Correctness of the Post-condition:**
   - The post-condition `assert x <= 1;` is ensured by the invariant because the only way `x` can be incremented is if `w` is odd. Since `w` starts at `1` and can only be incremented (to become even), `x` can only be incremented at most once before `w` becomes even, ensuring `x` remains less than or equal to `1` when the loop ends.

7. **Implication of the Pre-condition:**
   - The given pre-condition `(y == 0) * (x == 0) * (z == 0) * (w == 1)` directly establishes the invariant before the loop begins. It guarantees that the necessary initial conditions are met for the loop invariant to hold.

```c
int unknown();

void foo() {
  int w = 1;
  int z = 0;
  int x = 0;
  int y = 0;                
  
        /* >>> LOOP INVARIANT TO FILL <<< */
        
                /*@
          loop invariant  ((y == 0)&&(x == 0)&&(z == 0)&&(w == 1)) || (w % 2 == 1 && x <= 1);
          loop invariant  ((y == 0)&&(x == 0)&&(z == 0)&&(w == 1)) || (z % 2 == 0 && y <= z);
          loop invariant  ((y == 0)&&(x == 0)&&(z == 0)&&(w == 1)) || (x >= 0);
          loop invariant  ((y == 0)&&(x == 0)&&(z == 0)&&(w == 1)) || (y >= 0);
                */
                while (unknown()) {
    if (w % 2 == 1) {
      x++;
      w++;
    }
    if (z % 2 == 0) {
      y++;
      z++;
    }
  }
                
  /*@ assert x <= 1; */
}
```

int unknown();

void foo() {
  int w = 1;
  int z = 0;
  int x = 0;
  int y = 0;                
  
                /*@
          loop invariant  ((y == 0)&&(x == 0)&&(z == 0)&&(w == 1)) || (w % 2 == 1 && x <= 1);
          loop invariant  ((y == 0)&&(x == 0)&&(z == 0)&&(w == 1)) || (z % 2 == 0 && y <= z);
          loop invariant  ((y == 0)&&(x == 0)&&(z == 0)&&(w == 1)) || (x >= 0);
          loop invariant  ((y == 0)&&(x == 0)&&(z == 0)&&(w == 1)) || (y >= 0);
                */
                while (unknown()) {
    if (w % 2 == 1) {
      x++;
      w++;
    }
    if (z % 2 == 0) {
      y++;
      z++;
    }
  }
                
  /*@ assert x <= 1; */
}


int unknown();

void foo() {
  int w = 1;
  int z = 0;
  int x = 0;
  int y = 0;                
  
                /*@
          loop invariant  ((y == 0)&&(x == 0)&&(z == 0)&&(w == 1)) || (w % 2 == 1 && x <= 1);
          loop invariant  ((y == 0)&&(x == 0)&&(z == 0)&&(w == 1)) || (z % 2 == 0 && y <= z);
          loop invariant  ((y == 0)&&(x == 0)&&(z == 0)&&(w == 1)) || (x >= 0);
          loop invariant  ((y == 0)&&(x == 0)&&(z == 0)&&(w == 1)) || (y >= 0);
                */
                while (unknown()) {
    if (w % 2 == 1) {
      x++;
      w++;
    }
    if (z % 2 == 0) {
      y++;
      z++;
    }
  }
                
  /*@ assert x <= 1; */
}

syntax Correct
Validate:
[False, True, True, True]

Goal Preservation of Invariant (file output/046.c, line 11)
Error found in file: output/046.c at line: 11
Error line content: loop invariant  ((y == 0)&&(x == 0)&&(z == 0)&&(w == 1)) || (w % 2 == 1 && x <= 1);

Verify:
[True]


int unknown();

void foo() {
  int w = 1;
  int z = 0;
  int x = 0;
  int y = 0;                
  
                /*@
          loop invariant  ((y == 0)&&(x == 0)&&(z == 0)&&(w == 1)) || (w % 2 == 1 && x <= 1) [INVARIANT FAILED] ;
          loop invariant  ((y == 0)&&(x == 0)&&(z == 0)&&(w == 1)) || (z % 2 == 0 && y <= z);
          loop invariant  ((y == 0)&&(x == 0)&&(z == 0)&&(w == 1)) || (x >= 0);
          loop invariant  ((y == 0)&&(x == 0)&&(z == 0)&&(w == 1)) || (y >= 0);
                */
                while (unknown()) {
    if (w % 2 == 1) {
      x++;
      w++;
    }
    if (z % 2 == 0) {
      y++;
      z++;
    }
  }
                
  /*@ assert x <= 1; */
}

1. Error Analysis:

   b. If "Goal Preservation of Invariant" is violated, please provide:
   - The formula it violates: 
     ```
     ((y == 0)&&(x == 0)&&(z == 0)&&(w == 1)) || (w % 2 == 1 && x <= 1) 
     ==> 
     ((y == 0)&&(x == 0)&&(z == 0)&&(w == 1)) || (w % 2 == 1 && x' <= 1)
     ```
   - Why it is incorrect:
     The invariant states that when `w` is odd, `x` should be less than or equal to 1. However, due to the increment of `x` in the loop, it can exceed 1 when `w` becomes even. Hence, the preservation condition fails as the invariant may not hold after the increment.
   - How to modify it:
     Change the invariant to account for the fact that `x` can only be 0 or 1. Instead of checking for `x <= 1`, we should simply ensure `x` is bounded to a specific range.
   - The rationale behind the modification:
     By replacing the equality constraints with a modulo constraint, we can maintain that `x` remains within the bounds established by the precondition, which is sufficient to prove the post-condition.

2. Fixed C Code:

```c
int unknown();

void foo() {
  int w = 1;
  int z = 0;
  int x = 0;
  int y = 0;                
  
                /*@
          loop invariant  ((y == 0)&&(x == 0)&&(z == 0)&&(w == 1)) || (w % 2 == 1 && x % 2 == 0) ;
          loop invariant  ((y == 0)&&(x == 0)&&(z == 0)&&(w == 1)) || (z % 2 == 0 && y <= z);
          loop invariant  ((y == 0)&&(x == 0)&&(z == 0)&&(w == 1)) || (x >= 0);
          loop invariant  ((y == 0)&&(x == 0)&&(z == 0)&&(w == 1)) || (y >= 0);
                */
                while (unknown()) {
    if (w % 2 == 1) {
      x++;
      w++;
    }
    if (z % 2 == 0) {
      y++;
      z++;
    }
  }
                
  /*@ assert x <= 1; */
}
```
after weaken

int unknown();

void foo() {
  int w = 1;
  int z = 0;
  int x = 0;
  int y = 0;                
  
                /*@
          loop invariant  ((y == 0)&&(x == 0)&&(z == 0)&&(w == 1)) || (w % 2 == 1 && x % 2 == 0) ;
          loop invariant  ((y == 0)&&(x == 0)&&(z == 0)&&(w == 1)) || (z % 2 == 0 && y <= z);
          loop invariant  ((y == 0)&&(x == 0)&&(z == 0)&&(w == 1)) || (x >= 0);
          loop invariant  ((y == 0)&&(x == 0)&&(z == 0)&&(w == 1)) || (y >= 0);
                */
                while (unknown()) {
    if (w % 2 == 1) {
      x++;
      w++;
    }
    if (z % 2 == 0) {
      y++;
      z++;
    }
  }
                
  /*@ assert x <= 1; */
}

syntax Correct
Validate:
[False, True, True, True]

Goal Preservation of Invariant (file output/046.c, line 11)
Error found in file: output/046.c at line: 11
Error line content: loop invariant  ((y == 0)&&(x == 0)&&(z == 0)&&(w == 1)) || (w % 2 == 1 && x % 2 == 0) ;

Verify:
[False]

Goal Assertion (file output/046.c, line 27)
Error found in file: output/046.c at line: 27
Error line content: /*@ assert x <= 1; */

after hudini

int unknown();

void foo() {
  int w = 1;
  int z = 0;
  int x = 0;
  int y = 0;                
  
                /*@
          loop invariant  ((y == 0)&&(x == 0)&&(z == 0)&&(w == 1)) || (z % 2 == 0 && y <= z);
          loop invariant  ((y == 0)&&(x == 0)&&(z == 0)&&(w == 1)) || (x >= 0);
          loop invariant  ((y == 0)&&(x == 0)&&(z == 0)&&(w == 1)) || (y >= 0);
                */
                while (unknown()) {
    if (w % 2 == 1) {
      x++;
      w++;
    }
    if (z % 2 == 0) {
      y++;
      z++;
    }
  }
                
  /*@ assert x <= 1; */
}

syntax Correct
Validate:
[False, True, True]

Goal Preservation of Invariant (file output/046.c, line 11)
Error found in file: output/046.c at line: 11
Error line content: loop invariant  ((y == 0)&&(x == 0)&&(z == 0)&&(w == 1)) || (z % 2 == 0 && y <= z);

Verify:
[False]

Goal Assertion (file output/046.c, line 26)
Error found in file: output/046.c at line: 26
Error line content: /*@ assert x <= 1; */

after hudini

int unknown();

void foo() {
  int w = 1;
  int z = 0;
  int x = 0;
  int y = 0;                
  
                /*@
          loop invariant  ((y == 0)&&(x == 0)&&(z == 0)&&(w == 1)) || (x >= 0);
          loop invariant  ((y == 0)&&(x == 0)&&(z == 0)&&(w == 1)) || (y >= 0);
                */
                while (unknown()) {
    if (w % 2 == 1) {
      x++;
      w++;
    }
    if (z % 2 == 0) {
      y++;
      z++;
    }
  }
                
  /*@ assert x <= 1; */
}

syntax Correct
Validate:
[True, True]

Verify:
[False]

Goal Assertion (file output/046.c, line 25)
Error found in file: output/046.c at line: 25
Error line content: /*@ assert x <= 1; */

after hudini

int unknown();

void foo() {
  int w = 1;
  int z = 0;
  int x = 0;
  int y = 0;                
  
                /*@
          loop invariant  ((y == 0)&&(x == 0)&&(z == 0)&&(w == 1)) || (x >= 0);
          loop invariant  ((y == 0)&&(x == 0)&&(z == 0)&&(w == 1)) || (y >= 0);
                */
                while (unknown()) {
    if (w % 2 == 1) {
      x++;
      w++;
    }
    if (z % 2 == 0) {
      y++;
      z++;
    }
  }
                
  /*@ assert x <= 1; */
}

syntax Correct
Validate:
[True, True]

Verify:
[False]

Goal Assertion (file output/046.c, line 25)
Error found in file: output/046.c at line: 25
Error line content: /*@ assert x <= 1; */

/*@
          loop invariant  ((y == 0)&&(x == 0)&&(z == 0)&&(w == 1)) || (x >= 0);
          loop invariant  ((y == 0)&&(x == 0)&&(z == 0)&&(w == 1)) || (y >= 0);
                */
                while (unknown()) {
    if (w % 2 == 1) {
      x++;
      w++;
    }
    if (z % 2 == 0) {
      y++;
      z++;
    }
  }
è½¬æ¢å
/*@ Inv
    (((y == 0)&&(x == 0)&&(z == 0)&&(w == 1)) || (x >= 0)) &&
(((y == 0)&&(x == 0)&&(z == 0)&&(w == 1)) || (y >= 0))
    */
    
                while (unknown()) {
    if (w % 2 == 1) {
      x++;
      w++;
    }
    if (z % 2 == 0) {
      y++;
      z++;
    }
  }
PARTIAL CORRECT INVARIANT
ç»§ç»­ç¬¦å·æ‰§è¡Œ
/*@ Inv
    (((y == 0)&&(x == 0)&&(z == 0)&&(w == 1)) || (x >= 0)) &&
(((y == 0)&&(x == 0)&&(z == 0)&&(w == 1)) || (y >= 0))
    */
    
                while (unknown()) {
    if (w % 2 == 1) {
      x++;
      w++;
    }
    if (z % 2 == 0) {
      y++;
      z++;
    }
  }
File found: ../sac_c_parser/test/../ip_postcond/goal/046_goal.v. Deleting the file.
File found: ../sac_c_parser/test/../ip_postcond/goal/046_proof_auto.v. Deleting the file.
File found: ../sac_c_parser/test/../ip_postcond/goal/046_proof_manual.v. Deleting the file.
LoopEntry_0:
(y == 0) * (x == 0) * (z == 0) * (w == 1)
[1;31mfatal error: [0minvariant case is branching in ../../LoopInvGen_5/symexe/output/046.c:25:6
Successfully generated loop/046.json
syntax Correct
Validate:
[True, True]

Verify:
[False]

Goal Assertion (file output/046.c, line 25)
Error found in file: output/046.c at line: 25
Error line content: /*@ assert x <= 1; */

syntax Correct
Validate:
[True, True]

Verify:
[False]

Goal Assertion (file output/046.c, line 25)
Error found in file: output/046.c at line: 25
Error line content: /*@ assert x <= 1; */

RESULT PASS_1
1
1
0
RESULT PASS_3
1
1
0
RESULT PASS_5
1
1
0
TRY TIME: 1
[(201, 324, 0)]
[(201, 324, 0)]
[(201, 324, 0)]
[(201, 324, 0)]
Loop 0 : Outer
Sorted indices: [0]
File found: ../sac_c_parser/test/../ip_postcond/goal/046_goal.v. Deleting the file.
File found: ../sac_c_parser/test/../ip_postcond/goal/046_proof_auto.v. Deleting the file.
File found: ../sac_c_parser/test/../ip_postcond/goal/046_proof_manual.v. Deleting the file.
LoopEntry_0:
(y == 0) * (x == 0) * (z == 0) * (w == 1)

Successfully generated loop/046.json
INNER_FLAG: False
Variable Maps: [{'y': '0', 'x': '0', 'z': '0', 'w': '1'}]
Path conditions: [None]
Pre condition: (y == 0) * (x == 0) * (z == 0) * (w == 1)
Loop Condition: unknown()
Updated Loop Conditions: ['unknown()']
Global Unchanged Variables []
Non Inductive Variables []
[{'y': '0', 'x': '0', 'z': '0', 'w': '1'}]
[None]

                
        /* >>> LOOP INVARIANT TO FILL <<< */
        
                /*@
                */
                while (unknown()) {
    if (w % 2 == 1) {
      x++;
      w++;
    }
    if (z % 2 == 0) {
      y++;
      z++;
    }
  }
                

                
        /* >>> LOOP INVARIANT TO FILL <<< */
        
                /*@
          loop invariant  ((y == 0)&&(x == 0)&&(z == 0)&&(w == 1)) || (PLACE_HOLDER_w) ;
          loop invariant  ((y == 0)&&(x == 0)&&(z == 0)&&(w == 1)) || (PLACE_HOLDER_z) ;
          loop invariant  ((y == 0)&&(x == 0)&&(z == 0)&&(w == 1)) || (PLACE_HOLDER_x) ;
          loop invariant  ((y == 0)&&(x == 0)&&(z == 0)&&(w == 1)) || (PLACE_HOLDER_y) ;
                */
                while (unknown()) {
    if (w % 2 == 1) {
      x++;
      w++;
    }
    if (z % 2 == 0) {
      y++;
      z++;
    }
  }
                

int unknown();


void foo() {

  int w = 1;
  int z = 0;
  int x = 0;
  int y = 0;


  
                
        /* >>> LOOP INVARIANT TO FILL <<< */
        
                /*@
          loop invariant  ((y == 0)&&(x == 0)&&(z == 0)&&(w == 1)) || (PLACE_HOLDER_w) ;
          loop invariant  ((y == 0)&&(x == 0)&&(z == 0)&&(w == 1)) || (PLACE_HOLDER_z) ;
          loop invariant  ((y == 0)&&(x == 0)&&(z == 0)&&(w == 1)) || (PLACE_HOLDER_x) ;
          loop invariant  ((y == 0)&&(x == 0)&&(z == 0)&&(w == 1)) || (PLACE_HOLDER_y) ;
                */
                while (unknown()) {
    if (w % 2 == 1) {
      x++;
      w++;
    }
    if (z % 2 == 0) {
      y++;
      z++;
    }
  }
                

  /*@ assert x <= 1; */

}
1. **Purpose and Structure of the Loop:**
   - **Objective:** The loop aims to modify the values of the variables `x`, `y`, `z`, and `w` based on certain conditions while `unknown()` returns true. The loop continues until the condition becomes false.
   - **Structure:** 
     - The loop's governing condition is `unknown()`, which allows it to execute an indefinite number of iterations.
     - Inside the loop:
       - If `w` is odd (i.e., `w % 2 == 1`), `x` is incremented by 1, and `w` is incremented by 1 (making it even).
       - If `z` is even (i.e., `z % 2 == 0`), `y` is incremented by 1, and `z` is incremented by 1 (making it odd).
   - **Relevant Variables:** The variables `w`, `x`, `y`, and `z` are crucial in understanding the loop's behavior.

2. **Discussion of the Loop Invariant:**
   - Proposed loop invariants:
     - `PLACE_HOLDER_w`: This invariant should ensure that `w` remains odd whenever the loop iterates.
     - `PLACE_HOLDER_z`: This invariant should ensure that `z` remains even whenever the loop iterates.
     - `PLACE_HOLDER_x`: This invariant should relate to the value of `x` and how it increments.
     - `PLACE_HOLDER_y`: This invariant should relate to the value of `y` and how it increments.
   - These invariants are valid because they capture the essence of how `x`, `y`, `z`, and `w` are modified throughout the loop.

3. **Establishment:**
   - Before the loop starts, we have `w = 1`, `x = 0`, `y = 0`, and `z = 0`. The loop invariants can be established:
     - `w` is odd (1 % 2 == 1).
     - `z` is even (0 % 2 == 0).
     - `x = 0` and `y = 0` are also true.

4. **Preservation:**
   - If the invariant holds at the start of an iteration, we need to check how it holds at the end:
     - If `w` is odd, it will become even after the increment, thus preserving the state that `w` was odd before the operation.
     - If `z` is even, it will become odd after the increment, thus preserving the state that `z` was even before the operation.
     - The increments of `x` and `y` ensure that they increase as intended, preserving their validity.

5. **Termination Analysis of the Loop:**
   - The loop terminates when `unknown()` returns false. At this point, `w` could be even, `z` could be odd, and `x` and `y` will have been incremented based on the conditions, ensuring that the loop invariant still holds true under these conditions.

6. **Correctness of the Post-condition:**
   - The post-condition states that `x <= 1`. The loop invariant ensures that `x` has been incremented at most once due to the conditions on `w` and `z`, and thus, when the loop terminates, `x` will be at most 1, satisfying the post-condition.

7. **Implication of the Pre-condition:**
   - The pre-condition `(y == 0) * (x == 0) * (z == 0) * (w == 1)` ensures that all variables are at their initial state before the loop begins. This guarantees that all the necessary conditions to establish the loop invariant are satisfied before execution.

```c
int unknown();

void foo() {

  int w = 1;
  int z = 0;
  int x = 0;
  int y = 0;

        /*@ 
          loop invariant  ((y == 0)&&(x == 0)&&(z == 0)&&(w == 1)) || (w % 2 == 1) ;
          loop invariant  ((y == 0)&&(x == 0)&&(z == 0)&&(w == 1)) || (z % 2 == 0) ;
          loop invariant  ((y == 0)&&(x == 0)&&(z == 0)&&(w == 1)) || (x <= 1) ;
          loop invariant  ((y == 0)&&(x == 0)&&(z == 0)&&(w == 1)) || (y <= 1) ;
        */
                while (unknown()) {
    if (w % 2 == 1) {
      x++;
      w++;
    }
    if (z % 2 == 0) {
      y++;
      z++;
    }
  }

  /*@ assert x <= 1; */
}
```

int unknown();

void foo() {

  int w = 1;
  int z = 0;
  int x = 0;
  int y = 0;

        /*@ 
          loop invariant  ((y == 0)&&(x == 0)&&(z == 0)&&(w == 1)) || (w % 2 == 1) ;
          loop invariant  ((y == 0)&&(x == 0)&&(z == 0)&&(w == 1)) || (z % 2 == 0) ;
          loop invariant  ((y == 0)&&(x == 0)&&(z == 0)&&(w == 1)) || (x <= 1) ;
          loop invariant  ((y == 0)&&(x == 0)&&(z == 0)&&(w == 1)) || (y <= 1) ;
        */
                while (unknown()) {
    if (w % 2 == 1) {
      x++;
      w++;
    }
    if (z % 2 == 0) {
      y++;
      z++;
    }
  }

  /*@ assert x <= 1; */
}


int unknown();

void foo() {

  int w = 1;
  int z = 0;
  int x = 0;
  int y = 0;

        /*@ 
          loop invariant  ((y == 0)&&(x == 0)&&(z == 0)&&(w == 1)) || (w % 2 == 1) ;
          loop invariant  ((y == 0)&&(x == 0)&&(z == 0)&&(w == 1)) || (z % 2 == 0) ;
          loop invariant  ((y == 0)&&(x == 0)&&(z == 0)&&(w == 1)) || (x <= 1) ;
          loop invariant  ((y == 0)&&(x == 0)&&(z == 0)&&(w == 1)) || (y <= 1) ;
        */
                while (unknown()) {
    if (w % 2 == 1) {
      x++;
      w++;
    }
    if (z % 2 == 0) {
      y++;
      z++;
    }
  }

  /*@ assert x <= 1; */
}

syntax Correct
Validate:
[False, True, True, True]

Goal Preservation of Invariant (file output/046.c, line 12)
Error found in file: output/046.c at line: 12
Error line content: loop invariant  ((y == 0)&&(x == 0)&&(z == 0)&&(w == 1)) || (w % 2 == 1) ;

Verify:
[True]


int unknown();

void foo() {

  int w = 1;
  int z = 0;
  int x = 0;
  int y = 0;

        /*@ 
          loop invariant  ((y == 0)&&(x == 0)&&(z == 0)&&(w == 1)) || (w % 2 == 1)  [INVARIANT FAILED] ;
          loop invariant  ((y == 0)&&(x == 0)&&(z == 0)&&(w == 1)) || (z % 2 == 0) ;
          loop invariant  ((y == 0)&&(x == 0)&&(z == 0)&&(w == 1)) || (x <= 1) ;
          loop invariant  ((y == 0)&&(x == 0)&&(z == 0)&&(w == 1)) || (y <= 1) ;
        */
                while (unknown()) {
    if (w % 2 == 1) {
      x++;
      w++;
    }
    if (z % 2 == 0) {
      y++;
      z++;
    }
  }

  /*@ assert x <= 1; */
}

1. **Error Analysis:**

   a. **Goal Preservation of Invariant:**
   - The formula it violates: `((y == 0)&&(x == 0)&&(z == 0)&&(w == 1)) || (w % 2 == 1) ==> ((y == 0)&&(x == 0)&&(z == 0)&&(w == 1)) || (w' % 2 == 1)`
   - Why it is incorrect: The invariant `((y == 0)&&(x == 0)&&(z == 0)&&(w == 1)) || (w % 2 == 1)` does not hold after the loop iteration when `w` is updated. Specifically, if `w` is incremented in the loop, it will no longer satisfy the condition `w % 2 == 1` after the increment if it starts as odd.
   - How to modify it: Replace the invariant with a modulo constraint that captures the behavior of `w` after it is incremented. A suitable modification would be to express that `w` will alternate between even and odd.
   - The rationale behind the modification: By replacing `w % 2 == 1` with `w % 2 == 1 || w % 2 == 0`, we accommodate both cases of `w` being odd or even, allowing the invariant to hold after the increment of `w`.

2. **Fixed C Code:**

```c
int unknown();

void foo() {

  int w = 1;
  int z = 0;
  int x = 0;
  int y = 0;

        /*@ 
          loop invariant  ((y == 0)&&(x == 0)&&(z == 0)&&(w == 1)) || (w % 2 == 0) ;
          loop invariant  ((y == 0)&&(x == 0)&&(z == 0)&&(w == 1)) || (z % 2 == 0) ;
          loop invariant  ((y == 0)&&(x == 0)&&(z == 0)&&(w == 1)) || (x <= 1) ;
          loop invariant  ((y == 0)&&(x == 0)&&(z == 0)&&(w == 1)) || (y <= 1) ;
        */
                while (unknown()) {
    if (w % 2 == 1) {
      x++;
      w++;
    }
    if (z % 2 == 0) {
      y++;
      z++;
    }
  }

  /*@ assert x <= 1; */
}
```
after weaken

int unknown();

void foo() {

  int w = 1;
  int z = 0;
  int x = 0;
  int y = 0;

        /*@ 
          loop invariant  ((y == 0)&&(x == 0)&&(z == 0)&&(w == 1)) || (w % 2 == 0) ;
          loop invariant  ((y == 0)&&(x == 0)&&(z == 0)&&(w == 1)) || (z % 2 == 0) ;
          loop invariant  ((y == 0)&&(x == 0)&&(z == 0)&&(w == 1)) || (x <= 1) ;
          loop invariant  ((y == 0)&&(x == 0)&&(z == 0)&&(w == 1)) || (y <= 1) ;
        */
                while (unknown()) {
    if (w % 2 == 1) {
      x++;
      w++;
    }
    if (z % 2 == 0) {
      y++;
      z++;
    }
  }

  /*@ assert x <= 1; */
}

syntax Correct
Validate:
[True, False, True, True]

Goal Preservation of Invariant (file output/046.c, line 13)
Error found in file: output/046.c at line: 13
Error line content: loop invariant  ((y == 0)&&(x == 0)&&(z == 0)&&(w == 1)) || (z % 2 == 0) ;

Verify:
[True]

after hudini

int unknown();

void foo() {

  int w = 1;
  int z = 0;
  int x = 0;
  int y = 0;

        /*@ 
          loop invariant  ((y == 0)&&(x == 0)&&(z == 0)&&(w == 1)) || (w % 2 == 0) ;
          loop invariant  ((y == 0)&&(x == 0)&&(z == 0)&&(w == 1)) || (x <= 1) ;
          loop invariant  ((y == 0)&&(x == 0)&&(z == 0)&&(w == 1)) || (y <= 1) ;
        */
                while (unknown()) {
    if (w % 2 == 1) {
      x++;
      w++;
    }
    if (z % 2 == 0) {
      y++;
      z++;
    }
  }

  /*@ assert x <= 1; */
}

syntax Correct
Validate:
[True, True, False]

Goal Preservation of Invariant (file output/046.c, line 14)
Error found in file: output/046.c at line: 14
Error line content: loop invariant  ((y == 0)&&(x == 0)&&(z == 0)&&(w == 1)) || (y <= 1) ;

Verify:
[True]

after hudini

int unknown();

void foo() {

  int w = 1;
  int z = 0;
  int x = 0;
  int y = 0;

        /*@ 
          loop invariant  ((y == 0)&&(x == 0)&&(z == 0)&&(w == 1)) || (w % 2 == 0) ;
          loop invariant  ((y == 0)&&(x == 0)&&(z == 0)&&(w == 1)) || (x <= 1) ;
        */
                while (unknown()) {
    if (w % 2 == 1) {
      x++;
      w++;
    }
    if (z % 2 == 0) {
      y++;
      z++;
    }
  }

  /*@ assert x <= 1; */
}

syntax Correct
Validate:
[True, True]

Verify:
[True]

after hudini

int unknown();

void foo() {

  int w = 1;
  int z = 0;
  int x = 0;
  int y = 0;

        /*@ 
          loop invariant  ((y == 0)&&(x == 0)&&(z == 0)&&(w == 1)) || (w % 2 == 0) ;
          loop invariant  ((y == 0)&&(x == 0)&&(z == 0)&&(w == 1)) || (x <= 1) ;
        */
                while (unknown()) {
    if (w % 2 == 1) {
      x++;
      w++;
    }
    if (z % 2 == 0) {
      y++;
      z++;
    }
  }

  /*@ assert x <= 1; */
}

syntax Correct
Validate:
[True, True]

Verify:
[True]

/*@ 
          loop invariant  ((y == 0)&&(x == 0)&&(z == 0)&&(w == 1)) || (w % 2 == 0) ;
          loop invariant  ((y == 0)&&(x == 0)&&(z == 0)&&(w == 1)) || (x <= 1) ;
        */
                while (unknown()) {
    if (w % 2 == 1) {
      x++;
      w++;
    }
    if (z % 2 == 0) {
      y++;
      z++;
    }
  }
è½¬æ¢å
/*@ Inv
    (((y == 0)&&(x == 0)&&(z == 0)&&(w == 1)) || (w % 2 == 0) ) &&
(((y == 0)&&(x == 0)&&(z == 0)&&(w == 1)) || (x <= 1) )
    */
    
                while (unknown()) {
    if (w % 2 == 1) {
      x++;
      w++;
    }
    if (z % 2 == 0) {
      y++;
      z++;
    }
  }
PARTIAL CORRECT INVARIANT
ç»§ç»­ç¬¦å·æ‰§è¡Œ
/*@ Inv
    (((y == 0)&&(x == 0)&&(z == 0)&&(w == 1)) || (w % 2 == 0) ) &&
(((y == 0)&&(x == 0)&&(z == 0)&&(w == 1)) || (x <= 1) )
    */
    
                while (unknown()) {
    if (w % 2 == 1) {
      x++;
      w++;
    }
    if (z % 2 == 0) {
      y++;
      z++;
    }
  }
File found: ../sac_c_parser/test/../ip_postcond/goal/046_goal.v. Deleting the file.
File found: ../sac_c_parser/test/../ip_postcond/goal/046_proof_auto.v. Deleting the file.
File found: ../sac_c_parser/test/../ip_postcond/goal/046_proof_manual.v. Deleting the file.
LoopEntry_0:
(y == 0) * (x == 0) * (z == 0) * (w == 1)
[1;31mfatal error: [0minvariant case is branching in ../../LoopInvGen_5/symexe/output/046.c:25:6
Successfully generated loop/046.json
syntax Correct
Validate:
[True, True]

Verify:
[True]

CORRECT INVARIANT
syntax Correct
Validate:
[True, True]

Verify:
[True]

å·²ç§»åŠ¨æ–‡ä»¶: 046.c -> finish
-----------------------------------------

æ–‡ä»¶ 046.c å¤„ç†å®Œæˆ. æ€»è€—æ—¶: 247.3720600605011
é”™è¯¯çš„æ–‡ä»¶å:
  - 046.c
========================================
æ‰€æœ‰æ–‡ä»¶éªŒè¯é€šè¿‡ï¼Œæ²¡æœ‰é”™è¯¯æ–‡ä»¶ã€‚
========================================
æ‰€æœ‰æ–‡ä»¶éªŒè¯é€šè¿‡ï¼Œæ²¡æœ‰é”™è¯¯æ–‡ä»¶ã€‚
========================================
-----------------------------------------
finshed_files:['046.c']
