file:08.c
TRY TIME: 0
[(339, 554, 0)]
[(339, 554, 0)]
[(339, 554, 0)]
[(339, 554, 0)]
Loop 0 : Outer
Sorted indices: [0]
File not found: ../sac_c_parser/test/../ip_postcond/goal/08_goal.v. No file to delete.
File not found: ../sac_c_parser/test/../ip_postcond/goal/08_proof_auto.v. No file to delete.
File not found: ../sac_c_parser/test/../ip_postcond/goal/08_proof_manual.v. No file to delete.
LoopEntry_0:
(y == 0) * (x == 0)
The number of now assertions and partial assertions does not match. 

Successfully generated loop/08.json
INNER_FLAG: False
Variable Maps: [{'y': '0', 'x': '0'}]
Path conditions: [None]
Pre condition: (y == 0) * (x == 0)
Loop Condition: unknown1()
Updated Loop Conditions: ['unknown1()']
Global Unchanged Variables []
Non Inductive Variables []
[{'y': '0', 'x': '0'}]
[None]

                
        /* >>> LOOP INVARIANT TO FILL <<< */
        
                /*@
                */
                while(unknown1()) {
   if(unknown2()) { 
      x++; 
      y += 100; 
   }
   else if (unknown3()){ 
      if (x >= 4) { 
          x++; 
          y++; 
      } 
      if (x < 0) {
          y--;
      }
   }
  
 }
                

                
        /* >>> LOOP INVARIANT TO FILL <<< */
        
                /*@
          loop invariant  ((y == 0)&&(x == 0)) || (PLACE_HOLDER_x) ;
          loop invariant  ((y == 0)&&(x == 0)) || (PLACE_HOLDER_y) ;
                */
                while(unknown1()) {
   if(unknown2()) { 
      x++; 
      y += 100; 
   }
   else if (unknown3()){ 
      if (x >= 4) { 
          x++; 
          y++; 
      } 
      if (x < 0) {
          y--;
      }
   }
  
 }
                
int unknown1();
int unknown2();
int unknown3();


void foo() {
 int x = 0, y = 0;

 
                
        /* >>> LOOP INVARIANT TO FILL <<< */
        
                /*@
          loop invariant  ((y == 0)&&(x == 0)) || (PLACE_HOLDER_x) ;
          loop invariant  ((y == 0)&&(x == 0)) || (PLACE_HOLDER_y) ;
                */
                while(unknown1()) {
   if(unknown2()) { 
      x++; 
      y += 100; 
   }
   else if (unknown3()){ 
      if (x >= 4) { 
          x++; 
          y++; 
      } 
      if (x < 0) {
          y--;
      }
   }
  
 }
                
 /*@ assert x < 4 || y > 2; */
}

1. a. Purpose and Structure of the Loop:
   The purpose of the loop is to increment the variables `x` and `y` based on certain conditions determined by the functions `unknown1()`, `unknown2()`, and `unknown3()`. The loop continues executing as long as `unknown1()` returns true. Within the loop, it checks the result of `unknown2()` to potentially increment `x` and `y` by predefined values. It also checks `unknown3()` to apply additional logic that modifies `x` and `y` based on the value of `x`. The relevant variables that affect the loop's behavior are `x` and `y`.

b. Discussion of the Loop Invariant:
   The proposed loop invariant states that either both `y` and `x` are zero, or certain properties related to `x` and `y` hold true. The invariants need to track conditions that relate to the bounds and modifications of variables `x` and `y`. A valid invariant should encapsulate the states of `x` and `y` throughout the loop iterations.

c. Establishment:
   Before the loop starts, the pre-condition `(y == 0) * (x == 0)` ensures that both `x` and `y` are initialized to zero. Therefore, the invariant `((y == 0)&&(x == 0))` holds true at the start of execution, satisfying the establishment condition.

d. Preservation:
   During each iteration, if the invariant is true at the beginning, the loop condition `unknown1()` must hold. Depending on the results of `unknown2()` and `unknown3()`, the modifications to `x` and `y` will either increment `x` and `y` directly or apply some constraints that maintain the invariant. The expressions in the placeholders will ensure that the properties of `x` and `y` are preserved after each iteration.

e. Termination Analysis of the Loop:
   When the loop terminates, it implies that `unknown1()` is false. At this point, `x` and `y` will have some values based on the increments made during the loop. The invariant should still hold true given that it is constructed to accommodate the modifications that occurred during the loop iterations.

f. Correctness of the Post-condition:
   The post-condition asserts that if `x` is less than 4, then `y` must be greater than 2. This can be ensured by the loop invariant and the conditions under which `x` and `y` are modified within the loop. The invariant implies that the loop maintains certain bounds on `x` and `y` that support the post-condition.

g. Implication of the Pre-condition:
   The pre-condition `(y == 0) * (x == 0)` guarantees that before the loop starts, both `x` and `y` are zero. This directly establishes the first part of the invariant `((y == 0)&&(x == 0))`, thus implying the invariant before the loop execution begins.

2. The complete C loop program with invariant annotations filled in:

```c
int unknown1();
int unknown2();
int unknown3();

void foo() {
 int x = 0, y = 0;

 
                
        /* >>> LOOP INVARIANT TO FILL <<< */
        
                /*@
          loop invariant  ((y == 0)&&(x == 0)) || (x >= 0 && x <= 4);
          loop invariant  ((y == 0)&&(x == 0)) || (y >= 0);
                */
                while(unknown1()) {
   if(unknown2()) { 
      x++; 
      y += 100; 
   }
   else if (unknown3()){ 
      if (x >= 4) { 
          x++; 
          y++; 
      } 
      if (x < 0) {
          y--;
      }
   }
  
 }
                
 /*@ assert x < 4 || y > 2; */
}
```

int unknown1();
int unknown2();
int unknown3();

void foo() {
 int x = 0, y = 0;

 
                
                /*@
          loop invariant  ((y == 0)&&(x == 0)) || (x >= 0 && x <= 4);
          loop invariant  ((y == 0)&&(x == 0)) || (y >= 0);
                */
                while(unknown1()) {
   if(unknown2()) { 
      x++; 
      y += 100; 
   }
   else if (unknown3()){ 
      if (x >= 4) { 
          x++; 
          y++; 
      } 
      if (x < 0) {
          y--;
      }
   }
  
 }
                
 /*@ assert x < 4 || y > 2; */
}


int unknown1();
int unknown2();
int unknown3();

void foo() {
 int x = 0, y = 0;

 
                
                /*@
          loop invariant  ((y == 0)&&(x == 0)) || (x >= 0 && x <= 4);
          loop invariant  ((y == 0)&&(x == 0)) || (y >= 0);
                */
                while(unknown1()) {
   if(unknown2()) { 
      x++; 
      y += 100; 
   }
   else if (unknown3()){ 
      if (x >= 4) { 
          x++; 
          y++; 
      } 
      if (x < 0) {
          y--;
      }
   }
  
 }
                
 /*@ assert x < 4 || y > 2; */
}

syntax Correct
Validate:
[False, True]

Goal Preservation of Invariant (file output/08.c, line 12)
Error found in file: output/08.c at line: 12
Error line content: loop invariant  ((y == 0)&&(x == 0)) || (x >= 0 && x <= 4);

Verify:
[False]

Goal Assertion (file output/08.c, line 32)
Error found in file: output/08.c at line: 32
Error line content: /*@ assert x < 4 || y > 2; */


int unknown1();
int unknown2();
int unknown3();

void foo() {
 int x = 0, y = 0;

 
                
                /*@
          loop invariant  ((y == 0)&&(x == 0)) || (x >= 0 && x <= 4) [INVARIANT FAILED] ;
          loop invariant  ((y == 0)&&(x == 0)) || (y >= 0);
                */
                while(unknown1()) {
   if(unknown2()) { 
      x++; 
      y += 100; 
   }
   else if (unknown3()){ 
      if (x >= 4) { 
          x++; 
          y++; 
      } 
      if (x < 0) {
          y--;
      }
   }
  
 }
                
 /*@ assert x < 4 || y > 2; */
}

### 1. Error Analysis:

#### a. Goal Establishment of Invariant
- **Formula it violates**: 
  \[
  (y == 0) \land (x == 0) \implies (x \geq 0 \land x \leq 4)
  \]
- **Why it is incorrect**: The established invariant states that \( x \) must be between 0 and 4. However, the precondition only guarantees that \( x = 0 \) at the start, which does not imply \( x \leq 4 \) without additional context (it can only guarantee that \( x \) is at least 0).
- **How to modify it**: Change the invariant to reflect that \( x \) is non-negative at the beginning, i.e., \( x \geq 0 \).
- **Rationale behind the regeneration**: The invariant should be established as true based on the precondition. By stating \( x \geq 0 \), we ensure that the invariant holds true at the loop's start.

#### b. Goal Preservation of Invariant
- **Formula it violates**: 
  \[
  (Inv(var)) \implies (Inv(var'))
  \]
- **Why it is incorrect**: The invariant fails to account for the possibility that \( x \) might exceed 4 after the loop iterations, especially since the body of the loop can increment \( x \) without an upper bound check sufficiently.
- **How to modify it**: We should specify a stricter invariant that ensures \( x \) does not exceed 4, taking into account all the increments within the loop.
- **Rationale behind the regeneration**: To ensure preservation, the invariant must be true after each iteration, thus capturing the behavior of \( x \) correctly across all operations within the loop.

#### c. Goal Assertion of Invariant
- **Formula it violates**: 
  \[
  (Inv(var) \land \neg loopcond) \implies (x < 4 \lor y > 2)
  \]
- **Why the loop invariant can't verify postcondition**: The assertion cannot be verified because the invariant does not sufficiently constrain \( y \) when \( x \) is less than 4. The increments in \( y \) could lead to values that do not support the postcondition.
- **How to modify the loop invariant**: We need to ensure that the increments of \( y \) are bounded by the number of times the loop can execute while also ensuring \( y \) can exceed a certain threshold.
- **Rationale behind the modification**: Modifying the invariant to include conditions on \( y \) ensures that when the loop terminates, both the state of \( x \) and \( y \) can satisfy the postcondition.

### 2. Fixed C Code:

```c
int unknown1();
int unknown2();
int unknown3();

void foo() {
 int x = 0, y = 0;

 
                
                /*@
          loop invariant  ((y == 0)&&(x == 0)) || (x >= 0 && x <= 4) ;
          loop invariant  ((y == 0)&&(x == 0)) || (y >= 0 && y <= 100 * (x + 1));
                */
                while(unknown1()) {
   if(unknown2()) { 
      x++; 
      y += 100; 
   }
   else if (unknown3()){ 
      if (x >= 4) { 
          x++; 
          y++; 
      } 
      if (x < 0) {
          y--;
      }
   }
  
 }
                
 /*@ assert x < 4 || y > 2; */
}
```
after regen

int unknown1();
int unknown2();
int unknown3();

void foo() {
 int x = 0, y = 0;

 
                
                /*@
          loop invariant  ((y == 0)&&(x == 0)) || (x >= 0 && x <= 4) ;
          loop invariant  ((y == 0)&&(x == 0)) || (y >= 0 && y <= 100 * (x + 1));
                */
                while(unknown1()) {
   if(unknown2()) { 
      x++; 
      y += 100; 
   }
   else if (unknown3()){ 
      if (x >= 4) { 
          x++; 
          y++; 
      } 
      if (x < 0) {
          y--;
      }
   }
  
 }
                
 /*@ assert x < 4 || y > 2; */
}

syntax Correct
Validate:
[False, True]

Goal Preservation of Invariant (file output/08.c, line 12)
Error found in file: output/08.c at line: 12
Error line content: loop invariant  ((y == 0)&&(x == 0)) || (x >= 0 && x <= 4) ;

Verify:
[False]

Goal Assertion (file output/08.c, line 32)
Error found in file: output/08.c at line: 32
Error line content: /*@ assert x < 4 || y > 2; */

after hudini

int unknown1();
int unknown2();
int unknown3();

void foo() {
 int x = 0, y = 0;

 
                
                /*@
          loop invariant  ((y == 0)&&(x == 0)) || (y >= 0 && y <= 100 * (x + 1));
                */
                while(unknown1()) {
   if(unknown2()) { 
      x++; 
      y += 100; 
   }
   else if (unknown3()){ 
      if (x >= 4) { 
          x++; 
          y++; 
      } 
      if (x < 0) {
          y--;
      }
   }
  
 }
                
 /*@ assert x < 4 || y > 2; */
}

syntax Correct
Validate:
[False]

Goal Preservation of Invariant (file output/08.c, line 12)
Error found in file: output/08.c at line: 12
Error line content: loop invariant  ((y == 0)&&(x == 0)) || (y >= 0 && y <= 100 * (x + 1));

Verify:
[False]

Goal Assertion (file output/08.c, line 31)
Error found in file: output/08.c at line: 31
Error line content: /*@ assert x < 4 || y > 2; */

syntax Correct
Validate:
[False]

Goal Preservation of Invariant (file output/08.c, line 12)
Error found in file: output/08.c at line: 12
Error line content: loop invariant  ((y == 0)&&(x == 0)) || (y >= 0 && y <= 100 * (x + 1));

Verify:
[False]

Goal Assertion (file output/08.c, line 31)
Error found in file: output/08.c at line: 31
Error line content: /*@ assert x < 4 || y > 2; */

/*@
          loop invariant  ((y == 0)&&(x == 0)) || (y >= 0 && y <= 100 * (x + 1));
                */
                while(unknown1()) {
   if(unknown2()) { 
      x++; 
      y += 100; 
   }
   else if (unknown3()){ 
      if (x >= 4) { 
          x++; 
          y++; 
      } 
      if (x < 0) {
          y--;
      }
   }
  
 }
è½¬æ¢åŽ
/*@ Inv
    (((y == 0)&&(x == 0)) || (y >= 0 && y <= 100 * (x + 1)))
    */
    
                while(unknown1()) {
   if(unknown2()) { 
      x++; 
      y += 100; 
   }
   else if (unknown3()){ 
      if (x >= 4) { 
          x++; 
          y++; 
      } 
      if (x < 0) {
          y--;
      }
   }
  
 }
syntax Correct
Validate:
[False]

Goal Preservation of Invariant (file output/08.c, line 12)
Error found in file: output/08.c at line: 12
Error line content: loop invariant  ((y == 0)&&(x == 0)) || (y >= 0 && y <= 100 * (x + 1));

Verify:
[False]

Goal Assertion (file output/08.c, line 31)
Error found in file: output/08.c at line: 31
Error line content: /*@ assert x < 4 || y > 2; */

/*@ Inv
    (((y == 0)&&(x == 0)) || (y >= 0 && y <= 100 * (x + 1)))
    */
    
                while(unknown1()) {
   if(unknown2()) { 
      x++; 
      y += 100; 
   }
   else if (unknown3()){ 
      if (x >= 4) { 
          x++; 
          y++; 
      } 
      if (x < 0) {
          y--;
      }
   }
  
 }
1. **Error Analysis:**

   a. **Goal Establishment of Invariant**:
      - The formula it violates: `(y == 0 && x == 0) ==> (((y == 0)&&(x == 0)) || (y >= 0 && y <= 100 * (x + 1)))`
      - Why it is incorrect: The invariant requires that `y` is within a range defined by `x` which starts at 0. However, the invariant is not guaranteed to hold right at the beginning if `y` is modified and could be greater than `0`.
      - How to modify it: We need a simpler invariant that holds true at the beginning, such as `((x == 0) && (y == 0)) || (y >= 0)`.
      - The rationale behind the regeneration: This modified invariant ensures that as long as `x` and `y` start at zero, the invariant will hold true from the start.

   b. **Goal Preservation of Invariant**:
      - The formula it violates: `(((y == 0)&&(x == 0)) || (y >= 0 && y <= 100 * (x + 1))) ==> (((y == 0)&&(x == 0)) || (y >= 0 && y <= 100 * (x + 1)))`
      - Why it is incorrect: The variable `y` can be incremented by 100 or by 1, which might lead it to exceed `100 * (x + 1)`. Thus, the preservation condition fails.
      - How to modify it: The invariant should be more in line with the operations performed. One option is `((y == 0)&&(x == 0)) || (y >= 0 && y <= 100 * (x + 2))`.
      - The rationale behind the regeneration: This reflects the possible increments of `y` and ensures that the invariant remains true after each iteration.

   c. **Goal Assertion of Invariant**:
      - The formula it violates: `((((y == 0)&&(x == 0)) || (y >= 0 && y <= 100 * (x + 1))) && !unknown1()) ==> (x < 4 || y > 2)`
      - Why the loop invariant can't verify postcondition: The invariant does not sufficiently constrain `y` to meet the post-condition because `y` can be large if `unknown2()` is true multiple times.
      - How to modify the loop invariant: The invariant must account for the maximum possible value `y` can take. For example, `((y == 0)&&(x == 0)) || (y >= 0 && y <= 100 * (x + 2))`.
      - The rationale behind the modification: This will ensure that after the loop, we can deduce that `y` will not exceed the values needed to satisfy the assertion.

2. **Fixed C Code:**

    ```c
    /*@
      loop invariant  ((y == 0) && (x == 0)) || (y >= 0 && y <= 100 * (x + 2));
    */
    while(unknown1()) {
        if(unknown2()) { 
            x++; 
            y += 100; 
        }
        else if (unknown3()){ 
            if (x >= 4) { 
                x++; 
                y++; 
            } 
            if (x < 0) {
                y--;
            }
        }
    }
    
    /*@ assert x < 4 || y > 2; */
    ```
after regen

    /*@
      loop invariant  ((y == 0) && (x == 0)) || (y >= 0 && y <= 100 * (x + 2));
    */
    while(unknown1()) {
        if(unknown2()) { 
            x++; 
            y += 100; 
        }
        else if (unknown3()){ 
            if (x >= 4) { 
                x++; 
                y++; 
            } 
            if (x < 0) {
                y--;
            }
        }
    }
    
    /*@ assert x < 4 || y > 2; */
    
syntax Error
[kernel] Parsing output/08.c (with preprocessing)
[kernel] output/08.c:4: 
  syntax error:
  Location: line 4, column 0
  2         /*@
  3           loop invariant  ((y == 0) && (x == 0)) || (y >= 0 && y <= 100 * (x + 2));
  4         */
        ^
  5         while(unknown1()) {
  6             if(unknown2()) {
[kernel] Frama-C aborted: invalid user input.

syntax Error
[kernel] Parsing output/08.c (with preprocessing)
[kernel] output/08.c:4: 
  syntax error:
  Location: line 4, column 0
  2         /*@
  3           loop invariant  ((y == 0) && (x == 0)) || (y >= 0 && y <= 100 * (x + 2));
  4         */
        ^
  5         while(unknown1()) {
  6             if(unknown2()) {
[kernel] Frama-C aborted: invalid user input.

/*@
      loop invariant  ((y == 0) && (x == 0)) || (y >= 0 && y <= 100 * (x + 2));
    */
    while(unknown1()) {
        if(unknown2()) { 
            x++; 
            y += 100; 
        }
        else if (unknown3()){ 
            if (x >= 4) { 
                x++; 
                y++; 
            } 
            if (x < 0) {
                y--;
            }
        }
    }
è½¬æ¢åŽ
/*@ Inv
    (((y == 0) && (x == 0)) || (y >= 0 && y <= 100 * (x + 2)))
    */
    
    while(unknown1()) {
        if(unknown2()) { 
            x++; 
            y += 100; 
        }
        else if (unknown3()){ 
            if (x >= 4) { 
                x++; 
                y++; 
            } 
            if (x < 0) {
                y--;
            }
        }
    }
syntax Error
[kernel] Parsing output/08.c (with preprocessing)
[kernel] output/08.c:4: 
  syntax error:
  Location: line 4, column 0
  2         /*@
  3           loop invariant  ((y == 0) && (x == 0)) || (y >= 0 && y <= 100 * (x + 2));
  4         */
        ^
  5         while(unknown1()) {
  6             if(unknown2()) {
[kernel] Frama-C aborted: invalid user input.

after repair

    /*@
      loop invariant  ((y == 0) && (x == 0)) || (y >= 0 && y <= 100 * (x + 2));
    */
    
    while(unknown1()) {
        if(unknown2()) { 
            x++; 
            y += 100; 
        }
        else if (unknown3()){ 
            if (x >= 4) { 
                x++; 
                y++; 
            } 
            if (x < 0) {
                y--;
            }
        }
    }
   
syntax Error
[kernel] Parsing output/08.c (with preprocessing)
[kernel] output/08.c:4: 
  syntax error:
  Location: line 4, column 0
  2         /*@
  3           loop invariant  ((y == 0) && (x == 0)) || (y >= 0 && y <= 100 * (x + 2));
  4         */
        ^
  5         
  6         while(unknown1()) {
[kernel] Frama-C aborted: invalid user input.

syntax Error
[kernel] Parsing output/08.c (with preprocessing)
[kernel] output/08.c:4: 
  syntax error:
  Location: line 4, column 0
  2         /*@
  3           loop invariant  ((y == 0) && (x == 0)) || (y >= 0 && y <= 100 * (x + 2));
  4         */
        ^
  5         
  6         while(unknown1()) {
[kernel] Frama-C aborted: invalid user input.

/*@
      loop invariant  ((y == 0) && (x == 0)) || (y >= 0 && y <= 100 * (x + 2));
    */
    
    while(unknown1()) {
        if(unknown2()) { 
            x++; 
            y += 100; 
        }
        else if (unknown3()){ 
            if (x >= 4) { 
                x++; 
                y++; 
            } 
            if (x < 0) {
                y--;
            }
        }
    }
è½¬æ¢åŽ
/*@ Inv
    (((y == 0) && (x == 0)) || (y >= 0 && y <= 100 * (x + 2)))
    */
    
    
    while(unknown1()) {
        if(unknown2()) { 
            x++; 
            y += 100; 
        }
        else if (unknown3()){ 
            if (x >= 4) { 
                x++; 
                y++; 
            } 
            if (x < 0) {
                y--;
            }
        }
    }
/*@ Inv
    (((y == 0) && (x == 0)) || (y >= 0 && y <= 100 * (x + 2)))
    */
    
    
    while(unknown1()) {
        if(unknown2()) { 
            x++; 
            y += 100; 
        }
        else if (unknown3()){ 
            if (x >= 4) { 
                x++; 
                y++; 
            } 
            if (x < 0) {
                y--;
            }
        }
    }
è½¬æ¢åŽ
/*@ Inv
    (Inv
    (((y == 0) && (x == 0)) || (y >= 0 && y <= 100 * (x + 2))))
    */
    
    
    
    while(unknown1()) {
        if(unknown2()) { 
            x++; 
            y += 100; 
        }
        else if (unknown3()){ 
            if (x >= 4) { 
                x++; 
                y++; 
            } 
            if (x < 0) {
                y--;
            }
        }
    }
syntax Error
[kernel] Parsing output/08.c (with preprocessing)
[kernel] output/08.c:4: 
  syntax error:
  Location: line 4, column 0
  2         /*@
  3           loop invariant  ((y == 0) && (x == 0)) || (y >= 0 && y <= 100 * (x + 2));
  4         */
        ^
  5         
  6         while(unknown1()) {
[kernel] Frama-C aborted: invalid user input.

syntax Error
[kernel] Parsing output/08.c (with preprocessing)
[kernel] output/08.c:4: 
  syntax error:
  Location: line 4, column 0
  2         /*@
  3           loop invariant  ((y == 0) && (x == 0)) || (y >= 0 && y <= 100 * (x + 2));
  4         */
        ^
  5         
  6         while(unknown1()) {
[kernel] Frama-C aborted: invalid user input.

RESULT PASS_1
0
0
0
RESULT PASS_3
0
0
0
RESULT PASS_5
0
0
0
TRY TIME: 1
[(339, 554, 0)]
[(339, 554, 0)]
[(339, 554, 0)]
[(339, 554, 0)]
Loop 0 : Outer
Sorted indices: [0]
File found: ../sac_c_parser/test/../ip_postcond/goal/08_goal.v. Deleting the file.
File found: ../sac_c_parser/test/../ip_postcond/goal/08_proof_auto.v. Deleting the file.
File found: ../sac_c_parser/test/../ip_postcond/goal/08_proof_manual.v. Deleting the file.
LoopEntry_0:
(y == 0) * (x == 0)
The number of now assertions and partial assertions does not match. 

Successfully generated loop/08.json
INNER_FLAG: False
Variable Maps: [{'y': '0', 'x': '0'}]
Path conditions: [None]
Pre condition: (y == 0) * (x == 0)
Loop Condition: unknown1()
Updated Loop Conditions: ['unknown1()']
Global Unchanged Variables []
Non Inductive Variables []
[{'y': '0', 'x': '0'}]
[None]

                
        /* >>> LOOP INVARIANT TO FILL <<< */
        
                /*@
                */
                while(unknown1()) {
   if(unknown2()) { 
      x++; 
      y += 100; 
   }
   else if (unknown3()){ 
      if (x >= 4) { 
          x++; 
          y++; 
      } 
      if (x < 0) {
          y--;
      }
   }
  
 }
                

                
        /* >>> LOOP INVARIANT TO FILL <<< */
        
                /*@
          loop invariant  ((y == 0)&&(x == 0)) || (PLACE_HOLDER_x) ;
          loop invariant  ((y == 0)&&(x == 0)) || (PLACE_HOLDER_y) ;
                */
                while(unknown1()) {
   if(unknown2()) { 
      x++; 
      y += 100; 
   }
   else if (unknown3()){ 
      if (x >= 4) { 
          x++; 
          y++; 
      } 
      if (x < 0) {
          y--;
      }
   }
  
 }
                
int unknown1();
int unknown2();
int unknown3();


void foo() {
 int x = 0, y = 0;

 
                
        /* >>> LOOP INVARIANT TO FILL <<< */
        
                /*@
          loop invariant  ((y == 0)&&(x == 0)) || (PLACE_HOLDER_x) ;
          loop invariant  ((y == 0)&&(x == 0)) || (PLACE_HOLDER_y) ;
                */
                while(unknown1()) {
   if(unknown2()) { 
      x++; 
      y += 100; 
   }
   else if (unknown3()){ 
      if (x >= 4) { 
          x++; 
          y++; 
      } 
      if (x < 0) {
          y--;
      }
   }
  
 }
                
 /*@ assert x < 4 || y > 2; */
}

1. **Purpose and Structure of the Loop**:
   The objective of the loop is to update the variables `x` and `y` based on certain conditions evaluated within the loop. The loop continues executing as long as the function `unknown1()` returns true. Inside the loop, if `unknown2()` returns true, `x` is incremented by 1 and `y` is incremented by 100. If `unknown2()` returns false and `unknown3()` returns true, additional conditions are checked to potentially increment `x` and `y` based on the value of `x`. 

   The loop structure consists of:
   - A condition `unknown1()` that controls the loop's execution.
   - Two branches within the loop body, governed by `unknown2()` and `unknown3()`.
   - The key variables affected by the loop are `x` and `y`, both of which start at 0.

2. **Discussion of the Loop Invariant**:
   The proposed loop invariant will encapsulate the state of `x` and `y` throughout the iterations of the loop. The invariant must ensure that the conditions involving `x` and `y` are maintained as the loop executes, specifically that `x` does not drop below 0 and is bounded by an upper limit, while `y` remains non-negative and is updated according to the rules specified in the loop.

3. **Establishment**:
   Before the loop begins execution, both `x` and `y` are initialized to 0. Thus, the invariant holds true since both conditions related to `x` and `y` are satisfied, ensuring that the invariant is established at the start.

4. **Preservation**:
   At the beginning of each iteration, if the invariant holds true (i.e., `x >= 0` and `y >= 0`), the operations within the loop body either maintain or correctly update these conditions. Incrementing `x` or `y` as per the conditions will not lead to violations of the invariant provided `x` starts from a non-negative value.

5. **Termination Analysis of the Loop**:
   When the loop terminates (when `unknown1()` returns false), the values of `x` and `y` could be any non-negative integers that have been modified according to the rules defined in the loop. The invariant remains valid upon termination because it asserts that `x` and `y` are constrained by their initial values and the rules of increment that do not lead them to drop below zero.

6. **Correctness of the Post-condition**:
   The post-condition states that `x < 4 || y > 2`. The loop invariant helps ensure that after the loop's execution, one of these conditions must hold true. If `x` has never been incremented to 4 or higher, then `x < 4` holds. If `x` has been incremented adequately, the updates to `y` ensure that it surpasses 2, thus satisfying the post-condition.

7. **Implication of the Pre-condition**:
   The pre-condition `(y == 0) * (x == 0)` directly implies that the loop invariant is established before the loop begins since both `x` and `y` are initialized to 0. This guarantees that all conditions in the invariant are satisfied at the outset.

```c
int unknown1();
int unknown2();
int unknown3();

void foo() {
 int x = 0, y = 0;

 
                
        /* >>> LOOP INVARIANT TO FILL <<< */
        
                /*@
          loop invariant  ((y == 0)&&(x == 0)) || (x >= 0 && x < 4) ;
          loop invariant  ((y == 0)&&(x == 0)) || (y >= 0) ;
                */
                while(unknown1()) {
   if(unknown2()) { 
      x++; 
      y += 100; 
   }
   else if (unknown3()){ 
      if (x >= 4) { 
          x++; 
          y++; 
      } 
      if (x < 0) {
          y--;
      }
   }
  
 }
                
 /*@ assert x < 4 || y > 2; */
}
```

int unknown1();
int unknown2();
int unknown3();

void foo() {
 int x = 0, y = 0;

 
                
                /*@
          loop invariant  ((y == 0)&&(x == 0)) || (x >= 0 && x < 4) ;
          loop invariant  ((y == 0)&&(x == 0)) || (y >= 0) ;
                */
                while(unknown1()) {
   if(unknown2()) { 
      x++; 
      y += 100; 
   }
   else if (unknown3()){ 
      if (x >= 4) { 
          x++; 
          y++; 
      } 
      if (x < 0) {
          y--;
      }
   }
  
 }
                
 /*@ assert x < 4 || y > 2; */
}


int unknown1();
int unknown2();
int unknown3();

void foo() {
 int x = 0, y = 0;

 
                
                /*@
          loop invariant  ((y == 0)&&(x == 0)) || (x >= 0 && x < 4) ;
          loop invariant  ((y == 0)&&(x == 0)) || (y >= 0) ;
                */
                while(unknown1()) {
   if(unknown2()) { 
      x++; 
      y += 100; 
   }
   else if (unknown3()){ 
      if (x >= 4) { 
          x++; 
          y++; 
      } 
      if (x < 0) {
          y--;
      }
   }
  
 }
                
 /*@ assert x < 4 || y > 2; */
}

syntax Correct
Validate:
[False, True]

Goal Preservation of Invariant (file output/08.c, line 12)
Error found in file: output/08.c at line: 12
Error line content: loop invariant  ((y == 0)&&(x == 0)) || (x >= 0 && x < 4) ;

Verify:
[True]


int unknown1();
int unknown2();
int unknown3();

void foo() {
 int x = 0, y = 0;

 
                
                /*@
          loop invariant  ((y == 0)&&(x == 0)) || (x >= 0 && x < 4)  [INVARIANT FAILED] ;
          loop invariant  ((y == 0)&&(x == 0)) || (y >= 0) ;
                */
                while(unknown1()) {
   if(unknown2()) { 
      x++; 
      y += 100; 
   }
   else if (unknown3()){ 
      if (x >= 4) { 
          x++; 
          y++; 
      } 
      if (x < 0) {
          y--;
      }
   }
  
 }
                
 /*@ assert x < 4 || y > 2; */
}

### Error Analysis:

#### a. Goal Establishment of Invariant Violation
- **Formula it violates**: `(y == 0) && (x == 0) ==> (x >= 0 && x < 4)`
- **Why it is incorrect**: The invariant `x >= 0 && x < 4` requires `x` to be in the range [0, 4). However, at the start of the loop, `x` is initialized to `0`, which satisfies the condition. Thus, the invariant does not violate the establishment condition as stated. The problem lies in the preservation condition.
  
#### b. Goal Preservation of Invariant Violation
- **Formula it violates**: `(x >= 0 && x < 4) ==> (x' >= 0 && x' < 4)`
- **Why it is incorrect**: The invariant `x >= 0 && x < 4` does not hold after certain iterations due to the operations performed in the loop. Specifically, when `unknown2()` is true, `x` is incremented, and if `x` reaches `4`, it will no longer satisfy the invariant. The invariant is not preserved when `x` is incremented beyond the value `3`.

- **How to modify it**: Instead of using strict inequalities, we can use a modulo condition to ensure that `x` remains within a certain range despite increments. We can modify the invariant to account for the fact that `x` can only be `0`, `1`, `2`, or `3` using a modulo condition. 

- **Rationale behind the modification**: We can replace `x >= 0 && x < 4` with `x % 4 < 4`. This adjustment allows for the possibility of `x` exceeding `3` but still being valid under modulo arithmetic.

### Fixed C Code:

```c
int unknown1();
int unknown2();
int unknown3();

void foo() {
 int x = 0, y = 0;

 
                
                /*@
          loop invariant  ((y == 0)&&(x == 0)) || (x % 4 < 4) ;
          loop invariant  ((y == 0)&&(x == 0)) || (y >= 0) ;
                */
                while(unknown1()) {
   if(unknown2()) { 
      x++; 
      y += 100; 
   }
   else if (unknown3()){ 
      if (x >= 4) { 
          x++; 
          y++; 
      } 
      if (x < 0) {
          y--;
      }
   }
  
 }
                
 /*@ assert x < 4 || y > 2; */
}
```
after weaken

int unknown1();
int unknown2();
int unknown3();

void foo() {
 int x = 0, y = 0;

 
                
                /*@
          loop invariant  ((y == 0)&&(x == 0)) || (x % 4 < 4) ;
          loop invariant  ((y == 0)&&(x == 0)) || (y >= 0) ;
                */
                while(unknown1()) {
   if(unknown2()) { 
      x++; 
      y += 100; 
   }
   else if (unknown3()){ 
      if (x >= 4) { 
          x++; 
          y++; 
      } 
      if (x < 0) {
          y--;
      }
   }
  
 }
                
 /*@ assert x < 4 || y > 2; */
}

syntax Correct
Validate:
[True, False]

Goal Preservation of Invariant (file output/08.c, line 13)
Error found in file: output/08.c at line: 13
Error line content: loop invariant  ((y == 0)&&(x == 0)) || (y >= 0) ;

Verify:
[False]

Goal Assertion (file output/08.c, line 32)
Error found in file: output/08.c at line: 32
Error line content: /*@ assert x < 4 || y > 2; */

after hudini

int unknown1();
int unknown2();
int unknown3();

void foo() {
 int x = 0, y = 0;

 
                
                /*@
          loop invariant  ((y == 0)&&(x == 0)) || (x % 4 < 4) ;
                */
                while(unknown1()) {
   if(unknown2()) { 
      x++; 
      y += 100; 
   }
   else if (unknown3()){ 
      if (x >= 4) { 
          x++; 
          y++; 
      } 
      if (x < 0) {
          y--;
      }
   }
  
 }
                
 /*@ assert x < 4 || y > 2; */
}

syntax Correct
Validate:
[True]

Verify:
[False]

Goal Assertion (file output/08.c, line 31)
Error found in file: output/08.c at line: 31
Error line content: /*@ assert x < 4 || y > 2; */

syntax Correct
Validate:
[True]

Verify:
[False]

Goal Assertion (file output/08.c, line 31)
Error found in file: output/08.c at line: 31
Error line content: /*@ assert x < 4 || y > 2; */

/*@
          loop invariant  ((y == 0)&&(x == 0)) || (x % 4 < 4) ;
                */
                while(unknown1()) {
   if(unknown2()) { 
      x++; 
      y += 100; 
   }
   else if (unknown3()){ 
      if (x >= 4) { 
          x++; 
          y++; 
      } 
      if (x < 0) {
          y--;
      }
   }
  
 }
è½¬æ¢åŽ
/*@ Inv
    (((y == 0)&&(x == 0)) || (x % 4 < 4) )
    */
    
                while(unknown1()) {
   if(unknown2()) { 
      x++; 
      y += 100; 
   }
   else if (unknown3()){ 
      if (x >= 4) { 
          x++; 
          y++; 
      } 
      if (x < 0) {
          y--;
      }
   }
  
 }
PARTIAL CORRECT INVARIANT
ç»§ç»­ç¬¦å·æ‰§è¡Œ
/*@ Inv
    (((y == 0)&&(x == 0)) || (x % 4 < 4) )
    */
    
                while(unknown1()) {
   if(unknown2()) { 
      x++; 
      y += 100; 
   }
   else if (unknown3()){ 
      if (x >= 4) { 
          x++; 
          y++; 
      } 
      if (x < 0) {
          y--;
      }
   }
  
 }
File found: ../sac_c_parser/test/../ip_postcond/goal/08_goal.v. Deleting the file.
File found: ../sac_c_parser/test/../ip_postcond/goal/08_proof_auto.v. Deleting the file.
File found: ../sac_c_parser/test/../ip_postcond/goal/08_proof_manual.v. Deleting the file.
LoopEntry_0:
(y == 0) * (x == 0)
[1;31mfatal error: [0minvariant case is branching in ../../LoopInvGen_5/symexe/output/08.c:25:6
Successfully generated loop/08.json
syntax Correct
Validate:
[True]

Verify:
[False]

Goal Assertion (file output/08.c, line 31)
Error found in file: output/08.c at line: 31
Error line content: /*@ assert x < 4 || y > 2; */

syntax Correct
Validate:
[True]

Verify:
[False]

Goal Assertion (file output/08.c, line 31)
Error found in file: output/08.c at line: 31
Error line content: /*@ assert x < 4 || y > 2; */

RESULT PASS_1
0
0
0
RESULT PASS_3
1
1
0
RESULT PASS_5
1
1
0
TRY TIME: 2
[(339, 554, 0)]
[(339, 554, 0)]
[(339, 554, 0)]
[(339, 554, 0)]
Loop 0 : Outer
Sorted indices: [0]
File found: ../sac_c_parser/test/../ip_postcond/goal/08_goal.v. Deleting the file.
File found: ../sac_c_parser/test/../ip_postcond/goal/08_proof_auto.v. Deleting the file.
File found: ../sac_c_parser/test/../ip_postcond/goal/08_proof_manual.v. Deleting the file.
LoopEntry_0:
(y == 0) * (x == 0)
The number of now assertions and partial assertions does not match. 

Successfully generated loop/08.json
INNER_FLAG: False
Variable Maps: [{'y': '0', 'x': '0'}]
Path conditions: [None]
Pre condition: (y == 0) * (x == 0)
Loop Condition: unknown1()
Updated Loop Conditions: ['unknown1()']
Global Unchanged Variables []
Non Inductive Variables []
[{'y': '0', 'x': '0'}]
[None]

                
        /* >>> LOOP INVARIANT TO FILL <<< */
        
                /*@
                */
                while(unknown1()) {
   if(unknown2()) { 
      x++; 
      y += 100; 
   }
   else if (unknown3()){ 
      if (x >= 4) { 
          x++; 
          y++; 
      } 
      if (x < 0) {
          y--;
      }
   }
  
 }
                

                
        /* >>> LOOP INVARIANT TO FILL <<< */
        
                /*@
          loop invariant  ((y == 0)&&(x == 0)) || (PLACE_HOLDER_x) ;
          loop invariant  ((y == 0)&&(x == 0)) || (PLACE_HOLDER_y) ;
                */
                while(unknown1()) {
   if(unknown2()) { 
      x++; 
      y += 100; 
   }
   else if (unknown3()){ 
      if (x >= 4) { 
          x++; 
          y++; 
      } 
      if (x < 0) {
          y--;
      }
   }
  
 }
                
int unknown1();
int unknown2();
int unknown3();


void foo() {
 int x = 0, y = 0;

 
                
        /* >>> LOOP INVARIANT TO FILL <<< */
        
                /*@
          loop invariant  ((y == 0)&&(x == 0)) || (PLACE_HOLDER_x) ;
          loop invariant  ((y == 0)&&(x == 0)) || (PLACE_HOLDER_y) ;
                */
                while(unknown1()) {
   if(unknown2()) { 
      x++; 
      y += 100; 
   }
   else if (unknown3()){ 
      if (x >= 4) { 
          x++; 
          y++; 
      } 
      if (x < 0) {
          y--;
      }
   }
  
 }
                
 /*@ assert x < 4 || y > 2; */
}

### Analysis of the Loop

a. **Purpose and Structure of the Loop:**
The objective of the loop is to modify the values of `x` and `y` based on certain conditions defined within the loop body. The loop continues to execute as long as the `unknown1()` function returns true, indicating that the number of iterations is not predetermined and can be any non-negative integer. Inside the loop, if `unknown2()` returns true, `x` is incremented, and `y` is increased by 100. If `unknown3()` returns true, additional conditions are checked to further modify `x` and `y`.

b. **Discussion of the Loop Invariant:**
The proposed loop invariant asserts that either the initial conditions `(y == 0) && (x == 0)` hold true or certain properties of `x` and `y` are maintained throughout the loop iterations. The invariant should ensure that the values of `x` and `y` remain within specific bounds that can be derived from their modifications in the loop body.

c. **Establishment:**
Before the loop begins execution, both `x` and `y` are initialized to 0, which satisfies the invariant as `(y == 0) && (x == 0)` holds true.

d. **Preservation:**
At the beginning of each iteration, if the invariant holds (i.e., either `(y == 0) && (x == 0)` or the properties of `x` and `y`), we need to show that it remains true at the end of the iteration. Depending on whether `unknown2()` or `unknown3()` is true, `x` and `y` might be incremented, but the invariant should reflect that these increments do not violate its conditions.

e. **Termination Analysis of the Loop:**
When the loop terminates, `unknown1()` must return false. At this point, `x` and `y` will have their final values, which should still satisfy the invariant. The actual values of `x` and `y` depend on how many times the loop executed and which branches were taken, but the invariant ensures that the conditions hold true.

f. **Correctness of the Post-condition:**
The post-condition states that if `x < 4`, then `y > 2`. The loop invariant can help ensure that if `x` is less than 4 when the loop terminates, `y` has been sufficiently incremented during the loop iterations to satisfy the post-condition.

g. **Implication of the Pre-condition:**
The pre-condition `(y == 0) * (x == 0)` directly establishes the loop invariant before the loop starts, ensuring that the initial state of `x` and `y` is compatible with the invariant.

### C Loop Program with Filled Invariant Annotations

```c
int unknown1();
int unknown2();
int unknown3();

void foo() {
 int x = 0, y = 0;

        /*@
          loop invariant  ((y == 0)&&(x == 0)) || (x >= 0 && x < 5);
          loop invariant  ((y == 0)&&(x == 0)) || (y >= 0);
                */
                while(unknown1()) {
   if(unknown2()) { 
      x++; 
      y += 100; 
   }
   else if (unknown3()){ 
      if (x >= 4) { 
          x++; 
          y++; 
      } 
      if (x < 0) {
          y--;
      }
   }
  
 }
                
 /*@ assert x < 4 || y > 2; */
}
```

int unknown1();
int unknown2();
int unknown3();

void foo() {
 int x = 0, y = 0;

        /*@
          loop invariant  ((y == 0)&&(x == 0)) || (x >= 0 && x < 5);
          loop invariant  ((y == 0)&&(x == 0)) || (y >= 0);
                */
                while(unknown1()) {
   if(unknown2()) { 
      x++; 
      y += 100; 
   }
   else if (unknown3()){ 
      if (x >= 4) { 
          x++; 
          y++; 
      } 
      if (x < 0) {
          y--;
      }
   }
  
 }
                
 /*@ assert x < 4 || y > 2; */
}


int unknown1();
int unknown2();
int unknown3();

void foo() {
 int x = 0, y = 0;

        /*@
          loop invariant  ((y == 0)&&(x == 0)) || (x >= 0 && x < 5);
          loop invariant  ((y == 0)&&(x == 0)) || (y >= 0);
                */
                while(unknown1()) {
   if(unknown2()) { 
      x++; 
      y += 100; 
   }
   else if (unknown3()){ 
      if (x >= 4) { 
          x++; 
          y++; 
      } 
      if (x < 0) {
          y--;
      }
   }
  
 }
                
 /*@ assert x < 4 || y > 2; */
}

syntax Correct
Validate:
[False, True]

Goal Preservation of Invariant (file output/08.c, line 10)
Error found in file: output/08.c at line: 10
Error line content: loop invariant  ((y == 0)&&(x == 0)) || (x >= 0 && x < 5);

Verify:
[False]

Goal Assertion (file output/08.c, line 30)
Error found in file: output/08.c at line: 30
Error line content: /*@ assert x < 4 || y > 2; */


int unknown1();
int unknown2();
int unknown3();

void foo() {
 int x = 0, y = 0;

        /*@
          loop invariant  ((y == 0)&&(x == 0)) || (x >= 0 && x < 5) [INVARIANT FAILED] ;
          loop invariant  ((y == 0)&&(x == 0)) || (y >= 0);
                */
                while(unknown1()) {
   if(unknown2()) { 
      x++; 
      y += 100; 
   }
   else if (unknown3()){ 
      if (x >= 4) { 
          x++; 
          y++; 
      } 
      if (x < 0) {
          y--;
      }
   }
  
 }
                
 /*@ assert x < 4 || y > 2; */
}

1. **Error Analysis:**

   a. **Goal Establishment of Invariant**:
   - Formula it violates: `((y == 0)&&(x == 0)) || (x >= 0 && x < 5)`
   - Why it is incorrect: The precondition `(y == 0) * (x == 0)` satisfies `((y == 0)&&(x == 0))`, but it does not ensure that `x` will remain less than 5 throughout the loop iterations, especially when `x` can increase without a clear upper limit.
   - How to modify it: We need to ensure that `x` remains bounded in a way that it reflects its possible values throughout the loop and aligns with the changes in the loop body. A better invariant could be `((y == 0)&&(x == 0)) || (x >= 0 && x <= 5)`, which maintains the upper bound.
   - Rationale behind the regeneration: This change ensures that the invariant reflects the potential changes in `x` while preserving its constraints, thus satisfying the establishment condition.

   b. **Goal Preservation of Invariant**:
   - Formula it violates: `((y == 0)&&(x == 0)) || (x >= 0 && x < 5)`
   - Why it is incorrect: The invariant does not account for the conditions in the loop that could allow `x` to exceed 4 after certain iterations, especially since `x` can increase in multiple ways.
   - How to modify it: The invariant should be modified to reflect the state of `x` and `y` after increments in each iteration. A valid preservation invariant could be `((y == 0)&&(x == 0)) || (x >= 0 && x <= 5)` for `x` and `y` reflecting their values post-update.
   - Rationale behind the regeneration: This ensures that after each iteration, the bounds on `x` and `y` are preserved while reflecting their possible changes.

   c. **Goal Assertion of Invariant**:
   - Formula it violates: `Inv(var) && !loopcond ==> postcond`
   - Why the loop invariant can't verify postcondition: The postcondition `assert x < 4 || y > 2;` cannot be guaranteed from the existing invariants, especially since `x` could be incremented above 4 without proper bounds in the invariant.
   - How to modify the loop invariant: We should ensure that the loop invariant guarantees that the eventual value of `y` is sufficiently large when `x` reaches its bounds. A suitable modification could be `((y == 0)&&(x == 0)) || (x < 5 && y >= 100)`, which reflects the potential increment of `y` through the loop.
   - Rationale behind the modification: This guarantees that `y` will always be large enough to satisfy the postcondition when the loop terminates, thus ensuring the validity of the assertion.

2. **Fixed C Code**:

```c
int unknown1();
int unknown2();
int unknown3();

void foo() {
 int x = 0, y = 0;

        /*@
          loop invariant  ((y == 0)&&(x == 0)) || (x >= 0 && x <= 5) ;
          loop invariant  ((y == 0)&&(x == 0)) || (y >= 100);
                */
                while(unknown1()) {
   if(unknown2()) { 
      x++; 
      y += 100; 
   }
   else if (unknown3()){ 
      if (x >= 4) { 
          x++; 
          y++; 
      } 
      if (x < 0) {
          y--;
      }
   }
  
 }
                
 /*@ assert x < 4 || y > 2; */
}
```
after regen

int unknown1();
int unknown2();
int unknown3();

void foo() {
 int x = 0, y = 0;

        /*@
          loop invariant  ((y == 0)&&(x == 0)) || (x >= 0 && x <= 5) ;
          loop invariant  ((y == 0)&&(x == 0)) || (y >= 100);
                */
                while(unknown1()) {
   if(unknown2()) { 
      x++; 
      y += 100; 
   }
   else if (unknown3()){ 
      if (x >= 4) { 
          x++; 
          y++; 
      } 
      if (x < 0) {
          y--;
      }
   }
  
 }
                
 /*@ assert x < 4 || y > 2; */
}

syntax Correct
Validate:
[False, True]

Goal Preservation of Invariant (file output/08.c, line 10)
Error found in file: output/08.c at line: 10
Error line content: loop invariant  ((y == 0)&&(x == 0)) || (x >= 0 && x <= 5) ;

Verify:
[True]

after hudini

int unknown1();
int unknown2();
int unknown3();

void foo() {
 int x = 0, y = 0;

        /*@
          loop invariant  ((y == 0)&&(x == 0)) || (y >= 100);
                */
                while(unknown1()) {
   if(unknown2()) { 
      x++; 
      y += 100; 
   }
   else if (unknown3()){ 
      if (x >= 4) { 
          x++; 
          y++; 
      } 
      if (x < 0) {
          y--;
      }
   }
  
 }
                
 /*@ assert x < 4 || y > 2; */
}

syntax Correct
Validate:
[False]

Goal Preservation of Invariant (file output/08.c, line 10)
Error found in file: output/08.c at line: 10
Error line content: loop invariant  ((y == 0)&&(x == 0)) || (y >= 100);

Verify:
[True]

syntax Correct
Validate:
[False]

Goal Preservation of Invariant (file output/08.c, line 10)
Error found in file: output/08.c at line: 10
Error line content: loop invariant  ((y == 0)&&(x == 0)) || (y >= 100);

Verify:
[True]

/*@
          loop invariant  ((y == 0)&&(x == 0)) || (y >= 100);
                */
                while(unknown1()) {
   if(unknown2()) { 
      x++; 
      y += 100; 
   }
   else if (unknown3()){ 
      if (x >= 4) { 
          x++; 
          y++; 
      } 
      if (x < 0) {
          y--;
      }
   }
  
 }
è½¬æ¢åŽ
/*@ Inv
    (((y == 0)&&(x == 0)) || (y >= 100))
    */
    
                while(unknown1()) {
   if(unknown2()) { 
      x++; 
      y += 100; 
   }
   else if (unknown3()){ 
      if (x >= 4) { 
          x++; 
          y++; 
      } 
      if (x < 0) {
          y--;
      }
   }
  
 }
syntax Correct
Validate:
[False]

Goal Preservation of Invariant (file output/08.c, line 10)
Error found in file: output/08.c at line: 10
Error line content: loop invariant  ((y == 0)&&(x == 0)) || (y >= 100);

Verify:
[True]

/*@ Inv
    (((y == 0)&&(x == 0)) || (y >= 100))
    */
    
                while(unknown1()) {
   if(unknown2()) { 
      x++; 
      y += 100; 
   }
   else if (unknown3()){ 
      if (x >= 4) { 
          x++; 
          y++; 
      } 
      if (x < 0) {
          y--;
      }
   }
  
 }
1. Error Analysis:

    a. **Goal Establishment of Invariant** is not directly violated, but since the preservation is incorrect, we focus on that.
    
    b. **Goal Preservation of Invariant** is violated. The formula it violates is:
        ```
        Inv(var) ==> Inv(var')
        ```
        Specifically, the invariant `((y == 0)&&(x == 0)) || (y >= 100)` fails to remain valid after iterations. After the first iteration, since `y` is incremented by `100` in the `if (unknown2())` branch, it will never be `0` again, hence it fails to satisfy the invariant.
        
        To modify it, we can change the invariant to:
        ```
        ((y == 0)&&(x == 0)) || (y >= 0);
        ```
        This alteration accommodates the possibility that `y` may take on values greater than `0` but below `100` as well as allow for non-negative values of `y` in general.

2. Fixed C Code:

    ```c
    /*@ Inv
    (((y == 0)&&(x == 0)) || (y >= 0))
    */
    
                while(unknown1()) {
   if(unknown2()) { 
      x++; 
      y += 100; 
   }
   else if (unknown3()){ 
      if (x >= 4) { 
          x++; 
          y++; 
      } 
      if (x < 0) {
          y--;
      }
   }
  
 }
    ```
after weaken

    /*@ Inv
    (((y == 0)&&(x == 0)) || (y >= 0))
    */
    
                while(unknown1()) {
   if(unknown2()) { 
      x++; 
      y += 100; 
   }
   else if (unknown3()){ 
      if (x >= 4) { 
          x++; 
          y++; 
      } 
      if (x < 0) {
          y--;
      }
   }
  
 }
    
syntax Error
[kernel] Parsing output/08.c (with preprocessing)
[kernel:annot-error] output/08.c:3: Warning: unexpected token '('
[kernel] User Error: warning annot-error treated as fatal error.
[kernel] Frama-C aborted: invalid user input.

syntax Error
[kernel] Parsing output/08.c (with preprocessing)
[kernel:annot-error] output/08.c:3: Warning: unexpected token '('
[kernel] User Error: warning annot-error treated as fatal error.
[kernel] Frama-C aborted: invalid user input.

/*@ Inv
    (((y == 0)&&(x == 0)) || (y >= 0))
    */
    
                while(unknown1()) {
   if(unknown2()) { 
      x++; 
      y += 100; 
   }
   else if (unknown3()){ 
      if (x >= 4) { 
          x++; 
          y++; 
      } 
      if (x < 0) {
          y--;
      }
   }
  
 }
è½¬æ¢åŽ
/*@ Inv
    (Inv
    (((y == 0)&&(x == 0)) || (y >= 0)))
    */
    
    
                while(unknown1()) {
   if(unknown2()) { 
      x++; 
      y += 100; 
   }
   else if (unknown3()){ 
      if (x >= 4) { 
          x++; 
          y++; 
      } 
      if (x < 0) {
          y--;
      }
   }
  
 }
syntax Error
[kernel] Parsing output/08.c (with preprocessing)
[kernel:annot-error] output/08.c:3: Warning: unexpected token '('
[kernel] User Error: warning annot-error treated as fatal error.
[kernel] Frama-C aborted: invalid user input.

after repair

    /*@
      loop invariant  (((y == 0)&&(x == 0)) || (y >= 0));
    */
    
                while(unknown1()) {
   if(unknown2()) { 
      x++; 
      y += 100; 
   }
   else if (unknown3()){ 
      if (x >= 4) { 
          x++; 
          y++; 
      } 
      if (x < 0) {
          y--;
      }
   }
  
 }
    
syntax Error
[kernel] Parsing output/08.c (with preprocessing)
[kernel] output/08.c:4: 
  syntax error:
  Location: line 4, column 0
  2         /*@
  3           loop invariant  (((y == 0)&&(x == 0)) || (y >= 0));
  4         */
        ^
  5         
  6                     while(unknown1()) {
[kernel] Frama-C aborted: invalid user input.

syntax Error
[kernel] Parsing output/08.c (with preprocessing)
[kernel] output/08.c:4: 
  syntax error:
  Location: line 4, column 0
  2         /*@
  3           loop invariant  (((y == 0)&&(x == 0)) || (y >= 0));
  4         */
        ^
  5         
  6                     while(unknown1()) {
[kernel] Frama-C aborted: invalid user input.

/*@
      loop invariant  (((y == 0)&&(x == 0)) || (y >= 0));
    */
    
                while(unknown1()) {
   if(unknown2()) { 
      x++; 
      y += 100; 
   }
   else if (unknown3()){ 
      if (x >= 4) { 
          x++; 
          y++; 
      } 
      if (x < 0) {
          y--;
      }
   }
  
 }
è½¬æ¢åŽ
/*@ Inv
    ((((y == 0)&&(x == 0)) || (y >= 0)))
    */
    
    
                while(unknown1()) {
   if(unknown2()) { 
      x++; 
      y += 100; 
   }
   else if (unknown3()){ 
      if (x >= 4) { 
          x++; 
          y++; 
      } 
      if (x < 0) {
          y--;
      }
   }
  
 }
/*@ Inv
    ((((y == 0)&&(x == 0)) || (y >= 0)))
    */
    
    
                while(unknown1()) {
   if(unknown2()) { 
      x++; 
      y += 100; 
   }
   else if (unknown3()){ 
      if (x >= 4) { 
          x++; 
          y++; 
      } 
      if (x < 0) {
          y--;
      }
   }
  
 }
è½¬æ¢åŽ
/*@ Inv
    (Inv
    ((((y == 0)&&(x == 0)) || (y >= 0))))
    */
    
    
    
                while(unknown1()) {
   if(unknown2()) { 
      x++; 
      y += 100; 
   }
   else if (unknown3()){ 
      if (x >= 4) { 
          x++; 
          y++; 
      } 
      if (x < 0) {
          y--;
      }
   }
  
 }
syntax Error
[kernel] Parsing output/08.c (with preprocessing)
[kernel] output/08.c:4: 
  syntax error:
  Location: line 4, column 0
  2         /*@
  3           loop invariant  (((y == 0)&&(x == 0)) || (y >= 0));
  4         */
        ^
  5         
  6                     while(unknown1()) {
[kernel] Frama-C aborted: invalid user input.

syntax Error
[kernel] Parsing output/08.c (with preprocessing)
[kernel] output/08.c:4: 
  syntax error:
  Location: line 4, column 0
  2         /*@
  3           loop invariant  (((y == 0)&&(x == 0)) || (y >= 0));
  4         */
        ^
  5         
  6                     while(unknown1()) {
[kernel] Frama-C aborted: invalid user input.

RESULT PASS_1
0
0
0
RESULT PASS_3
0
0
0
RESULT PASS_5
0
0
0
TRY TIME: 3
[(339, 554, 0)]
[(339, 554, 0)]
[(339, 554, 0)]
[(339, 554, 0)]
Loop 0 : Outer
Sorted indices: [0]
File found: ../sac_c_parser/test/../ip_postcond/goal/08_goal.v. Deleting the file.
File found: ../sac_c_parser/test/../ip_postcond/goal/08_proof_auto.v. Deleting the file.
File found: ../sac_c_parser/test/../ip_postcond/goal/08_proof_manual.v. Deleting the file.
LoopEntry_0:
(y == 0) * (x == 0)
The number of now assertions and partial assertions does not match. 

Successfully generated loop/08.json
INNER_FLAG: False
Variable Maps: [{'y': '0', 'x': '0'}]
Path conditions: [None]
Pre condition: (y == 0) * (x == 0)
Loop Condition: unknown1()
Updated Loop Conditions: ['unknown1()']
Global Unchanged Variables []
Non Inductive Variables []
[{'y': '0', 'x': '0'}]
[None]

                
        /* >>> LOOP INVARIANT TO FILL <<< */
        
                /*@
                */
                while(unknown1()) {
   if(unknown2()) { 
      x++; 
      y += 100; 
   }
   else if (unknown3()){ 
      if (x >= 4) { 
          x++; 
          y++; 
      } 
      if (x < 0) {
          y--;
      }
   }
  
 }
                

                
        /* >>> LOOP INVARIANT TO FILL <<< */
        
                /*@
          loop invariant  ((y == 0)&&(x == 0)) || (PLACE_HOLDER_x) ;
          loop invariant  ((y == 0)&&(x == 0)) || (PLACE_HOLDER_y) ;
                */
                while(unknown1()) {
   if(unknown2()) { 
      x++; 
      y += 100; 
   }
   else if (unknown3()){ 
      if (x >= 4) { 
          x++; 
          y++; 
      } 
      if (x < 0) {
          y--;
      }
   }
  
 }
                
int unknown1();
int unknown2();
int unknown3();


void foo() {
 int x = 0, y = 0;

 
                
        /* >>> LOOP INVARIANT TO FILL <<< */
        
                /*@
          loop invariant  ((y == 0)&&(x == 0)) || (PLACE_HOLDER_x) ;
          loop invariant  ((y == 0)&&(x == 0)) || (PLACE_HOLDER_y) ;
                */
                while(unknown1()) {
   if(unknown2()) { 
      x++; 
      y += 100; 
   }
   else if (unknown3()){ 
      if (x >= 4) { 
          x++; 
          y++; 
      } 
      if (x < 0) {
          y--;
      }
   }
  
 }
                
 /*@ assert x < 4 || y > 2; */
}

a. Purpose and Structure of the Loop:
   The objective of the loop is to potentially modify the values of `x` and `y` based on the results of the functions `unknown1()`, `unknown2()`, and `unknown3()`. The loop iterates as long as `unknown1()` returns true. Within the loop body, if `unknown2()` returns true, `x` is incremented by 1 and `y` is incremented by 100. If `unknown3()` returns true, and `x` is 4 or greater, `x` is incremented by 1 and `y` is incremented by 1. Additionally, if `x` is less than 0, `y` is decremented by 1. The relevant variables affecting the loop's behavior are `x` and `y`.

b. Discussion of the Loop Invariant:
   The proposed loop invariant is that `x` is always non-negative and `y` remains a multiple of 100 when `x` is less than 4. This invariant captures the behavior of `x` and `y` throughout the iterations of the loop. It is considered valid because it reflects the constraints imposed by the operations within the loop, specifically the increments and the conditions under which they occur.

c. Establishment:
   Before the loop starts, both `x` and `y` are initialized to 0, thus satisfying the invariant conditions. Specifically, `x` is non-negative (0) and `y` is a multiple of 100 (0).

d. Preservation:
   If the invariant holds at the start of an iteration and `unknown1()` returns true, then during the iteration, the operations performed either maintain `x` as non-negative and keep `y` as a multiple of 100 (when `unknown2()` is true) or change `x` and `y` in a way that still respects the invariant (when `unknown3()` is true). Specifically, if `x` is incremented, it remains non-negative, and if `y` is incremented or decremented, it still satisfies the conditions set in the invariant.

e. Termination Analysis of the Loop:
   The loop terminates when `unknown1()` returns false for the first time. At that point, `x` must be less than 4 or `y` must have increased sufficiently such that the post-condition `x < 4 || y > 2` holds true. The invariant remains true upon termination because `x` is non-negative and `y` would have been modified according to the conditions within the loop.

f. Correctness of the Post-condition:
   The post-condition `x < 4 || y > 2` is correct once the loop finishes executing because if the loop terminated, it either means that `x` has not reached 4 (i.e., it is less than 4) or that `y` has been incremented sufficiently (specifically, by increments of 100 or 1) such that it is now greater than 2. The loop invariant ensures that the conditions on `x` and `y` are preserved throughout the loop execution.

g. Implication of the Pre-condition:
   The pre-condition `(y == 0) * (x == 0)` implies the loop invariant because it guarantees that before the loop begins, both `x` and `y` are initialized to 0. This initialization satisfies the conditions of the invariant, thus establishing it prior to the first execution of the loop.

```c
/*@
  loop invariant  ((y == 0)&&(x == 0)) || (0 <= x <= 4) ;
  loop invariant  ((y == 0)&&(x == 0)) || (y % 100 == 0) ;
*/
```

/*@
  loop invariant  ((y == 0)&&(x == 0)) || (0 <= x <= 4) ;
  loop invariant  ((y == 0)&&(x == 0)) || (y % 100 == 0) ;
*/


/*@
  loop invariant  ((y == 0)&&(x == 0)) || (0 <= x <= 4) ;
  loop invariant  ((y == 0)&&(x == 0)) || (y % 100 == 0) ;
*/

syntax Error
[kernel] Parsing output/08.c (with preprocessing)
[kernel] output/08.c:4: 
  syntax error:
  Location: line 4, column 57
  2     /*@
  3       loop invariant  ((y == 0)&&(x == 0)) || (0 <= x <= 4) ;
  4       loop invariant  ((y == 0)&&(x == 0)) || (y % 100 == 0) ;
                                                                 ^
  5     */
[kernel] Frama-C aborted: invalid user input.

after repair

/*@
  loop invariant  ((y == 0)&&(x == 0)) || (0 <= x && x <= 4) ;
  loop invariant  ((y == 0)&&(x == 0)) || (y % 100 == 0) ;
*/

syntax Error
[kernel] Parsing output/08.c (with preprocessing)
[kernel] output/08.c:4: 
  syntax error:
  Location: line 4, column 57
  2     /*@
  3       loop invariant  ((y == 0)&&(x == 0)) || (0 <= x && x <= 4) ;
  4       loop invariant  ((y == 0)&&(x == 0)) || (y % 100 == 0) ;
                                                                 ^
  5     */
[kernel] Frama-C aborted: invalid user input.

syntax Error
[kernel] Parsing output/08.c (with preprocessing)
[kernel] output/08.c:4: 
  syntax error:
  Location: line 4, column 57
  2     /*@
  3       loop invariant  ((y == 0)&&(x == 0)) || (0 <= x && x <= 4) ;
  4       loop invariant  ((y == 0)&&(x == 0)) || (y % 100 == 0) ;
                                                                 ^
  5     */
[kernel] Frama-C aborted: invalid user input.


/*@
  loop invariant  ((y == 0)&&(x == 0)) || (0 <= x && x <= 4) ;
  loop invariant  ((y == 0)&&(x == 0)) || (y % 100 == 0) ;
*/
è½¬æ¢åŽ
/*@ Inv
    (((y == 0)&&(x == 0)) || (0 <= x && x <= 4) ) &&
(((y == 0)&&(x == 0)) || (y % 100 == 0) )
    */
    
syntax Error
[kernel] Parsing output/08.c (with preprocessing)
[kernel] output/08.c:4: 
  syntax error:
  Location: line 4, column 57
  2     /*@
  3       loop invariant  ((y == 0)&&(x == 0)) || (0 <= x && x <= 4) ;
  4       loop invariant  ((y == 0)&&(x == 0)) || (y % 100 == 0) ;
                                                                 ^
  5     */
[kernel] Frama-C aborted: invalid user input.

after repair

    /*@
      loop invariant  ((y == 0)&&(x == 0)) || (0 <= x && x <= 4) ;
      loop invariant  ((y == 0)&&(x == 0)) || (y % 100 == 0) ;
    */
    
syntax Error
[kernel] Parsing output/08.c (with preprocessing)
[kernel] output/08.c:5: 
  syntax error:
  Location: line 5, column 0
  3           loop invariant  ((y == 0)&&(x == 0)) || (0 <= x && x <= 4) ;
  4           loop invariant  ((y == 0)&&(x == 0)) || (y % 100 == 0) ;
  5         */
        ^
  6
[kernel] Frama-C aborted: invalid user input.

syntax Error
[kernel] Parsing output/08.c (with preprocessing)
[kernel] output/08.c:5: 
  syntax error:
  Location: line 5, column 0
  3           loop invariant  ((y == 0)&&(x == 0)) || (0 <= x && x <= 4) ;
  4           loop invariant  ((y == 0)&&(x == 0)) || (y % 100 == 0) ;
  5         */
        ^
  6
[kernel] Frama-C aborted: invalid user input.


    /*@
      loop invariant  ((y == 0)&&(x == 0)) || (0 <= x && x <= 4) ;
      loop invariant  ((y == 0)&&(x == 0)) || (y % 100 == 0) ;
    */
   
è½¬æ¢åŽ
/*@ Inv
    (((y == 0)&&(x == 0)) || (0 <= x && x <= 4) ) &&
(((y == 0)&&(x == 0)) || (y % 100 == 0) )
    */
    
   
syntax Error
[kernel] Parsing output/08.c (with preprocessing)
[kernel] output/08.c:5: 
  syntax error:
  Location: line 5, column 0
  3           loop invariant  ((y == 0)&&(x == 0)) || (0 <= x && x <= 4) ;
  4           loop invariant  ((y == 0)&&(x == 0)) || (y % 100 == 0) ;
  5         */
        ^
  6
[kernel] Frama-C aborted: invalid user input.

after repair

    /*@
      loop invariant  ((y == 0)&&(x == 0)) || (0 <= x && x <= 4) ;
      loop invariant  ((y == 0)&&(x == 0)) || (y % 100 == 0) ;
    */
    
syntax Error
[kernel] Parsing output/08.c (with preprocessing)
[kernel] output/08.c:5: 
  syntax error:
  Location: line 5, column 0
  3           loop invariant  ((y == 0)&&(x == 0)) || (0 <= x && x <= 4) ;
  4           loop invariant  ((y == 0)&&(x == 0)) || (y % 100 == 0) ;
  5         */
        ^
  6
[kernel] Frama-C aborted: invalid user input.

syntax Error
[kernel] Parsing output/08.c (with preprocessing)
[kernel] output/08.c:5: 
  syntax error:
  Location: line 5, column 0
  3           loop invariant  ((y == 0)&&(x == 0)) || (0 <= x && x <= 4) ;
  4           loop invariant  ((y == 0)&&(x == 0)) || (y % 100 == 0) ;
  5         */
        ^
  6
[kernel] Frama-C aborted: invalid user input.


    /*@
      loop invariant  ((y == 0)&&(x == 0)) || (0 <= x && x <= 4) ;
      loop invariant  ((y == 0)&&(x == 0)) || (y % 100 == 0) ;
    */
   
è½¬æ¢åŽ
/*@ Inv
    (((y == 0)&&(x == 0)) || (0 <= x && x <= 4) ) &&
(((y == 0)&&(x == 0)) || (y % 100 == 0) )
    */
    
   
/*@ Inv
    (((y == 0)&&(x == 0)) || (0 <= x && x <= 4) ) &&
(((y == 0)&&(x == 0)) || (y % 100 == 0) )
    */
    
   
è½¬æ¢åŽ
/*@ Inv
    (Inv
    (((y == 0)&&(x == 0)) || (0 <= x && x <= 4) ) &&
(((y == 0)&&(x == 0)) || (y % 100 == 0) ))
    */
    
    
   
syntax Error
[kernel] Parsing output/08.c (with preprocessing)
[kernel] output/08.c:5: 
  syntax error:
  Location: line 5, column 0
  3           loop invariant  ((y == 0)&&(x == 0)) || (0 <= x && x <= 4) ;
  4           loop invariant  ((y == 0)&&(x == 0)) || (y % 100 == 0) ;
  5         */
        ^
  6
[kernel] Frama-C aborted: invalid user input.

syntax Error
[kernel] Parsing output/08.c (with preprocessing)
[kernel] output/08.c:5: 
  syntax error:
  Location: line 5, column 0
  3           loop invariant  ((y == 0)&&(x == 0)) || (0 <= x && x <= 4) ;
  4           loop invariant  ((y == 0)&&(x == 0)) || (y % 100 == 0) ;
  5         */
        ^
  6
[kernel] Frama-C aborted: invalid user input.

RESULT PASS_1
0
0
0
RESULT PASS_3
0
0
0
RESULT PASS_5
0
0
0
TRY TIME: 4
[(339, 554, 0)]
[(339, 554, 0)]
[(339, 554, 0)]
[(339, 554, 0)]
Loop 0 : Outer
Sorted indices: [0]
File found: ../sac_c_parser/test/../ip_postcond/goal/08_goal.v. Deleting the file.
File found: ../sac_c_parser/test/../ip_postcond/goal/08_proof_auto.v. Deleting the file.
File found: ../sac_c_parser/test/../ip_postcond/goal/08_proof_manual.v. Deleting the file.
LoopEntry_0:
(y == 0) * (x == 0)
The number of now assertions and partial assertions does not match. 

Successfully generated loop/08.json
INNER_FLAG: False
Variable Maps: [{'y': '0', 'x': '0'}]
Path conditions: [None]
Pre condition: (y == 0) * (x == 0)
Loop Condition: unknown1()
Updated Loop Conditions: ['unknown1()']
Global Unchanged Variables []
Non Inductive Variables []
[{'y': '0', 'x': '0'}]
[None]

                
        /* >>> LOOP INVARIANT TO FILL <<< */
        
                /*@
                */
                while(unknown1()) {
   if(unknown2()) { 
      x++; 
      y += 100; 
   }
   else if (unknown3()){ 
      if (x >= 4) { 
          x++; 
          y++; 
      } 
      if (x < 0) {
          y--;
      }
   }
  
 }
                

                
        /* >>> LOOP INVARIANT TO FILL <<< */
        
                /*@
          loop invariant  ((y == 0)&&(x == 0)) || (PLACE_HOLDER_x) ;
          loop invariant  ((y == 0)&&(x == 0)) || (PLACE_HOLDER_y) ;
                */
                while(unknown1()) {
   if(unknown2()) { 
      x++; 
      y += 100; 
   }
   else if (unknown3()){ 
      if (x >= 4) { 
          x++; 
          y++; 
      } 
      if (x < 0) {
          y--;
      }
   }
  
 }
                
int unknown1();
int unknown2();
int unknown3();


void foo() {
 int x = 0, y = 0;

 
                
        /* >>> LOOP INVARIANT TO FILL <<< */
        
                /*@
          loop invariant  ((y == 0)&&(x == 0)) || (PLACE_HOLDER_x) ;
          loop invariant  ((y == 0)&&(x == 0)) || (PLACE_HOLDER_y) ;
                */
                while(unknown1()) {
   if(unknown2()) { 
      x++; 
      y += 100; 
   }
   else if (unknown3()){ 
      if (x >= 4) { 
          x++; 
          y++; 
      } 
      if (x < 0) {
          y--;
      }
   }
  
 }
                
 /*@ assert x < 4 || y > 2; */
}

Here's the analysis and the filled-in C loop program with ACSL annotations:

### Analysis

a. **Purpose and Structure of the Loop:**
   The purpose of the loop is to repeatedly execute its body while a certain condition (determined by `unknown1()`) holds true. The loop modifies the variables `x` and `y`, incrementing `x` and adjusting `y` based on the values of `x` and the results of `unknown2()` and `unknown3()`.

b. **Discussion of the Loop Invariant:**
   The proposed loop invariant asserts conditions that will be true throughout the execution of the loop. It reflects the fact that both `x` starts from 0 and `y` starts from 0, and establishes a relationship between them based on their possible increments during the loop execution.

c. **Establishment:**
   The invariant holds at the start of the loop because initially `x` and `y` are both set to 0, fulfilling the conditions specified in the invariant.

d. **Preservation:**
   The invariant is preserved through the loop iterations. Each time the loop body executes, any increment to `x` or `y` is consistent with the invariant because `x` can only increase by 1, and `y` may increase by 100 or by 1, ensuring the relationships in the invariant still hold.

e. **Termination Analysis of the Loop:**
   When the loop terminates, it implies that `unknown1()` has returned false. At this point, `x` could be less than 4 or greater than or equal to 4, and `y` may have been adjusted according to the increments made during the loop executions. The invariant still holds because it was maintained throughout the iterations.

f. **Correctness of the Post-condition:**
   The post-condition states `x < 4 || y > 2`, which is guaranteed to be true. If `x` reaches 4, `y` must have been incremented multiple times, and thus `y` is likely greater than 2. If `x` is less than 4, it satisfies the condition directly.

g. **Implication of the Pre-condition:**
   The pre-condition `(y == 0) * (x == 0)` guarantees that the loop invariant holds before the loop starts, as both `x` and `y` are initialized to 0.

### C Loop Program with Invariant Annotations

```c
int unknown1();
int unknown2();
int unknown3();

void foo() {
    int x = 0, y = 0;

    /*@
        loop invariant  ((y == 0)&&(x == 0)) || (0 <= x <= 4);
        loop invariant  ((y == 0)&&(x == 0)) || (y >= 0);
    */
    while(unknown1()) {
        if(unknown2()) { 
            x++; 
            y += 100; 
        }
        else if (unknown3()){ 
            if (x >= 4) { 
                x++; 
                y++; 
            } 
            if (x < 0) {
                y--;
            }
        }
    }
    
    /*@ assert x < 4 || y > 2; */
}
```

int unknown1();
int unknown2();
int unknown3();

void foo() {
    int x = 0, y = 0;

    /*@
        loop invariant  ((y == 0)&&(x == 0)) || (0 <= x <= 4);
        loop invariant  ((y == 0)&&(x == 0)) || (y >= 0);
    */
    while(unknown1()) {
        if(unknown2()) { 
            x++; 
            y += 100; 
        }
        else if (unknown3()){ 
            if (x >= 4) { 
                x++; 
                y++; 
            } 
            if (x < 0) {
                y--;
            }
        }
    }
    
    /*@ assert x < 4 || y > 2; */
}


int unknown1();
int unknown2();
int unknown3();

void foo() {
    int x = 0, y = 0;

    /*@
        loop invariant  ((y == 0)&&(x == 0)) || (0 <= x <= 4);
        loop invariant  ((y == 0)&&(x == 0)) || (y >= 0);
    */
    while(unknown1()) {
        if(unknown2()) { 
            x++; 
            y += 100; 
        }
        else if (unknown3()){ 
            if (x >= 4) { 
                x++; 
                y++; 
            } 
            if (x < 0) {
                y--;
            }
        }
    }
    
    /*@ assert x < 4 || y > 2; */
}

syntax Correct
Validate:
[False, True]

Goal Preservation of Invariant (file output/08.c, line 10)
Error found in file: output/08.c at line: 10
Error line content: loop invariant  ((y == 0)&&(x == 0)) || (0 <= x <= 4);

Verify:
[False]

Goal Assertion (file output/08.c, line 29)
Error found in file: output/08.c at line: 29
Error line content: /*@ assert x < 4 || y > 2; */


int unknown1();
int unknown2();
int unknown3();

void foo() {
    int x = 0, y = 0;

    /*@
        loop invariant  ((y == 0)&&(x == 0)) || (0 <= x <= 4) [INVARIANT FAILED] ;
        loop invariant  ((y == 0)&&(x == 0)) || (y >= 0);
    */
    while(unknown1()) {
        if(unknown2()) { 
            x++; 
            y += 100; 
        }
        else if (unknown3()){ 
            if (x >= 4) { 
                x++; 
                y++; 
            } 
            if (x < 0) {
                y--;
            }
        }
    }
    
    /*@ assert x < 4 || y > 2; */
}

### Error Analysis:

#### a. Goal Establishment of Invariant
- **Formula Violated:** `(y == 0) && (x == 0) ==> (0 <= x <= 4)`
- **Why it is Incorrect:** The formula `(0 <= x <= 4)` is an invalid expression in ACSL. It does not properly express the bounds in a way that can be evaluated as a boolean expression.
- **How to Modify:** Change the invariant to `0 <= x && x <= 4`, which is the correct way to express that `x` is between 0 and 4, inclusive.
- **Rationale Behind Regeneration:** This modification ensures that the establishment condition is valid by using proper ACSL syntax to describe the range of `x`.

#### b. Goal Preservation of Invariant
- **Formula Violated:** `Inv(var) ==> Inv(var')`
- **Why it is Incorrect:** The invariant `((y == 0) && (x == 0)) || (y >= 0)` fails to account for the updates to `y` within the loop when `unknown2()` is true, which can cause `y` to exceed 0. Thus, it does not preserve the invariant after the execution of the loop body.
- **How to Modify:** Change the invariant to `((y == 0) && (x == 0)) || (y >= 0 && x >= 0 && x <= 4)`, which maintains the bounds on `x` and includes an appropriate condition for `y`.
- **Rationale Behind Regeneration:** This modification maintains the invariant throughout the loop iterations, ensuring that both `x` and `y` remain bounded correctly.

#### c. Goal Assertion of Invariant
- **Formula Violated:** `(Inv(var) && !loopcond) ==> (x < 4 || y > 2)`
- **Why the Loop Invariant Can't Verify Postcondition:** The current invariant does not provide sufficient guarantees about the values of `x` and `y` when the loop terminates. Specifically, it does not ensure that `y` exceeds 2 when `x` is less than 4.
- **How to Modify the Loop Invariant:** Change the loop invariant to `((y == 0) && (x == 0)) || (y > 2)`, which directly links the value of `y` to the post-condition.
- **Rationale Behind Modification:** This modification ensures that when the loop terminates, if `x < 4`, it guarantees that either `x` is less than 4 or `y` is greater than 2, satisfying the post-condition.

### Fixed C Code:

```c
int unknown1();
int unknown2();
int unknown3();

void foo() {
    int x = 0, y = 0;

    /*@
        loop invariant  ((y == 0)&&(x == 0)) || (0 <= x && x <= 4) ;
        loop invariant  ((y == 0)&&(x == 0)) || (y >= 0 && x >= 0 && x <= 4);
    */
    while(unknown1()) {
        if(unknown2()) { 
            x++; 
            y += 100; 
        }
        else if (unknown3()){ 
            if (x >= 4) { 
                x++; 
                y++; 
            } 
            if (x < 0) {
                y--;
            }
        }
    }
    
    /*@ assert x < 4 || y > 2; */
}
```
after regen

int unknown1();
int unknown2();
int unknown3();

void foo() {
    int x = 0, y = 0;

    /*@
        loop invariant  ((y == 0)&&(x == 0)) || (0 <= x && x <= 4) ;
        loop invariant  ((y == 0)&&(x == 0)) || (y >= 0 && x >= 0 && x <= 4);
    */
    while(unknown1()) {
        if(unknown2()) { 
            x++; 
            y += 100; 
        }
        else if (unknown3()){ 
            if (x >= 4) { 
                x++; 
                y++; 
            } 
            if (x < 0) {
                y--;
            }
        }
    }
    
    /*@ assert x < 4 || y > 2; */
}

syntax Correct
Validate:
[False, True]

Goal Preservation of Invariant (file output/08.c, line 10)
Error found in file: output/08.c at line: 10
Error line content: loop invariant  ((y == 0)&&(x == 0)) || (0 <= x && x <= 4) ;

Verify:
[False]

Goal Assertion (file output/08.c, line 29)
Error found in file: output/08.c at line: 29
Error line content: /*@ assert x < 4 || y > 2; */

after hudini

int unknown1();
int unknown2();
int unknown3();

void foo() {
    int x = 0, y = 0;

    /*@
        loop invariant  ((y == 0)&&(x == 0)) || (y >= 0 && x >= 0 && x <= 4);
    */
    while(unknown1()) {
        if(unknown2()) { 
            x++; 
            y += 100; 
        }
        else if (unknown3()){ 
            if (x >= 4) { 
                x++; 
                y++; 
            } 
            if (x < 0) {
                y--;
            }
        }
    }
    
    /*@ assert x < 4 || y > 2; */
}

syntax Correct
Validate:
[False]

Goal Preservation of Invariant (file output/08.c, line 10)
Error found in file: output/08.c at line: 10
Error line content: loop invariant  ((y == 0)&&(x == 0)) || (y >= 0 && x >= 0 && x <= 4);

Verify:
[False]

Goal Assertion (file output/08.c, line 28)
Error found in file: output/08.c at line: 28
Error line content: /*@ assert x < 4 || y > 2; */

syntax Correct
Validate:
[False]

Goal Preservation of Invariant (file output/08.c, line 10)
Error found in file: output/08.c at line: 10
Error line content: loop invariant  ((y == 0)&&(x == 0)) || (y >= 0 && x >= 0 && x <= 4);

Verify:
[False]

Goal Assertion (file output/08.c, line 28)
Error found in file: output/08.c at line: 28
Error line content: /*@ assert x < 4 || y > 2; */

/*@
        loop invariant  ((y == 0)&&(x == 0)) || (y >= 0 && x >= 0 && x <= 4);
    */
    while(unknown1()) {
        if(unknown2()) { 
            x++; 
            y += 100; 
        }
        else if (unknown3()){ 
            if (x >= 4) { 
                x++; 
                y++; 
            } 
            if (x < 0) {
                y--;
            }
        }
    }
è½¬æ¢åŽ
/*@ Inv
    (((y == 0)&&(x == 0)) || (y >= 0 && x >= 0 && x <= 4))
    */
    
    while(unknown1()) {
        if(unknown2()) { 
            x++; 
            y += 100; 
        }
        else if (unknown3()){ 
            if (x >= 4) { 
                x++; 
                y++; 
            } 
            if (x < 0) {
                y--;
            }
        }
    }
syntax Correct
Validate:
[False]

Goal Preservation of Invariant (file output/08.c, line 10)
Error found in file: output/08.c at line: 10
Error line content: loop invariant  ((y == 0)&&(x == 0)) || (y >= 0 && x >= 0 && x <= 4);

Verify:
[False]

Goal Assertion (file output/08.c, line 28)
Error found in file: output/08.c at line: 28
Error line content: /*@ assert x < 4 || y > 2; */

/*@ Inv
    (((y == 0)&&(x == 0)) || (y >= 0 && x >= 0 && x <= 4))
    */
    
    while(unknown1()) {
        if(unknown2()) { 
            x++; 
            y += 100; 
        }
        else if (unknown3()){ 
            if (x >= 4) { 
                x++; 
                y++; 
            } 
            if (x < 0) {
                y--;
            }
        }
    }
1. **Error Analysis:**

    a. **Goal Establishment of Invariant:**
        - Formula it violates: `(y == 0) && (x == 0) ==> ((y == 0)&&(x == 0)) || (y >= 0 && x >= 0 && x <= 4)`
        - Why it is incorrect: The initial state where `y == 0` and `x == 0` satisfies the left side of the implication, but it does not sufficiently cover all possible states that the invariant might want to hold. The invariant requires that `x` remains within certain bounds after increments, but does not restrict `x` to be less than or equal to 4 before the loop starts.
        - How to modify it: Change the invariant to include a condition that explicitly covers the initial state and range of `x`.
        - Rationale behind the regeneration: The invariant must ensure that `x` remains within the bounds at its initial state, thus we need to redefine it.

    b. **Goal Preservation of Invariant:**
        - Formula it violates: `(((y == 0)&&(x == 0)) || (y >= 0 && x >= 0 && x <= 4)) ==> Inv(var')`
        - Why it is incorrect: The invariant fails to account for the increments in `x` and `y` that occur in the loop. After `x` is incremented, it could exceed 4 without a check, violating the invariant.
        - How to modify it: The invariant should be modified to ensure that after increments, `x` remains below or equal to 4 and `y` remains non-negative.
        - Rationale behind the regeneration: The preservation condition must hold true after iterations, hence including a stronger invariant for `x` and `y`.

    c. **Goal Assertion of Invariant:**
        - Formula it violates: `(((y == 0)&&(x == 0)) || (y >= 0 && x >= 0 && x <= 4)) && !loopcond ==> (x < 4 || y > 2)`
        - Why the loop invariant can't verify postcondition: The invariant does not guarantee that when `x` is less than 4, `y` will necessarily be greater than 2, especially since `y` can be incremented significantly and still remain in a lower range.
        - How to modify the loop invariant: The invariant should be enhanced to ensure that when `x` is less than 4, `y` accumulates enough to satisfy the postcondition.
        - Rationale behind the modification: To ensure that the postcondition is reachable from the loop's final state, the invariant must reflect the relationship between `x` and `y` more accurately.

2. **Fixed C Code:**

```c
int unknown1();
int unknown2();
int unknown3();

void foo() {
    int x = 0, y = 0;

    /*@
        loop invariant  (y >= 0) && (0 <= x <= 4) ;
        loop invariant  (y == 0 && x == 0) || (y >= 0 && x >= 0 && x <= 4) ;
    */
    while(unknown1()) {
        if(unknown2()) { 
            x++; 
            y += 100; 
        }
        else if (unknown3()){ 
            if (x >= 4) { 
                x++; 
                y++; 
            } 
            if (x < 0) {
                y--;
            }
        }
    }
    
    /*@ assert x < 4 || y > 2; */
}
```
after regen

int unknown1();
int unknown2();
int unknown3();

void foo() {
    int x = 0, y = 0;

    /*@
        loop invariant  (y >= 0) && (0 <= x <= 4) ;
        loop invariant  (y == 0 && x == 0) || (y >= 0 && x >= 0 && x <= 4) ;
    */
    while(unknown1()) {
        if(unknown2()) { 
            x++; 
            y += 100; 
        }
        else if (unknown3()){ 
            if (x >= 4) { 
                x++; 
                y++; 
            } 
            if (x < 0) {
                y--;
            }
        }
    }
    
    /*@ assert x < 4 || y > 2; */
}

syntax Correct
Validate:
[False, True]

Goal Preservation of Invariant (file output/08.c, line 10)
Error found in file: output/08.c at line: 10
Error line content: loop invariant  (y >= 0) && (0 <= x <= 4) ;

Verify:
[False]

Goal Assertion (file output/08.c, line 29)
Error found in file: output/08.c at line: 29
Error line content: /*@ assert x < 4 || y > 2; */

after hudini

int unknown1();
int unknown2();
int unknown3();

void foo() {
    int x = 0, y = 0;

    /*@
        loop invariant  (y == 0 && x == 0) || (y >= 0 && x >= 0 && x <= 4) ;
    */
    while(unknown1()) {
        if(unknown2()) { 
            x++; 
            y += 100; 
        }
        else if (unknown3()){ 
            if (x >= 4) { 
                x++; 
                y++; 
            } 
            if (x < 0) {
                y--;
            }
        }
    }
    
    /*@ assert x < 4 || y > 2; */
}

syntax Correct
Validate:
[False]

Goal Preservation of Invariant (file output/08.c, line 10)
Error found in file: output/08.c at line: 10
Error line content: loop invariant  (y == 0 && x == 0) || (y >= 0 && x >= 0 && x <= 4) ;

Verify:
[False]

Goal Assertion (file output/08.c, line 28)
Error found in file: output/08.c at line: 28
Error line content: /*@ assert x < 4 || y > 2; */

syntax Correct
Validate:
[False]

Goal Preservation of Invariant (file output/08.c, line 10)
Error found in file: output/08.c at line: 10
Error line content: loop invariant  (y == 0 && x == 0) || (y >= 0 && x >= 0 && x <= 4) ;

Verify:
[False]

Goal Assertion (file output/08.c, line 28)
Error found in file: output/08.c at line: 28
Error line content: /*@ assert x < 4 || y > 2; */

/*@
        loop invariant  (y == 0 && x == 0) || (y >= 0 && x >= 0 && x <= 4) ;
    */
    while(unknown1()) {
        if(unknown2()) { 
            x++; 
            y += 100; 
        }
        else if (unknown3()){ 
            if (x >= 4) { 
                x++; 
                y++; 
            } 
            if (x < 0) {
                y--;
            }
        }
    }
è½¬æ¢åŽ
/*@ Inv
    ((y == 0 && x == 0) || (y >= 0 && x >= 0 && x <= 4) )
    */
    
    while(unknown1()) {
        if(unknown2()) { 
            x++; 
            y += 100; 
        }
        else if (unknown3()){ 
            if (x >= 4) { 
                x++; 
                y++; 
            } 
            if (x < 0) {
                y--;
            }
        }
    }
syntax Correct
Validate:
[False]

Goal Preservation of Invariant (file output/08.c, line 10)
Error found in file: output/08.c at line: 10
Error line content: loop invariant  (y == 0 && x == 0) || (y >= 0 && x >= 0 && x <= 4) ;

Verify:
[False]

Goal Assertion (file output/08.c, line 28)
Error found in file: output/08.c at line: 28
Error line content: /*@ assert x < 4 || y > 2; */

/*@ Inv
    ((y == 0 && x == 0) || (y >= 0 && x >= 0 && x <= 4) )
    */
    
    while(unknown1()) {
        if(unknown2()) { 
            x++; 
            y += 100; 
        }
        else if (unknown3()){ 
            if (x >= 4) { 
                x++; 
                y++; 
            } 
            if (x < 0) {
                y--;
            }
        }
    }
1. **Error Analysis:**

   a. **Goal Establishment of Invariant**
   - **Formula it violates:** `(precond ==> Inv(var))`
   - **Why it is incorrect:** The current invariant `((y == 0 && x == 0) || (y >= 0 && x >= 0 && x <= 4))` does not hold true under the precondition `(y == 0) * (x == 0)`. The invariant allows for `y` to be greater than 0, which is not permissible at the start.
   - **How to modify it:** The invariant should be modified to ensure it holds true at the initial state. A possible modification is to express that `x` remains non-negative and that `y` is initialized to 0.
   - **Rationale behind the regeneration:** By ensuring both `x` and `y` start in a state that satisfies the invariant, we can guarantee establishment.

   b. **Goal Preservation of Invariant**
   - **Formula it violates:** `(Inv(var) ==> Inv(var'))`
   - **Why it is incorrect:** The invariant does not account for the increment operations on `x` and `y` correctly. Specifically, incrementing `y` by 100 when `unknown2()` holds true will lead to `y` being greater than 0, which can violate the invariant if not handled properly.
   - **How to modify it:** The invariant should reflect that if `y` is incremented, it should still fall within a valid range that can be represented in the post-condition.
   - **Rationale behind the regeneration:** The modified invariant must account for possible values of `x` and `y` after loop iterations to ensure preservation.

   c. **Goal Assertion of Invariant**
   - **Formula it violates:** `(Inv(var) && !loopcond ==> postcond)`
   - **Why the loop invariant can't verify postcondition:** The post-condition `x < 4 || y > 2` cannot be guaranteed based on the current invariant. The invariant does not provide constraints on `y` when it exceeds certain bounds after the loop.
   - **How to modify the loop invariant:** The loop invariant should ensure that `y` is bounded appropriately to allow verification of the post-condition while also ensuring `x` remains limited as required.
   - **Rationale behind the modification:** This ensures that upon exiting the loop, we can definitively verify the post-condition based on the values of `x` and `y`.

2. **Fixed C Code:**

```c
/*@
    loop invariant  (y == 0 && x == 0) || (x >= 0 && y >= 0 && y <= 100 * (x / 4 + 1));
    loop invariant  x <= 4; 
*/

while(unknown1()) {
    if(unknown2()) { 
        x++; 
        y += 100; 
    }
    else if (unknown3()){ 
        if (x >= 4) { 
            x++; 
            y++; 
        } 
        if (x < 0) {
            y--;
        }
    }
}

/*@ assert x < 4 || y > 2; */
```
after regen

/*@
    loop invariant  (y == 0 && x == 0) || (x >= 0 && y >= 0 && y <= 100 * (x / 4 + 1));
    loop invariant  x <= 4; 
*/

while(unknown1()) {
    if(unknown2()) { 
        x++; 
        y += 100; 
    }
    else if (unknown3()){ 
        if (x >= 4) { 
            x++; 
            y++; 
        } 
        if (x < 0) {
            y--;
        }
    }
}

/*@ assert x < 4 || y > 2; */

syntax Error
[kernel] Parsing output/08.c (with preprocessing)
[kernel] output/08.c:4: 
  syntax error:
  Location: line 4, column 26
  2     /*@
  3         loop invariant  (y == 0 && x == 0) || (x >= 0 && y >= 0 && y <= 100 * (x / 4 + 1));
  4         loop invariant  x <= 4; 
                                  ^
  5     */
  6
[kernel] Frama-C aborted: invalid user input.

syntax Error
[kernel] Parsing output/08.c (with preprocessing)
[kernel] output/08.c:4: 
  syntax error:
  Location: line 4, column 26
  2     /*@
  3         loop invariant  (y == 0 && x == 0) || (x >= 0 && y >= 0 && y <= 100 * (x / 4 + 1));
  4         loop invariant  x <= 4; 
                                  ^
  5     */
  6
[kernel] Frama-C aborted: invalid user input.

/*@
    loop invariant  (y == 0 && x == 0) || (x >= 0 && y >= 0 && y <= 100 * (x / 4 + 1));
    loop invariant  x <= 4; 
*/

while(unknown1()) {
    if(unknown2()) { 
        x++; 
        y += 100; 
    }
    else if (unknown3()){ 
        if (x >= 4) { 
            x++; 
            y++; 
        } 
        if (x < 0) {
            y--;
        }
    }
}
è½¬æ¢åŽ
/*@ Inv
    ((y == 0 && x == 0) || (x >= 0 && y >= 0 && y <= 100 * (x / 4 + 1))) &&
(x <= 4)
    */
    

while(unknown1()) {
    if(unknown2()) { 
        x++; 
        y += 100; 
    }
    else if (unknown3()){ 
        if (x >= 4) { 
            x++; 
            y++; 
        } 
        if (x < 0) {
            y--;
        }
    }
}
/*@ Inv
    ((y == 0 && x == 0) || (x >= 0 && y >= 0 && y <= 100 * (x / 4 + 1))) &&
(x <= 4)
    */
    

while(unknown1()) {
    if(unknown2()) { 
        x++; 
        y += 100; 
    }
    else if (unknown3()){ 
        if (x >= 4) { 
            x++; 
            y++; 
        } 
        if (x < 0) {
            y--;
        }
    }
}
è½¬æ¢åŽ
/*@ Inv
    (Inv
    ((y == 0 && x == 0) || (x >= 0 && y >= 0 && y <= 100 * (x / 4 + 1))) &&
(x <= 4))
    */
    
    

while(unknown1()) {
    if(unknown2()) { 
        x++; 
        y += 100; 
    }
    else if (unknown3()){ 
        if (x >= 4) { 
            x++; 
            y++; 
        } 
        if (x < 0) {
            y--;
        }
    }
}
syntax Error
[kernel] Parsing output/08.c (with preprocessing)
[kernel] output/08.c:4: 
  syntax error:
  Location: line 4, column 26
  2     /*@
  3         loop invariant  (y == 0 && x == 0) || (x >= 0 && y >= 0 && y <= 100 * (x / 4 + 1));
  4         loop invariant  x <= 4; 
                                  ^
  5     */
  6
[kernel] Frama-C aborted: invalid user input.

syntax Error
[kernel] Parsing output/08.c (with preprocessing)
[kernel] output/08.c:4: 
  syntax error:
  Location: line 4, column 26
  2     /*@
  3         loop invariant  (y == 0 && x == 0) || (x >= 0 && y >= 0 && y <= 100 * (x / 4 + 1));
  4         loop invariant  x <= 4; 
                                  ^
  5     */
  6
[kernel] Frama-C aborted: invalid user input.

RESULT PASS_1
0
0
0
RESULT PASS_3
0
0
0
RESULT PASS_5
0
0
0
å·²ç§»åŠ¨æ–‡ä»¶: 08.c -> finish
-----------------------------------------

æ–‡ä»¶ 08.c å¤„ç†å®Œæˆ. æ€»è€—æ—¶: 532.6501715183258
é”™è¯¯çš„æ–‡ä»¶å:
  - 046.c
  - 029.c
  - 040.c
  - 039.c
  - 020.c
  - 043.c
  - 08.c
========================================
é”™è¯¯çš„æ–‡ä»¶å:
  - 029.c
  - 040.c
  - 039.c
  - 020.c
  - 043.c
  - 08.c
========================================
é”™è¯¯çš„æ–‡ä»¶å:
  - 029.c
  - 040.c
  - 039.c
  - 020.c
  - 043.c
  - 08.c
========================================
-----------------------------------------
finshed_files:['046.c', '029.c', '040.c', '039.c', '020.c', '043.c', '08.c']
