2025-12-27 18:44:20,109 - INFO  - 
🚀 Starting generation of function: foo143
2025-12-27 18:44:20,110 - INFO  - 
FUNCTION INITIALIZATION
2025-12-27 18:44:20,110 - INFO  - ==================================================

2025-12-27 18:44:21,209 - INFO  - Initial pending functions: ['foo143']
2025-12-27 18:44:21,210 - INFO  - 
GENERATE ANNOTATION FOR foo143
2025-12-27 18:44:21,210 - INFO  - ==================================================

2025-12-27 18:44:21,210 - INFO  - Function foo143 has been initialized
2025-12-27 18:44:21,250 - INFO  - Content of ACSL foo143.c file to be inserted into template: 

/*@
    requires v3 >= 0 && v1 <= 5 && (v1 - v3) >= 0 && v2 * 2 - v1 - v3 == 0 && v2 + 5 >= 0 && v2 <= 5;
    */
    
void foo143(int v1, int v2, int v3) {

    int x1;
    int x2;
    int x3;
    int t;

    x1 = 100;
    x2 = 75;
    x3 = -50;
    t = 0;


    while(v2 + 5 >= 0 && v2 <= 5){
       x1 = x1 + v1;
       x3 = x3 + v3;
       x2 = x2 + v2;
       if(x2 * 2 - x1 - x3 >= 0){
       v2 = v2 - 1;

      }
       else if(x2 * 2 - x1 - x3 <= 0){
       v2 = v2 + 1;
      }
       t = t + 1;
      }

    /*@ assert v1 + v3 + t * 2 - v2 * 2 >= 0; */

  }
2025-12-27 18:44:21,250 - INFO  - Content of pre-annotated foo143.c file: 

    #include "../verification_stdlib.h"
    #include "../verification_list.h"
    #include "../int_array_def.h"

    /*@ Extern Coq (Result: Assertion) */
    /*@ Extern Coq (Results: Z -> Assertion) */

        

void foo143(int v1, int v2, int v3) 

            /*@
            Require v3 >= 0 && v1 <= 5 && (v1 - v3) >= 0 && v2 * 2 - v1 - v3 == 0 && v2 + 5 >= 0 && v2 <= 5
            Ensure Results(__return)
            */
            {

    int x1;
    int x2;
    int x3;
    int t;

    x1 = 100;
    x2 = 75;
    x3 = -50;
    t = 0;


    while(v2 + 5 >= 0 && v2 <= 5){
       x1 = x1 + v1;
       x3 = x3 + v3;
       x2 = x2 + v2;
       if(x2 * 2 - x1 - x3 >= 0){
       v2 = v2 - 1;

      }
       else if(x2 * 2 - x1 - x3 <= 0){
       v2 = v2 + 1;
      }
       t = t + 1;
      }

    

  }
2025-12-27 18:44:21,251 - INFO  - 
GENERATE LOOP INVARIANT FOR foo143
2025-12-27 18:44:21,252 - INFO  - ==================================================

2025-12-27 18:44:21,312 - INFO  - file_name: foo143
2025-12-27 18:44:21,466 - DEBUG  - INNER_FLAG: False
2025-12-27 18:44:21,467 - INFO  - Variable Maps:[{'t': '0', 'x3': '-50', 'x2': '75', 'x1': '100', 'v3': 'v3@pre', 'v2': 'v2@pre', 'v1': 'v1@pre'}]
2025-12-27 18:44:21,468 - INFO  - Path conditions: ['v3@pre >= 0 && v1@pre <= 5 && v1@pre - v3@pre >= 0 && v2@pre * 2 - v1@pre - v3@pre == 0 && v2@pre + 5 >= 0 && v2@pre <= 5']
2025-12-27 18:44:21,468 - INFO  - Pre condition: v3@pre >= 0 && v1@pre <= 5 && v1@pre - v3@pre >= 0 && v2@pre * 2 - v1@pre - v3@pre == 0 && v2@pre + 5 >= 0 && v2@pre <= 5 && (t == 0) * (x3 == -50) * (x2 == 75) * (x1 == 100) * (v3 == v3@pre) * (v2 == v2@pre) * (v1 == v1@pre)
2025-12-27 18:44:21,468 - INFO  - Loop Condition: v2 + 5 >= 0 && v2 <= 5
2025-12-27 18:44:21,469 - INFO  - Array Names: []
2025-12-27 18:44:21,469 - INFO  - Updated Loop Conditions: ['v2@pre + 5 >= 0 && v2@pre <= 5']
2025-12-27 18:44:21,469 - INFO  - Global Unchanged Variables: ['v3', 'v1']
2025-12-27 18:44:21,470 - INFO  - Non Inductive Variables: []
2025-12-27 18:44:21,470 - INFO  - Unchanged Arrays (Read-only): []
2025-12-27 18:44:21,470 - INFO  - after assignments
2025-12-27 18:44:21,470 - INFO  - 
            
        /* >>> LOOP INVARIANT TO FILL <<< */
        
            /*@
            */
            while(v2 + 5 >= 0 && v2 <= 5){
       x1 = x1 + v1;
       x3 = x3 + v3;
       x2 = x2 + v2;
       if(x2 * 2 - x1 - x3 >= 0){
       v2 = v2 - 1;

      }
       else if(x2 * 2 - x1 - x3 <= 0){
       v2 = v2 + 1;
      }
       t = t + 1;
      }
            
2025-12-27 18:45:03,877 - INFO  - think in natural language: ### Loop Verification Analysis

#### a. Loop Purpose and Structure
The loop in `foo143` appears to be adjusting the values of `x1`, `x2`, `x3`, and `v2` based on certain conditions. The loop continues as long as `v2 + 5 >= 0 && v2 <= 5`. Inside the loop:
- `x1` is incremented by `v1`.
- `x3` is incremented by `v3`.
- `x2` is incremented by `v2`.
- Depending on the value of `x2 * 2 - x1 - x3`, `v2` is either decremented or incremented.
- A counter `t` is incremented by 1 each iteration.

The loop seems to be adjusting `v2` to maintain some balance condition involving `x1`, `x2`, and `x3`.

#### b. Sample and Analyze Variable Values
Initial values before the loop:
- `x1 = 100`, `x2 = 75`, `x3 = -50`, `t = 0`, `v1`, `v2`, `v3` as per function arguments.

Let's assume initial values for `v1`, `v2`, `v3` that satisfy the preconditions, e.g., `v1 = 2`, `v2 = 1`, `v3 = 0` (since `v2 * 2 - v1 - v3 == 0` => `2 - 2 - 0 == 0`).

**Iteration 1:**
- `x1 = 100 + 2 = 102`
- `x3 = -50 + 0 = -50`
- `x2 = 75 + 1 = 76`
- Check `x2 * 2 - x1 - x3 = 152 - 102 - (-50) = 100 >= 0` => `v2 = 1 - 1 = 0`
- `t = 1`

**Iteration 2:**
- `x1 = 102 + 2 = 104`
- `x3 = -50 + 0 = -50`
- `x2 = 76 + 0 = 76`
- Check `152 - 104 - (-50) = 98 >= 0` => `v2 = 0 - 1 = -1`
- `t = 2`

**Iteration 3:**
- `x1 = 104 + 2 = 106`
- `x3 = -50 + 0 = -50`
- `x2 = 76 + (-1) = 75`
- Check `150 - 106 - (-50) = 94 >= 0` => `v2 = -1 - 1 = -2`
- `t = 3`

**Iteration 4:**
- `x1 = 106 + 2 = 108`
- `x3 = -50 + 0 = -50`
- `x2 = 75 + (-2) = 73`
- Check `146 - 108 - (-50) = 88 >= 0` => `v2 = -2 - 1 = -3`
- `t = 4`

**Iteration 5:**
- `x1 = 108 + 2 = 110`
- `x3 = -50 + 0 = -50`
- `x2 = 73 + (-3) = 70`
- Check `140 - 110 - (-50) = 80 >= 0` => `v2 = -3 - 1 = -4`
- `t = 5`

At this point, `v2 = -4`, `v2 + 5 = 1 >= 0` and `v2 = -4 <= 5`, so loop continues.

#### c. Verification Goal Analysis
The post-condition is `v1 + v3 + t * 2 - v2 * 2 >= 0`.

For our example:
- After 5 iterations: `2 + 0 + 10 - (-8) = 20 >= 0` holds.
  
The verification goal cannot directly serve as a loop invariant because it depends on `t` and `v2`, which change in each iteration. However, we can modify it to create an invariant.

A possible invariant could be: `v1 + v3 + 2*t - 2*v2 >= 0`, which is similar to the post-condition but accounts for changes during the loop.

#### d. Loop Invariant Discussion
Proposed invariant: `v1 + v3 + 2*t - 2*v2 >= 0`.

This invariant is valid because:
- It accounts for the changes in `t` and `v2` during the loop.
- It ensures that the relationship between `v1`, `v3`, `t`, and `v2` maintains a non-negative balance.

#### e. Establishment
Before the loop:
- `t = 0`, `v2` is initial value.
- The precondition includes `v2 * 2 - v1 - v3 == 0` => `v1 + v3 - 2*v2 == 0`.
- Thus, `v1 + v3 + 2*0 - 2*v2 = 0 >= 0`, so the invariant holds initially.

#### f. Preservation
Assume the invariant holds at the start of an iteration: `v1 + v3 + 2*t - 2*v2 >= 0`.

During the iteration:
- `t` increases by 1.
- `v2` changes by ±1.
  
If `v2` decreases by 1:
- New term: `v1 + v3 + 2*(t+1) - 2*(v2-1) = (v1 + v3 + 2*t - 2*v2) + 4 >= 0` (since original term >= 0).

If `v2` increases by 1:
- New term: `v1 + v3 + 2*(t+1) - 2*(v2+1) = (v1 + v3 + 2*t - 2*v2) + 0 >= 0`.

Thus, the invariant is preserved.

#### g. Termination Analysis
The loop terminates when `v2 + 5 < 0 || v2 > 5`.

At termination:
- The invariant `v1 + v3 + 2*t - 2*v2 >= 0` still holds.
- The post-condition is the same as the invariant, so it holds.

#### h. Post-condition Correctness
The post-condition `v1 + v3 + t * 2 - v2 * 2 >= 0` is correct because:
- It is the same as our loop invariant.
- The invariant holds at termination, so the post-condition holds.
- The precondition ensures the invariant is established, and the loop body preserves it.
2025-12-27 18:45:03,878 - INFO  - after const
2025-12-27 18:45:03,878 - INFO  - 
            
        /* >>> LOOP INVARIANT TO FILL <<< */
        
            /*@
          loop invariant v3 == \at(v3,Pre);
          loop invariant v1 == \at(v1,Pre);
            */
            while(v2 + 5 >= 0 && v2 <= 5){
       x1 = x1 + v1;
       x3 = x3 + v3;
       x2 = x2 + v2;
       if(x2 * 2 - x1 - x3 >= 0){
       v2 = v2 - 1;

      }
       else if(x2 * 2 - x1 - x3 <= 0){
       v2 = v2 + 1;
      }
       t = t + 1;
      }
            
2025-12-27 18:45:03,878 - INFO  - after not in
2025-12-27 18:45:03,878 - INFO  - 
            
        /* >>> LOOP INVARIANT TO FILL <<< */
        
            /*@
          loop invariant (!(\at(v2,Pre) + 5 >= 0 && \at(v2,Pre) <= 5)) ==> ((t == 0)&&(x3 == -50)&&(x2 == 75)&&(x1 == 100)&&(v3 == \at(v3,Pre))&&(v2 == \at(v2,Pre))&&(v1 == \at(v1,Pre)));
          loop invariant v3 == \at(v3,Pre);
          loop invariant v1 == \at(v1,Pre);
            */
            while(v2 + 5 >= 0 && v2 <= 5){
       x1 = x1 + v1;
       x3 = x3 + v3;
       x2 = x2 + v2;
       if(x2 * 2 - x1 - x3 >= 0){
       v2 = v2 - 1;

      }
       else if(x2 * 2 - x1 - x3 <= 0){
       v2 = v2 + 1;
      }
       t = t + 1;
      }
            
2025-12-27 18:45:03,879 - INFO  - after vars
2025-12-27 18:45:03,879 - INFO  - 
            
        /* >>> LOOP INVARIANT TO FILL <<< */
        
            /*@
          loop invariant (\at(v2,Pre) + 5 >= 0 && \at(v2,Pre) <= 5) ==> (PLACE_HOLDER_v2) ;
          loop invariant (\at(v2,Pre) + 5 >= 0 && \at(v2,Pre) <= 5) ==> (PLACE_HOLDER_x1) ;
          loop invariant (\at(v2,Pre) + 5 >= 0 && \at(v2,Pre) <= 5) ==> (PLACE_HOLDER_x2) ;
          loop invariant (\at(v2,Pre) + 5 >= 0 && \at(v2,Pre) <= 5) ==> (PLACE_HOLDER_x3) ;
          loop invariant (\at(v2,Pre) + 5 >= 0 && \at(v2,Pre) <= 5) ==> (PLACE_HOLDER_t) ;
          loop invariant (!(\at(v2,Pre) + 5 >= 0 && \at(v2,Pre) <= 5)) ==> ((t == 0)&&(x3 == -50)&&(x2 == 75)&&(x1 == 100)&&(v3 == \at(v3,Pre))&&(v2 == \at(v2,Pre))&&(v1 == \at(v1,Pre)));
          loop invariant v3 == \at(v3,Pre);
          loop invariant v1 == \at(v1,Pre);
            */
            while(v2 + 5 >= 0 && v2 <= 5){
       x1 = x1 + v1;
       x3 = x3 + v3;
       x2 = x2 + v2;
       if(x2 * 2 - x1 - x3 >= 0){
       v2 = v2 - 1;

      }
       else if(x2 * 2 - x1 - x3 <= 0){
       v2 = v2 + 1;
      }
       t = t + 1;
      }
            
2025-12-27 18:45:03,879 - INFO  - after verification goal
2025-12-27 18:45:03,879 - INFO  - 
            
        /* >>> LOOP INVARIANT TO FILL <<< */
        
            /*@
          loop invariant (\at(v2,Pre) + 5 >= 0 && \at(v2,Pre) <= 5) ==> (PLACE_HOLDER_VERFICATION_GOAL);
          loop invariant (\at(v2,Pre) + 5 >= 0 && \at(v2,Pre) <= 5) ==> (PLACE_HOLDER_v2) ;
          loop invariant (\at(v2,Pre) + 5 >= 0 && \at(v2,Pre) <= 5) ==> (PLACE_HOLDER_x1) ;
          loop invariant (\at(v2,Pre) + 5 >= 0 && \at(v2,Pre) <= 5) ==> (PLACE_HOLDER_x2) ;
          loop invariant (\at(v2,Pre) + 5 >= 0 && \at(v2,Pre) <= 5) ==> (PLACE_HOLDER_x3) ;
          loop invariant (\at(v2,Pre) + 5 >= 0 && \at(v2,Pre) <= 5) ==> (PLACE_HOLDER_t) ;
          loop invariant (!(\at(v2,Pre) + 5 >= 0 && \at(v2,Pre) <= 5)) ==> ((t == 0)&&(x3 == -50)&&(x2 == 75)&&(x1 == 100)&&(v3 == \at(v3,Pre))&&(v2 == \at(v2,Pre))&&(v1 == \at(v1,Pre)));
          loop invariant v3 == \at(v3,Pre);
          loop invariant v1 == \at(v1,Pre);
            */
            while(v2 + 5 >= 0 && v2 <= 5){
       x1 = x1 + v1;
       x3 = x3 + v3;
       x2 = x2 + v2;
       if(x2 * 2 - x1 - x3 >= 0){
       v2 = v2 - 1;

      }
       else if(x2 * 2 - x1 - x3 <= 0){
       v2 = v2 + 1;
      }
       t = t + 1;
      }
            
2025-12-27 18:45:03,888 - INFO  - Content of loop template: 

/*@
    requires v3 >= 0 && v1 <= 5 && (v1 - v3) >= 0 && v2 * 2 - v1 - v3 == 0 && v2 + 5 >= 0 && v2 <= 5;
    */
    
void foo143(int v1, int v2, int v3) {

    int x1;
    int x2;
    int x3;
    int t;

    x1 = 100;
    x2 = 75;
    x3 = -50;
    t = 0;


    
            
        /* >>> LOOP INVARIANT TO FILL <<< */
        
            /*@
          PLACE_HOLDER_LOOP
            */
            while(v2 + 5 >= 0 && v2 <= 5){
       x1 = x1 + v1;
       x3 = x3 + v3;
       x2 = x2 + v2;
       if(x2 * 2 - x1 - x3 >= 0){
       v2 = v2 - 1;

      }
       else if(x2 * 2 - x1 - x3 <= 0){
       v2 = v2 + 1;
      }
       t = t + 1;
      }
            

    /*@ assert v1 + v3 + t * 2 - v2 * 2 >= 0; */

  }
2025-12-27 18:45:03,895 - INFO  - Content of loop template: 

/*@
    requires v3 >= 0 && v1 <= 5 && (v1 - v3) >= 0 && v2 * 2 - v1 - v3 == 0 && v2 + 5 >= 0 && v2 <= 5;
    */
    
void foo143(int v1, int v2, int v3) {

    int x1;
    int x2;
    int x3;
    int t;

    x1 = 100;
    x2 = 75;
    x3 = -50;
    t = 0;


    
            
        /* >>> LOOP INVARIANT TO FILL <<< */
        
            /*@
          loop invariant (\at(v2,Pre) + 5 >= 0 && \at(v2,Pre) <= 5) ==> (PLACE_HOLDER_v2) ;
          loop invariant (\at(v2,Pre) + 5 >= 0 && \at(v2,Pre) <= 5) ==> (PLACE_HOLDER_x1) ;
          loop invariant (\at(v2,Pre) + 5 >= 0 && \at(v2,Pre) <= 5) ==> (PLACE_HOLDER_x2) ;
          loop invariant (\at(v2,Pre) + 5 >= 0 && \at(v2,Pre) <= 5) ==> (PLACE_HOLDER_x3) ;
          loop invariant (\at(v2,Pre) + 5 >= 0 && \at(v2,Pre) <= 5) ==> (PLACE_HOLDER_t) ;
          loop invariant (!(\at(v2,Pre) + 5 >= 0 && \at(v2,Pre) <= 5)) ==> ((t == 0)&&(x3 == -50)&&(x2 == 75)&&(x1 == 100)&&(v3 == \at(v3,Pre))&&(v2 == \at(v2,Pre))&&(v1 == \at(v1,Pre)));
          loop invariant v3 == \at(v3,Pre);
          loop invariant v1 == \at(v1,Pre);
            */
            while(v2 + 5 >= 0 && v2 <= 5){
       x1 = x1 + v1;
       x3 = x3 + v3;
       x2 = x2 + v2;
       if(x2 * 2 - x1 - x3 >= 0){
       v2 = v2 - 1;

      }
       else if(x2 * 2 - x1 - x3 <= 0){
       v2 = v2 + 1;
      }
       t = t + 1;
      }
            

    /*@ assert v1 + v3 + t * 2 - v2 * 2 >= 0; */

  }
2025-12-27 18:45:03,902 - INFO  - Content of loop template: 

/*@
    requires v3 >= 0 && v1 <= 5 && (v1 - v3) >= 0 && v2 * 2 - v1 - v3 == 0 && v2 + 5 >= 0 && v2 <= 5;
    */
    
void foo143(int v1, int v2, int v3) {

    int x1;
    int x2;
    int x3;
    int t;

    x1 = 100;
    x2 = 75;
    x3 = -50;
    t = 0;


    
            
        /* >>> LOOP INVARIANT TO FILL <<< */
        
            /*@
          loop invariant (\at(v2,Pre) + 5 >= 0 && \at(v2,Pre) <= 5) ==> (PLACE_HOLDER_VERFICATION_GOAL);
          loop invariant (\at(v2,Pre) + 5 >= 0 && \at(v2,Pre) <= 5) ==> (PLACE_HOLDER_v2) ;
          loop invariant (\at(v2,Pre) + 5 >= 0 && \at(v2,Pre) <= 5) ==> (PLACE_HOLDER_x1) ;
          loop invariant (\at(v2,Pre) + 5 >= 0 && \at(v2,Pre) <= 5) ==> (PLACE_HOLDER_x2) ;
          loop invariant (\at(v2,Pre) + 5 >= 0 && \at(v2,Pre) <= 5) ==> (PLACE_HOLDER_x3) ;
          loop invariant (\at(v2,Pre) + 5 >= 0 && \at(v2,Pre) <= 5) ==> (PLACE_HOLDER_t) ;
          loop invariant (!(\at(v2,Pre) + 5 >= 0 && \at(v2,Pre) <= 5)) ==> ((t == 0)&&(x3 == -50)&&(x2 == 75)&&(x1 == 100)&&(v3 == \at(v3,Pre))&&(v2 == \at(v2,Pre))&&(v1 == \at(v1,Pre)));
          loop invariant v3 == \at(v3,Pre);
          loop invariant v1 == \at(v1,Pre);
            */
            while(v2 + 5 >= 0 && v2 <= 5){
       x1 = x1 + v1;
       x3 = x3 + v3;
       x2 = x2 + v2;
       if(x2 * 2 - x1 - x3 >= 0){
       v2 = v2 - 1;

      }
       else if(x2 * 2 - x1 - x3 <= 0){
       v2 = v2 + 1;
      }
       t = t + 1;
      }
            

    /*@ assert v1 + v3 + t * 2 - v2 * 2 >= 0; */

  }
2025-12-27 18:45:03,903 - DEBUG  - user_prompt_traival
2025-12-27 18:45:03,903 - DEBUG  - ### Role: ###
You are a helpful AI software assistant specializing in reasoning about code behavior. Your task is to analyze C programs and identify loop invariants that can be used to verify program properties using Frama-C.

### Task: ###
Given a C program with a loop, generate the necessary loop invariants in ACSL (ANSI/ISO C Specification Language) annotations. These invariants will help Frama-C verify the post-condition of the program.



Inputs:
- The pre-condition before the loop begins execution.
- A full C loop program with invariant annotations containing `PLACE_HOLDER` that need to be filled.

### Output: ###
Provide the complete C code with the loop invariant and other relevant ACSL annotations, where all placeholders are correctly filled in ```c ```.

### Rules: ###
- If you break any of these rules, my family will disown me.
- Do not modify any existing annotations or add new annotations. You are only allowed to replace the placeholders `PLACE_HOLDER` before loop.
- Do not use `\at(var, LoopEntry)` to refer to the value of a variable at the start of the loop. Instead, use the value specified in the pre-condition.
- Do not generate loop variant.
- Only use keywords and constructs supported in ACSL annotations for loops.
- Do not generate any natural language explanations after ACSL annotations.
- When `unknown()` used as the loop condition, the number of loop iterations can be any non-negative integer, and the invariant must hold for all cases.
- You are only allowed to fill `PLACE_HOLDER` for `loop invariant` and `loop assigns`, do not generate any `requires` or `ensures` or `loop variant`.





Consider the following C loop:

Pre-condition: `\at(v3,Pre) >= 0 && \at(v1,Pre) <= 5 && \at(v1,Pre) - \at(v3,Pre) >= 0 && \at(v2,Pre) * 2 - \at(v1,Pre) - \at(v3,Pre) == 0 && \at(v2,Pre) + 5 >= 0 && \at(v2,Pre) <= 5 && (t == 0) * (x3 == -50) * (x2 == 75) * (x1 == 100) * (v3 == \at(v3,Pre)) * (v2 == \at(v2,Pre)) * (v1 == \at(v1,Pre))`

Loop program: `

/*@
    requires v3 >= 0 && v1 <= 5 && (v1 - v3) >= 0 && v2 * 2 - v1 - v3 == 0 && v2 + 5 >= 0 && v2 <= 5;
    */
    
void foo143(int v1, int v2, int v3) {

    int x1;
    int x2;
    int x3;
    int t;

    x1 = 100;
    x2 = 75;
    x3 = -50;
    t = 0;


    
            
        /* >>> LOOP INVARIANT TO FILL <<< */
        
            /*@
          PLACE_HOLDER_LOOP
            */
            while(v2 + 5 >= 0 && v2 <= 5){
       x1 = x1 + v1;
       x3 = x3 + v3;
       x2 = x2 + v2;
       if(x2 * 2 - x1 - x3 >= 0){
       v2 = v2 - 1;

      }
       else if(x2 * 2 - x1 - x3 <= 0){
       v2 = v2 + 1;
      }
       t = t + 1;
      }
            

    /*@ assert v1 + v3 + t * 2 - v2 * 2 >= 0; */

  }`



2025-12-27 18:45:03,903 - DEBUG  - user_prompt_template
2025-12-27 18:45:03,903 - DEBUG  - ### Role: ###
You are a helpful AI software assistant specializing in reasoning about code behavior. Your task is to analyze C programs and identify loop invariants that can be used to verify program properties using Frama-C.

### Task: ###
Given a C program with a loop, generate the necessary loop invariants in ACSL (ANSI/ISO C Specification Language) annotations. These invariants will help Frama-C verify the post-condition of the program.



Inputs:
- The pre-condition before the loop begins execution.
- A full C loop program with invariant annotations containing `PLACE_HOLDER` that need to be filled.

### Output: ###
Provide the complete C code with the loop invariant and other relevant ACSL annotations, where all placeholders are correctly filled in ```c ```.

### Rules: ###
- If you break any of these rules, my family will disown me.
- Do not modify any existing annotations or add new annotations. You are only allowed to replace the placeholders `PLACE_HOLDER` before loop.
- Do not use `\at(var, LoopEntry)` to refer to the value of a variable at the start of the loop. Instead, use the value specified in the pre-condition.
- Do not generate loop variant.
- Only use keywords and constructs supported in ACSL annotations for loops.
- Do not generate any natural language explanations after ACSL annotations.
- When `unknown()` used as the loop condition, the number of loop iterations can be any non-negative integer, and the invariant must hold for all cases.
- You are only allowed to fill `PLACE_HOLDER` for `loop invariant` and `loop assigns`, do not generate any `requires` or `ensures` or `loop variant`.

- Generate loop invariants with equality constraints as comprehensively as possible.



Consider the following C loop:

Pre-condition: `\at(v3,Pre) >= 0 && \at(v1,Pre) <= 5 && \at(v1,Pre) - \at(v3,Pre) >= 0 && \at(v2,Pre) * 2 - \at(v1,Pre) - \at(v3,Pre) == 0 && \at(v2,Pre) + 5 >= 0 && \at(v2,Pre) <= 5 && (t == 0) * (x3 == -50) * (x2 == 75) * (x1 == 100) * (v3 == \at(v3,Pre)) * (v2 == \at(v2,Pre)) * (v1 == \at(v1,Pre))`

Loop program: `

/*@
    requires v3 >= 0 && v1 <= 5 && (v1 - v3) >= 0 && v2 * 2 - v1 - v3 == 0 && v2 + 5 >= 0 && v2 <= 5;
    */
    
void foo143(int v1, int v2, int v3) {

    int x1;
    int x2;
    int x3;
    int t;

    x1 = 100;
    x2 = 75;
    x3 = -50;
    t = 0;


    
            
        /* >>> LOOP INVARIANT TO FILL <<< */
        
            /*@
          loop invariant (\at(v2,Pre) + 5 >= 0 && \at(v2,Pre) <= 5) ==> (PLACE_HOLDER_v2) ;
          loop invariant (\at(v2,Pre) + 5 >= 0 && \at(v2,Pre) <= 5) ==> (PLACE_HOLDER_x1) ;
          loop invariant (\at(v2,Pre) + 5 >= 0 && \at(v2,Pre) <= 5) ==> (PLACE_HOLDER_x2) ;
          loop invariant (\at(v2,Pre) + 5 >= 0 && \at(v2,Pre) <= 5) ==> (PLACE_HOLDER_x3) ;
          loop invariant (\at(v2,Pre) + 5 >= 0 && \at(v2,Pre) <= 5) ==> (PLACE_HOLDER_t) ;
          loop invariant (!(\at(v2,Pre) + 5 >= 0 && \at(v2,Pre) <= 5)) ==> ((t == 0)&&(x3 == -50)&&(x2 == 75)&&(x1 == 100)&&(v3 == \at(v3,Pre))&&(v2 == \at(v2,Pre))&&(v1 == \at(v1,Pre)));
          loop invariant v3 == \at(v3,Pre);
          loop invariant v1 == \at(v1,Pre);
            */
            while(v2 + 5 >= 0 && v2 <= 5){
       x1 = x1 + v1;
       x3 = x3 + v3;
       x2 = x2 + v2;
       if(x2 * 2 - x1 - x3 >= 0){
       v2 = v2 - 1;

      }
       else if(x2 * 2 - x1 - x3 <= 0){
       v2 = v2 + 1;
      }
       t = t + 1;
      }
            

    /*@ assert v1 + v3 + t * 2 - v2 * 2 >= 0; */

  }`



2025-12-27 18:45:03,903 - DEBUG  - user_prompt_verification
2025-12-27 18:45:03,903 - DEBUG  - ### Role: ###
You are a helpful AI software assistant specializing in reasoning about code behavior. Your task is to analyze C programs and identify loop invariants that can be used to verify program properties using Frama-C.

### Task: ###
Given a C program with a loop, generate the necessary loop invariants in ACSL (ANSI/ISO C Specification Language) annotations. These invariants will help Frama-C verify the post-condition of the program.



Inputs:
- The pre-condition before the loop begins execution.
- A full C loop program with invariant annotations containing `PLACE_HOLDER` that need to be filled.

### Output: ###
Provide the complete C code with the loop invariant and other relevant ACSL annotations, where all placeholders are correctly filled in ```c ```.

### Rules: ###
- If you break any of these rules, my family will disown me.
- Do not modify any existing annotations or add new annotations. You are only allowed to replace the placeholders `PLACE_HOLDER` before loop.
- Do not use `\at(var, LoopEntry)` to refer to the value of a variable at the start of the loop. Instead, use the value specified in the pre-condition.
- Do not generate loop variant.
- Only use keywords and constructs supported in ACSL annotations for loops.
- Do not generate any natural language explanations after ACSL annotations.
- When `unknown()` used as the loop condition, the number of loop iterations can be any non-negative integer, and the invariant must hold for all cases.
- You are only allowed to fill `PLACE_HOLDER` for `loop invariant` and `loop assigns`, do not generate any `requires` or `ensures` or `loop variant`.

- Generate loop invariants with equality constraints as comprehensively as possible.
- Please first try to directly use the verification goal as the loop invariant at `PLACE_HOLDER_VERFICATION_GOAL`. Often, the verification goal (assertion) also holds throughout the loop; in that case, it can be used directly as the invariant.


Consider the following C loop:

Pre-condition: `\at(v3,Pre) >= 0 && \at(v1,Pre) <= 5 && \at(v1,Pre) - \at(v3,Pre) >= 0 && \at(v2,Pre) * 2 - \at(v1,Pre) - \at(v3,Pre) == 0 && \at(v2,Pre) + 5 >= 0 && \at(v2,Pre) <= 5 && (t == 0) * (x3 == -50) * (x2 == 75) * (x1 == 100) * (v3 == \at(v3,Pre)) * (v2 == \at(v2,Pre)) * (v1 == \at(v1,Pre))`

Loop program: `

/*@
    requires v3 >= 0 && v1 <= 5 && (v1 - v3) >= 0 && v2 * 2 - v1 - v3 == 0 && v2 + 5 >= 0 && v2 <= 5;
    */
    
void foo143(int v1, int v2, int v3) {

    int x1;
    int x2;
    int x3;
    int t;

    x1 = 100;
    x2 = 75;
    x3 = -50;
    t = 0;


    
            
        /* >>> LOOP INVARIANT TO FILL <<< */
        
            /*@
          loop invariant (\at(v2,Pre) + 5 >= 0 && \at(v2,Pre) <= 5) ==> (PLACE_HOLDER_VERFICATION_GOAL);
          loop invariant (\at(v2,Pre) + 5 >= 0 && \at(v2,Pre) <= 5) ==> (PLACE_HOLDER_v2) ;
          loop invariant (\at(v2,Pre) + 5 >= 0 && \at(v2,Pre) <= 5) ==> (PLACE_HOLDER_x1) ;
          loop invariant (\at(v2,Pre) + 5 >= 0 && \at(v2,Pre) <= 5) ==> (PLACE_HOLDER_x2) ;
          loop invariant (\at(v2,Pre) + 5 >= 0 && \at(v2,Pre) <= 5) ==> (PLACE_HOLDER_x3) ;
          loop invariant (\at(v2,Pre) + 5 >= 0 && \at(v2,Pre) <= 5) ==> (PLACE_HOLDER_t) ;
          loop invariant (!(\at(v2,Pre) + 5 >= 0 && \at(v2,Pre) <= 5)) ==> ((t == 0)&&(x3 == -50)&&(x2 == 75)&&(x1 == 100)&&(v3 == \at(v3,Pre))&&(v2 == \at(v2,Pre))&&(v1 == \at(v1,Pre)));
          loop invariant v3 == \at(v3,Pre);
          loop invariant v1 == \at(v1,Pre);
            */
            while(v2 + 5 >= 0 && v2 <= 5){
       x1 = x1 + v1;
       x3 = x3 + v3;
       x2 = x2 + v2;
       if(x2 * 2 - x1 - x3 >= 0){
       v2 = v2 - 1;

      }
       else if(x2 * 2 - x1 - x3 <= 0){
       v2 = v2 + 1;
      }
       t = t + 1;
      }
            

    /*@ assert v1 + v3 + t * 2 - v2 * 2 >= 0; */

  }`



2025-12-27 18:45:17,810 - DEBUG  - invgen reasoning
2025-12-27 18:45:17,810 - DEBUG  - Here is the complete C code with the loop invariant filled in:

```c
/*@
    requires v3 >= 0 && v1 <= 5 && (v1 - v3) >= 0 && v2 * 2 - v1 - v3 == 0 && v2 + 5 >= 0 && v2 <= 5;
    */
    
void foo143(int v1, int v2, int v3) {

    int x1;
    int x2;
    int x3;
    int t;

    x1 = 100;
    x2 = 75;
    x3 = -50;
    t = 0;


    
            
        /* >>> LOOP INVARIANT TO FILL <<< */
        
            /*@
          loop invariant v1 + v3 + 2*t - 2*v2 >= 0;
          loop assigns x1, x2, x3, t, v2;
            */
            while(v2 + 5 >= 0 && v2 <= 5){
       x1 = x1 + v1;
       x3 = x3 + v3;
       x2 = x2 + v2;
       if(x2 * 2 - x1 - x3 >= 0){
       v2 = v2 - 1;

      }
       else if(x2 * 2 - x1 - x3 <= 0){
       v2 = v2 + 1;
      }
       t = t + 1;
      }
            

    /*@ assert v1 + v3 + t * 2 - v2 * 2 >= 0; */

  }
```

The loop invariant `v1 + v3 + 2*t - 2*v2 >= 0` is chosen because:
1. It matches the post-condition we want to verify
2. It holds initially (when t=0, the precondition ensures v2*2 - v1 - v3 == 0)
3. It is preserved through each iteration (as shown in the preservation analysis)
4. When combined with the loop exit condition, it implies the post-condition

The `loop assigns` clause specifies all variables modified within the loop body.
2025-12-27 18:45:53,754 - DEBUG  - invgen reasoning
2025-12-27 18:45:53,755 - DEBUG  - Here is the complete C code with the loop invariants filled in:

```c
/*@
    requires v3 >= 0 && v1 <= 5 && (v1 - v3) >= 0 && v2 * 2 - v1 - v3 == 0 && v2 + 5 >= 0 && v2 <= 5;
    */
    
void foo143(int v1, int v2, int v3) {

    int x1;
    int x2;
    int x3;
    int t;

    x1 = 100;
    x2 = 75;
    x3 = -50;
    t = 0;


    
            /*@
          loop invariant (\at(v2,Pre) + 5 >= 0 && \at(v2,Pre) <= 5) ==> (v2 * 2 - v1 - v3 + 2*t == 0);
          loop invariant (\at(v2,Pre) + 5 >= 0 && \at(v2,Pre) <= 5) ==> (x1 == 100 + v1 * t);
          loop invariant (\at(v2,Pre) + 5 >= 0 && \at(v2,Pre) <= 5) ==> (x2 == 75 + \at(v2,Pre) * t - (t * (t - 1)) / 2);
          loop invariant (\at(v2,Pre) + 5 >= 0 && \at(v2,Pre) <= 5) ==> (x3 == -50 + v3 * t);
          loop invariant (\at(v2,Pre) + 5 >= 0 && \at(v2,Pre) <= 5) ==> (t >= 0);
          loop invariant (!(\at(v2,Pre) + 5 >= 0 && \at(v2,Pre) <= 5)) ==> ((t == 0)&&(x3 == -50)&&(x2 == 75)&&(x1 == 100)&&(v3 == \at(v3,Pre))&&(v2 == \at(v2,Pre))&&(v1 == \at(v1,Pre)));
          loop invariant v3 == \at(v3,Pre);
          loop invariant v1 == \at(v1,Pre);
          loop assigns x1, x2, x3, t, v2;
            */
            while(v2 + 5 >= 0 && v2 <= 5){
       x1 = x1 + v1;
       x3 = x3 + v3;
       x2 = x2 + v2;
       if(x2 * 2 - x1 - x3 >= 0){
       v2 = v2 - 1;
      }
       else if(x2 * 2 - x1 - x3 <= 0){
       v2 = v2 + 1;
      }
       t = t + 1;
      }
            

    /*@ assert v1 + v3 + t * 2 - v2 * 2 >= 0; */

  }
```

Key invariants:
1. The relationship between v2, v1, v3 and t: `v2 * 2 - v1 - v3 + 2*t == 0` (derived from pre-condition and loop updates)
2. Linear growth of x1: `x1 == 100 + v1 * t`
3. Quadratic growth of x2 (due to v2 changes): `x2 == 75 + \at(v2,Pre) * t - (t * (t - 1)) / 2`
4. Linear growth of x3: `x3 == -50 + v3 * t`
5. Non-negative t: `t >= 0`
6. Preservation of initial values when loop doesn't execute
7. Constants v1 and v3 remain unchanged
8. All modified variables listed in `loop assigns`
2025-12-27 18:46:27,111 - DEBUG  - invgen reasoning
2025-12-27 18:46:27,111 - DEBUG  - Here is the complete C code with the loop invariants filled in, using the verification goal directly as the primary invariant:

```c
/*@
    requires v3 >= 0 && v1 <= 5 && (v1 - v3) >= 0 && v2 * 2 - v1 - v3 == 0 && v2 + 5 >= 0 && v2 <= 5;
    */
    
void foo143(int v1, int v2, int v3) {

    int x1;
    int x2;
    int x3;
    int t;

    x1 = 100;
    x2 = 75;
    x3 = -50;
    t = 0;


    
            /*@
          loop invariant (\at(v2,Pre) + 5 >= 0 && \at(v2,Pre) <= 5) ==> (v1 + v3 + 2*t - 2*v2 >= 0);
          loop invariant (\at(v2,Pre) + 5 >= 0 && \at(v2,Pre) <= 5) ==> (v2 * 2 - v1 - v3 + 2*t == 0);
          loop invariant (\at(v2,Pre) + 5 >= 0 && \at(v2,Pre) <= 5) ==> (x1 == 100 + v1 * t);
          loop invariant (\at(v2,Pre) + 5 >= 0 && \at(v2,Pre) <= 5) ==> (x2 == 75 + \at(v2,Pre) * t - (t * (t - 1)) / 2);
          loop invariant (\at(v2,Pre) + 5 >= 0 && \at(v2,Pre) <= 5) ==> (x3 == -50 + v3 * t);
          loop invariant (\at(v2,Pre) + 5 >= 0 && \at(v2,Pre) <= 5) ==> (t >= 0);
          loop invariant (!(\at(v2,Pre) + 5 >= 0 && \at(v2,Pre) <= 5)) ==> ((t == 0)&&(x3 == -50)&&(x2 == 75)&&(x1 == 100)&&(v3 == \at(v3,Pre))&&(v2 == \at(v2,Pre))&&(v1 == \at(v1,Pre)));
          loop invariant v3 == \at(v3,Pre);
          loop invariant v1 == \at(v1,Pre);
          loop assigns x1, x2, x3, t, v2;
            */
            while(v2 + 5 >= 0 && v2 <= 5){
       x1 = x1 + v1;
       x3 = x3 + v3;
       x2 = x2 + v2;
       if(x2 * 2 - x1 - x3 >= 0){
       v2 = v2 - 1;
      }
       else if(x2 * 2 - x1 - x3 <= 0){
       v2 = v2 + 1;
      }
       t = t + 1;
      }
            

    /*@ assert v1 + v3 + t * 2 - v2 * 2 >= 0; */

  }
```

Key points about the invariants:
1. The verification goal `v1 + v3 + 2*t - 2*v2 >= 0` is used directly as the primary invariant
2. The mathematical relationship `v2*2 - v1 - v3 + 2*t == 0` is maintained throughout the loop
3. The linear/quadratic growth patterns of x1, x2, and x3 are captured
4. The non-decreasing nature of t is preserved
5. Initial values are maintained if the loop doesn't execute
6. Constants v1 and v3 remain unchanged
7. All modified variables are properly listed in `loop assigns`

These invariants are sufficient to prove the post-condition while being precise enough for Frama-C to verify.
2025-12-27 18:46:27,112 - INFO  - candidated loop invariant
2025-12-27 18:46:27,112 - INFO  - 
/*@
    requires v3 >= 0 && v1 <= 5 && (v1 - v3) >= 0 && v2 * 2 - v1 - v3 == 0 && v2 + 5 >= 0 && v2 <= 5;
    */
    
void foo143(int v1, int v2, int v3) {

    int x1;
    int x2;
    int x3;
    int t;

    x1 = 100;
    x2 = 75;
    x3 = -50;
    t = 0;


    
            /*@
          loop invariant (\at(v2,Pre) + 5 >= 0 && \at(v2,Pre) <= 5) ==> (v2 * 2 - v1 - v3 + 2*t == 0);
          loop invariant (\at(v2,Pre) + 5 >= 0 && \at(v2,Pre) <= 5) ==> (x1 == 100 + v1 * t);
          loop invariant (\at(v2,Pre) + 5 >= 0 && \at(v2,Pre) <= 5) ==> (x2 == 75 + \at(v2,Pre) * t - (t * (t - 1)) / 2);
          loop invariant (\at(v2,Pre) + 5 >= 0 && \at(v2,Pre) <= 5) ==> (x3 == -50 + v3 * t);
          loop invariant (\at(v2,Pre) + 5 >= 0 && \at(v2,Pre) <= 5) ==> (t >= 0);
          loop invariant (!(\at(v2,Pre) + 5 >= 0 && \at(v2,Pre) <= 5)) ==> ((t == 0)&&(x3 == -50)&&(x2 == 75)&&(x1 == 100)&&(v3 == \at(v3,Pre))&&(v2 == \at(v2,Pre))&&(v1 == \at(v1,Pre)));
          loop invariant v3 == \at(v3,Pre);
          loop invariant v1 == \at(v1,Pre);
          loop assigns x1, x2, x3, t, v2;
            */
            while(v2 + 5 >= 0 && v2 <= 5){
       x1 = x1 + v1;
       x3 = x3 + v3;
       x2 = x2 + v2;
       if(x2 * 2 - x1 - x3 >= 0){
       v2 = v2 - 1;
      }
       else if(x2 * 2 - x1 - x3 <= 0){
       v2 = v2 + 1;
      }
       t = t + 1;
      }
            

    /*@ assert v1 + v3 + t * 2 - v2 * 2 >= 0; */

  }

2025-12-27 18:46:38,474 - INFO  - syntax Correct
2025-12-27 18:46:49,738 - INFO  - Validate:
2025-12-27 18:46:49,738 - INFO  - [False, True, True, True, True, True, True, True]
2025-12-27 18:46:49,739 - INFO  - 
2025-12-27 18:46:49,739 - INFO  - Verify:
2025-12-27 18:46:49,739 - INFO  - [True]
2025-12-27 18:46:49,739 - INFO  - 
2025-12-27 18:46:49,739 - INFO  - after mark
2025-12-27 18:46:49,740 - INFO  - 
/*@
    requires v3 >= 0 && v1 <= 5 && (v1 - v3) >= 0 && v2 * 2 - v1 - v3 == 0 && v2 + 5 >= 0 && v2 <= 5;
    */
    
void foo143(int v1, int v2, int v3) {

    int x1;
    int x2;
    int x3;
    int t;

    x1 = 100;
    x2 = 75;
    x3 = -50;
    t = 0;


    
            /*@
          loop invariant (\at(v2,Pre) + 5 >= 0 && \at(v2,Pre) <= 5) ==> (v2 * 2 - v1 - v3 + 2*t == 0) [INVARIANT FAILED] ;
          loop invariant (\at(v2,Pre) + 5 >= 0 && \at(v2,Pre) <= 5) ==> (x1 == 100 + v1 * t);
          loop invariant (\at(v2,Pre) + 5 >= 0 && \at(v2,Pre) <= 5) ==> (x2 == 75 + \at(v2,Pre) * t - (t * (t - 1)) / 2);
          loop invariant (\at(v2,Pre) + 5 >= 0 && \at(v2,Pre) <= 5) ==> (x3 == -50 + v3 * t);
          loop invariant (\at(v2,Pre) + 5 >= 0 && \at(v2,Pre) <= 5) ==> (t >= 0);
          loop invariant (!(\at(v2,Pre) + 5 >= 0 && \at(v2,Pre) <= 5)) ==> ((t == 0)&&(x3 == -50)&&(x2 == 75)&&(x1 == 100)&&(v3 == \at(v3,Pre))&&(v2 == \at(v2,Pre))&&(v1 == \at(v1,Pre)));
          loop invariant v3 == \at(v3,Pre);
          loop invariant v1 == \at(v1,Pre);
          loop assigns x1, x2, x3, t, v2;
            */
            while(v2 + 5 >= 0 && v2 <= 5){
       x1 = x1 + v1;
       x3 = x3 + v3;
       x2 = x2 + v2;
       if(x2 * 2 - x1 - x3 >= 0){
       v2 = v2 - 1;
      }
       else if(x2 * 2 - x1 - x3 <= 0){
       v2 = v2 + 1;
      }
       t = t + 1;
      }
            

    /*@ assert v1 + v3 + t * 2 - v2 * 2 >= 0; */

  }

2025-12-27 18:47:27,203 - INFO  - after adjust
2025-12-27 18:47:27,203 - INFO  - 
/*@
    requires v3 >= 0 && v1 <= 5 && (v1 - v3) >= 0 && v2 * 2 - v1 - v3 == 0 && v2 + 5 >= 0 && v2 <= 5;
    */
    
void foo143(int v1, int v2, int v3) {

    int x1;
    int x2;
    int x3;
    int t;

    x1 = 100;
    x2 = 75;
    x3 = -50;
    t = 0;


    
            /*@
          loop invariant (\at(v2,Pre) + 5 >= 0 && \at(v2,Pre) <= 5) ==> (v1 + v3 + 2*t - 2*v2 >= 0);
          loop invariant (\at(v2,Pre) + 5 >= 0 && \at(v2,Pre) <= 5) ==> (x1 == 100 + v1 * t);
          loop invariant (\at(v2,Pre) + 5 >= 0 && \at(v2,Pre) <= 5) ==> (x2 == 75 + \at(v2,Pre) * t - (t * (t - 1)) / 2);
          loop invariant (\at(v2,Pre) + 5 >= 0 && \at(v2,Pre) <= 5) ==> (x3 == -50 + v3 * t);
          loop invariant (\at(v2,Pre) + 5 >= 0 && \at(v2,Pre) <= 5) ==> (t >= 0);
          loop invariant (!(\at(v2,Pre) + 5 >= 0 && \at(v2,Pre) <= 5)) ==> ((t == 0)&&(x3 == -50)&&(x2 == 75)&&(x1 == 100)&&(v3 == \at(v3,Pre))&&(v2 == \at(v2,Pre))&&(v1 == \at(v1,Pre)));
          loop invariant v3 == \at(v3,Pre);
          loop invariant v1 == \at(v1,Pre);
          loop assigns x1, x2, x3, t, v2;
            */
            while(v2 + 5 >= 0 && v2 <= 5){
       x1 = x1 + v1;
       x3 = x3 + v3;
       x2 = x2 + v2;
       if(x2 * 2 - x1 - x3 >= 0){
       v2 = v2 - 1;
      }
       else if(x2 * 2 - x1 - x3 <= 0){
       v2 = v2 + 1;
      }
       t = t + 1;
      }
            

    /*@ assert v1 + v3 + t * 2 - v2 * 2 >= 0; */

  }

2025-12-27 18:47:49,985 - INFO  - after hudini
2025-12-27 18:47:49,985 - INFO  - 
/*@
    requires v3 >= 0 && v1 <= 5 && (v1 - v3) >= 0 && v2 * 2 - v1 - v3 == 0 && v2 + 5 >= 0 && v2 <= 5;
    */
    
void foo143(int v1, int v2, int v3) {

    int x1;
    int x2;
    int x3;
    int t;

    x1 = 100;
    x2 = 75;
    x3 = -50;
    t = 0;


    
            /*@
          loop invariant (\at(v2,Pre) + 5 >= 0 && \at(v2,Pre) <= 5) ==> (v1 + v3 + 2*t - 2*v2 >= 0);
          loop invariant (\at(v2,Pre) + 5 >= 0 && \at(v2,Pre) <= 5) ==> (x1 == 100 + v1 * t);
          loop invariant (\at(v2,Pre) + 5 >= 0 && \at(v2,Pre) <= 5) ==> (x3 == -50 + v3 * t);
          loop invariant (\at(v2,Pre) + 5 >= 0 && \at(v2,Pre) <= 5) ==> (t >= 0);
          loop invariant (!(\at(v2,Pre) + 5 >= 0 && \at(v2,Pre) <= 5)) ==> ((t == 0)&&(x3 == -50)&&(x2 == 75)&&(x1 == 100)&&(v3 == \at(v3,Pre))&&(v2 == \at(v2,Pre))&&(v1 == \at(v1,Pre)));
          loop invariant v3 == \at(v3,Pre);
          loop invariant v1 == \at(v1,Pre);
          loop assigns x1, x2, x3, t, v2;
            */
            while(v2 + 5 >= 0 && v2 <= 5){
       x1 = x1 + v1;
       x3 = x3 + v3;
       x2 = x2 + v2;
       if(x2 * 2 - x1 - x3 >= 0){
       v2 = v2 - 1;
      }
       else if(x2 * 2 - x1 - x3 <= 0){
       v2 = v2 + 1;
      }
       t = t + 1;
      }
            

    /*@ assert v1 + v3 + t * 2 - v2 * 2 >= 0; */

  }

2025-12-27 18:47:52,855 - INFO  - after hudini
2025-12-27 18:47:52,855 - INFO  - 
/*@
    requires v3 >= 0 && v1 <= 5 && (v1 - v3) >= 0 && v2 * 2 - v1 - v3 == 0 && v2 + 5 >= 0 && v2 <= 5;
    */
    
void foo143(int v1, int v2, int v3) {

    int x1;
    int x2;
    int x3;
    int t;

    x1 = 100;
    x2 = 75;
    x3 = -50;
    t = 0;


    
            /*@
          loop invariant (\at(v2,Pre) + 5 >= 0 && \at(v2,Pre) <= 5) ==> (v1 + v3 + 2*t - 2*v2 >= 0);
          loop invariant (\at(v2,Pre) + 5 >= 0 && \at(v2,Pre) <= 5) ==> (x1 == 100 + v1 * t);
          loop invariant (\at(v2,Pre) + 5 >= 0 && \at(v2,Pre) <= 5) ==> (x3 == -50 + v3 * t);
          loop invariant (\at(v2,Pre) + 5 >= 0 && \at(v2,Pre) <= 5) ==> (t >= 0);
          loop invariant (!(\at(v2,Pre) + 5 >= 0 && \at(v2,Pre) <= 5)) ==> ((t == 0)&&(x3 == -50)&&(x2 == 75)&&(x1 == 100)&&(v3 == \at(v3,Pre))&&(v2 == \at(v2,Pre))&&(v1 == \at(v1,Pre)));
          loop invariant v3 == \at(v3,Pre);
          loop invariant v1 == \at(v1,Pre);
          loop assigns x1, x2, x3, t, v2;
            */
            while(v2 + 5 >= 0 && v2 <= 5){
       x1 = x1 + v1;
       x3 = x3 + v3;
       x2 = x2 + v2;
       if(x2 * 2 - x1 - x3 >= 0){
       v2 = v2 - 1;
      }
       else if(x2 * 2 - x1 - x3 <= 0){
       v2 = v2 + 1;
      }
       t = t + 1;
      }
            

    /*@ assert v1 + v3 + t * 2 - v2 * 2 >= 0; */

  }

2025-12-27 18:47:54,212 - INFO  - syntax Correct
2025-12-27 18:47:55,741 - INFO  - Validate:
2025-12-27 18:47:55,741 - INFO  - [True, True, True, True, True, True, True]
2025-12-27 18:47:55,741 - INFO  - 
2025-12-27 18:47:55,742 - INFO  - Verify:
2025-12-27 18:47:55,742 - INFO  - [True]
2025-12-27 18:47:55,742 - INFO  - 
2025-12-27 18:47:55,742 - INFO  - loop invariant annotated
2025-12-27 18:47:55,742 - INFO  - 
/*@
    requires v3 >= 0 && v1 <= 5 && (v1 - v3) >= 0 && v2 * 2 - v1 - v3 == 0 && v2 + 5 >= 0 && v2 <= 5;
    */
    
void foo143(int v1, int v2, int v3) {

    int x1;
    int x2;
    int x3;
    int t;

    x1 = 100;
    x2 = 75;
    x3 = -50;
    t = 0;


    
            /*@
          loop invariant (\at(v2,Pre) + 5 >= 0 && \at(v2,Pre) <= 5) ==> (v1 + v3 + 2*t - 2*v2 >= 0);
          loop invariant (\at(v2,Pre) + 5 >= 0 && \at(v2,Pre) <= 5) ==> (x1 == 100 + v1 * t);
          loop invariant (\at(v2,Pre) + 5 >= 0 && \at(v2,Pre) <= 5) ==> (x3 == -50 + v3 * t);
          loop invariant (\at(v2,Pre) + 5 >= 0 && \at(v2,Pre) <= 5) ==> (t >= 0);
          loop invariant (!(\at(v2,Pre) + 5 >= 0 && \at(v2,Pre) <= 5)) ==> ((t == 0)&&(x3 == -50)&&(x2 == 75)&&(x1 == 100)&&(v3 == \at(v3,Pre))&&(v2 == \at(v2,Pre))&&(v1 == \at(v1,Pre)));
          loop invariant v3 == \at(v3,Pre);
          loop invariant v1 == \at(v1,Pre);
          loop assigns x1, x2, x3, t, v2;
            */
            while(v2 + 5 >= 0 && v2 <= 5){
       x1 = x1 + v1;
       x3 = x3 + v3;
       x2 = x2 + v2;
       if(x2 * 2 - x1 - x3 >= 0){
       v2 = v2 - 1;
      }
       else if(x2 * 2 - x1 - x3 <= 0){
       v2 = v2 + 1;
      }
       t = t + 1;
      }
            

    /*@ assert v1 + v3 + t * 2 - v2 * 2 >= 0; */

  }

2025-12-27 18:47:58,731 - INFO  - ACSL format loop invariant
2025-12-27 18:47:58,731 - INFO  - /*@
          loop invariant (\at(v2,Pre) + 5 >= 0 && \at(v2,Pre) <= 5) ==> (v1 + v3 + 2*t - 2*v2 >= 0);
          loop invariant (\at(v2,Pre) + 5 >= 0 && \at(v2,Pre) <= 5) ==> (x1 == 100 + v1 * t);
          loop invariant (\at(v2,Pre) + 5 >= 0 && \at(v2,Pre) <= 5) ==> (x3 == -50 + v3 * t);
          loop invariant (\at(v2,Pre) + 5 >= 0 && \at(v2,Pre) <= 5) ==> (t >= 0);
          loop invariant (!(\at(v2,Pre) + 5 >= 0 && \at(v2,Pre) <= 5)) ==> ((t == 0)&&(x3 == -50)&&(x2 == 75)&&(x1 == 100)&&(v3 == \at(v3,Pre))&&(v2 == \at(v2,Pre))&&(v1 == \at(v1,Pre)));
          loop invariant v3 == \at(v3,Pre);
          loop invariant v1 == \at(v1,Pre);
          loop assigns x1, x2, x3, t, v2;
            */
            while(v2 + 5 >= 0 && v2 <= 5){
       x1 = x1 + v1;
       x3 = x3 + v3;
       x2 = x2 + v2;
       if(x2 * 2 - x1 - x3 >= 0){
       v2 = v2 - 1;
      }
       else if(x2 * 2 - x1 - x3 <= 0){
       v2 = v2 + 1;
      }
       t = t + 1;
      }
2025-12-27 18:47:58,732 - INFO  - VST format loop invariant
2025-12-27 18:47:58,732 - INFO  - /*@ Inv
    ((v2@pre + 5 >= 0 && v2@pre <= 5) => (v1 + v3 + 2*t - 2*v2 >= 0)) &&
((v2@pre + 5 >= 0 && v2@pre <= 5) => (x1 == 100 + v1 * t)) &&
((v2@pre + 5 >= 0 && v2@pre <= 5) => (x3 == -50 + v3 * t)) &&
((v2@pre + 5 >= 0 && v2@pre <= 5) => (t >= 0)) &&
((!(v2@pre + 5 >= 0 && v2@pre <= 5)) => ((t == 0)&&(x3 == -50)&&(x2 == 75)&&(x1 == 100)&&(v3 == v3@pre)&&(v2 == v2@pre)&&(v1 == v1@pre))) &&
(v3 == v3@pre) &&
(v1 == v1@pre
          loop assigns x1, x2, x3, t, v2)
    */
    
            while(v2 + 5 >= 0 && v2 <= 5){
       x1 = x1 + v1;
       x3 = x3 + v3;
       x2 = x2 + v2;
       if(x2 * 2 - x1 - x3 >= 0){
       v2 = v2 - 1;
      }
       else if(x2 * 2 - x1 - x3 <= 0){
       v2 = v2 + 1;
      }
       t = t + 1;
      }
2025-12-27 18:47:58,733 - INFO  - PARTIAL CORRECT INVARIANT
2025-12-27 18:47:58,733 - INFO  - continue symbolic execution
2025-12-27 18:47:58,733 - INFO  - 
/*@
    requires v3 >= 0 && v1 <= 5 && (v1 - v3) >= 0 && v2 * 2 - v1 - v3 == 0 && v2 + 5 >= 0 && v2 <= 5;
    */
    
void foo143(int v1, int v2, int v3) {

    int x1;
    int x2;
    int x3;
    int t;

    x1 = 100;
    x2 = 75;
    x3 = -50;
    t = 0;


    
            /*@
          loop invariant (\at(v2,Pre) + 5 >= 0 && \at(v2,Pre) <= 5) ==> (v1 + v3 + 2*t - 2*v2 >= 0);
          loop invariant (\at(v2,Pre) + 5 >= 0 && \at(v2,Pre) <= 5) ==> (x1 == 100 + v1 * t);
          loop invariant (\at(v2,Pre) + 5 >= 0 && \at(v2,Pre) <= 5) ==> (x3 == -50 + v3 * t);
          loop invariant (\at(v2,Pre) + 5 >= 0 && \at(v2,Pre) <= 5) ==> (t >= 0);
          loop invariant (!(\at(v2,Pre) + 5 >= 0 && \at(v2,Pre) <= 5)) ==> ((t == 0)&&(x3 == -50)&&(x2 == 75)&&(x1 == 100)&&(v3 == \at(v3,Pre))&&(v2 == \at(v2,Pre))&&(v1 == \at(v1,Pre)));
          loop invariant v3 == \at(v3,Pre);
          loop invariant v1 == \at(v1,Pre);
          loop assigns x1, x2, x3, t, v2;
            */
            while(v2 + 5 >= 0 && v2 <= 5){
       x1 = x1 + v1;
       x3 = x3 + v3;
       x2 = x2 + v2;
       if(x2 * 2 - x1 - x3 >= 0){
       v2 = v2 - 1;
      }
       else if(x2 * 2 - x1 - x3 <= 0){
       v2 = v2 + 1;
      }
       t = t + 1;
      }
            

    /*@ assert v1 + v3 + t * 2 - v2 * 2 >= 0; */

  }

2025-12-27 18:48:00,247 - INFO  - syntax Correct
2025-12-27 18:48:01,770 - INFO  - Validate:
2025-12-27 18:48:01,771 - INFO  - [True, True, True, True, True, True, True]
2025-12-27 18:48:01,771 - INFO  - 
2025-12-27 18:48:01,771 - INFO  - Verify:
2025-12-27 18:48:01,771 - INFO  - [True]
2025-12-27 18:48:01,771 - INFO  - 
2025-12-27 18:48:01,772 - INFO  - CORRECT INVARIANT
2025-12-27 18:48:04,755 - INFO  - ==================================================
2025-12-27 18:48:04,755 - INFO  - first_pass:
2025-12-27 18:48:04,755 - INFO  - syntax=1, valid=1,satisfy=1
2025-12-27 18:48:04,756 - INFO  - ==================================================
2025-12-27 18:48:04,756 - INFO  - foo143.c after loop invariant generation: 

/*@
    requires v3 >= 0 && v1 <= 5 && (v1 - v3) >= 0 && v2 * 2 - v1 - v3 == 0 && v2 + 5 >= 0 && v2 <= 5;
    */
    
void foo143(int v1, int v2, int v3) {

    int x1;
    int x2;
    int x3;
    int t;

    x1 = 100;
    x2 = 75;
    x3 = -50;
    t = 0;


    
            /*@
          loop invariant (\at(v2,Pre) + 5 >= 0 && \at(v2,Pre) <= 5) ==> (v1 + v3 + 2*t - 2*v2 >= 0);
          loop invariant (\at(v2,Pre) + 5 >= 0 && \at(v2,Pre) <= 5) ==> (x1 == 100 + v1 * t);
          loop invariant (\at(v2,Pre) + 5 >= 0 && \at(v2,Pre) <= 5) ==> (x3 == -50 + v3 * t);
          loop invariant (\at(v2,Pre) + 5 >= 0 && \at(v2,Pre) <= 5) ==> (t >= 0);
          loop invariant (!(\at(v2,Pre) + 5 >= 0 && \at(v2,Pre) <= 5)) ==> ((t == 0)&&(x3 == -50)&&(x2 == 75)&&(x1 == 100)&&(v3 == \at(v3,Pre))&&(v2 == \at(v2,Pre))&&(v1 == \at(v1,Pre)));
          loop invariant v3 == \at(v3,Pre);
          loop invariant v1 == \at(v1,Pre);
          loop assigns x1, x2, x3, t, v2;
            */
            while(v2 + 5 >= 0 && v2 <= 5){
       x1 = x1 + v1;
       x3 = x3 + v3;
       x2 = x2 + v2;
       if(x2 * 2 - x1 - x3 >= 0){
       v2 = v2 - 1;
      }
       else if(x2 * 2 - x1 - x3 <= 0){
       v2 = v2 + 1;
      }
       t = t + 1;
      }
            

    /*@ assert v1 + v3 + t * 2 - v2 * 2 >= 0; */

  }

2025-12-27 18:48:05,027 - INFO  - ==================================================
2025-12-27 18:48:05,029 - INFO  - ⏰ OVERALL EXECUTION TIME STATISTICS
2025-12-27 18:48:05,029 - INFO  - Total execution time: 224.92 seconds (3.75 minutes)
2025-12-27 18:48:05,029 - INFO  - ==================================================
2025-12-27 18:48:05,029 - INFO  - ==================================================
2025-12-27 18:48:05,030 - INFO  - 📊 TOKEN USAGE STATISTICS
2025-12-27 18:48:05,030 - INFO  - Total API calls: 19
2025-12-27 18:48:05,030 - INFO  - Total prompt tokens (input): 144,481
2025-12-27 18:48:05,030 - INFO  - Total completion tokens (output): 12,244
2025-12-27 18:48:05,030 - INFO  - Total tokens: 156,725
2025-12-27 18:48:05,030 - INFO  - Average prompt tokens per call: 7604.3
2025-12-27 18:48:05,030 - INFO  - Average completion tokens per call: 644.4
2025-12-27 18:48:05,030 - INFO  - Average total tokens per call: 8248.7
2025-12-27 18:48:05,031 - INFO  - ==================================================
