2025-12-27 12:43:42,451 - INFO  - 
🚀 Starting generation of function: foo126
2025-12-27 12:43:42,452 - INFO  - 
FUNCTION INITIALIZATION
2025-12-27 12:43:42,452 - INFO  - ==================================================

2025-12-27 12:43:42,938 - INFO  - Initial pending functions: ['foo126']
2025-12-27 12:43:42,938 - INFO  - 
GENERATE ANNOTATION FOR foo126
2025-12-27 12:43:42,939 - INFO  - ==================================================

2025-12-27 12:43:42,939 - INFO  - Function foo126 has been initialized
2025-12-27 12:43:42,982 - INFO  - Content of ACSL foo126.c file to be inserted into template: 


void foo126(int x, int y,int z1,int z2,int z3) {

    int i = x;
    int j = y;
    
    
    while (x != 0) {
  
      x  = x - 1;
      y  = y - 1;
  
    }
  
    /*@ assert (i == j) ==> (y == 0); */
  
  }
2025-12-27 12:43:42,983 - INFO  - Content of pre-annotated foo126.c file: 

    #include "../verification_stdlib.h"
    #include "../verification_list.h"
    #include "../int_array_def.h"

    /*@ Extern Coq (Result: Assertion) */
    /*@ Extern Coq (Results: Z -> Assertion) */

        

void foo126(int x, int y,int z1,int z2,int z3) 

            /*@
            Require emp
            Ensure Results(__return)
            */
            {

    int i = x;
    int j = y;
    
    
    while (x != 0) {
  
      x  = x - 1;
      y  = y - 1;
  
    }
  
    
  
  }
2025-12-27 12:43:42,984 - INFO  - 
GENERATE LOOP INVARIANT FOR foo126
2025-12-27 12:43:42,984 - INFO  - ==================================================

2025-12-27 12:43:43,049 - INFO  - file_name: foo126
2025-12-27 12:43:43,138 - DEBUG  - INNER_FLAG: False
2025-12-27 12:43:43,139 - INFO  - Variable Maps:[{'j': 'y@pre', 'i': 'x@pre', 'z3': 'z3@pre', 'z2': 'z2@pre', 'z1': 'z1@pre', 'y': 'y@pre', 'x': 'x@pre'}]
2025-12-27 12:43:43,139 - INFO  - Path conditions: [None]
2025-12-27 12:43:43,140 - INFO  - Pre condition: (j == y@pre) * (i == x@pre) * (z3 == z3@pre) * (z2 == z2@pre) * (z1 == z1@pre) * (y == y@pre) * (x == x@pre)
2025-12-27 12:43:43,140 - INFO  - Loop Condition: x != 0
2025-12-27 12:43:43,140 - INFO  - Array Names: []
2025-12-27 12:43:43,141 - INFO  - Updated Loop Conditions: ['x@pre != 0']
2025-12-27 12:43:43,141 - INFO  - Global Unchanged Variables: ['j', 'i', 'z3', 'z2', 'z1']
2025-12-27 12:43:43,141 - INFO  - Non Inductive Variables: []
2025-12-27 12:43:43,141 - INFO  - Unchanged Arrays (Read-only): []
2025-12-27 12:43:43,142 - INFO  - after assignments
2025-12-27 12:43:43,142 - INFO  - 
            
        /* >>> LOOP INVARIANT TO FILL <<< */
        
            /*@
            */
            while (x != 0) {
  
      x  = x - 1;
      y  = y - 1;
  
    }
            
2025-12-27 12:44:12,982 - INFO  - think in natural language: ### Loop Verification Analysis

#### a. Loop Purpose and Structure
- **Purpose**: The loop decrements both `x` and `y` by 1 in each iteration until `x` becomes 0. The intended outcome is to reduce `x` to 0 while maintaining some relationship between `x` and `y`.
- **Structure**:
  - **Governing Condition**: `while (x != 0)`
  - **Operations in Body**: 
    - `x = x - 1;`
    - `y = y - 1;`
  - **Relevant Variables**: `x`, `y`, `i` (initial value of `x`), `j` (initial value of `y`).

#### b. Sample and Analyze Variable Values
- **Pre-Loop Sampling**:
  - `x = x0`, `y = y0`, `i = x0`, `j = y0`.
- **Post-Iteration Sampling**:
  1. After 1st iteration: `x = x0 - 1`, `y = y0 - 1`
  2. After 2nd iteration: `x = x0 - 2`, `y = y0 - 2`
  3. After 3rd iteration: `x = x0 - 3`, `y = y0 - 3`
  4. After 4th iteration: `x = x0 - 4`, `y = y0 - 4`
  5. After 5th iteration: `x = x0 - 5`, `y = y0 - 5`
- **Post-Loop Sampling**: When `x = 0`, `y = y0 - x0`.

#### c. Verification Goal Analysis
- **Verification Goal (Post-condition)**: `(i == j) ==> (y == 0)`
- **Analysis**:
  - The post-condition cannot directly serve as a loop invariant because it is only true at termination, not during iterations. For example, during iterations, `y` is not necessarily 0 unless `i == j`.
  - **Modified Invariant**: `(i == j) ==> (x == y)`
    - **Establishment**: Before the loop, `x = i` and `y = j`, so if `i == j`, then `x == y`.
    - **Preservation**: If `x == y` at the start of an iteration and `x != 0`, then after `x = x - 1` and `y = y - 1`, `x == y` still holds.
    - **Termination**: When the loop terminates, `x = 0`, so if `x == y`, then `y = 0`.

#### d. Loop Invariant Discussion
- **Proposed Invariant**: `(i == j) ==> (x == y)`
- **Explanation**:
  - The invariant captures the relationship between `x` and `y` given that `i == j`. It ensures that if `i` and `j` are equal initially, then `x` and `y` remain equal throughout the loop's execution.
  - This is valid because both `x` and `y` are decremented by the same amount in each iteration, preserving their equality if they were equal initially.

#### e. Establishment
- **Pre-condition**: `i = x`, `j = y`.
- **Invariant Holds Initially**: If `i == j`, then `x == y` because `i = x` and `j = y`. Thus, the invariant `(i == j) ==> (x == y)` is true before the loop starts.

#### f. Preservation
- **Assumption**: At the start of an iteration, the invariant holds (`(i == j) ==> (x == y)`) and the loop condition is true (`x != 0`).
- **After Iteration**: Both `x` and `y` are decremented by 1. If `x == y` before the iteration, then `x - 1 == y - 1` after the iteration. Thus, the invariant `(i == j) ==> (x == y)` is preserved.

#### g. Termination Analysis
- **Termination Condition**: `x == 0`.
- **State at Termination**: 
  - If `i == j`, then by the invariant, `x == y` throughout the loop. At termination, `x = 0`, so `y = 0`.
  - If `i != j`, the invariant does not constrain `y`, so `y` can be any value.

#### h. Post-condition Correctness
- **Post-condition**: `(i == j) ==> (y == 0)`
- **Evaluation**: The post-condition is correct. 
  - **Reasoning**: By the invariant, if `i == j`, then `x == y` throughout the loop. At termination, `x = 0`, so `y = 0`. Thus, the post-condition holds.
  - The invariant combined with the negation of the loop condition (`x == 0`) implies that if `i == j`, then `y == 0`.
2025-12-27 12:44:12,983 - INFO  - after const
2025-12-27 12:44:12,983 - INFO  - 
            
        /* >>> LOOP INVARIANT TO FILL <<< */
        
            /*@
          loop invariant j == \at(y,Pre);
          loop invariant i == \at(x,Pre);
          loop invariant z3 == \at(z3,Pre);
          loop invariant z2 == \at(z2,Pre);
          loop invariant z1 == \at(z1,Pre);
            */
            while (x != 0) {
  
      x  = x - 1;
      y  = y - 1;
  
    }
            
2025-12-27 12:44:12,984 - INFO  - after not in
2025-12-27 12:44:12,984 - INFO  - 
            
        /* >>> LOOP INVARIANT TO FILL <<< */
        
            /*@
          loop invariant (!(\at(x,Pre) != 0)) ==> ((j == \at(y,Pre))&&(i == \at(x,Pre))&&(z3 == \at(z3,Pre))&&(z2 == \at(z2,Pre))&&(z1 == \at(z1,Pre))&&(y == \at(y,Pre))&&(x == \at(x,Pre)));
          loop invariant j == \at(y,Pre);
          loop invariant i == \at(x,Pre);
          loop invariant z3 == \at(z3,Pre);
          loop invariant z2 == \at(z2,Pre);
          loop invariant z1 == \at(z1,Pre);
            */
            while (x != 0) {
  
      x  = x - 1;
      y  = y - 1;
  
    }
            
2025-12-27 12:44:12,984 - INFO  - after vars
2025-12-27 12:44:12,984 - INFO  - 
            
        /* >>> LOOP INVARIANT TO FILL <<< */
        
            /*@
          loop invariant (\at(x,Pre) != 0) ==> (PLACE_HOLDER_x) ;
          loop invariant (\at(x,Pre) != 0) ==> (PLACE_HOLDER_y) ;
          loop invariant (!(\at(x,Pre) != 0)) ==> ((j == \at(y,Pre))&&(i == \at(x,Pre))&&(z3 == \at(z3,Pre))&&(z2 == \at(z2,Pre))&&(z1 == \at(z1,Pre))&&(y == \at(y,Pre))&&(x == \at(x,Pre)));
          loop invariant j == \at(y,Pre);
          loop invariant i == \at(x,Pre);
          loop invariant z3 == \at(z3,Pre);
          loop invariant z2 == \at(z2,Pre);
          loop invariant z1 == \at(z1,Pre);
            */
            while (x != 0) {
  
      x  = x - 1;
      y  = y - 1;
  
    }
            
2025-12-27 12:44:12,985 - INFO  - after verification goal
2025-12-27 12:44:12,985 - INFO  - 
            
        /* >>> LOOP INVARIANT TO FILL <<< */
        
            /*@
          loop invariant (\at(x,Pre) != 0) ==> (PLACE_HOLDER_VERFICATION_GOAL);
          loop invariant (\at(x,Pre) != 0) ==> (PLACE_HOLDER_x) ;
          loop invariant (\at(x,Pre) != 0) ==> (PLACE_HOLDER_y) ;
          loop invariant (!(\at(x,Pre) != 0)) ==> ((j == \at(y,Pre))&&(i == \at(x,Pre))&&(z3 == \at(z3,Pre))&&(z2 == \at(z2,Pre))&&(z1 == \at(z1,Pre))&&(y == \at(y,Pre))&&(x == \at(x,Pre)));
          loop invariant j == \at(y,Pre);
          loop invariant i == \at(x,Pre);
          loop invariant z3 == \at(z3,Pre);
          loop invariant z2 == \at(z2,Pre);
          loop invariant z1 == \at(z1,Pre);
            */
            while (x != 0) {
  
      x  = x - 1;
      y  = y - 1;
  
    }
            
2025-12-27 12:44:12,995 - INFO  - Content of loop template: 

void foo126(int x, int y,int z1,int z2,int z3) {

    int i = x;
    int j = y;
    
    
    
            
        /* >>> LOOP INVARIANT TO FILL <<< */
        
            /*@
          PLACE_HOLDER_LOOP
            */
            while (x != 0) {
  
      x  = x - 1;
      y  = y - 1;
  
    }
            
  
    /*@ assert (i == j) ==> (y == 0); */
  
  }
2025-12-27 12:44:13,001 - INFO  - Content of loop template: 

void foo126(int x, int y,int z1,int z2,int z3) {

    int i = x;
    int j = y;
    
    
    
            
        /* >>> LOOP INVARIANT TO FILL <<< */
        
            /*@
          loop invariant (\at(x,Pre) != 0) ==> (PLACE_HOLDER_x) ;
          loop invariant (\at(x,Pre) != 0) ==> (PLACE_HOLDER_y) ;
          loop invariant (!(\at(x,Pre) != 0)) ==> ((j == \at(y,Pre))&&(i == \at(x,Pre))&&(z3 == \at(z3,Pre))&&(z2 == \at(z2,Pre))&&(z1 == \at(z1,Pre))&&(y == \at(y,Pre))&&(x == \at(x,Pre)));
          loop invariant j == \at(y,Pre);
          loop invariant i == \at(x,Pre);
          loop invariant z3 == \at(z3,Pre);
          loop invariant z2 == \at(z2,Pre);
          loop invariant z1 == \at(z1,Pre);
            */
            while (x != 0) {
  
      x  = x - 1;
      y  = y - 1;
  
    }
            
  
    /*@ assert (i == j) ==> (y == 0); */
  
  }
2025-12-27 12:44:13,008 - INFO  - Content of loop template: 

void foo126(int x, int y,int z1,int z2,int z3) {

    int i = x;
    int j = y;
    
    
    
            
        /* >>> LOOP INVARIANT TO FILL <<< */
        
            /*@
          loop invariant (\at(x,Pre) != 0) ==> (PLACE_HOLDER_VERFICATION_GOAL);
          loop invariant (\at(x,Pre) != 0) ==> (PLACE_HOLDER_x) ;
          loop invariant (\at(x,Pre) != 0) ==> (PLACE_HOLDER_y) ;
          loop invariant (!(\at(x,Pre) != 0)) ==> ((j == \at(y,Pre))&&(i == \at(x,Pre))&&(z3 == \at(z3,Pre))&&(z2 == \at(z2,Pre))&&(z1 == \at(z1,Pre))&&(y == \at(y,Pre))&&(x == \at(x,Pre)));
          loop invariant j == \at(y,Pre);
          loop invariant i == \at(x,Pre);
          loop invariant z3 == \at(z3,Pre);
          loop invariant z2 == \at(z2,Pre);
          loop invariant z1 == \at(z1,Pre);
            */
            while (x != 0) {
  
      x  = x - 1;
      y  = y - 1;
  
    }
            
  
    /*@ assert (i == j) ==> (y == 0); */
  
  }
2025-12-27 12:44:13,008 - DEBUG  - user_prompt_traival
2025-12-27 12:44:13,008 - DEBUG  - ### Role: ###
You are a helpful AI software assistant specializing in reasoning about code behavior. Your task is to analyze C programs and identify loop invariants that can be used to verify program properties using Frama-C.

### Task: ###
Given a C program with a loop, generate the necessary loop invariants in ACSL (ANSI/ISO C Specification Language) annotations. These invariants will help Frama-C verify the post-condition of the program.



Inputs:
- The pre-condition before the loop begins execution.
- A full C loop program with invariant annotations containing `PLACE_HOLDER` that need to be filled.

### Output: ###
Provide the complete C code with the loop invariant and other relevant ACSL annotations, where all placeholders are correctly filled in ```c ```.

### Rules: ###
- If you break any of these rules, my family will disown me.
- Do not modify any existing annotations or add new annotations. You are only allowed to replace the placeholders `PLACE_HOLDER` before loop.
- Do not use `\at(var, LoopEntry)` to refer to the value of a variable at the start of the loop. Instead, use the value specified in the pre-condition.
- Do not generate loop variant.
- Only use keywords and constructs supported in ACSL annotations for loops.
- Do not generate any natural language explanations after ACSL annotations.
- When `unknown()` used as the loop condition, the number of loop iterations can be any non-negative integer, and the invariant must hold for all cases.
- You are only allowed to fill `PLACE_HOLDER` for `loop invariant` and `loop assigns`, do not generate any `requires` or `ensures` or `loop variant`.





Consider the following C loop:

Pre-condition: `(j == \at(y,Pre)) * (i == \at(x,Pre)) * (z3 == \at(z3,Pre)) * (z2 == \at(z2,Pre)) * (z1 == \at(z1,Pre)) * (y == \at(y,Pre)) * (x == \at(x,Pre))`

Loop program: `

void foo126(int x, int y,int z1,int z2,int z3) {

    int i = x;
    int j = y;
    
    
    
            
        /* >>> LOOP INVARIANT TO FILL <<< */
        
            /*@
          PLACE_HOLDER_LOOP
            */
            while (x != 0) {
  
      x  = x - 1;
      y  = y - 1;
  
    }
            
  
    /*@ assert (i == j) ==> (y == 0); */
  
  }`



2025-12-27 12:44:13,008 - DEBUG  - user_prompt_template
2025-12-27 12:44:13,009 - DEBUG  - ### Role: ###
You are a helpful AI software assistant specializing in reasoning about code behavior. Your task is to analyze C programs and identify loop invariants that can be used to verify program properties using Frama-C.

### Task: ###
Given a C program with a loop, generate the necessary loop invariants in ACSL (ANSI/ISO C Specification Language) annotations. These invariants will help Frama-C verify the post-condition of the program.



Inputs:
- The pre-condition before the loop begins execution.
- A full C loop program with invariant annotations containing `PLACE_HOLDER` that need to be filled.

### Output: ###
Provide the complete C code with the loop invariant and other relevant ACSL annotations, where all placeholders are correctly filled in ```c ```.

### Rules: ###
- If you break any of these rules, my family will disown me.
- Do not modify any existing annotations or add new annotations. You are only allowed to replace the placeholders `PLACE_HOLDER` before loop.
- Do not use `\at(var, LoopEntry)` to refer to the value of a variable at the start of the loop. Instead, use the value specified in the pre-condition.
- Do not generate loop variant.
- Only use keywords and constructs supported in ACSL annotations for loops.
- Do not generate any natural language explanations after ACSL annotations.
- When `unknown()` used as the loop condition, the number of loop iterations can be any non-negative integer, and the invariant must hold for all cases.
- You are only allowed to fill `PLACE_HOLDER` for `loop invariant` and `loop assigns`, do not generate any `requires` or `ensures` or `loop variant`.

- Generate loop invariants with equality constraints as comprehensively as possible.



Consider the following C loop:

Pre-condition: `(j == \at(y,Pre)) * (i == \at(x,Pre)) * (z3 == \at(z3,Pre)) * (z2 == \at(z2,Pre)) * (z1 == \at(z1,Pre)) * (y == \at(y,Pre)) * (x == \at(x,Pre))`

Loop program: `

void foo126(int x, int y,int z1,int z2,int z3) {

    int i = x;
    int j = y;
    
    
    
            
        /* >>> LOOP INVARIANT TO FILL <<< */
        
            /*@
          loop invariant (\at(x,Pre) != 0) ==> (PLACE_HOLDER_x) ;
          loop invariant (\at(x,Pre) != 0) ==> (PLACE_HOLDER_y) ;
          loop invariant (!(\at(x,Pre) != 0)) ==> ((j == \at(y,Pre))&&(i == \at(x,Pre))&&(z3 == \at(z3,Pre))&&(z2 == \at(z2,Pre))&&(z1 == \at(z1,Pre))&&(y == \at(y,Pre))&&(x == \at(x,Pre)));
          loop invariant j == \at(y,Pre);
          loop invariant i == \at(x,Pre);
          loop invariant z3 == \at(z3,Pre);
          loop invariant z2 == \at(z2,Pre);
          loop invariant z1 == \at(z1,Pre);
            */
            while (x != 0) {
  
      x  = x - 1;
      y  = y - 1;
  
    }
            
  
    /*@ assert (i == j) ==> (y == 0); */
  
  }`



2025-12-27 12:44:13,009 - DEBUG  - user_prompt_verification
2025-12-27 12:44:13,009 - DEBUG  - ### Role: ###
You are a helpful AI software assistant specializing in reasoning about code behavior. Your task is to analyze C programs and identify loop invariants that can be used to verify program properties using Frama-C.

### Task: ###
Given a C program with a loop, generate the necessary loop invariants in ACSL (ANSI/ISO C Specification Language) annotations. These invariants will help Frama-C verify the post-condition of the program.



Inputs:
- The pre-condition before the loop begins execution.
- A full C loop program with invariant annotations containing `PLACE_HOLDER` that need to be filled.

### Output: ###
Provide the complete C code with the loop invariant and other relevant ACSL annotations, where all placeholders are correctly filled in ```c ```.

### Rules: ###
- If you break any of these rules, my family will disown me.
- Do not modify any existing annotations or add new annotations. You are only allowed to replace the placeholders `PLACE_HOLDER` before loop.
- Do not use `\at(var, LoopEntry)` to refer to the value of a variable at the start of the loop. Instead, use the value specified in the pre-condition.
- Do not generate loop variant.
- Only use keywords and constructs supported in ACSL annotations for loops.
- Do not generate any natural language explanations after ACSL annotations.
- When `unknown()` used as the loop condition, the number of loop iterations can be any non-negative integer, and the invariant must hold for all cases.
- You are only allowed to fill `PLACE_HOLDER` for `loop invariant` and `loop assigns`, do not generate any `requires` or `ensures` or `loop variant`.

- Generate loop invariants with equality constraints as comprehensively as possible.
- Please first try to directly use the verification goal as the loop invariant at `PLACE_HOLDER_VERFICATION_GOAL`. Often, the verification goal (assertion) also holds throughout the loop; in that case, it can be used directly as the invariant.


Consider the following C loop:

Pre-condition: `(j == \at(y,Pre)) * (i == \at(x,Pre)) * (z3 == \at(z3,Pre)) * (z2 == \at(z2,Pre)) * (z1 == \at(z1,Pre)) * (y == \at(y,Pre)) * (x == \at(x,Pre))`

Loop program: `

void foo126(int x, int y,int z1,int z2,int z3) {

    int i = x;
    int j = y;
    
    
    
            
        /* >>> LOOP INVARIANT TO FILL <<< */
        
            /*@
          loop invariant (\at(x,Pre) != 0) ==> (PLACE_HOLDER_VERFICATION_GOAL);
          loop invariant (\at(x,Pre) != 0) ==> (PLACE_HOLDER_x) ;
          loop invariant (\at(x,Pre) != 0) ==> (PLACE_HOLDER_y) ;
          loop invariant (!(\at(x,Pre) != 0)) ==> ((j == \at(y,Pre))&&(i == \at(x,Pre))&&(z3 == \at(z3,Pre))&&(z2 == \at(z2,Pre))&&(z1 == \at(z1,Pre))&&(y == \at(y,Pre))&&(x == \at(x,Pre)));
          loop invariant j == \at(y,Pre);
          loop invariant i == \at(x,Pre);
          loop invariant z3 == \at(z3,Pre);
          loop invariant z2 == \at(z2,Pre);
          loop invariant z1 == \at(z1,Pre);
            */
            while (x != 0) {
  
      x  = x - 1;
      y  = y - 1;
  
    }
            
  
    /*@ assert (i == j) ==> (y == 0); */
  
  }`



2025-12-27 12:44:17,441 - DEBUG  - invgen reasoning
2025-12-27 12:44:17,442 - DEBUG  - ```c
void foo126(int x, int y, int z1, int z2, int z3) {
    int i = x;
    int j = y;
    
    /*@
      loop invariant (i == j) ==> (x == y);
      loop assigns x, y;
    */
    while (x != 0) {
        x = x - 1;
        y = y - 1;
    }
  
    /*@ assert (i == j) ==> (y == 0); */
}
```
2025-12-27 12:44:32,947 - DEBUG  - invgen reasoning
2025-12-27 12:44:32,947 - DEBUG  - ```c
void foo126(int x, int y, int z1, int z2, int z3) {
    int i = x;
    int j = y;
    
    /*@
      loop invariant (\at(x,Pre) != 0) ==> (x == \at(x,Pre) - (\at(x,Pre) - x));
      loop invariant (\at(x,Pre) != 0) ==> (y == \at(y,Pre) - (\at(x,Pre) - x));
      loop invariant (!(\at(x,Pre) != 0)) ==> ((j == \at(y,Pre))&&(i == \at(x,Pre))&&(z3 == \at(z3,Pre))&&(z2 == \at(z2,Pre))&&(z1 == \at(z1,Pre))&&(y == \at(y,Pre))&&(x == \at(x,Pre)));
      loop invariant j == \at(y,Pre);
      loop invariant i == \at(x,Pre);
      loop invariant z3 == \at(z3,Pre);
      loop invariant z2 == \at(z2,Pre);
      loop invariant z1 == \at(z1,Pre);
      loop assigns x, y;
    */
    while (x != 0) {
        x = x - 1;
        y = y - 1;
    }
  
    /*@ assert (i == j) ==> (y == 0); */
}
```
2025-12-27 12:44:44,770 - DEBUG  - invgen reasoning
2025-12-27 12:44:44,770 - DEBUG  - ```c
void foo126(int x, int y, int z1, int z2, int z3) {
    int i = x;
    int j = y;
    
    /*@
      loop invariant (\at(x,Pre) != 0) ==> ((i == j) ==> (x == y));
      loop invariant (\at(x,Pre) != 0) ==> (x == \at(x,Pre) - (\at(x,Pre) - x));
      loop invariant (\at(x,Pre) != 0) ==> (y == \at(y,Pre) - (\at(x,Pre) - x));
      loop invariant (!(\at(x,Pre) != 0)) ==> ((j == \at(y,Pre))&&(i == \at(x,Pre))&&(z3 == \at(z3,Pre))&&(z2 == \at(z2,Pre))&&(z1 == \at(z1,Pre))&&(y == \at(y,Pre))&&(x == \at(x,Pre)));
      loop invariant j == \at(y,Pre);
      loop invariant i == \at(x,Pre);
      loop invariant z3 == \at(z3,Pre);
      loop invariant z2 == \at(z2,Pre);
      loop invariant z1 == \at(z1,Pre);
      loop assigns x, y;
    */
    while (x != 0) {
        x = x - 1;
        y = y - 1;
    }
  
    /*@ assert (i == j) ==> (y == 0); */
}
```
2025-12-27 12:44:44,773 - INFO  - candidated loop invariant
2025-12-27 12:44:44,774 - INFO  - 
void foo126(int x, int y, int z1, int z2, int z3) {
    int i = x;
    int j = y;
    
    /*@
      loop invariant (\at(x,Pre) != 0) ==> (x == \at(x,Pre) - (\at(x,Pre) - x));
      loop invariant (\at(x,Pre) != 0) ==> (y == \at(y,Pre) - (\at(x,Pre) - x));
      loop invariant (!(\at(x,Pre) != 0)) ==> ((j == \at(y,Pre))&&(i == \at(x,Pre))&&(z3 == \at(z3,Pre))&&(z2 == \at(z2,Pre))&&(z1 == \at(z1,Pre))&&(y == \at(y,Pre))&&(x == \at(x,Pre)));
      loop invariant j == \at(y,Pre);
      loop invariant i == \at(x,Pre);
      loop invariant z3 == \at(z3,Pre);
      loop invariant z2 == \at(z2,Pre);
      loop invariant z1 == \at(z1,Pre);
      loop assigns x, y;
    */
    while (x != 0) {
        x = x - 1;
        y = y - 1;
    }
  
    /*@ assert (i == j) ==> (y == 0); */
}

2025-12-27 12:44:45,914 - INFO  - syntax Correct
2025-12-27 12:44:47,188 - INFO  - Validate:
2025-12-27 12:44:47,189 - INFO  - [True, True, True, True, True, True, True, True]
2025-12-27 12:44:47,189 - INFO  - 
2025-12-27 12:44:47,189 - INFO  - Verify:
2025-12-27 12:44:47,189 - INFO  - [True]
2025-12-27 12:44:47,189 - INFO  - 
2025-12-27 12:44:47,189 - INFO  - loop invariant annotated
2025-12-27 12:44:47,190 - INFO  - 
void foo126(int x, int y, int z1, int z2, int z3) {
    int i = x;
    int j = y;
    
    /*@
      loop invariant (\at(x,Pre) != 0) ==> (x == \at(x,Pre) - (\at(x,Pre) - x));
      loop invariant (\at(x,Pre) != 0) ==> (y == \at(y,Pre) - (\at(x,Pre) - x));
      loop invariant (!(\at(x,Pre) != 0)) ==> ((j == \at(y,Pre))&&(i == \at(x,Pre))&&(z3 == \at(z3,Pre))&&(z2 == \at(z2,Pre))&&(z1 == \at(z1,Pre))&&(y == \at(y,Pre))&&(x == \at(x,Pre)));
      loop invariant j == \at(y,Pre);
      loop invariant i == \at(x,Pre);
      loop invariant z3 == \at(z3,Pre);
      loop invariant z2 == \at(z2,Pre);
      loop invariant z1 == \at(z1,Pre);
      loop assigns x, y;
    */
    while (x != 0) {
        x = x - 1;
        y = y - 1;
    }
  
    /*@ assert (i == j) ==> (y == 0); */
}

2025-12-27 12:44:49,703 - INFO  - ACSL format loop invariant
2025-12-27 12:44:49,704 - INFO  - /*@
      loop invariant (\at(x,Pre) != 0) ==> (x == \at(x,Pre) - (\at(x,Pre) - x));
      loop invariant (\at(x,Pre) != 0) ==> (y == \at(y,Pre) - (\at(x,Pre) - x));
      loop invariant (!(\at(x,Pre) != 0)) ==> ((j == \at(y,Pre))&&(i == \at(x,Pre))&&(z3 == \at(z3,Pre))&&(z2 == \at(z2,Pre))&&(z1 == \at(z1,Pre))&&(y == \at(y,Pre))&&(x == \at(x,Pre)));
      loop invariant j == \at(y,Pre);
      loop invariant i == \at(x,Pre);
      loop invariant z3 == \at(z3,Pre);
      loop invariant z2 == \at(z2,Pre);
      loop invariant z1 == \at(z1,Pre);
      loop assigns x, y;
    */
    while (x != 0) {
        x = x - 1;
        y = y - 1;
    }
2025-12-27 12:44:49,705 - INFO  - VST format loop invariant
2025-12-27 12:44:49,705 - INFO  - /*@ Inv
    ((x@pre != 0) => (x == x@pre - (x@pre - x))) &&
((x@pre != 0) => (y == y@pre - (x@pre - x))) &&
((!(x@pre != 0)) => ((j == y@pre)&&(i == x@pre)&&(z3 == z3@pre)&&(z2 == z2@pre)&&(z1 == z1@pre)&&(y == y@pre)&&(x == x@pre))) &&
(j == y@pre) &&
(i == x@pre) &&
(z3 == z3@pre) &&
(z2 == z2@pre) &&
(z1 == z1@pre
      loop assigns x, y)
    */
    
    while (x != 0) {
        x = x - 1;
        y = y - 1;
    }
2025-12-27 12:44:49,705 - INFO  - PARTIAL CORRECT INVARIANT
2025-12-27 12:44:49,706 - INFO  - continue symbolic execution
2025-12-27 12:44:49,706 - INFO  - 
void foo126(int x, int y, int z1, int z2, int z3) {
    int i = x;
    int j = y;
    
    /*@
      loop invariant (\at(x,Pre) != 0) ==> (x == \at(x,Pre) - (\at(x,Pre) - x));
      loop invariant (\at(x,Pre) != 0) ==> (y == \at(y,Pre) - (\at(x,Pre) - x));
      loop invariant (!(\at(x,Pre) != 0)) ==> ((j == \at(y,Pre))&&(i == \at(x,Pre))&&(z3 == \at(z3,Pre))&&(z2 == \at(z2,Pre))&&(z1 == \at(z1,Pre))&&(y == \at(y,Pre))&&(x == \at(x,Pre)));
      loop invariant j == \at(y,Pre);
      loop invariant i == \at(x,Pre);
      loop invariant z3 == \at(z3,Pre);
      loop invariant z2 == \at(z2,Pre);
      loop invariant z1 == \at(z1,Pre);
      loop assigns x, y;
    */
    while (x != 0) {
        x = x - 1;
        y = y - 1;
    }
  
    /*@ assert (i == j) ==> (y == 0); */
}

2025-12-27 12:44:50,917 - INFO  - syntax Correct
2025-12-27 12:44:52,226 - INFO  - Validate:
2025-12-27 12:44:52,226 - INFO  - [True, True, True, True, True, True, True, True]
2025-12-27 12:44:52,227 - INFO  - 
2025-12-27 12:44:52,227 - INFO  - Verify:
2025-12-27 12:44:52,227 - INFO  - [True]
2025-12-27 12:44:52,227 - INFO  - 
2025-12-27 12:44:52,227 - INFO  - CORRECT INVARIANT
2025-12-27 12:44:54,688 - INFO  - ==================================================
2025-12-27 12:44:54,689 - INFO  - first_pass:
2025-12-27 12:44:54,689 - INFO  - syntax=1, valid=1,satisfy=1
2025-12-27 12:44:54,689 - INFO  - ==================================================
2025-12-27 12:44:54,690 - INFO  - foo126.c after loop invariant generation: 

void foo126(int x, int y, int z1, int z2, int z3) {
    int i = x;
    int j = y;
    
    /*@
      loop invariant (\at(x,Pre) != 0) ==> (x == \at(x,Pre) - (\at(x,Pre) - x));
      loop invariant (\at(x,Pre) != 0) ==> (y == \at(y,Pre) - (\at(x,Pre) - x));
      loop invariant (!(\at(x,Pre) != 0)) ==> ((j == \at(y,Pre))&&(i == \at(x,Pre))&&(z3 == \at(z3,Pre))&&(z2 == \at(z2,Pre))&&(z1 == \at(z1,Pre))&&(y == \at(y,Pre))&&(x == \at(x,Pre)));
      loop invariant j == \at(y,Pre);
      loop invariant i == \at(x,Pre);
      loop invariant z3 == \at(z3,Pre);
      loop invariant z2 == \at(z2,Pre);
      loop invariant z1 == \at(z1,Pre);
      loop assigns x, y;
    */
    while (x != 0) {
        x = x - 1;
        y = y - 1;
    }
  
    /*@ assert (i == j) ==> (y == 0); */
}

2025-12-27 12:44:54,923 - INFO  - ==================================================
2025-12-27 12:44:54,929 - INFO  - ⏰ OVERALL EXECUTION TIME STATISTICS
2025-12-27 12:44:54,929 - INFO  - Total execution time: 72.47 seconds (1.21 minutes)
2025-12-27 12:44:54,929 - INFO  - ==================================================
2025-12-27 12:44:54,929 - INFO  - ==================================================
2025-12-27 12:44:54,929 - INFO  - 📊 TOKEN USAGE STATISTICS
2025-12-27 12:44:54,929 - INFO  - Total API calls: 11
2025-12-27 12:44:54,930 - INFO  - Total prompt tokens (input): 75,138
2025-12-27 12:44:54,930 - INFO  - Total completion tokens (output): 4,687
2025-12-27 12:44:54,930 - INFO  - Total tokens: 79,825
2025-12-27 12:44:54,930 - INFO  - Average prompt tokens per call: 6830.7
2025-12-27 12:44:54,930 - INFO  - Average completion tokens per call: 426.1
2025-12-27 12:44:54,930 - INFO  - Average total tokens per call: 7256.8
2025-12-27 12:44:54,930 - INFO  - ==================================================
