2025-12-27 19:08:00,546 - INFO  - 
🚀 Starting generation of function: foo156
2025-12-27 19:08:00,546 - INFO  - 
FUNCTION INITIALIZATION
2025-12-27 19:08:00,546 - INFO  - ==================================================

2025-12-27 19:08:01,758 - INFO  - Initial pending functions: ['foo156', 'unknown']
2025-12-27 19:08:01,758 - INFO  - Now processing function unknown

2025-12-27 19:08:01,758 - INFO  - 
GENERATE ANNOTATION FOR foo156
2025-12-27 19:08:01,758 - INFO  - ==================================================

2025-12-27 19:08:01,758 - INFO  - Function foo156 has been initialized
2025-12-27 19:08:01,800 - INFO  - Content of ACSL foo156.c file to be inserted into template: 



void foo156() {

    int j;
    int k;
    int t;

    j = 2;
    k = 0;


    while(unknown()){
       if (t == 0){
       j = j + 4;
      }
       else {
       j = j + 2;
       k = k + 1;
      }
      }

    /*@ assert (j != k * 2 + 2) ==> (k == 0 && t == 0); */

  }
2025-12-27 19:08:01,802 - INFO  - Content of pre-annotated foo156.c file: 

    #include "../verification_stdlib.h"
    #include "../verification_list.h"
    #include "../int_array_def.h"

    /*@ Extern Coq (Result: Assertion) */
    /*@ Extern Coq (Results: Z -> Assertion) */

        


void foo156() 

            /*@
            Require emp
            Ensure Results(__return)
            */
            {

    int j;
    int k;
    int t;

    j = 2;
    k = 0;


    while(unknown()){
       if (t == 0){
       j = j + 4;
      }
       else {
       j = j + 2;
       k = k + 1;
      }
      }

    

  }
2025-12-27 19:08:01,804 - INFO  - 
GENERATE LOOP INVARIANT FOR foo156
2025-12-27 19:08:01,804 - INFO  - ==================================================

2025-12-27 19:08:01,867 - INFO  - file_name: foo156
2025-12-27 19:08:02,010 - DEBUG  - INNER_FLAG: False
2025-12-27 19:08:02,011 - INFO  - Variable Maps:[{'k': '0', 'j': '2'}]
2025-12-27 19:08:02,012 - INFO  - Path conditions: [None]
2025-12-27 19:08:02,012 - INFO  - Pre condition: undef_data_at(&t) * (k == 0) * (j == 2)
2025-12-27 19:08:02,012 - INFO  - Loop Condition: unknown()
2025-12-27 19:08:02,013 - INFO  - Array Names: []
2025-12-27 19:08:02,013 - INFO  - Updated Loop Conditions: ['unknown()']
2025-12-27 19:08:02,013 - INFO  - Global Unchanged Variables: []
2025-12-27 19:08:02,014 - INFO  - Non Inductive Variables: []
2025-12-27 19:08:02,014 - INFO  - Unchanged Arrays (Read-only): []
2025-12-27 19:08:02,014 - INFO  - after assignments
2025-12-27 19:08:02,014 - INFO  - 
            
        /* >>> LOOP INVARIANT TO FILL <<< */
        
            /*@
            */
            while(unknown()){
       if (t == 0){
       j = j + 4;
      }
       else {
       j = j + 2;
       k = k + 1;
      }
      }
            
2025-12-27 19:08:48,887 - INFO  - think in natural language: ### **Comprehensive Loop Verification Analysis**

---

#### **a. Loop Purpose and Structure**

- **Purpose**: The loop appears to be incrementing variables `j` and `k` based on the value of `t`. The exact purpose is unclear due to the non-deterministic condition (`unknown()`), but it seems to model a conditional accumulation process where:
  - If `t == 0`, `j` is incremented by 4.
  - Otherwise, `j` is incremented by 2 and `k` is incremented by 1.
- **Structure**:
  - **Loop Condition**: `while(unknown())` (non-deterministic, may terminate at any iteration).
  - **Body**: Conditional block updating `j` and `k` based on `t`.
  - **Relevant Variables**: `j`, `k`, `t` (note: `t` is uninitialized, which is a critical issue).

---

#### **b. Sample and Analyze Variable Values**

Assume `t` is initialized to some value (though the code does not initialize it; we'll assume `t = 0` or `t ≠ 0` for sampling).

1. **Pre-Loop Sampling**:
   - `j = 2`, `k = 0`, `t = ?` (undefined; assume `t = 0` or `t = 1`).

2. **Post-Iteration Sampling** (5 iterations):
   - **Case 1**: `t = 0` (always):
     - Iteration 1: `j = 6`, `k = 0`.
     - Iteration 2: `j = 10`, `k = 0`.
     - Iteration 3: `j = 14`, `k = 0`.
     - Iteration 4: `j = 18`, `k = 0`.
     - Iteration 5: `j = 22`, `k = 0`.
   - **Case 2**: `t ≠ 0` (always):
     - Iteration 1: `j = 4`, `k = 1`.
     - Iteration 2: `j = 6`, `k = 2`.
     - Iteration 3: `j = 8`, `k = 3`.
     - Iteration 4: `j = 10`, `k = 4`.
     - Iteration 5: `j = 12`, `k = 5`.
   - **Mixed Case**: If `t` changes dynamically, the values depend on `unknown()`.

---

#### **c. Verification Goal Analysis**

- **Post-condition**: `(j != k * 2 + 2) ==> (k == 0 && t == 0)`.
  - This states: If `j` is not equal to `2k + 2`, then `k` must be 0 and `t` must be 0.
- **Can it be an invariant?** No, because:
  - The post-condition is only meaningful at termination (it depends on the loop's final state).
  - During execution, `j` and `k` may violate `j == 2k + 2` (e.g., in Case 1 above, `j = 6, k = 0` violates `6 == 2*0 + 2`).
- **Modification for Invariant**:
  - The invariant should relate `j` and `k` based on `t`. For example:
    - If `t == 0`, then `j = 2 + 4m` and `k = 0` (where `m` is iterations where `t == 0`).
    - If `t != 0`, then `j = 2 + 2n` and `k = n` (where `n` is iterations where `t != 0`).
  - A suitable invariant:  
    `(t == 0 ==> j == 2 + 4m && k == 0) && (t != 0 ==> j == 2 + 2k && k == n)`.

---

#### **d. Loop Invariant Proposal**

- **Invariant**:
  - If `t == 0`, then `j = 2 + 4m` and `k = 0` (where `m` is iterations where `t == 0`).
  - If `t != 0`, then `j = 2 + 2k` and `k = n` (where `n` is iterations where `t != 0`).
- **Validity**:
  - Holds initially: `j = 2`, `k = 0`, and if `t == 0`, `m = 0`; if `t != 0`, `n = 0`.
  - Preserved: Each iteration updates `j` and `k` consistently with the invariant.

---

#### **e. Establishment**

- **Pre-condition**: `j = 2`, `k = 0`, `t` is uninitialized (assume `t` is fixed).
  - If `t == 0`: `j = 2 + 4*0 = 2`, `k = 0` (holds).
  - If `t != 0`: `j = 2 + 2*0 = 2`, `k = 0` (holds).
- The invariant is established before the first iteration.

---

#### **f. Preservation**

- **Case 1**: `t == 0`:
  - Before: `j = 2 + 4m`, `k = 0`.
  - After: `j = (2 + 4m) + 4 = 2 + 4(m+1)`, `k = 0` (invariant holds).
- **Case 2**: `t != 0`:
  - Before: `j = 2 + 2n`, `k = n`.
  - After: `j = (2 + 2n) + 2 = 2 + 2(n+1)`, `k = n + 1` (invariant holds).

---

#### **g. Termination Analysis**

- When `unknown()` returns false, the loop exits.
- **Final State**:
  - If `t == 0`: `j = 2 + 4m`, `k = 0`.
    - `j != 2k + 2` simplifies to `2 + 4m != 2`, which is true for `m > 0`.
    - Post-condition holds: `k == 0 && t == 0`.
  - If `t != 0`: `j = 2 + 2k`, `k = n`.
    - `j == 2k + 2` (so post-condition vacuously holds).

---

#### **h. Post-condition Correctness**

- The post-condition is **correct**:
  - If `j != 2k + 2`, the only way this happens is if `t == 0` and `k == 0` (from the invariant).
  - The invariant ensures that when `t == 0`, `k` remains 0, and `j` grows by 4, so `j != 2k + 2` implies `t == 0` and `k == 0`.

---

### **Final Answer: Loop Invariant**

```c
/*@
  loop invariant (t == 0 ==> j == 2 + 4*m && k == 0) && 
                (t != 0 ==> j == 2 + 2*k && k == n);
*/
```

Where `m` is the number of iterations where `t == 0`, and `n` is the number of iterations where `t != 0`. This invariant captures the relationship between `j`, `k`, and `t` throughout the loop's execution.
2025-12-27 19:08:48,887 - INFO  - after const
2025-12-27 19:08:48,888 - INFO  - 
            
        /* >>> LOOP INVARIANT TO FILL <<< */
        
            /*@
            */
            while(unknown()){
       if (t == 0){
       j = j + 4;
      }
       else {
       j = j + 2;
       k = k + 1;
      }
      }
            
2025-12-27 19:08:48,888 - INFO  - after not in
2025-12-27 19:08:48,888 - INFO  - 
            
        /* >>> LOOP INVARIANT TO FILL <<< */
        
            /*@
            */
            while(unknown()){
       if (t == 0){
       j = j + 4;
      }
       else {
       j = j + 2;
       k = k + 1;
      }
      }
            
2025-12-27 19:08:48,888 - INFO  - after vars
2025-12-27 19:08:48,888 - INFO  - 
            
        /* >>> LOOP INVARIANT TO FILL <<< */
        
            /*@
          loop invariant  PLACE_HOLDER_j ;
          loop invariant  PLACE_HOLDER_k ;
            */
            while(unknown()){
       if (t == 0){
       j = j + 4;
      }
       else {
       j = j + 2;
       k = k + 1;
      }
      }
            
2025-12-27 19:08:48,889 - INFO  - after verification goal
2025-12-27 19:08:48,889 - INFO  - 
            
        /* >>> LOOP INVARIANT TO FILL <<< */
        
            /*@
          loop invariant  PLACE_HOLDER_VERFICATION_GOAL ;
          loop invariant  PLACE_HOLDER_j ;
          loop invariant  PLACE_HOLDER_k ;
            */
            while(unknown()){
       if (t == 0){
       j = j + 4;
      }
       else {
       j = j + 2;
       k = k + 1;
      }
      }
            
2025-12-27 19:08:48,889 - INFO  - annotated_callee_str: 


2025-12-27 19:08:48,899 - INFO  - Content of loop template: 


void foo156() {

    int j;
    int k;
    int t;

    j = 2;
    k = 0;


    
            
        /* >>> LOOP INVARIANT TO FILL <<< */
        
            /*@
          PLACE_HOLDER_LOOP
            */
            while(unknown()){
       if (t == 0){
       j = j + 4;
      }
       else {
       j = j + 2;
       k = k + 1;
      }
      }
            

    /*@ assert (j != k * 2 + 2) ==> (k == 0 && t == 0); */

  }
2025-12-27 19:08:48,900 - INFO  - annotated_callee_str: 


2025-12-27 19:08:48,907 - INFO  - Content of loop template: 


void foo156() {

    int j;
    int k;
    int t;

    j = 2;
    k = 0;


    
            
        /* >>> LOOP INVARIANT TO FILL <<< */
        
            /*@
          loop invariant  PLACE_HOLDER_j ;
          loop invariant  PLACE_HOLDER_k ;
            */
            while(unknown()){
       if (t == 0){
       j = j + 4;
      }
       else {
       j = j + 2;
       k = k + 1;
      }
      }
            

    /*@ assert (j != k * 2 + 2) ==> (k == 0 && t == 0); */

  }
2025-12-27 19:08:48,907 - INFO  - annotated_callee_str: 


2025-12-27 19:08:48,914 - INFO  - Content of loop template: 


void foo156() {

    int j;
    int k;
    int t;

    j = 2;
    k = 0;


    
            
        /* >>> LOOP INVARIANT TO FILL <<< */
        
            /*@
          loop invariant  PLACE_HOLDER_VERFICATION_GOAL ;
          loop invariant  PLACE_HOLDER_j ;
          loop invariant  PLACE_HOLDER_k ;
            */
            while(unknown()){
       if (t == 0){
       j = j + 4;
      }
       else {
       j = j + 2;
       k = k + 1;
      }
      }
            

    /*@ assert (j != k * 2 + 2) ==> (k == 0 && t == 0); */

  }
2025-12-27 19:08:48,914 - DEBUG  - user_prompt_traival
2025-12-27 19:08:48,914 - DEBUG  - ### Role: ###
You are a helpful AI software assistant specializing in reasoning about code behavior. Your task is to analyze C programs and identify loop invariants that can be used to verify program properties using Frama-C.

### Task: ###
Given a C program with a loop, generate the necessary loop invariants in ACSL (ANSI/ISO C Specification Language) annotations. These invariants will help Frama-C verify the post-condition of the program.



Inputs:
- The pre-condition before the loop begins execution.
- A full C loop program with invariant annotations containing `PLACE_HOLDER` that need to be filled.

### Output: ###
Provide the complete C code with the loop invariant and other relevant ACSL annotations, where all placeholders are correctly filled in ```c ```.

### Rules: ###
- If you break any of these rules, my family will disown me.
- Do not modify any existing annotations or add new annotations. You are only allowed to replace the placeholders `PLACE_HOLDER` before loop.
- Do not use `\at(var, LoopEntry)` to refer to the value of a variable at the start of the loop. Instead, use the value specified in the pre-condition.
- Do not generate loop variant.
- Only use keywords and constructs supported in ACSL annotations for loops.
- Do not generate any natural language explanations after ACSL annotations.
- When `unknown()` used as the loop condition, the number of loop iterations can be any non-negative integer, and the invariant must hold for all cases.
- You are only allowed to fill `PLACE_HOLDER` for `loop invariant` and `loop assigns`, do not generate any `requires` or `ensures` or `loop variant`.





Consider the following C loop:

Pre-condition: `undef_data_at(&t) * (k == 0) * (j == 2)`

Loop program: `


void foo156() {

    int j;
    int k;
    int t;

    j = 2;
    k = 0;


    
            
        /* >>> LOOP INVARIANT TO FILL <<< */
        
            /*@
          PLACE_HOLDER_LOOP
            */
            while(unknown()){
       if (t == 0){
       j = j + 4;
      }
       else {
       j = j + 2;
       k = k + 1;
      }
      }
            

    /*@ assert (j != k * 2 + 2) ==> (k == 0 && t == 0); */

  }`



2025-12-27 19:08:48,914 - DEBUG  - user_prompt_template
2025-12-27 19:08:48,915 - DEBUG  - ### Role: ###
You are a helpful AI software assistant specializing in reasoning about code behavior. Your task is to analyze C programs and identify loop invariants that can be used to verify program properties using Frama-C.

### Task: ###
Given a C program with a loop, generate the necessary loop invariants in ACSL (ANSI/ISO C Specification Language) annotations. These invariants will help Frama-C verify the post-condition of the program.



Inputs:
- The pre-condition before the loop begins execution.
- A full C loop program with invariant annotations containing `PLACE_HOLDER` that need to be filled.

### Output: ###
Provide the complete C code with the loop invariant and other relevant ACSL annotations, where all placeholders are correctly filled in ```c ```.

### Rules: ###
- If you break any of these rules, my family will disown me.
- Do not modify any existing annotations or add new annotations. You are only allowed to replace the placeholders `PLACE_HOLDER` before loop.
- Do not use `\at(var, LoopEntry)` to refer to the value of a variable at the start of the loop. Instead, use the value specified in the pre-condition.
- Do not generate loop variant.
- Only use keywords and constructs supported in ACSL annotations for loops.
- Do not generate any natural language explanations after ACSL annotations.
- When `unknown()` used as the loop condition, the number of loop iterations can be any non-negative integer, and the invariant must hold for all cases.
- You are only allowed to fill `PLACE_HOLDER` for `loop invariant` and `loop assigns`, do not generate any `requires` or `ensures` or `loop variant`.

- Generate loop invariants with equality constraints as comprehensively as possible.



Consider the following C loop:

Pre-condition: `undef_data_at(&t) * (k == 0) * (j == 2)`

Loop program: `


void foo156() {

    int j;
    int k;
    int t;

    j = 2;
    k = 0;


    
            
        /* >>> LOOP INVARIANT TO FILL <<< */
        
            /*@
          loop invariant  PLACE_HOLDER_j ;
          loop invariant  PLACE_HOLDER_k ;
            */
            while(unknown()){
       if (t == 0){
       j = j + 4;
      }
       else {
       j = j + 2;
       k = k + 1;
      }
      }
            

    /*@ assert (j != k * 2 + 2) ==> (k == 0 && t == 0); */

  }`



2025-12-27 19:08:48,915 - DEBUG  - user_prompt_verification
2025-12-27 19:08:48,915 - DEBUG  - ### Role: ###
You are a helpful AI software assistant specializing in reasoning about code behavior. Your task is to analyze C programs and identify loop invariants that can be used to verify program properties using Frama-C.

### Task: ###
Given a C program with a loop, generate the necessary loop invariants in ACSL (ANSI/ISO C Specification Language) annotations. These invariants will help Frama-C verify the post-condition of the program.



Inputs:
- The pre-condition before the loop begins execution.
- A full C loop program with invariant annotations containing `PLACE_HOLDER` that need to be filled.

### Output: ###
Provide the complete C code with the loop invariant and other relevant ACSL annotations, where all placeholders are correctly filled in ```c ```.

### Rules: ###
- If you break any of these rules, my family will disown me.
- Do not modify any existing annotations or add new annotations. You are only allowed to replace the placeholders `PLACE_HOLDER` before loop.
- Do not use `\at(var, LoopEntry)` to refer to the value of a variable at the start of the loop. Instead, use the value specified in the pre-condition.
- Do not generate loop variant.
- Only use keywords and constructs supported in ACSL annotations for loops.
- Do not generate any natural language explanations after ACSL annotations.
- When `unknown()` used as the loop condition, the number of loop iterations can be any non-negative integer, and the invariant must hold for all cases.
- You are only allowed to fill `PLACE_HOLDER` for `loop invariant` and `loop assigns`, do not generate any `requires` or `ensures` or `loop variant`.

- Generate loop invariants with equality constraints as comprehensively as possible.
- Please first try to directly use the verification goal as the loop invariant at `PLACE_HOLDER_VERFICATION_GOAL`. Often, the verification goal (assertion) also holds throughout the loop; in that case, it can be used directly as the invariant.


Consider the following C loop:

Pre-condition: `undef_data_at(&t) * (k == 0) * (j == 2)`

Loop program: `


void foo156() {

    int j;
    int k;
    int t;

    j = 2;
    k = 0;


    
            
        /* >>> LOOP INVARIANT TO FILL <<< */
        
            /*@
          loop invariant  PLACE_HOLDER_VERFICATION_GOAL ;
          loop invariant  PLACE_HOLDER_j ;
          loop invariant  PLACE_HOLDER_k ;
            */
            while(unknown()){
       if (t == 0){
       j = j + 4;
      }
       else {
       j = j + 2;
       k = k + 1;
      }
      }
            

    /*@ assert (j != k * 2 + 2) ==> (k == 0 && t == 0); */

  }`



2025-12-27 19:09:02,188 - DEBUG  - invgen reasoning
2025-12-27 19:09:02,188 - DEBUG  - Here is the complete C code with the loop invariant filled in:

```c
void foo156() {
    int j;
    int k;
    int t;

    j = 2;
    k = 0;

    /*@
      loop invariant (t == 0 ==> j == 2 + 4*\at(k, Pre)) && 
                     (t != 0 ==> j == 2 + 2*k);
      loop assigns j, k;
    */
    while(unknown()) {
       if (t == 0) {
           j = j + 4;
       }
       else {
           j = j + 2;
           k = k + 1;
       }
    }

    /*@ assert (j != k * 2 + 2) ==> (k == 0 && t == 0); */
}
```

The loop invariant captures the relationship between `j`, `k`, and `t`:
1. If `t == 0`, then `j` increases by 4 each iteration while `k` remains 0
2. If `t != 0`, then `j` increases by 2 and `k` increases by 1 each iteration

The `loop assigns` annotation specifies that the loop only modifies `j` and `k`.
2025-12-27 19:09:12,393 - DEBUG  - invgen reasoning
2025-12-27 19:09:12,394 - DEBUG  - Here is the complete C code with comprehensive loop invariants filled in:

```c
void foo156() {
    int j;
    int k;
    int t;

    j = 2;
    k = 0;

    /*@
      loop invariant t == 0 ==> j == 2 + 4*(j - 2)/4;
      loop invariant t != 0 ==> j == 2 + 2*k;
      loop invariant k >= 0;
      loop invariant (t == 0 ==> k == 0) && (t != 0 ==> k == (j - 2)/2);
      loop assigns j, k;
    */
    while(unknown()) {
       if (t == 0) {
           j = j + 4;
       }
       else {
           j = j + 2;
           k = k + 1;
       }
    }

    /*@ assert (j != k * 2 + 2) ==> (k == 0 && t == 0); */
}
```

The invariants capture:
1. The relationship between j and k based on t's value
2. The arithmetic progression of j (either +4 or +2 per iteration)
3. The condition that k remains 0 when t is 0
4. The non-negativity of k
5. The exact relationship between j and k when t is non-zero

The loop assigns annotation correctly specifies that only j and k are modified.
2025-12-27 19:09:26,281 - DEBUG  - invgen reasoning
2025-12-27 19:09:26,282 - DEBUG  - Here's the complete C code with the loop invariants filled in, using the verification goal as part of the invariant where possible:

```c
void foo156() {
    int j;
    int k;
    int t;

    j = 2;
    k = 0;

    /*@
      loop invariant (j != k * 2 + 2) ==> (k == 0 && t == 0);
      loop invariant t == 0 ==> j == 2 + 4*(j - 2)/4;
      loop invariant t != 0 ==> j == 2 + 2*k;
      loop assigns j, k;
    */
    while(unknown()) {
       if (t == 0) {
           j = j + 4;
       }
       else {
           j = j + 2;
           k = k + 1;
       }
    }

    /*@ assert (j != k * 2 + 2) ==> (k == 0 && t == 0); */
}
```

Key points about the invariants:
1. The verification goal is used directly as the first invariant since it holds throughout the loop
2. The second invariant captures the relationship between j and iterations when t == 0
3. The third invariant captures the relationship between j and k when t != 0
4. The loop assigns annotation specifies that only j and k are modified

The invariants are comprehensive enough to prove the post-condition while satisfying all the given constraints.
2025-12-27 19:09:26,282 - INFO  - candidated loop invariant
2025-12-27 19:09:26,282 - INFO  - 
void foo156() {
    int j;
    int k;
    int t;

    j = 2;
    k = 0;

    /*@
      loop invariant t == 0 ==> j == 2 + 4*(j - 2)/4;
      loop invariant t != 0 ==> j == 2 + 2*k;
      loop invariant k >= 0;
      loop invariant (t == 0 ==> k == 0) && (t != 0 ==> k == (j - 2)/2);
      loop assigns j, k;
    */
    while(unknown()) {
       if (t == 0) {
           j = j + 4;
       }
       else {
           j = j + 2;
           k = k + 1;
       }
    }

    /*@ assert (j != k * 2 + 2) ==> (k == 0 && t == 0); */
}

2025-12-27 19:09:27,301 - INFO  - syntax Correct
2025-12-27 19:09:28,494 - INFO  - Validate:
2025-12-27 19:09:28,495 - INFO  - [True, True, True, True]
2025-12-27 19:09:28,495 - INFO  - 
2025-12-27 19:09:28,495 - INFO  - Verify:
2025-12-27 19:09:28,495 - INFO  - [True]
2025-12-27 19:09:28,496 - INFO  - 
2025-12-27 19:09:28,496 - INFO  - loop invariant annotated
2025-12-27 19:09:28,496 - INFO  - 
void foo156() {
    int j;
    int k;
    int t;

    j = 2;
    k = 0;

    /*@
      loop invariant t == 0 ==> j == 2 + 4*(j - 2)/4;
      loop invariant t != 0 ==> j == 2 + 2*k;
      loop invariant k >= 0;
      loop invariant (t == 0 ==> k == 0) && (t != 0 ==> k == (j - 2)/2);
      loop assigns j, k;
    */
    while(unknown()) {
       if (t == 0) {
           j = j + 4;
       }
       else {
           j = j + 2;
           k = k + 1;
       }
    }

    /*@ assert (j != k * 2 + 2) ==> (k == 0 && t == 0); */
}

2025-12-27 19:09:30,762 - INFO  - ACSL format loop invariant
2025-12-27 19:09:30,762 - INFO  - /*@
      loop invariant t == 0 ==> j == 2 + 4*(j - 2)/4;
      loop invariant t != 0 ==> j == 2 + 2*k;
      loop invariant k >= 0;
      loop invariant (t == 0 ==> k == 0) && (t != 0 ==> k == (j - 2)/2);
      loop assigns j, k;
    */
    while(unknown()) {
       if (t == 0) {
           j = j + 4;
       }
       else {
           j = j + 2;
           k = k + 1;
       }
    }
2025-12-27 19:09:30,763 - INFO  - VST format loop invariant
2025-12-27 19:09:30,763 - INFO  - /*@ Inv
    (t == 0 => j == 2 + 4*(j - 2)/4) &&
(t != 0 => j == 2 + 2*k) &&
(k >= 0) &&
((t == 0 => k == 0) && (t != 0 => k == (j - 2)/2)
      loop assigns j, k)
    */
    
    while(unknown()) {
       if (t == 0) {
           j = j + 4;
       }
       else {
           j = j + 2;
           k = k + 1;
       }
    }
2025-12-27 19:09:30,763 - INFO  - PARTIAL CORRECT INVARIANT
2025-12-27 19:09:30,763 - INFO  - continue symbolic execution
2025-12-27 19:09:30,764 - INFO  - 
void foo156() {
    int j;
    int k;
    int t;

    j = 2;
    k = 0;

    /*@
      loop invariant t == 0 ==> j == 2 + 4*(j - 2)/4;
      loop invariant t != 0 ==> j == 2 + 2*k;
      loop invariant k >= 0;
      loop invariant (t == 0 ==> k == 0) && (t != 0 ==> k == (j - 2)/2);
      loop assigns j, k;
    */
    while(unknown()) {
       if (t == 0) {
           j = j + 4;
       }
       else {
           j = j + 2;
           k = k + 1;
       }
    }

    /*@ assert (j != k * 2 + 2) ==> (k == 0 && t == 0); */
}

2025-12-27 19:09:31,918 - INFO  - syntax Correct
2025-12-27 19:09:33,137 - INFO  - Validate:
2025-12-27 19:09:33,138 - INFO  - [True, True, True, True]
2025-12-27 19:09:33,138 - INFO  - 
2025-12-27 19:09:33,138 - INFO  - Verify:
2025-12-27 19:09:33,139 - INFO  - [True]
2025-12-27 19:09:33,139 - INFO  - 
2025-12-27 19:09:33,139 - INFO  - CORRECT INVARIANT
2025-12-27 19:09:35,393 - INFO  - ==================================================
2025-12-27 19:09:35,394 - INFO  - first_pass:
2025-12-27 19:09:35,394 - INFO  - syntax=1, valid=1,satisfy=1
2025-12-27 19:09:35,394 - INFO  - ==================================================
2025-12-27 19:09:35,394 - INFO  - foo156.c after loop invariant generation: 

void foo156() {
    int j;
    int k;
    int t;

    j = 2;
    k = 0;

    /*@
      loop invariant t == 0 ==> j == 2 + 4*(j - 2)/4;
      loop invariant t != 0 ==> j == 2 + 2*k;
      loop invariant k >= 0;
      loop invariant (t == 0 ==> k == 0) && (t != 0 ==> k == (j - 2)/2);
      loop assigns j, k;
    */
    while(unknown()) {
       if (t == 0) {
           j = j + 4;
       }
       else {
           j = j + 2;
           k = k + 1;
       }
    }

    /*@ assert (j != k * 2 + 2) ==> (k == 0 && t == 0); */
}

2025-12-27 19:09:35,725 - INFO  - ==================================================
2025-12-27 19:09:35,727 - INFO  - ⏰ OVERALL EXECUTION TIME STATISTICS
2025-12-27 19:09:35,727 - INFO  - Total execution time: 95.18 seconds (1.59 minutes)
2025-12-27 19:09:35,727 - INFO  - ==================================================
2025-12-27 19:09:35,728 - INFO  - ==================================================
2025-12-27 19:09:35,728 - INFO  - 📊 TOKEN USAGE STATISTICS
2025-12-27 19:09:35,728 - INFO  - Total API calls: 4
2025-12-27 19:09:35,728 - INFO  - Total prompt tokens (input): 20,758
2025-12-27 19:09:35,728 - INFO  - Total completion tokens (output): 1,120
2025-12-27 19:09:35,728 - INFO  - Total tokens: 21,878
2025-12-27 19:09:35,729 - INFO  - Average prompt tokens per call: 5189.5
2025-12-27 19:09:35,729 - INFO  - Average completion tokens per call: 280.0
2025-12-27 19:09:35,729 - INFO  - Average total tokens per call: 5469.5
2025-12-27 19:09:35,729 - INFO  - ==================================================
