2025-12-27 12:25:20,785 - INFO  - 
🚀 Starting generation of function: foo298
2025-12-27 12:25:20,785 - INFO  - 
FUNCTION INITIALIZATION
2025-12-27 12:25:20,785 - INFO  - ==================================================

2025-12-27 12:25:21,175 - INFO  - Initial pending functions: ['foo298']
2025-12-27 12:25:21,175 - INFO  - 
GENERATE ANNOTATION FOR foo298
2025-12-27 12:25:21,175 - INFO  - ==================================================

2025-12-27 12:25:21,175 - INFO  - Function foo298 has been initialized
2025-12-27 12:25:21,218 - INFO  - Content of ACSL foo298.c file to be inserted into template: 


void foo298() {

    int x;
    int z;

    x = 0;
    z = 5000000;


    while(x < 10000000){
       if(x >= 5000000)
       z--;
       x++;
      }

    /*@ assert z == 0; */

  }
2025-12-27 12:25:21,221 - INFO  - Content of pre-annotated foo298.c file: 

    #include "../verification_stdlib.h"
    #include "../verification_list.h"
    #include "../int_array_def.h"

    /*@ Extern Coq (Result: Assertion) */
    /*@ Extern Coq (Results: Z -> Assertion) */

        

void foo298() 

            /*@
            Require emp
            Ensure Results(__return)
            */
            {

    int x;
    int z;

    x = 0;
    z = 5000000;


    while(x < 10000000){
       if(x >= 5000000)
       z--;
       x++;
      }

    

  }
2025-12-27 12:25:21,222 - INFO  - 
GENERATE LOOP INVARIANT FOR foo298
2025-12-27 12:25:21,222 - INFO  - ==================================================

2025-12-27 12:25:21,286 - INFO  - file_name: foo298
2025-12-27 12:25:21,377 - DEBUG  - INNER_FLAG: False
2025-12-27 12:25:21,378 - INFO  - Variable Maps:[{'z': '5000000', 'x': '0'}]
2025-12-27 12:25:21,378 - INFO  - Path conditions: [None]
2025-12-27 12:25:21,378 - INFO  - Pre condition: (z == 5000000) * (x == 0)
2025-12-27 12:25:21,379 - INFO  - Loop Condition: x < 10000000
2025-12-27 12:25:21,379 - INFO  - Array Names: []
2025-12-27 12:25:21,379 - INFO  - Updated Loop Conditions: ['0 < 10000000']
2025-12-27 12:25:21,380 - INFO  - Global Unchanged Variables: []
2025-12-27 12:25:21,380 - INFO  - Non Inductive Variables: []
2025-12-27 12:25:21,380 - INFO  - Unchanged Arrays (Read-only): []
2025-12-27 12:25:21,380 - INFO  - after assignments
2025-12-27 12:25:21,380 - INFO  - 
            
        /* >>> LOOP INVARIANT TO FILL <<< */
        
            /*@
            */
            while(x < 10000000){
       if(x >= 5000000)
       z--;
       x++;
      }
            
2025-12-27 12:26:09,364 - INFO  - think in natural language: ### **Loop Verification Analysis for `foo298()`**

---

#### **a. Loop Purpose and Structure**
- **Purpose**: The loop increments `x` from `0` to `10,000,000`. Once `x` reaches `5,000,000`, it starts decrementing `z` (initialized to `5,000,000`) on each subsequent iteration. The intended outcome is for `z` to reach `0` when `x` reaches `10,000,000`.
- **Structure**:
  - **Loop Condition**: `while (x < 10000000)`
  - **Body Operations**:
    - If `x >= 5000000`, decrement `z`.
    - Increment `x` (unconditionally).
  - **Relevant Variables**:
    - `x`: Counter, incremented every iteration.
    - `z`: Decremented only after `x` reaches `5,000,000`.

---

#### **b. Sample and Analyze Variable Values**
| Iteration | Pre-Loop/Post-Iteration | `x`       | `z`       |
|-----------|-------------------------|-----------|-----------|
| 0         | Pre-Loop                | `0`       | `5000000` |
| 1         | Post-Iteration 1        | `1`       | `5000000` |
| 2         | Post-Iteration 2        | `2`       | `5000000` |
| 3         | Post-Iteration 3        | `3`       | `5000000` |
| 4         | Post-Iteration 4        | `4`       | `5000000` |
| 5         | Post-Iteration 5        | `5`       | `5000000` |
| ...       | ...                     | ...       | ...       |
| 5,000,000 | Post-Iteration 5M       | `5000000` | `5000000` |
| 5,000,001 | Post-Iteration 5M+1     | `5000001` | `4999999` |
| ...       | ...                     | ...       | ...       |
| 10,000,000| Post-Loop               | `10000000`| `0`       |

- **Observations**:
  - `z` remains `5,000,000` until `x` reaches `5,000,000`.
  - After `x >= 5,000,000`, `z` decreases by `1` per iteration.
  - At termination (`x = 10,000,000`), `z = 0`.

---

#### **c. Verification Goal Analysis**
- **Post-condition**: `assert z == 0;`
- **Can it be an invariant?**  
  **No**, because `z == 0` is only true at termination, not during iterations (e.g., `z = 5,000,000` initially).
- **Modified Invariant**:  
  To satisfy establishment, preservation, and termination, we propose:  
  `z == max(0, 5000000 - max(0, x - 5000000))`  
  Or equivalently in natural language:  
  *"`z` equals `5,000,000` minus the excess of `x` over `5,000,000`, but never negative."*  
  - **Establishment**: Holds initially (`x=0`, `z=5,000,000`).  
  - **Preservation**: If `x < 5,000,000`, `z` remains `5,000,000`. If `x >= 5,000,000`, `z` decreases as `x` increases.  
  - **Termination**: At `x = 10,000,000`, `z = 5,000,000 - (10,000,000 - 5,000,000) = 0`.

---

#### **d. Loop Invariant Discussion**
- **Proposed Invariant**:  
  `z == 5000000 - (x >= 5000000 ? x - 5000000 : 0)`  
  Or:  
  *"`z` is `5,000,000` minus the number of iterations where `x >= 5,000,000`."*  
- **Validity**:  
  - Initially true (`x=0`, `z=5,000,000`).  
  - Preserved:  
    - For `x < 5,000,000`, `z` is unchanged.  
    - For `x >= 5,000,000`, `z` decreases by `1` as `x` increases by `1`.  
  - At termination, implies `z = 0`.

---

#### **e. Establishment**
- **Pre-loop state**: `x = 0`, `z = 5000000`.  
- **Invariant**: `z == 5000000 - max(0, x - 5000000)`.  
  Substituting `x=0`:  
  `z == 5000000 - max(0, -5000000) == 5000000`.  
  **Holds true**.

---

#### **f. Preservation**
- **Case 1 (`x < 5,000,000`)**:  
  - `z` is unchanged (`x++` does not affect `z`).  
  - Invariant remains `z == 5000000`.  
- **Case 2 (`x >= 5,000,000`)**:  
  - `z--` and `x++` occur.  
  - Let `x' = x + 1`, `z' = z - 1`.  
  - Old invariant: `z == 5000000 - (x - 5000000)`.  
  - New invariant: `z' == 5000000 - (x' - 5000000) => (z - 1) == 5000000 - (x + 1 - 5000000)`.  
    Simplifies to `z == 5000000 - (x - 5000000)`, matching the old invariant.  
  **Preserved in both cases**.

---

#### **g. Termination Analysis**
- **Termination Condition**: `x >= 10000000`.  
- **Final State**:  
  - `x = 10000000`, `z = 5000000 - (10000000 - 5000000) = 0`.  
- **Invariant Holds**:  
  `z == 0` matches the post-condition.

---

#### **h. Post-condition Correctness**
- **Post-condition**: `assert z == 0;`  
- **Proof**:  
  - At termination, the invariant is `z == 5000000 - (10000000 - 5000000) = 0`.  
  - Combined with `x >= 10000000` (negation of loop condition), the invariant implies `z == 0`.  
  **Post-condition is correct**.

---

### **Final Answer: Loop Invariant**
```c
/*@ loop invariant z == 5000000 - (x >= 5000000 ? x - 5000000 : 0); */
while (x < 10000000) {
    if (x >= 5000000) z--;
    x++;
}
```
2025-12-27 12:26:09,365 - INFO  - after const
2025-12-27 12:26:09,365 - INFO  - 
            
        /* >>> LOOP INVARIANT TO FILL <<< */
        
            /*@
            */
            while(x < 10000000){
       if(x >= 5000000)
       z--;
       x++;
      }
            
2025-12-27 12:26:09,365 - INFO  - after not in
2025-12-27 12:26:09,365 - INFO  - 
            
        /* >>> LOOP INVARIANT TO FILL <<< */
        
            /*@
            */
            while(x < 10000000){
       if(x >= 5000000)
       z--;
       x++;
      }
            
2025-12-27 12:26:09,365 - INFO  - after vars
2025-12-27 12:26:09,366 - INFO  - 
            
        /* >>> LOOP INVARIANT TO FILL <<< */
        
            /*@
          loop invariant  PLACE_HOLDER_x ;
          loop invariant  PLACE_HOLDER_z ;
            */
            while(x < 10000000){
       if(x >= 5000000)
       z--;
       x++;
      }
            
2025-12-27 12:26:09,366 - INFO  - after verification goal
2025-12-27 12:26:09,366 - INFO  - 
            
        /* >>> LOOP INVARIANT TO FILL <<< */
        
            /*@
          loop invariant  PLACE_HOLDER_VERFICATION_GOAL ;
          loop invariant  PLACE_HOLDER_x ;
          loop invariant  PLACE_HOLDER_z ;
            */
            while(x < 10000000){
       if(x >= 5000000)
       z--;
       x++;
      }
            
2025-12-27 12:26:09,375 - INFO  - Content of loop template: 

void foo298() {

    int x;
    int z;

    x = 0;
    z = 5000000;


    
            
        /* >>> LOOP INVARIANT TO FILL <<< */
        
            /*@
          PLACE_HOLDER_LOOP
            */
            while(x < 10000000){
       if(x >= 5000000)
       z--;
       x++;
      }
            

    /*@ assert z == 0; */

  }
2025-12-27 12:26:09,380 - INFO  - Content of loop template: 

void foo298() {

    int x;
    int z;

    x = 0;
    z = 5000000;


    
            
        /* >>> LOOP INVARIANT TO FILL <<< */
        
            /*@
          loop invariant  PLACE_HOLDER_x ;
          loop invariant  PLACE_HOLDER_z ;
            */
            while(x < 10000000){
       if(x >= 5000000)
       z--;
       x++;
      }
            

    /*@ assert z == 0; */

  }
2025-12-27 12:26:09,387 - INFO  - Content of loop template: 

void foo298() {

    int x;
    int z;

    x = 0;
    z = 5000000;


    
            
        /* >>> LOOP INVARIANT TO FILL <<< */
        
            /*@
          loop invariant  PLACE_HOLDER_VERFICATION_GOAL ;
          loop invariant  PLACE_HOLDER_x ;
          loop invariant  PLACE_HOLDER_z ;
            */
            while(x < 10000000){
       if(x >= 5000000)
       z--;
       x++;
      }
            

    /*@ assert z == 0; */

  }
2025-12-27 12:26:09,388 - DEBUG  - user_prompt_traival
2025-12-27 12:26:09,388 - DEBUG  - ### Role: ###
You are a helpful AI software assistant specializing in reasoning about code behavior. Your task is to analyze C programs and identify loop invariants that can be used to verify program properties using Frama-C.

### Task: ###
Given a C program with a loop, generate the necessary loop invariants in ACSL (ANSI/ISO C Specification Language) annotations. These invariants will help Frama-C verify the post-condition of the program.



Inputs:
- The pre-condition before the loop begins execution.
- A full C loop program with invariant annotations containing `PLACE_HOLDER` that need to be filled.

### Output: ###
Provide the complete C code with the loop invariant and other relevant ACSL annotations, where all placeholders are correctly filled in ```c ```.

### Rules: ###
- If you break any of these rules, my family will disown me.
- Do not modify any existing annotations or add new annotations. You are only allowed to replace the placeholders `PLACE_HOLDER` before loop.
- Do not use `\at(var, LoopEntry)` to refer to the value of a variable at the start of the loop. Instead, use the value specified in the pre-condition.
- Do not generate loop variant.
- Only use keywords and constructs supported in ACSL annotations for loops.
- Do not generate any natural language explanations after ACSL annotations.
- When `unknown()` used as the loop condition, the number of loop iterations can be any non-negative integer, and the invariant must hold for all cases.
- You are only allowed to fill `PLACE_HOLDER` for `loop invariant` and `loop assigns`, do not generate any `requires` or `ensures` or `loop variant`.





Consider the following C loop:

Pre-condition: `(z == 5000000) * (x == 0)`

Loop program: `

void foo298() {

    int x;
    int z;

    x = 0;
    z = 5000000;


    
            
        /* >>> LOOP INVARIANT TO FILL <<< */
        
            /*@
          PLACE_HOLDER_LOOP
            */
            while(x < 10000000){
       if(x >= 5000000)
       z--;
       x++;
      }
            

    /*@ assert z == 0; */

  }`



2025-12-27 12:26:09,388 - DEBUG  - user_prompt_template
2025-12-27 12:26:09,388 - DEBUG  - ### Role: ###
You are a helpful AI software assistant specializing in reasoning about code behavior. Your task is to analyze C programs and identify loop invariants that can be used to verify program properties using Frama-C.

### Task: ###
Given a C program with a loop, generate the necessary loop invariants in ACSL (ANSI/ISO C Specification Language) annotations. These invariants will help Frama-C verify the post-condition of the program.



Inputs:
- The pre-condition before the loop begins execution.
- A full C loop program with invariant annotations containing `PLACE_HOLDER` that need to be filled.

### Output: ###
Provide the complete C code with the loop invariant and other relevant ACSL annotations, where all placeholders are correctly filled in ```c ```.

### Rules: ###
- If you break any of these rules, my family will disown me.
- Do not modify any existing annotations or add new annotations. You are only allowed to replace the placeholders `PLACE_HOLDER` before loop.
- Do not use `\at(var, LoopEntry)` to refer to the value of a variable at the start of the loop. Instead, use the value specified in the pre-condition.
- Do not generate loop variant.
- Only use keywords and constructs supported in ACSL annotations for loops.
- Do not generate any natural language explanations after ACSL annotations.
- When `unknown()` used as the loop condition, the number of loop iterations can be any non-negative integer, and the invariant must hold for all cases.
- You are only allowed to fill `PLACE_HOLDER` for `loop invariant` and `loop assigns`, do not generate any `requires` or `ensures` or `loop variant`.

- Generate loop invariants with equality constraints as comprehensively as possible.



Consider the following C loop:

Pre-condition: `(z == 5000000) * (x == 0)`

Loop program: `

void foo298() {

    int x;
    int z;

    x = 0;
    z = 5000000;


    
            
        /* >>> LOOP INVARIANT TO FILL <<< */
        
            /*@
          loop invariant  PLACE_HOLDER_x ;
          loop invariant  PLACE_HOLDER_z ;
            */
            while(x < 10000000){
       if(x >= 5000000)
       z--;
       x++;
      }
            

    /*@ assert z == 0; */

  }`



2025-12-27 12:26:09,388 - DEBUG  - user_prompt_verification
2025-12-27 12:26:09,388 - DEBUG  - ### Role: ###
You are a helpful AI software assistant specializing in reasoning about code behavior. Your task is to analyze C programs and identify loop invariants that can be used to verify program properties using Frama-C.

### Task: ###
Given a C program with a loop, generate the necessary loop invariants in ACSL (ANSI/ISO C Specification Language) annotations. These invariants will help Frama-C verify the post-condition of the program.



Inputs:
- The pre-condition before the loop begins execution.
- A full C loop program with invariant annotations containing `PLACE_HOLDER` that need to be filled.

### Output: ###
Provide the complete C code with the loop invariant and other relevant ACSL annotations, where all placeholders are correctly filled in ```c ```.

### Rules: ###
- If you break any of these rules, my family will disown me.
- Do not modify any existing annotations or add new annotations. You are only allowed to replace the placeholders `PLACE_HOLDER` before loop.
- Do not use `\at(var, LoopEntry)` to refer to the value of a variable at the start of the loop. Instead, use the value specified in the pre-condition.
- Do not generate loop variant.
- Only use keywords and constructs supported in ACSL annotations for loops.
- Do not generate any natural language explanations after ACSL annotations.
- When `unknown()` used as the loop condition, the number of loop iterations can be any non-negative integer, and the invariant must hold for all cases.
- You are only allowed to fill `PLACE_HOLDER` for `loop invariant` and `loop assigns`, do not generate any `requires` or `ensures` or `loop variant`.

- Generate loop invariants with equality constraints as comprehensively as possible.
- Please first try to directly use the verification goal as the loop invariant at `PLACE_HOLDER_VERFICATION_GOAL`. Often, the verification goal (assertion) also holds throughout the loop; in that case, it can be used directly as the invariant.


Consider the following C loop:

Pre-condition: `(z == 5000000) * (x == 0)`

Loop program: `

void foo298() {

    int x;
    int z;

    x = 0;
    z = 5000000;


    
            
        /* >>> LOOP INVARIANT TO FILL <<< */
        
            /*@
          loop invariant  PLACE_HOLDER_VERFICATION_GOAL ;
          loop invariant  PLACE_HOLDER_x ;
          loop invariant  PLACE_HOLDER_z ;
            */
            while(x < 10000000){
       if(x >= 5000000)
       z--;
       x++;
      }
            

    /*@ assert z == 0; */

  }`



2025-12-27 12:26:14,134 - DEBUG  - invgen reasoning
2025-12-27 12:26:14,134 - DEBUG  - ```c
void foo298() {
    int x;
    int z;

    x = 0;
    z = 5000000;

    /*@
      loop invariant z == 5000000 - (x >= 5000000 ? x - 5000000 : 0);
      loop assigns x, z;
    */
    while(x < 10000000) {
       if(x >= 5000000)
       z--;
       x++;
    }

    /*@ assert z == 0; */
}
```
2025-12-27 12:26:22,530 - DEBUG  - invgen reasoning
2025-12-27 12:26:22,531 - DEBUG  - ```c
void foo298() {
    int x;
    int z;

    x = 0;
    z = 5000000;

    /*@
      loop invariant 0 <= x <= 10000000;
      loop invariant z == 5000000 - (x >= 5000000 ? x - 5000000 : 0);
      loop assigns x, z;
    */
    while(x < 10000000) {
       if(x >= 5000000)
       z--;
       x++;
    }

    /*@ assert z == 0; */
}
```

The invariants satisfy all requirements:
1. `0 <= x <= 10000000` bounds the loop counter
2. `z == 5000000 - (x >= 5000000 ? x - 5000000 : 0)` precisely tracks z's relationship to x
3. Both invariants hold initially (x=0, z=5000000)
4. Both are preserved through each iteration
5. Together with the loop condition negation (x >= 10000000), they prove z == 0 at exit

The `loop assigns` annotation correctly specifies that only x and z are modified.
2025-12-27 12:26:36,475 - DEBUG  - invgen reasoning
2025-12-27 12:26:36,475 - DEBUG  - ```c
void foo298() {
    int x;
    int z;

    x = 0;
    z = 5000000;

    /*@
      loop invariant z == 5000000 - (x >= 5000000 ? x - 5000000 : 0);
      loop invariant 0 <= x <= 10000000;
      loop invariant z == 5000000 - (x > 5000000 ? x - 5000000 : 0);
      loop assigns x, z;
    */
    while(x < 10000000) {
       if(x >= 5000000)
       z--;
       x++;
    }

    /*@ assert z == 0; */
}
```

Key points about the invariants:
1. The verification goal (z == 0) cannot be used directly as an invariant since it's only true at termination
2. Instead, we use its generalized form that holds throughout execution: z == 5000000 - (x >= 5000000 ? x - 5000000 : 0)
3. We include bounds checking for x (0 <= x <= 10000000)
4. The second z invariant is slightly stronger, using > instead of >= to ensure precision
5. All invariants hold initially (x=0, z=5000000) and are preserved through each iteration
6. At termination (x=10000000), they imply z == 0
2025-12-27 12:26:36,475 - INFO  - candidated loop invariant
2025-12-27 12:26:36,476 - INFO  - 
void foo298() {
    int x;
    int z;

    x = 0;
    z = 5000000;

    /*@
      loop invariant 0 <= x <= 10000000;
      loop invariant z == 5000000 - (x >= 5000000 ? x - 5000000 : 0);
      loop assigns x, z;
    */
    while(x < 10000000) {
       if(x >= 5000000)
       z--;
       x++;
    }

    /*@ assert z == 0; */
}

2025-12-27 12:26:37,421 - INFO  - syntax Correct
2025-12-27 12:26:38,551 - INFO  - Validate:
2025-12-27 12:26:38,552 - INFO  - [True, True]
2025-12-27 12:26:38,552 - INFO  - 
2025-12-27 12:26:38,552 - INFO  - Verify:
2025-12-27 12:26:38,552 - INFO  - [True]
2025-12-27 12:26:38,552 - INFO  - 
2025-12-27 12:26:38,552 - INFO  - loop invariant annotated
2025-12-27 12:26:38,553 - INFO  - 
void foo298() {
    int x;
    int z;

    x = 0;
    z = 5000000;

    /*@
      loop invariant 0 <= x <= 10000000;
      loop invariant z == 5000000 - (x >= 5000000 ? x - 5000000 : 0);
      loop assigns x, z;
    */
    while(x < 10000000) {
       if(x >= 5000000)
       z--;
       x++;
    }

    /*@ assert z == 0; */
}

2025-12-27 12:26:40,545 - INFO  - ACSL format loop invariant
2025-12-27 12:26:40,545 - INFO  - /*@
      loop invariant 0 <= x <= 10000000;
      loop invariant z == 5000000 - (x >= 5000000 ? x - 5000000 : 0);
      loop assigns x, z;
    */
    while(x < 10000000) {
       if(x >= 5000000)
       z--;
       x++;
    }
2025-12-27 12:26:40,546 - INFO  - VST format loop invariant
2025-12-27 12:26:40,546 - INFO  - /*@ Inv
    (0 <= x && x <= 10000000) &&
(z == 5000000 - (x >= 5000000 ? x - 5000000 : 0)
      loop assigns x, z)
    */
    
    while(x < 10000000) {
       if(x >= 5000000)
       z--;
       x++;
    }
2025-12-27 12:26:40,546 - INFO  - PARTIAL CORRECT INVARIANT
2025-12-27 12:26:40,547 - INFO  - continue symbolic execution
2025-12-27 12:26:40,547 - INFO  - 
void foo298() {
    int x;
    int z;

    x = 0;
    z = 5000000;

    /*@
      loop invariant 0 <= x <= 10000000;
      loop invariant z == 5000000 - (x >= 5000000 ? x - 5000000 : 0);
      loop assigns x, z;
    */
    while(x < 10000000) {
       if(x >= 5000000)
       z--;
       x++;
    }

    /*@ assert z == 0; */
}

2025-12-27 12:26:41,517 - INFO  - syntax Correct
2025-12-27 12:26:42,569 - INFO  - Validate:
2025-12-27 12:26:42,569 - INFO  - [True, True]
2025-12-27 12:26:42,569 - INFO  - 
2025-12-27 12:26:42,569 - INFO  - Verify:
2025-12-27 12:26:42,569 - INFO  - [True]
2025-12-27 12:26:42,569 - INFO  - 
2025-12-27 12:26:42,570 - INFO  - CORRECT INVARIANT
2025-12-27 12:26:44,526 - INFO  - ==================================================
2025-12-27 12:26:44,526 - INFO  - first_pass:
2025-12-27 12:26:44,526 - INFO  - syntax=1, valid=1,satisfy=1
2025-12-27 12:26:44,527 - INFO  - ==================================================
2025-12-27 12:26:44,527 - INFO  - foo298.c after loop invariant generation: 

void foo298() {
    int x;
    int z;

    x = 0;
    z = 5000000;

    /*@
      loop invariant 0 <= x <= 10000000;
      loop invariant z == 5000000 - (x >= 5000000 ? x - 5000000 : 0);
      loop assigns x, z;
    */
    while(x < 10000000) {
       if(x >= 5000000)
       z--;
       x++;
    }

    /*@ assert z == 0; */
}

2025-12-27 12:26:44,755 - INFO  - ==================================================
2025-12-27 12:26:44,761 - INFO  - ⏰ OVERALL EXECUTION TIME STATISTICS
2025-12-27 12:26:44,761 - INFO  - Total execution time: 83.97 seconds (1.40 minutes)
2025-12-27 12:26:44,762 - INFO  - ==================================================
2025-12-27 12:26:44,762 - INFO  - ==================================================
2025-12-27 12:26:44,762 - INFO  - 📊 TOKEN USAGE STATISTICS
2025-12-27 12:26:44,763 - INFO  - Total API calls: 1
2025-12-27 12:26:44,763 - INFO  - Total prompt tokens (input): 4,431
2025-12-27 12:26:44,763 - INFO  - Total completion tokens (output): 303
2025-12-27 12:26:44,763 - INFO  - Total tokens: 4,734
2025-12-27 12:26:44,763 - INFO  - Average prompt tokens per call: 4431.0
2025-12-27 12:26:44,763 - INFO  - Average completion tokens per call: 303.0
2025-12-27 12:26:44,764 - INFO  - Average total tokens per call: 4734.0
2025-12-27 12:26:44,764 - INFO  - ==================================================
