2025-12-27 11:09:05,464 - INFO  - 
🚀 Starting generation of function: foo209
2025-12-27 11:09:05,464 - INFO  - 
FUNCTION INITIALIZATION
2025-12-27 11:09:05,464 - INFO  - ==================================================

2025-12-27 11:09:05,641 - INFO  - Initial pending functions: ['foo209', 'unknown']
2025-12-27 11:09:05,642 - INFO  - Now processing function unknown

2025-12-27 11:09:05,642 - INFO  - 
GENERATE ANNOTATION FOR foo209
2025-12-27 11:09:05,642 - INFO  - ==================================================

2025-12-27 11:09:05,642 - INFO  - Function foo209 has been initialized
2025-12-27 11:09:05,685 - INFO  - Content of ACSL foo209.c file to be inserted into template: 



void foo209() {

    int x;
    int y;
    int z;

    x = 0;
    y = 0;
    z = 0;


    while(unknown()){
       x = x + 1;
       y = y + 2;
       z = z + 3;
      }

    /*@ assert x >= 0; */

  }
2025-12-27 11:09:05,686 - INFO  - Content of pre-annotated foo209.c file: 

    #include "../verification_stdlib.h"
    #include "../verification_list.h"
    #include "../int_array_def.h"

    /*@ Extern Coq (Result: Assertion) */
    /*@ Extern Coq (Results: Z -> Assertion) */

        


void foo209() 

            /*@
            Require emp
            Ensure Results(__return)
            */
            {

    int x;
    int y;
    int z;

    x = 0;
    y = 0;
    z = 0;


    while(unknown()){
       x = x + 1;
       y = y + 2;
       z = z + 3;
      }

    

  }
2025-12-27 11:09:05,687 - INFO  - 
GENERATE LOOP INVARIANT FOR foo209
2025-12-27 11:09:05,688 - INFO  - ==================================================

2025-12-27 11:09:05,749 - INFO  - file_name: foo209
2025-12-27 11:09:05,816 - DEBUG  - INNER_FLAG: False
2025-12-27 11:09:05,817 - INFO  - Variable Maps:[{'z': '0', 'y': '0', 'x': '0'}]
2025-12-27 11:09:05,817 - INFO  - Path conditions: [None]
2025-12-27 11:09:05,817 - INFO  - Pre condition: (z == 0) * (y == 0) * (x == 0)
2025-12-27 11:09:05,818 - INFO  - Loop Condition: unknown()
2025-12-27 11:09:05,818 - INFO  - Array Names: []
2025-12-27 11:09:05,818 - INFO  - Updated Loop Conditions: ['unknown()']
2025-12-27 11:09:05,819 - INFO  - Global Unchanged Variables: []
2025-12-27 11:09:05,819 - INFO  - Non Inductive Variables: []
2025-12-27 11:09:05,819 - INFO  - Unchanged Arrays (Read-only): []
2025-12-27 11:09:05,819 - INFO  - after assignments
2025-12-27 11:09:05,820 - INFO  - 
            
        /* >>> LOOP INVARIANT TO FILL <<< */
        
            /*@
            */
            while(unknown()){
       x = x + 1;
       y = y + 2;
       z = z + 3;
      }
            
2025-12-27 11:09:56,044 - INFO  - think in natural language: ### **Comprehensive Loop Verification Analysis**

---

#### **a. Loop Purpose and Structure**
- **Purpose**: The loop increments three variables (`x`, `y`, and `z`) by different amounts (`1`, `2`, and `3`, respectively) in each iteration. The loop continues executing as long as the function `unknown()` returns a non-zero value (true). The post-condition asserts that `x` is non-negative (`x >= 0`), which is trivially true given the loop's behavior.
- **Structure**:
  - **Condition**: `while(unknown())` (loop runs while `unknown()` is true).
  - **Body**: 
    ```c
    x = x + 1;
    y = y + 2;
    z = z + 3;
    ```
  - **Variables**: 
    - `x`: Starts at `0`, incremented by `1` per iteration.
    - `y`: Starts at `0`, incremented by `2` per iteration.
    - `z`: Starts at `0`, incremented by `3` per iteration.

---

#### **b. Sample and Analyze Variable Values**
- **Pre-Loop Sampling**:
  - `x = 0`, `y = 0`, `z = 0`.
- **Post-Iteration Sampling** (assuming `unknown()` returns true for at least 5 iterations):
  - After iteration 1: `x = 1`, `y = 2`, `z = 3`.
  - After iteration 2: `x = 2`, `y = 4`, `z = 6`.
  - After iteration 3: `x = 3`, `y = 6`, `z = 9`.
  - After iteration 4: `x = 4`, `y = 8`, `z = 12`.
  - After iteration 5: `x = 5`, `y = 10`, `z = 15`.
- **Post-Loop Sampling** (if loop terminates after 5 iterations):
  - `x = 5`, `y = 10`, `z = 15`.

---

#### **c. Verification Goal Analysis**
- **Verification Goal (Post-condition)**: `x >= 0`.
- **Can the verification goal be part of the loop invariant?**
  - **YES**, because `x` is always non-negative:
    - Initially `x = 0` (so `x >= 0` holds).
    - Each iteration increments `x` by `1`, preserving `x >= 0`.
- **No modification is needed** since the post-condition is already a valid invariant.

---

#### **d. Loop Invariant Discussion**
- **Proposed Invariant**: 
  - `x >= 0 && y == 2 * x && z == 3 * x`.
- **Explanation**:
  - `x >= 0`: As discussed, `x` starts at `0` and grows monotonically.
  - `y == 2 * x`: `y` is always twice `x` because `y` increments by `2` when `x` increments by `1`.
  - `z == 3 * x`: Similarly, `z` is always three times `x` because `z` increments by `3` when `x` increments by `1`.
  - This invariant captures the relationship between all three variables.

---

#### **e. Establishment**
- **Pre-loop state**: `x = 0`, `y = 0`, `z = 0`.
- **Check invariant**:
  - `x >= 0`: `0 >= 0` holds.
  - `y == 2 * x`: `0 == 2 * 0` holds.
  - `z == 3 * x`: `0 == 3 * 0` holds.
- Thus, the invariant holds before the first iteration.

---

#### **f. Preservation**
- **Assumption**: Invariant holds at start of iteration (`x >= 0 && y == 2 * x && z == 3 * x`).
- **After iteration**:
  - `x_new = x + 1` (still `>= 0` since `x >= 0`).
  - `y_new = y + 2 = 2 * x + 2 = 2 * (x + 1) = 2 * x_new`.
  - `z_new = z + 3 = 3 * x + 3 = 3 * (x + 1) = 3 * x_new`.
- Thus, the invariant is preserved.

---

#### **g. Termination Analysis**
- **Termination condition**: `unknown()` returns false.
- **State at termination**:
  - The invariant still holds (`x >= 0 && y == 2 * x && z == 3 * x`).
  - The post-condition (`x >= 0`) is implied by the invariant.

---

#### **h. Post-condition Correctness**
- **Post-condition**: `x >= 0`.
- **Correctness**: 
  - The invariant (`x >= 0`) is always true, including at termination.
  - Thus, the post-condition is trivially satisfied.
- **Strengthening the post-condition**:
  - The post-condition could be strengthened to `x >= 0 && y == 2 * x && z == 3 * x` to fully capture the loop's effect.

---

### **Final Answer: Loop Invariant**
The loop invariant is:
```c
/*@
  loop invariant x >= 0;
  loop invariant y == 2 * x;
  loop invariant z == 3 * x;
*/
```
This ensures that:
1. `x` is non-negative.
2. `y` is always twice `x`.
3. `z` is always three times `x`.

The invariant is established initially, preserved in each iteration, and implies the post-condition at termination.
2025-12-27 11:09:56,045 - INFO  - after const
2025-12-27 11:09:56,045 - INFO  - 
            
        /* >>> LOOP INVARIANT TO FILL <<< */
        
            /*@
            */
            while(unknown()){
       x = x + 1;
       y = y + 2;
       z = z + 3;
      }
            
2025-12-27 11:09:56,045 - INFO  - after not in
2025-12-27 11:09:56,045 - INFO  - 
            
        /* >>> LOOP INVARIANT TO FILL <<< */
        
            /*@
            */
            while(unknown()){
       x = x + 1;
       y = y + 2;
       z = z + 3;
      }
            
2025-12-27 11:09:56,046 - INFO  - after vars
2025-12-27 11:09:56,046 - INFO  - 
            
        /* >>> LOOP INVARIANT TO FILL <<< */
        
            /*@
          loop invariant  PLACE_HOLDER_x ;
          loop invariant  PLACE_HOLDER_y ;
          loop invariant  PLACE_HOLDER_z ;
            */
            while(unknown()){
       x = x + 1;
       y = y + 2;
       z = z + 3;
      }
            
2025-12-27 11:09:56,046 - INFO  - after verification goal
2025-12-27 11:09:56,046 - INFO  - 
            
        /* >>> LOOP INVARIANT TO FILL <<< */
        
            /*@
          loop invariant  PLACE_HOLDER_VERFICATION_GOAL ;
          loop invariant  PLACE_HOLDER_x ;
          loop invariant  PLACE_HOLDER_y ;
          loop invariant  PLACE_HOLDER_z ;
            */
            while(unknown()){
       x = x + 1;
       y = y + 2;
       z = z + 3;
      }
            
2025-12-27 11:09:56,047 - INFO  - annotated_callee_str: 


2025-12-27 11:09:56,055 - INFO  - Content of loop template: 


void foo209() {

    int x;
    int y;
    int z;

    x = 0;
    y = 0;
    z = 0;


    
            
        /* >>> LOOP INVARIANT TO FILL <<< */
        
            /*@
          PLACE_HOLDER_LOOP
            */
            while(unknown()){
       x = x + 1;
       y = y + 2;
       z = z + 3;
      }
            

    /*@ assert x >= 0; */

  }
2025-12-27 11:09:56,056 - INFO  - annotated_callee_str: 


2025-12-27 11:09:56,062 - INFO  - Content of loop template: 


void foo209() {

    int x;
    int y;
    int z;

    x = 0;
    y = 0;
    z = 0;


    
            
        /* >>> LOOP INVARIANT TO FILL <<< */
        
            /*@
          loop invariant  PLACE_HOLDER_x ;
          loop invariant  PLACE_HOLDER_y ;
          loop invariant  PLACE_HOLDER_z ;
            */
            while(unknown()){
       x = x + 1;
       y = y + 2;
       z = z + 3;
      }
            

    /*@ assert x >= 0; */

  }
2025-12-27 11:09:56,062 - INFO  - annotated_callee_str: 


2025-12-27 11:09:56,068 - INFO  - Content of loop template: 


void foo209() {

    int x;
    int y;
    int z;

    x = 0;
    y = 0;
    z = 0;


    
            
        /* >>> LOOP INVARIANT TO FILL <<< */
        
            /*@
          loop invariant  PLACE_HOLDER_VERFICATION_GOAL ;
          loop invariant  PLACE_HOLDER_x ;
          loop invariant  PLACE_HOLDER_y ;
          loop invariant  PLACE_HOLDER_z ;
            */
            while(unknown()){
       x = x + 1;
       y = y + 2;
       z = z + 3;
      }
            

    /*@ assert x >= 0; */

  }
2025-12-27 11:09:56,069 - DEBUG  - user_prompt_traival
2025-12-27 11:09:56,069 - DEBUG  - ### Role: ###
You are a helpful AI software assistant specializing in reasoning about code behavior. Your task is to analyze C programs and identify loop invariants that can be used to verify program properties using Frama-C.

### Task: ###
Given a C program with a loop, generate the necessary loop invariants in ACSL (ANSI/ISO C Specification Language) annotations. These invariants will help Frama-C verify the post-condition of the program.



Inputs:
- The pre-condition before the loop begins execution.
- A full C loop program with invariant annotations containing `PLACE_HOLDER` that need to be filled.

### Output: ###
Provide the complete C code with the loop invariant and other relevant ACSL annotations, where all placeholders are correctly filled in ```c ```.

### Rules: ###
- If you break any of these rules, my family will disown me.
- Do not modify any existing annotations or add new annotations. You are only allowed to replace the placeholders `PLACE_HOLDER` before loop.
- Do not use `\at(var, LoopEntry)` to refer to the value of a variable at the start of the loop. Instead, use the value specified in the pre-condition.
- Do not generate loop variant.
- Only use keywords and constructs supported in ACSL annotations for loops.
- Do not generate any natural language explanations after ACSL annotations.
- When `unknown()` used as the loop condition, the number of loop iterations can be any non-negative integer, and the invariant must hold for all cases.
- You are only allowed to fill `PLACE_HOLDER` for `loop invariant` and `loop assigns`, do not generate any `requires` or `ensures` or `loop variant`.





Consider the following C loop:

Pre-condition: `(z == 0) * (y == 0) * (x == 0)`

Loop program: `


void foo209() {

    int x;
    int y;
    int z;

    x = 0;
    y = 0;
    z = 0;


    
            
        /* >>> LOOP INVARIANT TO FILL <<< */
        
            /*@
          PLACE_HOLDER_LOOP
            */
            while(unknown()){
       x = x + 1;
       y = y + 2;
       z = z + 3;
      }
            

    /*@ assert x >= 0; */

  }`



2025-12-27 11:09:56,069 - DEBUG  - user_prompt_template
2025-12-27 11:09:56,069 - DEBUG  - ### Role: ###
You are a helpful AI software assistant specializing in reasoning about code behavior. Your task is to analyze C programs and identify loop invariants that can be used to verify program properties using Frama-C.

### Task: ###
Given a C program with a loop, generate the necessary loop invariants in ACSL (ANSI/ISO C Specification Language) annotations. These invariants will help Frama-C verify the post-condition of the program.



Inputs:
- The pre-condition before the loop begins execution.
- A full C loop program with invariant annotations containing `PLACE_HOLDER` that need to be filled.

### Output: ###
Provide the complete C code with the loop invariant and other relevant ACSL annotations, where all placeholders are correctly filled in ```c ```.

### Rules: ###
- If you break any of these rules, my family will disown me.
- Do not modify any existing annotations or add new annotations. You are only allowed to replace the placeholders `PLACE_HOLDER` before loop.
- Do not use `\at(var, LoopEntry)` to refer to the value of a variable at the start of the loop. Instead, use the value specified in the pre-condition.
- Do not generate loop variant.
- Only use keywords and constructs supported in ACSL annotations for loops.
- Do not generate any natural language explanations after ACSL annotations.
- When `unknown()` used as the loop condition, the number of loop iterations can be any non-negative integer, and the invariant must hold for all cases.
- You are only allowed to fill `PLACE_HOLDER` for `loop invariant` and `loop assigns`, do not generate any `requires` or `ensures` or `loop variant`.

- Generate loop invariants with equality constraints as comprehensively as possible.



Consider the following C loop:

Pre-condition: `(z == 0) * (y == 0) * (x == 0)`

Loop program: `


void foo209() {

    int x;
    int y;
    int z;

    x = 0;
    y = 0;
    z = 0;


    
            
        /* >>> LOOP INVARIANT TO FILL <<< */
        
            /*@
          loop invariant  PLACE_HOLDER_x ;
          loop invariant  PLACE_HOLDER_y ;
          loop invariant  PLACE_HOLDER_z ;
            */
            while(unknown()){
       x = x + 1;
       y = y + 2;
       z = z + 3;
      }
            

    /*@ assert x >= 0; */

  }`



2025-12-27 11:09:56,069 - DEBUG  - user_prompt_verification
2025-12-27 11:09:56,069 - DEBUG  - ### Role: ###
You are a helpful AI software assistant specializing in reasoning about code behavior. Your task is to analyze C programs and identify loop invariants that can be used to verify program properties using Frama-C.

### Task: ###
Given a C program with a loop, generate the necessary loop invariants in ACSL (ANSI/ISO C Specification Language) annotations. These invariants will help Frama-C verify the post-condition of the program.



Inputs:
- The pre-condition before the loop begins execution.
- A full C loop program with invariant annotations containing `PLACE_HOLDER` that need to be filled.

### Output: ###
Provide the complete C code with the loop invariant and other relevant ACSL annotations, where all placeholders are correctly filled in ```c ```.

### Rules: ###
- If you break any of these rules, my family will disown me.
- Do not modify any existing annotations or add new annotations. You are only allowed to replace the placeholders `PLACE_HOLDER` before loop.
- Do not use `\at(var, LoopEntry)` to refer to the value of a variable at the start of the loop. Instead, use the value specified in the pre-condition.
- Do not generate loop variant.
- Only use keywords and constructs supported in ACSL annotations for loops.
- Do not generate any natural language explanations after ACSL annotations.
- When `unknown()` used as the loop condition, the number of loop iterations can be any non-negative integer, and the invariant must hold for all cases.
- You are only allowed to fill `PLACE_HOLDER` for `loop invariant` and `loop assigns`, do not generate any `requires` or `ensures` or `loop variant`.

- Generate loop invariants with equality constraints as comprehensively as possible.
- Please first try to directly use the verification goal as the loop invariant at `PLACE_HOLDER_VERFICATION_GOAL`. Often, the verification goal (assertion) also holds throughout the loop; in that case, it can be used directly as the invariant.


Consider the following C loop:

Pre-condition: `(z == 0) * (y == 0) * (x == 0)`

Loop program: `


void foo209() {

    int x;
    int y;
    int z;

    x = 0;
    y = 0;
    z = 0;


    
            
        /* >>> LOOP INVARIANT TO FILL <<< */
        
            /*@
          loop invariant  PLACE_HOLDER_VERFICATION_GOAL ;
          loop invariant  PLACE_HOLDER_x ;
          loop invariant  PLACE_HOLDER_y ;
          loop invariant  PLACE_HOLDER_z ;
            */
            while(unknown()){
       x = x + 1;
       y = y + 2;
       z = z + 3;
      }
            

    /*@ assert x >= 0; */

  }`



2025-12-27 11:10:00,797 - DEBUG  - invgen reasoning
2025-12-27 11:10:00,797 - DEBUG  - ```c
void foo209() {
    int x;
    int y;
    int z;

    x = 0;
    y = 0;
    z = 0;

    /*@
      loop invariant x >= 0;
      loop invariant y == 2 * x;
      loop invariant z == 3 * x;
      loop assigns x, y, z;
    */
    while(unknown()) {
       x = x + 1;
       y = y + 2;
       z = z + 3;
    }

    /*@ assert x >= 0; */
}
```
2025-12-27 11:10:12,270 - DEBUG  - invgen reasoning
2025-12-27 11:10:12,271 - DEBUG  - ```c
void foo209() {
    int x;
    int y;
    int z;

    x = 0;
    y = 0;
    z = 0;

    /*@
      loop invariant x >= 0;
      loop invariant y == 2 * x;
      loop invariant z == 3 * x;
      loop assigns x, y, z;
    */
    while(unknown()) {
       x = x + 1;
       y = y + 2;
       z = z + 3;
    }

    /*@ assert x >= 0; */
}
```
2025-12-27 11:10:20,307 - DEBUG  - invgen reasoning
2025-12-27 11:10:20,307 - DEBUG  - ```c
void foo209() {
    int x;
    int y;
    int z;

    x = 0;
    y = 0;
    z = 0;

    /*@
      loop invariant x >= 0;  // Verification goal as invariant
      loop invariant y == 2 * x;
      loop invariant z == 3 * x;
      loop assigns x, y, z;
    */
    while(unknown()) {
       x = x + 1;
       y = y + 2;
       z = z + 3;
    }

    /*@ assert x >= 0; */
}
```
2025-12-27 11:10:20,307 - INFO  - candidated loop invariant
2025-12-27 11:10:20,307 - INFO  - 
void foo209() {
    int x;
    int y;
    int z;

    x = 0;
    y = 0;
    z = 0;

    /*@
      loop invariant x >= 0;
      loop invariant y == 2 * x;
      loop invariant z == 3 * x;
      loop assigns x, y, z;
    */
    while(unknown()) {
       x = x + 1;
       y = y + 2;
       z = z + 3;
    }

    /*@ assert x >= 0; */
}

2025-12-27 11:10:20,909 - INFO  - syntax Correct
2025-12-27 11:10:21,502 - INFO  - Validate:
2025-12-27 11:10:21,502 - INFO  - [True, True, True]
2025-12-27 11:10:21,503 - INFO  - 
2025-12-27 11:10:21,503 - INFO  - Verify:
2025-12-27 11:10:21,503 - INFO  - [True]
2025-12-27 11:10:21,503 - INFO  - 
2025-12-27 11:10:21,503 - INFO  - loop invariant annotated
2025-12-27 11:10:21,504 - INFO  - 
void foo209() {
    int x;
    int y;
    int z;

    x = 0;
    y = 0;
    z = 0;

    /*@
      loop invariant x >= 0;
      loop invariant y == 2 * x;
      loop invariant z == 3 * x;
      loop assigns x, y, z;
    */
    while(unknown()) {
       x = x + 1;
       y = y + 2;
       z = z + 3;
    }

    /*@ assert x >= 0; */
}

2025-12-27 11:10:22,703 - INFO  - ACSL format loop invariant
2025-12-27 11:10:22,704 - INFO  - /*@
      loop invariant x >= 0;
      loop invariant y == 2 * x;
      loop invariant z == 3 * x;
      loop assigns x, y, z;
    */
    while(unknown()) {
       x = x + 1;
       y = y + 2;
       z = z + 3;
    }
2025-12-27 11:10:22,704 - INFO  - VST format loop invariant
2025-12-27 11:10:22,705 - INFO  - /*@ Inv
    (x >= 0) &&
(y == 2 * x) &&
(z == 3 * x
      loop assigns x, y, z)
    */
    
    while(unknown()) {
       x = x + 1;
       y = y + 2;
       z = z + 3;
    }
2025-12-27 11:10:22,705 - INFO  - PARTIAL CORRECT INVARIANT
2025-12-27 11:10:22,705 - INFO  - continue symbolic execution
2025-12-27 11:10:22,705 - INFO  - 
void foo209() {
    int x;
    int y;
    int z;

    x = 0;
    y = 0;
    z = 0;

    /*@
      loop invariant x >= 0;
      loop invariant y == 2 * x;
      loop invariant z == 3 * x;
      loop assigns x, y, z;
    */
    while(unknown()) {
       x = x + 1;
       y = y + 2;
       z = z + 3;
    }

    /*@ assert x >= 0; */
}

2025-12-27 11:10:23,411 - INFO  - syntax Correct
2025-12-27 11:10:24,030 - INFO  - Validate:
2025-12-27 11:10:24,030 - INFO  - [True, True, True]
2025-12-27 11:10:24,030 - INFO  - 
2025-12-27 11:10:24,031 - INFO  - Verify:
2025-12-27 11:10:24,031 - INFO  - [True]
2025-12-27 11:10:24,031 - INFO  - 
2025-12-27 11:10:24,031 - INFO  - CORRECT INVARIANT
2025-12-27 11:10:25,275 - INFO  - ==================================================
2025-12-27 11:10:25,275 - INFO  - first_pass:
2025-12-27 11:10:25,275 - INFO  - syntax=1, valid=1,satisfy=1
2025-12-27 11:10:25,276 - INFO  - ==================================================
2025-12-27 11:10:25,276 - INFO  - foo209.c after loop invariant generation: 

void foo209() {
    int x;
    int y;
    int z;

    x = 0;
    y = 0;
    z = 0;

    /*@
      loop invariant x >= 0;
      loop invariant y == 2 * x;
      loop invariant z == 3 * x;
      loop assigns x, y, z;
    */
    while(unknown()) {
       x = x + 1;
       y = y + 2;
       z = z + 3;
    }

    /*@ assert x >= 0; */
}

2025-12-27 11:10:25,451 - INFO  - ==================================================
2025-12-27 11:10:25,457 - INFO  - ⏰ OVERALL EXECUTION TIME STATISTICS
2025-12-27 11:10:25,457 - INFO  - Total execution time: 79.99 seconds (1.33 minutes)
2025-12-27 11:10:25,457 - INFO  - ==================================================
2025-12-27 11:10:25,457 - INFO  - ==================================================
2025-12-27 11:10:25,457 - INFO  - 📊 TOKEN USAGE STATISTICS
2025-12-27 11:10:25,458 - INFO  - Total API calls: 5
2025-12-27 11:10:25,458 - INFO  - Total prompt tokens (input): 29,042
2025-12-27 11:10:25,458 - INFO  - Total completion tokens (output): 2,263
2025-12-27 11:10:25,458 - INFO  - Total tokens: 31,305
2025-12-27 11:10:25,458 - INFO  - Average prompt tokens per call: 5808.4
2025-12-27 11:10:25,458 - INFO  - Average completion tokens per call: 452.6
2025-12-27 11:10:25,459 - INFO  - Average total tokens per call: 6261.0
2025-12-27 11:10:25,459 - INFO  - ==================================================
