2025-12-27 11:10:25,460 - INFO  - 
🚀 Starting generation of function: foo267
2025-12-27 11:10:25,460 - INFO  - 
FUNCTION INITIALIZATION
2025-12-27 11:10:25,460 - INFO  - ==================================================

2025-12-27 11:10:25,634 - INFO  - Initial pending functions: ['foo267']
2025-12-27 11:10:25,635 - INFO  - 
GENERATE ANNOTATION FOR foo267
2025-12-27 11:10:25,635 - INFO  - ==================================================

2025-12-27 11:10:25,635 - INFO  - Function foo267 has been initialized
2025-12-27 11:10:25,680 - INFO  - Content of ACSL foo267.c file to be inserted into template: 

/*@
    requires n >= 1 && k >= n;
    */
    
void foo267(int k, int n) {

    int j;

    j = 0;


    while (j <= n - 1) {
       j = j + 1;
       k = k - 1;
      }

    /*@ assert k >= 0; */

  }
2025-12-27 11:10:25,681 - INFO  - Content of pre-annotated foo267.c file: 

    #include "../verification_stdlib.h"
    #include "../verification_list.h"
    #include "../int_array_def.h"

    /*@ Extern Coq (Result: Assertion) */
    /*@ Extern Coq (Results: Z -> Assertion) */

        

void foo267(int k, int n) 

            /*@
            Require n >= 1 && k >= n
            Ensure Results(__return)
            */
            {

    int j;

    j = 0;


    while (j <= n - 1) {
       j = j + 1;
       k = k - 1;
      }

    

  }
2025-12-27 11:10:25,682 - INFO  - 
GENERATE LOOP INVARIANT FOR foo267
2025-12-27 11:10:25,682 - INFO  - ==================================================

2025-12-27 11:10:25,744 - INFO  - file_name: foo267
2025-12-27 11:10:25,819 - DEBUG  - INNER_FLAG: False
2025-12-27 11:10:25,820 - INFO  - Variable Maps:[{'j': '0', 'n': 'n@pre', 'k': 'k@pre'}]
2025-12-27 11:10:25,821 - INFO  - Path conditions: ['n@pre >= 1 && k@pre >= n@pre']
2025-12-27 11:10:25,821 - INFO  - Pre condition: n@pre >= 1 && k@pre >= n@pre && (j == 0) * (n == n@pre) * (k == k@pre)
2025-12-27 11:10:25,821 - INFO  - Loop Condition: j <= n - 1
2025-12-27 11:10:25,822 - INFO  - Array Names: []
2025-12-27 11:10:25,822 - INFO  - Updated Loop Conditions: ['0 <= n@pre - 1']
2025-12-27 11:10:25,822 - INFO  - Global Unchanged Variables: ['n']
2025-12-27 11:10:25,822 - INFO  - Non Inductive Variables: []
2025-12-27 11:10:25,823 - INFO  - Unchanged Arrays (Read-only): []
2025-12-27 11:10:25,823 - INFO  - after assignments
2025-12-27 11:10:25,823 - INFO  - 
            
        /* >>> LOOP INVARIANT TO FILL <<< */
        
            /*@
            */
            while (j <= n - 1) {
       j = j + 1;
       k = k - 1;
      }
            
2025-12-27 11:11:05,668 - INFO  - think in natural language: ### a. Loop Purpose and Structure

**Purpose:**  
The loop's purpose is to increment `j` from `0` to `n - 1` (inclusive) while decrementing `k` by `1` in each iteration. The loop effectively transfers a "count" from `k` to `j` until `j` reaches `n - 1`.

**Structure:**  
- **Governing Condition:** `while (j <= n - 1)`  
  The loop continues as long as `j` is less than or equal to `n - 1`.
- **Operations in Loop Body:**  
  - `j = j + 1;` (increment `j` by `1`)  
  - `k = k - 1;` (decrement `k` by `1`)  
- **Relevant Variables:**  
  - `j`: Loop counter, starts at `0`, increments by `1` each iteration.  
  - `k`: Decrements by `1` each iteration.  
  - `n`: Upper bound for `j`, remains constant.  

---

### b. Sample and Analyze Variable Values

Assume `n = 5` and `k = 10` (since `k >= n` is required by the pre-condition):

1. **Pre-Loop Sampling:**  
   - `j = 0`, `k = 10`, `n = 5`  
   - Loop condition: `0 <= 4` → `true`  

2. **Post-Iteration Sampling:**  
   - After 1st iteration: `j = 1`, `k = 9`  
   - After 2nd iteration: `j = 2`, `k = 8`  
   - After 3rd iteration: `j = 3`, `k = 7`  
   - After 4th iteration: `j = 4`, `k = 6`  
   - After 5th iteration: `j = 5`, `k = 5`  

3. **Post-Loop Sampling:**  
   - Loop condition: `5 <= 4` → `false`  
   - Final state: `j = 5`, `k = 5`  

---

### c. Verification Goal Analysis

**Verification Goal (Post-condition):** `k >= 0`  
This asserts that `k` must not be negative after the loop terminates.

**Can the Verification Goal Be an Invariant?**  
- **NO**, because `k >= 0` is not necessarily true during the loop. For example, if `k = n` initially, after `n` iterations, `k = 0`, which satisfies `k >= 0`. However, if `k < n` initially, the loop would violate `k >= 0` before termination.  
- The pre-condition `k >= n` ensures that `k` starts sufficiently large to avoid underflow.

**Modified Invariant:**  
To ensure `k >= 0` at termination, we need an invariant that captures the relationship between `j`, `k`, and `n`. A suitable invariant is:  
`k >= n - j`  

**Why This Works:**  
- At termination, `j = n`, so `k >= 0` (post-condition).  
- During the loop, `k` decreases as `j` increases, but `k >= n - j` is preserved.  

---

### d. Loop Invariant Discussion

**Proposed Invariant:**  
`k >= n - j`  

**Validity:**  
1. **Initialization:** Before the loop, `j = 0`, so `k >= n - 0` → `k >= n`, which matches the pre-condition.  
2. **Maintenance:** Each iteration increments `j` by `1` and decrements `k` by `1`. If `k >= n - j` held before the iteration, then after the iteration:  
   `k_new = k - 1 >= (n - j) - 1 = n - (j + 1) = n - j_new`.  
   Thus, the invariant holds.  
3. **Termination:** When the loop exits, `j > n - 1` (i.e., `j >= n`). From the invariant:  
   `k >= n - j` and `j >= n` → `k >= 0`.  

---

### e. Establishment

**Pre-condition:** `n >= 1 && k >= n`  
- At loop entry, `j = 0`, so the invariant `k >= n - j` simplifies to `k >= n`, which is exactly the pre-condition. Thus, the invariant holds initially.  

---

### f. Preservation

Assume the invariant holds at the start of an iteration:  
`k_old >= n - j_old`  

Loop body executes:  
- `j_new = j_old + 1`  
- `k_new = k_old - 1`  

Substitute into the invariant:  
`k_new >= n - j_new`  
→ `k_old - 1 >= n - (j_old + 1)`  
→ `k_old >= n - j_old` (matches the assumption).  

Thus, the invariant is preserved.  

---

### g. Termination Analysis

**Termination Condition:** `j > n - 1` (i.e., `j >= n`)  
From the invariant:  
`k >= n - j` and `j >= n` → `k >= 0`  

**Final State:**  
- `j = n` (since `j` increments to `n` exactly)  
- `k = initial_k - n` (since `k` is decremented `n` times)  

Given `initial_k >= n`, `k >= 0` holds.  

---

### h. Post-condition Correctness

**Post-condition:** `k >= 0`  
- The invariant `k >= n - j` holds throughout the loop.  
- At termination, `j >= n`, so `k >= 0`.  
- Thus, the post-condition is correct.  

**Conclusion:**  
The loop invariant `k >= n - j` is valid, and the post-condition `k >= 0` is satisfied.  

---

### Final Answer (Loop Invariant to Fill):

```c
/*@ loop invariant k >= n - j; */
while (j <= n - 1) {
    j = j + 1;
    k = k - 1;
}
```
2025-12-27 11:11:05,669 - INFO  - after const
2025-12-27 11:11:05,669 - INFO  - 
            
        /* >>> LOOP INVARIANT TO FILL <<< */
        
            /*@
          loop invariant n == \at(n,Pre);
            */
            while (j <= n - 1) {
       j = j + 1;
       k = k - 1;
      }
            
2025-12-27 11:11:05,670 - INFO  - after not in
2025-12-27 11:11:05,670 - INFO  - 
            
        /* >>> LOOP INVARIANT TO FILL <<< */
        
            /*@
          loop invariant (!(0 <= \at(n,Pre) - 1)) ==> ((j == 0)&&(n == \at(n,Pre))&&(k == \at(k,Pre)));
          loop invariant n == \at(n,Pre);
            */
            while (j <= n - 1) {
       j = j + 1;
       k = k - 1;
      }
            
2025-12-27 11:11:05,670 - INFO  - after vars
2025-12-27 11:11:05,670 - INFO  - 
            
        /* >>> LOOP INVARIANT TO FILL <<< */
        
            /*@
          loop invariant (0 <= \at(n,Pre) - 1) ==> (PLACE_HOLDER_k) ;
          loop invariant (0 <= \at(n,Pre) - 1) ==> (PLACE_HOLDER_j) ;
          loop invariant (!(0 <= \at(n,Pre) - 1)) ==> ((j == 0)&&(n == \at(n,Pre))&&(k == \at(k,Pre)));
          loop invariant n == \at(n,Pre);
            */
            while (j <= n - 1) {
       j = j + 1;
       k = k - 1;
      }
            
2025-12-27 11:11:05,670 - INFO  - after verification goal
2025-12-27 11:11:05,671 - INFO  - 
            
        /* >>> LOOP INVARIANT TO FILL <<< */
        
            /*@
          loop invariant (0 <= \at(n,Pre) - 1) ==> (PLACE_HOLDER_VERFICATION_GOAL);
          loop invariant (0 <= \at(n,Pre) - 1) ==> (PLACE_HOLDER_k) ;
          loop invariant (0 <= \at(n,Pre) - 1) ==> (PLACE_HOLDER_j) ;
          loop invariant (!(0 <= \at(n,Pre) - 1)) ==> ((j == 0)&&(n == \at(n,Pre))&&(k == \at(k,Pre)));
          loop invariant n == \at(n,Pre);
            */
            while (j <= n - 1) {
       j = j + 1;
       k = k - 1;
      }
            
2025-12-27 11:11:05,679 - INFO  - Content of loop template: 

/*@
    requires n >= 1 && k >= n;
    */
    
void foo267(int k, int n) {

    int j;

    j = 0;


    
            
        /* >>> LOOP INVARIANT TO FILL <<< */
        
            /*@
          PLACE_HOLDER_LOOP
            */
            while (j <= n - 1) {
       j = j + 1;
       k = k - 1;
      }
            

    /*@ assert k >= 0; */

  }
2025-12-27 11:11:05,686 - INFO  - Content of loop template: 

/*@
    requires n >= 1 && k >= n;
    */
    
void foo267(int k, int n) {

    int j;

    j = 0;


    
            
        /* >>> LOOP INVARIANT TO FILL <<< */
        
            /*@
          loop invariant (0 <= \at(n,Pre) - 1) ==> (PLACE_HOLDER_k) ;
          loop invariant (0 <= \at(n,Pre) - 1) ==> (PLACE_HOLDER_j) ;
          loop invariant (!(0 <= \at(n,Pre) - 1)) ==> ((j == 0)&&(n == \at(n,Pre))&&(k == \at(k,Pre)));
          loop invariant n == \at(n,Pre);
            */
            while (j <= n - 1) {
       j = j + 1;
       k = k - 1;
      }
            

    /*@ assert k >= 0; */

  }
2025-12-27 11:11:05,692 - INFO  - Content of loop template: 

/*@
    requires n >= 1 && k >= n;
    */
    
void foo267(int k, int n) {

    int j;

    j = 0;


    
            
        /* >>> LOOP INVARIANT TO FILL <<< */
        
            /*@
          loop invariant (0 <= \at(n,Pre) - 1) ==> (PLACE_HOLDER_VERFICATION_GOAL);
          loop invariant (0 <= \at(n,Pre) - 1) ==> (PLACE_HOLDER_k) ;
          loop invariant (0 <= \at(n,Pre) - 1) ==> (PLACE_HOLDER_j) ;
          loop invariant (!(0 <= \at(n,Pre) - 1)) ==> ((j == 0)&&(n == \at(n,Pre))&&(k == \at(k,Pre)));
          loop invariant n == \at(n,Pre);
            */
            while (j <= n - 1) {
       j = j + 1;
       k = k - 1;
      }
            

    /*@ assert k >= 0; */

  }
2025-12-27 11:11:05,692 - DEBUG  - user_prompt_traival
2025-12-27 11:11:05,692 - DEBUG  - ### Role: ###
You are a helpful AI software assistant specializing in reasoning about code behavior. Your task is to analyze C programs and identify loop invariants that can be used to verify program properties using Frama-C.

### Task: ###
Given a C program with a loop, generate the necessary loop invariants in ACSL (ANSI/ISO C Specification Language) annotations. These invariants will help Frama-C verify the post-condition of the program.



Inputs:
- The pre-condition before the loop begins execution.
- A full C loop program with invariant annotations containing `PLACE_HOLDER` that need to be filled.

### Output: ###
Provide the complete C code with the loop invariant and other relevant ACSL annotations, where all placeholders are correctly filled in ```c ```.

### Rules: ###
- If you break any of these rules, my family will disown me.
- Do not modify any existing annotations or add new annotations. You are only allowed to replace the placeholders `PLACE_HOLDER` before loop.
- Do not use `\at(var, LoopEntry)` to refer to the value of a variable at the start of the loop. Instead, use the value specified in the pre-condition.
- Do not generate loop variant.
- Only use keywords and constructs supported in ACSL annotations for loops.
- Do not generate any natural language explanations after ACSL annotations.
- When `unknown()` used as the loop condition, the number of loop iterations can be any non-negative integer, and the invariant must hold for all cases.
- You are only allowed to fill `PLACE_HOLDER` for `loop invariant` and `loop assigns`, do not generate any `requires` or `ensures` or `loop variant`.





Consider the following C loop:

Pre-condition: `\at(n,Pre) >= 1 && \at(k,Pre) >= \at(n,Pre) && (j == 0) * (n == \at(n,Pre)) * (k == \at(k,Pre))`

Loop program: `

/*@
    requires n >= 1 && k >= n;
    */
    
void foo267(int k, int n) {

    int j;

    j = 0;


    
            
        /* >>> LOOP INVARIANT TO FILL <<< */
        
            /*@
          PLACE_HOLDER_LOOP
            */
            while (j <= n - 1) {
       j = j + 1;
       k = k - 1;
      }
            

    /*@ assert k >= 0; */

  }`



2025-12-27 11:11:05,692 - DEBUG  - user_prompt_template
2025-12-27 11:11:05,692 - DEBUG  - ### Role: ###
You are a helpful AI software assistant specializing in reasoning about code behavior. Your task is to analyze C programs and identify loop invariants that can be used to verify program properties using Frama-C.

### Task: ###
Given a C program with a loop, generate the necessary loop invariants in ACSL (ANSI/ISO C Specification Language) annotations. These invariants will help Frama-C verify the post-condition of the program.



Inputs:
- The pre-condition before the loop begins execution.
- A full C loop program with invariant annotations containing `PLACE_HOLDER` that need to be filled.

### Output: ###
Provide the complete C code with the loop invariant and other relevant ACSL annotations, where all placeholders are correctly filled in ```c ```.

### Rules: ###
- If you break any of these rules, my family will disown me.
- Do not modify any existing annotations or add new annotations. You are only allowed to replace the placeholders `PLACE_HOLDER` before loop.
- Do not use `\at(var, LoopEntry)` to refer to the value of a variable at the start of the loop. Instead, use the value specified in the pre-condition.
- Do not generate loop variant.
- Only use keywords and constructs supported in ACSL annotations for loops.
- Do not generate any natural language explanations after ACSL annotations.
- When `unknown()` used as the loop condition, the number of loop iterations can be any non-negative integer, and the invariant must hold for all cases.
- You are only allowed to fill `PLACE_HOLDER` for `loop invariant` and `loop assigns`, do not generate any `requires` or `ensures` or `loop variant`.

- Generate loop invariants with equality constraints as comprehensively as possible.



Consider the following C loop:

Pre-condition: `\at(n,Pre) >= 1 && \at(k,Pre) >= \at(n,Pre) && (j == 0) * (n == \at(n,Pre)) * (k == \at(k,Pre))`

Loop program: `

/*@
    requires n >= 1 && k >= n;
    */
    
void foo267(int k, int n) {

    int j;

    j = 0;


    
            
        /* >>> LOOP INVARIANT TO FILL <<< */
        
            /*@
          loop invariant (0 <= \at(n,Pre) - 1) ==> (PLACE_HOLDER_k) ;
          loop invariant (0 <= \at(n,Pre) - 1) ==> (PLACE_HOLDER_j) ;
          loop invariant (!(0 <= \at(n,Pre) - 1)) ==> ((j == 0)&&(n == \at(n,Pre))&&(k == \at(k,Pre)));
          loop invariant n == \at(n,Pre);
            */
            while (j <= n - 1) {
       j = j + 1;
       k = k - 1;
      }
            

    /*@ assert k >= 0; */

  }`



2025-12-27 11:11:05,692 - DEBUG  - user_prompt_verification
2025-12-27 11:11:05,693 - DEBUG  - ### Role: ###
You are a helpful AI software assistant specializing in reasoning about code behavior. Your task is to analyze C programs and identify loop invariants that can be used to verify program properties using Frama-C.

### Task: ###
Given a C program with a loop, generate the necessary loop invariants in ACSL (ANSI/ISO C Specification Language) annotations. These invariants will help Frama-C verify the post-condition of the program.



Inputs:
- The pre-condition before the loop begins execution.
- A full C loop program with invariant annotations containing `PLACE_HOLDER` that need to be filled.

### Output: ###
Provide the complete C code with the loop invariant and other relevant ACSL annotations, where all placeholders are correctly filled in ```c ```.

### Rules: ###
- If you break any of these rules, my family will disown me.
- Do not modify any existing annotations or add new annotations. You are only allowed to replace the placeholders `PLACE_HOLDER` before loop.
- Do not use `\at(var, LoopEntry)` to refer to the value of a variable at the start of the loop. Instead, use the value specified in the pre-condition.
- Do not generate loop variant.
- Only use keywords and constructs supported in ACSL annotations for loops.
- Do not generate any natural language explanations after ACSL annotations.
- When `unknown()` used as the loop condition, the number of loop iterations can be any non-negative integer, and the invariant must hold for all cases.
- You are only allowed to fill `PLACE_HOLDER` for `loop invariant` and `loop assigns`, do not generate any `requires` or `ensures` or `loop variant`.

- Generate loop invariants with equality constraints as comprehensively as possible.
- Please first try to directly use the verification goal as the loop invariant at `PLACE_HOLDER_VERFICATION_GOAL`. Often, the verification goal (assertion) also holds throughout the loop; in that case, it can be used directly as the invariant.


Consider the following C loop:

Pre-condition: `\at(n,Pre) >= 1 && \at(k,Pre) >= \at(n,Pre) && (j == 0) * (n == \at(n,Pre)) * (k == \at(k,Pre))`

Loop program: `

/*@
    requires n >= 1 && k >= n;
    */
    
void foo267(int k, int n) {

    int j;

    j = 0;


    
            
        /* >>> LOOP INVARIANT TO FILL <<< */
        
            /*@
          loop invariant (0 <= \at(n,Pre) - 1) ==> (PLACE_HOLDER_VERFICATION_GOAL);
          loop invariant (0 <= \at(n,Pre) - 1) ==> (PLACE_HOLDER_k) ;
          loop invariant (0 <= \at(n,Pre) - 1) ==> (PLACE_HOLDER_j) ;
          loop invariant (!(0 <= \at(n,Pre) - 1)) ==> ((j == 0)&&(n == \at(n,Pre))&&(k == \at(k,Pre)));
          loop invariant n == \at(n,Pre);
            */
            while (j <= n - 1) {
       j = j + 1;
       k = k - 1;
      }
            

    /*@ assert k >= 0; */

  }`



2025-12-27 11:11:12,306 - DEBUG  - invgen reasoning
2025-12-27 11:11:12,306 - DEBUG  - ```c
/*@
    requires n >= 1 && k >= n;
*/
void foo267(int k, int n) {
    int j;
    j = 0;

    /*@
        loop invariant k >= n - j;
        loop assigns j, k;
    */
    while (j <= n - 1) {
        j = j + 1;
        k = k - 1;
    }

    /*@ assert k >= 0; */
}
```
2025-12-27 11:11:24,405 - DEBUG  - invgen reasoning
2025-12-27 11:11:24,405 - DEBUG  - ```c
/*@
    requires n >= 1 && k >= n;
*/
void foo267(int k, int n) {
    int j;
    j = 0;

    /*@
        loop invariant (0 <= \at(n,Pre) - 1) ==> (k == \at(k,Pre) - j);
        loop invariant (0 <= \at(n,Pre) - 1) ==> (j <= n);
        loop invariant (!(0 <= \at(n,Pre) - 1)) ==> ((j == 0)&&(n == \at(n,Pre))&&(k == \at(k,Pre)));
        loop invariant n == \at(n,Pre);
        loop assigns j, k;
    */
    while (j <= n - 1) {
        j = j + 1;
        k = k - 1;
    }

    /*@ assert k >= 0; */
}
```

The key improvements in this version are:

1. Added precise equality constraint `k == \at(k,Pre) - j` to track the exact relationship between k and j
2. Maintained the bound `j <= n` to ensure j doesn't exceed n
3. Kept the special case for when the loop doesn't execute
4. Preserved the `n == \at(n,Pre)` invariant since n never changes
5. Added `loop assigns` to specify which variables are modified

The invariants now completely capture:
- The exact mathematical relationship between k and j
- The bounds on j
- The special case when the loop doesn't execute
- The constancy of n

This provides Frama-C with all the necessary information to verify the post-condition `k >= 0`.
2025-12-27 11:11:38,116 - DEBUG  - invgen reasoning
2025-12-27 11:11:38,116 - DEBUG  - ```c
/*@
    requires n >= 1 && k >= n;
*/
void foo267(int k, int n) {
    int j;
    j = 0;

    /*@
        loop invariant (0 <= \at(n,Pre) - 1) ==> (k >= 0);
        loop invariant (0 <= \at(n,Pre) - 1) ==> (k == \at(k,Pre) - j);
        loop invariant (0 <= \at(n,Pre) - 1) ==> (j <= n);
        loop invariant (!(0 <= \at(n,Pre) - 1)) ==> ((j == 0)&&(n == \at(n,Pre))&&(k == \at(k,Pre)));
        loop invariant n == \at(n,Pre);
        loop assigns j, k;
    */
    while (j <= n - 1) {
        j = j + 1;
        k = k - 1;
    }

    /*@ assert k >= 0; */
}
```

Key points about this solution:

1. Used the verification goal `k >= 0` directly as the first invariant where applicable
2. Added the precise equality relationship `k == \at(k,Pre) - j` to track exact value changes
3. Maintained the bound `j <= n` to ensure loop counter doesn't exceed expected range
4. Preserved the special case for when loop doesn't execute
5. Kept the constant `n` invariant
6. Added `loop assigns` to specify modified variables

The invariants now:
- Directly include the verification goal
- Track exact value relationships
- Maintain all necessary bounds
- Handle all edge cases
- Are suitable for Frama-C verification
2025-12-27 11:11:38,117 - INFO  - candidated loop invariant
2025-12-27 11:11:38,117 - INFO  - 
/*@
    requires n >= 1 && k >= n;
*/
void foo267(int k, int n) {
    int j;
    j = 0;

    /*@
        loop invariant (0 <= \at(n,Pre) - 1) ==> (k == \at(k,Pre) - j);
        loop invariant (0 <= \at(n,Pre) - 1) ==> (j <= n);
        loop invariant (!(0 <= \at(n,Pre) - 1)) ==> ((j == 0)&&(n == \at(n,Pre))&&(k == \at(k,Pre)));
        loop invariant n == \at(n,Pre);
        loop assigns j, k;
    */
    while (j <= n - 1) {
        j = j + 1;
        k = k - 1;
    }

    /*@ assert k >= 0; */
}

2025-12-27 11:11:39,280 - INFO  - syntax Correct
2025-12-27 11:11:40,443 - INFO  - Validate:
2025-12-27 11:11:40,444 - INFO  - [True, True, True, True]
2025-12-27 11:11:40,444 - INFO  - 
2025-12-27 11:11:40,444 - INFO  - Verify:
2025-12-27 11:11:40,445 - INFO  - [True]
2025-12-27 11:11:40,445 - INFO  - 
2025-12-27 11:11:40,445 - INFO  - loop invariant annotated
2025-12-27 11:11:40,445 - INFO  - 
/*@
    requires n >= 1 && k >= n;
*/
void foo267(int k, int n) {
    int j;
    j = 0;

    /*@
        loop invariant (0 <= \at(n,Pre) - 1) ==> (k == \at(k,Pre) - j);
        loop invariant (0 <= \at(n,Pre) - 1) ==> (j <= n);
        loop invariant (!(0 <= \at(n,Pre) - 1)) ==> ((j == 0)&&(n == \at(n,Pre))&&(k == \at(k,Pre)));
        loop invariant n == \at(n,Pre);
        loop assigns j, k;
    */
    while (j <= n - 1) {
        j = j + 1;
        k = k - 1;
    }

    /*@ assert k >= 0; */
}

2025-12-27 11:11:42,577 - INFO  - ACSL format loop invariant
2025-12-27 11:11:42,577 - INFO  - /*@
        loop invariant (0 <= \at(n,Pre) - 1) ==> (k == \at(k,Pre) - j);
        loop invariant (0 <= \at(n,Pre) - 1) ==> (j <= n);
        loop invariant (!(0 <= \at(n,Pre) - 1)) ==> ((j == 0)&&(n == \at(n,Pre))&&(k == \at(k,Pre)));
        loop invariant n == \at(n,Pre);
        loop assigns j, k;
    */
    while (j <= n - 1) {
        j = j + 1;
        k = k - 1;
    }
2025-12-27 11:11:42,578 - INFO  - VST format loop invariant
2025-12-27 11:11:42,578 - INFO  - /*@ Inv
    ((0 <= n@pre - 1) => (k == k@pre - j)) &&
((0 <= n@pre - 1) => (j <= n)) &&
((!(0 <= n@pre - 1)) => ((j == 0)&&(n == n@pre)&&(k == k@pre))) &&
(n == n@pre
        loop assigns j, k)
    */
    
    while (j <= n - 1) {
        j = j + 1;
        k = k - 1;
    }
2025-12-27 11:11:42,579 - INFO  - PARTIAL CORRECT INVARIANT
2025-12-27 11:11:42,579 - INFO  - continue symbolic execution
2025-12-27 11:11:42,579 - INFO  - 
/*@
    requires n >= 1 && k >= n;
*/
void foo267(int k, int n) {
    int j;
    j = 0;

    /*@
        loop invariant (0 <= \at(n,Pre) - 1) ==> (k == \at(k,Pre) - j);
        loop invariant (0 <= \at(n,Pre) - 1) ==> (j <= n);
        loop invariant (!(0 <= \at(n,Pre) - 1)) ==> ((j == 0)&&(n == \at(n,Pre))&&(k == \at(k,Pre)));
        loop invariant n == \at(n,Pre);
        loop assigns j, k;
    */
    while (j <= n - 1) {
        j = j + 1;
        k = k - 1;
    }

    /*@ assert k >= 0; */
}

2025-12-27 11:11:43,611 - INFO  - syntax Correct
2025-12-27 11:11:44,774 - INFO  - Validate:
2025-12-27 11:11:44,774 - INFO  - [True, True, True, True]
2025-12-27 11:11:44,774 - INFO  - 
2025-12-27 11:11:44,774 - INFO  - Verify:
2025-12-27 11:11:44,774 - INFO  - [True]
2025-12-27 11:11:44,775 - INFO  - 
2025-12-27 11:11:44,775 - INFO  - CORRECT INVARIANT
2025-12-27 11:11:46,951 - INFO  - ==================================================
2025-12-27 11:11:46,952 - INFO  - first_pass:
2025-12-27 11:11:46,952 - INFO  - syntax=1, valid=1,satisfy=1
2025-12-27 11:11:46,952 - INFO  - ==================================================
2025-12-27 11:11:46,952 - INFO  - foo267.c after loop invariant generation: 

/*@
    requires n >= 1 && k >= n;
*/
void foo267(int k, int n) {
    int j;
    j = 0;

    /*@
        loop invariant (0 <= \at(n,Pre) - 1) ==> (k == \at(k,Pre) - j);
        loop invariant (0 <= \at(n,Pre) - 1) ==> (j <= n);
        loop invariant (!(0 <= \at(n,Pre) - 1)) ==> ((j == 0)&&(n == \at(n,Pre))&&(k == \at(k,Pre)));
        loop invariant n == \at(n,Pre);
        loop assigns j, k;
    */
    while (j <= n - 1) {
        j = j + 1;
        k = k - 1;
    }

    /*@ assert k >= 0; */
}

2025-12-27 11:11:47,174 - INFO  - ==================================================
2025-12-27 11:11:47,174 - INFO  - ⏰ OVERALL EXECUTION TIME STATISTICS
2025-12-27 11:11:47,174 - INFO  - Total execution time: 81.71 seconds (1.36 minutes)
2025-12-27 11:11:47,175 - INFO  - ==================================================
2025-12-27 11:11:47,175 - INFO  - ==================================================
2025-12-27 11:11:47,175 - INFO  - 📊 TOKEN USAGE STATISTICS
2025-12-27 11:11:47,175 - INFO  - Total API calls: 10
2025-12-27 11:11:47,175 - INFO  - Total prompt tokens (input): 59,948
2025-12-27 11:11:47,175 - INFO  - Total completion tokens (output): 5,595
2025-12-27 11:11:47,175 - INFO  - Total tokens: 65,543
2025-12-27 11:11:47,176 - INFO  - Average prompt tokens per call: 5994.8
2025-12-27 11:11:47,176 - INFO  - Average completion tokens per call: 559.5
2025-12-27 11:11:47,176 - INFO  - Average total tokens per call: 6554.3
2025-12-27 11:11:47,176 - INFO  - ==================================================
