2025-12-27 14:55:32,054 - INFO  - 
🚀 Starting generation of function: foo277
2025-12-27 14:55:32,055 - INFO  - 
FUNCTION INITIALIZATION
2025-12-27 14:55:32,055 - INFO  - ==================================================

2025-12-27 14:55:32,723 - INFO  - Initial pending functions: ['foo277']
2025-12-27 14:55:32,723 - INFO  - 
GENERATE ANNOTATION FOR foo277
2025-12-27 14:55:32,723 - INFO  - ==================================================

2025-12-27 14:55:32,723 - INFO  - Function foo277 has been initialized
2025-12-27 14:55:32,762 - INFO  - Content of ACSL foo277.c file to be inserted into template: 

/*@
    requires n >= 0 && n <= 20000001;
    */
    
void foo277(int n) {

    int i;
    int k;

    i = 0;
    k = n;


    while (i < n) {
       k--;
       i += 2;
      }

    /*@ assert 2 * k >= n - 1; */

  }
2025-12-27 14:55:32,763 - INFO  - Content of pre-annotated foo277.c file: 

    #include "../verification_stdlib.h"
    #include "../verification_list.h"
    #include "../int_array_def.h"

    /*@ Extern Coq (Result: Assertion) */
    /*@ Extern Coq (Results: Z -> Assertion) */

        

void foo277(int n) 

            /*@
            Require n >= 0 && n <= 20000001
            Ensure Results(__return)
            */
            {

    int i;
    int k;

    i = 0;
    k = n;


    while (i < n) {
       k--;
       i += 2;
      }

    

  }
2025-12-27 14:55:32,764 - INFO  - 
GENERATE LOOP INVARIANT FOR foo277
2025-12-27 14:55:32,764 - INFO  - ==================================================

2025-12-27 14:55:32,824 - INFO  - file_name: foo277
2025-12-27 14:55:32,920 - DEBUG  - INNER_FLAG: False
2025-12-27 14:55:32,921 - INFO  - Variable Maps:[{'k': 'n@pre', 'i': '0', 'n': 'n@pre'}]
2025-12-27 14:55:32,921 - INFO  - Path conditions: ['n@pre >= 0 && n@pre <= 20000001']
2025-12-27 14:55:32,921 - INFO  - Pre condition: n@pre >= 0 && n@pre <= 20000001 && (k == n@pre) * (i == 0) * (n == n@pre)
2025-12-27 14:55:32,922 - INFO  - Loop Condition: i < n
2025-12-27 14:55:32,922 - INFO  - Array Names: []
2025-12-27 14:55:32,922 - INFO  - Updated Loop Conditions: ['0 < n@pre']
2025-12-27 14:55:32,923 - INFO  - Global Unchanged Variables: ['n']
2025-12-27 14:55:32,923 - INFO  - Non Inductive Variables: []
2025-12-27 14:55:32,923 - INFO  - Unchanged Arrays (Read-only): []
2025-12-27 14:55:32,923 - INFO  - after assignments
2025-12-27 14:55:32,923 - INFO  - 
            
        /* >>> LOOP INVARIANT TO FILL <<< */
        
            /*@
            */
            while (i < n) {
       k--;
       i += 2;
      }
            
2025-12-27 14:56:08,060 - INFO  - think in natural language: ### **Comprehensive Loop Verification Analysis for `foo277`**

---

#### **a. Loop Purpose and Structure**
- **Purpose**: The loop decrements `k` by 1 and increments `i` by 2 in each iteration until `i` is no longer less than `n`. The goal is to ensure that after the loop terminates, the post-condition `2 * k >= n - 1` holds.
- **Structure**:
  - **Governing condition**: `while (i < n)`
  - **Body operations**:
    - `k--` (decrement `k` by 1)
    - `i += 2` (increment `i` by 2)
  - **Relevant variables**: `i`, `k`, `n`.

---

#### **b. Sample and Analyze Variable Values**
Assume `n = 6` for illustration (since `n` is arbitrary but constrained by `n >= 0 && n <= 20000001`).

| Step          | `i` | `k` | Loop Condition (`i < n`) |
|---------------|-----|-----|--------------------------|
| Pre-Loop      | 0   | 6   | True                     |
| After Iter 1  | 2   | 5   | True                     |
| After Iter 2  | 4   | 4   | True                     |
| After Iter 3  | 6   | 3   | False (terminates)        |

(Note: Only 3 iterations are needed for `n = 6`. For `n = 10`, samples would extend similarly.)

---

#### **c. Verification Goal Analysis**
- **Post-condition**: `2 * k >= n - 1`.
- **Can it be an invariant?** No, because:
  - During iterations, `k` decreases while `i` increases, so `2 * k >= n - 1` may not hold mid-loop (e.g., after Iter 2 in the table above, `2*4 >= 6-1` is false).
- **Modified invariant**: 
  - We need a relationship between `i`, `k`, and `n` that is preserved. A suitable candidate is:
    `i + 2 * k == 2 * n`.
  - **Establishment**: Holds initially (`i=0, k=n`: `0 + 2*n == 2*n`).
  - **Preservation**: Each iteration decrements `k` by 1 and increments `i` by 2, so `(i+2) + 2*(k-1) = i + 2*k = 2*n`.
  - **Termination**: At termination, `i >= n`. Combined with the invariant, this implies `2*k <= 2*n - i <= n` (since `i >= n`), which is close to the post-condition.

---

#### **d. Loop Invariant Discussion**
- **Proposed invariant**: 
  ```c
  /*@ loop invariant i + 2 * k == 2 * n; */
  ```
- **Explanation**:
  - The invariant captures the linear relationship between `i` and `k` enforced by the loop body. It holds initially, is preserved (as shown above), and at termination, it helps derive the post-condition.

---

#### **e. Establishment**
- **Pre-loop state**: `i = 0`, `k = n`.
- **Invariant check**: `0 + 2 * n == 2 * n` holds trivially.
- **Guarantee**: The pre-condition `n >= 0` ensures `k = n` is valid, and the invariant is established.

---

#### **f. Preservation**
- **Assumption**: At the start of an iteration, `i + 2*k == 2*n` and `i < n`.
- **After iteration**: 
  - `k` becomes `k-1`, `i` becomes `i+2`.
  - New sum: `(i+2) + 2*(k-1) = i + 2*k = 2*n`.
- **Conclusion**: The invariant is preserved.

---

#### **g. Termination Analysis**
- **Termination condition**: `i >= n`.
- **State at termination**:
  - From the invariant: `i + 2*k = 2*n`.
  - Since `i >= n`, we have `2*k <= 2*n - n = n`, so `k <= n/2`.
  - The post-condition `2*k >= n - 1` follows because:
    - If `n` is even, `i = n` and `k = n/2`, so `2*k = n >= n-1`.
    - If `n` is odd, `i = n+1` (smallest even >= n), so `k = (2*n - (n+1))/2 = (n-1)/2`, and `2*k = n-1 >= n-1`.

---

#### **h. Post-condition Correctness**
- **Post-condition**: `2 * k >= n - 1`.
- **Proof**:
  - At termination, the invariant `i + 2*k = 2*n` holds, and `i >= n`.
  - Thus, `2*k = 2*n - i <= 2*n - n = n`.
  - Since `i` increases by 2, for odd `n`, `i` overshoots to `n+1`, giving `2*k = n-1`.
  - Hence, `2*k >= n-1` is always true at termination.

---

### **Final Answer**
The loop invariant is:
```c
/*@ loop invariant i + 2 * k == 2 * n; */
```
This invariant is valid because it holds initially, is preserved in each iteration, and implies the post-condition `2 * k >= n - 1` upon termination. The post-condition is correct.
2025-12-27 14:56:08,060 - INFO  - after const
2025-12-27 14:56:08,060 - INFO  - 
            
        /* >>> LOOP INVARIANT TO FILL <<< */
        
            /*@
          loop invariant n == \at(n,Pre);
            */
            while (i < n) {
       k--;
       i += 2;
      }
            
2025-12-27 14:56:08,061 - INFO  - after not in
2025-12-27 14:56:08,061 - INFO  - 
            
        /* >>> LOOP INVARIANT TO FILL <<< */
        
            /*@
          loop invariant (!(0 < \at(n,Pre))) ==> ((k == \at(n,Pre))&&(i == 0)&&(n == \at(n,Pre)));
          loop invariant n == \at(n,Pre);
            */
            while (i < n) {
       k--;
       i += 2;
      }
            
2025-12-27 14:56:08,061 - INFO  - after vars
2025-12-27 14:56:08,061 - INFO  - 
            
        /* >>> LOOP INVARIANT TO FILL <<< */
        
            /*@
          loop invariant (0 < \at(n,Pre)) ==> (PLACE_HOLDER_i) ;
          loop invariant (0 < \at(n,Pre)) ==> (PLACE_HOLDER_k) ;
          loop invariant (!(0 < \at(n,Pre))) ==> ((k == \at(n,Pre))&&(i == 0)&&(n == \at(n,Pre)));
          loop invariant n == \at(n,Pre);
            */
            while (i < n) {
       k--;
       i += 2;
      }
            
2025-12-27 14:56:08,061 - INFO  - after verification goal
2025-12-27 14:56:08,061 - INFO  - 
            
        /* >>> LOOP INVARIANT TO FILL <<< */
        
            /*@
          loop invariant (0 < \at(n,Pre)) ==> (PLACE_HOLDER_VERFICATION_GOAL);
          loop invariant (0 < \at(n,Pre)) ==> (PLACE_HOLDER_i) ;
          loop invariant (0 < \at(n,Pre)) ==> (PLACE_HOLDER_k) ;
          loop invariant (!(0 < \at(n,Pre))) ==> ((k == \at(n,Pre))&&(i == 0)&&(n == \at(n,Pre)));
          loop invariant n == \at(n,Pre);
            */
            while (i < n) {
       k--;
       i += 2;
      }
            
2025-12-27 14:56:08,072 - INFO  - Content of loop template: 

/*@
    requires n >= 0 && n <= 20000001;
    */
    
void foo277(int n) {

    int i;
    int k;

    i = 0;
    k = n;


    
            
        /* >>> LOOP INVARIANT TO FILL <<< */
        
            /*@
          PLACE_HOLDER_LOOP
            */
            while (i < n) {
       k--;
       i += 2;
      }
            

    /*@ assert 2 * k >= n - 1; */

  }
2025-12-27 14:56:08,079 - INFO  - Content of loop template: 

/*@
    requires n >= 0 && n <= 20000001;
    */
    
void foo277(int n) {

    int i;
    int k;

    i = 0;
    k = n;


    
            
        /* >>> LOOP INVARIANT TO FILL <<< */
        
            /*@
          loop invariant (0 < \at(n,Pre)) ==> (PLACE_HOLDER_i) ;
          loop invariant (0 < \at(n,Pre)) ==> (PLACE_HOLDER_k) ;
          loop invariant (!(0 < \at(n,Pre))) ==> ((k == \at(n,Pre))&&(i == 0)&&(n == \at(n,Pre)));
          loop invariant n == \at(n,Pre);
            */
            while (i < n) {
       k--;
       i += 2;
      }
            

    /*@ assert 2 * k >= n - 1; */

  }
2025-12-27 14:56:08,085 - INFO  - Content of loop template: 

/*@
    requires n >= 0 && n <= 20000001;
    */
    
void foo277(int n) {

    int i;
    int k;

    i = 0;
    k = n;


    
            
        /* >>> LOOP INVARIANT TO FILL <<< */
        
            /*@
          loop invariant (0 < \at(n,Pre)) ==> (PLACE_HOLDER_VERFICATION_GOAL);
          loop invariant (0 < \at(n,Pre)) ==> (PLACE_HOLDER_i) ;
          loop invariant (0 < \at(n,Pre)) ==> (PLACE_HOLDER_k) ;
          loop invariant (!(0 < \at(n,Pre))) ==> ((k == \at(n,Pre))&&(i == 0)&&(n == \at(n,Pre)));
          loop invariant n == \at(n,Pre);
            */
            while (i < n) {
       k--;
       i += 2;
      }
            

    /*@ assert 2 * k >= n - 1; */

  }
2025-12-27 14:56:08,086 - DEBUG  - user_prompt_traival
2025-12-27 14:56:08,086 - DEBUG  - ### Role: ###
You are a helpful AI software assistant specializing in reasoning about code behavior. Your task is to analyze C programs and identify loop invariants that can be used to verify program properties using Frama-C.

### Task: ###
Given a C program with a loop, generate the necessary loop invariants in ACSL (ANSI/ISO C Specification Language) annotations. These invariants will help Frama-C verify the post-condition of the program.



Inputs:
- The pre-condition before the loop begins execution.
- A full C loop program with invariant annotations containing `PLACE_HOLDER` that need to be filled.

### Output: ###
Provide the complete C code with the loop invariant and other relevant ACSL annotations, where all placeholders are correctly filled in ```c ```.

### Rules: ###
- If you break any of these rules, my family will disown me.
- Do not modify any existing annotations or add new annotations. You are only allowed to replace the placeholders `PLACE_HOLDER` before loop.
- Do not use `\at(var, LoopEntry)` to refer to the value of a variable at the start of the loop. Instead, use the value specified in the pre-condition.
- Do not generate loop variant.
- Only use keywords and constructs supported in ACSL annotations for loops.
- Do not generate any natural language explanations after ACSL annotations.
- When `unknown()` used as the loop condition, the number of loop iterations can be any non-negative integer, and the invariant must hold for all cases.
- You are only allowed to fill `PLACE_HOLDER` for `loop invariant` and `loop assigns`, do not generate any `requires` or `ensures` or `loop variant`.





Consider the following C loop:

Pre-condition: `\at(n,Pre) >= 0 && \at(n,Pre) <= 20000001 && (k == \at(n,Pre)) * (i == 0) * (n == \at(n,Pre))`

Loop program: `

/*@
    requires n >= 0 && n <= 20000001;
    */
    
void foo277(int n) {

    int i;
    int k;

    i = 0;
    k = n;


    
            
        /* >>> LOOP INVARIANT TO FILL <<< */
        
            /*@
          PLACE_HOLDER_LOOP
            */
            while (i < n) {
       k--;
       i += 2;
      }
            

    /*@ assert 2 * k >= n - 1; */

  }`



2025-12-27 14:56:08,086 - DEBUG  - user_prompt_template
2025-12-27 14:56:08,086 - DEBUG  - ### Role: ###
You are a helpful AI software assistant specializing in reasoning about code behavior. Your task is to analyze C programs and identify loop invariants that can be used to verify program properties using Frama-C.

### Task: ###
Given a C program with a loop, generate the necessary loop invariants in ACSL (ANSI/ISO C Specification Language) annotations. These invariants will help Frama-C verify the post-condition of the program.



Inputs:
- The pre-condition before the loop begins execution.
- A full C loop program with invariant annotations containing `PLACE_HOLDER` that need to be filled.

### Output: ###
Provide the complete C code with the loop invariant and other relevant ACSL annotations, where all placeholders are correctly filled in ```c ```.

### Rules: ###
- If you break any of these rules, my family will disown me.
- Do not modify any existing annotations or add new annotations. You are only allowed to replace the placeholders `PLACE_HOLDER` before loop.
- Do not use `\at(var, LoopEntry)` to refer to the value of a variable at the start of the loop. Instead, use the value specified in the pre-condition.
- Do not generate loop variant.
- Only use keywords and constructs supported in ACSL annotations for loops.
- Do not generate any natural language explanations after ACSL annotations.
- When `unknown()` used as the loop condition, the number of loop iterations can be any non-negative integer, and the invariant must hold for all cases.
- You are only allowed to fill `PLACE_HOLDER` for `loop invariant` and `loop assigns`, do not generate any `requires` or `ensures` or `loop variant`.

- Generate loop invariants with equality constraints as comprehensively as possible.



Consider the following C loop:

Pre-condition: `\at(n,Pre) >= 0 && \at(n,Pre) <= 20000001 && (k == \at(n,Pre)) * (i == 0) * (n == \at(n,Pre))`

Loop program: `

/*@
    requires n >= 0 && n <= 20000001;
    */
    
void foo277(int n) {

    int i;
    int k;

    i = 0;
    k = n;


    
            
        /* >>> LOOP INVARIANT TO FILL <<< */
        
            /*@
          loop invariant (0 < \at(n,Pre)) ==> (PLACE_HOLDER_i) ;
          loop invariant (0 < \at(n,Pre)) ==> (PLACE_HOLDER_k) ;
          loop invariant (!(0 < \at(n,Pre))) ==> ((k == \at(n,Pre))&&(i == 0)&&(n == \at(n,Pre)));
          loop invariant n == \at(n,Pre);
            */
            while (i < n) {
       k--;
       i += 2;
      }
            

    /*@ assert 2 * k >= n - 1; */

  }`



2025-12-27 14:56:08,086 - DEBUG  - user_prompt_verification
2025-12-27 14:56:08,086 - DEBUG  - ### Role: ###
You are a helpful AI software assistant specializing in reasoning about code behavior. Your task is to analyze C programs and identify loop invariants that can be used to verify program properties using Frama-C.

### Task: ###
Given a C program with a loop, generate the necessary loop invariants in ACSL (ANSI/ISO C Specification Language) annotations. These invariants will help Frama-C verify the post-condition of the program.



Inputs:
- The pre-condition before the loop begins execution.
- A full C loop program with invariant annotations containing `PLACE_HOLDER` that need to be filled.

### Output: ###
Provide the complete C code with the loop invariant and other relevant ACSL annotations, where all placeholders are correctly filled in ```c ```.

### Rules: ###
- If you break any of these rules, my family will disown me.
- Do not modify any existing annotations or add new annotations. You are only allowed to replace the placeholders `PLACE_HOLDER` before loop.
- Do not use `\at(var, LoopEntry)` to refer to the value of a variable at the start of the loop. Instead, use the value specified in the pre-condition.
- Do not generate loop variant.
- Only use keywords and constructs supported in ACSL annotations for loops.
- Do not generate any natural language explanations after ACSL annotations.
- When `unknown()` used as the loop condition, the number of loop iterations can be any non-negative integer, and the invariant must hold for all cases.
- You are only allowed to fill `PLACE_HOLDER` for `loop invariant` and `loop assigns`, do not generate any `requires` or `ensures` or `loop variant`.

- Generate loop invariants with equality constraints as comprehensively as possible.
- Please first try to directly use the verification goal as the loop invariant at `PLACE_HOLDER_VERFICATION_GOAL`. Often, the verification goal (assertion) also holds throughout the loop; in that case, it can be used directly as the invariant.


Consider the following C loop:

Pre-condition: `\at(n,Pre) >= 0 && \at(n,Pre) <= 20000001 && (k == \at(n,Pre)) * (i == 0) * (n == \at(n,Pre))`

Loop program: `

/*@
    requires n >= 0 && n <= 20000001;
    */
    
void foo277(int n) {

    int i;
    int k;

    i = 0;
    k = n;


    
            
        /* >>> LOOP INVARIANT TO FILL <<< */
        
            /*@
          loop invariant (0 < \at(n,Pre)) ==> (PLACE_HOLDER_VERFICATION_GOAL);
          loop invariant (0 < \at(n,Pre)) ==> (PLACE_HOLDER_i) ;
          loop invariant (0 < \at(n,Pre)) ==> (PLACE_HOLDER_k) ;
          loop invariant (!(0 < \at(n,Pre))) ==> ((k == \at(n,Pre))&&(i == 0)&&(n == \at(n,Pre)));
          loop invariant n == \at(n,Pre);
            */
            while (i < n) {
       k--;
       i += 2;
      }
            

    /*@ assert 2 * k >= n - 1; */

  }`



2025-12-27 14:56:15,933 - DEBUG  - invgen reasoning
2025-12-27 14:56:15,934 - DEBUG  - ```c
/*@
    requires n >= 0 && n <= 20000001;
    */
    
void foo277(int n) {

    int i;
    int k;

    i = 0;
    k = n;


    
            
        /* >>> LOOP INVARIANT TO FILL <<< */
        
            /*@
          loop invariant i + 2*k == 2*n;
          loop invariant 0 <= i <= n+1;
          loop assigns i, k;
            */
            while (i < n) {
       k--;
       i += 2;
      }
            

    /*@ assert 2 * k >= n - 1; */

  }
```
2025-12-27 14:56:24,963 - DEBUG  - invgen reasoning
2025-12-27 14:56:24,964 - DEBUG  - ```c
/*@
    requires n >= 0 && n <= 20000001;
    */
    
void foo277(int n) {

    int i;
    int k;

    i = 0;
    k = n;


    
            
        /* >>> LOOP INVARIANT TO FILL <<< */
        
            /*@
          loop invariant (0 < \at(n,Pre)) ==> (i == 2*(\at(n,Pre) - k)) ;
          loop invariant (0 < \at(n,Pre)) ==> (k == \at(n,Pre) - i/2) ;
          loop invariant (!(0 < \at(n,Pre))) ==> ((k == \at(n,Pre))&&(i == 0)&&(n == \at(n,Pre)));
          loop invariant n == \at(n,Pre);
          loop assigns i, k;
            */
            while (i < n) {
       k--;
       i += 2;
      }
            

    /*@ assert 2 * k >= n - 1; */

  }
```
2025-12-27 14:56:38,206 - DEBUG  - invgen reasoning
2025-12-27 14:56:38,206 - DEBUG  - ```c
/*@
    requires n >= 0 && n <= 20000001;
    */
    
void foo277(int n) {

    int i;
    int k;

    i = 0;
    k = n;


    
            
        /* >>> LOOP INVARIANT TO FILL <<< */
        
            /*@
          loop invariant (0 < \at(n,Pre)) ==> (2*k >= n - 1);
          loop invariant (0 < \at(n,Pre)) ==> (i == 2*(\at(n,Pre) - k));
          loop invariant (0 < \at(n,Pre)) ==> (k == \at(n,Pre) - i/2);
          loop invariant (!(0 < \at(n,Pre))) ==> ((k == \at(n,Pre))&&(i == 0)&&(n == \at(n,Pre)));
          loop invariant n == \at(n,Pre);
          loop assigns i, k;
            */
            while (i < n) {
       k--;
       i += 2;
      }
            

    /*@ assert 2 * k >= n - 1; */

  }
```
2025-12-27 14:56:38,207 - INFO  - candidated loop invariant
2025-12-27 14:56:38,207 - INFO  - 
/*@
    requires n >= 0 && n <= 20000001;
    */
    
void foo277(int n) {

    int i;
    int k;

    i = 0;
    k = n;


    
            
        /* >>> LOOP INVARIANT TO FILL <<< */
        
            /*@
          loop invariant (0 < \at(n,Pre)) ==> (i == 2*(\at(n,Pre) - k)) ;
          loop invariant (0 < \at(n,Pre)) ==> (k == \at(n,Pre) - i/2) ;
          loop invariant (!(0 < \at(n,Pre))) ==> ((k == \at(n,Pre))&&(i == 0)&&(n == \at(n,Pre)));
          loop invariant n == \at(n,Pre);
          loop assigns i, k;
            */
            while (i < n) {
       k--;
       i += 2;
      }
            

    /*@ assert 2 * k >= n - 1; */

  }

2025-12-27 14:56:49,323 - INFO  - syntax Correct
2025-12-27 14:57:00,507 - INFO  - Validate:
2025-12-27 14:57:00,508 - INFO  - [True, True, True, True]
2025-12-27 14:57:00,508 - INFO  - 
2025-12-27 14:57:00,509 - INFO  - Verify:
2025-12-27 14:57:00,509 - INFO  - [False]
2025-12-27 14:57:00,509 - INFO  - 
2025-12-27 14:57:26,295 - INFO  - after strength
2025-12-27 14:57:26,295 - INFO  - 
/*@
    requires n >= 0 && n <= 20000001;
    */
    
void foo277(int n) {

    int i;
    int k;

    i = 0;
    k = n;


    
            /*@
          loop invariant (0 < \at(n,Pre)) ==> (i == 2*(\at(n,Pre) - k));
          loop invariant (0 < \at(n,Pre)) ==> (k == \at(n,Pre) - i/2);
          loop invariant (0 < \at(n,Pre)) ==> (2*k >= n - 1);
          loop invariant (!(0 < \at(n,Pre))) ==> ((k == \at(n,Pre))&&(i == 0)&&(n == \at(n,Pre)));
          loop invariant n == \at(n,Pre);
          loop assigns i, k;
            */
            while (i < n) {
       k--;
       i += 2;
      }
            

    /*@ assert 2 * k >= n - 1; */

  }

2025-12-27 14:57:27,394 - INFO  - syntax Correct
2025-12-27 14:57:28,649 - INFO  - Validate:
2025-12-27 14:57:28,650 - INFO  - [True, True, True, True, True]
2025-12-27 14:57:28,650 - INFO  - 
2025-12-27 14:57:28,650 - INFO  - Verify:
2025-12-27 14:57:28,650 - INFO  - [True]
2025-12-27 14:57:28,650 - INFO  - 
2025-12-27 14:57:28,651 - INFO  - loop invariant annotated
2025-12-27 14:57:28,651 - INFO  - 
/*@
    requires n >= 0 && n <= 20000001;
    */
    
void foo277(int n) {

    int i;
    int k;

    i = 0;
    k = n;


    
            /*@
          loop invariant (0 < \at(n,Pre)) ==> (i == 2*(\at(n,Pre) - k));
          loop invariant (0 < \at(n,Pre)) ==> (k == \at(n,Pre) - i/2);
          loop invariant (0 < \at(n,Pre)) ==> (2*k >= n - 1);
          loop invariant (!(0 < \at(n,Pre))) ==> ((k == \at(n,Pre))&&(i == 0)&&(n == \at(n,Pre)));
          loop invariant n == \at(n,Pre);
          loop assigns i, k;
            */
            while (i < n) {
       k--;
       i += 2;
      }
            

    /*@ assert 2 * k >= n - 1; */

  }

2025-12-27 14:57:31,007 - INFO  - ACSL format loop invariant
2025-12-27 14:57:31,007 - INFO  - /*@
          loop invariant (0 < \at(n,Pre)) ==> (i == 2*(\at(n,Pre) - k));
          loop invariant (0 < \at(n,Pre)) ==> (k == \at(n,Pre) - i/2);
          loop invariant (0 < \at(n,Pre)) ==> (2*k >= n - 1);
          loop invariant (!(0 < \at(n,Pre))) ==> ((k == \at(n,Pre))&&(i == 0)&&(n == \at(n,Pre)));
          loop invariant n == \at(n,Pre);
          loop assigns i, k;
            */
            while (i < n) {
       k--;
       i += 2;
      }
2025-12-27 14:57:31,008 - INFO  - VST format loop invariant
2025-12-27 14:57:31,008 - INFO  - /*@ Inv
    ((0 < n@pre) => (i == 2*(n@pre - k))) &&
((0 < n@pre) => (k == n@pre - i/2)) &&
((0 < n@pre) => (2*k >= n - 1)) &&
((!(0 < n@pre)) => ((k == n@pre)&&(i == 0)&&(n == n@pre))) &&
(n == n@pre
          loop assigns i, k)
    */
    
            while (i < n) {
       k--;
       i += 2;
      }
2025-12-27 14:57:31,009 - INFO  - PARTIAL CORRECT INVARIANT
2025-12-27 14:57:31,009 - INFO  - continue symbolic execution
2025-12-27 14:57:31,009 - INFO  - 
/*@
    requires n >= 0 && n <= 20000001;
    */
    
void foo277(int n) {

    int i;
    int k;

    i = 0;
    k = n;


    
            /*@
          loop invariant (0 < \at(n,Pre)) ==> (i == 2*(\at(n,Pre) - k));
          loop invariant (0 < \at(n,Pre)) ==> (k == \at(n,Pre) - i/2);
          loop invariant (0 < \at(n,Pre)) ==> (2*k >= n - 1);
          loop invariant (!(0 < \at(n,Pre))) ==> ((k == \at(n,Pre))&&(i == 0)&&(n == \at(n,Pre)));
          loop invariant n == \at(n,Pre);
          loop assigns i, k;
            */
            while (i < n) {
       k--;
       i += 2;
      }
            

    /*@ assert 2 * k >= n - 1; */

  }

2025-12-27 14:57:32,146 - INFO  - syntax Correct
2025-12-27 14:57:33,416 - INFO  - Validate:
2025-12-27 14:57:33,417 - INFO  - [True, True, True, True, True]
2025-12-27 14:57:33,417 - INFO  - 
2025-12-27 14:57:33,417 - INFO  - Verify:
2025-12-27 14:57:33,417 - INFO  - [True]
2025-12-27 14:57:33,418 - INFO  - 
2025-12-27 14:57:33,418 - INFO  - CORRECT INVARIANT
2025-12-27 14:57:35,780 - INFO  - ==================================================
2025-12-27 14:57:35,780 - INFO  - first_pass:
2025-12-27 14:57:35,781 - INFO  - syntax=1, valid=1,satisfy=1
2025-12-27 14:57:35,781 - INFO  - ==================================================
2025-12-27 14:57:35,781 - INFO  - foo277.c after loop invariant generation: 

/*@
    requires n >= 0 && n <= 20000001;
    */
    
void foo277(int n) {

    int i;
    int k;

    i = 0;
    k = n;


    
            /*@
          loop invariant (0 < \at(n,Pre)) ==> (i == 2*(\at(n,Pre) - k));
          loop invariant (0 < \at(n,Pre)) ==> (k == \at(n,Pre) - i/2);
          loop invariant (0 < \at(n,Pre)) ==> (2*k >= n - 1);
          loop invariant (!(0 < \at(n,Pre))) ==> ((k == \at(n,Pre))&&(i == 0)&&(n == \at(n,Pre)));
          loop invariant n == \at(n,Pre);
          loop assigns i, k;
            */
            while (i < n) {
       k--;
       i += 2;
      }
            

    /*@ assert 2 * k >= n - 1; */

  }

2025-12-27 14:57:36,089 - INFO  - ==================================================
2025-12-27 14:57:36,089 - INFO  - ⏰ OVERALL EXECUTION TIME STATISTICS
2025-12-27 14:57:36,089 - INFO  - Total execution time: 124.03 seconds (2.07 minutes)
2025-12-27 14:57:36,089 - INFO  - ==================================================
2025-12-27 14:57:36,090 - INFO  - ==================================================
2025-12-27 14:57:36,090 - INFO  - 📊 TOKEN USAGE STATISTICS
2025-12-27 14:57:36,090 - INFO  - Total API calls: 10
2025-12-27 14:57:36,090 - INFO  - Total prompt tokens (input): 153,467
2025-12-27 14:57:36,090 - INFO  - Total completion tokens (output): 5,864
2025-12-27 14:57:36,090 - INFO  - Total tokens: 159,331
2025-12-27 14:57:36,091 - INFO  - Average prompt tokens per call: 15346.7
2025-12-27 14:57:36,091 - INFO  - Average completion tokens per call: 586.4
2025-12-27 14:57:36,091 - INFO  - Average total tokens per call: 15933.1
2025-12-27 14:57:36,091 - INFO  - ==================================================
