2025-12-27 18:48:05,032 - INFO  - 
🚀 Starting generation of function: foo264
2025-12-27 18:48:05,032 - INFO  - 
FUNCTION INITIALIZATION
2025-12-27 18:48:05,033 - INFO  - ==================================================

2025-12-27 18:48:06,126 - INFO  - Initial pending functions: ['foo264', 'unknown']
2025-12-27 18:48:06,126 - INFO  - Now processing function unknown

2025-12-27 18:48:06,126 - INFO  - 
GENERATE ANNOTATION FOR foo264
2025-12-27 18:48:06,126 - INFO  - ==================================================

2025-12-27 18:48:06,127 - INFO  - Function foo264 has been initialized
2025-12-27 18:48:06,166 - INFO  - Content of ACSL foo264.c file to be inserted into template: 



void foo264() {

    int x;
    int y;

    x = 1;
    y = 1;


    while (unknown()) {
       x = x + y;
       y = x;
      }

    /*@ assert y >= 1; */

  }
2025-12-27 18:48:06,167 - INFO  - Content of pre-annotated foo264.c file: 

    #include "../verification_stdlib.h"
    #include "../verification_list.h"
    #include "../int_array_def.h"

    /*@ Extern Coq (Result: Assertion) */
    /*@ Extern Coq (Results: Z -> Assertion) */

        


void foo264() 

            /*@
            Require emp
            Ensure Results(__return)
            */
            {

    int x;
    int y;

    x = 1;
    y = 1;


    while (unknown()) {
       x = x + y;
       y = x;
      }

    

  }
2025-12-27 18:48:06,168 - INFO  - 
GENERATE LOOP INVARIANT FOR foo264
2025-12-27 18:48:06,168 - INFO  - ==================================================

2025-12-27 18:48:06,229 - INFO  - file_name: foo264
2025-12-27 18:48:06,355 - DEBUG  - INNER_FLAG: False
2025-12-27 18:48:06,356 - INFO  - Variable Maps:[{'y': '1', 'x': '1'}]
2025-12-27 18:48:06,356 - INFO  - Path conditions: [None]
2025-12-27 18:48:06,357 - INFO  - Pre condition: (y == 1) * (x == 1)
2025-12-27 18:48:06,357 - INFO  - Loop Condition: unknown()
2025-12-27 18:48:06,357 - INFO  - Array Names: []
2025-12-27 18:48:06,357 - INFO  - Updated Loop Conditions: ['unknown()']
2025-12-27 18:48:06,358 - INFO  - Global Unchanged Variables: []
2025-12-27 18:48:06,358 - INFO  - Non Inductive Variables: ['y']
2025-12-27 18:48:06,358 - INFO  - Unchanged Arrays (Read-only): []
2025-12-27 18:48:06,358 - INFO  - after assignments
2025-12-27 18:48:06,359 - INFO  - 
            
        /* >>> LOOP INVARIANT TO FILL <<< */
        
            /*@
            */
            while (unknown()) {
       x = x + y;
       y = x;
      }
            
2025-12-27 18:48:41,008 - INFO  - think in natural language: ### **Loop Verification Analysis for `foo264()`**

---

#### **a. Loop Purpose and Structure**
- **Purpose**: The loop appears to compute a sequence of values for `x` and `y` where each iteration updates `x` to `x + y` and `y` to the new value of `x`. This resembles a Fibonacci-like sequence where each term is the sum of the previous two terms.
- **Structure**:
  - **Governing Condition**: `while (unknown())` — The loop continues as long as `unknown()` returns a non-zero value (true). Since `unknown()` is an external function, the loop's termination is non-deterministic.
  - **Operations**:
    - `x = x + y;` — Updates `x` to the sum of its current value and `y`.
    - `y = x;` — Assigns `y` to the new value of `x`.
  - **Relevant Variables**: `x` and `y` (both initialized to `1`).

---

#### **b. Sample and Analyze Variable Values**
We assume the loop runs for at least 5 iterations (since `unknown()` returns true for the first 5 calls). Here are the samples:

| Iteration | Pre-Loop/Post-Iteration | `x` | `y` |
|-----------|-------------------------|-----|-----|
| 0         | Pre-Loop                | 1   | 1   |
| 1         | Post-Iteration 1        | 2   | 2   |
| 2         | Post-Iteration 2        | 4   | 4   |
| 3         | Post-Iteration 3        | 8   | 8   |
| 4         | Post-Iteration 4        | 16  | 16  |
| 5         | Post-Iteration 5        | 32  | 32  |

Observations:
- `x` and `y` are always equal after each iteration.
- Both `x` and `y` grow exponentially (doubling each iteration).

---

#### **c. Verification Goal Analysis**
- **Post-condition**: `assert y >= 1;` (must hold after the loop).
- **Can the post-condition be part of the invariant?**
  - **No**, because the post-condition is too weak. The invariant must capture the stronger property that `y` is always `>= 1` **and** that `x == y` (as observed in the samples).
  - The post-condition alone doesn’t help prove the loop's correctness because it doesn’t constrain the relationship between `x` and `y`.

- **Modified Invariant**:
  - To satisfy establishment, preservation, and termination, we propose:
    - `x >= 1 && y >= 1 && x == y`.
  - This is stronger than the post-condition and implies `y >= 1` at termination.

---

#### **d. Loop Invariant Discussion**
- **Proposed Invariant**:
  - `x >= 1 && y >= 1 && x == y`.
- **Explanation**:
  - At the start of the loop (`x = 1`, `y = 1`), the invariant holds.
  - After each iteration, `x_new = x_old + y_old` and `y_new = x_new`. Since `x_old == y_old` (by the invariant), `x_new = 2 * x_old` and `y_new = x_new`, so the invariant is preserved.
  - The invariant ensures that `y` never decreases below `1` and that `x` and `y` remain equal.

---

#### **e. Establishment**
- Before the loop:
  - `x = 1` and `y = 1`.
  - Thus, `x >= 1 && y >= 1 && x == y` holds trivially.

---

#### **f. Preservation**
- Assume the invariant holds at the start of an iteration:
  - `x = k`, `y = k`, where `k >= 1`.
- After the iteration:
  - `x_new = x + y = k + k = 2k`.
  - `y_new = x_new = 2k`.
  - Since `k >= 1`, `2k >= 1`, and `x_new == y_new`, the invariant holds.

---

#### **g. Termination Analysis**
- When the loop terminates (`unknown()` returns false), the invariant `x >= 1 && y >= 1 && x == y` still holds.
- Since `y == x` and `x >= 1`, the post-condition `y >= 1` is satisfied.

---

#### **h. Post-condition Correctness**
- The post-condition `y >= 1` is correct.
- **Proof**:
  - The invariant `x >= 1 && y >= 1 && x == y` holds at termination.
  - Thus, `y >= 1` is directly implied by the invariant.

---

### **Final Answer: Loop Invariant**
The correct loop invariant is:
```c
/*@ loop invariant x >= 1 && y >= 1 && x == y; */
```

This ensures:
1. **Establishment**: Holds initially (`x = y = 1`).
2. **Preservation**: Maintained after each iteration (`x` and `y` remain equal and `>= 1`).
3. **Termination**: Implies the post-condition `y >= 1`.

--- 

### **Summary of Key Points**
- The loop computes a sequence where `x` and `y` are always equal and grow exponentially.
- The invariant `x >= 1 && y >= 1 && x == y` is necessary to prove the post-condition.
- The post-condition `y >= 1` is correct and follows from the invariant.
2025-12-27 18:48:41,008 - INFO  - after const
2025-12-27 18:48:41,008 - INFO  - 
            
        /* >>> LOOP INVARIANT TO FILL <<< */
        
            /*@
            */
            while (unknown()) {
       x = x + y;
       y = x;
      }
            
2025-12-27 18:48:41,009 - INFO  - after not in
2025-12-27 18:48:41,009 - INFO  - 
            
        /* >>> LOOP INVARIANT TO FILL <<< */
        
            /*@
            */
            while (unknown()) {
       x = x + y;
       y = x;
      }
            
2025-12-27 18:48:41,009 - INFO  - after vars
2025-12-27 18:48:41,009 - INFO  - 
            
        /* >>> LOOP INVARIANT TO FILL <<< */
        
            /*@
          loop invariant  PLACE_HOLDER_x ;
          loop invariant  ((y == 1)&&(x == 1)) || (PLACE_HOLDER_y) ;
            */
            while (unknown()) {
       x = x + y;
       y = x;
      }
            
2025-12-27 18:48:41,009 - INFO  - after verification goal
2025-12-27 18:48:41,010 - INFO  - 
            
        /* >>> LOOP INVARIANT TO FILL <<< */
        
            /*@
          loop invariant  PLACE_HOLDER_VERFICATION_GOAL ;
          loop invariant  PLACE_HOLDER_x ;
          loop invariant  ((y == 1)&&(x == 1)) || (PLACE_HOLDER_y) ;
            */
            while (unknown()) {
       x = x + y;
       y = x;
      }
            
2025-12-27 18:48:41,010 - INFO  - annotated_callee_str: 


2025-12-27 18:48:41,018 - INFO  - Content of loop template: 


void foo264() {

    int x;
    int y;

    x = 1;
    y = 1;


    
            
        /* >>> LOOP INVARIANT TO FILL <<< */
        
            /*@
          PLACE_HOLDER_LOOP
            */
            while (unknown()) {
       x = x + y;
       y = x;
      }
            

    /*@ assert y >= 1; */

  }
2025-12-27 18:48:41,018 - INFO  - annotated_callee_str: 


2025-12-27 18:48:41,024 - INFO  - Content of loop template: 


void foo264() {

    int x;
    int y;

    x = 1;
    y = 1;


    
            
        /* >>> LOOP INVARIANT TO FILL <<< */
        
            /*@
          loop invariant  PLACE_HOLDER_x ;
          loop invariant  ((y == 1)&&(x == 1)) || (PLACE_HOLDER_y) ;
            */
            while (unknown()) {
       x = x + y;
       y = x;
      }
            

    /*@ assert y >= 1; */

  }
2025-12-27 18:48:41,025 - INFO  - annotated_callee_str: 


2025-12-27 18:48:41,031 - INFO  - Content of loop template: 


void foo264() {

    int x;
    int y;

    x = 1;
    y = 1;


    
            
        /* >>> LOOP INVARIANT TO FILL <<< */
        
            /*@
          loop invariant  PLACE_HOLDER_VERFICATION_GOAL ;
          loop invariant  PLACE_HOLDER_x ;
          loop invariant  ((y == 1)&&(x == 1)) || (PLACE_HOLDER_y) ;
            */
            while (unknown()) {
       x = x + y;
       y = x;
      }
            

    /*@ assert y >= 1; */

  }
2025-12-27 18:48:41,032 - DEBUG  - user_prompt_traival
2025-12-27 18:48:41,032 - DEBUG  - ### Role: ###
You are a helpful AI software assistant specializing in reasoning about code behavior. Your task is to analyze C programs and identify loop invariants that can be used to verify program properties using Frama-C.

### Task: ###
Given a C program with a loop, generate the necessary loop invariants in ACSL (ANSI/ISO C Specification Language) annotations. These invariants will help Frama-C verify the post-condition of the program.



Inputs:
- The pre-condition before the loop begins execution.
- A full C loop program with invariant annotations containing `PLACE_HOLDER` that need to be filled.

### Output: ###
Provide the complete C code with the loop invariant and other relevant ACSL annotations, where all placeholders are correctly filled in ```c ```.

### Rules: ###
- If you break any of these rules, my family will disown me.
- Do not modify any existing annotations or add new annotations. You are only allowed to replace the placeholders `PLACE_HOLDER` before loop.
- Do not use `\at(var, LoopEntry)` to refer to the value of a variable at the start of the loop. Instead, use the value specified in the pre-condition.
- Do not generate loop variant.
- Only use keywords and constructs supported in ACSL annotations for loops.
- Do not generate any natural language explanations after ACSL annotations.
- When `unknown()` used as the loop condition, the number of loop iterations can be any non-negative integer, and the invariant must hold for all cases.
- You are only allowed to fill `PLACE_HOLDER` for `loop invariant` and `loop assigns`, do not generate any `requires` or `ensures` or `loop variant`.





Consider the following C loop:

Pre-condition: `(y == 1) * (x == 1)`

Loop program: `


void foo264() {

    int x;
    int y;

    x = 1;
    y = 1;


    
            
        /* >>> LOOP INVARIANT TO FILL <<< */
        
            /*@
          PLACE_HOLDER_LOOP
            */
            while (unknown()) {
       x = x + y;
       y = x;
      }
            

    /*@ assert y >= 1; */

  }`



2025-12-27 18:48:41,032 - DEBUG  - user_prompt_template
2025-12-27 18:48:41,032 - DEBUG  - ### Role: ###
You are a helpful AI software assistant specializing in reasoning about code behavior. Your task is to analyze C programs and identify loop invariants that can be used to verify program properties using Frama-C.

### Task: ###
Given a C program with a loop, generate the necessary loop invariants in ACSL (ANSI/ISO C Specification Language) annotations. These invariants will help Frama-C verify the post-condition of the program.



Inputs:
- The pre-condition before the loop begins execution.
- A full C loop program with invariant annotations containing `PLACE_HOLDER` that need to be filled.

### Output: ###
Provide the complete C code with the loop invariant and other relevant ACSL annotations, where all placeholders are correctly filled in ```c ```.

### Rules: ###
- If you break any of these rules, my family will disown me.
- Do not modify any existing annotations or add new annotations. You are only allowed to replace the placeholders `PLACE_HOLDER` before loop.
- Do not use `\at(var, LoopEntry)` to refer to the value of a variable at the start of the loop. Instead, use the value specified in the pre-condition.
- Do not generate loop variant.
- Only use keywords and constructs supported in ACSL annotations for loops.
- Do not generate any natural language explanations after ACSL annotations.
- When `unknown()` used as the loop condition, the number of loop iterations can be any non-negative integer, and the invariant must hold for all cases.
- You are only allowed to fill `PLACE_HOLDER` for `loop invariant` and `loop assigns`, do not generate any `requires` or `ensures` or `loop variant`.

- Generate loop invariants with equality constraints as comprehensively as possible.



Consider the following C loop:

Pre-condition: `(y == 1) * (x == 1)`

Loop program: `


void foo264() {

    int x;
    int y;

    x = 1;
    y = 1;


    
            
        /* >>> LOOP INVARIANT TO FILL <<< */
        
            /*@
          loop invariant  PLACE_HOLDER_x ;
          loop invariant  ((y == 1)&&(x == 1)) || (PLACE_HOLDER_y) ;
            */
            while (unknown()) {
       x = x + y;
       y = x;
      }
            

    /*@ assert y >= 1; */

  }`



2025-12-27 18:48:41,032 - DEBUG  - user_prompt_verification
2025-12-27 18:48:41,032 - DEBUG  - ### Role: ###
You are a helpful AI software assistant specializing in reasoning about code behavior. Your task is to analyze C programs and identify loop invariants that can be used to verify program properties using Frama-C.

### Task: ###
Given a C program with a loop, generate the necessary loop invariants in ACSL (ANSI/ISO C Specification Language) annotations. These invariants will help Frama-C verify the post-condition of the program.



Inputs:
- The pre-condition before the loop begins execution.
- A full C loop program with invariant annotations containing `PLACE_HOLDER` that need to be filled.

### Output: ###
Provide the complete C code with the loop invariant and other relevant ACSL annotations, where all placeholders are correctly filled in ```c ```.

### Rules: ###
- If you break any of these rules, my family will disown me.
- Do not modify any existing annotations or add new annotations. You are only allowed to replace the placeholders `PLACE_HOLDER` before loop.
- Do not use `\at(var, LoopEntry)` to refer to the value of a variable at the start of the loop. Instead, use the value specified in the pre-condition.
- Do not generate loop variant.
- Only use keywords and constructs supported in ACSL annotations for loops.
- Do not generate any natural language explanations after ACSL annotations.
- When `unknown()` used as the loop condition, the number of loop iterations can be any non-negative integer, and the invariant must hold for all cases.
- You are only allowed to fill `PLACE_HOLDER` for `loop invariant` and `loop assigns`, do not generate any `requires` or `ensures` or `loop variant`.

- Generate loop invariants with equality constraints as comprehensively as possible.
- Please first try to directly use the verification goal as the loop invariant at `PLACE_HOLDER_VERFICATION_GOAL`. Often, the verification goal (assertion) also holds throughout the loop; in that case, it can be used directly as the invariant.


Consider the following C loop:

Pre-condition: `(y == 1) * (x == 1)`

Loop program: `


void foo264() {

    int x;
    int y;

    x = 1;
    y = 1;


    
            
        /* >>> LOOP INVARIANT TO FILL <<< */
        
            /*@
          loop invariant  PLACE_HOLDER_VERFICATION_GOAL ;
          loop invariant  PLACE_HOLDER_x ;
          loop invariant  ((y == 1)&&(x == 1)) || (PLACE_HOLDER_y) ;
            */
            while (unknown()) {
       x = x + y;
       y = x;
      }
            

    /*@ assert y >= 1; */

  }`



2025-12-27 18:48:45,139 - DEBUG  - invgen reasoning
2025-12-27 18:48:45,139 - DEBUG  - ```c
void foo264() {
    int x;
    int y;

    x = 1;
    y = 1;

    /*@
      loop invariant x >= 1 && y >= 1 && x == y;
      loop assigns x, y;
    */
    while (unknown()) {
       x = x + y;
       y = x;
    }

    /*@ assert y >= 1; */
}
```
2025-12-27 18:48:50,023 - DEBUG  - invgen reasoning
2025-12-27 18:48:50,024 - DEBUG  - ```c
void foo264() {
    int x;
    int y;

    x = 1;
    y = 1;

    /*@
      loop invariant x == y;
      loop invariant ((y == 1) && (x == 1)) || (x >= 1 && y >= 1);
      loop assigns x, y;
    */
    while (unknown()) {
       x = x + y;
       y = x;
    }

    /*@ assert y >= 1; */
}
```
2025-12-27 18:48:55,645 - DEBUG  - invgen reasoning
2025-12-27 18:48:55,645 - DEBUG  - ```c
void foo264() {
    int x;
    int y;

    x = 1;
    y = 1;

    /*@
      loop invariant y >= 1;
      loop invariant x == y;
      loop invariant ((y == 1) && (x == 1)) || (x >= 1 && y >= 1);
      loop assigns x, y;
    */
    while (unknown()) {
       x = x + y;
       y = x;
    }

    /*@ assert y >= 1; */
}
```
2025-12-27 18:48:55,645 - INFO  - candidated loop invariant
2025-12-27 18:48:55,645 - INFO  - 
void foo264() {
    int x;
    int y;

    x = 1;
    y = 1;

    /*@
      loop invariant x == y;
      loop invariant ((y == 1) && (x == 1)) || (x >= 1 && y >= 1);
      loop assigns x, y;
    */
    while (unknown()) {
       x = x + y;
       y = x;
    }

    /*@ assert y >= 1; */
}

2025-12-27 18:48:56,667 - INFO  - syntax Correct
2025-12-27 18:48:57,808 - INFO  - Validate:
2025-12-27 18:48:57,809 - INFO  - [True, True]
2025-12-27 18:48:57,809 - INFO  - 
2025-12-27 18:48:57,809 - INFO  - Verify:
2025-12-27 18:48:57,809 - INFO  - [True]
2025-12-27 18:48:57,809 - INFO  - 
2025-12-27 18:48:57,809 - INFO  - loop invariant annotated
2025-12-27 18:48:57,810 - INFO  - 
void foo264() {
    int x;
    int y;

    x = 1;
    y = 1;

    /*@
      loop invariant x == y;
      loop invariant ((y == 1) && (x == 1)) || (x >= 1 && y >= 1);
      loop assigns x, y;
    */
    while (unknown()) {
       x = x + y;
       y = x;
    }

    /*@ assert y >= 1; */
}

2025-12-27 18:49:00,035 - INFO  - ACSL format loop invariant
2025-12-27 18:49:00,036 - INFO  - /*@
      loop invariant x == y;
      loop invariant ((y == 1) && (x == 1)) || (x >= 1 && y >= 1);
      loop assigns x, y;
    */
    while (unknown()) {
       x = x + y;
       y = x;
    }
2025-12-27 18:49:00,036 - INFO  - VST format loop invariant
2025-12-27 18:49:00,036 - INFO  - /*@ Inv
    (x == y) &&
(((y == 1) && (x == 1)) || (x >= 1 && y >= 1)
      loop assigns x, y)
    */
    
    while (unknown()) {
       x = x + y;
       y = x;
    }
2025-12-27 18:49:00,037 - INFO  - PARTIAL CORRECT INVARIANT
2025-12-27 18:49:00,037 - INFO  - continue symbolic execution
2025-12-27 18:49:00,037 - INFO  - 
void foo264() {
    int x;
    int y;

    x = 1;
    y = 1;

    /*@
      loop invariant x == y;
      loop invariant ((y == 1) && (x == 1)) || (x >= 1 && y >= 1);
      loop assigns x, y;
    */
    while (unknown()) {
       x = x + y;
       y = x;
    }

    /*@ assert y >= 1; */
}

2025-12-27 18:49:01,161 - INFO  - syntax Correct
2025-12-27 18:49:02,328 - INFO  - Validate:
2025-12-27 18:49:02,328 - INFO  - [True, True]
2025-12-27 18:49:02,329 - INFO  - 
2025-12-27 18:49:02,329 - INFO  - Verify:
2025-12-27 18:49:02,329 - INFO  - [True]
2025-12-27 18:49:02,329 - INFO  - 
2025-12-27 18:49:02,329 - INFO  - CORRECT INVARIANT
2025-12-27 18:49:04,502 - INFO  - ==================================================
2025-12-27 18:49:04,502 - INFO  - first_pass:
2025-12-27 18:49:04,503 - INFO  - syntax=1, valid=1,satisfy=1
2025-12-27 18:49:04,503 - INFO  - ==================================================
2025-12-27 18:49:04,503 - INFO  - foo264.c after loop invariant generation: 

void foo264() {
    int x;
    int y;

    x = 1;
    y = 1;

    /*@
      loop invariant x == y;
      loop invariant ((y == 1) && (x == 1)) || (x >= 1 && y >= 1);
      loop assigns x, y;
    */
    while (unknown()) {
       x = x + y;
       y = x;
    }

    /*@ assert y >= 1; */
}

2025-12-27 18:49:04,753 - INFO  - ==================================================
2025-12-27 18:49:04,755 - INFO  - ⏰ OVERALL EXECUTION TIME STATISTICS
2025-12-27 18:49:04,755 - INFO  - Total execution time: 59.72 seconds (1.00 minutes)
2025-12-27 18:49:04,755 - INFO  - ==================================================
2025-12-27 18:49:04,755 - INFO  - ==================================================
2025-12-27 18:49:04,755 - INFO  - 📊 TOKEN USAGE STATISTICS
2025-12-27 18:49:04,755 - INFO  - Total API calls: 7
2025-12-27 18:49:04,755 - INFO  - Total prompt tokens (input): 44,962
2025-12-27 18:49:04,756 - INFO  - Total completion tokens (output): 2,860
2025-12-27 18:49:04,756 - INFO  - Total tokens: 47,822
2025-12-27 18:49:04,756 - INFO  - Average prompt tokens per call: 6423.1
2025-12-27 18:49:04,756 - INFO  - Average completion tokens per call: 408.6
2025-12-27 18:49:04,756 - INFO  - Average total tokens per call: 6831.7
2025-12-27 18:49:04,756 - INFO  - ==================================================
