2025-12-27 19:03:36,523 - INFO  - 
ðŸš€ Starting generation of function: foo252
2025-12-27 19:03:36,523 - INFO  - 
FUNCTION INITIALIZATION
2025-12-27 19:03:36,523 - INFO  - ==================================================

2025-12-27 19:03:37,675 - INFO  - Initial pending functions: ['foo252', 'unknown']
2025-12-27 19:03:37,676 - INFO  - Now processing function unknown

2025-12-27 19:03:37,676 - INFO  - 
GENERATE ANNOTATION FOR foo252
2025-12-27 19:03:37,676 - INFO  - ==================================================

2025-12-27 19:03:37,676 - INFO  - Function foo252 has been initialized
2025-12-27 19:03:37,716 - INFO  - Content of ACSL foo252.c file to be inserted into template: 



void foo252() {

    int i;
    int j;
    int a;
    int b;

    a = 0;
    b = 0;
    j = 1;
    i = 0;


    while (unknown()) {
       a = a + 1;
       b = b + j - i;
       i = i + 2;
       if (i % 2 == 0){
       j = j + 2;
      }
       else{
       j = j + 1;
      }
      }

    /*@ assert a == b; */

  }
2025-12-27 19:03:37,717 - INFO  - Content of pre-annotated foo252.c file: 

    #include "../verification_stdlib.h"
    #include "../verification_list.h"
    #include "../int_array_def.h"

    /*@ Extern Coq (Result: Assertion) */
    /*@ Extern Coq (Results: Z -> Assertion) */

        


void foo252() 

            /*@
            Require emp
            Ensure Results(__return)
            */
            {

    int i;
    int j;
    int a;
    int b;

    a = 0;
    b = 0;
    j = 1;
    i = 0;


    while (unknown()) {
       a = a + 1;
       b = b + j - i;
       i = i + 2;
       if (i % 2 == 0){
       j = j + 2;
      }
       else{
       j = j + 1;
      }
      }

    

  }
2025-12-27 19:03:37,718 - INFO  - 
GENERATE LOOP INVARIANT FOR foo252
2025-12-27 19:03:37,718 - INFO  - ==================================================

2025-12-27 19:03:37,779 - INFO  - file_name: foo252
2025-12-27 19:03:37,918 - DEBUG  - INNER_FLAG: False
2025-12-27 19:03:37,920 - INFO  - Variable Maps:[{'b': '0', 'a': '0', 'j': '1', 'i': '0'}]
2025-12-27 19:03:37,920 - INFO  - Path conditions: [None]
2025-12-27 19:03:37,920 - INFO  - Pre condition: (b == 0) * (a == 0) * (j == 1) * (i == 0)
2025-12-27 19:03:37,920 - INFO  - Loop Condition: unknown()
2025-12-27 19:03:37,921 - INFO  - Array Names: []
2025-12-27 19:03:37,921 - INFO  - Updated Loop Conditions: ['unknown()']
2025-12-27 19:03:37,921 - INFO  - Global Unchanged Variables: []
2025-12-27 19:03:37,922 - INFO  - Non Inductive Variables: []
2025-12-27 19:03:37,922 - INFO  - Unchanged Arrays (Read-only): []
2025-12-27 19:03:37,922 - INFO  - after assignments
2025-12-27 19:03:37,922 - INFO  - 
            
        /* >>> LOOP INVARIANT TO FILL <<< */
        
            /*@
            */
            while (unknown()) {
       a = a + 1;
       b = b + j - i;
       i = i + 2;
       if (i % 2 == 0){
       j = j + 2;
      }
       else{
       j = j + 1;
      }
      }
            
2025-12-27 19:04:22,238 - INFO  - think in natural language: ### **Comprehensive Loop Verification Analysis**

---

#### **a. Loop Purpose and Structure**
- **Purpose**: The loop appears to incrementally compute values for `a`, `b`, `i`, and `j` based on conditional logic. The post-condition (`assert a == b`) suggests that the loop aims to ensure that `a` and `b` are equal upon termination.
- **Structure**:
  - **Governing Condition**: `while (unknown())` (loop continues based on an external condition).
  - **Operations**:
    - `a = a + 1` (incremented by 1 each iteration).
    - `b = b + j - i` (incremented by `j - i` each iteration).
    - `i = i + 2` (incremented by 2 each iteration).
    - Conditional update of `j`:
      - If `i % 2 == 0`, `j = j + 2`.
      - Else, `j = j + 1`.
  - **Relevant Variables**: `a`, `b`, `i`, `j`.

---

#### **b. Sample and Analyze Variable Values**
We simulate the loop for 5 iterations, assuming `unknown()` returns true for these iterations.

| Iteration | Pre-Loop/Post-Iteration | `a` | `b` | `i` | `j` |
|-----------|-------------------------|-----|-----|-----|-----|
| -         | Pre-Loop                | 0   | 0   | 0   | 1   |
| 1         | Post-Iteration          | 1   | 1   | 2   | 3   |
| 2         | Post-Iteration          | 2   | 2   | 4   | 5   |
| 3         | Post-Iteration          | 3   | 3   | 6   | 7   |
| 4         | Post-Iteration          | 4   | 4   | 8   | 9   |
| 5         | Post-Iteration          | 5   | 5   | 10  | 11  |

**Observations**:
- `a` and `b` are equal at every iteration.
- `i` increments by 2 each time.
- `j` increments by 2 when `i` is even (always true here since `i` starts at 0 and increments by 2).

---

#### **c. Verification Goal Analysis**
- **Verification Goal**: `a == b` (post-condition).
- **Can it be an invariant?**  
  **YES**, because the sampled values show `a == b` holds at every iteration (not just at termination). Thus, it satisfies:
  - **Establishment**: Before the loop, `a = b = 0`.
  - **Preservation**: Each iteration preserves `a == b`.
  - **Termination**: At termination, `a == b` is still true.

---

#### **d. Loop Invariant Discussion**
- **Proposed Invariant**:  
  `a == b && i % 2 == 0 && j == i + 1`.
- **Explanation**:
  - `a == b`: Holds at every iteration (as sampled).
  - `i % 2 == 0`: `i` starts at 0 and increments by 2, so it remains even.
  - `j == i + 1`: Initially `j = 1` and `i = 0`. At each iteration:
    - `i` increases by 2, and `j` increases by 2 (since `i` is even), preserving `j == i + 1`.

---

#### **e. Establishment**
- **Pre-Loop State**: `a = 0`, `b = 0`, `i = 0`, `j = 1`.
- **Invariant Holds**:
  - `a == b` (0 == 0).
  - `i % 2 == 0` (0 is even).
  - `j == i + 1` (1 == 0 + 1).

---

#### **f. Preservation**
Assume the invariant holds at the start of an iteration:
1. `a = a + 1`, `b = b + j - i`.
   - Since `j == i + 1`, `b = b + (i + 1) - i = b + 1`.
   - Thus, `a` and `b` both increment by 1, preserving `a == b`.
2. `i = i + 2` (remains even).
3. `j` update:
   - Since `i` is even, `j = j + 2`.
   - From `j == i + 1`, new `j = (i + 1) + 2 = (i + 2) + 1` (matches new `i`).

---

#### **g. Termination Analysis**
- **Termination Condition**: `unknown()` returns false.
- **Invariant Holds**: The invariant `a == b` remains true, and the post-condition is satisfied.

---

#### **h. Post-condition Correctness**
- **Post-condition**: `a == b`.
- **Correctness**:  
  The invariant `a == b` holds throughout the loop, and termination does not alter `a` or `b`. Thus, the post-condition is **correct**.

---

### **Final Answer**
The loop invariant is:
```c
/*@ loop invariant a == b && i % 2 == 0 && j == i + 1; */
```
This invariant holds at all stages (establishment, preservation, termination) and ensures the post-condition `a == b` is correct.
2025-12-27 19:04:22,239 - INFO  - after const
2025-12-27 19:04:22,239 - INFO  - 
            
        /* >>> LOOP INVARIANT TO FILL <<< */
        
            /*@
            */
            while (unknown()) {
       a = a + 1;
       b = b + j - i;
       i = i + 2;
       if (i % 2 == 0){
       j = j + 2;
      }
       else{
       j = j + 1;
      }
      }
            
2025-12-27 19:04:22,239 - INFO  - after not in
2025-12-27 19:04:22,239 - INFO  - 
            
        /* >>> LOOP INVARIANT TO FILL <<< */
        
            /*@
            */
            while (unknown()) {
       a = a + 1;
       b = b + j - i;
       i = i + 2;
       if (i % 2 == 0){
       j = j + 2;
      }
       else{
       j = j + 1;
      }
      }
            
2025-12-27 19:04:22,239 - INFO  - after vars
2025-12-27 19:04:22,239 - INFO  - 
            
        /* >>> LOOP INVARIANT TO FILL <<< */
        
            /*@
          loop invariant  PLACE_HOLDER_i ;
          loop invariant  PLACE_HOLDER_j ;
          loop invariant  PLACE_HOLDER_a ;
          loop invariant  PLACE_HOLDER_b ;
            */
            while (unknown()) {
       a = a + 1;
       b = b + j - i;
       i = i + 2;
       if (i % 2 == 0){
       j = j + 2;
      }
       else{
       j = j + 1;
      }
      }
            
2025-12-27 19:04:22,240 - INFO  - after verification goal
2025-12-27 19:04:22,240 - INFO  - 
            
        /* >>> LOOP INVARIANT TO FILL <<< */
        
            /*@
          loop invariant  PLACE_HOLDER_VERFICATION_GOAL ;
          loop invariant  PLACE_HOLDER_i ;
          loop invariant  PLACE_HOLDER_j ;
          loop invariant  PLACE_HOLDER_a ;
          loop invariant  PLACE_HOLDER_b ;
            */
            while (unknown()) {
       a = a + 1;
       b = b + j - i;
       i = i + 2;
       if (i % 2 == 0){
       j = j + 2;
      }
       else{
       j = j + 1;
      }
      }
            
2025-12-27 19:04:22,241 - INFO  - annotated_callee_str: 


2025-12-27 19:04:22,251 - INFO  - Content of loop template: 


void foo252() {

    int i;
    int j;
    int a;
    int b;

    a = 0;
    b = 0;
    j = 1;
    i = 0;


    
            
        /* >>> LOOP INVARIANT TO FILL <<< */
        
            /*@
          PLACE_HOLDER_LOOP
            */
            while (unknown()) {
       a = a + 1;
       b = b + j - i;
       i = i + 2;
       if (i % 2 == 0){
       j = j + 2;
      }
       else{
       j = j + 1;
      }
      }
            

    /*@ assert a == b; */

  }
2025-12-27 19:04:22,252 - INFO  - annotated_callee_str: 


2025-12-27 19:04:22,259 - INFO  - Content of loop template: 


void foo252() {

    int i;
    int j;
    int a;
    int b;

    a = 0;
    b = 0;
    j = 1;
    i = 0;


    
            
        /* >>> LOOP INVARIANT TO FILL <<< */
        
            /*@
          loop invariant  PLACE_HOLDER_i ;
          loop invariant  PLACE_HOLDER_j ;
          loop invariant  PLACE_HOLDER_a ;
          loop invariant  PLACE_HOLDER_b ;
            */
            while (unknown()) {
       a = a + 1;
       b = b + j - i;
       i = i + 2;
       if (i % 2 == 0){
       j = j + 2;
      }
       else{
       j = j + 1;
      }
      }
            

    /*@ assert a == b; */

  }
2025-12-27 19:04:22,260 - INFO  - annotated_callee_str: 


2025-12-27 19:04:22,267 - INFO  - Content of loop template: 


void foo252() {

    int i;
    int j;
    int a;
    int b;

    a = 0;
    b = 0;
    j = 1;
    i = 0;


    
            
        /* >>> LOOP INVARIANT TO FILL <<< */
        
            /*@
          loop invariant  PLACE_HOLDER_VERFICATION_GOAL ;
          loop invariant  PLACE_HOLDER_i ;
          loop invariant  PLACE_HOLDER_j ;
          loop invariant  PLACE_HOLDER_a ;
          loop invariant  PLACE_HOLDER_b ;
            */
            while (unknown()) {
       a = a + 1;
       b = b + j - i;
       i = i + 2;
       if (i % 2 == 0){
       j = j + 2;
      }
       else{
       j = j + 1;
      }
      }
            

    /*@ assert a == b; */

  }
2025-12-27 19:04:22,267 - DEBUG  - user_prompt_traival
2025-12-27 19:04:22,267 - DEBUG  - ### Role: ###
You are a helpful AI software assistant specializing in reasoning about code behavior. Your task is to analyze C programs and identify loop invariants that can be used to verify program properties using Frama-C.

### Task: ###
Given a C program with a loop, generate the necessary loop invariants in ACSL (ANSI/ISO C Specification Language) annotations. These invariants will help Frama-C verify the post-condition of the program.



Inputs:
- The pre-condition before the loop begins execution.
- A full C loop program with invariant annotations containing `PLACE_HOLDER` that need to be filled.

### Output: ###
Provide the complete C code with the loop invariant and other relevant ACSL annotations, where all placeholders are correctly filled in ```c ```.

### Rules: ###
- If you break any of these rules, my family will disown me.
- Do not modify any existing annotations or add new annotations. You are only allowed to replace the placeholders `PLACE_HOLDER` before loop.
- Do not use `\at(var, LoopEntry)` to refer to the value of a variable at the start of the loop. Instead, use the value specified in the pre-condition.
- Do not generate loop variant.
- Only use keywords and constructs supported in ACSL annotations for loops.
- Do not generate any natural language explanations after ACSL annotations.
- When `unknown()` used as the loop condition, the number of loop iterations can be any non-negative integer, and the invariant must hold for all cases.
- You are only allowed to fill `PLACE_HOLDER` for `loop invariant` and `loop assigns`, do not generate any `requires` or `ensures` or `loop variant`.





Consider the following C loop:

Pre-condition: `(b == 0) * (a == 0) * (j == 1) * (i == 0)`

Loop program: `


void foo252() {

    int i;
    int j;
    int a;
    int b;

    a = 0;
    b = 0;
    j = 1;
    i = 0;


    
            
        /* >>> LOOP INVARIANT TO FILL <<< */
        
            /*@
          PLACE_HOLDER_LOOP
            */
            while (unknown()) {
       a = a + 1;
       b = b + j - i;
       i = i + 2;
       if (i % 2 == 0){
       j = j + 2;
      }
       else{
       j = j + 1;
      }
      }
            

    /*@ assert a == b; */

  }`



2025-12-27 19:04:22,268 - DEBUG  - user_prompt_template
2025-12-27 19:04:22,268 - DEBUG  - ### Role: ###
You are a helpful AI software assistant specializing in reasoning about code behavior. Your task is to analyze C programs and identify loop invariants that can be used to verify program properties using Frama-C.

### Task: ###
Given a C program with a loop, generate the necessary loop invariants in ACSL (ANSI/ISO C Specification Language) annotations. These invariants will help Frama-C verify the post-condition of the program.



Inputs:
- The pre-condition before the loop begins execution.
- A full C loop program with invariant annotations containing `PLACE_HOLDER` that need to be filled.

### Output: ###
Provide the complete C code with the loop invariant and other relevant ACSL annotations, where all placeholders are correctly filled in ```c ```.

### Rules: ###
- If you break any of these rules, my family will disown me.
- Do not modify any existing annotations or add new annotations. You are only allowed to replace the placeholders `PLACE_HOLDER` before loop.
- Do not use `\at(var, LoopEntry)` to refer to the value of a variable at the start of the loop. Instead, use the value specified in the pre-condition.
- Do not generate loop variant.
- Only use keywords and constructs supported in ACSL annotations for loops.
- Do not generate any natural language explanations after ACSL annotations.
- When `unknown()` used as the loop condition, the number of loop iterations can be any non-negative integer, and the invariant must hold for all cases.
- You are only allowed to fill `PLACE_HOLDER` for `loop invariant` and `loop assigns`, do not generate any `requires` or `ensures` or `loop variant`.

- Generate loop invariants with equality constraints as comprehensively as possible.



Consider the following C loop:

Pre-condition: `(b == 0) * (a == 0) * (j == 1) * (i == 0)`

Loop program: `


void foo252() {

    int i;
    int j;
    int a;
    int b;

    a = 0;
    b = 0;
    j = 1;
    i = 0;


    
            
        /* >>> LOOP INVARIANT TO FILL <<< */
        
            /*@
          loop invariant  PLACE_HOLDER_i ;
          loop invariant  PLACE_HOLDER_j ;
          loop invariant  PLACE_HOLDER_a ;
          loop invariant  PLACE_HOLDER_b ;
            */
            while (unknown()) {
       a = a + 1;
       b = b + j - i;
       i = i + 2;
       if (i % 2 == 0){
       j = j + 2;
      }
       else{
       j = j + 1;
      }
      }
            

    /*@ assert a == b; */

  }`



2025-12-27 19:04:22,268 - DEBUG  - user_prompt_verification
2025-12-27 19:04:22,268 - DEBUG  - ### Role: ###
You are a helpful AI software assistant specializing in reasoning about code behavior. Your task is to analyze C programs and identify loop invariants that can be used to verify program properties using Frama-C.

### Task: ###
Given a C program with a loop, generate the necessary loop invariants in ACSL (ANSI/ISO C Specification Language) annotations. These invariants will help Frama-C verify the post-condition of the program.



Inputs:
- The pre-condition before the loop begins execution.
- A full C loop program with invariant annotations containing `PLACE_HOLDER` that need to be filled.

### Output: ###
Provide the complete C code with the loop invariant and other relevant ACSL annotations, where all placeholders are correctly filled in ```c ```.

### Rules: ###
- If you break any of these rules, my family will disown me.
- Do not modify any existing annotations or add new annotations. You are only allowed to replace the placeholders `PLACE_HOLDER` before loop.
- Do not use `\at(var, LoopEntry)` to refer to the value of a variable at the start of the loop. Instead, use the value specified in the pre-condition.
- Do not generate loop variant.
- Only use keywords and constructs supported in ACSL annotations for loops.
- Do not generate any natural language explanations after ACSL annotations.
- When `unknown()` used as the loop condition, the number of loop iterations can be any non-negative integer, and the invariant must hold for all cases.
- You are only allowed to fill `PLACE_HOLDER` for `loop invariant` and `loop assigns`, do not generate any `requires` or `ensures` or `loop variant`.

- Generate loop invariants with equality constraints as comprehensively as possible.
- Please first try to directly use the verification goal as the loop invariant at `PLACE_HOLDER_VERFICATION_GOAL`. Often, the verification goal (assertion) also holds throughout the loop; in that case, it can be used directly as the invariant.


Consider the following C loop:

Pre-condition: `(b == 0) * (a == 0) * (j == 1) * (i == 0)`

Loop program: `


void foo252() {

    int i;
    int j;
    int a;
    int b;

    a = 0;
    b = 0;
    j = 1;
    i = 0;


    
            
        /* >>> LOOP INVARIANT TO FILL <<< */
        
            /*@
          loop invariant  PLACE_HOLDER_VERFICATION_GOAL ;
          loop invariant  PLACE_HOLDER_i ;
          loop invariant  PLACE_HOLDER_j ;
          loop invariant  PLACE_HOLDER_a ;
          loop invariant  PLACE_HOLDER_b ;
            */
            while (unknown()) {
       a = a + 1;
       b = b + j - i;
       i = i + 2;
       if (i % 2 == 0){
       j = j + 2;
      }
       else{
       j = j + 1;
      }
      }
            

    /*@ assert a == b; */

  }`



2025-12-27 19:04:30,635 - DEBUG  - invgen reasoning
2025-12-27 19:04:30,635 - DEBUG  - Here is the complete C code with the loop invariant filled in:

```c
void foo252() {
    int i;
    int j;
    int a;
    int b;

    a = 0;
    b = 0;
    j = 1;
    i = 0;

    /*@
      loop invariant a == b;
      loop invariant i % 2 == 0;
      loop invariant j == i + 1;
      loop assigns a, b, i, j;
    */
    while (unknown()) {
        a = a + 1;
        b = b + j - i;
        i = i + 2;
        if (i % 2 == 0) {
            j = j + 2;
        }
        else {
            j = j + 1;
        }
    }

    /*@ assert a == b; */
}
```

The loop invariants are:
1. `a == b` (main relationship between a and b)
2. `i % 2 == 0` (i remains even throughout the loop)
3. `j == i + 1` (relationship between j and i)
4. `loop assigns a, b, i, j` (variables modified in the loop)
2025-12-27 19:04:45,754 - DEBUG  - invgen reasoning
2025-12-27 19:04:45,755 - DEBUG  - Here is the complete C code with comprehensive loop invariants filled in:

```c
void foo252() {
    int i;
    int j;
    int a;
    int b;

    a = 0;
    b = 0;
    j = 1;
    i = 0;

    /*@
      loop invariant i == 2*a;
      loop invariant j == 2*a + 1;
      loop invariant a == b;
      loop invariant i % 2 == 0;
      loop assigns a, b, i, j;
    */
    while (unknown()) {
        a = a + 1;
        b = b + j - i;
        i = i + 2;
        if (i % 2 == 0) {
            j = j + 2;
        }
        else {
            j = j + 1;
        }
    }

    /*@ assert a == b; */
}
```

The loop invariants are:
1. `i == 2*a` (relationship between i and a)
2. `j == 2*a + 1` (relationship between j and a)
3. `a == b` (main equality to be preserved)
4. `i % 2 == 0` (i remains even)
5. `loop assigns a, b, i, j` (variables modified in the loop)

These invariants:
- Are all established by the preconditions (a=0, b=0, j=1, i=0)
- Are preserved through each iteration
- Are sufficient to prove the post-condition a == b
- Completely describe the relationships between all variables
- Satisfy all ACSL requirements without using \at or loop variants
2025-12-27 19:04:59,013 - DEBUG  - invgen reasoning
2025-12-27 19:04:59,014 - DEBUG  - ```c
void foo252() {
    int i;
    int j;
    int a;
    int b;

    a = 0;
    b = 0;
    j = 1;
    i = 0;

    /*@
      loop invariant a == b;  // Verification goal as primary invariant
      loop invariant i == 2*a;
      loop invariant j == 2*a + 1;
      loop invariant b == a;  // Redundant but explicit
      loop assigns a, b, i, j;
    */
    while (unknown()) {
        a = a + 1;
        b = b + j - i;
        i = i + 2;
        if (i % 2 == 0) {
            j = j + 2;
        }
        else {
            j = j + 1;
        }
    }

    /*@ assert a == b; */
}
```

Key points:
1. Used the verification goal `a == b` directly as the first/main invariant since it holds throughout
2. Added `i == 2*a` showing the linear relationship between i and loop progress (a)
3. Added `j == 2*a + 1` capturing j's relationship to loop progress
4. Included `b == a` redundantly to make assignments explicit
5. Specified all modified variables in `loop assigns`
6. All invariants are established by the preconditions and preserved through iterations
7. The invariants are sufficient to prove the post-condition without needing variants or \at expressions
2025-12-27 19:04:59,014 - INFO  - candidated loop invariant
2025-12-27 19:04:59,014 - INFO  - 
void foo252() {
    int i;
    int j;
    int a;
    int b;

    a = 0;
    b = 0;
    j = 1;
    i = 0;

    /*@
      loop invariant i == 2*a;
      loop invariant j == 2*a + 1;
      loop invariant a == b;
      loop invariant i % 2 == 0;
      loop assigns a, b, i, j;
    */
    while (unknown()) {
        a = a + 1;
        b = b + j - i;
        i = i + 2;
        if (i % 2 == 0) {
            j = j + 2;
        }
        else {
            j = j + 1;
        }
    }

    /*@ assert a == b; */
}

2025-12-27 19:05:00,067 - INFO  - syntax Correct
2025-12-27 19:05:01,215 - INFO  - Validate:
2025-12-27 19:05:01,216 - INFO  - [True, True, True, True]
2025-12-27 19:05:01,216 - INFO  - 
2025-12-27 19:05:01,216 - INFO  - Verify:
2025-12-27 19:05:01,217 - INFO  - [True]
2025-12-27 19:05:01,217 - INFO  - 
2025-12-27 19:05:01,217 - INFO  - loop invariant annotated
2025-12-27 19:05:01,217 - INFO  - 
void foo252() {
    int i;
    int j;
    int a;
    int b;

    a = 0;
    b = 0;
    j = 1;
    i = 0;

    /*@
      loop invariant i == 2*a;
      loop invariant j == 2*a + 1;
      loop invariant a == b;
      loop invariant i % 2 == 0;
      loop assigns a, b, i, j;
    */
    while (unknown()) {
        a = a + 1;
        b = b + j - i;
        i = i + 2;
        if (i % 2 == 0) {
            j = j + 2;
        }
        else {
            j = j + 1;
        }
    }

    /*@ assert a == b; */
}

2025-12-27 19:05:03,487 - INFO  - ACSL format loop invariant
2025-12-27 19:05:03,488 - INFO  - /*@
      loop invariant i == 2*a;
      loop invariant j == 2*a + 1;
      loop invariant a == b;
      loop invariant i % 2 == 0;
      loop assigns a, b, i, j;
    */
    while (unknown()) {
        a = a + 1;
        b = b + j - i;
        i = i + 2;
        if (i % 2 == 0) {
            j = j + 2;
        }
        else {
            j = j + 1;
        }
    }
2025-12-27 19:05:03,488 - INFO  - VST format loop invariant
2025-12-27 19:05:03,488 - INFO  - /*@ Inv
    (i == 2*a) &&
(j == 2*a + 1) &&
(a == b) &&
(i % 2 == 0
      loop assigns a, b, i, j)
    */
    
    while (unknown()) {
        a = a + 1;
        b = b + j - i;
        i = i + 2;
        if (i % 2 == 0) {
            j = j + 2;
        }
        else {
            j = j + 1;
        }
    }
2025-12-27 19:05:03,489 - INFO  - PARTIAL CORRECT INVARIANT
2025-12-27 19:05:03,489 - INFO  - continue symbolic execution
2025-12-27 19:05:03,489 - INFO  - 
void foo252() {
    int i;
    int j;
    int a;
    int b;

    a = 0;
    b = 0;
    j = 1;
    i = 0;

    /*@
      loop invariant i == 2*a;
      loop invariant j == 2*a + 1;
      loop invariant a == b;
      loop invariant i % 2 == 0;
      loop assigns a, b, i, j;
    */
    while (unknown()) {
        a = a + 1;
        b = b + j - i;
        i = i + 2;
        if (i % 2 == 0) {
            j = j + 2;
        }
        else {
            j = j + 1;
        }
    }

    /*@ assert a == b; */
}

2025-12-27 19:05:04,645 - INFO  - syntax Correct
2025-12-27 19:05:05,793 - INFO  - Validate:
2025-12-27 19:05:05,794 - INFO  - [True, True, True, True]
2025-12-27 19:05:05,794 - INFO  - 
2025-12-27 19:05:05,794 - INFO  - Verify:
2025-12-27 19:05:05,794 - INFO  - [True]
2025-12-27 19:05:05,795 - INFO  - 
2025-12-27 19:05:05,795 - INFO  - CORRECT INVARIANT
2025-12-27 19:05:07,945 - INFO  - ==================================================
2025-12-27 19:05:07,946 - INFO  - first_pass:
2025-12-27 19:05:07,946 - INFO  - syntax=1, valid=1,satisfy=1
2025-12-27 19:05:07,946 - INFO  - ==================================================
2025-12-27 19:05:07,947 - INFO  - foo252.c after loop invariant generation: 

void foo252() {
    int i;
    int j;
    int a;
    int b;

    a = 0;
    b = 0;
    j = 1;
    i = 0;

    /*@
      loop invariant i == 2*a;
      loop invariant j == 2*a + 1;
      loop invariant a == b;
      loop invariant i % 2 == 0;
      loop assigns a, b, i, j;
    */
    while (unknown()) {
        a = a + 1;
        b = b + j - i;
        i = i + 2;
        if (i % 2 == 0) {
            j = j + 2;
        }
        else {
            j = j + 1;
        }
    }

    /*@ assert a == b; */
}

2025-12-27 19:05:08,345 - INFO  - ==================================================
2025-12-27 19:05:08,347 - INFO  - â° OVERALL EXECUTION TIME STATISTICS
2025-12-27 19:05:08,347 - INFO  - Total execution time: 91.82 seconds (1.53 minutes)
2025-12-27 19:05:08,347 - INFO  - ==================================================
2025-12-27 19:05:08,348 - INFO  - ==================================================
2025-12-27 19:05:08,348 - INFO  - ðŸ“Š TOKEN USAGE STATISTICS
2025-12-27 19:05:08,348 - INFO  - Total API calls: 0
2025-12-27 19:05:08,349 - INFO  - Total prompt tokens (input): 0
2025-12-27 19:05:08,349 - INFO  - Total completion tokens (output): 0
2025-12-27 19:05:08,349 - INFO  - Total tokens: 0
2025-12-27 19:05:08,350 - INFO  - ==================================================
