2025-12-27 15:41:05,329 - INFO  - 
ðŸš€ Starting generation of function: foo315
2025-12-27 15:41:05,329 - INFO  - 
FUNCTION INITIALIZATION
2025-12-27 15:41:05,330 - INFO  - ==================================================

2025-12-27 15:41:06,169 - INFO  - Initial pending functions: ['foo315']
2025-12-27 15:41:06,169 - INFO  - 
GENERATE ANNOTATION FOR foo315
2025-12-27 15:41:06,169 - INFO  - ==================================================

2025-12-27 15:41:06,169 - INFO  - Function foo315 has been initialized
2025-12-27 15:41:06,209 - INFO  - Content of ACSL foo315.c file to be inserted into template: 

/*@
    requires n <= 20000001;
    */
    
void foo315(unsigned int n) {

    unsigned
    unsigned int j;
    unsigned int i;
    unsigned int k;

    i = 0;
    k = 0;
    j = 0;


    while (i < n) {
       i = i + 3;
       j = j + 3;
       k = k + 3;
      }

    /*@ assert k == j; */

  }
2025-12-27 15:41:06,210 - INFO  - Content of pre-annotated foo315.c file: 

    #include "../verification_stdlib.h"
    #include "../verification_list.h"
    #include "../int_array_def.h"

    /*@ Extern Coq (Result: Assertion) */
    /*@ Extern Coq (Results: Z -> Assertion) */

        

void foo315(unsigned int n) 

            /*@
            Require n <= 20000001
            Ensure Results(__return)
            */
            {

    unsigned
    unsigned int j;
    unsigned int i;
    unsigned int k;

    i = 0;
    k = 0;
    j = 0;


    while (i < n) {
       i = i + 3;
       j = j + 3;
       k = k + 3;
      }

    

  }
2025-12-27 15:41:06,211 - INFO  - 
GENERATE LOOP INVARIANT FOR foo315
2025-12-27 15:41:06,211 - INFO  - ==================================================

2025-12-27 15:41:06,273 - INFO  - file_name: foo315
2025-12-27 15:41:06,377 - DEBUG  - INNER_FLAG: False
2025-12-27 15:41:06,378 - INFO  - Variable Maps:[{}]
2025-12-27 15:41:06,378 - INFO  - Path conditions: [None]
2025-12-27 15:41:06,378 - INFO  - Pre condition: 
2025-12-27 15:41:06,378 - INFO  - Loop Condition: i < n
2025-12-27 15:41:06,379 - INFO  - Array Names: []
2025-12-27 15:41:06,379 - INFO  - Updated Loop Conditions: ['i < n']
2025-12-27 15:41:06,379 - INFO  - Global Unchanged Variables: []
2025-12-27 15:41:06,379 - INFO  - Non Inductive Variables: []
2025-12-27 15:41:06,379 - INFO  - Unchanged Arrays (Read-only): []
2025-12-27 15:41:06,380 - INFO  - after assignments
2025-12-27 15:41:06,380 - INFO  - 
            
        /* >>> LOOP INVARIANT TO FILL <<< */
        
            /*@
            */
            while (i < n) {
       i = i + 3;
       j = j + 3;
       k = k + 3;
      }
            
2025-12-27 15:41:36,875 - INFO  - think in natural language: ### **Comprehensive Loop Verification Analysis**

---

#### **a. Loop Purpose and Structure**

- **Purpose**: The loop increments three variables (`i`, `j`, and `k`) by `3` in each iteration until `i` reaches or exceeds `n`. The intended outcome is to ensure that `k` and `j` are equal after the loop terminates, as asserted by the post-condition `k == j`.
- **Structure**:
  - **Governing condition**: `while (i < n)`.
  - **Body operations**: 
    - `i = i + 3`
    - `j = j + 3`
    - `k = k + 3`
  - **Relevant variables**: `i` (loop counter), `j`, `k` (tracked variables), and `n` (upper bound).

---

#### **b. Sample and Analyze Variable Values**

Assume `n = 6` for illustration (since `n <= 20000001` is allowed by the pre-condition):

1. **Pre-Loop Sampling**:
   - `i = 0`, `j = 0`, `k = 0`, `n = 6`.
2. **Post-Iteration Sampling**:
   - After iteration 1: `i = 3`, `j = 3`, `k = 3`.
   - After iteration 2: `i = 6`, `j = 6`, `k = 6`.
   - Loop terminates (since `i >= n`).
3. **Post-Loop Sampling**:
   - `i = 6`, `j = 6`, `k = 6`.

---

#### **c. Verification Goal Analysis**

- **Verification goal (post-condition)**: `k == j`.
- **Can it be an invariant?** 
  - **YES**, because `k` and `j` are always incremented by the same value (`3`) in each iteration. Thus, `k == j` holds at the start, during, and end of every iteration.
- **No modification needed**: The goal itself is a valid invariant.

---

#### **d. Loop Invariant Discussion**

- **Proposed invariant**: 
  - `k == j` (always true).
  - `i == j && i == k` (stronger invariant, since all variables are always equal).
- **Why valid?**:
  - Before the loop: `i = j = k = 0` (holds).
  - During the loop: All variables are incremented by `3` simultaneously (preserves equality).
  - After the loop: Equality still holds.

---

#### **e. Establishment**

- **Pre-loop state**: `i = j = k = 0`.
- **Invariant holds**: `k == j` is true (since `0 == 0`).
- **Guaranteed by pre-condition**: The pre-condition `n <= 20000001` ensures no overflow issues, but the invariant's establishment depends only on initial assignments, which are fixed.

---

#### **f. Preservation**

- **Assumption**: At the start of an iteration, `k == j` holds, and `i < n`.
- **After iteration**:
  - `i` becomes `i + 3`, `j` becomes `j + 3`, `k` becomes `k + 3`.
  - Since `k == j` before, `k + 3 == j + 3` after (invariant preserved).

---

#### **g. Termination Analysis**

- **Termination condition**: `i >= n`.
- **State at termination**:
  - `i = j = k = 3 * m`, where `m` is the number of iterations.
  - The invariant `k == j` still holds.
- **Why valid?** The loop stops when `i >= n`, but the invariant is independent of `n`.

---

#### **h. Post-condition Correctness**

- **Post-condition**: `k == j`.
- **Correctness**:
  - The invariant `k == j` holds throughout.
  - At termination, the loop condition is false (`i >= n`), but the invariant still holds.
  - Thus, the post-condition is **correct**.

---

### **Final Answer: Loop Invariant**

The loop invariant is:
```c
/*@ loop invariant k == j; */
```

**Explanation**:
- Holds initially (`k = j = 0`).
- Preserved in each iteration (both increment by `3`).
- Implies the post-condition `k == j` at termination. 

No stronger invariant is needed for this specific post-condition.
2025-12-27 15:41:36,876 - INFO  - after const
2025-12-27 15:41:36,876 - INFO  - 
            
        /* >>> LOOP INVARIANT TO FILL <<< */
        
            /*@
            */
            while (i < n) {
       i = i + 3;
       j = j + 3;
       k = k + 3;
      }
            
2025-12-27 15:41:36,876 - INFO  - after not in
2025-12-27 15:41:36,877 - INFO  - 
            
        /* >>> LOOP INVARIANT TO FILL <<< */
        
            /*@
          loop invariant (!(i < n)) ==> ();
            */
            while (i < n) {
       i = i + 3;
       j = j + 3;
       k = k + 3;
      }
            
2025-12-27 15:41:36,877 - INFO  - after vars
2025-12-27 15:41:36,877 - INFO  - 
            
        /* >>> LOOP INVARIANT TO FILL <<< */
        
            /*@
          loop invariant (!(i < n)) ==> ();
            */
            while (i < n) {
       i = i + 3;
       j = j + 3;
       k = k + 3;
      }
            
2025-12-27 15:41:36,877 - INFO  - after verification goal
2025-12-27 15:41:36,877 - INFO  - 
            
        /* >>> LOOP INVARIANT TO FILL <<< */
        
            /*@
          loop invariant (i < n) ==> (PLACE_HOLDER_VERFICATION_GOAL);
          loop invariant (!(i < n)) ==> ();
            */
            while (i < n) {
       i = i + 3;
       j = j + 3;
       k = k + 3;
      }
            
2025-12-27 15:41:36,888 - INFO  - Content of loop template: 

/*@
    requires n <= 20000001;
    */
    
void foo315(unsigned int n) {

    unsigned
    unsigned int j;
    unsigned int i;
    unsigned int k;

    i = 0;
    k = 0;
    j = 0;


    
            
        /* >>> LOOP INVARIANT TO FILL <<< */
        
            /*@
          PLACE_HOLDER_LOOP
            */
            while (i < n) {
       i = i + 3;
       j = j + 3;
       k = k + 3;
      }
            

    /*@ assert k == j; */

  }
2025-12-27 15:41:36,895 - INFO  - Content of loop template: 

/*@
    requires n <= 20000001;
    */
    
void foo315(unsigned int n) {

    unsigned
    unsigned int j;
    unsigned int i;
    unsigned int k;

    i = 0;
    k = 0;
    j = 0;


    
            
        /* >>> LOOP INVARIANT TO FILL <<< */
        
            /*@
          loop invariant (!(i < n)) ==> ();
            */
            while (i < n) {
       i = i + 3;
       j = j + 3;
       k = k + 3;
      }
            

    /*@ assert k == j; */

  }
2025-12-27 15:41:36,901 - INFO  - Content of loop template: 

/*@
    requires n <= 20000001;
    */
    
void foo315(unsigned int n) {

    unsigned
    unsigned int j;
    unsigned int i;
    unsigned int k;

    i = 0;
    k = 0;
    j = 0;


    
            
        /* >>> LOOP INVARIANT TO FILL <<< */
        
            /*@
          loop invariant (i < n) ==> (PLACE_HOLDER_VERFICATION_GOAL);
          loop invariant (!(i < n)) ==> ();
            */
            while (i < n) {
       i = i + 3;
       j = j + 3;
       k = k + 3;
      }
            

    /*@ assert k == j; */

  }
2025-12-27 15:41:36,902 - DEBUG  - user_prompt_traival
2025-12-27 15:41:36,902 - DEBUG  - ### Role: ###
You are a helpful AI software assistant specializing in reasoning about code behavior. Your task is to analyze C programs and identify loop invariants that can be used to verify program properties using Frama-C.

### Task: ###
Given a C program with a loop, generate the necessary loop invariants in ACSL (ANSI/ISO C Specification Language) annotations. These invariants will help Frama-C verify the post-condition of the program.



Inputs:
- The pre-condition before the loop begins execution.
- A full C loop program with invariant annotations containing `PLACE_HOLDER` that need to be filled.

### Output: ###
Provide the complete C code with the loop invariant and other relevant ACSL annotations, where all placeholders are correctly filled in ```c ```.

### Rules: ###
- If you break any of these rules, my family will disown me.
- Do not modify any existing annotations or add new annotations. You are only allowed to replace the placeholders `PLACE_HOLDER` before loop.
- Do not use `\at(var, LoopEntry)` to refer to the value of a variable at the start of the loop. Instead, use the value specified in the pre-condition.
- Do not generate loop variant.
- Only use keywords and constructs supported in ACSL annotations for loops.
- Do not generate any natural language explanations after ACSL annotations.
- When `unknown()` used as the loop condition, the number of loop iterations can be any non-negative integer, and the invariant must hold for all cases.
- You are only allowed to fill `PLACE_HOLDER` for `loop invariant` and `loop assigns`, do not generate any `requires` or `ensures` or `loop variant`.





Consider the following C loop:

Pre-condition: ``

Loop program: `

/*@
    requires n <= 20000001;
    */
    
void foo315(unsigned int n) {

    unsigned
    unsigned int j;
    unsigned int i;
    unsigned int k;

    i = 0;
    k = 0;
    j = 0;


    
            
        /* >>> LOOP INVARIANT TO FILL <<< */
        
            /*@
          PLACE_HOLDER_LOOP
            */
            while (i < n) {
       i = i + 3;
       j = j + 3;
       k = k + 3;
      }
            

    /*@ assert k == j; */

  }`



2025-12-27 15:41:36,902 - DEBUG  - user_prompt_template
2025-12-27 15:41:36,902 - DEBUG  - ### Role: ###
You are a helpful AI software assistant specializing in reasoning about code behavior. Your task is to analyze C programs and identify loop invariants that can be used to verify program properties using Frama-C.

### Task: ###
Given a C program with a loop, generate the necessary loop invariants in ACSL (ANSI/ISO C Specification Language) annotations. These invariants will help Frama-C verify the post-condition of the program.



Inputs:
- The pre-condition before the loop begins execution.
- A full C loop program with invariant annotations containing `PLACE_HOLDER` that need to be filled.

### Output: ###
Provide the complete C code with the loop invariant and other relevant ACSL annotations, where all placeholders are correctly filled in ```c ```.

### Rules: ###
- If you break any of these rules, my family will disown me.
- Do not modify any existing annotations or add new annotations. You are only allowed to replace the placeholders `PLACE_HOLDER` before loop.
- Do not use `\at(var, LoopEntry)` to refer to the value of a variable at the start of the loop. Instead, use the value specified in the pre-condition.
- Do not generate loop variant.
- Only use keywords and constructs supported in ACSL annotations for loops.
- Do not generate any natural language explanations after ACSL annotations.
- When `unknown()` used as the loop condition, the number of loop iterations can be any non-negative integer, and the invariant must hold for all cases.
- You are only allowed to fill `PLACE_HOLDER` for `loop invariant` and `loop assigns`, do not generate any `requires` or `ensures` or `loop variant`.

- Generate loop invariants with equality constraints as comprehensively as possible.



Consider the following C loop:

Pre-condition: ``

Loop program: `

/*@
    requires n <= 20000001;
    */
    
void foo315(unsigned int n) {

    unsigned
    unsigned int j;
    unsigned int i;
    unsigned int k;

    i = 0;
    k = 0;
    j = 0;


    
            
        /* >>> LOOP INVARIANT TO FILL <<< */
        
            /*@
          loop invariant (!(i < n)) ==> ();
            */
            while (i < n) {
       i = i + 3;
       j = j + 3;
       k = k + 3;
      }
            

    /*@ assert k == j; */

  }`



2025-12-27 15:41:36,902 - DEBUG  - user_prompt_verification
2025-12-27 15:41:36,902 - DEBUG  - ### Role: ###
You are a helpful AI software assistant specializing in reasoning about code behavior. Your task is to analyze C programs and identify loop invariants that can be used to verify program properties using Frama-C.

### Task: ###
Given a C program with a loop, generate the necessary loop invariants in ACSL (ANSI/ISO C Specification Language) annotations. These invariants will help Frama-C verify the post-condition of the program.



Inputs:
- The pre-condition before the loop begins execution.
- A full C loop program with invariant annotations containing `PLACE_HOLDER` that need to be filled.

### Output: ###
Provide the complete C code with the loop invariant and other relevant ACSL annotations, where all placeholders are correctly filled in ```c ```.

### Rules: ###
- If you break any of these rules, my family will disown me.
- Do not modify any existing annotations or add new annotations. You are only allowed to replace the placeholders `PLACE_HOLDER` before loop.
- Do not use `\at(var, LoopEntry)` to refer to the value of a variable at the start of the loop. Instead, use the value specified in the pre-condition.
- Do not generate loop variant.
- Only use keywords and constructs supported in ACSL annotations for loops.
- Do not generate any natural language explanations after ACSL annotations.
- When `unknown()` used as the loop condition, the number of loop iterations can be any non-negative integer, and the invariant must hold for all cases.
- You are only allowed to fill `PLACE_HOLDER` for `loop invariant` and `loop assigns`, do not generate any `requires` or `ensures` or `loop variant`.

- Generate loop invariants with equality constraints as comprehensively as possible.
- Please first try to directly use the verification goal as the loop invariant at `PLACE_HOLDER_VERFICATION_GOAL`. Often, the verification goal (assertion) also holds throughout the loop; in that case, it can be used directly as the invariant.


Consider the following C loop:

Pre-condition: ``

Loop program: `

/*@
    requires n <= 20000001;
    */
    
void foo315(unsigned int n) {

    unsigned
    unsigned int j;
    unsigned int i;
    unsigned int k;

    i = 0;
    k = 0;
    j = 0;


    
            
        /* >>> LOOP INVARIANT TO FILL <<< */
        
            /*@
          loop invariant (i < n) ==> (PLACE_HOLDER_VERFICATION_GOAL);
          loop invariant (!(i < n)) ==> ();
            */
            while (i < n) {
       i = i + 3;
       j = j + 3;
       k = k + 3;
      }
            

    /*@ assert k == j; */

  }`



2025-12-27 15:41:43,312 - DEBUG  - invgen reasoning
2025-12-27 15:41:43,313 - DEBUG  - ```c
/*@
    requires n <= 20000001;
    */
    
void foo315(unsigned int n) {

    unsigned
    unsigned int j;
    unsigned int i;
    unsigned int k;

    i = 0;
    k = 0;
    j = 0;


    
            
        /* >>> LOOP INVARIANT TO FILL <<< */
        
            /*@
          loop invariant k == j;
          loop invariant i == j;
          loop invariant i == k;
          loop assigns i, j, k;
            */
            while (i < n) {
       i = i + 3;
       j = j + 3;
       k = k + 3;
      }
            

    /*@ assert k == j; */

  }
```
2025-12-27 15:41:52,260 - DEBUG  - invgen reasoning
2025-12-27 15:41:52,261 - DEBUG  - ```c
/*@
    requires n <= 20000001;
    */
    
void foo315(unsigned int n) {

    unsigned
    unsigned int j;
    unsigned int i;
    unsigned int k;

    i = 0;
    k = 0;
    j = 0;


    
            
        /* >>> LOOP INVARIANT TO FILL <<< */
        
            /*@
          loop invariant i == j && j == k;
          loop invariant i % 3 == 0 && j % 3 == 0 && k % 3 == 0;
          loop invariant (!(i < n)) ==> (i >= n && i == j && j == k);
          loop assigns i, j, k;
            */
            while (i < n) {
       i = i + 3;
       j = j + 3;
       k = k + 3;
      }
            

    /*@ assert k == j; */

  }
```
2025-12-27 15:42:00,674 - DEBUG  - invgen reasoning
2025-12-27 15:42:00,675 - DEBUG  - ```c
/*@
    requires n <= 20000001;
    */
    
void foo315(unsigned int n) {

    unsigned
    unsigned int j;
    unsigned int i;
    unsigned int k;

    i = 0;
    k = 0;
    j = 0;


    
            
        /* >>> LOOP INVARIANT TO FILL <<< */
        
            /*@
          loop invariant (i < n) ==> (k == j);
          loop invariant (!(i < n)) ==> (k == j);
          loop assigns i, j, k;
            */
            while (i < n) {
       i = i + 3;
       j = j + 3;
       k = k + 3;
      }
            

    /*@ assert k == j; */

  }
```
2025-12-27 15:42:00,675 - INFO  - candidated loop invariant
2025-12-27 15:42:00,675 - INFO  - 
/*@
    requires n <= 20000001;
    */
    
void foo315(unsigned int n) {

    unsigned
    unsigned int j;
    unsigned int i;
    unsigned int k;

    i = 0;
    k = 0;
    j = 0;


    
            
        /* >>> LOOP INVARIANT TO FILL <<< */
        
            /*@
          loop invariant i == j && j == k;
          loop invariant i % 3 == 0 && j % 3 == 0 && k % 3 == 0;
          loop invariant (!(i < n)) ==> (i >= n && i == j && j == k);
          loop assigns i, j, k;
            */
            while (i < n) {
       i = i + 3;
       j = j + 3;
       k = k + 3;
      }
            

    /*@ assert k == j; */

  }

2025-12-27 15:42:01,136 - INFO  - syntax Error
[kernel] Parsing 3_output/linear/foo315.c (with preprocessing)
[kernel] 3_output/linear/foo315.c:8: Failure: 
  Invalid combination of type specifiers:
  unsigned unsigned int
[kernel] User Error: stopping on file "3_output/linear/foo315.c" that has errors. Add
  '-kernel-msg-key pp' for preprocessing command.
[kernel] Frama-C aborted: invalid user input.

2025-12-27 15:42:16,283 - INFO  - after repair
2025-12-27 15:42:16,283 - INFO  - 
/*@
    requires n <= 20000001;
    */
    
void foo315(unsigned int n) {

    unsigned int j;
    unsigned int i;
    unsigned int k;

    i = 0;
    k = 0;
    j = 0;

    /*@
          loop invariant i == j && j == k;
          loop invariant i % 3 == 0 && j % 3 == 0 && k % 3 == 0;
          loop invariant (!(i < n)) ==> (i >= n && i == j && j == k);
          loop assigns i, j, k;
    */
    while (i < n) {
       i = i + 3;
       j = j + 3;
       k = k + 3;
    }

    /*@ assert k == j; */
}

2025-12-27 15:42:18,318 - INFO  - after hudini
2025-12-27 15:42:18,319 - INFO  - 
/*@
    requires n <= 20000001;
    */
    
void foo315(unsigned int n) {

    unsigned int j;
    unsigned int i;
    unsigned int k;

    i = 0;
    k = 0;
    j = 0;

    /*@
          loop invariant i == j && j == k;
          loop invariant i % 3 == 0 && j % 3 == 0 && k % 3 == 0;
          loop invariant (!(i < n)) ==> (i >= n && i == j && j == k);
          loop assigns i, j, k;
    */
    while (i < n) {
       i = i + 3;
       j = j + 3;
       k = k + 3;
    }

    /*@ assert k == j; */
}

2025-12-27 15:42:19,267 - INFO  - syntax Correct
2025-12-27 15:42:20,312 - INFO  - Validate:
2025-12-27 15:42:20,313 - INFO  - [True, True, True]
2025-12-27 15:42:20,313 - INFO  - 
2025-12-27 15:42:20,313 - INFO  - Verify:
2025-12-27 15:42:20,313 - INFO  - [True]
2025-12-27 15:42:20,314 - INFO  - 
2025-12-27 15:42:20,314 - INFO  - loop invariant annotated
2025-12-27 15:42:20,314 - INFO  - 
/*@
    requires n <= 20000001;
    */
    
void foo315(unsigned int n) {

    unsigned int j;
    unsigned int i;
    unsigned int k;

    i = 0;
    k = 0;
    j = 0;

    /*@
          loop invariant i == j && j == k;
          loop invariant i % 3 == 0 && j % 3 == 0 && k % 3 == 0;
          loop invariant (!(i < n)) ==> (i >= n && i == j && j == k);
          loop assigns i, j, k;
    */
    while (i < n) {
       i = i + 3;
       j = j + 3;
       k = k + 3;
    }

    /*@ assert k == j; */
}

2025-12-27 15:42:22,338 - INFO  - ACSL format loop invariant
2025-12-27 15:42:22,339 - INFO  - /*@
          loop invariant i == j && j == k;
          loop invariant i % 3 == 0 && j % 3 == 0 && k % 3 == 0;
          loop invariant (!(i < n)) ==> (i >= n && i == j && j == k);
          loop assigns i, j, k;
    */
    while (i < n) {
       i = i + 3;
       j = j + 3;
       k = k + 3;
    }
2025-12-27 15:42:22,339 - INFO  - VST format loop invariant
2025-12-27 15:42:22,339 - INFO  - /*@ Inv
    (i == j && j == k) &&
(i % 3 == 0 && j % 3 == 0 && k % 3 == 0) &&
((!(i < n)) => (i >= n && i == j && j == k)
          loop assigns i, j, k)
    */
    
    while (i < n) {
       i = i + 3;
       j = j + 3;
       k = k + 3;
    }
2025-12-27 15:42:22,340 - INFO  - PARTIAL CORRECT INVARIANT
2025-12-27 15:42:22,340 - INFO  - continue symbolic execution
2025-12-27 15:42:22,340 - INFO  - 
/*@
    requires n <= 20000001;
    */
    
void foo315(unsigned int n) {

    unsigned int j;
    unsigned int i;
    unsigned int k;

    i = 0;
    k = 0;
    j = 0;

    /*@
          loop invariant i == j && j == k;
          loop invariant i % 3 == 0 && j % 3 == 0 && k % 3 == 0;
          loop invariant (!(i < n)) ==> (i >= n && i == j && j == k);
          loop assigns i, j, k;
    */
    while (i < n) {
       i = i + 3;
       j = j + 3;
       k = k + 3;
    }

    /*@ assert k == j; */
}

2025-12-27 15:42:23,354 - INFO  - syntax Correct
2025-12-27 15:42:24,458 - INFO  - Validate:
2025-12-27 15:42:24,459 - INFO  - [True, True, True]
2025-12-27 15:42:24,459 - INFO  - 
2025-12-27 15:42:24,459 - INFO  - Verify:
2025-12-27 15:42:24,459 - INFO  - [True]
2025-12-27 15:42:24,460 - INFO  - 
2025-12-27 15:42:24,460 - INFO  - CORRECT INVARIANT
2025-12-27 15:42:26,535 - INFO  - ==================================================
2025-12-27 15:42:26,536 - INFO  - first_pass:
2025-12-27 15:42:26,536 - INFO  - syntax=1, valid=1,satisfy=1
2025-12-27 15:42:26,536 - INFO  - ==================================================
2025-12-27 15:42:26,536 - INFO  - foo315.c after loop invariant generation: 

/*@
    requires n <= 20000001;
    */
    
void foo315(unsigned int n) {

    unsigned int j;
    unsigned int i;
    unsigned int k;

    i = 0;
    k = 0;
    j = 0;

    /*@
          loop invariant i == j && j == k;
          loop invariant i % 3 == 0 && j % 3 == 0 && k % 3 == 0;
          loop invariant (!(i < n)) ==> (i >= n && i == j && j == k);
          loop assigns i, j, k;
    */
    while (i < n) {
       i = i + 3;
       j = j + 3;
       k = k + 3;
    }

    /*@ assert k == j; */
}

2025-12-27 15:42:26,814 - INFO  - ==================================================
2025-12-27 15:42:26,814 - INFO  - â° OVERALL EXECUTION TIME STATISTICS
2025-12-27 15:42:26,814 - INFO  - Total execution time: 81.48 seconds (1.36 minutes)
2025-12-27 15:42:26,814 - INFO  - ==================================================
2025-12-27 15:42:26,814 - INFO  - ==================================================
2025-12-27 15:42:26,815 - INFO  - ðŸ“Š TOKEN USAGE STATISTICS
2025-12-27 15:42:26,815 - INFO  - Total API calls: 8
2025-12-27 15:42:26,815 - INFO  - Total prompt tokens (input): 80,420
2025-12-27 15:42:26,815 - INFO  - Total completion tokens (output): 3,663
2025-12-27 15:42:26,815 - INFO  - Total tokens: 84,083
2025-12-27 15:42:26,815 - INFO  - Average prompt tokens per call: 10052.5
2025-12-27 15:42:26,815 - INFO  - Average completion tokens per call: 457.9
2025-12-27 15:42:26,816 - INFO  - Average total tokens per call: 10510.4
2025-12-27 15:42:26,816 - INFO  - ==================================================
