2025-12-27 12:14:01,838 - INFO  - 
🚀 Starting generation of function: foo43
2025-12-27 12:14:01,839 - INFO  - 
FUNCTION INITIALIZATION
2025-12-27 12:14:01,839 - INFO  - ==================================================

2025-12-27 12:14:02,196 - INFO  - Initial pending functions: ['foo43', 'unknown']
2025-12-27 12:14:02,197 - INFO  - Now processing function unknown

2025-12-27 12:14:02,197 - INFO  - 
GENERATE ANNOTATION FOR foo43
2025-12-27 12:14:02,197 - INFO  - ==================================================

2025-12-27 12:14:02,197 - INFO  - Function foo43 has been initialized
2025-12-27 12:14:02,235 - INFO  - Content of ACSL foo43.c file to be inserted into template: 


/*@
    requires n > 0;
    */
    
void foo43(int n) {

    int c = 0;

    while (unknown()) {
        {
          if (unknown()) {
            if ( c > n )
            {
            c  = c + 1;
            }
          } else {
            if (c == n) 
            {
            c  = 1;
            }
          }
    
        }
    
    } 
           
    /*@ assert (c == n) ==> (n > - 1); */
    

  

}
2025-12-27 12:14:02,236 - INFO  - Content of pre-annotated foo43.c file: 

    #include "../verification_stdlib.h"
    #include "../verification_list.h"
    #include "../int_array_def.h"

    /*@ Extern Coq (Result: Assertion) */
    /*@ Extern Coq (Results: Z -> Assertion) */

        


void foo43(int n) 

            /*@
            Require n > 0
            Ensure Results(__return)
            */
            {

    int c = 0;

    while (unknown()) {
        {
          if (unknown()) {
            if ( c > n )
            {
            c  = c + 1;
            }
          } else {
            if (c == n) 
            {
            c  = 1;
            }
          }
    
        }
    
    } 
           
    
    

  

}
2025-12-27 12:14:02,237 - INFO  - 
GENERATE LOOP INVARIANT FOR foo43
2025-12-27 12:14:02,237 - INFO  - ==================================================

2025-12-27 12:14:02,299 - INFO  - file_name: foo43
2025-12-27 12:14:02,378 - DEBUG  - INNER_FLAG: False
2025-12-27 12:14:02,379 - INFO  - Variable Maps:[{'c': '0', 'n': 'n@pre'}]
2025-12-27 12:14:02,379 - INFO  - Path conditions: ['n@pre > 0']
2025-12-27 12:14:02,379 - INFO  - Pre condition: n@pre > 0 && (c == 0) * (n == n@pre)
2025-12-27 12:14:02,379 - INFO  - Loop Condition: unknown()
2025-12-27 12:14:02,380 - INFO  - Array Names: []
2025-12-27 12:14:02,380 - INFO  - Updated Loop Conditions: ['unknown()']
2025-12-27 12:14:02,380 - INFO  - Global Unchanged Variables: ['n']
2025-12-27 12:14:02,381 - INFO  - Non Inductive Variables: ['c']
2025-12-27 12:14:02,381 - INFO  - Unchanged Arrays (Read-only): []
2025-12-27 12:14:02,381 - INFO  - after assignments
2025-12-27 12:14:02,381 - INFO  - 
            
        /* >>> LOOP INVARIANT TO FILL <<< */
        
            /*@
            */
            while (unknown()) {
        {
          if (unknown()) {
            if ( c > n )
            {
            c  = c + 1;
            }
          } else {
            if (c == n) 
            {
            c  = 1;
            }
          }
    
        }
    
    }
            
2025-12-27 12:14:40,982 - INFO  - think in natural language: ### **Comprehensive Loop Verification Analysis**

---

#### **a. Loop Purpose and Structure**
- **Purpose**: The loop appears to be a non-deterministic counter manipulation loop. It modifies the variable `c` based on two nested `unknown()` conditions. The exact purpose is unclear due to the non-deterministic nature of `unknown()`, but it seems to relate to maintaining or resetting `c` relative to `n`.
  
- **Structure**:
  - **Governing Condition**: `while (unknown())` (loop continues as long as `unknown()` returns true).
  - **Operations**:
    1. If `unknown()` is true inside the loop:
       - If `c > n`, increment `c` by 1.
    2. Else (if `unknown()` is false inside the loop):
       - If `c == n`, reset `c` to 1.
  - **Relevant Variables**:
    - `n`: Input parameter (must be `n > 0` by precondition).
    - `c`: Counter variable initialized to `0`.

---

#### **b. Sample and Analyze Variable Values**
Assume `unknown()` returns a non-deterministic boolean value. We simulate possible executions:

1. **Pre-Loop Sampling**:
   - `n = k` (some positive integer, e.g., `n = 2`).
   - `c = 0`.

2. **Post-Iteration Sampling** (5 iterations):
   - **Iteration 1**: `unknown()` is true, `c > n` is false (`0 > 2` is false). No change. `c = 0`.
   - **Iteration 2**: `unknown()` is false, `c == n` is false (`0 == 2` is false). No change. `c = 0`.
   - **Iteration 3**: `unknown()` is true, `c > n` is false. No change. `c = 0`.
   - **Iteration 4**: `unknown()` is false, `c == n` is false. No change. `c = 0`.
   - **Iteration 5**: `unknown()` is true, `c > n` is false. No change. `c = 0`.

   (Alternate path: If `unknown()` leads to `c` being incremented or reset, e.g., `c` reaches `n` and is reset to `1`.)

3. **Post-Loop Sampling**: Loop may terminate at any point (when `unknown()` returns false). Final `c` depends on history.

---

#### **c. Verification Goal Analysis**
- **Post-condition**: `(c == n) ==> (n > -1)`.
  - This is trivially true because the precondition ensures `n > 0`, so `n > -1` is always true. The post-condition is redundant.
- **Verification Goal as Invariant?**:
  - No, because the post-condition is a trivial implication and does not describe the loop's behavior. It cannot serve as an invariant.
- **Modified Invariant**:
  - A useful invariant should relate `c` and `n`. For example:
    - `0 <= c <= n + 1` (bounds `c` based on `n`).
    - Establishment: Holds initially (`c = 0`, `n > 0`).
    - Preservation: 
      - If `c > n`, incrementing preserves `c <= n + 1`.
      - If `c == n`, resetting to `1` preserves `0 <= c <= n + 1` (since `n > 0`).
    - Termination: Combined with `!unknown()`, the invariant implies no contradiction with the post-condition.

---

#### **d. Loop Invariant Discussion**
- **Proposed Invariant** (in ACSL notation):
  ```c
  /*@ loop invariant 0 <= c <= n + 1; */
  ```
- **Explanation**:
  - The invariant bounds `c` between `0` and `n + 1` throughout the loop.
  - It is inductive:
    - Initially, `c = 0` and `n > 0`, so `0 <= 0 <= n + 1`.
    - Preservation: All modifications (`c++` when `c > n`, reset to `1` when `c == n`) maintain the bounds.

---

#### **e. Establishment**
- Before the loop, `c = 0` and `n > 0` (precondition).
- Thus, `0 <= 0 <= n + 1` holds.

---

#### **f. Preservation**
1. If `unknown()` is true and `c > n`:
   - `c` increments to `c + 1`. Since `c > n`, `c + 1 <= n + 1` is preserved.
2. If `unknown()` is false and `c == n`:
   - `c` resets to `1`. Since `n > 0`, `0 <= 1 <= n + 1` holds.
3. Other cases leave `c` unchanged, preserving the invariant.

---

#### **g. Termination Analysis**
- When `unknown()` becomes false, the loop exits.
- The invariant `0 <= c <= n + 1` still holds.
- The post-condition `(c == n) ==> (n > -1)` is trivially satisfied (since `n > 0` is given).

---

#### **h. Post-condition Correctness**
- The post-condition is correct but trivial. The invariant ensures `c` is bounded, and the precondition ensures `n > 0`, so `n > -1` is always true.
- The invariant and termination do not contradict the post-condition.

---

### **Final Answer: Loop Invariant**
The most useful loop invariant is:
```c
/*@ loop invariant 0 <= c <= n + 1; */
```
This captures the bounds of `c` and is inductively maintained by all loop operations. The given post-condition is trivial and does not require strengthening.
2025-12-27 12:14:40,982 - INFO  - after const
2025-12-27 12:14:40,983 - INFO  - 
            
        /* >>> LOOP INVARIANT TO FILL <<< */
        
            /*@
          loop invariant n == \at(n,Pre);
            */
            while (unknown()) {
        {
          if (unknown()) {
            if ( c > n )
            {
            c  = c + 1;
            }
          } else {
            if (c == n) 
            {
            c  = 1;
            }
          }
    
        }
    
    }
            
2025-12-27 12:14:40,983 - INFO  - after not in
2025-12-27 12:14:40,983 - INFO  - 
            
        /* >>> LOOP INVARIANT TO FILL <<< */
        
            /*@
          loop invariant n == \at(n,Pre);
            */
            while (unknown()) {
        {
          if (unknown()) {
            if ( c > n )
            {
            c  = c + 1;
            }
          } else {
            if (c == n) 
            {
            c  = 1;
            }
          }
    
        }
    
    }
            
2025-12-27 12:14:40,983 - INFO  - after vars
2025-12-27 12:14:40,983 - INFO  - 
            
        /* >>> LOOP INVARIANT TO FILL <<< */
        
            /*@
          loop invariant  ((c == 0)&&(n == \at(n,Pre))) || (PLACE_HOLDER_c) ;
          loop invariant n == \at(n,Pre);
            */
            while (unknown()) {
        {
          if (unknown()) {
            if ( c > n )
            {
            c  = c + 1;
            }
          } else {
            if (c == n) 
            {
            c  = 1;
            }
          }
    
        }
    
    }
            
2025-12-27 12:14:40,984 - INFO  - after verification goal
2025-12-27 12:14:40,984 - INFO  - 
            
        /* >>> LOOP INVARIANT TO FILL <<< */
        
            /*@
          loop invariant  PLACE_HOLDER_VERFICATION_GOAL ;
          loop invariant  ((c == 0)&&(n == \at(n,Pre))) || (PLACE_HOLDER_c) ;
          loop invariant n == \at(n,Pre);
            */
            while (unknown()) {
        {
          if (unknown()) {
            if ( c > n )
            {
            c  = c + 1;
            }
          } else {
            if (c == n) 
            {
            c  = 1;
            }
          }
    
        }
    
    }
            
2025-12-27 12:14:40,985 - INFO  - annotated_callee_str: 


2025-12-27 12:14:40,993 - INFO  - Content of loop template: 


/*@
    requires n > 0;
    */
    
void foo43(int n) {

    int c = 0;

    
            
        /* >>> LOOP INVARIANT TO FILL <<< */
        
            /*@
          PLACE_HOLDER_LOOP
            */
            while (unknown()) {
        {
          if (unknown()) {
            if ( c > n )
            {
            c  = c + 1;
            }
          } else {
            if (c == n) 
            {
            c  = 1;
            }
          }
    
        }
    
    }
             
           
    /*@ assert (c == n) ==> (n > - 1); */
    

  

}
2025-12-27 12:14:40,993 - INFO  - annotated_callee_str: 


2025-12-27 12:14:40,999 - INFO  - Content of loop template: 


/*@
    requires n > 0;
    */
    
void foo43(int n) {

    int c = 0;

    
            
        /* >>> LOOP INVARIANT TO FILL <<< */
        
            /*@
          loop invariant  ((c == 0)&&(n == \at(n,Pre))) || (PLACE_HOLDER_c) ;
          loop invariant n == \at(n,Pre);
            */
            while (unknown()) {
        {
          if (unknown()) {
            if ( c > n )
            {
            c  = c + 1;
            }
          } else {
            if (c == n) 
            {
            c  = 1;
            }
          }
    
        }
    
    }
             
           
    /*@ assert (c == n) ==> (n > - 1); */
    

  

}
2025-12-27 12:14:41,000 - INFO  - annotated_callee_str: 


2025-12-27 12:14:41,006 - INFO  - Content of loop template: 


/*@
    requires n > 0;
    */
    
void foo43(int n) {

    int c = 0;

    
            
        /* >>> LOOP INVARIANT TO FILL <<< */
        
            /*@
          loop invariant  PLACE_HOLDER_VERFICATION_GOAL ;
          loop invariant  ((c == 0)&&(n == \at(n,Pre))) || (PLACE_HOLDER_c) ;
          loop invariant n == \at(n,Pre);
            */
            while (unknown()) {
        {
          if (unknown()) {
            if ( c > n )
            {
            c  = c + 1;
            }
          } else {
            if (c == n) 
            {
            c  = 1;
            }
          }
    
        }
    
    }
             
           
    /*@ assert (c == n) ==> (n > - 1); */
    

  

}
2025-12-27 12:14:41,006 - DEBUG  - user_prompt_traival
2025-12-27 12:14:41,007 - DEBUG  - ### Role: ###
You are a helpful AI software assistant specializing in reasoning about code behavior. Your task is to analyze C programs and identify loop invariants that can be used to verify program properties using Frama-C.

### Task: ###
Given a C program with a loop, generate the necessary loop invariants in ACSL (ANSI/ISO C Specification Language) annotations. These invariants will help Frama-C verify the post-condition of the program.



Inputs:
- The pre-condition before the loop begins execution.
- A full C loop program with invariant annotations containing `PLACE_HOLDER` that need to be filled.

### Output: ###
Provide the complete C code with the loop invariant and other relevant ACSL annotations, where all placeholders are correctly filled in ```c ```.

### Rules: ###
- If you break any of these rules, my family will disown me.
- Do not modify any existing annotations or add new annotations. You are only allowed to replace the placeholders `PLACE_HOLDER` before loop.
- Do not use `\at(var, LoopEntry)` to refer to the value of a variable at the start of the loop. Instead, use the value specified in the pre-condition.
- Do not generate loop variant.
- Only use keywords and constructs supported in ACSL annotations for loops.
- Do not generate any natural language explanations after ACSL annotations.
- When `unknown()` used as the loop condition, the number of loop iterations can be any non-negative integer, and the invariant must hold for all cases.
- You are only allowed to fill `PLACE_HOLDER` for `loop invariant` and `loop assigns`, do not generate any `requires` or `ensures` or `loop variant`.





Consider the following C loop:

Pre-condition: `\at(n,Pre) > 0 && (c == 0) * (n == \at(n,Pre))`

Loop program: `


/*@
    requires n > 0;
    */
    
void foo43(int n) {

    int c = 0;

    
            
        /* >>> LOOP INVARIANT TO FILL <<< */
        
            /*@
          PLACE_HOLDER_LOOP
            */
            while (unknown()) {
        {
          if (unknown()) {
            if ( c > n )
            {
            c  = c + 1;
            }
          } else {
            if (c == n) 
            {
            c  = 1;
            }
          }
    
        }
    
    }
             
           
    /*@ assert (c == n) ==> (n > - 1); */
    

  

}`



2025-12-27 12:14:41,007 - DEBUG  - user_prompt_template
2025-12-27 12:14:41,007 - DEBUG  - ### Role: ###
You are a helpful AI software assistant specializing in reasoning about code behavior. Your task is to analyze C programs and identify loop invariants that can be used to verify program properties using Frama-C.

### Task: ###
Given a C program with a loop, generate the necessary loop invariants in ACSL (ANSI/ISO C Specification Language) annotations. These invariants will help Frama-C verify the post-condition of the program.



Inputs:
- The pre-condition before the loop begins execution.
- A full C loop program with invariant annotations containing `PLACE_HOLDER` that need to be filled.

### Output: ###
Provide the complete C code with the loop invariant and other relevant ACSL annotations, where all placeholders are correctly filled in ```c ```.

### Rules: ###
- If you break any of these rules, my family will disown me.
- Do not modify any existing annotations or add new annotations. You are only allowed to replace the placeholders `PLACE_HOLDER` before loop.
- Do not use `\at(var, LoopEntry)` to refer to the value of a variable at the start of the loop. Instead, use the value specified in the pre-condition.
- Do not generate loop variant.
- Only use keywords and constructs supported in ACSL annotations for loops.
- Do not generate any natural language explanations after ACSL annotations.
- When `unknown()` used as the loop condition, the number of loop iterations can be any non-negative integer, and the invariant must hold for all cases.
- You are only allowed to fill `PLACE_HOLDER` for `loop invariant` and `loop assigns`, do not generate any `requires` or `ensures` or `loop variant`.

- Generate loop invariants with equality constraints as comprehensively as possible.



Consider the following C loop:

Pre-condition: `\at(n,Pre) > 0 && (c == 0) * (n == \at(n,Pre))`

Loop program: `


/*@
    requires n > 0;
    */
    
void foo43(int n) {

    int c = 0;

    
            
        /* >>> LOOP INVARIANT TO FILL <<< */
        
            /*@
          loop invariant  ((c == 0)&&(n == \at(n,Pre))) || (PLACE_HOLDER_c) ;
          loop invariant n == \at(n,Pre);
            */
            while (unknown()) {
        {
          if (unknown()) {
            if ( c > n )
            {
            c  = c + 1;
            }
          } else {
            if (c == n) 
            {
            c  = 1;
            }
          }
    
        }
    
    }
             
           
    /*@ assert (c == n) ==> (n > - 1); */
    

  

}`



2025-12-27 12:14:41,007 - DEBUG  - user_prompt_verification
2025-12-27 12:14:41,007 - DEBUG  - ### Role: ###
You are a helpful AI software assistant specializing in reasoning about code behavior. Your task is to analyze C programs and identify loop invariants that can be used to verify program properties using Frama-C.

### Task: ###
Given a C program with a loop, generate the necessary loop invariants in ACSL (ANSI/ISO C Specification Language) annotations. These invariants will help Frama-C verify the post-condition of the program.



Inputs:
- The pre-condition before the loop begins execution.
- A full C loop program with invariant annotations containing `PLACE_HOLDER` that need to be filled.

### Output: ###
Provide the complete C code with the loop invariant and other relevant ACSL annotations, where all placeholders are correctly filled in ```c ```.

### Rules: ###
- If you break any of these rules, my family will disown me.
- Do not modify any existing annotations or add new annotations. You are only allowed to replace the placeholders `PLACE_HOLDER` before loop.
- Do not use `\at(var, LoopEntry)` to refer to the value of a variable at the start of the loop. Instead, use the value specified in the pre-condition.
- Do not generate loop variant.
- Only use keywords and constructs supported in ACSL annotations for loops.
- Do not generate any natural language explanations after ACSL annotations.
- When `unknown()` used as the loop condition, the number of loop iterations can be any non-negative integer, and the invariant must hold for all cases.
- You are only allowed to fill `PLACE_HOLDER` for `loop invariant` and `loop assigns`, do not generate any `requires` or `ensures` or `loop variant`.

- Generate loop invariants with equality constraints as comprehensively as possible.
- Please first try to directly use the verification goal as the loop invariant at `PLACE_HOLDER_VERFICATION_GOAL`. Often, the verification goal (assertion) also holds throughout the loop; in that case, it can be used directly as the invariant.


Consider the following C loop:

Pre-condition: `\at(n,Pre) > 0 && (c == 0) * (n == \at(n,Pre))`

Loop program: `


/*@
    requires n > 0;
    */
    
void foo43(int n) {

    int c = 0;

    
            
        /* >>> LOOP INVARIANT TO FILL <<< */
        
            /*@
          loop invariant  PLACE_HOLDER_VERFICATION_GOAL ;
          loop invariant  ((c == 0)&&(n == \at(n,Pre))) || (PLACE_HOLDER_c) ;
          loop invariant n == \at(n,Pre);
            */
            while (unknown()) {
        {
          if (unknown()) {
            if ( c > n )
            {
            c  = c + 1;
            }
          } else {
            if (c == n) 
            {
            c  = 1;
            }
          }
    
        }
    
    }
             
           
    /*@ assert (c == n) ==> (n > - 1); */
    

  

}`



2025-12-27 12:14:50,450 - DEBUG  - invgen reasoning
2025-12-27 12:14:50,450 - DEBUG  - Here's the complete C code with the loop invariant filled in:

```c
/*@
    requires n > 0;
    */
    
void foo43(int n) {

    int c = 0;

    
            
        /* >>> LOOP INVARIANT TO FILL <<< */
        
            /*@
          loop invariant 0 <= c <= n + 1;
          loop assigns c;
            */
            while (unknown()) {
        {
          if (unknown()) {
            if ( c > n )
            {
            c  = c + 1;
            }
          } else {
            if (c == n) 
            {
            c  = 1;
            }
          }
    
        }
    
    }
             
           
    /*@ assert (c == n) ==> (n > - 1); */
    

  

}
```

The loop invariant `0 <= c <= n + 1` is chosen because:
1. It holds initially (c = 0 and n > 0)
2. It's preserved by both possible updates:
   - When c > n, incrementing maintains c ≤ n+1
   - When c == n, resetting to 1 maintains 0 ≤ c ≤ n+1 (since n > 0)
3. The `loop assigns c` annotation specifies that only c is modified by the loop
2025-12-27 12:15:01,783 - DEBUG  - invgen reasoning
2025-12-27 12:15:01,784 - DEBUG  - Here's the complete C code with the loop invariants filled in, including comprehensive equality constraints:

```c
/*@
    requires n > 0;
    */
    
void foo43(int n) {

    int c = 0;

    
            
        /* >>> LOOP INVARIANT TO FILL <<< */
        
            /*@
          loop invariant ((c == 0)&&(n == \at(n,Pre))) || ((1 <= c <= n + 1) && (n == \at(n,Pre)));
          loop invariant n == \at(n,Pre);
          loop assigns c;
            */
            while (unknown()) {
        {
          if (unknown()) {
            if ( c > n )
            {
            c  = c + 1;
            }
          } else {
            if (c == n) 
            {
            c  = 1;
            }
          }
    
        }
    
    }
             
           
    /*@ assert (c == n) ==> (n > - 1); */
    

  

}
```

The loop invariants now include:
1. A disjunction covering both the initial state (c == 0) and all possible modified states (1 <= c <= n + 1)
2. The preservation of n's value throughout the loop (n == \at(n,Pre))
3. The loop assigns clause specifying that only c is modified

The invariant `1 <= c <= n + 1` handles both cases:
- When c > n and gets incremented (c <= n + 1)
- When c == n and gets reset to 1 (1 <= c)
2025-12-27 12:15:15,354 - DEBUG  - invgen reasoning
2025-12-27 12:15:15,355 - DEBUG  - Here's the complete C code with the loop invariants filled in, using the verification goal directly as part of the invariant:

```c
/*@
    requires n > 0;
    */
    
void foo43(int n) {

    int c = 0;

    
            
        /* >>> LOOP INVARIANT TO FILL <<< */
        
            /*@
          loop invariant (c == n) ==> (n > -1);
          loop invariant ((c == 0)&&(n == \at(n,Pre))) || ((1 <= c <= n + 1) && (n == \at(n,Pre)));
          loop invariant n == \at(n,Pre);
          loop assigns c;
            */
            while (unknown()) {
        {
          if (unknown()) {
            if ( c > n )
            {
            c  = c + 1;
            }
          } else {
            if (c == n) 
            {
            c  = 1;
            }
          }
    
        }
    
    }
             
           
    /*@ assert (c == n) ==> (n > - 1); */
    

  

}
```

The invariants now include:
1. The verification goal `(c == n) ==> (n > -1)` as a direct invariant
2. The state tracking invariant covering both initial and modified states
3. The preservation of `n`'s value
4. The `loop assigns` clause

The verification goal works as an invariant because:
- It holds initially (c=0, so implication is vacuously true)
- It's preserved by both operations:
  - When c > n and increments, implication remains true
  - When c == n and resets to 1, n > -1 remains true (from precondition n > 0)
- It naturally leads to the post-condition when the loop terminates
2025-12-27 12:15:15,355 - INFO  - candidated loop invariant
2025-12-27 12:15:15,355 - INFO  - 
/*@
    requires n > 0;
    */
    
void foo43(int n) {

    int c = 0;

    
            
        /* >>> LOOP INVARIANT TO FILL <<< */
        
            /*@
          loop invariant ((c == 0)&&(n == \at(n,Pre))) || ((1 <= c <= n + 1) && (n == \at(n,Pre)));
          loop invariant n == \at(n,Pre);
          loop assigns c;
            */
            while (unknown()) {
        {
          if (unknown()) {
            if ( c > n )
            {
            c  = c + 1;
            }
          } else {
            if (c == n) 
            {
            c  = 1;
            }
          }
    
        }
    
    }
             
           
    /*@ assert (c == n) ==> (n > - 1); */
    

  

}

2025-12-27 12:15:26,487 - INFO  - syntax Correct
2025-12-27 12:15:37,506 - INFO  - Validate:
2025-12-27 12:15:37,506 - INFO  - [False, True]
2025-12-27 12:15:37,506 - INFO  - 
2025-12-27 12:15:37,507 - INFO  - Verify:
2025-12-27 12:15:37,507 - INFO  - [True]
2025-12-27 12:15:37,507 - INFO  - 
2025-12-27 12:15:37,507 - INFO  - after mark
2025-12-27 12:15:37,508 - INFO  - 
/*@
    requires n > 0;
    */
    
void foo43(int n) {

    int c = 0;

    
            
        /* >>> LOOP INVARIANT TO FILL <<< */
        
            /*@
          loop invariant ((c == 0)&&(n == \at(n,Pre))) || ((1 <= c <= n + 1) && (n == \at(n,Pre))) [INVARIANT FAILED] ;
          loop invariant n == \at(n,Pre);
          loop assigns c;
            */
            while (unknown()) {
        {
          if (unknown()) {
            if ( c > n )
            {
            c  = c + 1;
            }
          } else {
            if (c == n) 
            {
            c  = 1;
            }
          }
    
        }
    
    }
             
           
    /*@ assert (c == n) ==> (n > - 1); */
    

  

}

2025-12-27 12:15:52,349 - INFO  - after adjust
2025-12-27 12:15:52,350 - INFO  - 
/*@
    requires n > 0;
    */
    
void foo43(int n) {

    int c = 0;

    
            
        /* >>> LOOP INVARIANT TO FILL <<< */
        
            /*@
          loop invariant 0 <= c <= n + 1;
          loop invariant n == \at(n,Pre);
          loop assigns c;
            */
            while (unknown()) {
        {
          if (unknown()) {
            if ( c > n )
            {
            c  = c + 1;
            }
          } else {
            if (c == n) 
            {
            c  = 1;
            }
          }
    
        }
    
    }
             
           
    /*@ assert (c == n) ==> (n > - 1); */
    

  

}

2025-12-27 12:16:14,535 - INFO  - after hudini
2025-12-27 12:16:14,535 - INFO  - 
/*@
    requires n > 0;
    */
    
void foo43(int n) {

    int c = 0;

    
            
        /* >>> LOOP INVARIANT TO FILL <<< */
        
            /*@
          loop invariant n == \at(n,Pre);
          loop assigns c;
            */
            while (unknown()) {
        {
          if (unknown()) {
            if ( c > n )
            {
            c  = c + 1;
            }
          } else {
            if (c == n) 
            {
            c  = 1;
            }
          }
    
        }
    
    }
             
           
    /*@ assert (c == n) ==> (n > - 1); */
    

  

}

2025-12-27 12:16:16,188 - INFO  - syntax Correct
2025-12-27 12:16:16,817 - INFO  - Validate:
2025-12-27 12:16:16,817 - INFO  - [True]
2025-12-27 12:16:16,817 - INFO  - 
2025-12-27 12:16:16,818 - INFO  - Verify:
2025-12-27 12:16:16,818 - INFO  - [True]
2025-12-27 12:16:16,818 - INFO  - 
2025-12-27 12:16:16,818 - INFO  - loop invariant annotated
2025-12-27 12:16:16,818 - INFO  - 
/*@
    requires n > 0;
    */
    
void foo43(int n) {

    int c = 0;

    
            
        /* >>> LOOP INVARIANT TO FILL <<< */
        
            /*@
          loop invariant n == \at(n,Pre);
          loop assigns c;
            */
            while (unknown()) {
        {
          if (unknown()) {
            if ( c > n )
            {
            c  = c + 1;
            }
          } else {
            if (c == n) 
            {
            c  = 1;
            }
          }
    
        }
    
    }
             
           
    /*@ assert (c == n) ==> (n > - 1); */
    

  

}

2025-12-27 12:16:18,010 - INFO  - ACSL format loop invariant
2025-12-27 12:16:18,011 - INFO  - /*@
          loop invariant n == \at(n,Pre);
          loop assigns c;
            */
            while (unknown()) {
        {
          if (unknown()) {
            if ( c > n )
            {
            c  = c + 1;
            }
          } else {
            if (c == n) 
            {
            c  = 1;
            }
          }
    
        }
    
    }
2025-12-27 12:16:18,011 - INFO  - VST format loop invariant
2025-12-27 12:16:18,012 - INFO  - /*@ Inv
    (n == n@pre
          loop assigns c)
    */
    
            while (unknown()) {
        {
          if (unknown()) {
            if ( c > n )
            {
            c  = c + 1;
            }
          } else {
            if (c == n) 
            {
            c  = 1;
            }
          }
    
        }
    
    }
2025-12-27 12:16:18,012 - INFO  - PARTIAL CORRECT INVARIANT
2025-12-27 12:16:18,012 - INFO  - continue symbolic execution
2025-12-27 12:16:18,012 - INFO  - 
/*@
    requires n > 0;
    */
    
void foo43(int n) {

    int c = 0;

    
            
        /* >>> LOOP INVARIANT TO FILL <<< */
        
            /*@
          loop invariant n == \at(n,Pre);
          loop assigns c;
            */
            while (unknown()) {
        {
          if (unknown()) {
            if ( c > n )
            {
            c  = c + 1;
            }
          } else {
            if (c == n) 
            {
            c  = 1;
            }
          }
    
        }
    
    }
             
           
    /*@ assert (c == n) ==> (n > - 1); */
    

  

}

2025-12-27 12:16:18,627 - INFO  - syntax Correct
2025-12-27 12:16:19,177 - INFO  - Validate:
2025-12-27 12:16:19,177 - INFO  - [True]
2025-12-27 12:16:19,177 - INFO  - 
2025-12-27 12:16:19,177 - INFO  - Verify:
2025-12-27 12:16:19,178 - INFO  - [True]
2025-12-27 12:16:19,178 - INFO  - 
2025-12-27 12:16:19,178 - INFO  - CORRECT INVARIANT
2025-12-27 12:16:20,284 - INFO  - ==================================================
2025-12-27 12:16:20,285 - INFO  - first_pass:
2025-12-27 12:16:20,285 - INFO  - syntax=1, valid=1,satisfy=1
2025-12-27 12:16:20,285 - INFO  - ==================================================
2025-12-27 12:16:20,285 - INFO  - foo43.c after loop invariant generation: 

/*@
    requires n > 0;
    */
    
void foo43(int n) {

    int c = 0;

    
            
        /* >>> LOOP INVARIANT TO FILL <<< */
        
            /*@
          loop invariant n == \at(n,Pre);
          loop assigns c;
            */
            while (unknown()) {
        {
          if (unknown()) {
            if ( c > n )
            {
            c  = c + 1;
            }
          } else {
            if (c == n) 
            {
            c  = 1;
            }
          }
    
        }
    
    }
             
           
    /*@ assert (c == n) ==> (n > - 1); */
    

  

}

2025-12-27 12:16:20,518 - INFO  - ==================================================
2025-12-27 12:16:20,520 - INFO  - ⏰ OVERALL EXECUTION TIME STATISTICS
2025-12-27 12:16:20,520 - INFO  - Total execution time: 138.68 seconds (2.31 minutes)
2025-12-27 12:16:20,520 - INFO  - ==================================================
2025-12-27 12:16:20,520 - INFO  - ==================================================
2025-12-27 12:16:20,520 - INFO  - 📊 TOKEN USAGE STATISTICS
2025-12-27 12:16:20,520 - INFO  - Total API calls: 12
2025-12-27 12:16:20,520 - INFO  - Total prompt tokens (input): 144,243
2025-12-27 12:16:20,521 - INFO  - Total completion tokens (output): 6,702
2025-12-27 12:16:20,521 - INFO  - Total tokens: 150,945
2025-12-27 12:16:20,521 - INFO  - Average prompt tokens per call: 12020.2
2025-12-27 12:16:20,521 - INFO  - Average completion tokens per call: 558.5
2025-12-27 12:16:20,521 - INFO  - Average total tokens per call: 12578.8
2025-12-27 12:16:20,521 - INFO  - ==================================================
