2025-12-27 16:24:34,716 - INFO  - 
ðŸš€ Starting generation of function: foo54
2025-12-27 16:24:34,716 - INFO  - 
FUNCTION INITIALIZATION
2025-12-27 16:24:34,716 - INFO  - ==================================================

2025-12-27 16:24:35,671 - INFO  - Initial pending functions: ['foo54', 'unknown']
2025-12-27 16:24:35,671 - INFO  - Now processing function unknown

2025-12-27 16:24:35,671 - INFO  - 
GENERATE ANNOTATION FOR foo54
2025-12-27 16:24:35,671 - INFO  - ==================================================

2025-12-27 16:24:35,672 - INFO  - Function foo54 has been initialized
2025-12-27 16:24:35,711 - INFO  - Content of ACSL foo54.c file to be inserted into template: 


/*@
    requires n > 0;
    */
    
void foo54(int n,int v1,int v2,int v3) {

    int c = 0;

    while (unknown()) {
        {
          if (unknown()) {
            if ( c > n )
            {
            c  = c + 1;
            }
          } else {
            if (c == n) 
            {
            c  = 1;
            }
          }
    
        }
    
    }
   
           
         /*@ assert (c != n) ==> (c <= n); */
    

  

}
2025-12-27 16:24:35,712 - INFO  - Content of pre-annotated foo54.c file: 

    #include "../verification_stdlib.h"
    #include "../verification_list.h"
    #include "../int_array_def.h"

    /*@ Extern Coq (Result: Assertion) */
    /*@ Extern Coq (Results: Z -> Assertion) */

        


void foo54(int n,int v1,int v2,int v3) 

            /*@
            Require n > 0
            Ensure Results(__return)
            */
            {

    int c = 0;

    while (unknown()) {
        {
          if (unknown()) {
            if ( c > n )
            {
            c  = c + 1;
            }
          } else {
            if (c == n) 
            {
            c  = 1;
            }
          }
    
        }
    
    }
   
           
         
    

  

}
2025-12-27 16:24:35,715 - INFO  - 
GENERATE LOOP INVARIANT FOR foo54
2025-12-27 16:24:35,716 - INFO  - ==================================================

2025-12-27 16:24:35,778 - INFO  - file_name: foo54
2025-12-27 16:24:35,874 - DEBUG  - INNER_FLAG: False
2025-12-27 16:24:35,875 - INFO  - Variable Maps:[{'c': '0', 'v3': 'v3@pre', 'v2': 'v2@pre', 'v1': 'v1@pre', 'n': 'n@pre'}]
2025-12-27 16:24:35,875 - INFO  - Path conditions: ['n@pre > 0']
2025-12-27 16:24:35,876 - INFO  - Pre condition: n@pre > 0 && (c == 0) * (v3 == v3@pre) * (v2 == v2@pre) * (v1 == v1@pre) * (n == n@pre)
2025-12-27 16:24:35,876 - INFO  - Loop Condition: unknown()
2025-12-27 16:24:35,877 - INFO  - Array Names: []
2025-12-27 16:24:35,877 - INFO  - Updated Loop Conditions: ['unknown()']
2025-12-27 16:24:35,877 - INFO  - Global Unchanged Variables: ['v3', 'v2', 'v1', 'n']
2025-12-27 16:24:35,878 - INFO  - Non Inductive Variables: ['c']
2025-12-27 16:24:35,878 - INFO  - Unchanged Arrays (Read-only): []
2025-12-27 16:24:35,878 - INFO  - after assignments
2025-12-27 16:24:35,878 - INFO  - 
            
        /* >>> LOOP INVARIANT TO FILL <<< */
        
            /*@
            */
            while (unknown()) {
        {
          if (unknown()) {
            if ( c > n )
            {
            c  = c + 1;
            }
          } else {
            if (c == n) 
            {
            c  = 1;
            }
          }
    
        }
    
    }
            
2025-12-27 16:25:20,596 - INFO  - think in natural language: ### **Comprehensive Loop Verification Analysis**

---

#### **a. Loop Purpose and Structure**
- **Purpose**: The loop appears to be a non-deterministic state machine that modifies the variable `c` based on two possible branches (controlled by `unknown()`). The exact purpose is unclear due to the non-deterministic nature (`unknown()`), but it seems to maintain `c` within some relationship to `n` (e.g., bounding `c` relative to `n`).
- **Structure**:
  - **Governing condition**: `while (unknown())` (loop continues based on an unknown condition).
  - **Body**:
    - Branch 1 (if `unknown()` is true):
      - If `c > n`, increment `c` by 1.
    - Branch 2 (if `unknown()` is false):
      - If `c == n`, reset `c` to 1.
  - **Relevant variables**: `c` (counter), `n` (input parameter, fixed during execution).

---

#### **b. Sample and Analyze Variable Values**
Assume initial values: `n = 3`, `v1`, `v2`, `v3` (irrelevant to the loop), `c = 0` (initialized).

| Iteration | Branch Taken       | Condition (`c > n` or `c == n`) | Action           | `c` after iteration |
|-----------|--------------------|----------------------------------|------------------|---------------------|
| Pre-loop  | -                  | -                                | -                | 0                   |
| 1         | Branch 1 (`true`)  | `0 > 3` (false)                  | No action        | 0                   |
| 2         | Branch 2 (`false`) | `0 == 3` (false)                 | No action        | 0                   |
| 3         | Branch 1 (`true`)  | `0 > 3` (false)                  | No action        | 0                   |
| 4         | Branch 2 (`false`) | `0 == 3` (false)                 | No action        | 0                   |
| 5         | Branch 1 (`true`)  | `0 > 3` (false)                  | No action        | 0                   |
| Post-loop | Loop terminates    | -                                | -                | 0                   |

Observations:
- If `c` starts at 0 and `n > 0`, the loop body may not modify `c` at all unless `c` is somehow increased to `> n` or `== n` in earlier iterations (not happening here).
- The loop is non-deterministic, so other executions could lead to `c` being modified.

---

#### **c. Verification Goal Analysis**
- **Post-condition**: `(c != n) ==> (c <= n)` (if `c` is not equal to `n`, then `c` is less than or equal to `n`).
- **Can it be an invariant?** No, because:
  - The post-condition is not necessarily true during the loop (e.g., if `c` is incremented beyond `n` in Branch 1, `c > n` may hold temporarily).
- **Modified invariant**: 
  - A stronger invariant is needed to ensure the post-condition. Propose:
    - `c <= n + 1` (bounds `c` to at most `n + 1` during execution).
  - This satisfies:
    - **Establishment**: Initially `c = 0 <= n + 1` (since `n > 0`).
    - **Preservation**:
      - Branch 1: Only increments `c` if `c > n`, but since `c <= n + 1` before, `c` becomes `n + 2` (violation). Thus, the invariant must be adjusted to `c <= n + 1` and ensure `c` cannot exceed `n + 1`.
      - Branch 2: Resets `c` to 1, which satisfies `1 <= n + 1`.
    - **Termination**: At termination, if `c <= n + 1` and `c != n`, then `c <= n` (post-condition holds).

---

#### **d. Loop Invariant Discussion**
- **Proposed invariant**: `c <= n + 1`.
- **Explanation**:
  - Bounds `c` to prevent unbounded growth.
  - Covers all cases:
    - Initialization: `c = 0 <= n + 1`.
    - Branch 1: If `c > n`, incrementing `c` by 1 gives `c = n + 1` (if `c` was `n + 1` before, this would violate the invariant, but the loop body only increments if `c > n`).
    - Branch 2: Resetting `c` to 1 ensures `1 <= n + 1`.

---

#### **e. Establishment**
- Before the loop, `c = 0` and `n > 0` (from pre-condition).
- Thus, `0 <= n + 1` holds, so the invariant is established.

---

#### **f. Preservation**
Assume `c <= n + 1` at the start of an iteration:
- **Branch 1 (`unknown()` is true)**:
  - If `c > n`, then `c` is incremented by 1. Since `c <= n + 1` before, `c` could be `n + 1` (incrementing to `n + 2` violates the invariant). Thus, the invariant must be tightened to `c <= n`.
- **Branch 2 (`unknown()` is false)**:
  - If `c == n`, `c` is set to 1, which satisfies `1 <= n + 1`.

Revised invariant: `c <= n` (stronger).
- **Establishment**: `0 <= n` (since `n > 0`).
- **Preservation**:
  - Branch 1: Only increments `c` if `c > n`, but `c <= n` prevents this (no action).
  - Branch 2: If `c == n`, `c` is reset to 1 (`1 <= n`).

---

#### **g. Termination Analysis**
- At termination, the invariant `c <= n` holds.
- The post-condition `(c != n) ==> (c <= n)` is trivially true because `c <= n` is always true.

---

#### **h. Post-condition Correctness**
- The post-condition is correct but too weak. The stronger invariant `c <= n` ensures the post-condition holds:
  - If `c != n`, then `c <= n` is already true by the invariant.
- The original post-condition is redundant because the invariant guarantees it.

---

### **Final Answer: Loop Invariant**
```c
/*@ loop invariant c <= n; */
while (unknown()) {
    // Loop body
}
```
**Explanation**: This invariant ensures `c` never exceeds `n`, which is sufficient to prove the post-condition. The original post-condition is implied by the invariant.
2025-12-27 16:25:20,597 - INFO  - after const
2025-12-27 16:25:20,597 - INFO  - 
            
        /* >>> LOOP INVARIANT TO FILL <<< */
        
            /*@
          loop invariant v3 == \at(v3,Pre);
          loop invariant v2 == \at(v2,Pre);
          loop invariant v1 == \at(v1,Pre);
          loop invariant n == \at(n,Pre);
            */
            while (unknown()) {
        {
          if (unknown()) {
            if ( c > n )
            {
            c  = c + 1;
            }
          } else {
            if (c == n) 
            {
            c  = 1;
            }
          }
    
        }
    
    }
            
2025-12-27 16:25:20,598 - INFO  - after not in
2025-12-27 16:25:20,598 - INFO  - 
            
        /* >>> LOOP INVARIANT TO FILL <<< */
        
            /*@
          loop invariant v3 == \at(v3,Pre);
          loop invariant v2 == \at(v2,Pre);
          loop invariant v1 == \at(v1,Pre);
          loop invariant n == \at(n,Pre);
            */
            while (unknown()) {
        {
          if (unknown()) {
            if ( c > n )
            {
            c  = c + 1;
            }
          } else {
            if (c == n) 
            {
            c  = 1;
            }
          }
    
        }
    
    }
            
2025-12-27 16:25:20,598 - INFO  - after vars
2025-12-27 16:25:20,598 - INFO  - 
            
        /* >>> LOOP INVARIANT TO FILL <<< */
        
            /*@
          loop invariant  ((c == 0)&&(v3 == \at(v3,Pre))&&(v2 == \at(v2,Pre))&&(v1 == \at(v1,Pre))&&(n == \at(n,Pre))) || (PLACE_HOLDER_c) ;
          loop invariant v3 == \at(v3,Pre);
          loop invariant v2 == \at(v2,Pre);
          loop invariant v1 == \at(v1,Pre);
          loop invariant n == \at(n,Pre);
            */
            while (unknown()) {
        {
          if (unknown()) {
            if ( c > n )
            {
            c  = c + 1;
            }
          } else {
            if (c == n) 
            {
            c  = 1;
            }
          }
    
        }
    
    }
            
2025-12-27 16:25:20,599 - INFO  - after verification goal
2025-12-27 16:25:20,599 - INFO  - 
            
        /* >>> LOOP INVARIANT TO FILL <<< */
        
            /*@
          loop invariant  PLACE_HOLDER_VERFICATION_GOAL ;
          loop invariant  ((c == 0)&&(v3 == \at(v3,Pre))&&(v2 == \at(v2,Pre))&&(v1 == \at(v1,Pre))&&(n == \at(n,Pre))) || (PLACE_HOLDER_c) ;
          loop invariant v3 == \at(v3,Pre);
          loop invariant v2 == \at(v2,Pre);
          loop invariant v1 == \at(v1,Pre);
          loop invariant n == \at(n,Pre);
            */
            while (unknown()) {
        {
          if (unknown()) {
            if ( c > n )
            {
            c  = c + 1;
            }
          } else {
            if (c == n) 
            {
            c  = 1;
            }
          }
    
        }
    
    }
            
2025-12-27 16:25:20,600 - INFO  - annotated_callee_str: 


2025-12-27 16:25:20,608 - INFO  - Content of loop template: 


/*@
    requires n > 0;
    */
    
void foo54(int n,int v1,int v2,int v3) {

    int c = 0;

    
            
        /* >>> LOOP INVARIANT TO FILL <<< */
        
            /*@
          PLACE_HOLDER_LOOP
            */
            while (unknown()) {
        {
          if (unknown()) {
            if ( c > n )
            {
            c  = c + 1;
            }
          } else {
            if (c == n) 
            {
            c  = 1;
            }
          }
    
        }
    
    }
            
   
           
         /*@ assert (c != n) ==> (c <= n); */
    

  

}
2025-12-27 16:25:20,609 - INFO  - annotated_callee_str: 


2025-12-27 16:25:20,615 - INFO  - Content of loop template: 


/*@
    requires n > 0;
    */
    
void foo54(int n,int v1,int v2,int v3) {

    int c = 0;

    
            
        /* >>> LOOP INVARIANT TO FILL <<< */
        
            /*@
          loop invariant  ((c == 0)&&(v3 == \at(v3,Pre))&&(v2 == \at(v2,Pre))&&(v1 == \at(v1,Pre))&&(n == \at(n,Pre))) || (PLACE_HOLDER_c) ;
          loop invariant v3 == \at(v3,Pre);
          loop invariant v2 == \at(v2,Pre);
          loop invariant v1 == \at(v1,Pre);
          loop invariant n == \at(n,Pre);
            */
            while (unknown()) {
        {
          if (unknown()) {
            if ( c > n )
            {
            c  = c + 1;
            }
          } else {
            if (c == n) 
            {
            c  = 1;
            }
          }
    
        }
    
    }
            
   
           
         /*@ assert (c != n) ==> (c <= n); */
    

  

}
2025-12-27 16:25:20,616 - INFO  - annotated_callee_str: 


2025-12-27 16:25:20,622 - INFO  - Content of loop template: 


/*@
    requires n > 0;
    */
    
void foo54(int n,int v1,int v2,int v3) {

    int c = 0;

    
            
        /* >>> LOOP INVARIANT TO FILL <<< */
        
            /*@
          loop invariant  PLACE_HOLDER_VERFICATION_GOAL ;
          loop invariant  ((c == 0)&&(v3 == \at(v3,Pre))&&(v2 == \at(v2,Pre))&&(v1 == \at(v1,Pre))&&(n == \at(n,Pre))) || (PLACE_HOLDER_c) ;
          loop invariant v3 == \at(v3,Pre);
          loop invariant v2 == \at(v2,Pre);
          loop invariant v1 == \at(v1,Pre);
          loop invariant n == \at(n,Pre);
            */
            while (unknown()) {
        {
          if (unknown()) {
            if ( c > n )
            {
            c  = c + 1;
            }
          } else {
            if (c == n) 
            {
            c  = 1;
            }
          }
    
        }
    
    }
            
   
           
         /*@ assert (c != n) ==> (c <= n); */
    

  

}
2025-12-27 16:25:20,623 - DEBUG  - user_prompt_traival
2025-12-27 16:25:20,623 - DEBUG  - ### Role: ###
You are a helpful AI software assistant specializing in reasoning about code behavior. Your task is to analyze C programs and identify loop invariants that can be used to verify program properties using Frama-C.

### Task: ###
Given a C program with a loop, generate the necessary loop invariants in ACSL (ANSI/ISO C Specification Language) annotations. These invariants will help Frama-C verify the post-condition of the program.



Inputs:
- The pre-condition before the loop begins execution.
- A full C loop program with invariant annotations containing `PLACE_HOLDER` that need to be filled.

### Output: ###
Provide the complete C code with the loop invariant and other relevant ACSL annotations, where all placeholders are correctly filled in ```c ```.

### Rules: ###
- If you break any of these rules, my family will disown me.
- Do not modify any existing annotations or add new annotations. You are only allowed to replace the placeholders `PLACE_HOLDER` before loop.
- Do not use `\at(var, LoopEntry)` to refer to the value of a variable at the start of the loop. Instead, use the value specified in the pre-condition.
- Do not generate loop variant.
- Only use keywords and constructs supported in ACSL annotations for loops.
- Do not generate any natural language explanations after ACSL annotations.
- When `unknown()` used as the loop condition, the number of loop iterations can be any non-negative integer, and the invariant must hold for all cases.
- You are only allowed to fill `PLACE_HOLDER` for `loop invariant` and `loop assigns`, do not generate any `requires` or `ensures` or `loop variant`.





Consider the following C loop:

Pre-condition: `\at(n,Pre) > 0 && (c == 0) * (v3 == \at(v3,Pre)) * (v2 == \at(v2,Pre)) * (v1 == \at(v1,Pre)) * (n == \at(n,Pre))`

Loop program: `


/*@
    requires n > 0;
    */
    
void foo54(int n,int v1,int v2,int v3) {

    int c = 0;

    
            
        /* >>> LOOP INVARIANT TO FILL <<< */
        
            /*@
          PLACE_HOLDER_LOOP
            */
            while (unknown()) {
        {
          if (unknown()) {
            if ( c > n )
            {
            c  = c + 1;
            }
          } else {
            if (c == n) 
            {
            c  = 1;
            }
          }
    
        }
    
    }
            
   
           
         /*@ assert (c != n) ==> (c <= n); */
    

  

}`



2025-12-27 16:25:20,623 - DEBUG  - user_prompt_template
2025-12-27 16:25:20,623 - DEBUG  - ### Role: ###
You are a helpful AI software assistant specializing in reasoning about code behavior. Your task is to analyze C programs and identify loop invariants that can be used to verify program properties using Frama-C.

### Task: ###
Given a C program with a loop, generate the necessary loop invariants in ACSL (ANSI/ISO C Specification Language) annotations. These invariants will help Frama-C verify the post-condition of the program.



Inputs:
- The pre-condition before the loop begins execution.
- A full C loop program with invariant annotations containing `PLACE_HOLDER` that need to be filled.

### Output: ###
Provide the complete C code with the loop invariant and other relevant ACSL annotations, where all placeholders are correctly filled in ```c ```.

### Rules: ###
- If you break any of these rules, my family will disown me.
- Do not modify any existing annotations or add new annotations. You are only allowed to replace the placeholders `PLACE_HOLDER` before loop.
- Do not use `\at(var, LoopEntry)` to refer to the value of a variable at the start of the loop. Instead, use the value specified in the pre-condition.
- Do not generate loop variant.
- Only use keywords and constructs supported in ACSL annotations for loops.
- Do not generate any natural language explanations after ACSL annotations.
- When `unknown()` used as the loop condition, the number of loop iterations can be any non-negative integer, and the invariant must hold for all cases.
- You are only allowed to fill `PLACE_HOLDER` for `loop invariant` and `loop assigns`, do not generate any `requires` or `ensures` or `loop variant`.

- Generate loop invariants with equality constraints as comprehensively as possible.



Consider the following C loop:

Pre-condition: `\at(n,Pre) > 0 && (c == 0) * (v3 == \at(v3,Pre)) * (v2 == \at(v2,Pre)) * (v1 == \at(v1,Pre)) * (n == \at(n,Pre))`

Loop program: `


/*@
    requires n > 0;
    */
    
void foo54(int n,int v1,int v2,int v3) {

    int c = 0;

    
            
        /* >>> LOOP INVARIANT TO FILL <<< */
        
            /*@
          loop invariant  ((c == 0)&&(v3 == \at(v3,Pre))&&(v2 == \at(v2,Pre))&&(v1 == \at(v1,Pre))&&(n == \at(n,Pre))) || (PLACE_HOLDER_c) ;
          loop invariant v3 == \at(v3,Pre);
          loop invariant v2 == \at(v2,Pre);
          loop invariant v1 == \at(v1,Pre);
          loop invariant n == \at(n,Pre);
            */
            while (unknown()) {
        {
          if (unknown()) {
            if ( c > n )
            {
            c  = c + 1;
            }
          } else {
            if (c == n) 
            {
            c  = 1;
            }
          }
    
        }
    
    }
            
   
           
         /*@ assert (c != n) ==> (c <= n); */
    

  

}`



2025-12-27 16:25:20,623 - DEBUG  - user_prompt_verification
2025-12-27 16:25:20,623 - DEBUG  - ### Role: ###
You are a helpful AI software assistant specializing in reasoning about code behavior. Your task is to analyze C programs and identify loop invariants that can be used to verify program properties using Frama-C.

### Task: ###
Given a C program with a loop, generate the necessary loop invariants in ACSL (ANSI/ISO C Specification Language) annotations. These invariants will help Frama-C verify the post-condition of the program.



Inputs:
- The pre-condition before the loop begins execution.
- A full C loop program with invariant annotations containing `PLACE_HOLDER` that need to be filled.

### Output: ###
Provide the complete C code with the loop invariant and other relevant ACSL annotations, where all placeholders are correctly filled in ```c ```.

### Rules: ###
- If you break any of these rules, my family will disown me.
- Do not modify any existing annotations or add new annotations. You are only allowed to replace the placeholders `PLACE_HOLDER` before loop.
- Do not use `\at(var, LoopEntry)` to refer to the value of a variable at the start of the loop. Instead, use the value specified in the pre-condition.
- Do not generate loop variant.
- Only use keywords and constructs supported in ACSL annotations for loops.
- Do not generate any natural language explanations after ACSL annotations.
- When `unknown()` used as the loop condition, the number of loop iterations can be any non-negative integer, and the invariant must hold for all cases.
- You are only allowed to fill `PLACE_HOLDER` for `loop invariant` and `loop assigns`, do not generate any `requires` or `ensures` or `loop variant`.

- Generate loop invariants with equality constraints as comprehensively as possible.
- Please first try to directly use the verification goal as the loop invariant at `PLACE_HOLDER_VERFICATION_GOAL`. Often, the verification goal (assertion) also holds throughout the loop; in that case, it can be used directly as the invariant.


Consider the following C loop:

Pre-condition: `\at(n,Pre) > 0 && (c == 0) * (v3 == \at(v3,Pre)) * (v2 == \at(v2,Pre)) * (v1 == \at(v1,Pre)) * (n == \at(n,Pre))`

Loop program: `


/*@
    requires n > 0;
    */
    
void foo54(int n,int v1,int v2,int v3) {

    int c = 0;

    
            
        /* >>> LOOP INVARIANT TO FILL <<< */
        
            /*@
          loop invariant  PLACE_HOLDER_VERFICATION_GOAL ;
          loop invariant  ((c == 0)&&(v3 == \at(v3,Pre))&&(v2 == \at(v2,Pre))&&(v1 == \at(v1,Pre))&&(n == \at(n,Pre))) || (PLACE_HOLDER_c) ;
          loop invariant v3 == \at(v3,Pre);
          loop invariant v2 == \at(v2,Pre);
          loop invariant v1 == \at(v1,Pre);
          loop invariant n == \at(n,Pre);
            */
            while (unknown()) {
        {
          if (unknown()) {
            if ( c > n )
            {
            c  = c + 1;
            }
          } else {
            if (c == n) 
            {
            c  = 1;
            }
          }
    
        }
    
    }
            
   
           
         /*@ assert (c != n) ==> (c <= n); */
    

  

}`



2025-12-27 16:25:27,933 - DEBUG  - invgen reasoning
2025-12-27 16:25:27,933 - DEBUG  - Here's the complete C code with the loop invariant filled in:

```c
/*@
    requires n > 0;
    */
    
void foo54(int n,int v1,int v2,int v3) {

    int c = 0;

    
            
        /* >>> LOOP INVARIANT TO FILL <<< */
        
            /*@
          loop invariant 0 <= c <= n;
          loop assigns c;
            */
            while (unknown()) {
        {
          if (unknown()) {
            if ( c > n )
            {
            c  = c + 1;
            }
          } else {
            if (c == n) 
            {
            c  = 1;
            }
          }
    
        }
    
    }
            
   
           
         /*@ assert (c != n) ==> (c <= n); */
    

  

}
```

The loop invariant `0 <= c <= n` ensures that:
1. `c` never becomes negative
2. `c` never exceeds `n` (which is required for the post-condition)
3. It holds throughout all iterations due to the loop's structure where:
   - When `c > n`, it increments (but this case is prevented by the invariant)
   - When `c == n`, it resets to 1 (which satisfies `1 <= n` since `n > 0`)

The `loop assigns c` annotation specifies that only `c` is modified by the loop.
2025-12-27 16:25:41,983 - DEBUG  - invgen reasoning
2025-12-27 16:25:41,984 - DEBUG  - Here's the complete C code with the loop invariant filled in, following all the specified rules:

```c
/*@
    requires n > 0;
    */
    
void foo54(int n,int v1,int v2,int v3) {

    int c = 0;

    
            
        /* >>> LOOP INVARIANT TO FILL <<< */
        
            /*@
          loop invariant ((c == 0)&&(v3 == \at(v3,Pre))&&(v2 == \at(v2,Pre))&&(v1 == \at(v1,Pre))&&(n == \at(n,Pre))) || ((1 <= c <= n) && (v3 == \at(v3,Pre)) && (v2 == \at(v2,Pre)) && (v1 == \at(v1,Pre)) && (n == \at(n,Pre)));
          loop invariant v3 == \at(v3,Pre);
          loop invariant v2 == \at(v2,Pre);
          loop invariant v1 == \at(v1,Pre);
          loop invariant n == \at(n,Pre);
          loop assigns c;
            */
            while (unknown()) {
        {
          if (unknown()) {
            if ( c > n )
            {
            c  = c + 1;
            }
          } else {
            if (c == n) 
            {
            c  = 1;
            }
          }
    
        }
    
    }
            
   
           
         /*@ assert (c != n) ==> (c <= n); */
    

  

}
```

The loop invariant maintains:
1. Either the initial state where c == 0 and all other variables equal their pre-state values
2. Or a state where c is between 1 and n (inclusive) and all other variables remain unchanged

The `loop assigns c` annotation specifies that only `c` is modified by the loop, which is consistent with the loop body's behavior. All other variables (v1, v2, v3, n) are explicitly preserved as invariants.
2025-12-27 16:25:57,110 - DEBUG  - invgen reasoning
2025-12-27 16:25:57,111 - DEBUG  - Here's the complete C code with the loop invariants filled in according to the specified rules:

```c
/*@
    requires n > 0;
    */
    
void foo54(int n,int v1,int v2,int v3) {

    int c = 0;

            /*@
          loop invariant (c != n) ==> (c <= n);
          loop invariant ((c == 0)&&(v3 == \at(v3,Pre))&&(v2 == \at(v2,Pre))&&(v1 == \at(v1,Pre))&&(n == \at(n,Pre))) || ((1 <= c <= n+1) && (v3 == \at(v3,Pre)) && (v2 == \at(v2,Pre)) && (v1 == \at(v1,Pre)) && (n == \at(n,Pre)));
          loop invariant v3 == \at(v3,Pre);
          loop invariant v2 == \at(v2,Pre);
          loop invariant v1 == \at(v1,Pre);
          loop invariant n == \at(n,Pre);
          loop assigns c;
            */
            while (unknown()) {
        {
          if (unknown()) {
            if ( c > n )
            {
            c  = c + 1;
            }
          } else {
            if (c == n) 
            {
            c  = 1;
            }
          }
    
        }
    
    }
            
         /*@ assert (c != n) ==> (c <= n); */
}
```

Key points about the invariants:
1. The verification goal `(c != n) ==> (c <= n)` is used directly as the first loop invariant since it holds throughout the loop
2. The second invariant covers both the initial state (c == 0) and all possible modified states (1 <= c <= n+1)
3. All other variables (v1, v2, v3, n) are preserved as invariants
4. The `loop assigns` annotation correctly specifies that only `c` is modified

The invariant `1 <= c <= n+1` accounts for the maximum possible value of c after incrementing (when c == n+1 after being incremented from c > n), while still maintaining the verification goal.
2025-12-27 16:25:57,112 - INFO  - candidated loop invariant
2025-12-27 16:25:57,112 - INFO  - 
/*@
    requires n > 0;
    */
    
void foo54(int n,int v1,int v2,int v3) {

    int c = 0;

    
            
        /* >>> LOOP INVARIANT TO FILL <<< */
        
            /*@
          loop invariant ((c == 0)&&(v3 == \at(v3,Pre))&&(v2 == \at(v2,Pre))&&(v1 == \at(v1,Pre))&&(n == \at(n,Pre))) || ((1 <= c <= n) && (v3 == \at(v3,Pre)) && (v2 == \at(v2,Pre)) && (v1 == \at(v1,Pre)) && (n == \at(n,Pre)));
          loop invariant v3 == \at(v3,Pre);
          loop invariant v2 == \at(v2,Pre);
          loop invariant v1 == \at(v1,Pre);
          loop invariant n == \at(n,Pre);
          loop assigns c;
            */
            while (unknown()) {
        {
          if (unknown()) {
            if ( c > n )
            {
            c  = c + 1;
            }
          } else {
            if (c == n) 
            {
            c  = 1;
            }
          }
    
        }
    
    }
            
   
           
         /*@ assert (c != n) ==> (c <= n); */
    

  

}

2025-12-27 16:25:58,232 - INFO  - syntax Correct
2025-12-27 16:25:59,495 - INFO  - Validate:
2025-12-27 16:25:59,496 - INFO  - [True, True, True, True, True]
2025-12-27 16:25:59,496 - INFO  - 
2025-12-27 16:25:59,496 - INFO  - Verify:
2025-12-27 16:25:59,496 - INFO  - [True]
2025-12-27 16:25:59,496 - INFO  - 
2025-12-27 16:25:59,497 - INFO  - loop invariant annotated
2025-12-27 16:25:59,497 - INFO  - 
/*@
    requires n > 0;
    */
    
void foo54(int n,int v1,int v2,int v3) {

    int c = 0;

    
            
        /* >>> LOOP INVARIANT TO FILL <<< */
        
            /*@
          loop invariant ((c == 0)&&(v3 == \at(v3,Pre))&&(v2 == \at(v2,Pre))&&(v1 == \at(v1,Pre))&&(n == \at(n,Pre))) || ((1 <= c <= n) && (v3 == \at(v3,Pre)) && (v2 == \at(v2,Pre)) && (v1 == \at(v1,Pre)) && (n == \at(n,Pre)));
          loop invariant v3 == \at(v3,Pre);
          loop invariant v2 == \at(v2,Pre);
          loop invariant v1 == \at(v1,Pre);
          loop invariant n == \at(n,Pre);
          loop assigns c;
            */
            while (unknown()) {
        {
          if (unknown()) {
            if ( c > n )
            {
            c  = c + 1;
            }
          } else {
            if (c == n) 
            {
            c  = 1;
            }
          }
    
        }
    
    }
            
   
           
         /*@ assert (c != n) ==> (c <= n); */
    

  

}

2025-12-27 16:26:01,987 - INFO  - ACSL format loop invariant
2025-12-27 16:26:01,987 - INFO  - /*@
          loop invariant ((c == 0)&&(v3 == \at(v3,Pre))&&(v2 == \at(v2,Pre))&&(v1 == \at(v1,Pre))&&(n == \at(n,Pre))) || ((1 <= c <= n) && (v3 == \at(v3,Pre)) && (v2 == \at(v2,Pre)) && (v1 == \at(v1,Pre)) && (n == \at(n,Pre)));
          loop invariant v3 == \at(v3,Pre);
          loop invariant v2 == \at(v2,Pre);
          loop invariant v1 == \at(v1,Pre);
          loop invariant n == \at(n,Pre);
          loop assigns c;
            */
            while (unknown()) {
        {
          if (unknown()) {
            if ( c > n )
            {
            c  = c + 1;
            }
          } else {
            if (c == n) 
            {
            c  = 1;
            }
          }
    
        }
    
    }
2025-12-27 16:26:01,988 - INFO  - VST format loop invariant
2025-12-27 16:26:01,988 - INFO  - /*@ Inv
    (((c == 0)&&(v3 == v3@pre)&&(v2 == v2@pre)&&(v1 == v1@pre)&&(n == n@pre)) || ((1 <= c && c <= n) && (v3 == v3@pre) && (v2 == v2@pre) && (v1 == v1@pre) && (n == n@pre))) &&
(v3 == v3@pre) &&
(v2 == v2@pre) &&
(v1 == v1@pre) &&
(n == n@pre
          loop assigns c)
    */
    
            while (unknown()) {
        {
          if (unknown()) {
            if ( c > n )
            {
            c  = c + 1;
            }
          } else {
            if (c == n) 
            {
            c  = 1;
            }
          }
    
        }
    
    }
2025-12-27 16:26:01,988 - INFO  - PARTIAL CORRECT INVARIANT
2025-12-27 16:26:01,989 - INFO  - continue symbolic execution
2025-12-27 16:26:01,989 - INFO  - 
/*@
    requires n > 0;
    */
    
void foo54(int n,int v1,int v2,int v3) {

    int c = 0;

    
            
        /* >>> LOOP INVARIANT TO FILL <<< */
        
            /*@
          loop invariant ((c == 0)&&(v3 == \at(v3,Pre))&&(v2 == \at(v2,Pre))&&(v1 == \at(v1,Pre))&&(n == \at(n,Pre))) || ((1 <= c <= n) && (v3 == \at(v3,Pre)) && (v2 == \at(v2,Pre)) && (v1 == \at(v1,Pre)) && (n == \at(n,Pre)));
          loop invariant v3 == \at(v3,Pre);
          loop invariant v2 == \at(v2,Pre);
          loop invariant v1 == \at(v1,Pre);
          loop invariant n == \at(n,Pre);
          loop assigns c;
            */
            while (unknown()) {
        {
          if (unknown()) {
            if ( c > n )
            {
            c  = c + 1;
            }
          } else {
            if (c == n) 
            {
            c  = 1;
            }
          }
    
        }
    
    }
            
   
           
         /*@ assert (c != n) ==> (c <= n); */
    

  

}

2025-12-27 16:26:03,196 - INFO  - syntax Correct
2025-12-27 16:26:04,579 - INFO  - Validate:
2025-12-27 16:26:04,580 - INFO  - [True, True, True, True, True]
2025-12-27 16:26:04,580 - INFO  - 
2025-12-27 16:26:04,580 - INFO  - Verify:
2025-12-27 16:26:04,580 - INFO  - [True]
2025-12-27 16:26:04,580 - INFO  - 
2025-12-27 16:26:04,580 - INFO  - CORRECT INVARIANT
2025-12-27 16:26:07,088 - INFO  - ==================================================
2025-12-27 16:26:07,089 - INFO  - first_pass:
2025-12-27 16:26:07,089 - INFO  - syntax=1, valid=1,satisfy=1
2025-12-27 16:26:07,089 - INFO  - ==================================================
2025-12-27 16:26:07,090 - INFO  - foo54.c after loop invariant generation: 

/*@
    requires n > 0;
    */
    
void foo54(int n,int v1,int v2,int v3) {

    int c = 0;

    
            
        /* >>> LOOP INVARIANT TO FILL <<< */
        
            /*@
          loop invariant ((c == 0)&&(v3 == \at(v3,Pre))&&(v2 == \at(v2,Pre))&&(v1 == \at(v1,Pre))&&(n == \at(n,Pre))) || ((1 <= c <= n) && (v3 == \at(v3,Pre)) && (v2 == \at(v2,Pre)) && (v1 == \at(v1,Pre)) && (n == \at(n,Pre)));
          loop invariant v3 == \at(v3,Pre);
          loop invariant v2 == \at(v2,Pre);
          loop invariant v1 == \at(v1,Pre);
          loop invariant n == \at(n,Pre);
          loop assigns c;
            */
            while (unknown()) {
        {
          if (unknown()) {
            if ( c > n )
            {
            c  = c + 1;
            }
          } else {
            if (c == n) 
            {
            c  = 1;
            }
          }
    
        }
    
    }
            
   
           
         /*@ assert (c != n) ==> (c <= n); */
    

  

}

2025-12-27 16:26:07,342 - INFO  - ==================================================
2025-12-27 16:26:07,344 - INFO  - â° OVERALL EXECUTION TIME STATISTICS
2025-12-27 16:26:07,344 - INFO  - Total execution time: 92.63 seconds (1.54 minutes)
2025-12-27 16:26:07,344 - INFO  - ==================================================
2025-12-27 16:26:07,344 - INFO  - ==================================================
2025-12-27 16:26:07,344 - INFO  - ðŸ“Š TOKEN USAGE STATISTICS
2025-12-27 16:26:07,345 - INFO  - Total API calls: 8
2025-12-27 16:26:07,345 - INFO  - Total prompt tokens (input): 68,468
2025-12-27 16:26:07,345 - INFO  - Total completion tokens (output): 4,737
2025-12-27 16:26:07,345 - INFO  - Total tokens: 73,205
2025-12-27 16:26:07,345 - INFO  - Average prompt tokens per call: 8558.5
2025-12-27 16:26:07,345 - INFO  - Average completion tokens per call: 592.1
2025-12-27 16:26:07,345 - INFO  - Average total tokens per call: 9150.6
2025-12-27 16:26:07,346 - INFO  - ==================================================
