2025-12-27 18:09:35,032 - INFO  - 
ðŸš€ Starting generation of function: foo51
2025-12-27 18:09:35,032 - INFO  - 
FUNCTION INITIALIZATION
2025-12-27 18:09:35,032 - INFO  - ==================================================

2025-12-27 18:09:36,019 - INFO  - Initial pending functions: ['foo51', 'unknown']
2025-12-27 18:09:36,020 - INFO  - Now processing function unknown

2025-12-27 18:09:36,020 - INFO  - 
GENERATE ANNOTATION FOR foo51
2025-12-27 18:09:36,020 - INFO  - ==================================================

2025-12-27 18:09:36,020 - INFO  - Function foo51 has been initialized
2025-12-27 18:09:36,061 - INFO  - Content of ACSL foo51.c file to be inserted into template: 



void foo51(int n) {

    int c = 0;

    while (unknown()) {
        {
          if (unknown()) {
            if ( c != 4 )
            {
            c  = c + 1;
            }
          } else {
            if (c == 4) 
            {
            c  = 1;
            }
          }
    
        }
    
    } 
          
    /*@ assert  (c != 4 ) ==> (c <= 4); */
  

}
2025-12-27 18:09:36,062 - INFO  - Content of pre-annotated foo51.c file: 

    #include "../verification_stdlib.h"
    #include "../verification_list.h"
    #include "../int_array_def.h"

    /*@ Extern Coq (Result: Assertion) */
    /*@ Extern Coq (Results: Z -> Assertion) */

        


void foo51(int n) 

            /*@
            Require emp
            Ensure Results(__return)
            */
            {

    int c = 0;

    while (unknown()) {
        {
          if (unknown()) {
            if ( c != 4 )
            {
            c  = c + 1;
            }
          } else {
            if (c == 4) 
            {
            c  = 1;
            }
          }
    
        }
    
    } 
          
    
  

}
2025-12-27 18:09:36,063 - INFO  - 
GENERATE LOOP INVARIANT FOR foo51
2025-12-27 18:09:36,063 - INFO  - ==================================================

2025-12-27 18:09:36,125 - INFO  - file_name: foo51
2025-12-27 18:09:36,230 - DEBUG  - INNER_FLAG: False
2025-12-27 18:09:36,231 - INFO  - Variable Maps:[{'c': '0', 'n': 'n@pre'}]
2025-12-27 18:09:36,231 - INFO  - Path conditions: [None]
2025-12-27 18:09:36,231 - INFO  - Pre condition: (c == 0) * (n == n@pre)
2025-12-27 18:09:36,232 - INFO  - Loop Condition: unknown()
2025-12-27 18:09:36,232 - INFO  - Array Names: []
2025-12-27 18:09:36,232 - INFO  - Updated Loop Conditions: ['unknown()']
2025-12-27 18:09:36,233 - INFO  - Global Unchanged Variables: ['n']
2025-12-27 18:09:36,233 - INFO  - Non Inductive Variables: ['c']
2025-12-27 18:09:36,233 - INFO  - Unchanged Arrays (Read-only): []
2025-12-27 18:09:36,234 - INFO  - after assignments
2025-12-27 18:09:36,234 - INFO  - 
            
        /* >>> LOOP INVARIANT TO FILL <<< */
        
            /*@
            */
            while (unknown()) {
        {
          if (unknown()) {
            if ( c != 4 )
            {
            c  = c + 1;
            }
          } else {
            if (c == 4) 
            {
            c  = 1;
            }
          }
    
        }
    
    }
            
2025-12-27 18:10:26,409 - INFO  - think in natural language: ### Analysis of the Provided C Code

#### a. Loop Purpose and Structure

- **Purpose**: The loop appears to be modifying the variable `c` based on some unpredictable conditions (`unknown()` function calls). The exact purpose is unclear due to the non-deterministic nature of the conditions, but it seems to be cycling or bounding the value of `c`.
  
- **Structure**:
  - **Governing Condition**: `while (unknown())` - The loop continues as long as `unknown()` returns a non-zero value.
  - **Operations**:
    - Inside the loop, there are two branches based on another `unknown()` call:
      1. If `unknown()` is true:
         - If `c != 4`, increment `c` by 1.
      2. If `unknown()` is false:
         - If `c == 4`, set `c` to 1.
  - **Relevant Variables**: `c` is the only variable modified within the loop.

#### b. Sample and Analyze Variable Values

Given the non-deterministic nature of `unknown()`, we cannot predict exact sequences of values. However, we can enumerate possible scenarios:

1. **Pre-Loop Sampling**:
   - `c = 0` (initialized before the loop).

2. **Post-Iteration Sampling** (possible sequences):
   - **Iteration 1**:
     - If `unknown()` is true and `c != 4` (true since `c = 0`), then `c = 1`.
     - If `unknown()` is false, `c` remains `0` (since `c != 4`).
   - **Iteration 2**:
     - If `c = 1` and `unknown()` is true, `c = 2`.
     - If `unknown()` is false, `c` remains `1`.
   - **Iteration 3**:
     - If `c = 2` and `unknown()` is true, `c = 3`.
     - If `unknown()` is false, `c` remains `2`.
   - **Iteration 4**:
     - If `c = 3` and `unknown()` is true, `c = 4`.
     - If `unknown()` is false, `c` remains `3`.
   - **Iteration 5**:
     - If `c = 4` and `unknown()` is true, `c` remains `4` (since `c == 4`).
     - If `unknown()` is false, `c = 1`.

3. **Post-Loop Sampling**:
   - The loop terminates when `unknown()` returns `0`. The value of `c` at termination depends on the last iteration.

#### c. Verification Goal Analysis

- **Verification Goal**: `(c != 4) ==> (c <= 4)` (assertion after the loop).
  
- **Can the Verification Goal Serve as an Invariant?**:
  - **NO**, because the verification goal is only required to hold after the loop terminates, not necessarily during iterations. During iterations, `c` could be `4`, which violates `c != 4`, but the implication would still hold vacuously (`false ==> true` is `true`). However, this is not useful as an invariant because it doesn't constrain `c` during execution.

- **Modified Invariant**:
  - A stronger invariant is needed that constrains `c` during execution and implies the post-condition at termination.
  - Proposed invariant: `c >= 0 && c <= 4`.
    - **Establishment**: `c = 0` satisfies `c >= 0 && c <= 4`.
    - **Preservation**:
      - If `c < 4` and `unknown()` is true, `c` increments but remains `<= 4`.
      - If `c == 4` and `unknown()` is false, `c` is set to `1`, which satisfies `c <= 4`.
    - **Termination**: At termination, `c <= 4` holds, so `(c != 4) ==> (c <= 4)` is trivially true.

#### d. Loop Invariant Discussion

- **Proposed Invariant**: `c >= 0 && c <= 4`.
- **Explanation**:
  - The invariant bounds `c` between `0` and `4` inclusive.
  - It is true initially (`c = 0`).
  - Every possible operation in the loop preserves this:
    - Incrementing `c` when `c < 4` keeps `c <= 4`.
    - Setting `c = 1` when `c == 4` keeps `c <= 4`.
  - The invariant implies the post-condition because `c <= 4` is always true, so `(c != 4) ==> (c <= 4)` is always true.

#### e. Establishment

- Before the loop, `c` is initialized to `0`.
- `0 >= 0 && 0 <= 4` holds, so the invariant is established.

#### f. Preservation

Assume the invariant holds at the start of an iteration (`c >= 0 && c <= 4`). We show it holds at the end:
1. If `unknown()` is true:
   - If `c != 4`, then `c` increments by `1`. Since `c <= 4` before, and `c != 4`, `c + 1 <= 4`.
   - If `c == 4`, `c` remains `4` (still `<= 4`).
2. If `unknown()` is false:
   - If `c == 4`, `c` is set to `1` (`1 <= 4`).
   - If `c != 4`, `c` is unchanged (`c <= 4` still holds).
Thus, the invariant is preserved.

#### g. Termination Analysis

- The loop terminates when `unknown()` returns `0`.
- At termination, the invariant `c >= 0 && c <= 4` still holds (from preservation).
- The post-condition `(c != 4) ==> (c <= 4)` is implied because `c <= 4` is always true.

#### h. Post-condition Correctness

- The post-condition is `(c != 4) ==> (c <= 4)`.
- From the invariant `c <= 4`, the implication is always true (since `c <= 4` is always true, the implication holds regardless of `c != 4`).
- Thus, the post-condition is correct.

### Final Answer

The loop invariant is:
```c
/*@ loop invariant c >= 0 && c <= 4; */
```

This invariant is:
1. Established initially (`c = 0`).
2. Preserved by all possible operations in the loop.
3. Strong enough to imply the post-condition at termination.
2025-12-27 18:10:26,410 - INFO  - after const
2025-12-27 18:10:26,410 - INFO  - 
            
        /* >>> LOOP INVARIANT TO FILL <<< */
        
            /*@
          loop invariant n == \at(n,Pre);
            */
            while (unknown()) {
        {
          if (unknown()) {
            if ( c != 4 )
            {
            c  = c + 1;
            }
          } else {
            if (c == 4) 
            {
            c  = 1;
            }
          }
    
        }
    
    }
            
2025-12-27 18:10:26,410 - INFO  - after not in
2025-12-27 18:10:26,410 - INFO  - 
            
        /* >>> LOOP INVARIANT TO FILL <<< */
        
            /*@
          loop invariant n == \at(n,Pre);
            */
            while (unknown()) {
        {
          if (unknown()) {
            if ( c != 4 )
            {
            c  = c + 1;
            }
          } else {
            if (c == 4) 
            {
            c  = 1;
            }
          }
    
        }
    
    }
            
2025-12-27 18:10:26,411 - INFO  - after vars
2025-12-27 18:10:26,411 - INFO  - 
            
        /* >>> LOOP INVARIANT TO FILL <<< */
        
            /*@
          loop invariant  ((c == 0)&&(n == \at(n,Pre))) || (PLACE_HOLDER_c) ;
          loop invariant n == \at(n,Pre);
            */
            while (unknown()) {
        {
          if (unknown()) {
            if ( c != 4 )
            {
            c  = c + 1;
            }
          } else {
            if (c == 4) 
            {
            c  = 1;
            }
          }
    
        }
    
    }
            
2025-12-27 18:10:26,411 - INFO  - after verification goal
2025-12-27 18:10:26,411 - INFO  - 
            
        /* >>> LOOP INVARIANT TO FILL <<< */
        
            /*@
          loop invariant  PLACE_HOLDER_VERFICATION_GOAL ;
          loop invariant  ((c == 0)&&(n == \at(n,Pre))) || (PLACE_HOLDER_c) ;
          loop invariant n == \at(n,Pre);
            */
            while (unknown()) {
        {
          if (unknown()) {
            if ( c != 4 )
            {
            c  = c + 1;
            }
          } else {
            if (c == 4) 
            {
            c  = 1;
            }
          }
    
        }
    
    }
            
2025-12-27 18:10:26,412 - INFO  - annotated_callee_str: 


2025-12-27 18:10:26,420 - INFO  - Content of loop template: 


void foo51(int n) {

    int c = 0;

    
            
        /* >>> LOOP INVARIANT TO FILL <<< */
        
            /*@
          PLACE_HOLDER_LOOP
            */
            while (unknown()) {
        {
          if (unknown()) {
            if ( c != 4 )
            {
            c  = c + 1;
            }
          } else {
            if (c == 4) 
            {
            c  = 1;
            }
          }
    
        }
    
    }
             
          
    /*@ assert  (c != 4 ) ==> (c <= 4); */
  

}
2025-12-27 18:10:26,421 - INFO  - annotated_callee_str: 


2025-12-27 18:10:26,427 - INFO  - Content of loop template: 


void foo51(int n) {

    int c = 0;

    
            
        /* >>> LOOP INVARIANT TO FILL <<< */
        
            /*@
          loop invariant  ((c == 0)&&(n == \at(n,Pre))) || (PLACE_HOLDER_c) ;
          loop invariant n == \at(n,Pre);
            */
            while (unknown()) {
        {
          if (unknown()) {
            if ( c != 4 )
            {
            c  = c + 1;
            }
          } else {
            if (c == 4) 
            {
            c  = 1;
            }
          }
    
        }
    
    }
             
          
    /*@ assert  (c != 4 ) ==> (c <= 4); */
  

}
2025-12-27 18:10:26,427 - INFO  - annotated_callee_str: 


2025-12-27 18:10:26,433 - INFO  - Content of loop template: 


void foo51(int n) {

    int c = 0;

    
            
        /* >>> LOOP INVARIANT TO FILL <<< */
        
            /*@
          loop invariant  PLACE_HOLDER_VERFICATION_GOAL ;
          loop invariant  ((c == 0)&&(n == \at(n,Pre))) || (PLACE_HOLDER_c) ;
          loop invariant n == \at(n,Pre);
            */
            while (unknown()) {
        {
          if (unknown()) {
            if ( c != 4 )
            {
            c  = c + 1;
            }
          } else {
            if (c == 4) 
            {
            c  = 1;
            }
          }
    
        }
    
    }
             
          
    /*@ assert  (c != 4 ) ==> (c <= 4); */
  

}
2025-12-27 18:10:26,434 - DEBUG  - user_prompt_traival
2025-12-27 18:10:26,434 - DEBUG  - ### Role: ###
You are a helpful AI software assistant specializing in reasoning about code behavior. Your task is to analyze C programs and identify loop invariants that can be used to verify program properties using Frama-C.

### Task: ###
Given a C program with a loop, generate the necessary loop invariants in ACSL (ANSI/ISO C Specification Language) annotations. These invariants will help Frama-C verify the post-condition of the program.



Inputs:
- The pre-condition before the loop begins execution.
- A full C loop program with invariant annotations containing `PLACE_HOLDER` that need to be filled.

### Output: ###
Provide the complete C code with the loop invariant and other relevant ACSL annotations, where all placeholders are correctly filled in ```c ```.

### Rules: ###
- If you break any of these rules, my family will disown me.
- Do not modify any existing annotations or add new annotations. You are only allowed to replace the placeholders `PLACE_HOLDER` before loop.
- Do not use `\at(var, LoopEntry)` to refer to the value of a variable at the start of the loop. Instead, use the value specified in the pre-condition.
- Do not generate loop variant.
- Only use keywords and constructs supported in ACSL annotations for loops.
- Do not generate any natural language explanations after ACSL annotations.
- When `unknown()` used as the loop condition, the number of loop iterations can be any non-negative integer, and the invariant must hold for all cases.
- You are only allowed to fill `PLACE_HOLDER` for `loop invariant` and `loop assigns`, do not generate any `requires` or `ensures` or `loop variant`.





Consider the following C loop:

Pre-condition: `(c == 0) * (n == \at(n,Pre))`

Loop program: `


void foo51(int n) {

    int c = 0;

    
            
        /* >>> LOOP INVARIANT TO FILL <<< */
        
            /*@
          PLACE_HOLDER_LOOP
            */
            while (unknown()) {
        {
          if (unknown()) {
            if ( c != 4 )
            {
            c  = c + 1;
            }
          } else {
            if (c == 4) 
            {
            c  = 1;
            }
          }
    
        }
    
    }
             
          
    /*@ assert  (c != 4 ) ==> (c <= 4); */
  

}`



2025-12-27 18:10:26,434 - DEBUG  - user_prompt_template
2025-12-27 18:10:26,434 - DEBUG  - ### Role: ###
You are a helpful AI software assistant specializing in reasoning about code behavior. Your task is to analyze C programs and identify loop invariants that can be used to verify program properties using Frama-C.

### Task: ###
Given a C program with a loop, generate the necessary loop invariants in ACSL (ANSI/ISO C Specification Language) annotations. These invariants will help Frama-C verify the post-condition of the program.



Inputs:
- The pre-condition before the loop begins execution.
- A full C loop program with invariant annotations containing `PLACE_HOLDER` that need to be filled.

### Output: ###
Provide the complete C code with the loop invariant and other relevant ACSL annotations, where all placeholders are correctly filled in ```c ```.

### Rules: ###
- If you break any of these rules, my family will disown me.
- Do not modify any existing annotations or add new annotations. You are only allowed to replace the placeholders `PLACE_HOLDER` before loop.
- Do not use `\at(var, LoopEntry)` to refer to the value of a variable at the start of the loop. Instead, use the value specified in the pre-condition.
- Do not generate loop variant.
- Only use keywords and constructs supported in ACSL annotations for loops.
- Do not generate any natural language explanations after ACSL annotations.
- When `unknown()` used as the loop condition, the number of loop iterations can be any non-negative integer, and the invariant must hold for all cases.
- You are only allowed to fill `PLACE_HOLDER` for `loop invariant` and `loop assigns`, do not generate any `requires` or `ensures` or `loop variant`.

- Generate loop invariants with equality constraints as comprehensively as possible.



Consider the following C loop:

Pre-condition: `(c == 0) * (n == \at(n,Pre))`

Loop program: `


void foo51(int n) {

    int c = 0;

    
            
        /* >>> LOOP INVARIANT TO FILL <<< */
        
            /*@
          loop invariant  ((c == 0)&&(n == \at(n,Pre))) || (PLACE_HOLDER_c) ;
          loop invariant n == \at(n,Pre);
            */
            while (unknown()) {
        {
          if (unknown()) {
            if ( c != 4 )
            {
            c  = c + 1;
            }
          } else {
            if (c == 4) 
            {
            c  = 1;
            }
          }
    
        }
    
    }
             
          
    /*@ assert  (c != 4 ) ==> (c <= 4); */
  

}`



2025-12-27 18:10:26,434 - DEBUG  - user_prompt_verification
2025-12-27 18:10:26,434 - DEBUG  - ### Role: ###
You are a helpful AI software assistant specializing in reasoning about code behavior. Your task is to analyze C programs and identify loop invariants that can be used to verify program properties using Frama-C.

### Task: ###
Given a C program with a loop, generate the necessary loop invariants in ACSL (ANSI/ISO C Specification Language) annotations. These invariants will help Frama-C verify the post-condition of the program.



Inputs:
- The pre-condition before the loop begins execution.
- A full C loop program with invariant annotations containing `PLACE_HOLDER` that need to be filled.

### Output: ###
Provide the complete C code with the loop invariant and other relevant ACSL annotations, where all placeholders are correctly filled in ```c ```.

### Rules: ###
- If you break any of these rules, my family will disown me.
- Do not modify any existing annotations or add new annotations. You are only allowed to replace the placeholders `PLACE_HOLDER` before loop.
- Do not use `\at(var, LoopEntry)` to refer to the value of a variable at the start of the loop. Instead, use the value specified in the pre-condition.
- Do not generate loop variant.
- Only use keywords and constructs supported in ACSL annotations for loops.
- Do not generate any natural language explanations after ACSL annotations.
- When `unknown()` used as the loop condition, the number of loop iterations can be any non-negative integer, and the invariant must hold for all cases.
- You are only allowed to fill `PLACE_HOLDER` for `loop invariant` and `loop assigns`, do not generate any `requires` or `ensures` or `loop variant`.

- Generate loop invariants with equality constraints as comprehensively as possible.
- Please first try to directly use the verification goal as the loop invariant at `PLACE_HOLDER_VERFICATION_GOAL`. Often, the verification goal (assertion) also holds throughout the loop; in that case, it can be used directly as the invariant.


Consider the following C loop:

Pre-condition: `(c == 0) * (n == \at(n,Pre))`

Loop program: `


void foo51(int n) {

    int c = 0;

    
            
        /* >>> LOOP INVARIANT TO FILL <<< */
        
            /*@
          loop invariant  PLACE_HOLDER_VERFICATION_GOAL ;
          loop invariant  ((c == 0)&&(n == \at(n,Pre))) || (PLACE_HOLDER_c) ;
          loop invariant n == \at(n,Pre);
            */
            while (unknown()) {
        {
          if (unknown()) {
            if ( c != 4 )
            {
            c  = c + 1;
            }
          } else {
            if (c == 4) 
            {
            c  = 1;
            }
          }
    
        }
    
    }
             
          
    /*@ assert  (c != 4 ) ==> (c <= 4); */
  

}`



2025-12-27 18:10:32,550 - DEBUG  - invgen reasoning
2025-12-27 18:10:32,550 - DEBUG  - ```c
void foo51(int n) {

    int c = 0;

    
            
        /* >>> LOOP INVARIANT TO FILL <<< */
        
            /*@
          loop invariant 0 <= c <= 4;
          loop assigns c;
            */
            while (unknown()) {
        {
          if (unknown()) {
            if ( c != 4 )
            {
            c  = c + 1;
            }
          } else {
            if (c == 4) 
            {
            c  = 1;
            }
          }
    
        }
    
    }
             
          
    /*@ assert  (c != 4 ) ==> (c <= 4); */
  

}
```
2025-12-27 18:10:39,025 - DEBUG  - invgen reasoning
2025-12-27 18:10:39,026 - DEBUG  - ```c
void foo51(int n) {

    int c = 0;

    
            
        /* >>> LOOP INVARIANT TO FILL <<< */
        
            /*@
          loop invariant ((c == 0)&&(n == \at(n,Pre))) || ((1 <= c <= 4) && (n == \at(n,Pre)));
          loop invariant n == \at(n,Pre);
            */
            while (unknown()) {
        {
          if (unknown()) {
            if ( c != 4 )
            {
            c  = c + 1;
            }
          } else {
            if (c == 4) 
            {
            c  = 1;
            }
          }
    
        }
    
    }
             
          
    /*@ assert  (c != 4 ) ==> (c <= 4); */
  

}
```
2025-12-27 18:10:52,821 - DEBUG  - invgen reasoning
2025-12-27 18:10:52,821 - DEBUG  - ```c
void foo51(int n) {

    int c = 0;

    
            
        /* >>> LOOP INVARIANT TO FILL <<< */
        
            /*@
          loop invariant (c != 4) ==> (c <= 4);
          loop invariant ((c == 0)&&(n == \at(n,Pre))) || ((1 <= c <= 4) && (n == \at(n,Pre)));
          loop invariant n == \at(n,Pre);
            */
            while (unknown()) {
        {
          if (unknown()) {
            if ( c != 4 )
            {
            c  = c + 1;
            }
          } else {
            if (c == 4) 
            {
            c  = 1;
            }
          }
    
        }
    
    }
             
          
    /*@ assert  (c != 4 ) ==> (c <= 4); */
  

}
```
2025-12-27 18:10:52,821 - INFO  - candidated loop invariant
2025-12-27 18:10:52,821 - INFO  - 
void foo51(int n) {

    int c = 0;

    
            
        /* >>> LOOP INVARIANT TO FILL <<< */
        
            /*@
          loop invariant ((c == 0)&&(n == \at(n,Pre))) || ((1 <= c <= 4) && (n == \at(n,Pre)));
          loop invariant n == \at(n,Pre);
            */
            while (unknown()) {
        {
          if (unknown()) {
            if ( c != 4 )
            {
            c  = c + 1;
            }
          } else {
            if (c == 4) 
            {
            c  = 1;
            }
          }
    
        }
    
    }
             
          
    /*@ assert  (c != 4 ) ==> (c <= 4); */
  

}

2025-12-27 18:10:53,824 - INFO  - syntax Correct
2025-12-27 18:10:54,982 - INFO  - Validate:
2025-12-27 18:10:54,983 - INFO  - [True, True]
2025-12-27 18:10:54,983 - INFO  - 
2025-12-27 18:10:54,983 - INFO  - Verify:
2025-12-27 18:10:54,983 - INFO  - [True]
2025-12-27 18:10:54,983 - INFO  - 
2025-12-27 18:10:54,984 - INFO  - loop invariant annotated
2025-12-27 18:10:54,984 - INFO  - 
void foo51(int n) {

    int c = 0;

    
            
        /* >>> LOOP INVARIANT TO FILL <<< */
        
            /*@
          loop invariant ((c == 0)&&(n == \at(n,Pre))) || ((1 <= c <= 4) && (n == \at(n,Pre)));
          loop invariant n == \at(n,Pre);
            */
            while (unknown()) {
        {
          if (unknown()) {
            if ( c != 4 )
            {
            c  = c + 1;
            }
          } else {
            if (c == 4) 
            {
            c  = 1;
            }
          }
    
        }
    
    }
             
          
    /*@ assert  (c != 4 ) ==> (c <= 4); */
  

}

2025-12-27 18:10:57,168 - INFO  - ACSL format loop invariant
2025-12-27 18:10:57,169 - INFO  - /*@
          loop invariant ((c == 0)&&(n == \at(n,Pre))) || ((1 <= c <= 4) && (n == \at(n,Pre)));
          loop invariant n == \at(n,Pre);
            */
            while (unknown()) {
        {
          if (unknown()) {
            if ( c != 4 )
            {
            c  = c + 1;
            }
          } else {
            if (c == 4) 
            {
            c  = 1;
            }
          }
    
        }
    
    }
2025-12-27 18:10:57,169 - INFO  - VST format loop invariant
2025-12-27 18:10:57,169 - INFO  - /*@ Inv
    (((c == 0)&&(n == n@pre)) || ((1 <= c && c <= 4) && (n == n@pre))) &&
(n == n@pre)
    */
    
            while (unknown()) {
        {
          if (unknown()) {
            if ( c != 4 )
            {
            c  = c + 1;
            }
          } else {
            if (c == 4) 
            {
            c  = 1;
            }
          }
    
        }
    
    }
2025-12-27 18:10:57,170 - INFO  - PARTIAL CORRECT INVARIANT
2025-12-27 18:10:57,170 - INFO  - continue symbolic execution
2025-12-27 18:10:57,170 - INFO  - 
void foo51(int n) {

    int c = 0;

    
            
        /* >>> LOOP INVARIANT TO FILL <<< */
        
            /*@
          loop invariant ((c == 0)&&(n == \at(n,Pre))) || ((1 <= c <= 4) && (n == \at(n,Pre)));
          loop invariant n == \at(n,Pre);
            */
            while (unknown()) {
        {
          if (unknown()) {
            if ( c != 4 )
            {
            c  = c + 1;
            }
          } else {
            if (c == 4) 
            {
            c  = 1;
            }
          }
    
        }
    
    }
             
          
    /*@ assert  (c != 4 ) ==> (c <= 4); */
  

}

2025-12-27 18:10:58,231 - INFO  - syntax Correct
2025-12-27 18:10:59,390 - INFO  - Validate:
2025-12-27 18:10:59,390 - INFO  - [True, True]
2025-12-27 18:10:59,390 - INFO  - 
2025-12-27 18:10:59,390 - INFO  - Verify:
2025-12-27 18:10:59,391 - INFO  - [True]
2025-12-27 18:10:59,391 - INFO  - 
2025-12-27 18:10:59,391 - INFO  - CORRECT INVARIANT
2025-12-27 18:11:01,586 - INFO  - ==================================================
2025-12-27 18:11:01,586 - INFO  - first_pass:
2025-12-27 18:11:01,586 - INFO  - syntax=1, valid=1,satisfy=1
2025-12-27 18:11:01,586 - INFO  - ==================================================
2025-12-27 18:11:01,587 - INFO  - foo51.c after loop invariant generation: 

void foo51(int n) {

    int c = 0;

    
            
        /* >>> LOOP INVARIANT TO FILL <<< */
        
            /*@
          loop invariant ((c == 0)&&(n == \at(n,Pre))) || ((1 <= c <= 4) && (n == \at(n,Pre)));
          loop invariant n == \at(n,Pre);
            */
            while (unknown()) {
        {
          if (unknown()) {
            if ( c != 4 )
            {
            c  = c + 1;
            }
          } else {
            if (c == 4) 
            {
            c  = 1;
            }
          }
    
        }
    
    }
             
          
    /*@ assert  (c != 4 ) ==> (c <= 4); */
  

}

2025-12-27 18:11:01,854 - INFO  - ==================================================
2025-12-27 18:11:01,855 - INFO  - â° OVERALL EXECUTION TIME STATISTICS
2025-12-27 18:11:01,856 - INFO  - Total execution time: 86.82 seconds (1.45 minutes)
2025-12-27 18:11:01,856 - INFO  - ==================================================
2025-12-27 18:11:01,856 - INFO  - ==================================================
2025-12-27 18:11:01,857 - INFO  - ðŸ“Š TOKEN USAGE STATISTICS
2025-12-27 18:11:01,857 - INFO  - Total API calls: 5
2025-12-27 18:11:01,857 - INFO  - Total prompt tokens (input): 17,504
2025-12-27 18:11:01,857 - INFO  - Total completion tokens (output): 2,461
2025-12-27 18:11:01,857 - INFO  - Total tokens: 19,965
2025-12-27 18:11:01,857 - INFO  - Average prompt tokens per call: 3500.8
2025-12-27 18:11:01,857 - INFO  - Average completion tokens per call: 492.2
2025-12-27 18:11:01,858 - INFO  - Average total tokens per call: 3993.0
2025-12-27 18:11:01,858 - INFO  - ==================================================
