2025-12-27 15:59:27,429 - INFO  - 
ðŸš€ Starting generation of function: foo64
2025-12-27 15:59:27,430 - INFO  - 
FUNCTION INITIALIZATION
2025-12-27 15:59:27,430 - INFO  - ==================================================

2025-12-27 15:59:28,334 - INFO  - Initial pending functions: ['foo64']
2025-12-27 15:59:28,334 - INFO  - 
GENERATE ANNOTATION FOR foo64
2025-12-27 15:59:28,334 - INFO  - ==================================================

2025-12-27 15:59:28,334 - INFO  - Function foo64 has been initialized
2025-12-27 15:59:28,378 - INFO  - Content of ACSL foo64.c file to be inserted into template: 


void foo64(int y) {
    int x = 1;
    
    
    while (x <= 10) {
        y = 10 - x;
        x = x +1;
    }

    /*@ assert (y < 10); */

}
2025-12-27 15:59:28,379 - INFO  - Content of pre-annotated foo64.c file: 

    #include "../verification_stdlib.h"
    #include "../verification_list.h"
    #include "../int_array_def.h"

    /*@ Extern Coq (Result: Assertion) */
    /*@ Extern Coq (Results: Z -> Assertion) */

        

void foo64(int y) 

            /*@
            Require emp
            Ensure Results(__return)
            */
            {
    int x = 1;
    
    
    while (x <= 10) {
        y = 10 - x;
        x = x +1;
    }

    

}
2025-12-27 15:59:28,380 - INFO  - 
GENERATE LOOP INVARIANT FOR foo64
2025-12-27 15:59:28,381 - INFO  - ==================================================

2025-12-27 15:59:28,451 - INFO  - file_name: foo64
2025-12-27 15:59:28,557 - DEBUG  - INNER_FLAG: False
2025-12-27 15:59:28,558 - INFO  - Variable Maps:[{'x': '1', 'y': 'y@pre'}]
2025-12-27 15:59:28,558 - INFO  - Path conditions: [None]
2025-12-27 15:59:28,559 - INFO  - Pre condition: (x == 1) * (y == y@pre)
2025-12-27 15:59:28,559 - INFO  - Loop Condition: x <= 10
2025-12-27 15:59:28,559 - INFO  - Array Names: []
2025-12-27 15:59:28,560 - INFO  - Updated Loop Conditions: ['1 <= 10']
2025-12-27 15:59:28,560 - INFO  - Global Unchanged Variables: []
2025-12-27 15:59:28,560 - INFO  - Non Inductive Variables: ['y']
2025-12-27 15:59:28,560 - INFO  - Unchanged Arrays (Read-only): []
2025-12-27 15:59:28,561 - INFO  - after assignments
2025-12-27 15:59:28,561 - INFO  - 
            
        /* >>> LOOP INVARIANT TO FILL <<< */
        
            /*@
            */
            while (x <= 10) {
        y = 10 - x;
        x = x +1;
    }
            
2025-12-27 16:00:13,822 - INFO  - think in natural language: ### **Comprehensive Loop Verification Analysis**

---

#### **a. Loop Purpose and Structure**
- **Purpose**: The loop iteratively updates `x` and `y` such that `x` increments from 1 to 10, and `y` is set to `10 - x` in each iteration. The loop terminates when `x` exceeds 10.
- **Structure**:
  - **Governing condition**: `while (x <= 10)`.
  - **Body operations**:
    1. Assign `y = 10 - x`.
    2. Increment `x` by 1 (`x = x + 1`).
  - **Relevant variables**: `x` (loop counter), `y` (dependent on `x`).

---

#### **b. Sample and Analyze Variable Values**
| Iteration | Pre-Loop/Post-Iteration | `x` | `y`       |
|-----------|-------------------------|-----|-----------|
| -         | Pre-Loop                | 1   | Uninitialized (undefined) |
| 1         | Post-Iteration 1         | 2   | 9         |
| 2         | Post-Iteration 2         | 3   | 8         |
| 3         | Post-Iteration 3         | 4   | 7         |
| 4         | Post-Iteration 4         | 5   | 6         |
| 5         | Post-Iteration 5         | 6   | 5         |
| -         | Post-Loop (after 10 iterations) | 11 | 0 |

**Note**: The loop terminates after the 10th iteration when `x = 11`.

---

#### **c. Verification Goal Analysis**
- **Post-condition**: `y < 10` (asserted after the loop).
- **Can the post-condition be an invariant?**  
  **NO**, because:
  - During iterations, `y` takes values from 9 down to 0, so `y < 10` is always true. However, this is trivial and does not capture the relationship between `x` and `y`.
  - The post-condition is a **weaker** property than needed for an invariant. An invariant should describe the loop's evolving state (e.g., `y == 10 - x`).

- **Modified Invariant**:  
  A stronger invariant is `y == 10 - x`. This satisfies:
  1. **Establishment**: Before the loop, `x = 1` and `y` is uninitialized, but we can assume the invariant holds if `y` is initialized to `9` (though the code does not do this). Alternatively, we can adjust the invariant to account for the first assignment (`y = 10 - x` in the loop).
  2. **Preservation**: If `y == 10 - x` holds at the start of an iteration, after `y = 10 - x` and `x = x + 1`, the new `y` is `10 - (x + 1)`, so the invariant is preserved.
  3. **Termination**: At termination (`x = 11`), `y == 10 - 11 = -1`, which implies `y < 10`.

---

#### **d. Loop Invariant Discussion**
- **Proposed Invariant**:  
  `y == 10 - x && x >= 1 && x <= 11`.
- **Explanation**:
  - `y == 10 - x`: Describes the relationship between `x` and `y`.
  - `x >= 1 && x <= 11`: Bounds `x` to its valid range (initialized to 1, increments to 11 at termination).
  - **Validity**: Holds at the start (if `y` is initialized correctly), is preserved in each iteration, and implies the post-condition at termination.

---

#### **e. Establishment**
- **Pre-loop state**: `x = 1`, `y` is uninitialized.
- **Issue**: The invariant `y == 10 - x` cannot hold pre-loop because `y` is undefined.  
  **Fix**: Initialize `y` to `9` before the loop, or relax the invariant to account for the first assignment inside the loop.  
  **Adjusted Invariant**:  
  `(x == 1 && y is uninitialized) || (x > 1 && y == 10 - x && x <= 11)`.

---

#### **f. Preservation**
- Assume at iteration start: `y == 10 - x` and `x <= 10`.
- After `y = 10 - x` and `x = x + 1`:
  - New `y` is `10 - (x_old)`.
  - New `x` is `x_old + 1`.
  - Thus, `y_new == 10 - (x_new - 1)`, which simplifies to `y_new == 11 - x_new`.  
    This does not match `y == 10 - x`, so the invariant is **not preserved** as written.
- **Revised Invariant**:  
  `y == 11 - x && x >= 2 && x <= 11`.  
  - At iteration start: `y == 11 - x`.  
  - After `y = 10 - x` and `x = x + 1`:  
    `y_new = 10 - x_old = 10 - (x_new - 1) = 11 - x_new`.  
    Thus, the invariant holds.

---

#### **g. Termination Analysis**
- **Termination condition**: `x > 10` (i.e., `x = 11`).
- **Invariant at termination**: `y == 11 - 11 = 0`, `x = 11`.
- **Post-condition**: `y == 0 < 10`, which satisfies `y < 10`.

---

#### **h. Post-condition Correctness**
- **Post-condition**: `y < 10` is **correct**.
- **Proof**:
  - At termination, the invariant gives `y == 0`.
  - `0 < 10` is true.
  - The invariant (`y == 11 - x`) and termination (`x = 11`) imply `y == 0`, which satisfies `y < 10`.

---

### **Final Answer: Loop Invariant**
The correct loop invariant is:
```c
/*@ loop invariant y == 11 - x && x >= 2 && x <= 11; */
```
**Explanation**:
- Holds initially after the first iteration (`x = 2`, `y = 9`).
- Preserved in each iteration (`y = 11 - x` after updates).
- Implies `y < 10` at termination (`x = 11`).

**Note**: The invariant assumes `y` is initialized correctly during the first iteration. If `y` is uninitialized pre-loop, the invariant must account for that case (e.g., by separating the first iteration).
2025-12-27 16:00:13,822 - INFO  - after const
2025-12-27 16:00:13,823 - INFO  - 
            
        /* >>> LOOP INVARIANT TO FILL <<< */
        
            /*@
            */
            while (x <= 10) {
        y = 10 - x;
        x = x +1;
    }
            
2025-12-27 16:00:13,823 - INFO  - after not in
2025-12-27 16:00:13,824 - INFO  - 
            
        /* >>> LOOP INVARIANT TO FILL <<< */
        
            /*@
            */
            while (x <= 10) {
        y = 10 - x;
        x = x +1;
    }
            
2025-12-27 16:00:13,824 - INFO  - after vars
2025-12-27 16:00:13,824 - INFO  - 
            
        /* >>> LOOP INVARIANT TO FILL <<< */
        
            /*@
          loop invariant  ((x == 1)&&(y == \at(y,Pre))) || (PLACE_HOLDER_y) ;
          loop invariant  PLACE_HOLDER_x ;
            */
            while (x <= 10) {
        y = 10 - x;
        x = x +1;
    }
            
2025-12-27 16:00:13,824 - INFO  - after verification goal
2025-12-27 16:00:13,825 - INFO  - 
            
        /* >>> LOOP INVARIANT TO FILL <<< */
        
            /*@
          loop invariant  PLACE_HOLDER_VERFICATION_GOAL ;
          loop invariant  ((x == 1)&&(y == \at(y,Pre))) || (PLACE_HOLDER_y) ;
          loop invariant  PLACE_HOLDER_x ;
            */
            while (x <= 10) {
        y = 10 - x;
        x = x +1;
    }
            
2025-12-27 16:00:13,833 - INFO  - Content of loop template: 

void foo64(int y) {
    int x = 1;
    
    
    
            
        /* >>> LOOP INVARIANT TO FILL <<< */
        
            /*@
          PLACE_HOLDER_LOOP
            */
            while (x <= 10) {
        y = 10 - x;
        x = x +1;
    }
            

    /*@ assert (y < 10); */

}
2025-12-27 16:00:13,840 - INFO  - Content of loop template: 

void foo64(int y) {
    int x = 1;
    
    
    
            
        /* >>> LOOP INVARIANT TO FILL <<< */
        
            /*@
          loop invariant  ((x == 1)&&(y == \at(y,Pre))) || (PLACE_HOLDER_y) ;
          loop invariant  PLACE_HOLDER_x ;
            */
            while (x <= 10) {
        y = 10 - x;
        x = x +1;
    }
            

    /*@ assert (y < 10); */

}
2025-12-27 16:00:13,846 - INFO  - Content of loop template: 

void foo64(int y) {
    int x = 1;
    
    
    
            
        /* >>> LOOP INVARIANT TO FILL <<< */
        
            /*@
          loop invariant  PLACE_HOLDER_VERFICATION_GOAL ;
          loop invariant  ((x == 1)&&(y == \at(y,Pre))) || (PLACE_HOLDER_y) ;
          loop invariant  PLACE_HOLDER_x ;
            */
            while (x <= 10) {
        y = 10 - x;
        x = x +1;
    }
            

    /*@ assert (y < 10); */

}
2025-12-27 16:00:13,846 - DEBUG  - user_prompt_traival
2025-12-27 16:00:13,846 - DEBUG  - ### Role: ###
You are a helpful AI software assistant specializing in reasoning about code behavior. Your task is to analyze C programs and identify loop invariants that can be used to verify program properties using Frama-C.

### Task: ###
Given a C program with a loop, generate the necessary loop invariants in ACSL (ANSI/ISO C Specification Language) annotations. These invariants will help Frama-C verify the post-condition of the program.



Inputs:
- The pre-condition before the loop begins execution.
- A full C loop program with invariant annotations containing `PLACE_HOLDER` that need to be filled.

### Output: ###
Provide the complete C code with the loop invariant and other relevant ACSL annotations, where all placeholders are correctly filled in ```c ```.

### Rules: ###
- If you break any of these rules, my family will disown me.
- Do not modify any existing annotations or add new annotations. You are only allowed to replace the placeholders `PLACE_HOLDER` before loop.
- Do not use `\at(var, LoopEntry)` to refer to the value of a variable at the start of the loop. Instead, use the value specified in the pre-condition.
- Do not generate loop variant.
- Only use keywords and constructs supported in ACSL annotations for loops.
- Do not generate any natural language explanations after ACSL annotations.
- When `unknown()` used as the loop condition, the number of loop iterations can be any non-negative integer, and the invariant must hold for all cases.
- You are only allowed to fill `PLACE_HOLDER` for `loop invariant` and `loop assigns`, do not generate any `requires` or `ensures` or `loop variant`.





Consider the following C loop:

Pre-condition: `(x == 1) * (y == \at(y,Pre))`

Loop program: `

void foo64(int y) {
    int x = 1;
    
    
    
            
        /* >>> LOOP INVARIANT TO FILL <<< */
        
            /*@
          PLACE_HOLDER_LOOP
            */
            while (x <= 10) {
        y = 10 - x;
        x = x +1;
    }
            

    /*@ assert (y < 10); */

}`



2025-12-27 16:00:13,847 - DEBUG  - user_prompt_template
2025-12-27 16:00:13,847 - DEBUG  - ### Role: ###
You are a helpful AI software assistant specializing in reasoning about code behavior. Your task is to analyze C programs and identify loop invariants that can be used to verify program properties using Frama-C.

### Task: ###
Given a C program with a loop, generate the necessary loop invariants in ACSL (ANSI/ISO C Specification Language) annotations. These invariants will help Frama-C verify the post-condition of the program.



Inputs:
- The pre-condition before the loop begins execution.
- A full C loop program with invariant annotations containing `PLACE_HOLDER` that need to be filled.

### Output: ###
Provide the complete C code with the loop invariant and other relevant ACSL annotations, where all placeholders are correctly filled in ```c ```.

### Rules: ###
- If you break any of these rules, my family will disown me.
- Do not modify any existing annotations or add new annotations. You are only allowed to replace the placeholders `PLACE_HOLDER` before loop.
- Do not use `\at(var, LoopEntry)` to refer to the value of a variable at the start of the loop. Instead, use the value specified in the pre-condition.
- Do not generate loop variant.
- Only use keywords and constructs supported in ACSL annotations for loops.
- Do not generate any natural language explanations after ACSL annotations.
- When `unknown()` used as the loop condition, the number of loop iterations can be any non-negative integer, and the invariant must hold for all cases.
- You are only allowed to fill `PLACE_HOLDER` for `loop invariant` and `loop assigns`, do not generate any `requires` or `ensures` or `loop variant`.

- Generate loop invariants with equality constraints as comprehensively as possible.



Consider the following C loop:

Pre-condition: `(x == 1) * (y == \at(y,Pre))`

Loop program: `

void foo64(int y) {
    int x = 1;
    
    
    
            
        /* >>> LOOP INVARIANT TO FILL <<< */
        
            /*@
          loop invariant  ((x == 1)&&(y == \at(y,Pre))) || (PLACE_HOLDER_y) ;
          loop invariant  PLACE_HOLDER_x ;
            */
            while (x <= 10) {
        y = 10 - x;
        x = x +1;
    }
            

    /*@ assert (y < 10); */

}`



2025-12-27 16:00:13,847 - DEBUG  - user_prompt_verification
2025-12-27 16:00:13,847 - DEBUG  - ### Role: ###
You are a helpful AI software assistant specializing in reasoning about code behavior. Your task is to analyze C programs and identify loop invariants that can be used to verify program properties using Frama-C.

### Task: ###
Given a C program with a loop, generate the necessary loop invariants in ACSL (ANSI/ISO C Specification Language) annotations. These invariants will help Frama-C verify the post-condition of the program.



Inputs:
- The pre-condition before the loop begins execution.
- A full C loop program with invariant annotations containing `PLACE_HOLDER` that need to be filled.

### Output: ###
Provide the complete C code with the loop invariant and other relevant ACSL annotations, where all placeholders are correctly filled in ```c ```.

### Rules: ###
- If you break any of these rules, my family will disown me.
- Do not modify any existing annotations or add new annotations. You are only allowed to replace the placeholders `PLACE_HOLDER` before loop.
- Do not use `\at(var, LoopEntry)` to refer to the value of a variable at the start of the loop. Instead, use the value specified in the pre-condition.
- Do not generate loop variant.
- Only use keywords and constructs supported in ACSL annotations for loops.
- Do not generate any natural language explanations after ACSL annotations.
- When `unknown()` used as the loop condition, the number of loop iterations can be any non-negative integer, and the invariant must hold for all cases.
- You are only allowed to fill `PLACE_HOLDER` for `loop invariant` and `loop assigns`, do not generate any `requires` or `ensures` or `loop variant`.

- Generate loop invariants with equality constraints as comprehensively as possible.
- Please first try to directly use the verification goal as the loop invariant at `PLACE_HOLDER_VERFICATION_GOAL`. Often, the verification goal (assertion) also holds throughout the loop; in that case, it can be used directly as the invariant.


Consider the following C loop:

Pre-condition: `(x == 1) * (y == \at(y,Pre))`

Loop program: `

void foo64(int y) {
    int x = 1;
    
    
    
            
        /* >>> LOOP INVARIANT TO FILL <<< */
        
            /*@
          loop invariant  PLACE_HOLDER_VERFICATION_GOAL ;
          loop invariant  ((x == 1)&&(y == \at(y,Pre))) || (PLACE_HOLDER_y) ;
          loop invariant  PLACE_HOLDER_x ;
            */
            while (x <= 10) {
        y = 10 - x;
        x = x +1;
    }
            

    /*@ assert (y < 10); */

}`



2025-12-27 16:00:20,325 - DEBUG  - invgen reasoning
2025-12-27 16:00:20,326 - DEBUG  - ```c
void foo64(int y) {
    int x = 1;
    
    /*@
      loop invariant y == 10 - (x - 1);
      loop invariant 1 <= x <= 11;
      loop assigns x, y;
    */
    while (x <= 10) {
        y = 10 - x;
        x = x + 1;
    }
    
    /*@ assert (y < 10); */
}
```

The loop invariant `y == 10 - (x - 1)` captures the relationship between `x` and `y` at the start of each iteration, while `1 <= x <= 11` bounds the range of `x`. The `loop assigns` annotation specifies that the loop only modifies `x` and `y`. These invariants are sufficient to prove the post-condition `y < 10`.
2025-12-27 16:00:30,558 - DEBUG  - invgen reasoning
2025-12-27 16:00:30,558 - DEBUG  - ```c
void foo64(int y) {
    int x = 1;
    
    /*@
      loop invariant ((x == 1) && (y == \at(y,Pre))) || (y == 10 - (x - 1));
      loop invariant 1 <= x <= 11;
      loop assigns x, y;
    */
    while (x <= 10) {
        y = 10 - x;
        x = x + 1;
    }
    
    /*@ assert (y < 10); */
}
```

The invariants maintain:
1. The initial state where x=1 and y has its pre-loop value, OR
2. The relationship y = 10 - (x-1) which holds after first iteration
3. The bounds 1 â‰¤ x â‰¤ 11 which are maintained throughout execution

The assigns clause properly declares all modified variables. These invariants will allow Frama-C to verify the post-condition y < 10.
2025-12-27 16:00:39,523 - DEBUG  - invgen reasoning
2025-12-27 16:00:39,524 - DEBUG  - ```c
void foo64(int y) {
    int x = 1;
    
    /*@
      loop invariant y < 10;
      loop invariant ((x == 1) && (y == \at(y,Pre))) || (y == 10 - (x - 1));
      loop invariant 1 <= x <= 11;
      loop assigns x, y;
    */
    while (x <= 10) {
        y = 10 - x;
        x = x + 1;
    }
    
    /*@ assert (y < 10); */
}
```

The invariants maintain:
1. The verification goal `y < 10` directly as a loop invariant since it holds throughout execution
2. The initial state where x=1 and y has its pre-loop value, OR the relationship `y == 10 - (x-1)`
3. The bounds `1 â‰¤ x â‰¤ 11` which are maintained throughout execution

The `loop assigns` clause properly declares all modified variables. These invariants will allow Frama-C to verify the post-condition `y < 10` since the invariant holds at loop exit when combined with the negation of the loop condition.
2025-12-27 16:00:39,525 - INFO  - candidated loop invariant
2025-12-27 16:00:39,525 - INFO  - 
void foo64(int y) {
    int x = 1;
    
    /*@
      loop invariant ((x == 1) && (y == \at(y,Pre))) || (y == 10 - (x - 1));
      loop invariant 1 <= x <= 11;
      loop assigns x, y;
    */
    while (x <= 10) {
        y = 10 - x;
        x = x + 1;
    }
    
    /*@ assert (y < 10); */
}

2025-12-27 16:00:40,536 - INFO  - syntax Correct
2025-12-27 16:00:41,627 - INFO  - Validate:
2025-12-27 16:00:41,628 - INFO  - [True, True]
2025-12-27 16:00:41,628 - INFO  - 
2025-12-27 16:00:41,628 - INFO  - Verify:
2025-12-27 16:00:41,628 - INFO  - [True]
2025-12-27 16:00:41,628 - INFO  - 
2025-12-27 16:00:41,629 - INFO  - loop invariant annotated
2025-12-27 16:00:41,629 - INFO  - 
void foo64(int y) {
    int x = 1;
    
    /*@
      loop invariant ((x == 1) && (y == \at(y,Pre))) || (y == 10 - (x - 1));
      loop invariant 1 <= x <= 11;
      loop assigns x, y;
    */
    while (x <= 10) {
        y = 10 - x;
        x = x + 1;
    }
    
    /*@ assert (y < 10); */
}

2025-12-27 16:00:43,697 - INFO  - ACSL format loop invariant
2025-12-27 16:00:43,697 - INFO  - /*@
      loop invariant ((x == 1) && (y == \at(y,Pre))) || (y == 10 - (x - 1));
      loop invariant 1 <= x <= 11;
      loop assigns x, y;
    */
    while (x <= 10) {
        y = 10 - x;
        x = x + 1;
    }
2025-12-27 16:00:43,698 - INFO  - VST format loop invariant
2025-12-27 16:00:43,698 - INFO  - /*@ Inv
    (((x == 1) && (y == y@pre)) || (y == 10 - (x - 1))) &&
(1 <= x && x <= 11
      loop assigns x, y)
    */
    
    while (x <= 10) {
        y = 10 - x;
        x = x + 1;
    }
2025-12-27 16:00:43,699 - INFO  - PARTIAL CORRECT INVARIANT
2025-12-27 16:00:43,699 - INFO  - continue symbolic execution
2025-12-27 16:00:43,699 - INFO  - 
void foo64(int y) {
    int x = 1;
    
    /*@
      loop invariant ((x == 1) && (y == \at(y,Pre))) || (y == 10 - (x - 1));
      loop invariant 1 <= x <= 11;
      loop assigns x, y;
    */
    while (x <= 10) {
        y = 10 - x;
        x = x + 1;
    }
    
    /*@ assert (y < 10); */
}

2025-12-27 16:00:44,706 - INFO  - syntax Correct
2025-12-27 16:00:45,817 - INFO  - Validate:
2025-12-27 16:00:45,817 - INFO  - [True, True]
2025-12-27 16:00:45,817 - INFO  - 
2025-12-27 16:00:45,817 - INFO  - Verify:
2025-12-27 16:00:45,818 - INFO  - [True]
2025-12-27 16:00:45,818 - INFO  - 
2025-12-27 16:00:45,818 - INFO  - CORRECT INVARIANT
2025-12-27 16:00:47,937 - INFO  - ==================================================
2025-12-27 16:00:47,937 - INFO  - first_pass:
2025-12-27 16:00:47,938 - INFO  - syntax=1, valid=1,satisfy=1
2025-12-27 16:00:47,938 - INFO  - ==================================================
2025-12-27 16:00:47,938 - INFO  - foo64.c after loop invariant generation: 

void foo64(int y) {
    int x = 1;
    
    /*@
      loop invariant ((x == 1) && (y == \at(y,Pre))) || (y == 10 - (x - 1));
      loop invariant 1 <= x <= 11;
      loop assigns x, y;
    */
    while (x <= 10) {
        y = 10 - x;
        x = x + 1;
    }
    
    /*@ assert (y < 10); */
}

2025-12-27 16:00:48,242 - INFO  - ==================================================
2025-12-27 16:00:48,242 - INFO  - â° OVERALL EXECUTION TIME STATISTICS
2025-12-27 16:00:48,242 - INFO  - Total execution time: 80.81 seconds (1.35 minutes)
2025-12-27 16:00:48,242 - INFO  - ==================================================
2025-12-27 16:00:48,242 - INFO  - ==================================================
2025-12-27 16:00:48,243 - INFO  - ðŸ“Š TOKEN USAGE STATISTICS
2025-12-27 16:00:48,243 - INFO  - Total API calls: 7
2025-12-27 16:00:48,243 - INFO  - Total prompt tokens (input): 22,083
2025-12-27 16:00:48,243 - INFO  - Total completion tokens (output): 4,039
2025-12-27 16:00:48,243 - INFO  - Total tokens: 26,122
2025-12-27 16:00:48,243 - INFO  - Average prompt tokens per call: 3154.7
2025-12-27 16:00:48,243 - INFO  - Average completion tokens per call: 577.0
2025-12-27 16:00:48,244 - INFO  - Average total tokens per call: 3731.7
2025-12-27 16:00:48,244 - INFO  - ==================================================
