2025-12-27 15:42:26,818 - INFO  - 
🚀 Starting generation of function: foo75
2025-12-27 15:42:26,818 - INFO  - 
FUNCTION INITIALIZATION
2025-12-27 15:42:26,818 - INFO  - ==================================================

2025-12-27 15:42:27,660 - INFO  - Initial pending functions: ['foo75', 'unknown']
2025-12-27 15:42:27,660 - INFO  - Now processing function unknown

2025-12-27 15:42:27,660 - INFO  - 
GENERATE ANNOTATION FOR foo75
2025-12-27 15:42:27,660 - INFO  - ==================================================

2025-12-27 15:42:27,660 - INFO  - Function foo75 has been initialized
2025-12-27 15:42:27,705 - INFO  - Content of ACSL foo75.c file to be inserted into template: 


/*@
    requires 0 <= y && y <= 127;
    */
    
void foo75(int y,int x1,int x2,int x3) {
  int c = 0;
  int z = 36 * y;
  

  while (unknown()) {

    if ( c < 36 )
    {
    z  = z + 1;
    c  = c + 1;
    }
  }
    /*@ assert  ( c < 36 ) ==> ( z >= 0 ) ; */
      
  
}
2025-12-27 15:42:27,706 - INFO  - Content of pre-annotated foo75.c file: 

    #include "../verification_stdlib.h"
    #include "../verification_list.h"
    #include "../int_array_def.h"

    /*@ Extern Coq (Result: Assertion) */
    /*@ Extern Coq (Results: Z -> Assertion) */

        


void foo75(int y,int x1,int x2,int x3) 

            /*@
            Require 0 <= y && y <= 127
            Ensure Results(__return)
            */
            {
  int c = 0;
  int z = 36 * y;
  

  while (unknown()) {

    if ( c < 36 )
    {
    z  = z + 1;
    c  = c + 1;
    }
  }
    
      
  
}
2025-12-27 15:42:27,708 - INFO  - 
GENERATE LOOP INVARIANT FOR foo75
2025-12-27 15:42:27,708 - INFO  - ==================================================

2025-12-27 15:42:27,803 - INFO  - file_name: foo75
2025-12-27 15:42:27,901 - DEBUG  - INNER_FLAG: False
2025-12-27 15:42:27,903 - INFO  - Variable Maps:[{'z': '36 * y@pre', 'c': '0', 'x3': 'x3@pre', 'x2': 'x2@pre', 'x1': 'x1@pre', 'y': 'y@pre'}]
2025-12-27 15:42:27,904 - INFO  - Path conditions: ['0 <= y@pre && y@pre <= 127']
2025-12-27 15:42:27,904 - INFO  - Pre condition: 0 <= y@pre && y@pre <= 127 && (z == 36 * y@pre) * (c == 0) * (x3 == x3@pre) * (x2 == x2@pre) * (x1 == x1@pre) * (y == y@pre)
2025-12-27 15:42:27,904 - INFO  - Loop Condition: unknown()
2025-12-27 15:42:27,904 - INFO  - Array Names: []
2025-12-27 15:42:27,905 - INFO  - Updated Loop Conditions: ['unknown()']
2025-12-27 15:42:27,905 - INFO  - Global Unchanged Variables: ['x3', 'x2', 'x1', 'y']
2025-12-27 15:42:27,905 - INFO  - Non Inductive Variables: []
2025-12-27 15:42:27,905 - INFO  - Unchanged Arrays (Read-only): []
2025-12-27 15:42:27,906 - INFO  - after assignments
2025-12-27 15:42:27,906 - INFO  - 
            
        /* >>> LOOP INVARIANT TO FILL <<< */
        
            /*@
            */
            while (unknown()) {

    if ( c < 36 )
    {
    z  = z + 1;
    c  = c + 1;
    }
  }
            
2025-12-27 15:43:23,387 - INFO  - think in natural language: ### Analysis of the Provided C Code

#### a. Loop Purpose and Structure

**Purpose:**  
The loop's purpose is to increment `z` and `c` up to 36 times, depending on the condition `unknown()`. The loop continues executing as long as `unknown()` returns a non-zero value. Inside the loop, `z` and `c` are incremented by 1 only if `c` is less than 36.

**Structure:**  
- **Governing Condition:** `while (unknown())`  
  The loop continues as long as `unknown()` evaluates to true (non-zero). The exact condition is not specified, making it non-deterministic.
  
- **Operations in Loop Body:**  
  - Check if `c < 36`.
  - If true, increment `z` by 1 and `c` by 1.
  
- **Relevant Variables:**  
  - `c`: Counter variable, incremented up to 36.
  - `z`: Initially set to `36 * y`, then incremented by 1 up to 36 times.
  - `y`: Input parameter, constrained by the precondition `0 <= y && y <= 127`.

#### b. Sample and Analyze Variable Values

Assume `y = 1` for sampling (since `0 <= y <= 127`):

**Pre-Loop Sampling:**  
- `y = 1`  
- `z = 36 * y = 36`  
- `c = 0`  

**Post-Iteration Sampling:**  
1. After iteration 1:  
   - `c = 1` (since `c < 36` was true)  
   - `z = 37`  

2. After iteration 2:  
   - `c = 2`  
   - `z = 38`  

3. After iteration 3:  
   - `c = 3`  
   - `z = 39`  

4. After iteration 4:  
   - `c = 4`  
   - `z = 40`  

5. After iteration 5:  
   - `c = 5`  
   - `z = 41`  

**Post-Loop Sampling:**  
If the loop terminates after, say, 5 iterations (when `unknown()` returns false):  
- `c = 5`  
- `z = 41`  

#### c. Verification Goal Analysis

**Verification Goal (Post-condition):**  
`( c < 36 ) ==> ( z >= 0 )`  
This means: If `c` is less than 36 at loop exit, then `z` must be non-negative.

**Can the Verification Goal Serve as an Invariant?**  
No, because the verification goal is only required to hold at loop termination, not necessarily during iterations. However, `z >= 0` is always true during iterations because:
- Initially, `z = 36 * y` and `y >= 0`, so `z >= 0`.
- `z` is only incremented (`z = z + 1`), so it remains non-negative.

Thus, `z >= 0` can be part of the invariant.

**Modified Invariant:**  
The invariant should capture:
1. `z == 36 * y + c` (since `z` starts at `36 * y` and increments by 1 for each increment of `c`).
2. `0 <= c <= 36` (since `c` starts at 0 and increments up to 36).
3. `z >= 0` (as above).

#### d. Loop Invariant Discussion

**Proposed Invariant:**  
At the start and end of every iteration:
1. `z == 36 * y + c`
2. `0 <= c <= 36`
3. `z >= 0`

**Why Valid?**  
- Initially, `z = 36 * y` and `c = 0`, so `z == 36 * y + c` holds.  
- `c` starts at 0 and increments only if `c < 36`, so `0 <= c <= 36` holds.  
- `z` is non-negative initially and only increases, so `z >= 0` holds.  

#### e. Establishment

**Pre-loop:**  
- `z = 36 * y`  
- `c = 0`  
From the precondition `0 <= y <= 127`:  
- `36 * y >= 0` (since `y >= 0`), so `z >= 0`.  
- `c = 0`, so `0 <= c <= 36`.  
- `z == 36 * y + c` holds (`36 * y + 0 == 36 * y`).  

Thus, the invariant holds before the first iteration.

#### f. Preservation

Assume the invariant holds at the start of an iteration (`z == 36 * y + c`, `0 <= c <= 36`, `z >= 0`) and `unknown()` is true.

**Case 1:** `c < 36`  
- `z` becomes `z + 1` (`36 * y + c + 1`).  
- `c` becomes `c + 1`.  
Now:  
- `z == 36 * y + (c + 1)` (matches `z == 36 * y + c` for the new `c`).  
- `c + 1 <= 36` (since `c < 36`).  
- `z + 1 >= 0` (since `z >= 0`).  

**Case 2:** `c >= 36`  
- No changes to `z` or `c`.  
- Invariant remains true.  

Thus, the invariant is preserved.

#### g. Termination Analysis

When the loop terminates (`unknown()` is false), the invariant still holds:
- `z == 36 * y + c`  
- `0 <= c <= 36`  
- `z >= 0`  

The post-condition `(c < 36) ==> (z >= 0)` is satisfied because:
- If `c < 36`, then `z == 36 * y + c`. Since `y >= 0` and `c >= 0`, `z >= 0`.  
- If `c >= 36`, the implication is vacuously true (antecedent is false).  

#### h. Post-condition Correctness

The post-condition `( c < 36 ) ==> ( z >= 0 )` is correct because:
1. From the invariant, `z == 36 * y + c` and `y >= 0`, `c >= 0`, so `z >= 0` always.  
2. The implication holds because `z >= 0` is always true, regardless of `c`.  

However, the post-condition is weaker than necessary. A stronger post-condition could be:  
`z == 36 * y + c && 0 <= c <= 36 && z >= 0`  

But the given post-condition is correct as stated.  

### Final Loop Invariant Proposal

```c
/*@
  loop invariant z == 36 * y + c;
  loop invariant 0 <= c <= 36;
  loop invariant z >= 0;
*/
while (unknown()) {
  if (c < 36) {
    z = z + 1;
    c = c + 1;
  }
}
```

This invariant satisfies:
- Establishment: Holds before the loop starts.  
- Preservation: Holds after each iteration.  
- Termination: Implies the post-condition.
2025-12-27 15:43:23,388 - INFO  - after const
2025-12-27 15:43:23,388 - INFO  - 
            
        /* >>> LOOP INVARIANT TO FILL <<< */
        
            /*@
          loop invariant x3 == \at(x3,Pre);
          loop invariant x2 == \at(x2,Pre);
          loop invariant x1 == \at(x1,Pre);
          loop invariant y == \at(y,Pre);
            */
            while (unknown()) {

    if ( c < 36 )
    {
    z  = z + 1;
    c  = c + 1;
    }
  }
            
2025-12-27 15:43:23,388 - INFO  - after not in
2025-12-27 15:43:23,389 - INFO  - 
            
        /* >>> LOOP INVARIANT TO FILL <<< */
        
            /*@
          loop invariant x3 == \at(x3,Pre);
          loop invariant x2 == \at(x2,Pre);
          loop invariant x1 == \at(x1,Pre);
          loop invariant y == \at(y,Pre);
            */
            while (unknown()) {

    if ( c < 36 )
    {
    z  = z + 1;
    c  = c + 1;
    }
  }
            
2025-12-27 15:43:23,389 - INFO  - after vars
2025-12-27 15:43:23,389 - INFO  - 
            
        /* >>> LOOP INVARIANT TO FILL <<< */
        
            /*@
          loop invariant  PLACE_HOLDER_c ;
          loop invariant  PLACE_HOLDER_z ;
          loop invariant x3 == \at(x3,Pre);
          loop invariant x2 == \at(x2,Pre);
          loop invariant x1 == \at(x1,Pre);
          loop invariant y == \at(y,Pre);
            */
            while (unknown()) {

    if ( c < 36 )
    {
    z  = z + 1;
    c  = c + 1;
    }
  }
            
2025-12-27 15:43:23,389 - INFO  - after verification goal
2025-12-27 15:43:23,389 - INFO  - 
            
        /* >>> LOOP INVARIANT TO FILL <<< */
        
            /*@
          loop invariant  PLACE_HOLDER_VERFICATION_GOAL ;
          loop invariant  PLACE_HOLDER_c ;
          loop invariant  PLACE_HOLDER_z ;
          loop invariant x3 == \at(x3,Pre);
          loop invariant x2 == \at(x2,Pre);
          loop invariant x1 == \at(x1,Pre);
          loop invariant y == \at(y,Pre);
            */
            while (unknown()) {

    if ( c < 36 )
    {
    z  = z + 1;
    c  = c + 1;
    }
  }
            
2025-12-27 15:43:23,390 - INFO  - annotated_callee_str: 


2025-12-27 15:43:23,401 - INFO  - Content of loop template: 


/*@
    requires 0 <= y && y <= 127;
    */
    
void foo75(int y,int x1,int x2,int x3) {
  int c = 0;
  int z = 36 * y;
  

  
            
        /* >>> LOOP INVARIANT TO FILL <<< */
        
            /*@
          PLACE_HOLDER_LOOP
            */
            while (unknown()) {

    if ( c < 36 )
    {
    z  = z + 1;
    c  = c + 1;
    }
  }
            
    /*@ assert  ( c < 36 ) ==> ( z >= 0 ) ; */
      
  
}
2025-12-27 15:43:23,401 - INFO  - annotated_callee_str: 


2025-12-27 15:43:23,409 - INFO  - Content of loop template: 


/*@
    requires 0 <= y && y <= 127;
    */
    
void foo75(int y,int x1,int x2,int x3) {
  int c = 0;
  int z = 36 * y;
  

  
            
        /* >>> LOOP INVARIANT TO FILL <<< */
        
            /*@
          loop invariant  PLACE_HOLDER_c ;
          loop invariant  PLACE_HOLDER_z ;
          loop invariant x3 == \at(x3,Pre);
          loop invariant x2 == \at(x2,Pre);
          loop invariant x1 == \at(x1,Pre);
          loop invariant y == \at(y,Pre);
            */
            while (unknown()) {

    if ( c < 36 )
    {
    z  = z + 1;
    c  = c + 1;
    }
  }
            
    /*@ assert  ( c < 36 ) ==> ( z >= 0 ) ; */
      
  
}
2025-12-27 15:43:23,409 - INFO  - annotated_callee_str: 


2025-12-27 15:43:23,416 - INFO  - Content of loop template: 


/*@
    requires 0 <= y && y <= 127;
    */
    
void foo75(int y,int x1,int x2,int x3) {
  int c = 0;
  int z = 36 * y;
  

  
            
        /* >>> LOOP INVARIANT TO FILL <<< */
        
            /*@
          loop invariant  PLACE_HOLDER_VERFICATION_GOAL ;
          loop invariant  PLACE_HOLDER_c ;
          loop invariant  PLACE_HOLDER_z ;
          loop invariant x3 == \at(x3,Pre);
          loop invariant x2 == \at(x2,Pre);
          loop invariant x1 == \at(x1,Pre);
          loop invariant y == \at(y,Pre);
            */
            while (unknown()) {

    if ( c < 36 )
    {
    z  = z + 1;
    c  = c + 1;
    }
  }
            
    /*@ assert  ( c < 36 ) ==> ( z >= 0 ) ; */
      
  
}
2025-12-27 15:43:23,416 - DEBUG  - user_prompt_traival
2025-12-27 15:43:23,417 - DEBUG  - ### Role: ###
You are a helpful AI software assistant specializing in reasoning about code behavior. Your task is to analyze C programs and identify loop invariants that can be used to verify program properties using Frama-C.

### Task: ###
Given a C program with a loop, generate the necessary loop invariants in ACSL (ANSI/ISO C Specification Language) annotations. These invariants will help Frama-C verify the post-condition of the program.



Inputs:
- The pre-condition before the loop begins execution.
- A full C loop program with invariant annotations containing `PLACE_HOLDER` that need to be filled.

### Output: ###
Provide the complete C code with the loop invariant and other relevant ACSL annotations, where all placeholders are correctly filled in ```c ```.

### Rules: ###
- If you break any of these rules, my family will disown me.
- Do not modify any existing annotations or add new annotations. You are only allowed to replace the placeholders `PLACE_HOLDER` before loop.
- Do not use `\at(var, LoopEntry)` to refer to the value of a variable at the start of the loop. Instead, use the value specified in the pre-condition.
- Do not generate loop variant.
- Only use keywords and constructs supported in ACSL annotations for loops.
- Do not generate any natural language explanations after ACSL annotations.
- When `unknown()` used as the loop condition, the number of loop iterations can be any non-negative integer, and the invariant must hold for all cases.
- You are only allowed to fill `PLACE_HOLDER` for `loop invariant` and `loop assigns`, do not generate any `requires` or `ensures` or `loop variant`.





Consider the following C loop:

Pre-condition: `0 <= \at(y,Pre) && \at(y,Pre) <= 127 && (z == 36 * \at(y,Pre)) * (c == 0) * (x3 == \at(x3,Pre)) * (x2 == \at(x2,Pre)) * (x1 == \at(x1,Pre)) * (y == \at(y,Pre))`

Loop program: `


/*@
    requires 0 <= y && y <= 127;
    */
    
void foo75(int y,int x1,int x2,int x3) {
  int c = 0;
  int z = 36 * y;
  

  
            
        /* >>> LOOP INVARIANT TO FILL <<< */
        
            /*@
          PLACE_HOLDER_LOOP
            */
            while (unknown()) {

    if ( c < 36 )
    {
    z  = z + 1;
    c  = c + 1;
    }
  }
            
    /*@ assert  ( c < 36 ) ==> ( z >= 0 ) ; */
      
  
}`



2025-12-27 15:43:23,417 - DEBUG  - user_prompt_template
2025-12-27 15:43:23,417 - DEBUG  - ### Role: ###
You are a helpful AI software assistant specializing in reasoning about code behavior. Your task is to analyze C programs and identify loop invariants that can be used to verify program properties using Frama-C.

### Task: ###
Given a C program with a loop, generate the necessary loop invariants in ACSL (ANSI/ISO C Specification Language) annotations. These invariants will help Frama-C verify the post-condition of the program.



Inputs:
- The pre-condition before the loop begins execution.
- A full C loop program with invariant annotations containing `PLACE_HOLDER` that need to be filled.

### Output: ###
Provide the complete C code with the loop invariant and other relevant ACSL annotations, where all placeholders are correctly filled in ```c ```.

### Rules: ###
- If you break any of these rules, my family will disown me.
- Do not modify any existing annotations or add new annotations. You are only allowed to replace the placeholders `PLACE_HOLDER` before loop.
- Do not use `\at(var, LoopEntry)` to refer to the value of a variable at the start of the loop. Instead, use the value specified in the pre-condition.
- Do not generate loop variant.
- Only use keywords and constructs supported in ACSL annotations for loops.
- Do not generate any natural language explanations after ACSL annotations.
- When `unknown()` used as the loop condition, the number of loop iterations can be any non-negative integer, and the invariant must hold for all cases.
- You are only allowed to fill `PLACE_HOLDER` for `loop invariant` and `loop assigns`, do not generate any `requires` or `ensures` or `loop variant`.

- Generate loop invariants with equality constraints as comprehensively as possible.



Consider the following C loop:

Pre-condition: `0 <= \at(y,Pre) && \at(y,Pre) <= 127 && (z == 36 * \at(y,Pre)) * (c == 0) * (x3 == \at(x3,Pre)) * (x2 == \at(x2,Pre)) * (x1 == \at(x1,Pre)) * (y == \at(y,Pre))`

Loop program: `


/*@
    requires 0 <= y && y <= 127;
    */
    
void foo75(int y,int x1,int x2,int x3) {
  int c = 0;
  int z = 36 * y;
  

  
            
        /* >>> LOOP INVARIANT TO FILL <<< */
        
            /*@
          loop invariant  PLACE_HOLDER_c ;
          loop invariant  PLACE_HOLDER_z ;
          loop invariant x3 == \at(x3,Pre);
          loop invariant x2 == \at(x2,Pre);
          loop invariant x1 == \at(x1,Pre);
          loop invariant y == \at(y,Pre);
            */
            while (unknown()) {

    if ( c < 36 )
    {
    z  = z + 1;
    c  = c + 1;
    }
  }
            
    /*@ assert  ( c < 36 ) ==> ( z >= 0 ) ; */
      
  
}`



2025-12-27 15:43:23,417 - DEBUG  - user_prompt_verification
2025-12-27 15:43:23,417 - DEBUG  - ### Role: ###
You are a helpful AI software assistant specializing in reasoning about code behavior. Your task is to analyze C programs and identify loop invariants that can be used to verify program properties using Frama-C.

### Task: ###
Given a C program with a loop, generate the necessary loop invariants in ACSL (ANSI/ISO C Specification Language) annotations. These invariants will help Frama-C verify the post-condition of the program.



Inputs:
- The pre-condition before the loop begins execution.
- A full C loop program with invariant annotations containing `PLACE_HOLDER` that need to be filled.

### Output: ###
Provide the complete C code with the loop invariant and other relevant ACSL annotations, where all placeholders are correctly filled in ```c ```.

### Rules: ###
- If you break any of these rules, my family will disown me.
- Do not modify any existing annotations or add new annotations. You are only allowed to replace the placeholders `PLACE_HOLDER` before loop.
- Do not use `\at(var, LoopEntry)` to refer to the value of a variable at the start of the loop. Instead, use the value specified in the pre-condition.
- Do not generate loop variant.
- Only use keywords and constructs supported in ACSL annotations for loops.
- Do not generate any natural language explanations after ACSL annotations.
- When `unknown()` used as the loop condition, the number of loop iterations can be any non-negative integer, and the invariant must hold for all cases.
- You are only allowed to fill `PLACE_HOLDER` for `loop invariant` and `loop assigns`, do not generate any `requires` or `ensures` or `loop variant`.

- Generate loop invariants with equality constraints as comprehensively as possible.
- Please first try to directly use the verification goal as the loop invariant at `PLACE_HOLDER_VERFICATION_GOAL`. Often, the verification goal (assertion) also holds throughout the loop; in that case, it can be used directly as the invariant.


Consider the following C loop:

Pre-condition: `0 <= \at(y,Pre) && \at(y,Pre) <= 127 && (z == 36 * \at(y,Pre)) * (c == 0) * (x3 == \at(x3,Pre)) * (x2 == \at(x2,Pre)) * (x1 == \at(x1,Pre)) * (y == \at(y,Pre))`

Loop program: `


/*@
    requires 0 <= y && y <= 127;
    */
    
void foo75(int y,int x1,int x2,int x3) {
  int c = 0;
  int z = 36 * y;
  

  
            
        /* >>> LOOP INVARIANT TO FILL <<< */
        
            /*@
          loop invariant  PLACE_HOLDER_VERFICATION_GOAL ;
          loop invariant  PLACE_HOLDER_c ;
          loop invariant  PLACE_HOLDER_z ;
          loop invariant x3 == \at(x3,Pre);
          loop invariant x2 == \at(x2,Pre);
          loop invariant x1 == \at(x1,Pre);
          loop invariant y == \at(y,Pre);
            */
            while (unknown()) {

    if ( c < 36 )
    {
    z  = z + 1;
    c  = c + 1;
    }
  }
            
    /*@ assert  ( c < 36 ) ==> ( z >= 0 ) ; */
      
  
}`



2025-12-27 15:43:33,994 - DEBUG  - invgen reasoning
2025-12-27 15:43:33,995 - DEBUG  - Here is the complete C code with the loop invariant filled in:

```c
/*@
    requires 0 <= y && y <= 127;
    */
    
void foo75(int y,int x1,int x2,int x3) {
  int c = 0;
  int z = 36 * y;
  

  
            
        /* >>> LOOP INVARIANT TO FILL <<< */
        
            /*@
          loop invariant z == 36 * y + c;
          loop invariant 0 <= c <= 36;
          loop invariant z >= 0;
          loop assigns z, c;
            */
            while (unknown()) {

    if ( c < 36 )
    {
    z  = z + 1;
    c  = c + 1;
    }
  }
            
    /*@ assert  ( c < 36 ) ==> ( z >= 0 ) ; */
      
  
}
```

The loop invariants are:
1. `z == 36 * y + c` - Maintains the relationship between z, y and c
2. `0 <= c <= 36` - Bounds on the counter variable
3. `z >= 0` - Ensures z never becomes negative
4. `loop assigns z, c` - Specifies which variables are modified by the loop
2025-12-27 15:43:54,474 - DEBUG  - invgen reasoning
2025-12-27 15:43:54,474 - DEBUG  - ```c
/*@
    requires 0 <= y && y <= 127;
    */
    
void foo75(int y,int x1,int x2,int x3) {
  int c = 0;
  int z = 36 * y;
  

  
            
        /* >>> LOOP INVARIANT TO FILL <<< */
        
            /*@
          loop invariant 0 <= c <= 36;
          loop invariant z == 36 * y + c;
          loop invariant x3 == \at(x3,Pre);
          loop invariant x2 == \at(x2,Pre);
          loop invariant x1 == \at(x1,Pre);
          loop invariant y == \at(y,Pre);
          loop assigns z, c;
            */
            while (unknown()) {

    if ( c < 36 )
    {
    z  = z + 1;
    c  = c + 1;
    }
  }
            
    /*@ assert  ( c < 36 ) ==> ( z >= 0 ) ; */
      
  
}
```

The loop invariants are:
1. `0 <= c <= 36` - Maintains bounds on counter variable
2. `z == 36 * y + c` - Preserves exact mathematical relationship between z, y and c
3. `x3 == \at(x3,Pre)` - Maintains input parameter value
4. `x2 == \at(x2,Pre)` - Maintains input parameter value  
5. `x1 == \at(x1,Pre)` - Maintains input parameter value
6. `y == \at(y,Pre)` - Maintains input parameter value
7. `loop assigns z, c` - Specifies modified variables

The equality constraints precisely capture the mathematical relationship between variables while maintaining all input parameter values. The counter bounds ensure termination properties.
2025-12-27 15:44:09,005 - DEBUG  - invgen reasoning
2025-12-27 15:44:09,006 - DEBUG  - ```c
/*@
    requires 0 <= y && y <= 127;
    */
    
void foo75(int y,int x1,int x2,int x3) {
  int c = 0;
  int z = 36 * y;
  
            /*@
          loop invariant (c < 36) ==> (z >= 0);
          loop invariant 0 <= c <= 36;
          loop invariant z == 36 * y + c;
          loop invariant x3 == \at(x3,Pre);
          loop invariant x2 == \at(x2,Pre);
          loop invariant x1 == \at(x1,Pre);
          loop invariant y == \at(y,Pre);
          loop assigns z, c;
            */
            while (unknown()) {
    if (c < 36) {
      z = z + 1;
      c = c + 1;
    }
  }
            
    /*@ assert (c < 36) ==> (z >= 0); */
}
```

Key points about the invariants:
1. The verification goal `(c < 36) ==> (z >= 0)` is used directly as an invariant since it holds throughout the loop
2. `0 <= c <= 36` maintains the counter bounds
3. `z == 36 * y + c` precisely tracks the mathematical relationship
4. All input parameters remain unchanged
5. `loop assigns` specifies exactly which variables are modified

The invariants are:
- Complete (cover all necessary properties)
- Precise (use equality constraints where possible)
- Minimal (only specify what's needed)
- Correct (provably maintain all required properties)
2025-12-27 15:44:09,008 - INFO  - candidated loop invariant
2025-12-27 15:44:09,008 - INFO  - 
/*@
    requires 0 <= y && y <= 127;
    */
    
void foo75(int y,int x1,int x2,int x3) {
  int c = 0;
  int z = 36 * y;
  

  
            
        /* >>> LOOP INVARIANT TO FILL <<< */
        
            /*@
          loop invariant 0 <= c <= 36;
          loop invariant z == 36 * y + c;
          loop invariant x3 == \at(x3,Pre);
          loop invariant x2 == \at(x2,Pre);
          loop invariant x1 == \at(x1,Pre);
          loop invariant y == \at(y,Pre);
          loop assigns z, c;
            */
            while (unknown()) {

    if ( c < 36 )
    {
    z  = z + 1;
    c  = c + 1;
    }
  }
            
    /*@ assert  ( c < 36 ) ==> ( z >= 0 ) ; */
      
  
}

2025-12-27 15:44:10,206 - INFO  - syntax Correct
2025-12-27 15:44:11,531 - INFO  - Validate:
2025-12-27 15:44:11,532 - INFO  - [True, True, True, True, True, True]
2025-12-27 15:44:11,532 - INFO  - 
2025-12-27 15:44:11,532 - INFO  - Verify:
2025-12-27 15:44:11,532 - INFO  - [True]
2025-12-27 15:44:11,532 - INFO  - 
2025-12-27 15:44:11,533 - INFO  - loop invariant annotated
2025-12-27 15:44:11,533 - INFO  - 
/*@
    requires 0 <= y && y <= 127;
    */
    
void foo75(int y,int x1,int x2,int x3) {
  int c = 0;
  int z = 36 * y;
  

  
            
        /* >>> LOOP INVARIANT TO FILL <<< */
        
            /*@
          loop invariant 0 <= c <= 36;
          loop invariant z == 36 * y + c;
          loop invariant x3 == \at(x3,Pre);
          loop invariant x2 == \at(x2,Pre);
          loop invariant x1 == \at(x1,Pre);
          loop invariant y == \at(y,Pre);
          loop assigns z, c;
            */
            while (unknown()) {

    if ( c < 36 )
    {
    z  = z + 1;
    c  = c + 1;
    }
  }
            
    /*@ assert  ( c < 36 ) ==> ( z >= 0 ) ; */
      
  
}

2025-12-27 15:44:14,017 - INFO  - ACSL format loop invariant
2025-12-27 15:44:14,017 - INFO  - /*@
          loop invariant 0 <= c <= 36;
          loop invariant z == 36 * y + c;
          loop invariant x3 == \at(x3,Pre);
          loop invariant x2 == \at(x2,Pre);
          loop invariant x1 == \at(x1,Pre);
          loop invariant y == \at(y,Pre);
          loop assigns z, c;
            */
            while (unknown()) {

    if ( c < 36 )
    {
    z  = z + 1;
    c  = c + 1;
    }
  }
2025-12-27 15:44:14,018 - INFO  - VST format loop invariant
2025-12-27 15:44:14,018 - INFO  - /*@ Inv
    (0 <= c && c <= 36) &&
(z == 36 * y + c) &&
(x3 == x3@pre) &&
(x2 == x2@pre) &&
(x1 == x1@pre) &&
(y == y@pre
          loop assigns z, c)
    */
    
            while (unknown()) {

    if ( c < 36 )
    {
    z  = z + 1;
    c  = c + 1;
    }
  }
2025-12-27 15:44:14,019 - INFO  - PARTIAL CORRECT INVARIANT
2025-12-27 15:44:14,019 - INFO  - continue symbolic execution
2025-12-27 15:44:14,019 - INFO  - 
/*@
    requires 0 <= y && y <= 127;
    */
    
void foo75(int y,int x1,int x2,int x3) {
  int c = 0;
  int z = 36 * y;
  

  
            
        /* >>> LOOP INVARIANT TO FILL <<< */
        
            /*@
          loop invariant 0 <= c <= 36;
          loop invariant z == 36 * y + c;
          loop invariant x3 == \at(x3,Pre);
          loop invariant x2 == \at(x2,Pre);
          loop invariant x1 == \at(x1,Pre);
          loop invariant y == \at(y,Pre);
          loop assigns z, c;
            */
            while (unknown()) {

    if ( c < 36 )
    {
    z  = z + 1;
    c  = c + 1;
    }
  }
            
    /*@ assert  ( c < 36 ) ==> ( z >= 0 ) ; */
      
  
}

2025-12-27 15:44:15,219 - INFO  - syntax Correct
2025-12-27 15:44:16,467 - INFO  - Validate:
2025-12-27 15:44:16,468 - INFO  - [True, True, True, True, True, True]
2025-12-27 15:44:16,468 - INFO  - 
2025-12-27 15:44:16,468 - INFO  - Verify:
2025-12-27 15:44:16,469 - INFO  - [True]
2025-12-27 15:44:16,469 - INFO  - 
2025-12-27 15:44:16,469 - INFO  - CORRECT INVARIANT
2025-12-27 15:44:18,863 - INFO  - ==================================================
2025-12-27 15:44:18,864 - INFO  - first_pass:
2025-12-27 15:44:18,864 - INFO  - syntax=1, valid=1,satisfy=1
2025-12-27 15:44:18,864 - INFO  - ==================================================
2025-12-27 15:44:18,865 - INFO  - foo75.c after loop invariant generation: 

/*@
    requires 0 <= y && y <= 127;
    */
    
void foo75(int y,int x1,int x2,int x3) {
  int c = 0;
  int z = 36 * y;
  

  
            
        /* >>> LOOP INVARIANT TO FILL <<< */
        
            /*@
          loop invariant 0 <= c <= 36;
          loop invariant z == 36 * y + c;
          loop invariant x3 == \at(x3,Pre);
          loop invariant x2 == \at(x2,Pre);
          loop invariant x1 == \at(x1,Pre);
          loop invariant y == \at(y,Pre);
          loop assigns z, c;
            */
            while (unknown()) {

    if ( c < 36 )
    {
    z  = z + 1;
    c  = c + 1;
    }
  }
            
    /*@ assert  ( c < 36 ) ==> ( z >= 0 ) ; */
      
  
}

2025-12-27 15:44:19,144 - INFO  - ==================================================
2025-12-27 15:44:19,144 - INFO  - ⏰ OVERALL EXECUTION TIME STATISTICS
2025-12-27 15:44:19,145 - INFO  - Total execution time: 112.33 seconds (1.87 minutes)
2025-12-27 15:44:19,145 - INFO  - ==================================================
2025-12-27 15:44:19,145 - INFO  - ==================================================
2025-12-27 15:44:19,145 - INFO  - 📊 TOKEN USAGE STATISTICS
2025-12-27 15:44:19,145 - INFO  - Total API calls: 9
2025-12-27 15:44:19,145 - INFO  - Total prompt tokens (input): 143,245
2025-12-27 15:44:19,146 - INFO  - Total completion tokens (output): 5,341
2025-12-27 15:44:19,146 - INFO  - Total tokens: 148,586
2025-12-27 15:44:19,146 - INFO  - Average prompt tokens per call: 15916.1
2025-12-27 15:44:19,146 - INFO  - Average completion tokens per call: 593.4
2025-12-27 15:44:19,146 - INFO  - Average total tokens per call: 16509.6
2025-12-27 15:44:19,146 - INFO  - ==================================================
