2025-12-27 12:44:54,932 - INFO  - 
🚀 Starting generation of function: foo96
2025-12-27 12:44:54,932 - INFO  - 
FUNCTION INITIALIZATION
2025-12-27 12:44:54,932 - INFO  - ==================================================

2025-12-27 12:44:55,371 - INFO  - Initial pending functions: ['foo96']
2025-12-27 12:44:55,372 - INFO  - 
GENERATE ANNOTATION FOR foo96
2025-12-27 12:44:55,372 - INFO  - ==================================================

2025-12-27 12:44:55,372 - INFO  - Function foo96 has been initialized
2025-12-27 12:44:55,411 - INFO  - Content of ACSL foo96.c file to be inserted into template: 


void foo96(int x) {
    int i =0;
    int j =0;
    int y =1;
    
    
    while (i <= x) {
      
      i  = i + 1;
      j  = j + y;
  
    }
  
  /*@ assert (i != j) ==> (y != 1) ;*/
  
  }
2025-12-27 12:44:55,412 - INFO  - Content of pre-annotated foo96.c file: 

    #include "../verification_stdlib.h"
    #include "../verification_list.h"
    #include "../int_array_def.h"

    /*@ Extern Coq (Result: Assertion) */
    /*@ Extern Coq (Results: Z -> Assertion) */

        

void foo96(int x) 

            /*@
            Require emp
            Ensure Results(__return)
            */
            {
    int i =0;
    int j =0;
    int y =1;
    
    
    while (i <= x) {
      
      i  = i + 1;
      j  = j + y;
  
    }
  
  
  
  }
2025-12-27 12:44:55,413 - INFO  - 
GENERATE LOOP INVARIANT FOR foo96
2025-12-27 12:44:55,413 - INFO  - ==================================================

2025-12-27 12:44:55,474 - INFO  - file_name: foo96
2025-12-27 12:44:55,561 - DEBUG  - INNER_FLAG: False
2025-12-27 12:44:55,562 - INFO  - Variable Maps:[{'y': '1', 'j': '0', 'i': '0', 'x': 'x@pre'}]
2025-12-27 12:44:55,562 - INFO  - Path conditions: [None]
2025-12-27 12:44:55,562 - INFO  - Pre condition: (y == 1) * (j == 0) * (i == 0) * (x == x@pre)
2025-12-27 12:44:55,562 - INFO  - Loop Condition: i <= x
2025-12-27 12:44:55,563 - INFO  - Array Names: []
2025-12-27 12:44:55,563 - INFO  - Updated Loop Conditions: ['0 <= x@pre']
2025-12-27 12:44:55,563 - INFO  - Global Unchanged Variables: ['y', 'x']
2025-12-27 12:44:55,564 - INFO  - Non Inductive Variables: []
2025-12-27 12:44:55,564 - INFO  - Unchanged Arrays (Read-only): []
2025-12-27 12:44:55,564 - INFO  - after assignments
2025-12-27 12:44:55,564 - INFO  - 
            
        /* >>> LOOP INVARIANT TO FILL <<< */
        
            /*@
            */
            while (i <= x) {
      
      i  = i + 1;
      j  = j + y;
  
    }
            
2025-12-27 12:45:40,828 - INFO  - think in natural language: ### Comprehensive Loop Verification Analysis

---

#### **a. Loop Purpose and Structure**

**Purpose:**  
The loop appears to be calculating a linear relationship between `i`` and `j`, where `j` increments by `y` for each increment of `i`. The loop runs while `i` is less than or equal to `x`, and the post-condition suggests a relationship between `i`, `j`, and `y` upon termination.

**Structure:**  
- **Governing Condition:** `while (i <= x)`  
- **Loop Body Operations:**  
  - `i = i + 1` (increment `i` by 1).  
  - `j = j + y` (increment `j` by `y`).  
- **Relevant Variables:**  
  - `i`: Loop counter, initialized to `0`.  
  - `j`: Accumulator, initialized to `0`.  
  - `y`: Increment for `j`, initialized to `1`.  
  - `x`: Loop bound (input parameter).  

---

#### **b. Sample and Analyze Variable Values**

Assume `x = 5` for sampling (since `x` is arbitrary):

| Sample Point       | `i` | `j` | `y` | `x` |
|--------------------|-----|-----|-----|-----|
| Pre-Loop           | 0   | 0   | 1   | 5   |
| Post-Iteration 1   | 1   | 1   | 1   | 5   |
| Post-Iteration 2   | 2   | 2   | 1   | 5   |
| Post-Iteration 3   | 3   | 3   | 1   | 5   |
| Post-Iteration 4   | 4   | 4   | 1   | 5   |
| Post-Iteration 5   | 5   | 5   | 1   | 5   |
| Post-Loop          | 6   | 6   | 1   | 5   |

**Observations:**  
- `j` always equals `i` during iterations because `y = 1`.  
- Loop terminates when `i = 6` (first time `i > x`).  

---

#### **c. Verification Goal Analysis**

**Verification Goal:**  
`(i != j) ==> (y != 1)`  
*(If `i` is not equal to `j`, then `y` must not be `1`.)*

**Analysis:**  
1. **Cannot be used directly as an invariant:**  
   - During iterations, `i == j` (since `y = 1`), so the implication `(i != j) ==> (y != 1)` holds vacuously (`i != j` is false). However, this does not capture the actual relationship (`j = i * y`).  
   - The goal is only relevant at termination, not during iterations.  

2. **Modified Invariant:**  
   - Proposed invariant: `j == i * y`  
     - **Establishment:** Holds initially (`0 == 0 * 1`).  
     - **Preservation:** If `j == i * y` at start of iteration, then after `i = i + 1` and `j = j + y`, `j == (i + 1) * y`.  
     - **Termination:** At termination, `j == (x + 1) * y`. Combined with `i == x + 1`, this implies `j == i * y`.  

---

#### **d. Loop Invariant Discussion**

**Proposed Invariant:**  
`j == i * y`  

**Validity:**  
- **During iterations:** At each step, `j` is incremented by `y` and `i` by `1`, so `j` remains `i * y`.  
- **Termination:** When `i > x`, `j == (x + 1) * y`.  

---

#### **e. Establishment**

**Pre-Loop State:**  
- `i = 0`, `j = 0`, `y = 1`.  
- Invariant: `0 == 0 * 1` holds true.  

---

#### **f. Preservation**

**Inductive Step:**  
- Assume `j == i * y` at start of iteration.  
- After iteration:  
  - `i' = i + 1`, `j' = j + y`.  
  - Substitute invariant: `j' == i * y + y == (i + 1) * y == i' * y`.  
- Thus, invariant holds at end of iteration.  

---

#### **g. Termination Analysis**

**Termination Condition:**  
- Loop exits when `i > x` (i.e., `i == x + 1`).  
- Invariant: `j == (x + 1) * y`.  

**Post-State:**  
- `i = x + 1`, `j = (x + 1) * y`.  

---

#### **h. Post-condition Correctness**

**Post-Condition:** `(i != j) ==> (y != 1)`  
- From invariant: `j == i * y`.  
- At termination: `j == (x + 1) * y`.  
- If `i != j`, then `(x + 1) != (x + 1) * y`, which simplifies to `y != 1` (unless `x + 1 == 0`).  
- **Conclusion:** Post-condition is correct given the invariant.  

---

### Final Answer: Loop Invariant  
```c
/*@ loop invariant j == i * y; */
while (i <= x) {
    i = i + 1;
    j = j + y;
}
```  

**Explanation:**  
The invariant `j == i * y` captures the linear relationship between `i` and `j` enforced by the loop body. It holds initially, is preserved inductively, and implies the post-condition upon termination.
2025-12-27 12:45:40,828 - INFO  - after const
2025-12-27 12:45:40,829 - INFO  - 
            
        /* >>> LOOP INVARIANT TO FILL <<< */
        
            /*@
          loop invariant y == 1;
          loop invariant x == \at(x,Pre);
            */
            while (i <= x) {
      
      i  = i + 1;
      j  = j + y;
  
    }
            
2025-12-27 12:45:40,829 - INFO  - after not in
2025-12-27 12:45:40,829 - INFO  - 
            
        /* >>> LOOP INVARIANT TO FILL <<< */
        
            /*@
          loop invariant (!(0 <= \at(x,Pre))) ==> ((y == 1)&&(j == 0)&&(i == 0)&&(x == \at(x,Pre)));
          loop invariant y == 1;
          loop invariant x == \at(x,Pre);
            */
            while (i <= x) {
      
      i  = i + 1;
      j  = j + y;
  
    }
            
2025-12-27 12:45:40,829 - INFO  - after vars
2025-12-27 12:45:40,829 - INFO  - 
            
        /* >>> LOOP INVARIANT TO FILL <<< */
        
            /*@
          loop invariant (0 <= \at(x,Pre)) ==> (PLACE_HOLDER_i) ;
          loop invariant (0 <= \at(x,Pre)) ==> (PLACE_HOLDER_j) ;
          loop invariant (!(0 <= \at(x,Pre))) ==> ((y == 1)&&(j == 0)&&(i == 0)&&(x == \at(x,Pre)));
          loop invariant y == 1;
          loop invariant x == \at(x,Pre);
            */
            while (i <= x) {
      
      i  = i + 1;
      j  = j + y;
  
    }
            
2025-12-27 12:45:40,830 - INFO  - after verification goal
2025-12-27 12:45:40,830 - INFO  - 
            
        /* >>> LOOP INVARIANT TO FILL <<< */
        
            /*@
          loop invariant (0 <= \at(x,Pre)) ==> (PLACE_HOLDER_VERFICATION_GOAL);
          loop invariant (0 <= \at(x,Pre)) ==> (PLACE_HOLDER_i) ;
          loop invariant (0 <= \at(x,Pre)) ==> (PLACE_HOLDER_j) ;
          loop invariant (!(0 <= \at(x,Pre))) ==> ((y == 1)&&(j == 0)&&(i == 0)&&(x == \at(x,Pre)));
          loop invariant y == 1;
          loop invariant x == \at(x,Pre);
            */
            while (i <= x) {
      
      i  = i + 1;
      j  = j + y;
  
    }
            
2025-12-27 12:45:40,839 - INFO  - Content of loop template: 

void foo96(int x) {
    int i =0;
    int j =0;
    int y =1;
    
    
    
            
        /* >>> LOOP INVARIANT TO FILL <<< */
        
            /*@
          PLACE_HOLDER_LOOP
            */
            while (i <= x) {
      
      i  = i + 1;
      j  = j + y;
  
    }
            
  
  /*@ assert (i != j) ==> (y != 1) ;*/
  
  }
2025-12-27 12:45:40,846 - INFO  - Content of loop template: 

void foo96(int x) {
    int i =0;
    int j =0;
    int y =1;
    
    
    
            
        /* >>> LOOP INVARIANT TO FILL <<< */
        
            /*@
          loop invariant (0 <= \at(x,Pre)) ==> (PLACE_HOLDER_i) ;
          loop invariant (0 <= \at(x,Pre)) ==> (PLACE_HOLDER_j) ;
          loop invariant (!(0 <= \at(x,Pre))) ==> ((y == 1)&&(j == 0)&&(i == 0)&&(x == \at(x,Pre)));
          loop invariant y == 1;
          loop invariant x == \at(x,Pre);
            */
            while (i <= x) {
      
      i  = i + 1;
      j  = j + y;
  
    }
            
  
  /*@ assert (i != j) ==> (y != 1) ;*/
  
  }
2025-12-27 12:45:40,853 - INFO  - Content of loop template: 

void foo96(int x) {
    int i =0;
    int j =0;
    int y =1;
    
    
    
            
        /* >>> LOOP INVARIANT TO FILL <<< */
        
            /*@
          loop invariant (0 <= \at(x,Pre)) ==> (PLACE_HOLDER_VERFICATION_GOAL);
          loop invariant (0 <= \at(x,Pre)) ==> (PLACE_HOLDER_i) ;
          loop invariant (0 <= \at(x,Pre)) ==> (PLACE_HOLDER_j) ;
          loop invariant (!(0 <= \at(x,Pre))) ==> ((y == 1)&&(j == 0)&&(i == 0)&&(x == \at(x,Pre)));
          loop invariant y == 1;
          loop invariant x == \at(x,Pre);
            */
            while (i <= x) {
      
      i  = i + 1;
      j  = j + y;
  
    }
            
  
  /*@ assert (i != j) ==> (y != 1) ;*/
  
  }
2025-12-27 12:45:40,854 - DEBUG  - user_prompt_traival
2025-12-27 12:45:40,854 - DEBUG  - ### Role: ###
You are a helpful AI software assistant specializing in reasoning about code behavior. Your task is to analyze C programs and identify loop invariants that can be used to verify program properties using Frama-C.

### Task: ###
Given a C program with a loop, generate the necessary loop invariants in ACSL (ANSI/ISO C Specification Language) annotations. These invariants will help Frama-C verify the post-condition of the program.



Inputs:
- The pre-condition before the loop begins execution.
- A full C loop program with invariant annotations containing `PLACE_HOLDER` that need to be filled.

### Output: ###
Provide the complete C code with the loop invariant and other relevant ACSL annotations, where all placeholders are correctly filled in ```c ```.

### Rules: ###
- If you break any of these rules, my family will disown me.
- Do not modify any existing annotations or add new annotations. You are only allowed to replace the placeholders `PLACE_HOLDER` before loop.
- Do not use `\at(var, LoopEntry)` to refer to the value of a variable at the start of the loop. Instead, use the value specified in the pre-condition.
- Do not generate loop variant.
- Only use keywords and constructs supported in ACSL annotations for loops.
- Do not generate any natural language explanations after ACSL annotations.
- When `unknown()` used as the loop condition, the number of loop iterations can be any non-negative integer, and the invariant must hold for all cases.
- You are only allowed to fill `PLACE_HOLDER` for `loop invariant` and `loop assigns`, do not generate any `requires` or `ensures` or `loop variant`.





Consider the following C loop:

Pre-condition: `(y == 1) * (j == 0) * (i == 0) * (x == \at(x,Pre))`

Loop program: `

void foo96(int x) {
    int i =0;
    int j =0;
    int y =1;
    
    
    
            
        /* >>> LOOP INVARIANT TO FILL <<< */
        
            /*@
          PLACE_HOLDER_LOOP
            */
            while (i <= x) {
      
      i  = i + 1;
      j  = j + y;
  
    }
            
  
  /*@ assert (i != j) ==> (y != 1) ;*/
  
  }`



2025-12-27 12:45:40,854 - DEBUG  - user_prompt_template
2025-12-27 12:45:40,854 - DEBUG  - ### Role: ###
You are a helpful AI software assistant specializing in reasoning about code behavior. Your task is to analyze C programs and identify loop invariants that can be used to verify program properties using Frama-C.

### Task: ###
Given a C program with a loop, generate the necessary loop invariants in ACSL (ANSI/ISO C Specification Language) annotations. These invariants will help Frama-C verify the post-condition of the program.



Inputs:
- The pre-condition before the loop begins execution.
- A full C loop program with invariant annotations containing `PLACE_HOLDER` that need to be filled.

### Output: ###
Provide the complete C code with the loop invariant and other relevant ACSL annotations, where all placeholders are correctly filled in ```c ```.

### Rules: ###
- If you break any of these rules, my family will disown me.
- Do not modify any existing annotations or add new annotations. You are only allowed to replace the placeholders `PLACE_HOLDER` before loop.
- Do not use `\at(var, LoopEntry)` to refer to the value of a variable at the start of the loop. Instead, use the value specified in the pre-condition.
- Do not generate loop variant.
- Only use keywords and constructs supported in ACSL annotations for loops.
- Do not generate any natural language explanations after ACSL annotations.
- When `unknown()` used as the loop condition, the number of loop iterations can be any non-negative integer, and the invariant must hold for all cases.
- You are only allowed to fill `PLACE_HOLDER` for `loop invariant` and `loop assigns`, do not generate any `requires` or `ensures` or `loop variant`.

- Generate loop invariants with equality constraints as comprehensively as possible.



Consider the following C loop:

Pre-condition: `(y == 1) * (j == 0) * (i == 0) * (x == \at(x,Pre))`

Loop program: `

void foo96(int x) {
    int i =0;
    int j =0;
    int y =1;
    
    
    
            
        /* >>> LOOP INVARIANT TO FILL <<< */
        
            /*@
          loop invariant (0 <= \at(x,Pre)) ==> (PLACE_HOLDER_i) ;
          loop invariant (0 <= \at(x,Pre)) ==> (PLACE_HOLDER_j) ;
          loop invariant (!(0 <= \at(x,Pre))) ==> ((y == 1)&&(j == 0)&&(i == 0)&&(x == \at(x,Pre)));
          loop invariant y == 1;
          loop invariant x == \at(x,Pre);
            */
            while (i <= x) {
      
      i  = i + 1;
      j  = j + y;
  
    }
            
  
  /*@ assert (i != j) ==> (y != 1) ;*/
  
  }`



2025-12-27 12:45:40,854 - DEBUG  - user_prompt_verification
2025-12-27 12:45:40,854 - DEBUG  - ### Role: ###
You are a helpful AI software assistant specializing in reasoning about code behavior. Your task is to analyze C programs and identify loop invariants that can be used to verify program properties using Frama-C.

### Task: ###
Given a C program with a loop, generate the necessary loop invariants in ACSL (ANSI/ISO C Specification Language) annotations. These invariants will help Frama-C verify the post-condition of the program.



Inputs:
- The pre-condition before the loop begins execution.
- A full C loop program with invariant annotations containing `PLACE_HOLDER` that need to be filled.

### Output: ###
Provide the complete C code with the loop invariant and other relevant ACSL annotations, where all placeholders are correctly filled in ```c ```.

### Rules: ###
- If you break any of these rules, my family will disown me.
- Do not modify any existing annotations or add new annotations. You are only allowed to replace the placeholders `PLACE_HOLDER` before loop.
- Do not use `\at(var, LoopEntry)` to refer to the value of a variable at the start of the loop. Instead, use the value specified in the pre-condition.
- Do not generate loop variant.
- Only use keywords and constructs supported in ACSL annotations for loops.
- Do not generate any natural language explanations after ACSL annotations.
- When `unknown()` used as the loop condition, the number of loop iterations can be any non-negative integer, and the invariant must hold for all cases.
- You are only allowed to fill `PLACE_HOLDER` for `loop invariant` and `loop assigns`, do not generate any `requires` or `ensures` or `loop variant`.

- Generate loop invariants with equality constraints as comprehensively as possible.
- Please first try to directly use the verification goal as the loop invariant at `PLACE_HOLDER_VERFICATION_GOAL`. Often, the verification goal (assertion) also holds throughout the loop; in that case, it can be used directly as the invariant.


Consider the following C loop:

Pre-condition: `(y == 1) * (j == 0) * (i == 0) * (x == \at(x,Pre))`

Loop program: `

void foo96(int x) {
    int i =0;
    int j =0;
    int y =1;
    
    
    
            
        /* >>> LOOP INVARIANT TO FILL <<< */
        
            /*@
          loop invariant (0 <= \at(x,Pre)) ==> (PLACE_HOLDER_VERFICATION_GOAL);
          loop invariant (0 <= \at(x,Pre)) ==> (PLACE_HOLDER_i) ;
          loop invariant (0 <= \at(x,Pre)) ==> (PLACE_HOLDER_j) ;
          loop invariant (!(0 <= \at(x,Pre))) ==> ((y == 1)&&(j == 0)&&(i == 0)&&(x == \at(x,Pre)));
          loop invariant y == 1;
          loop invariant x == \at(x,Pre);
            */
            while (i <= x) {
      
      i  = i + 1;
      j  = j + y;
  
    }
            
  
  /*@ assert (i != j) ==> (y != 1) ;*/
  
  }`



2025-12-27 12:45:53,230 - DEBUG  - invgen reasoning
2025-12-27 12:45:53,230 - DEBUG  - ### Output:
```c
void foo96(int x) {
    int i = 0;
    int j = 0;
    int y = 1;
    
    /*@
      loop invariant j == i * y;
      loop assigns i, j;
    */
    while (i <= x) {
        i = i + 1;
        j = j + y;
    }
  
    /*@ assert (i != j) ==> (y != 1); */
}
```

### Explanation of the Invariant:
1. **Invariant `j == i * y`**:
   - **Establishment**: At the start of the loop, `i = 0`, `j = 0`, and `y = 1`, so `0 == 0 * 1` holds.
   - **Preservation**: If `j == i * y` holds at the start of an iteration, then after `i = i + 1` and `j = j + y`, we have `j + y == (i + 1) * y`, which simplifies to `j == i * y` (since `j` was `i * y` before the update).
   - **Termination**: When the loop exits, `i = x + 1` and `j == (x + 1) * y`. The post-condition `(i != j) ==> (y != 1)` holds because if `y == 1`, then `i == j` (since `j == i * 1`).

2. **Loop Assigns `i, j`**:
   - The loop only modifies `i` and `j`, so we specify this in `loop assigns` to ensure no other variables are affected.
2025-12-27 12:46:10,161 - DEBUG  - invgen reasoning
2025-12-27 12:46:10,161 - DEBUG  - ```c
void foo96(int x) {
    int i = 0;
    int j = 0;
    int y = 1;
    
    /*@
      loop invariant (0 <= \at(x,Pre)) ==> (i <= x + 1 && j == i * y);
      loop invariant (0 <= \at(x,Pre)) ==> (j == i * y);
      loop invariant (!(0 <= \at(x,Pre))) ==> ((y == 1)&&(j == 0)&&(i == 0)&&(x == \at(x,Pre)));
      loop invariant y == 1;
      loop invariant x == \at(x,Pre);
      loop assigns i, j;
    */
    while (i <= x) {
        i = i + 1;
        j = j + y;
    }
  
    /*@ assert (i != j) ==> (y != 1); */
}
```

The invariants maintain:
1. When x ≥ 0: i progresses toward termination (i ≤ x+1) and j maintains linear relationship with i (j == i*y)
2. When x < 0: all variables remain at initial values
3. y remains constant at 1
4. x remains unchanged
5. Only i and j are modified by the loop

The post-condition follows from these invariants since when y == 1, the invariants ensure j == i, making the implication (i != j) ⇒ (y != 1) vacuously true when y == 1.
2025-12-27 12:46:24,202 - DEBUG  - invgen reasoning
2025-12-27 12:46:24,202 - DEBUG  - ```c
void foo96(int x) {
    int i = 0;
    int j = 0;
    int y = 1;
    
    /*@
      loop invariant (0 <= \at(x,Pre)) ==> ((i != j) ==> (y != 1));
      loop invariant (0 <= \at(x,Pre)) ==> (i <= x + 1);
      loop invariant (0 <= \at(x,Pre)) ==> (j == i * y);
      loop invariant (!(0 <= \at(x,Pre))) ==> ((y == 1)&&(j == 0)&&(i == 0)&&(x == \at(x,Pre)));
      loop invariant y == 1;
      loop invariant x == \at(x,Pre);
      loop assigns i, j;
    */
    while (i <= x) {
        i = i + 1;
        j = j + y;
    }
  
    /*@ assert (i != j) ==> (y != 1); */
}
```

Key points about the invariants:
1. The verification goal `(i != j) ==> (y != 1)` is used directly as an invariant when x ≥ 0
2. Additional invariants track:
   - Progress of i toward termination (`i <= x + 1`)
   - The linear relationship between i and j (`j == i * y`)
   - The negative x case preserving initial conditions
   - Constants y and x
3. The loop only modifies i and j (`loop assigns`)
4. All invariants are maintained through each iteration while preserving the post-condition
2025-12-27 12:46:24,203 - INFO  - candidated loop invariant
2025-12-27 12:46:24,203 - INFO  - 
void foo96(int x) {
    int i = 0;
    int j = 0;
    int y = 1;
    
    /*@
      loop invariant (0 <= \at(x,Pre)) ==> (i <= x + 1 && j == i * y);
      loop invariant (0 <= \at(x,Pre)) ==> (j == i * y);
      loop invariant (!(0 <= \at(x,Pre))) ==> ((y == 1)&&(j == 0)&&(i == 0)&&(x == \at(x,Pre)));
      loop invariant y == 1;
      loop invariant x == \at(x,Pre);
      loop assigns i, j;
    */
    while (i <= x) {
        i = i + 1;
        j = j + y;
    }
  
    /*@ assert (i != j) ==> (y != 1); */
}

2025-12-27 12:46:24,825 - INFO  - syntax Correct
2025-12-27 12:46:25,454 - INFO  - Validate:
2025-12-27 12:46:25,455 - INFO  - [True, True, True, True, True]
2025-12-27 12:46:25,455 - INFO  - 
2025-12-27 12:46:25,455 - INFO  - Verify:
2025-12-27 12:46:25,455 - INFO  - [True]
2025-12-27 12:46:25,455 - INFO  - 
2025-12-27 12:46:25,456 - INFO  - loop invariant annotated
2025-12-27 12:46:25,456 - INFO  - 
void foo96(int x) {
    int i = 0;
    int j = 0;
    int y = 1;
    
    /*@
      loop invariant (0 <= \at(x,Pre)) ==> (i <= x + 1 && j == i * y);
      loop invariant (0 <= \at(x,Pre)) ==> (j == i * y);
      loop invariant (!(0 <= \at(x,Pre))) ==> ((y == 1)&&(j == 0)&&(i == 0)&&(x == \at(x,Pre)));
      loop invariant y == 1;
      loop invariant x == \at(x,Pre);
      loop assigns i, j;
    */
    while (i <= x) {
        i = i + 1;
        j = j + y;
    }
  
    /*@ assert (i != j) ==> (y != 1); */
}

2025-12-27 12:46:26,683 - INFO  - ACSL format loop invariant
2025-12-27 12:46:26,683 - INFO  - /*@
      loop invariant (0 <= \at(x,Pre)) ==> (i <= x + 1 && j == i * y);
      loop invariant (0 <= \at(x,Pre)) ==> (j == i * y);
      loop invariant (!(0 <= \at(x,Pre))) ==> ((y == 1)&&(j == 0)&&(i == 0)&&(x == \at(x,Pre)));
      loop invariant y == 1;
      loop invariant x == \at(x,Pre);
      loop assigns i, j;
    */
    while (i <= x) {
        i = i + 1;
        j = j + y;
    }
2025-12-27 12:46:26,684 - INFO  - VST format loop invariant
2025-12-27 12:46:26,684 - INFO  - /*@ Inv
    ((0 <= x@pre) => (i <= x + 1 && j == i * y)) &&
((0 <= x@pre) => (j == i * y)) &&
((!(0 <= x@pre)) => ((y == 1)&&(j == 0)&&(i == 0)&&(x == x@pre))) &&
(y == 1) &&
(x == x@pre
      loop assigns i, j)
    */
    
    while (i <= x) {
        i = i + 1;
        j = j + y;
    }
2025-12-27 12:46:26,685 - INFO  - PARTIAL CORRECT INVARIANT
2025-12-27 12:46:26,685 - INFO  - continue symbolic execution
2025-12-27 12:46:26,685 - INFO  - 
void foo96(int x) {
    int i = 0;
    int j = 0;
    int y = 1;
    
    /*@
      loop invariant (0 <= \at(x,Pre)) ==> (i <= x + 1 && j == i * y);
      loop invariant (0 <= \at(x,Pre)) ==> (j == i * y);
      loop invariant (!(0 <= \at(x,Pre))) ==> ((y == 1)&&(j == 0)&&(i == 0)&&(x == \at(x,Pre)));
      loop invariant y == 1;
      loop invariant x == \at(x,Pre);
      loop assigns i, j;
    */
    while (i <= x) {
        i = i + 1;
        j = j + y;
    }
  
    /*@ assert (i != j) ==> (y != 1); */
}

2025-12-27 12:46:27,343 - INFO  - syntax Correct
2025-12-27 12:46:27,964 - INFO  - Validate:
2025-12-27 12:46:27,965 - INFO  - [True, True, True, True, True]
2025-12-27 12:46:27,965 - INFO  - 
2025-12-27 12:46:27,965 - INFO  - Verify:
2025-12-27 12:46:27,965 - INFO  - [True]
2025-12-27 12:46:27,966 - INFO  - 
2025-12-27 12:46:27,966 - INFO  - CORRECT INVARIANT
2025-12-27 12:46:29,190 - INFO  - ==================================================
2025-12-27 12:46:29,190 - INFO  - first_pass:
2025-12-27 12:46:29,190 - INFO  - syntax=1, valid=1,satisfy=1
2025-12-27 12:46:29,190 - INFO  - ==================================================
2025-12-27 12:46:29,191 - INFO  - foo96.c after loop invariant generation: 

void foo96(int x) {
    int i = 0;
    int j = 0;
    int y = 1;
    
    /*@
      loop invariant (0 <= \at(x,Pre)) ==> (i <= x + 1 && j == i * y);
      loop invariant (0 <= \at(x,Pre)) ==> (j == i * y);
      loop invariant (!(0 <= \at(x,Pre))) ==> ((y == 1)&&(j == 0)&&(i == 0)&&(x == \at(x,Pre)));
      loop invariant y == 1;
      loop invariant x == \at(x,Pre);
      loop assigns i, j;
    */
    while (i <= x) {
        i = i + 1;
        j = j + y;
    }
  
    /*@ assert (i != j) ==> (y != 1); */
}

2025-12-27 12:46:29,427 - INFO  - ==================================================
2025-12-27 12:46:29,435 - INFO  - ⏰ OVERALL EXECUTION TIME STATISTICS
2025-12-27 12:46:29,437 - INFO  - Total execution time: 94.49 seconds (1.57 minutes)
2025-12-27 12:46:29,437 - INFO  - ==================================================
2025-12-27 12:46:29,438 - INFO  - ==================================================
2025-12-27 12:46:29,439 - INFO  - 📊 TOKEN USAGE STATISTICS
2025-12-27 12:46:29,439 - INFO  - Total API calls: 8
2025-12-27 12:46:29,439 - INFO  - Total prompt tokens (input): 88,855
2025-12-27 12:46:29,439 - INFO  - Total completion tokens (output): 4,686
2025-12-27 12:46:29,440 - INFO  - Total tokens: 93,541
2025-12-27 12:46:29,462 - INFO  - Average prompt tokens per call: 11106.9
2025-12-27 12:46:29,463 - INFO  - Average completion tokens per call: 585.8
2025-12-27 12:46:29,464 - INFO  - Average total tokens per call: 11692.6
2025-12-27 12:46:29,464 - INFO  - ==================================================
