2025-12-27 13:38:16,495 - INFO  - 
🚀 Starting generation of function: foo95
2025-12-27 13:38:16,495 - INFO  - 
FUNCTION INITIALIZATION
2025-12-27 13:38:16,496 - INFO  - ==================================================

2025-12-27 13:38:17,032 - INFO  - Initial pending functions: ['foo95']
2025-12-27 13:38:17,032 - INFO  - 
GENERATE ANNOTATION FOR foo95
2025-12-27 13:38:17,032 - INFO  - ==================================================

2025-12-27 13:38:17,032 - INFO  - Function foo95 has been initialized
2025-12-27 13:38:17,074 - INFO  - Content of ACSL foo95.c file to be inserted into template: 


void foo95(int x) {
    int i =0;
    int j =0;
    int y =1;
    
    
    while (i <= x) {
      
      i  = i + 1;
      j  = j + y;
  
    }
  
  /*@ assert (y == 1) ==> (i == j) ;*/
  
  }
2025-12-27 13:38:17,075 - INFO  - Content of pre-annotated foo95.c file: 

    #include "../verification_stdlib.h"
    #include "../verification_list.h"
    #include "../int_array_def.h"

    /*@ Extern Coq (Result: Assertion) */
    /*@ Extern Coq (Results: Z -> Assertion) */

        

void foo95(int x) 

            /*@
            Require emp
            Ensure Results(__return)
            */
            {
    int i =0;
    int j =0;
    int y =1;
    
    
    while (i <= x) {
      
      i  = i + 1;
      j  = j + y;
  
    }
  
  
  
  }
2025-12-27 13:38:17,076 - INFO  - 
GENERATE LOOP INVARIANT FOR foo95
2025-12-27 13:38:17,076 - INFO  - ==================================================

2025-12-27 13:38:17,141 - INFO  - file_name: foo95
2025-12-27 13:38:17,233 - DEBUG  - INNER_FLAG: False
2025-12-27 13:38:17,234 - INFO  - Variable Maps:[{'y': '1', 'j': '0', 'i': '0', 'x': 'x@pre'}]
2025-12-27 13:38:17,234 - INFO  - Path conditions: [None]
2025-12-27 13:38:17,234 - INFO  - Pre condition: (y == 1) * (j == 0) * (i == 0) * (x == x@pre)
2025-12-27 13:38:17,235 - INFO  - Loop Condition: i <= x
2025-12-27 13:38:17,235 - INFO  - Array Names: []
2025-12-27 13:38:17,235 - INFO  - Updated Loop Conditions: ['0 <= x@pre']
2025-12-27 13:38:17,235 - INFO  - Global Unchanged Variables: ['y', 'x']
2025-12-27 13:38:17,236 - INFO  - Non Inductive Variables: []
2025-12-27 13:38:17,236 - INFO  - Unchanged Arrays (Read-only): []
2025-12-27 13:38:17,236 - INFO  - after assignments
2025-12-27 13:38:17,237 - INFO  - 
            
        /* >>> LOOP INVARIANT TO FILL <<< */
        
            /*@
            */
            while (i <= x) {
      
      i  = i + 1;
      j  = j + y;
  
    }
            
2025-12-27 13:38:55,469 - INFO  - think in natural language: ### Analysis of the Provided C Code Snippet

#### a. Loop Purpose and Structure
- **Purpose**: The loop increments `i` from `0` to `x` (inclusive) and accumulates the value of `y` into `j` in each iteration. The intended outcome is that `j` will be equal to `i` multiplied by `y` at the end of the loop, assuming `y` does not change during the loop.
- **Structure**:
  - **Governing Condition**: `while (i <= x)`
  - **Operations in Loop Body**:
    - `i = i + 1;` (increment `i` by 1)
    - `j = j + y;` (add `y` to `j`)
  - **Relevant Variables**: `i`, `j`, `y`, `x`

#### b. Sample and Analyze Variable Values
Assume `x = 5` and `y = 1` (as implied by the post-condition `(y == 1) ==> (i == j)`).

- **Pre-Loop Sampling**:
  - `i = 0`, `j = 0`, `y = 1`, `x = 5`

- **Post-Iteration Sampling**:
  1. After 1st iteration: `i = 1`, `j = 1`
  2. After 2nd iteration: `i = 2`, `j = 2`
  3. After 3rd iteration: `i = 3`, `j = 3`
  4. After 4th iteration: `i = 4`, `j = 4`
  5. After 5th iteration: `i = 5`, `j = 5`

- **Post-Loop Sampling**:
  - After loop termination: `i = 6`, `j = 6` (loop condition `i <= x` becomes false)

#### c. Verification Goal Analysis
- **Verification Goal (Post-condition)**: `(y == 1) ==> (i == j)`
- **Can the Verification Goal be an Invariant?**:
  - **NO**, because the verification goal is only true at termination (when `i` exceeds `x`). During the loop, `i` and `j` are always equal if `y == 1`, but the verification goal is not directly an invariant because it includes a conditional (`y == 1`).
- **Modified Invariant**:
  - A suitable invariant would be: `j == i * y`
    - **Establishment**: Before the loop starts, `i = 0`, `j = 0`, so `j == i * y` holds (`0 == 0 * y`).
    - **Preservation**: If `j == i * y` holds at the start of an iteration, then after `i = i + 1` and `j = j + y`, `j == (i + 1) * y` becomes `j + y == (i + 1) * y`, which simplifies to `j == i * y`.
    - **Termination**: When the loop terminates, `i == x + 1`, so `j == (x + 1) * y`. The post-condition `(y == 1) ==> (i == j)` holds because if `y == 1`, then `j == x + 1 == i`.

#### d. Loop Invariant Discussion
- **Proposed Invariant**: `j == i * y`
- **Validity**:
  - At the start of the loop (`i = 0`, `j = 0`), `0 == 0 * y` holds.
  - Assume `j == i * y` holds at the start of an iteration. After the iteration, `i` becomes `i + 1` and `j` becomes `j + y`. Thus, `j + y == (i + 1) * y`, which simplifies to `j == i * y`, preserving the invariant.
  - At termination, `i == x + 1`, so `j == (x + 1) * y`, which satisfies the post-condition when `y == 1`.

#### e. Establishment
- The invariant `j == i * y` is established before the loop starts because `i = 0` and `j = 0`, so `0 == 0 * y` holds regardless of `y`.

#### f. Preservation
- Assume `j == i * y` holds at the start of an iteration. After the iteration:
  - `i` becomes `i + 1`
  - `j` becomes `j + y`
  - The new state must satisfy `j + y == (i + 1) * y`, which simplifies to `j == i * y`, which is the same as the initial assumption. Thus, the invariant is preserved.

#### g. Termination Analysis
- The loop terminates when `i > x` (i.e., `i == x + 1`).
- At termination, the invariant `j == i * y` becomes `j == (x + 1) * y`.
- The post-condition `(y == 1) ==> (i == j)` holds because if `y == 1`, then `j == x + 1 == i`.

#### h. Post-condition Correctness
- **Post-condition**: `(y == 1) ==> (i == j)`
- **Correctness**: The post-condition is correct. At termination, `i == x + 1` and `j == (x + 1) * y`. If `y == 1`, then `j == i`. The invariant `j == i * y` and the termination condition `i == x + 1` ensure that the post-condition holds.

### Final Answer: Loop Invariant
The loop invariant is:
```c
/*@ loop invariant j == i * y; */
```
This invariant holds because:
1. It is true at the start of the loop (`i = 0`, `j = 0`).
2. It is preserved in each iteration (after `i = i + 1` and `j = j + y`, `j == i * y` still holds).
3. At termination, it ensures the post-condition `(y == 1) ==> (i == j)` is satisfied.
2025-12-27 13:38:55,470 - INFO  - after const
2025-12-27 13:38:55,470 - INFO  - 
            
        /* >>> LOOP INVARIANT TO FILL <<< */
        
            /*@
          loop invariant y == 1;
          loop invariant x == \at(x,Pre);
            */
            while (i <= x) {
      
      i  = i + 1;
      j  = j + y;
  
    }
            
2025-12-27 13:38:55,470 - INFO  - after not in
2025-12-27 13:38:55,470 - INFO  - 
            
        /* >>> LOOP INVARIANT TO FILL <<< */
        
            /*@
          loop invariant (!(0 <= \at(x,Pre))) ==> ((y == 1)&&(j == 0)&&(i == 0)&&(x == \at(x,Pre)));
          loop invariant y == 1;
          loop invariant x == \at(x,Pre);
            */
            while (i <= x) {
      
      i  = i + 1;
      j  = j + y;
  
    }
            
2025-12-27 13:38:55,471 - INFO  - after vars
2025-12-27 13:38:55,471 - INFO  - 
            
        /* >>> LOOP INVARIANT TO FILL <<< */
        
            /*@
          loop invariant (0 <= \at(x,Pre)) ==> (PLACE_HOLDER_i) ;
          loop invariant (0 <= \at(x,Pre)) ==> (PLACE_HOLDER_j) ;
          loop invariant (!(0 <= \at(x,Pre))) ==> ((y == 1)&&(j == 0)&&(i == 0)&&(x == \at(x,Pre)));
          loop invariant y == 1;
          loop invariant x == \at(x,Pre);
            */
            while (i <= x) {
      
      i  = i + 1;
      j  = j + y;
  
    }
            
2025-12-27 13:38:55,471 - INFO  - after verification goal
2025-12-27 13:38:55,471 - INFO  - 
            
        /* >>> LOOP INVARIANT TO FILL <<< */
        
            /*@
          loop invariant (0 <= \at(x,Pre)) ==> (PLACE_HOLDER_VERFICATION_GOAL);
          loop invariant (0 <= \at(x,Pre)) ==> (PLACE_HOLDER_i) ;
          loop invariant (0 <= \at(x,Pre)) ==> (PLACE_HOLDER_j) ;
          loop invariant (!(0 <= \at(x,Pre))) ==> ((y == 1)&&(j == 0)&&(i == 0)&&(x == \at(x,Pre)));
          loop invariant y == 1;
          loop invariant x == \at(x,Pre);
            */
            while (i <= x) {
      
      i  = i + 1;
      j  = j + y;
  
    }
            
2025-12-27 13:38:55,480 - INFO  - Content of loop template: 

void foo95(int x) {
    int i =0;
    int j =0;
    int y =1;
    
    
    
            
        /* >>> LOOP INVARIANT TO FILL <<< */
        
            /*@
          PLACE_HOLDER_LOOP
            */
            while (i <= x) {
      
      i  = i + 1;
      j  = j + y;
  
    }
            
  
  /*@ assert (y == 1) ==> (i == j) ;*/
  
  }
2025-12-27 13:38:55,486 - INFO  - Content of loop template: 

void foo95(int x) {
    int i =0;
    int j =0;
    int y =1;
    
    
    
            
        /* >>> LOOP INVARIANT TO FILL <<< */
        
            /*@
          loop invariant (0 <= \at(x,Pre)) ==> (PLACE_HOLDER_i) ;
          loop invariant (0 <= \at(x,Pre)) ==> (PLACE_HOLDER_j) ;
          loop invariant (!(0 <= \at(x,Pre))) ==> ((y == 1)&&(j == 0)&&(i == 0)&&(x == \at(x,Pre)));
          loop invariant y == 1;
          loop invariant x == \at(x,Pre);
            */
            while (i <= x) {
      
      i  = i + 1;
      j  = j + y;
  
    }
            
  
  /*@ assert (y == 1) ==> (i == j) ;*/
  
  }
2025-12-27 13:38:55,493 - INFO  - Content of loop template: 

void foo95(int x) {
    int i =0;
    int j =0;
    int y =1;
    
    
    
            
        /* >>> LOOP INVARIANT TO FILL <<< */
        
            /*@
          loop invariant (0 <= \at(x,Pre)) ==> (PLACE_HOLDER_VERFICATION_GOAL);
          loop invariant (0 <= \at(x,Pre)) ==> (PLACE_HOLDER_i) ;
          loop invariant (0 <= \at(x,Pre)) ==> (PLACE_HOLDER_j) ;
          loop invariant (!(0 <= \at(x,Pre))) ==> ((y == 1)&&(j == 0)&&(i == 0)&&(x == \at(x,Pre)));
          loop invariant y == 1;
          loop invariant x == \at(x,Pre);
            */
            while (i <= x) {
      
      i  = i + 1;
      j  = j + y;
  
    }
            
  
  /*@ assert (y == 1) ==> (i == j) ;*/
  
  }
2025-12-27 13:38:55,493 - DEBUG  - user_prompt_traival
2025-12-27 13:38:55,493 - DEBUG  - ### Role: ###
You are a helpful AI software assistant specializing in reasoning about code behavior. Your task is to analyze C programs and identify loop invariants that can be used to verify program properties using Frama-C.

### Task: ###
Given a C program with a loop, generate the necessary loop invariants in ACSL (ANSI/ISO C Specification Language) annotations. These invariants will help Frama-C verify the post-condition of the program.



Inputs:
- The pre-condition before the loop begins execution.
- A full C loop program with invariant annotations containing `PLACE_HOLDER` that need to be filled.

### Output: ###
Provide the complete C code with the loop invariant and other relevant ACSL annotations, where all placeholders are correctly filled in ```c ```.

### Rules: ###
- If you break any of these rules, my family will disown me.
- Do not modify any existing annotations or add new annotations. You are only allowed to replace the placeholders `PLACE_HOLDER` before loop.
- Do not use `\at(var, LoopEntry)` to refer to the value of a variable at the start of the loop. Instead, use the value specified in the pre-condition.
- Do not generate loop variant.
- Only use keywords and constructs supported in ACSL annotations for loops.
- Do not generate any natural language explanations after ACSL annotations.
- When `unknown()` used as the loop condition, the number of loop iterations can be any non-negative integer, and the invariant must hold for all cases.
- You are only allowed to fill `PLACE_HOLDER` for `loop invariant` and `loop assigns`, do not generate any `requires` or `ensures` or `loop variant`.





Consider the following C loop:

Pre-condition: `(y == 1) * (j == 0) * (i == 0) * (x == \at(x,Pre))`

Loop program: `

void foo95(int x) {
    int i =0;
    int j =0;
    int y =1;
    
    
    
            
        /* >>> LOOP INVARIANT TO FILL <<< */
        
            /*@
          PLACE_HOLDER_LOOP
            */
            while (i <= x) {
      
      i  = i + 1;
      j  = j + y;
  
    }
            
  
  /*@ assert (y == 1) ==> (i == j) ;*/
  
  }`



2025-12-27 13:38:55,493 - DEBUG  - user_prompt_template
2025-12-27 13:38:55,494 - DEBUG  - ### Role: ###
You are a helpful AI software assistant specializing in reasoning about code behavior. Your task is to analyze C programs and identify loop invariants that can be used to verify program properties using Frama-C.

### Task: ###
Given a C program with a loop, generate the necessary loop invariants in ACSL (ANSI/ISO C Specification Language) annotations. These invariants will help Frama-C verify the post-condition of the program.



Inputs:
- The pre-condition before the loop begins execution.
- A full C loop program with invariant annotations containing `PLACE_HOLDER` that need to be filled.

### Output: ###
Provide the complete C code with the loop invariant and other relevant ACSL annotations, where all placeholders are correctly filled in ```c ```.

### Rules: ###
- If you break any of these rules, my family will disown me.
- Do not modify any existing annotations or add new annotations. You are only allowed to replace the placeholders `PLACE_HOLDER` before loop.
- Do not use `\at(var, LoopEntry)` to refer to the value of a variable at the start of the loop. Instead, use the value specified in the pre-condition.
- Do not generate loop variant.
- Only use keywords and constructs supported in ACSL annotations for loops.
- Do not generate any natural language explanations after ACSL annotations.
- When `unknown()` used as the loop condition, the number of loop iterations can be any non-negative integer, and the invariant must hold for all cases.
- You are only allowed to fill `PLACE_HOLDER` for `loop invariant` and `loop assigns`, do not generate any `requires` or `ensures` or `loop variant`.

- Generate loop invariants with equality constraints as comprehensively as possible.



Consider the following C loop:

Pre-condition: `(y == 1) * (j == 0) * (i == 0) * (x == \at(x,Pre))`

Loop program: `

void foo95(int x) {
    int i =0;
    int j =0;
    int y =1;
    
    
    
            
        /* >>> LOOP INVARIANT TO FILL <<< */
        
            /*@
          loop invariant (0 <= \at(x,Pre)) ==> (PLACE_HOLDER_i) ;
          loop invariant (0 <= \at(x,Pre)) ==> (PLACE_HOLDER_j) ;
          loop invariant (!(0 <= \at(x,Pre))) ==> ((y == 1)&&(j == 0)&&(i == 0)&&(x == \at(x,Pre)));
          loop invariant y == 1;
          loop invariant x == \at(x,Pre);
            */
            while (i <= x) {
      
      i  = i + 1;
      j  = j + y;
  
    }
            
  
  /*@ assert (y == 1) ==> (i == j) ;*/
  
  }`



2025-12-27 13:38:55,494 - DEBUG  - user_prompt_verification
2025-12-27 13:38:55,494 - DEBUG  - ### Role: ###
You are a helpful AI software assistant specializing in reasoning about code behavior. Your task is to analyze C programs and identify loop invariants that can be used to verify program properties using Frama-C.

### Task: ###
Given a C program with a loop, generate the necessary loop invariants in ACSL (ANSI/ISO C Specification Language) annotations. These invariants will help Frama-C verify the post-condition of the program.



Inputs:
- The pre-condition before the loop begins execution.
- A full C loop program with invariant annotations containing `PLACE_HOLDER` that need to be filled.

### Output: ###
Provide the complete C code with the loop invariant and other relevant ACSL annotations, where all placeholders are correctly filled in ```c ```.

### Rules: ###
- If you break any of these rules, my family will disown me.
- Do not modify any existing annotations or add new annotations. You are only allowed to replace the placeholders `PLACE_HOLDER` before loop.
- Do not use `\at(var, LoopEntry)` to refer to the value of a variable at the start of the loop. Instead, use the value specified in the pre-condition.
- Do not generate loop variant.
- Only use keywords and constructs supported in ACSL annotations for loops.
- Do not generate any natural language explanations after ACSL annotations.
- When `unknown()` used as the loop condition, the number of loop iterations can be any non-negative integer, and the invariant must hold for all cases.
- You are only allowed to fill `PLACE_HOLDER` for `loop invariant` and `loop assigns`, do not generate any `requires` or `ensures` or `loop variant`.

- Generate loop invariants with equality constraints as comprehensively as possible.
- Please first try to directly use the verification goal as the loop invariant at `PLACE_HOLDER_VERFICATION_GOAL`. Often, the verification goal (assertion) also holds throughout the loop; in that case, it can be used directly as the invariant.


Consider the following C loop:

Pre-condition: `(y == 1) * (j == 0) * (i == 0) * (x == \at(x,Pre))`

Loop program: `

void foo95(int x) {
    int i =0;
    int j =0;
    int y =1;
    
    
    
            
        /* >>> LOOP INVARIANT TO FILL <<< */
        
            /*@
          loop invariant (0 <= \at(x,Pre)) ==> (PLACE_HOLDER_VERFICATION_GOAL);
          loop invariant (0 <= \at(x,Pre)) ==> (PLACE_HOLDER_i) ;
          loop invariant (0 <= \at(x,Pre)) ==> (PLACE_HOLDER_j) ;
          loop invariant (!(0 <= \at(x,Pre))) ==> ((y == 1)&&(j == 0)&&(i == 0)&&(x == \at(x,Pre)));
          loop invariant y == 1;
          loop invariant x == \at(x,Pre);
            */
            while (i <= x) {
      
      i  = i + 1;
      j  = j + y;
  
    }
            
  
  /*@ assert (y == 1) ==> (i == j) ;*/
  
  }`



2025-12-27 13:39:00,113 - DEBUG  - invgen reasoning
2025-12-27 13:39:00,114 - DEBUG  - ```c
void foo95(int x) {
    int i =0;
    int j =0;
    int y =1;
    
    /*@
      loop invariant j == i * y;
      loop assigns i, j;
    */
    while (i <= x) {
      i = i + 1;
      j = j + y;
    }
  
  /*@ assert (y == 1) ==> (i == j) ;*/
}
```
2025-12-27 13:39:12,414 - DEBUG  - invgen reasoning
2025-12-27 13:39:12,415 - DEBUG  - ```c
void foo95(int x) {
    int i =0;
    int j =0;
    int y =1;
    
    /*@
      loop invariant (0 <= \at(x,Pre)) ==> (i <= x + 1 && j == i * y);
      loop invariant (0 <= \at(x,Pre)) ==> (j == i * y);
      loop invariant (!(0 <= \at(x,Pre))) ==> ((y == 1)&&(j == 0)&&(i == 0)&&(x == \at(x,Pre)));
      loop invariant y == 1;
      loop invariant x == \at(x,Pre);
      loop assigns i, j;
    */
    while (i <= x) {
      i = i + 1;
      j = j + y;
    }
  
  /*@ assert (y == 1) ==> (i == j) ;*/
}
```

Key points about the invariants:
1. The first invariant ensures that when x is non-negative, i will never exceed x+1 and j maintains its relationship with i
2. The second invariant explicitly states the mathematical relationship j = i*y
3. The third invariant preserves the initial conditions when x is negative
4. The y and x invariants maintain their constant values throughout
5. The loop assigns clause specifies which variables are modified

All invariants are preserved through each iteration and satisfy the post-condition.
2025-12-27 13:39:24,049 - DEBUG  - invgen reasoning
2025-12-27 13:39:24,049 - DEBUG  - ```c
void foo95(int x) {
    int i =0;
    int j =0;
    int y =1;
    
    /*@
      loop invariant (0 <= \at(x,Pre)) ==> ((y == 1) ==> (i == j));
      loop invariant (0 <= \at(x,Pre)) ==> (i <= x + 1);
      loop invariant (0 <= \at(x,Pre)) ==> (j == i * y);
      loop invariant (!(0 <= \at(x,Pre))) ==> ((y == 1)&&(j == 0)&&(i == 0)&&(x == \at(x,Pre)));
      loop invariant y == 1;
      loop invariant x == \at(x,Pre);
      loop assigns i, j;
    */
    while (i <= x) {
      i = i + 1;
      j = j + y;
    }
  
  /*@ assert (y == 1) ==> (i == j) ;*/
}
```

Key points about the invariants:
1. The verification goal `(y == 1) ==> (i == j)` is used directly as the first invariant when x is non-negative
2. Additional invariants track the bounds of i and the mathematical relationship j = i*y
3. The case for negative x preserves all initial conditions
4. Constants y and x are maintained throughout
5. The loop assigns clause specifies which variables are modified

All invariants are preserved through each iteration and satisfy the post-condition. The verification goal works as an invariant because the relationship i == j holds throughout the loop when y == 1.
2025-12-27 13:39:24,049 - INFO  - candidated loop invariant
2025-12-27 13:39:24,050 - INFO  - 
void foo95(int x) {
    int i =0;
    int j =0;
    int y =1;
    
    /*@
      loop invariant (0 <= \at(x,Pre)) ==> (i <= x + 1 && j == i * y);
      loop invariant (0 <= \at(x,Pre)) ==> (j == i * y);
      loop invariant (!(0 <= \at(x,Pre))) ==> ((y == 1)&&(j == 0)&&(i == 0)&&(x == \at(x,Pre)));
      loop invariant y == 1;
      loop invariant x == \at(x,Pre);
      loop assigns i, j;
    */
    while (i <= x) {
      i = i + 1;
      j = j + y;
    }
  
  /*@ assert (y == 1) ==> (i == j) ;*/
}

2025-12-27 13:39:25,059 - INFO  - syntax Correct
2025-12-27 13:39:26,216 - INFO  - Validate:
2025-12-27 13:39:26,217 - INFO  - [True, True, True, True, True]
2025-12-27 13:39:26,217 - INFO  - 
2025-12-27 13:39:26,217 - INFO  - Verify:
2025-12-27 13:39:26,217 - INFO  - [True]
2025-12-27 13:39:26,217 - INFO  - 
2025-12-27 13:39:26,217 - INFO  - loop invariant annotated
2025-12-27 13:39:26,218 - INFO  - 
void foo95(int x) {
    int i =0;
    int j =0;
    int y =1;
    
    /*@
      loop invariant (0 <= \at(x,Pre)) ==> (i <= x + 1 && j == i * y);
      loop invariant (0 <= \at(x,Pre)) ==> (j == i * y);
      loop invariant (!(0 <= \at(x,Pre))) ==> ((y == 1)&&(j == 0)&&(i == 0)&&(x == \at(x,Pre)));
      loop invariant y == 1;
      loop invariant x == \at(x,Pre);
      loop assigns i, j;
    */
    while (i <= x) {
      i = i + 1;
      j = j + y;
    }
  
  /*@ assert (y == 1) ==> (i == j) ;*/
}

2025-12-27 13:39:28,373 - INFO  - ACSL format loop invariant
2025-12-27 13:39:28,373 - INFO  - /*@
      loop invariant (0 <= \at(x,Pre)) ==> (i <= x + 1 && j == i * y);
      loop invariant (0 <= \at(x,Pre)) ==> (j == i * y);
      loop invariant (!(0 <= \at(x,Pre))) ==> ((y == 1)&&(j == 0)&&(i == 0)&&(x == \at(x,Pre)));
      loop invariant y == 1;
      loop invariant x == \at(x,Pre);
      loop assigns i, j;
    */
    while (i <= x) {
      i = i + 1;
      j = j + y;
    }
2025-12-27 13:39:28,374 - INFO  - VST format loop invariant
2025-12-27 13:39:28,374 - INFO  - /*@ Inv
    ((0 <= x@pre) => (i <= x + 1 && j == i * y)) &&
((0 <= x@pre) => (j == i * y)) &&
((!(0 <= x@pre)) => ((y == 1)&&(j == 0)&&(i == 0)&&(x == x@pre))) &&
(y == 1) &&
(x == x@pre
      loop assigns i, j)
    */
    
    while (i <= x) {
      i = i + 1;
      j = j + y;
    }
2025-12-27 13:39:28,374 - INFO  - PARTIAL CORRECT INVARIANT
2025-12-27 13:39:28,375 - INFO  - continue symbolic execution
2025-12-27 13:39:28,375 - INFO  - 
void foo95(int x) {
    int i =0;
    int j =0;
    int y =1;
    
    /*@
      loop invariant (0 <= \at(x,Pre)) ==> (i <= x + 1 && j == i * y);
      loop invariant (0 <= \at(x,Pre)) ==> (j == i * y);
      loop invariant (!(0 <= \at(x,Pre))) ==> ((y == 1)&&(j == 0)&&(i == 0)&&(x == \at(x,Pre)));
      loop invariant y == 1;
      loop invariant x == \at(x,Pre);
      loop assigns i, j;
    */
    while (i <= x) {
      i = i + 1;
      j = j + y;
    }
  
  /*@ assert (y == 1) ==> (i == j) ;*/
}

2025-12-27 13:39:29,426 - INFO  - syntax Correct
2025-12-27 13:39:30,562 - INFO  - Validate:
2025-12-27 13:39:30,563 - INFO  - [True, True, True, True, True]
2025-12-27 13:39:30,563 - INFO  - 
2025-12-27 13:39:30,564 - INFO  - Verify:
2025-12-27 13:39:30,565 - INFO  - [True]
2025-12-27 13:39:30,565 - INFO  - 
2025-12-27 13:39:30,565 - INFO  - CORRECT INVARIANT
2025-12-27 13:39:32,736 - INFO  - ==================================================
2025-12-27 13:39:32,737 - INFO  - first_pass:
2025-12-27 13:39:32,737 - INFO  - syntax=1, valid=1,satisfy=1
2025-12-27 13:39:32,737 - INFO  - ==================================================
2025-12-27 13:39:32,737 - INFO  - foo95.c after loop invariant generation: 

void foo95(int x) {
    int i =0;
    int j =0;
    int y =1;
    
    /*@
      loop invariant (0 <= \at(x,Pre)) ==> (i <= x + 1 && j == i * y);
      loop invariant (0 <= \at(x,Pre)) ==> (j == i * y);
      loop invariant (!(0 <= \at(x,Pre))) ==> ((y == 1)&&(j == 0)&&(i == 0)&&(x == \at(x,Pre)));
      loop invariant y == 1;
      loop invariant x == \at(x,Pre);
      loop assigns i, j;
    */
    while (i <= x) {
      i = i + 1;
      j = j + y;
    }
  
  /*@ assert (y == 1) ==> (i == j) ;*/
}

2025-12-27 13:39:32,973 - INFO  - ==================================================
2025-12-27 13:39:32,978 - INFO  - ⏰ OVERALL EXECUTION TIME STATISTICS
2025-12-27 13:39:32,979 - INFO  - Total execution time: 76.48 seconds (1.27 minutes)
2025-12-27 13:39:32,979 - INFO  - ==================================================
2025-12-27 13:39:32,979 - INFO  - ==================================================
2025-12-27 13:39:32,979 - INFO  - 📊 TOKEN USAGE STATISTICS
2025-12-27 13:39:32,979 - INFO  - Total API calls: 8
2025-12-27 13:39:32,980 - INFO  - Total prompt tokens (input): 84,072
2025-12-27 13:39:32,980 - INFO  - Total completion tokens (output): 5,225
2025-12-27 13:39:32,980 - INFO  - Total tokens: 89,297
2025-12-27 13:39:32,980 - INFO  - Average prompt tokens per call: 10509.0
2025-12-27 13:39:32,980 - INFO  - Average completion tokens per call: 653.1
2025-12-27 13:39:32,980 - INFO  - Average total tokens per call: 11162.1
2025-12-27 13:39:32,980 - INFO  - ==================================================
